-0.0451737
0.123991
-0.0162576
-0.120612
0.189896
0.240546
-0.214191
0.141012
0.0824623
0.313794
-0.308771
-0.308889
-0.352596
-0.139694
0.0840213
0.133448
-0.386644
-0.177031
0.178004
0.0246806
-0.0937215
0.189628
-0.183482
-0.0551982
-0.00342281
-0.0119866
0.0978383
0.0876067
0.0440174
0.3115
0.253618
0.227436
0.18795
-0.289548
-0.206948
-0.0575344
0.0639333
0.152359
0.0981614
-0.118791
-0.200809
0.338408
-0.034247
-0.201118
-0.0708046
0.0139088
-0.29544
0.0836825
-0.239169
0.207484
0.295122
-0.250163
0.0589939
0.0198272
-0.0169499
0.0939149
0.16143
0.375419
0.25445
-0.159431
0.0638042
-0.324783
-0.104439
0.253313
-0.250929
0.00186997
-0.408699
-0.0924751
0.181654
-0.166706
-0.300064
-0.0213065
0.0436554
-0.0729029
-0.216564
-0.0948896
-0.129221
0.232002
-0.188154
-0.234467
-0.0405482
-0.0477421
-0.173676
0.085571
-0.097121
0.394859
-0.0436714
0.0967967
0.179174
-0.0504732
-0.0929427
-0.094865
-0.110902
0.197595
0.103028
-0.0203568
-0.0328934
-0.14766
0.00564104
0.128026
-0.145945
0.0256736
-0.138327
-0.211434
0.0283584
0.0137521
0.115122
0.145303
0.0623584
-0.114102
0.0240474
0.042407
0.104342
0.0146941
0.298714
-0.258552
-0.180709
0.0324579
-0.239771
0.183488
-0.0894915
-0.0338746
0.190596
0.0696934
-0.180577
-0.140793
-0.134996
-0.135183
0.281966
0.258853
0.190116
-0.207921
0.260806
-0.252454
0.0995606
-0.192868
0.0302507
-0.129265
0.197086
-0.164123
0.0410075
-0.00612735
-0.0385111
-0.0670823
-0.169843
-0.124158
0.0371717
-0.0951959
0.181444
0.0342553
-0.0963766
0.0767167
-0.0698261
-0.084252
-0.161206
-0.218129
0.151594
-0.0964289
0.325102
-0.452841
0.303799
-0.347223
-0.142156
0.111688
0.180913
-0.0675773
-0.0834288
-0.18857
0.0590118
0.132953
-0.0634195
-0.130953
-0.370587
-0.263082
0.0740948
0.0536179
0.303673
-0.076275
0.139422
-0.154697
0.169085
-0.0885269
0.0737058
-0.140959
0.131347
-0.0495759
0.084381
0.0321335
0.318869
-0.0385961
-0.336091
-0.317913
-0.461206
0.067087
0.017792
-0.113447
-0.0529007
0.12892
0.0583011
0.145176
-0.11685
0.163966
-0.273594
0.188648
-0.0290056
0.17029
0.0110985
-0.0108132
-0.338251
0.0559773
0.0261061
0.221944
-0.142728
0.186886
-0.148984
-0.185179
-0.168019
0.15465
-0.310374
0.0804156
-0.00728585
0.35496
0.000175998
-0.236215
-0.128957
0.143034
0.00823437
0.022894
0.00306632
-0.0398014
0.135516
-0.0163005
0.0888077
-0.129576
-0.103118
0.0662637
-0.311286
0.199441
0.0362984
-0.371564
-0.318304
-0.111296
0.0889416
0.0445142
0.0462617
0.273132
0.243366
0.0562281
-0.0113557
-0.0780626
-0.156877
0.149311
-0.0221454
-0.0545038
-0.0253214
-0.0392058
0.153161
0.233532
-0.066673
0.105794
-0.00923011
0.0528095
-0.0591346
-0.0393287
0.0193692
-0.105209
-0.0203812
0.10434
-0.193343
-0.142678
0.217622
0.37782
0.115296
0.0234803
0.089568
0.0633771
0.202395
0.13019
0.14075
-0.231402
0.296551
-0.312213
-0.21003
0.149264
0.0715339
-0.0698195
0.00246664
0.0395795
-0.078348
0.283705
-0.166465
0.264147
0.251814
-0.156978
0.142786
-0.0135142
-0.355737
-0.123008
-0.192104
0.345363
0.200549
0.322959
0.117459
0.0199957
-0.12738
-0.175095
0.0195674
-0.0907464
0.0692474
0.0819714
-0.131591
0.246055
-0.00276516
0.1502
0.146958
-0.14894
-0.0852548
0.0661412
-0.0197814
0.105103
-0.00554054
-0.101583
0.263123
0.215846
-0.104282
-0.314927
0.310968
0.385861
-0.0958408
-0.167308
0.0648643
0.188902
0.0856549
-0.399521
0.0775447
0.144064
0.43514
-0.155495
0.21739
0.371817
-0.136843
-0.0862348
0.218912
0.294473
-0.0719124
-0.194554
0.043087
0.260278
-0.00731323
0.0573383
-0.053381
-0.14306
-0.179186
-0.069205
-0.0491584
0.186546
0.0591879
-0.0927904
0.267211
-0.0904601
-0.0839052
-0.141676
0.108818
-0.0131853
0.141928
0.169781
-0.185895
0.015509
0.0318347
0.0754066
0.13799
-0.234512
-0.0714126
-0.210302
-0.116134
0.218152
-0.0954253
-0.0914063
0.0912646
-0.193723
-0.279801
-0.0787164
0.158014
0.0815536
0.110084
0.0429806
-0.0153836
0.0606842
0.241992
0.266988
-0.105552
0.0156409
0.214289
-0.00769479
0.178056
-0.207335
0.260491
-0.0987489
0.17225
-0.153395
-0.138996
-0.49402
0.0423925
0.339602
-0.0538228
0.508907
0.111363
0.0746573
-0.146052
0.195561
-0.0927218
-0.164321
-0.0515716
-0.0226967
0.096566
-0.0140194
-0.310543
0.108044
0.0887876
-0.140835
0.163818
0.275961
-0.289868
0.197013
0.0675402
-0.14844
-0.337285
0.130271
-0.194785
-0.153936
-0.0738563
-0.0831722
-0.108901
-0.347169
0.270635
0.109294
-0.00565562
-0.0806143
-0.250432
0.182147
-0.111908
-0.00549819
-0.106951
-0.118351
0.0416132
-0.585804
-0.109536
0.168479
-0.183778
0.261476
0.282014
0.0984663
-0.192458
-0.0728355
-0.142458
0.0324848
0.277008
-0.170567
-0.00251786
0.0695571
-0.0656439
-0.268638
-0.101501
-0.110111
-0.189198
0.140438
0.147523
-0.125511
0.128927
0.111775
-0.160184
0.358494
-0.0604073
0.19283
-0.153652
-0.0955391
-0.0803386
0.101869
-0.00143047
0.016663
-0.368951
0.183689
-0.256816
-0.230432
0.151104
-0.0770956
-0.0807802
0.0432743
0.0683615
-0.02528
0.0276464
0.0303148
0.194868
-0.119179
-0.0446244
-0.319825
0.12603
-0.126474
0.0169404
0.192585
0.25442
-0.0220316
0.188061
-0.240633
-0.040232
-0.147294
0.173236
-0.0872484
-0.0427078
0.433854
-0.120192
-0.0317038
-0.0130709
0.0769903
0.0900002
0.229509
-0.23842
0.0410672
0.000720007
-0.180532
0.04871
0.137048
0.0195525
-0.0289576
-0.126444
-0.112592
-0.336348
0.0420464
-0.15467
0.0261127
-0.0798104
0.296422
-0.0720308
-0.0538576
0.165506
0.145988
0.0868654
0.145202
-0.260391
0.0590418
-0.0652135
0.11075
0.0257096
-0.219939
-0.0579968
0.300845
0.28918
0.0116927
0.161691
0.0167861
-0.0044009
0.21915
-0.0084951
-0.0995521
0.137035
-0.217311
-0.041631
-0.186465
0.0248397
-0.277298
0.229941
0.100483
-0.135148
-0.188548
0.0602559
0.0606643
-0.00593212
0.238576
-0.0571822
0.104282
0.0234985
-0.0915896
0.0132964
-0.0276686
-0.0536577
-0.222124
-0.106261
-0.234884
0.0386998
-0.0710912
0.137501
0.223132
-0.126686
0.1457
-0.140002
-0.209748
-0.0150501
0.298069
0.0308337
0.050814
0.262439
0.282209
0.345804
0.0377024
0.0356912
0.0311485
-0.179625
0.204957
0.282689
-0.189594
-0.0757759
-0.19541
-0.022168
0.232586
0.296806
-0.156525
0.096239
0.0456726
-0.0737261
0.236804
-0.0529732
-0.00195739
0.221322
-0.102009
0.0198993
-0.00782154
0.0367826
-0.0529418
0.152042
0.143476
-0.0473604
0.214946
-0.274724
-0.302139
-0.0336082
-0.11219
-0.189978
-0.180163
0.0959067
-0.0994954
0.0827436
-0.0563042
-0.140895
-0.107144
-0.00545899
-0.346191
-0.144562
0.0515973
-0.242071
-0.363807
0.323856
-0.0523193
-0.0848389
-0.00985451
-0.0169257
0.362591
-0.0872401
0.0457946
-0.407411
0.0904807
-0.0532192
0.0519468
-0.0213154
0.165749
-0.111712
0.270336
0.213498
0.101734
-0.122293
0.239606
0.182401
-0.125364
0.153527
0.0414105
0.00442178
-0.0478802
-0.290662
0.00478102
-0.143566
-0.0476179
-0.00219809
-0.154495
0.0562577
0.209587
-0.116113
-0.157646
-0.118011
-0.113137
-0.045015
-0.26968
0.0192245
0.0155022
0.12498
0.296522
0.140347
0.0835876
-0.0769787
-0.1978
-0.25857
-0.0510504
0.12682
0.043585
0.000492374
-0.263682
0.0145462
0.297477
-0.223367
0.0732456
0.119128
0.133189
-0.252997
-0.0368806
0.138058
0.0189165
0.337504
-0.13048
-0.234132
-0.0368981
-0.0916777
0.357785
-0.286101
-0.419119
0.0625493
-0.15505
0.110139
-0.054422
-0.152487
-0.0793514
0.17809
0.0599337
0.120923
0.0845272
-0.0838409
0.123431
0.0352468
-0.0550127
0.0438891
-0.000232339
0.240216
-0.11852
0.0271774
-0.0577241
0.0191196
-0.173091
-0.0200259
0.121953
0.00933976
0.283003
-0.107631
-0.205319
0.0945942
0.0520851
-0.0412362
0.156123
-0.0382145
0.180906
0.106385
0.2984
0.0642821
0.0278562
0.0515823
-0.144421
-0.122402
-0.0819138
-0.0465047
-0.149684
-0.448353
-0.11232
-0.25541
-0.131966
-0.02597
-0.132597
-0.313348
0.40602
-0.0931768
-0.0799931
0.00520441
-0.0222221
0.113839
0.0751612
-0.105727
-0.00362369
-0.0792693
-0.127321
0.118858
-0.185422
0.0826174
0.251077
-0.357634
-0.0848547
0.24772
0.0314807
0.267986
0.284302
-0.0605986
0.0742761
0.0291656
-0.0438596
-0.0948155
0.17502
-0.00334926
0.164339
-0.265579
0.0430442
-0.270933
0.247091
0.167082
-0.0239224
-0.033588
-0.148997
0.271971
0.185343
0.0197765
0.284001
0.0446141
0.0801933
-0.282729
-0.00650277
0.0990461
-0.288047
-0.106781
0.150579
0.176312
-0.0846411
-0.109415
-0.0557979
0.132094
0.149616
0.118534
0.210311
-0.0007968
-0.12517
0.261075
-0.13463
-0.00393363
-0.0598972
-0.107855
0.322224
-0.0711321
-0.0733801
-0.0450745
-0.0824063
-0.0939793
-0.0118227
0.391546
-0.0753354
-0.333798
0.103823
0.0760026
0.00342875
-0.00829168
-0.0906361
0.0383111
-0.139953
-0.26188
-0.148693
0.0660606
-0.00764092
-0.353984
-0.050645
0.0974994
-0.0113894
0.1824
-0.299239
-0.27435
0.0141401
-0.119915
0.143134
-0.189461
0.342747
-0.0994697
-0.106637
-0.00214324
-0.0285926
-0.0919026
0.0190431
0.120192
0.182709
-0.0989906
-0.0675281
-0.153286
-0.0563953
-0.0464875
0.0048949
-0.110922
0.213755
0.267258
-0.0343183
-0.329069
-0.384125
-0.15338
-0.0671576
0.0564599
0.131531
-0.11622
-0.00854023
-0.170215
0.47587
0.197743
0.204036
-0.126986
-0.132047
-0.12332
0.0520733
0.364812
-0.16994
0.202848
0.0100793
-0.0367981
-0.293884
-0.183073
-0.157731
-0.124997
0.122532
-0.235288
0.0782336
0.0171169
0.0283141
0.046378
-0.215959
0.327747
0.00305895
0.0156972
0.0710362
-0.039821
-0.0900389
-0.0228771
-0.1125
-0.0410574
0.341941
0.00475135
-0.213497
-0.0897959
-0.0565331
0.0761939
-0.0234169
0.0282329
0.195021
-0.0158146
-0.19213
0.0101175
-0.15795
-0.479444
-0.0238901
0.00371782
0.403563
0.0734369
-0.0548344
-0.121293
0.145857
-0.230117
0.175163
-0.211902
0.112703
-0.0337272
0.195696
0.275624
0.22921
-0.156146
0.371973
0.00460378
0.0769179
0.171966
0.158212
0.31578
0.101571
-0.329375
-0.088373
-0.47176
0.0842379
-0.325305
0.190511
-0.0404836
0.484922
-0.0470287
0.273825
0.0458035
-0.349345
0.0613869
-0.119168
0.0476121
-0.156832
0.313821
0.0357127
-0.0746319
0.0182805
-0.0311404
-0.346771
0.153399
-0.0417915
0.0929072
-0.20908
-0.284667
0.0611761
0.288553
0.00795751
-0.21972
-0.356472
0.338481
-0.205795
0.275857
0.164998
-0.0775616
0.0990306
0.028706
-0.0275338
-0.0819093
-0.164259
-0.169508
0.168645
-0.306987
-0.148061
0.113282
0.103881
-0.223837
0.218655
0.186317
0.355936
0.300639
-0.133903
-0.338283
-0.0286821
0.103642
0.212239
-0.111216
-0.133894
-0.233972
-0.308856
-0.0351223
-0.213242
-0.271041
0.0735108
-0.103043
0.0200888
0.0247737
-0.146268
0.257767
0.340612
-0.0275879
0.217025
0.113368
-0.0372013
-0.00878585
0.23512
-0.148317
0.012223
-0.0502449
-0.0437689
0.178232
-0.102708
0.284068
0.0971813
0.121722
-0.417966
0.123117
-0.238783
0.0415313
0.175297
-0.0536273
0.0470139
-0.0223151
0.402145
-0.149586
-0.191666
-0.0515544
-0.0280641
0.134401
-0.0857641
-0.13085
-0.0756573
-0.114967
-0.00388315
0.260997
-0.0374248
-0.0594971
-0.0264638
0.261219
-0.0843057
-0.196865
-0.0973301
-0.0963706
-0.15271
0.150548
0.0372635
-0.211389
0.279531
0.234691
0.156364
-0.079677
0.261785
0.128336
0.133806
0.101237
-0.00205431
0.00635034
-0.0280135
-0.00477706
-0.000626934
0.115112
0.0748668
-0.0556124
-0.118237
0.00959711
-0.274486
-0.170063
0.0401266
-0.041134
0.18641
-0.192616
-0.219643
-0.0678563
0.114794
-0.073713
-0.142032
0.0439719
0.153647
-0.357126
-0.027513
-0.179638
0.0206399
-0.0673064
-0.00412678
0.0477934
0.0929411
-0.11453
-0.160153
0.274485
0.204886
0.0676466
-0.0932992
0.104682
-0.0875074
0.0272449
0.0519161
0.284961
-0.0395546
-0.132583
-0.0858454
-0.105854
-0.18668
-0.0937699
-0.206728
-0.096262
-0.0275275
0.0197392
-0.253048
0.0147064
0.110885
-0.311714
0.108606
-0.0257385
-0.102607
-0.0408219
-0.142275
-0.0637945
-0.0542858
0.0319748
-0.138795
0.221526
0.051213
-0.0241966
0.184261
0.0203876
0.308365
-0.102216
-0.0111768
-0.247266
-0.130921
0.0530742
-0.0253145
-0.0297148
0.211736
0.184562
-0.0245701
-0.204074
0.259108
0.098603
0.421127
-0.0338182
0.12419
0.234508
0.230358
-0.0341837
-0.135551
0.0654442
-0.121149
-0.240401
0.0875315
0.0201341
0.0344158
-0.129596
0.0222212
-0.0471504
-0.14902
0.273196
-0.0324639
0.480279
0.164113
0.185674
0.127104
-0.0844278
0.195776
-0.28033
0.150053
-0.002241
-0.13018
-0.118367
-0.0967149
-0.0382872
-0.267776
0.327646
0.261754
-0.152784
-0.0587017
0.164302
0.234301
0.00270983
-0.25248
0.0194017
0.0503394
-0.0891142
-0.157142
-0.115411
-0.053795
-0.169816
0.367653
0.0339551
-0.112253
-0.265349
0.00795143
0.0454043
0.0901181
-0.133624
-9.58307e-05
0.110395
0.159375
0.0848767
0.167953
0.122927
-0.280801
-0.233837
-0.0991662
0.063303
-0.118037
-0.0465235
0.0243215
0.0165755
-0.170018
0.0888825
0.325432
0.154906
-0.237625
0.0643599
-0.121789
-0.0166608
-0.134824
0.429926
-0.132639
0.0370674
-0.174241
0.477955
-0.239175
-0.179494
-0.0172911
0.246149
0.0203251
0.138785
0.0329488
-0.0268265
0.0625621
0.234512
0.150615
-0.258202
-0.0276401
-0.0670978
-0.0487083
-0.0480537
-0.0301612
-0.191266
-0.0353652
-0.0330923
-0.328325
0.257667
0.165269
0.136675
-0.104597
0.142733
-0.120596
0.0990034
0.0220002
0.00849074
-0.183045
-0.0974295
-0.141612
0.165966
-0.00954935
0.0591386
0.0991434
0.246793
-0.0592668
-0.298598
-0.0214602
-0.117793
0.127895
-0.118869
0.0300985
0.0698927
-0.141708
0.00983169
0.0202498
0.257694
0.0386855
0.00500213
0.271024
0.162276
-0.204194
-0.244397
-0.0701816
0.0444652
-0.013293
-0.193824
-0.126126
-0.0187629
0.0865945
-0.285447
-0.0132668
0.245127
-0.4317
0.0417378
-0.0604201
-0.347739
0.0585511
0.210541
-0.13231
0.0111054
-0.248218
-0.211544
-0.307352
0.0582937
0.302059
0.0798968
-0.127073
0.0924305
0.155057
0.186331
-0.0405573
-0.0824898
0.183933
-0.0776876
-0.181195
-0.423487
0.126173
-0.27982
0.101052
-0.025778
0.134685
0.231343
-0.103127
-0.246091
-0.285589
-0.0698482
-0.28007
-0.0117923
-0.055949
0.0940673
-0.280465
-0.036328
0.234278
0.183042
-0.224558
-0.107704
0.0307162
0.0492518
-0.0713809
-0.303687
-0.215715
-0.141345
0.136368
0.282166
-0.0928662
-0.139095
-0.0372274
-0.415911
-0.0246866
0.253788
-0.0584762
0.0709151
0.109777
0.156222
-0.112386
0.109594
-0.20654
-0.191491
-0.377567
-0.176449
0.0711594
-0.0279786
0.156565
0.0238055
-0.00885112
0.11145
0.0750742
0.0268414
-0.086912
0.103287
0.268307
-0.0829444
0.0200883
0.0611143
0.179119
-0.235441
-0.221195
-0.16829
-0.147093
0.0668459
0.157245
-0.0714804
-0.183688
-0.245597
-0.0571259
-0.0473745
-0.054361
-0.0565669
0.0752448
-0.0412774
0.116487
-0.0874668
-0.122387
0.0744881
-0.299837
0.33222
-0.137572
-0.137997
0.157915
-0.0569023
-0.120319
0.0993832
0.0142171
-0.176238
0.202525
-0.0512904
0.0739698
0.076354
0.0729698
-0.124863
-0.0584724
-0.0999918
0.238402
-0.021512
-0.180728
0.302374
0.191536
-0.0603971
-0.232093
0.205149
-0.0991779
0.010127
0.207843
-0.0150234
-0.100283
0.0210556
0.0971408
0.270957
0.069217
-0.0327288
-0.297226
-0.14357
-0.277443
-0.252926
0.121525
0.219848
-0.225473
0.168445
-0.0192707
0.0550375
0.0341471
-0.0541043
0.280673
0.296234
0.0790584
0.18845
0.0905737
0.346016
0.182625
-0.0208943
0.104585
0.0841376
-0.172698
0.093123
-0.11377
0.404477
0.0211432
-0.251993
0.148183
0.0509536
0.0761614
-0.175858
0.212188
0.280318
0.102696
0.190044
0.354933
-0.183652
-0.435021
-0.0868513
0.103522
0.342648
0.145322
-0.20165
-0.367786
-0.171338
-0.214746
0.0646901
0.096218
0.00622343
-0.147
0.0763964
0.202045
-0.00397638
0.138644
-0.000905135
0.173125
-0.226324
0.159152
0.00481861
-0.384883
-0.308603
-0.181973
-0.203594
0.00283497
-0.0676699
0.0911231
0.0843268
0.214564
-0.174884
-0.159016
0.211773
-0.116817
0.0929434
0.0635481
-0.118638
0.0101477
-0.0659534
0.396202
0.23737
0.0681301
-0.203612
0.166191
0.110738
0.044198
-0.0637551
0.184572
-0.327283
-0.0357385
-0.140957
-0.406446
0.0669569
-0.0812685
-0.213844
0.177369
0.0698092
0.0985188
-0.303729
-0.21657
-0.0170366
0.125623
-0.242997
0.0255309
0.281006
-0.217082
0.0877739
0.0155801
-0.0569459
-0.0292355
-0.025739
-0.316186
0.153184
-0.0116604
0.0885777
0.231244
-0.195575
0.0230065
-0.107896
0.27147
-0.173629
-0.238527
0.107766
-0.133302
0.0238282
-0.0793408
0.0899647
-0.335875
-0.24107
-0.0761678
-0.102697
0.272461
0.290537
-0.00600855
0.0868909
0.116398
-0.253306
0.253836
-0.160554
-0.0330644
0.107507
0.109527
0.0224364
-0.254286
0.00853956
-0.141529
0.101309
0.00918298
-0.395854
-0.163457
-0.153633
0.205755
0.21347
-0.051571
-0.0102655
-0.0827575
-0.104674
0.0315896
-0.161904
-0.308858
-0.136279
0.0741027
0.0930969
-0.257064
-0.130129
0.0160756
0.0872407
0.302489
0.316082
-5.43168e-05
-0.107718
-0.144707
-0.0575408
0.0322626
0.486196
0.123719
0.0731283
-0.195859
-0.185502
-0.115652
0.292012
-0.170552
-0.0840386
-0.189012
-0.341528
-0.0966324
-0.0155206
-0.126409
-0.0334411
-0.0772622
0.0875869
-0.0108136
0.109637
0.15223
-0.0160825
0.112946
0.104953
0.0284322
0.200205
-0.179204
0.211906
-0.114125
-0.133769
-0.0529563
-0.035558
-0.248025
0.345738
-0.171664
-0.0146024
-0.269715
0.174177
-0.00821683
-0.0930478
0.0751951
0.286723
0.0169328
-0.090439
0.065917
-0.00857192
0.125558
0.139291
0.267462
0.183864
0.0423407
0.143469
0.165732
-0.00258635
0.0835063
0.227132
0.0343753
-0.13065
-0.202547
-0.0862429
-0.0624165
0.097374
-0.257639
-0.0659451
-0.394786
0.0969054
-0.0456484
0.28965
0.215782
0.0577586
-0.257533
0.177623
0.0393046
-0.0257576
0.18462
-0.0499201
0.0165099
0.0986306
-0.0166672
-0.109629
0.18455
0.125334
0.189596
-0.356466
-0.161864
0.130452
0.321276
0.176823
-0.0985551
0.0911026
0.155544
-0.256401
-0.261075
0.0732259
-0.0147443
0.000814479
0.0105963
0.0924163
-0.289144
-0.0204348
0.0182671
0.136451
0.0787731
-0.178971
-0.0673523
-0.122445
-0.184003
0.0286706
0.17091
-0.179106
0.144708
-0.173695
-0.0671189
-0.314865
0.118189
-0.143523
-0.0888629
-0.00499245
-0.00518023
0.237907
-0.0376816
-0.175465
-0.00954538
-0.179414
-0.113712
0.218103
-0.20675
-0.135177
0.108809
-0.144524
0.0256666
-0.0882844
-0.12946
0.138195
-0.0552686
-0.0409374
0.0835031
-0.0527628
-0.0349276
0.0958797
-0.327407
0.209221
0.168158
-0.0138807
-0.022738
0.216115
0.0461578
-0.119627
0.045289
0.172444
0.0217335
-0.172692
-0.0324105
-0.217112
-0.0867618
-0.247083
0.0896671
-0.0393818
-0.11177
-0.0202956
0.217099
-0.00116865
0.0730866
0.0334162
0.00052251
-0.0374567
0.0749619
-0.130699
0.12982
-0.172803
-0.234398
-0.104937
0.0158857
0.214572
0.189343
0.165656
0.103998
-0.163505
-0.0653599
0.0758056
0.0198022
-0.0440311
0.167159
-0.163875
0.48209
0.248293
-0.235276
-0.106285
0.111918
-0.0874739
-0.151158
0.0121389
-0.20098
0.224918
0.0931095
0.128101
-0.489568
0.265166
0.0232969
-0.132654
-0.0342405
-0.0248248
-0.125211
-0.325692
0.353657
-0.00632421
0.272167
0.154019
-0.333858
0.034081
0.0356893
0.138755
-0.363444
-0.194084
0.041724
-0.0146577
0.107841
0.272692
0.0253362
-0.106288
-0.249638
-0.204063
0.0428433
0.0236074
0.19455
-0.0646353
-0.135521
0.0390393
0.1379
0.0754787
-0.269406
0.391927
-0.01776
-0.233219
-0.0686331
-0.399556
-0.10307
-0.241914
-0.0920327
-0.331238
-0.0747938
-0.248634
0.0265052
0.246934
-0.0682754
0.108871
0.171987
0.187325
-0.0850573
-0.111792
0.0990497
-0.209894
0.0240933
0.014747
-0.274061
-0.484464
-0.147423
0.338863
0.125419
0.0506116
-0.0671967
0.0416608
-0.0054794
-0.120761
-0.00432572
-0.114779
0.293052
0.122749
0.380045
-0.135138
0.0551138
-0.043372
0.264689
-0.228052
-0.179896
-0.213021
-0.140311
-0.0727109
-0.0773854
-0.161396
0.0613136
0.104945
-0.483735
0.185855
0.0153142
-0.0477478
-0.246364
-0.0161284
-0.0632564
-0.221921
-0.16323
-0.122231
-0.145364
-0.133972
0.0930629
-0.174295
0.127847
0.228793
-0.170471
0.107772
-0.25437
-0.00700938
0.17688
0.109197
0.125912
-0.125849
-0.268757
-0.10024
0.261443
0.000420166
0.132489
-0.174693
-0.128898
0.183122
-0.00863049
0.193182
0.171616
-0.116782
-0.0272366
0.16341
-0.271848
0.0432638
0.0376493
-0.0509973
0.0112428
0.043551
0.364803
-0.353974
0.0627937
0.143836
0.118554
0.0694819
0.410946
0.00239796
-0.0400846
-0.234292
-0.211193
-0.051724
0.171499
0.418268
-0.154939
-0.150451
-0.0902385
0.0364157
0.218202
-0.170136
0.232613
-0.332052
0.134121
-0.257221
0.0623362
-0.0385354
0.0861503
-0.163299
-0.0032107
0.0470151
-0.145298
-0.247028
-0.0447926
0.114473
-0.289404
0.143542
-0.198882
-0.0749388
0.162542
0.121704
0.303201
-0.238674
-0.00442631
-0.152587
0.0555773
-0.179039
-0.121795
-0.140186
0.0592369
0.0579844
0.191204
0.106778
-0.427141
0.158539
0.199346
0.0889092
-0.105988
0.228602
0.203563
0.248389
0.0493345
0.201906
-0.213749
-0.140753
0.0382437
-0.331475
0.14847
0.171859
0.0350077
0.0411053
-0.171518
0.0314602
-0.265547
-0.0519172
-0.104363
-0.342247
-0.195763
0.258913
0.143658
-0.0711834
-0.304905
-0.0645829
-0.0374363
0.0424289
0.287767
0.0306846
-0.0521301
-0.0435307
0.0170076
0.0239993
0.144181
-0.25392
-0.26464
0.241605
-0.0126677
0.0348079
-0.0197708
-0.0853178
0.0623937
0.189164
0.239028
0.158964
-0.243625
0.060431
-0.0685434
0.00204534
0.124463
-0.106193
0.262883
-0.27877
-0.195877
0.18995
0.0400396
0.0373624
0.0554892
0.0317867
-0.0408152
-0.154134
-0.0218398
0.0495918
-0.0851859
-0.173487
0.0758006
-0.0267686
-0.202075
0.10626
0.361522
0.00212122
-0.191068
0.0407326
-0.13875
-0.163962
-0.0652274
0.123004
-0.104598
-0.13926
0.203506
-0.17006
0.0570769
0.0554673
0.145529
0.0105085
0.0508796
0.117003
-0.601385
-0.0619542
0.0230205
-0.304962
-0.10172
0.196133
0.27859
-0.125948
-0.0598113
-0.116129
0.0345121
0.132624
-0.145207
0.0845372
0.111282
-0.00247637
-0.00997097
0.220284
0.102005
0.234015
0.0197484
0.210415
0.0787464
-0.0601661
0.0762939
-0.11413
-0.129705
-0.453861
-0.0245554
-0.12476
-0.0300627
-0.175092
0.086294
0.0860979
0.16917
0.200557
-0.100666
0.0112047
0.13556
-0.126278
0.156172
-0.0590394
0.0577352
-0.209584
0.187674
-0.123804
-0.185023
0.170791
-0.188955
0.144551
-0.0811085
-0.138151
-0.12025
0.0504468
0.0479864
-0.444321
-0.340113
0.0474325
0.0928629
0.538315
0.292416
-0.0039358
0.00475044
-0.220398
-0.0681973
0.287835
-0.24613
0.0237206
0.293035
-0.243481
-0.0264476
0.122399
0.135475
0.045659
-0.0513394
-0.117436
-0.0422916
0.00743328
-0.0733176
-0.154595
-0.261961
0.134779
-0.153403
-0.0420494
0.190639
0.268203
-0.182153
-0.0317454
-0.101421
-0.208357
-0.238107
-0.0996726
0.196522
-0.0775736
0.0478958
-0.016457
-0.0467359
-0.0744406
0.00181602
-0.0789088
0.365369
0.00960359
0.161405
0.112818
0.439173
-0.00437192
0.138033
-0.0979942
0.156167
0.238769
0.219675
-0.0493236
-0.200497
-0.0187851
0.0839702
-0.0472345
0.0271705
-0.0645085
-0.045783
0.0613835
-0.126748
-0.280382
-0.11326
0.0325268
0.0880474
0.0589453
-0.0711506
0.187832
0.223369
0.2244
-0.0798041
-0.0090705
-0.19883
0.151133
0.205606
-0.364156
0.0295414
0.157979
-0.171935
0.312122
-0.173311
-0.391064
0.584566
-0.16748
0.131342
0.0691889
0.302301
0.136223
-0.066911
0.190783
0.0455262
0.125947
-0.273091
0.0174785
0.0318537
0.229392
0.0694301
0.134771
0.0363342
0.151347
0.409161
-0.476835
0.0725793
-0.174875
-0.0484354
-0.456683
-0.0340369
-0.327515
-0.00365181
-0.139435
-0.33056
-0.0702522
0.267213
0.0160894
0.0148825
0.0316386
0.0544647
0.0378828
0.112676
-0.141501
-0.270462
-0.163342
0.233131
-0.203018
-0.142535
0.152252
0.442048
0.00654064
0.285045
-0.0681051
-0.0543999
0.0624167
0.188196
-0.114424
0.0935669
0.00516932
-0.104815
-0.0627395
-0.0615151
-0.0808295
-0.156619
0.236623
-0.19957
-0.0276983
-0.0532453
-0.0815879
-0.0408953
-0.385942
-0.262836
-0.080957
-0.0589753
0.16164
0.109319
0.029123
0.289329
-0.0392331
-0.239499
-0.0727027
0.0927752
0.168306
0.112501
-0.319048
-0.311753
-0.103543
-0.0570707
-0.0362911
0.0415227
-0.2134
0.108321
0.0590674
-0.107678
0.000490024
0.268514
-0.0918007
-0.222094
0.131104
0.323137
0.182011
0.101996
-0.0563396
0.149363
-0.0571692
-0.21496
-0.0860897
0.0536666
-0.245717
0.0184707
-0.157179
0.212609
0.0591804
-0.309827
-0.0682502
0.151979
0.0459755
-0.183404
0.0207048
0.0443968
0.231215
-0.271066
0.0294242
0.0219544
0.165781
-0.00354514
0.188149
0.0879493
0.205149
-0.117923
-0.256124
-0.156201
0.378221
0.0748278
0.143176
0.28753
-0.127508
0.0328804
0.148907
-0.00715769
0.170315
-0.139893
0.232466
-0.0632871
0.0444419
0.211184
-0.238411
-0.139804
0.261452
-0.166502
-0.016235
-0.057355
-0.118505
-0.0105976
0.114834
-0.222931
-0.391106
0.00211333
0.22218
0.20475
0.0702857
-0.0480496
-0.0904225
-0.0212436
-0.29297
-0.0513665
-0.0420497
-0.162504
0.00925716
0.2119
0.17746
0.0482772
0.23335
-0.124286
0.0892089
0.0209344
0.305181
0.0443566
-0.218113
-0.0579659
0.238264
-0.0322436
0.0405139
-0.203129
-0.0518573
0.0909589
-0.223378
-0.0942134
0.140947
0.0616121
-0.0517871
-0.0519544
0.314346
-0.161814
0.0278989
0.0834089
0.0100559
0.195529
-0.309053
0.0748284
0.0171705
-0.0506119
0.33943
-0.13904
-0.0806046
-0.092638
-0.0562111
-0.292611
0.0404727
-0.285935
-0.161433
0.101255
0.192511
-0.191205
0.170445
-0.0217638
0.190385
-0.202738
-0.0822922
0.0333832
0.0402493
0.105451
-0.101181
-0.195075
0.211202
-0.0362385
0.361916
-0.151176
0.0787308
0.250907
-0.0623255
0.179444
0.170248
-0.21041
0.444328
0.290796
-0.132634
0.0410496
-0.112035
-0.0273904
-0.13359
-0.142055
-0.258046
0.147106
-0.0764412
-0.275879
0.216765
-0.164227
0.134875
0.2285
-0.0607522
0.0311416
0.138446
0.081994
0.159841
-0.113156
0.00561193
-0.0848109
-0.133819
-0.0214633
0.12572
0.296554
0.0383903
0.216529
-0.271023
-0.142898
0.171796
0.0363749
-0.150478
0.0181736
-0.0314491
0.00305953
0.00716471
0.0741469
0.205857
-0.166596
0.226873
-0.0232586
0.112307
0.22826
-0.205753
-0.175248
0.310206
0.125497
-0.211744
-0.355268
0.0887596
-0.0549543
0.0861404
0.11414
-0.237106
-0.117996
-0.0649835
0.167252
-0.0605422
0.586235
-0.0659037
-0.515955
-0.224197
-0.114749
-0.334854
-0.25635
0.268746
-0.209938
-0.0971432
0.0405019
-0.202404
0.0594792
-0.0742618
0.0513717
-0.076801
-0.0982072
0.0741326
0.209166
-0.154466
-0.046859
-0.0360428
0.03949
-0.169484
0.165568
-0.0806969
0.0164518
0.187583
0.0896424
-0.0585102
0.205784
-0.284566
-0.106179
-0.0956195
-0.153355
0.0853129
-0.100941
-0.0153421
-0.112295
0.00524714
-0.28012
-0.122053
0.0800704
-0.0476959
-0.321381
0.210065
0.192029
0.0966677
-0.0989341
0.0630995
0.189805
0.0469368
0.160121
-0.224905
0.192119
0.0800181
0.252873
-0.0621617
-0.105605
-0.0912183
0.130063
-0.00295985
-0.212638
-0.0582835
0.0624956
0.00796124
0.280767
0.0677591
-0.0434687
0.0171072
-0.103178
-0.256132
-0.186105
-0.0245258
-0.128805
-0.0172547
-0.0620644
-0.111108
-0.176414
0.129303
-0.101737
0.143139
-0.180419
-0.030479
0.0379465
-0.0553676
-0.0804714
0.0353336
0.0357524
-0.00922203
-0.105911
0.096833
-0.296698
0.121874
0.0456524
0.152007
-0.17044
0.167451
0.100082
0.445274
0.0502796
-0.0771468
-0.0535863
-0.0215072
-0.234743
-0.146517
0.145096
-0.211956
0.0570573
-0.0101401
-0.0554848
-0.0631689
0.215237
-0.0293693
-0.18114
0.207477
-0.343683
-0.0244224
0.11114
-0.121932
-0.0170141
0.132793
-0.0169806
0.281099
-0.287164
0.289174
0.0652818
0.0127281
-0.162962
0.0560341
0.218814
-0.111027
0.00152682
-0.00164726
-0.23991
0.215222
-0.168962
-0.168586
0.169616
0.0127563
-0.0639035
-0.21652
0.0537089
0.191948
-0.0457168
0.263456
0.247271
0.202211
0.146671
-0.224834
0.229238
0.0686348
-0.0737475
0.240918
-0.129894
0.218017
-0.107896
-0.0776135
-0.0206432
-0.0986776
-0.0285559
-0.00817143
0.0986211
0.185762
-0.479162
0.286968
0.103621
0.152314
0.177349
0.316571
0.0639331
-0.067396
-0.209613
0.363493
-0.0928603
0.0680402
0.0174614
-0.322127
-0.0485808
-0.0818976
-0.0562518
0.0690744
-0.461247
0.0884478
0.0214201
-0.106876
-0.0186177
0.0712632
-0.0875565
0.0358645
-0.0672067
-0.164684
0.0897835
0.0160673
0.0159453
0.0679287
-0.253884
0.0967968
-0.0850147
-0.351149
0.175803
-0.137245
0.0629893
0.0612508
0.0915071
0.201209
-0.451389
0.435788
-0.247741
0.394889
-0.226857
-0.0409448
-0.0508002
0.110877
0.205669
-0.0203719
-0.335301
-0.147247
0.029002
0.0245635
0.0205656
0.159511
-0.05627
-0.0962419
0.102312
-0.0196819
-0.160575
-0.0970115
0.0094747
-0.0696526
0.0718321
0.245223
-0.139416
-0.0403264
-0.0819587
-0.138655
-0.0923434
-0.0465919
0.159546
0.221851
-0.0880959
-0.0109194
0.117136
-0.0606981
-0.127408
-0.113624
0.197972
0.11407
-0.535658
-0.00678157
-0.0102768
-0.0675772
-0.225557
0.0298203
-0.0459545
0.0555091
-0.205159
0.127525
0.28912
0.0532652
0.0891897
-0.14365
0.199388
0.015951
0.0615847
-0.224191
0.0362161
-0.0191977
-0.109387
-0.0429317
-0.25362
-0.119592
0.204964
-0.0112321
-0.137702
-0.0567085
-0.204564
0.0979587
0.105488
-0.042369
-0.116857
0.225575
0.320452
0.0184974
0.147275
-0.0343603
0.228893
0.0868966
0.197146
-0.283706
-0.00216334
-0.108944
0.0750848
-0.0629495
0.0222346
-0.214966
0.0891852
-0.265199
-0.031638
0.0257421
0.0894429
-0.268992
0.0692686
-0.466113
0.21927
-0.157299
-0.0147518
-0.0586467
-0.0615847
-0.0697228
-0.20109
0.05806
-0.371375
0.271833
-0.309477
0.115982
-0.163179
-0.257084
-0.152467
-0.120288
-0.322792
0.184695
-0.121649
0.163112
-0.143122
-0.256378
-0.503458
-0.191391
-0.0569962
0.0772626
-0.0240987
-0.324542
-0.0308824
0.0680786
0.0026647
0.368577
0.163912
0.211578
-0.0833998
0.227183
-0.192225
0.2027
-0.23738
0.0690106
0.160597
0.0451102
-0.220021
-0.0226457
-0.0191463
-0.126378
0.151374
-0.0748167
-0.184196
0.106963
0.0714692
-0.00509175
-0.131415
0.198185
-0.410196
0.500818
0.0204257
0.261391
-0.17122
0.137897
-0.242498
-0.0426534
-0.0717418
0.0562059
0.0731964
0.272654
0.0428332
0.014293
-0.156306
0.424664
-0.194116
0.234737
0.00889288
-0.216137
0.0124267
0.0596725
-0.178411
0.0281185
0.156949
0.129045
0.0520497
-0.17581
-0.157483
-0.174439
-0.0673533
-0.240776
-0.125927
0.195345
-0.0525464
-0.025743
0.202628
-0.36164
-0.24914
-0.0288837
-0.164535
-0.0191325
-0.203009
-0.142526
0.098789
0.0644032
0.370324
-0.203234
0.145294
-0.179346
0.0398347
0.0820031
0.0633741
0.220169
-0.259778
-0.130952
0.0449462
-0.13299
-0.0712605
-0.139351
0.221121
-0.202384
-0.0547494
-0.305122
-0.153736
-0.0172757
-0.166384
0.184379
0.18606
0.100344
0.481631
0.076292
-0.227434
-0.0649522
-0.0619668
0.150563
-0.0267799
-0.0952588
0.114055
-0.0785372
0.226991
-0.116743
-0.37059
0.0463375
0.00807151
-0.12122
-0.187704
0.191792
-0.126536
0.188286
0.0977312
0.0460652
-0.141535
-0.111262
-0.0120252
0.238398
-0.0973807
-0.106413
-0.176081
0.0737492
-0.175499
-0.205736
-0.310098
-0.178898
-0.0302937
-0.156006
0.0435863
-0.259183
0.27057
0.129731
-0.0629538
-0.0851395
-0.0371333
-0.270741
0.0370723
0.174986
-0.147677
-0.164359
0.0940946
0.129054
-0.165758
0.0519866
-0.182284
-0.0480764
-0.197488
-0.0122179
-0.243079
0.173066
0.0652046
0.0216822
0.359317
-0.0675521
-0.0961136
-0.113395
0.079884
-0.0402991
-0.197992
0.00451821
-0.18579
-0.109671
0.19854
0.00937888
0.237293
-0.207307
-0.0333099
-0.0176485
-0.0389146
-0.207358
-0.044385
0.0804871
-0.371739
0.294855
0.0516035
-0.0191373
-0.188803
0.0742314
-0.296352
0.319819
-0.135601
0.0852941
-0.126136
-0.101157
0.354327
0.0594933
-0.387694
0.331166
0.0357274
-0.0685191
0.140238
-0.0604505
0.162764
0.433907
-0.196231
-0.0712012
-0.102152
0.0557819
-0.224231
-0.093809
0.016721
0.0203652
0.354527
0.0268427
0.0161103
0.0512528
-0.0420169
-0.212982
-0.170136
0.022586
-0.120379
0.051146
-0.412451
-0.0938119
-0.213635
-0.0605053
0.254769
0.218446
0.151351
-0.286768
-0.00330235
0.0982989
-0.108828
0.0183491
-0.303566
-0.218979
0.164285
-0.0488684
-0.0217085
0.165266
0.142679
-0.291282
0.035625
0.0130763
-0.00545489
0.392284
-0.0343029
0.201739
0.0054095
-0.217836
0.140379
-0.0242688
0.139265
0.254467
-0.269086
0.377892
-0.314151
0.0956656
-0.0818091
0.108146
-0.0135875
0.110949
0.193701
-0.0294075
-0.122341
0.0535185
-0.226387
0.14314
0.165733
0.00884054
0.198
0.0377781
-0.308944
0.0936429
0.352058
-0.20573
-0.394246
0.170889
-0.0603176
0.122331
-0.028564
-0.165692
-0.166954
0.0482518
-0.138402
0.137675
-0.00765859
-0.0954643
-0.0639284
0.0634898
0.293947
-0.119853
-0.115542
-0.252385
0.0988249
0.210624
-0.191905
-0.102401
-0.103457
-0.366567
0.348279
-0.125336
-0.241356
0.415296
0.0109963
0.0749871
0.102068
0.354158
0.225741
0.258043
-0.225241
-0.167774
0.448177
0.0749084
-0.374794
0.12496
0.0410146
-0.189508
0.0465023
-0.137775
-0.361624
0.297392
0.0898506
0.0563019
-0.0268283
0.280009
0.0137617
-0.145324
-0.566306
0.0866867
0.223784
0.116723
-0.231595
0.04299
0.141485
-0.0759373
0.115019
0.0549793
-0.186215
-0.0236422
-0.0803124
-0.0613417
-0.38761
0.285484
0.184561
-0.0261488
0.195282
0.164444
-0.00525332
-0.130273
0.231329
0.0938267
0.167191
0.0164237
-0.159017
0.083177
-0.0249186
-0.106972
0.0888104
0.0543755
-0.232852
0.170405
0.243332
-0.0843302
-0.366712
-0.237939
-0.198516
-0.143197
-0.203668
-0.0985051
-0.00628832
-0.014316
-0.228083
0.0392828
0.178671
-0.211964
-0.238949
-0.11106
0.0661146
-0.0800012
-0.146646
-0.339893
0.0406551
0.143419
-0.028022
0.176464
-0.0725188
-0.0899154
-0.159116
-0.120479
0.0639444
-0.171971
0.0109423
-0.0870825
0.0199832
-0.333841
0.16796
0.0792084
0.0385406
-0.174342
-0.0471379
-0.102634
0.109231
-0.0779576
0.134683
-0.0934817
0.0816903
0.0120777
0.016495
0.116371
0.0339784
0.105588
-0.168872
-0.446122
-0.217634
0.0637194
0.177559
-0.103567
-0.0779951
-0.150806
-0.191399
0.0607677
0.0622331
0.34766
-0.175526
0.191308
-0.280135
-0.132769
0.388777
0.284841
0.159573
-0.251931
-0.0627642
-0.205592
0.0224139
-0.0152298
-0.0265398
0.189643
-0.0712339
0.0912464
-0.04382
0.0336678
0.186488
0.11406
0.197773
0.190926
0.00124686
-0.0796923
-0.144051
-0.0632319
-0.267097
-0.305575
-0.216812
-0.15395
-0.234984
0.153753
-0.0266787
0.0830374
0.254234
-0.134958
-0.401386
0.197404
0.41035
-0.200399
0.194539
-0.036726
-0.152077
-0.0817238
-0.258489
0.0942688
-0.113345
0.0955508
0.0786034
0.0686279
0.265671
-0.252966
-0.125104
0.269356
0.0152471
0.18207
0.241293
0.0910184
0.295772
0.0179714
0.210581
0.00418033
-0.160202
-0.0123516
0.234773
0.0948518
0.213231
0.205371
-0.0198312
0.169194
-0.443798
0.125413
0.341256
0.217574
-0.0419653
-0.0825566
0.15392
-0.143584
0.0324448
-0.283865
0.268882
-0.117259
-0.125736
-0.0842412
-0.204485
0.118274
-0.160892
-0.0260997
-0.267724
0.122989
0.358494
0.0406588
-0.0596843
-0.0493138
-0.0602605
0.330338
0.0460139
-0.212068
-0.279693
0.260078
-0.101183
0.219315
-0.154498
-0.100396
0.00768186
-0.145633
-0.160025
0.410917
-0.195413
-0.119749
-0.117012
0.208476
0.0561378
-0.199103
-0.100513
-0.13055
-0.0296074
0.263962
-0.0637791
0.443278
0.0590242
0.342793
0.000524907
-0.137837
0.127839
-0.287179
-0.0198784
-0.0786675
0.060196
-0.434551
0.174677
-0.113346
-0.0145613
-0.0818896
-0.175903
-0.0737781
0.180904
-0.426321
0.0712752
0.162885
0.117163
0.0358324
-0.140118
0.107143
0.333183
0.314975
-0.0433893
0.266243
-0.0933672
0.0972057
-0.0268333
-0.0477377
0.407235
0.424568
0.2325
0.00258554
0.357462
0.109801
0.145117
0.140017
-0.183424
0.0308664
-0.489326
0.188271
0.02255
-0.368913
-0.0781819
-0.00369503
0.0532477
0.42848
0.064481
0.108476
0.077931
-0.0220456
0.057469
0.184535
-0.0552887
-0.292809
-0.397119
0.445822
-0.276111
-0.00254883
0.171266
0.222476
0.0312087
0.0603468
0.0837318
-0.0354012
0.118217
-0.159746
0.134284
0.11562
0.0637001
0.0573303
0.105245
-0.0932337
-0.179817
0.149908
-0.15881
0.134924
0.164327
-0.355907
-0.160227
-0.207094
0.0362925
0.0405739
-0.0135996
0.489037
-0.213974
-0.156994
-0.206482
0.084558
0.194586
0.0727005
0.481309
-0.0374409
-0.135985
-0.115727
0.0271504
0.567346
-0.0664473
0.0276518
0.100796
0.127589
0.16285
0.270689
0.139821
0.068035
0.0288098
-0.0081086
0.15804
0.145701
-0.177834
-0.00351618
0.319999
-0.422518
0.103393
-0.19733
0.260357
-0.334553
-0.128032
0.0943323
0.248113
0.0851606
0.150779
0.0262815
0.215379
-0.0252858
0.0466229
0.176818
0.0375505
0.0507282
0.00211029
-0.169412
-0.0139742
0.127435
-0.0810518
-0.276008
0.202342
-0.107125
-0.267954
-0.297227
0.255575
0.141407
-0.344045
0.118082
-0.0655228
-0.285244
0.235933
-0.115487
-0.0937051
0.256427
0.1362
-0.143076
-0.158094
0.0793781
0.111263
0.359019
-0.0268032
-0.20683
0.351611
0.139047
0.351775
-0.289409
0.0995382
0.0845454
0.0931648
-0.103892
-0.129301
-0.179765
0.0846989
0.138446
0.171634
0.170704
-0.162016
0.123339
0.144691
-0.113805
-0.196117
0.150366
0.233192
-0.00836286
-0.0913956
-0.0697597
-0.0629432
-0.0554725
-0.132984
0.113906
-0.0746414
0.0112202
0.00933182
0.103477
-0.0058109
-0.133097
0.0378468
0.352943
-0.235512
-0.0712042
0.272695
0.00277572
0.311984
-0.207521
0.112489
-0.0951162
-0.0759541
-0.0985367
0.180301
0.00498065
0.107164
-0.261226
-0.000329712
-0.22468
-0.0064027
0.194451
-0.0518924
-0.228646
-0.062738
-0.317627
0.0613606
-0.147615
0.179711
-0.0318018
-0.272243
0.236453
-0.160284
0.0773693
-0.0868231
0.187897
0.0546506
-0.246609
-0.039795
0.219696
0.058667
-0.588099
-0.0578633
-0.055572
-0.147777
-0.0244882
-0.225495
-0.0540331
0.0881472
0.105704
0.0215947
0.293406
0.0893667
-0.0435798
-0.112848
0.207331
0.0544911
-0.00764728
0.138492
-0.523521
-0.0170346
0.132873
0.133932
0.111224
-0.0725193
0.107689
-0.111072
-0.143158
-0.235082
-0.0978216
-0.057587
-0.0746959
0.145779
0.00188104
-0.0638187
0.121998
0.179204
0.0282154
-0.274692
-0.429717
0.133779
-0.0718393
-0.0627318
-0.0362647
0.00435358
0.167968
0.130648
0.106765
0.0159361
0.0387254
0.0278263
0.194238
0.24396
-0.0438277
-0.232805
0.03308
0.0831704
0.0414942
-0.390362
0.241003
-0.0592373
0.132393
-0.168135
-0.0640278
-0.0911033
0.0999112
-0.0789446
0.11826
0.0565156
-0.185315
-0.234864
0.0115654
-0.102016
-0.141791
0.0767232
-0.260762
0.244818
0.223041
0.220424
0.178595
0.061912
0.0752825
0.0140477
0.182238
-0.0209562
-0.0708977
-0.273464
-0.226
-0.02408
-0.351397
0.188175
-0.058714
-0.0126474
-0.0637185
-0.0918758
0.238974
-0.0533875
0.131336
0.0943174
-0.138712
0.275269
-0.216588
-0.0910424
0.310815
-0.258878
0.128038
-0.101947
-0.125766
-0.131943
-0.014942
-0.13169
0.134192
0.0106746
-0.0122888
-0.0262879
-0.144385
-0.0762989
0.332988
0.0740572
0.120873
-0.00312863
-0.194849
0.0102962
0.438042
-0.315309
-0.0529645
0.0972454
-0.477479
-0.152234
0.0661365
-0.128909
-0.111469
-0.322001
0.0250843
0.137154
0.113723
-0.170618
-0.106257
0.131786
0.0176473
0.313877
-0.0723536
-0.0646961
-0.107296
0.0804614
-0.103622
-0.211552
-0.0746396
0.160366
0.47282
-0.117774
0.148011
-0.159606
-0.0241807
-0.0586099
0.0494867
-0.0858384
-0.103393
-0.259297
0.114739
0.42625
0.317942
0.102835
-0.0665253
0.133661
0.0362497
0.164371
0.0772727
-0.0446391
0.0180693
0.105272
0.170322
0.229951
0.168732
0.0244548
-0.278777
-0.0470347
-0.210577
0.0499945
-0.17152
-0.00996762
0.31637
0.188422
-0.361707
-0.161622
-0.269427
0.106544
-0.0695251
-0.0752035
-0.07549
-0.229697
-0.332905
0.218541
0.18823
-0.158101
0.127408
0.0675858
-0.230484
-0.0907786
0.182783
-0.23543
-0.0266823
-0.205348
0.118696
-0.0361992
-0.216599
0.101162
0.127749
-0.24587
-0.281936
0.135299
-0.233169
-0.149485
-0.061712
-0.0673169
-0.0944453
-0.0106755
-0.21134
-0.0368101
0.150706
0.0952472
0.232234
-0.0525902
-0.178413
0.135125
0.144192
0.223009
-0.0590605
0.0840358
-0.0630561
-0.125342
0.06236
-0.133593
0.09527
0.0210418
0.0583033
-0.0293768
-0.119636
0.00633214
0.296399
0.299619
-0.105858
-0.2165
-0.4802
0.217136
0.104371
-0.0109965
-0.131789
-0.0487622
-0.0824597
0.0797283
-0.347498
0.19169
0.0805026
-0.0436902
-0.127735
-0.0802606
0.0385219
0.310868
0.271186
-0.159745
-0.263795
-0.0361933
-0.0089671
-0.160296
-0.0914301
-0.130603
-0.273695
-0.153988
-0.192685
-0.370961
-0.0236733
0.494436
0.0165735
-0.0679753
-0.103009
0.148843
-0.0243994
0.197424
0.13895
0.142507
-0.188084
0.0274286
0.133795
0.0996731
0.326377
0.0611479
-0.11185
0.0307604
0.397446
-0.0451891
-0.000141965
0.00194525
-0.112758
0.282417
-0.0702779
0.306416
0.307577
0.0315412
0.0851329
-0.0884105
-0.110712
-0.00860538
-0.189075
0.235988
-0.126478
0.15778
-0.0347806
0.160777
0.111719
0.225397
-0.0145104
-0.283473
-0.113817
-0.122305
-0.00531509
-0.263178
-0.13051
-0.083168
0.104343
-0.0822068
0.0371266
-0.0284358
-0.162496
-0.0166414
-0.0546181
0.211357
-0.131902
-0.189385
-0.342918
-0.0567364
0.199929
0.141679
0.0374992
0.27456
0.192948
-0.101995
-0.134164
0.0951289
-0.166549
-0.159258
0.116635
0.051207
0.147237
-0.112399
-0.0180716
-0.0457631
0.0548734
0.00542208
-0.523263
0.13299
-0.0549646
0.035771
0.0153831
0.0904283
-0.181959
-0.0274468
0.170697
0.0178623
-0.110256
0.184311
-0.0760518
-0.132882
-0.198436
-0.330475
-0.0415249
0.0435913
-0.202212
0.0229642
-0.416726
0.0201873
0.0998569
0.0363488
0.0210493
0.00204327
-0.11926
0.203045
0.0825601
-0.110055
-0.00894089
-0.0721698
0.10194
-2.00168e-05
-0.248376
-0.00636094
0.195951
0.0882616
0.495286
-0.0227804
0.0268057
0.156227
0.272968
-0.258165
-0.211023
0.1083
-0.545723
-0.36758
0.274999
-0.196627
0.0573887
-0.15984
0.0235306
0.088363
0.219649
-0.0149755
-0.128079
-0.103711
0.0817809
-0.168991
-0.313899
0.0991928
0.361635
0.121042
-0.165545
-0.0812249
-0.089666
-0.167077
0.0309125
-0.0225947
0.0174147
0.117924
0.160277
0.0689256
0.200652
0.0167344
0.0621219
0.106932
0.047733
0.124081
0.114709
-0.0283433
-0.166571
-0.249144
-0.0248804
-0.139578
-0.149125
0.0565967
0.0834083
0.0137497
0.210257
-0.040981
-0.195395
0.0104129
-0.281408
-0.0819042
-0.14008
-0.142398
-0.159834
-0.446903
0.267977
0.31733
-0.304779
-0.0235854
0.086541
0.0994886
0.0013615
-0.106701
0.22786
-0.250404
0.294388
-0.0245593
0.0111277
0.0909329
-0.32746
-0.180272
0.162031
0.152852
0.1559
-0.00977859
-0.0919354
0.030986
0.240423
0.0679281
-0.0211787
-0.308776
0.102278
0.246307
0.105241
0.354082
0.0233675
-0.0658139
0.119413
0.032608
0.0176247
0.0116192
0.0580183
0.0572192
0.0363202
0.0917465
0.172989
-0.0211391
-0.0856763
0.320602
-0.146268
-0.224489
-0.134922
-0.086515
-0.281417
0.0586137
0.355532
-0.207678
0.307553
-0.311095
0.000405046
0.118166
0.0883542
0.0389803
-0.152746
-0.00905613
-0.285532
0.373367
0.232498
-0.279464
0.159477
0.170001
-0.145054
-0.137102
-0.125831
0.172091
-0.211206
0.0725404
-0.184739
-0.115256
-0.14412
0.162974
-0.158523
0.0578166
0.0882146
0.120308
-0.00221908
-0.030236
0.182557
0.0529191
-0.0611611
-0.102521
0.189616
0.0618756
-0.0534887
-0.380199
-0.247225
-0.174855
-0.148807
0.127581
-0.115805
0.0876184
0.11562
-0.165716
0.0190132
-0.178956
-0.0591222
-0.279132
0.0468937
-0.212085
-0.0048767
0.0378148
-0.264313
-0.0213459
0.379254
-0.289767
-0.0257315
-0.103297
0.298996
0.304824
0.20806
0.127831
0.101065
0.0111298
-0.0279347
-0.100154
0.21022
0.0753095
0.0169443
-0.0587853
0.140927
0.254053
-0.276576
-0.241845
-0.139298
-0.196248
-0.0398513
-0.0117333
-0.15453
0.00179536
0.158176
-0.0112423
0.16985
-0.0503097
-0.37768
-0.168942
-0.091503
-0.220551
-0.067171
-0.152949
-0.144276
-0.205356
-0.116574
0.191426
0.0799918
0.180156
0.421637
-0.251033
-0.241408
-0.157168
-0.0646712
0.0144216
-0.113348
0.13394
0.0260141
-0.296859
0.0189515
-0.0803902
0.0248211
-0.131809
-0.138589
-0.123926
0.0278537
0.024001
-0.0588214
0.0840067
-0.024499
-0.246049
-0.194728
-0.0502194
-0.174712
-0.0588541
-0.222628
-0.23476
0.240109
0.111711
0.160555
0.0103539
-0.046516
0.0605008
-0.120894
-0.109038
-0.0635501
-0.386264
-0.282558
-0.166222
0.0894944
0.353159
-0.259373
-0.358643
0.0221807
0.299397
0.0488657
-0.148385
-0.0808913
0.0886155
0.200879
-0.35491
-0.0441474
0.150625
-0.299306
-0.249496
-0.0211189
-0.0850039
-0.23761
0.000778173
0.156318
0.00780794
0.273459
0.0300381
-0.283956
-0.0853221
0.100488
0.096984
0.16912
0.103511
-0.215647
-0.310601
-0.148561
-0.134246
-0.0093569
-0.0141953
0.00103335
0.0435602
-0.0745916
0.348098
-0.252333
0.063182
0.0275297
-0.139686
0.0133201
-0.0813794
0.0456926
-0.207821
-0.0133101
0.0632478
-0.180015
-0.031362
0.0827358
0.0384113
0.121191
0.358601
-0.204593
0.0721102
0.39128
-0.0298726
0.099438
0.184452
-0.0466776
-0.130267
-0.527312
0.15501
-0.0335911
-0.197968
-0.219758
0.258023
-0.364943
-0.114872
-0.10844
-0.26572
-0.0743304
0.410627
-0.0742638
0.188155
-0.0306913
0.286128
0.160133
0.0327756
-0.179973
-0.0111583
0.058285
0.0958936
0.0170524
-0.00963376
0.147146
0.0260212
0.119164
-0.00749314
0.13297
-0.113767
0.0672137
-0.18793
0.301366
0.381618
0.213362
-0.157104
-0.173095
-0.239433
0.0728881
-0.0933696
-0.0416638
0.252551
0.0969
-0.0056337
-0.151732
-0.0136539
-0.0481752
0.0509342
0.142424
-0.170301
-0.0656247
0.085652
-0.128179
-0.0338949
0.221535
0.0469209
-0.0831225
0.379467
0.169539
0.355913
0.212603
0.0373765
-0.195577
-0.193195
-0.198733
-0.333887
0.0858639
0.0851387
0.44844
-0.11915
-0.292099
-0.0255005
-0.220009
0.0801902
0.0722096
-0.0830944
0.222368
-0.0394854
0.218924
-0.13723
-0.128053
-0.0479178
0.00153244
0.217052
0.228162
-0.0173074
0.0409903
0.0242861
-0.206478
0.318536
0.317698
0.10356
0.083712
-0.351832
0.197049
-0.00302599
0.0811365
0.0714746
0.0154818
0.00769467
-0.0251427
-0.235427
0.35828
-0.0124535
0.161659
0.0619349
-0.405333
0.051575
-0.116647
-0.250615
0.154891
-0.0865495
-0.105398
0.109058
-0.229187
-0.178725
0.436754
-0.0530558
-0.0390952
-0.0378095
-0.240698
-0.12456
0.0697192
-0.203725
-0.0612058
0.185701
-0.199143
-0.00945556
-0.168739
0.130378
-0.383075
-0.183596
-0.155573
-0.0433829
0.29324
-0.215571
-0.17148
-0.0529725
-0.268287
0.194593
0.0326646
-0.0107362
-0.0940789
-0.139938
0.117651
-0.0432284
0.17586
0.0586402
0.0149785
0.0736963
0.0596747
-0.274357
-0.00610647
-0.310168
0.0904429
0.179007
-0.161421
0.124276
0.0217023
0.259441
0.0920457
0.0890015
0.309486
-0.427273
0.121963
0.0395476
-0.0341017
-0.175746
-0.0173777
-0.152825
0.0268463
0.0296916
0.285189
-0.586678
-0.027364
0.0672453
-0.0575525
-0.206941
-0.0206562
-0.137495
-0.139179
-0.0402312
-0.051567
-0.0250356
0.179621
0.271386
0.153634
0.245869
0.125927
0.401032
0.138597
-0.12646
0.0629951
-0.0876544
0.0979863
-0.0761158
0.0182413
-0.221316
0.062112
0.105426
0.295675
-0.145773
0.0986572
0.115223
-0.364968
-0.0922896
-0.208474
-0.213242
0.0717408
-0.118989
-0.0259644
0.0956519
-0.0408358
0.00861302
0.08053
0.164683
0.123903
-0.0134317
-0.125177
0.408147
-0.136192
-0.110812
-0.0605468
0.281162
-0.121612
0.131326
-0.333004
0.0169296
-0.179826
-0.06134
0.136742
0.251474
0.230839
-0.367449
0.117813
0.15933
-0.155995
0.224934
0.0780792
0.335411
-0.126278
-0.0676973
-0.152866
0.0847983
-0.05524
-0.207969
0.195331
0.23544
-0.15587
0.162501
0.096005
-0.0170604
0.0157719
-0.274952
0.165844
-0.0773936
0.0944647
0.131917
0.155457
-0.192365
0.0651535
0.0981989
0.13479
0.209001
-0.227401
-0.156089
-0.293518
-0.058995
-0.11243
-0.196159
-0.00544792
-0.178415
-0.252753
0.1563
0.0417495
-0.38484
0.195157
0.0740767
-0.153589
-0.13863
-0.00432008
0.0831053
0.163598
0.126838
0.08841
0.244786
-0.0736007
0.119006
0.0731696
-0.129038
-0.079152
0.0382777
-0.320685
0.110035
0.150872
-0.0200301
0.151651
0.417995
0.26206
0.176508
0.358226
-0.201708
-0.117852
-0.200568
-0.0361234
0.139624
-0.125523
0.13079
0.0781797
-0.254272
0.237852
-0.101305
0.00754936
0.243789
0.0792956
0.0794603
-0.211931
-0.112497
-0.457334
0.04174
0.054113
0.0492441
-0.0734659
0.036895
0.126353
-0.393218
0.289099
-0.0495145
-0.17654
-0.254568
-0.0283015
-0.0920776
0.076951
0.0937045
-0.0611077
0.0784462
-0.221377
-0.00604531
0.315694
-0.0674433
0.0572297
0.17574
-0.0857784
-0.0307348
-0.0498211
0.122104
0.108866
-0.217751
0.120172
0.391723
0.134154
-0.0155235
-0.124298
0.125901
0.0953454
-0.388428
0.0329802
-0.0573183
0.0467395
0.0188567
-0.109139
0.134292
-0.144493
-0.198293
-0.339032
0.110748
-0.0913661
0.180745
-0.218003
0.0918677
0.396818
0.160633
-0.102185
-0.0739224
0.00440056
0.0674124
0.0811433
0.0447306
0.3533
0.0599834
0.115285
0.0188817
0.0188689
-0.101793
-0.0985571
-0.00862992
-0.0848499
0.190928
0.33267
0.139459
0.0756512
-0.123814
0.282507
-0.191878
0.224603
-0.038487
0.126948
-0.226892
-0.0164897
0.0258886
0.16873
0.121322
-0.149327
0.024605
-0.236076
0.159658
0.0743215
0.322463
0.33368
-0.358916
0.00355307
0.0775137
0.0571631
-0.257964
-0.228965
0.263006
0.0773041
-0.0569823
0.340548
-0.219747
0.206835
-0.0503878
0.141807
-0.144715
0.0318181
-0.112058
0.195217
-0.0266293
0.0989186
0.109117
0.00971627
0.333803
0.0600731
-0.284283
-0.0613268
-0.363063
0.26195
0.0140091
-0.101111
0.0687907
-0.0809017
-0.0299095
0.251747
-0.0354983
-0.0716277
-0.313882
-0.387595
0.0181193
-0.0194425
-0.0284301
-0.108744
-0.0263647
0.0950786
-0.00351982
0.0125024
-0.0904592
0.118796
-0.1999
0.0364975
-0.0773492
0.250105
0.199197
0.341321
0.0505649
-0.212162
0.0589572
0.00185598
-0.0347546
-0.0321089
-0.200715
0.151291
0.111202
-0.359504
0.0922407
0.158757
0.0965457
-0.08794
-0.17438
-0.0239159
-0.0133552
-0.0739348
-0.245094
-0.269404
0.018131
-0.389974
-0.179162
0.133534
0.133906
-0.0702992
-0.038321
0.044977
0.127262
-0.017747
-0.303894
-0.117913
-0.232046
0.20064
0.101719
-0.0944078
-0.234085
0.0631715
0.0347386
0.246226
0.0851884
-0.0384034
-0.0836453
-0.108113
-0.0162535
-0.309912
-0.124964
0.251701
0.114128
-0.258806
-0.169733
0.155347
0.192001
0.120693
-0.302664
-0.0730788
0.225376
0.0512143
-0.48111
-0.33447
0.102464
-0.138514
-0.0327145
0.108216
0.0139902
0.130055
-0.131092
-0.108213
0.00861964
-0.157075
0.254615
0.15414
0.238739
-0.0130059
-0.260781
0.319838
-0.0784215
0.143199
0.133913
0.0563311
0.00627411
0.225025
0.0240551
-0.116667
-0.334314
-0.214327
-0.0661353
0.223659
0.040288
-0.190737
-0.197531
0.0881127
-0.00385277
-0.214409
0.111618
0.40567
0.293824
0.0579902
0.209485
0.0529942
0.071544
-0.203017
0.0833815
-0.12758
0.106145
0.031697
0.226832
0.138667
0.248476
0.0973699
0.131454
-0.208881
-0.112846
-0.303124
0.00108193
0.0951309
-0.0757154
-0.162731
0.0483474
-0.0745675
-0.23406
-0.0870078
0.0704964
-0.00664188
-0.226298
-0.044276
0.07912
-0.100192
0.0420363
-0.0361913
0.319451
0.142304
0.236881
-0.403828
-0.329999
-0.0781074
-0.145448
-0.133159
0.181913
-0.44519
0.324411
0.210431
-0.180842
0.104972
-0.0216311
-0.204979
0.253906
-0.260315
-0.134801
-0.161507
0.0412874
0.0507968
0.0884559
-0.029464
-0.0557013
0.0999607
0.109712
-0.0212044
-0.0603488
0.541791
-0.139263
-0.0359536
-0.113252
0.0580083
0.179402
-0.107813
0.0938272
-0.183293
0.211412
-0.246106
-0.136111
0.102408
-0.134327
-0.193121
-0.0619036
-0.0780472
-0.178452
-0.353811
0.062387
0.20318
0.0983315
0.324963
0.103835
-0.134501
0.0672199
0.166837
-0.127922
-0.193405
0.182948
0.0872183
-0.043038
-0.012904
0.0797471
-0.161554
0.0748516
-0.0692217
0.130521
-0.0197185
-0.0686247
-0.104822
0.172884
0.121463
-0.492355
-0.0824756
0.0286084
-0.228747
0.0407328
-0.164543
-0.302803
-0.195086
0.197919
-0.16613
-0.0466172
-0.268545
-0.24457
-0.294989
0.114191
-0.0195665
-0.24129
0.0411427
-0.0824108
-0.145186
-0.055817
-0.156415
-0.00244173
0.0771342
-0.212046
0.207533
0.0110598
0.00970858
-0.156392
-0.102087
0.203121
0.0129884
0.0134666
-0.163214
-0.171773
-0.303622
-0.174474
-0.0635664
-0.0652987
0.159917
0.0785717
0.334631
-0.0411823
0.0660782
0.0705782
0.0367885
-0.0549551
0.0986559
-0.0315536
0.0308669
0.0363704
-0.0646302
0.293522
-0.256333
0.105546
0.0976088
0.0776053
0.116296
-0.0399518
-0.313337
-0.146162
-0.171868
0.142188
-0.13488
-0.10003
0.208392
0.0968536
0.0615314
0.00749364
-0.0903369
-0.0493103
-0.340616
0.0770201
-0.247253
-0.144073
0.0823873
-0.410787
-0.00999013
-0.321868
-0.028743
0.00012419
-0.0849652
0.0398306
-0.0216027
0.137605
0.240225
-0.043145
-0.0724443
0.0939977
0.151006
0.0536748
0.520567
-0.0811609
-0.0929972
-0.0213572
-0.0150927
-0.252361
-0.107346
0.0332956
-0.0759624
-0.0918773
0.0186757
-0.138357
-0.00553781
-0.0410308
-0.217156
0.241168
0.224555
0.0541459
-0.11739
0.0970911
-0.265183
-0.0298647
0.0217093
-0.0276871
0.0961003
-0.129421
-0.00347544
0.365219
-0.183895
-0.144635
0.312398
0.112453
-0.385371
0.240756
-0.136197
-0.0649047
0.321369
0.152262
-0.15771
-0.203437
-0.186037
0.0488896
0.158704
0.35921
-0.166167
-0.282326
0.16481
0.0312975
0.0186768
0.168222
0.577205
-0.131792
0.163154
-0.105046
-0.00156574
-0.36381
0.00349227
-0.0588042
0.0510494
0.162525
0.0637752
-0.0126049
0.337581
-0.125632
-0.0593309
-0.144913
0.20344
0.0842462
0.0324236
-0.302125
-0.162224
0.0738928
0.0338677
-0.0508208
-0.278377
0.326419
0.0472079
-0.0797218
0.420992
-0.0426107
-0.0888415
-0.12885
-0.185735
0.244418
-0.260481
0.390298
0.00446508
0.165695
-0.157138
-0.0950376
-0.496791
-0.102058
-0.112735
0.335423
-0.0404507
-0.100145
-0.122969
-0.116377
-0.0477616
0.0129408
0.0240701
-0.210374
-0.120511
-0.000547779
-0.207152
0.249452
0.170992
-0.176244
-0.180018
0.0277749
-0.248353
-0.317728
0.10853
0.125065
-0.182919
-0.135837
-0.0879573
0.000759856
0.187949
-0.260787
0.179578
-0.0214748
0.129086
-0.0374421
0.190926
0.0471429
-0.372805
0.127292
0.010883
0.367698
-0.0774141
0.00625948
0.102852
-0.0131574
0.0562619
0.292048
0.355975
0.0278562
0.075142
-0.0612605
-0.0664255
-0.00483974
0.315401
0.52607
0.0569105
-0.150743
0.251063
-0.125
-0.025573
0.0831838
0.0256925
-0.113765
-0.260443
-0.0389835
-0.415612
0.305029
-0.286255
0.21188
-0.0791263
0.31876
-0.161358
0.133026
0.098371
-0.275124
0.0159529
-0.102652
-0.208266
0.269289
0.0193437
-0.0704846
0.0793949
0.0521616
0.335789
0.0603594
0.114165
0.00347726
-0.2064
-0.0756961
0.163075
-0.100707
0.164332
-0.388405
-0.0435046
-0.486325
0.0361285
-0.152857
0.285724
-0.217489
0.0551344
0.267759
-0.0870697
0.0490106
-0.092745
-0.205265
0.12225
0.105233
0.251231
0.290993
-0.145177
0.10462
-0.0846992
0.136198
-0.189427
-0.212534
-0.0802298
0.030402
0.0182235
0.174069
0.00554048
0.149576
0.0301407
-0.207804
-0.0124503
0.0880655
0.151094
0.30534
0.127424
0.0264235
-0.0415798
0.321641
-0.276495
0.0232303
0.0123584
-0.0630591
-0.123158
-0.0640149
-0.165293
-0.323669
-0.118539
0.10498
0.00377952
0.29629
0.0976714
0.225872
0.324719
-0.156881
-0.220876
0.0563053
0.183742
-0.019875
-0.145319
0.196008
0.191468
0.0686901
-0.511484
0.379553
-0.0133511
-0.0438084
-0.151192
0.31658
-0.257619
-0.265078
-0.228868
-0.25296
-0.118917
0.0331122
0.0135094
0.121258
0.336424
-0.212493
-0.148823
0.0100148
0.0246903
0.00223456
-0.212663
0.0375342
-0.0229333
-0.164089
-0.00849997
0.220064
0.162667
-0.0232706
-0.0613447
0.1577
0.0138161
0.0563029
0.297544
-0.147657
0.161042
0.0838718
-0.114951
-0.0849494
-0.112652
0.265572
0.0608468
-0.103677
0.0401119
-0.0688373
-0.177907
0.0544873
-0.130482
0.000998379
0.0107422
-0.110553
-0.106229
0.0293107
0.0374601
0.019839
-0.117248
-0.22775
0.270307
-0.176364
0.19188
-0.126048
0.132061
-0.257512
-0.0263395
0.0947284
0.0243294
-0.0822811
-0.0627849
0.0388604
-0.207949
-0.0585345
0.0213413
-0.0602874
-0.255985
-0.0256028
0.237053
0.125787
-0.242276
-0.205748
0.0969442
-0.173816
-0.0454435
-0.150535
-0.329538
-0.0675993
-0.0513992
-0.0915072
-0.0588734
-0.249474
-0.0652924
0.112574
-0.322466
0.15998
-0.055016
-0.310198
-0.0511603
-0.0540298
-0.172307
0.109044
0.47436
-0.0499367
0.0228013
0.239941
0.0719094
-0.096907
-0.253109
0.191218
-0.361904
0.0342087
0.158959
0.160711
-0.175447
-0.0343456
-0.101878
-0.200273
-0.192839
-0.00769021
0.128673
-0.232622
-0.0739227
0.0923051
0.151361
-0.238365
-0.00113018
0.187247
-0.0126781
-0.0986907
-0.0321276
0.106038
-0.279288
0.149628
-0.341333
-0.239999
0.334698
0.338363
-0.0452507
-0.174082
-0.157646
-0.0243961
-0.124642
-0.153244
-0.121892
-0.304661
-0.121149
-0.0685276
-0.44065
0.188275
-0.380042
0.0257399
0.0482675
0.0351525
0.257204
-0.1903
0.154715
0.322343
-0.0628701
-0.197774
-0.0455716
-0.572941
0.141602
0.00226698
-0.0534913
0.168606
-0.192696
0.129335
0.244413
-0.143752
-0.242925
-0.0743387
0.379606
0.0945748
0.231622
-0.0746576
-0.00225595
0.152019
0.0482028
-0.504217
0.200393
-0.13501
0.0508391
-0.40327
0.0472492
0.216272
0.23839
0.0490629
0.0191991
-0.0237445
0.0318771
0.404775
0.294091
0.100842
0.383289
0.265695
0.200394
-0.0818323
-0.286611
0.205121
0.153201
-0.190072
-0.172029
-0.175835
0.197708
0.290348
-0.167276
-0.225029
-0.270871
-0.143506
-0.187731
0.0757842
0.145698
0.146727
0.0130499
-0.134517
0.200882
-0.0484067
-0.060446
-0.0518191
-0.266912
-0.00459451
-0.139467
-0.153969
0.00593003
-0.074244
0.259616
0.143032
-0.149572
-0.129318
0.169837
0.176304
-0.15886
0.0128937
-0.126124
-0.234845
0.0559195
0.120675
-0.00821345
0.246604
0.039191
0.142318
0.490917
0.0992179
-0.0870249
-0.0528051
-0.140733
0.0456723
0.4265
0.0283707
0.297806
0.0876225
0.0611296
-0.0695537
0.341387
-0.0194886
0.00816501
-0.0888803
0.201506
0.303066
-0.0968706
0.370806
0.206502
0.068655
-0.153724
-0.0826804
0.126102
-0.117517
0.157326
-0.227231
0.180387
0.0612576
-0.228415
-0.0361774
-0.128959
0.391383
0.0304089
-0.244471
0.153022
-0.0866509
-0.029151
0.16377
-0.152878
-0.106422
0.273605
-0.207071
-0.220578
-0.338699
-0.0328671
0.215399
-0.0902088
-0.115392
-0.245733
0.377725
-0.102419
0.191611
-0.0394304
0.103535
-0.165797
0.216045
-0.104266
-0.0863937
0.191897
-0.171556
0.247515
0.0119895
0.11616
0.116938
0.019656
-0.0664851
-0.166943
0.0776672
-0.0635241
0.319226
0.0328198
-0.148282
-0.178034
-0.198774
0.0306852
-0.200389
-0.346002
0.106333
-0.12
-0.285138
0.0759116
-0.0300176
-0.0863697
0.110104
0.362141
0.0912646
0.0883687
0.240628
-0.218029
0.0421197
0.109411
-0.224368
0.0748508
-0.105779
0.143385
-0.0384561
-0.114307
-0.18248
0.0916179
0.270076
-0.0886957
-0.0822734
-0.328206
0.0484325
-0.125753
-0.0215555
-0.0564275
0.0541478
0.0238711
0.0256876
-0.178295
-0.308124
0.11246
-0.00599973
-0.150599
0.0127028
0.284348
0.0993815
-0.0569974
0.00657016
-0.120465
-0.107263
0.0871046
0.257602
-0.0428194
-0.288533
0.189239
-0.0735076
0.111225
-0.103874
-0.117695
-0.0154651
0.0826742
-0.0572574
-0.244301
-0.0957716
-0.203102
-0.48339
-0.242252
-0.323197
0.0586927
-0.185122
-0.0356294
0.488621
-0.13941
-0.131414
-0.156269
0.057627
0.0430014
0.118598
0.108764
-0.120134
-0.0544469
-0.161311
0.0384317
0.165611
-0.0693662
0.071364
-0.0965821
0.0361447
0.0242668
0.162054
-0.135347
-0.0171914
0.116222
-0.104961
0.0116765
-0.10568
0.07039
-0.0704787
-0.0486319
0.322477
-0.133092
-0.104563
0.0506111
-0.0326967
-0.200249
0.0268076
0.197844
0.100816
0.103955
-0.519397
-0.13763
0.185601
-0.112807
0.0523381
-0.292007
-0.108984
-0.0104523
-0.0516247
-0.0904815
0.0492878
-0.0797827
0.175706
-0.144609
-0.329496
-0.107451
-0.024876
-0.0434743
0.410668
-0.0214705
0.153524
-0.00155181
0.0728227
-0.0529451
0.304262
-0.00916584
0.0992517
0.0689502
0.223158
0.223205
0.0326078
0.160557
-0.0737028
0.239308
0.222638
-0.354179
-0.0800398
-0.206425
-0.015723
-0.136741
-0.118379
-0.353315
0.0487171
-0.221186
0.0423166
0.0774207
0.0365972
0.138984
0.166423
-0.0937587
-0.292187
0.148604
-0.0184439
0.0494691
0.00731398
-0.419693
0.053309
0.389262
-0.142363
-0.00538573
-0.424854
-0.0681114
-0.0936893
-0.116313
0.0149906
-0.0272784
-0.210296
-0.239128
0.105492
0.0391343
0.159556
0.264105
0.194659
0.00700301
-0.105238
-0.198603
0.188223
0.00108039
0.258388
-0.0632839
0.154101
0.161012
0.225422
0.0982308
-0.115612
-0.064155
0.233758
-0.00730718
0.26555
0.0135639
0.200649
-0.148851
0.211832
-0.242453
0.0442594
-0.073036
0.113864
0.205108
-0.0983671
-0.0463686
0.0693843
-0.0029846
-0.09814
-0.214644
-0.0841982
-0.287257
-0.0274686
0.0677768
0.0515842
-0.226301
-0.116277
0.0542959
0.240176
-0.300741
0.0256443
0.0757173
0.169911
-0.0355884
0.17129
0.255859
0.339008
-0.0330329
-0.281643
0.100536
-0.213001
0.44335
0.0451046
-0.147067
-0.071344
0.148068
0.0125863
0.336369
0.176531
0.0908757
-0.141296
0.000530547
-0.283598
0.083696
-0.0764472
-0.184032
0.142378
-0.239235
0.0195645
0.113107
0.137064
0.04123
0.113149
0.261385
-0.311526
-0.132588
0.0692528
-0.00345814
0.135982
0.18953
-0.207723
0.0270525
0.0911808
0.014328
0.250379
0.172861
-0.165812
0.0422021
-0.106981
0.0450451
-0.0167182
-0.0947633
0.301463
0.217346
0.129588
0.230031
0.137357
0.166915
0.0742296
0.179765
0.185514
0.18586
0.0898026
0.0556107
-0.114494
0.142011
0.110601
0.013268
0.0791685
-0.03804
-0.324185
-0.0764177
0.0712054
-0.00587635
0.177087
0.0605323
-0.416102
0.0628545
-0.0151068
0.183534
0.020894
-0.0304288
-0.102497
0.246752
0.241412
0.104942
0.0196123
-0.123397
0.118613
0.0845331
-0.0658496
-0.235682
0.0310506
0.0630017
0.0703917
0.00821065
-0.134718
0.221792
0.32264
-0.252993
0.0699952
0.212565
-0.15698
0.011899
-0.127213
0.164129
0.279374
0.0474087
0.0941761
0.0439363
0.0865326
0.0995464
-0.0478602
-0.0163005
-0.0535293
-0.234284
0.0349817
0.154215
-0.0792632
-0.0662997
-0.0629725
-0.0697857
-0.0546968
-0.188812
0.155362
-0.0245283
-0.0354284
0.169236
0.0880921
0.184672
0.137127
-0.26991
0.211395
0.180525
0.148084
0.101028
-0.239672
0.182652
0.190557
0.153415
0.121176
-0.0273751
0.20432
0.136662
-0.106267
-0.0376733
-0.116496
-0.128854
0.211228
0.0194892
-0.0159194
0.262052
0.156149
0.0587202
-0.00718255
-0.0641624
0.129175
0.0862818
0.133194
0.073141
0.175801
-0.0955583
-0.0384755
-0.0882656
0.089474
-0.0905249
-0.0273681
0.2108
-0.194641
-0.571554
0.108767
0.0694542
0.0735087
-0.0164096
0.020236
-0.0674746
0.0458682
-0.384569
-0.0605094
0.106591
-0.0176811
0.163893
-0.0344782
-0.112517
0.0738953
0.0449089
0.170099
0.0909312
0.129484
-0.154348
-0.0682682
-0.176045
0.129195
0.0934676
0.230332
-0.0421145
-0.437751
0.185393
-0.216478
0.00778553
-0.0745563
0.1358
-0.131419
0.168283
-0.150772
0.326693
0.0622136
0.0395933
-0.0445333
0.0222495
-0.00800436
0.0573041
0.238729
-0.0136196
0.230898
0.00949678
-0.112868
-0.305664
0.0582399
-0.0171634
0.183733
0.0291719
0.0813527
-0.324452
-0.260067
-0.106689
0.110934
-0.144876
0.151219
0.153767
-0.109645
-0.0529943
-0.246429
-0.12095
-0.0805562
-0.400509
-0.0392834
-0.0113405
0.211045
-0.213236
0.00265216
0.101124
0.0233675
-0.170479
-0.0896912
0.0695138
0.200156
0.0647998
-0.112994
-0.0305703
0.138071
0.223947
-0.449699
-0.00202045
-0.214875
0.0925278
0.190866
-0.0229196
-0.302819
0.123188
0.0314633
-0.151267
0.105022
-0.268858
0.315466
0.145676
0.0220718
0.0444588
-0.0659838
0.223235
0.171613
-0.108769
-0.017961
0.0617865
-0.164828
-0.117373
-0.226962
-0.180997
0.0330137
-0.06904
0.121105
-0.00376059
0.231015
0.0938691
0.23905
0.0856732
-0.172472
-0.25827
-0.233622
0.121637
-0.094254
-0.106157
0.0941868
0.0340698
-0.1365
0.251431
-0.0386672
0.10592
-0.092051
-0.103546
0.0819667
0.34519
0.052335
0.409323
0.368771
0.194913
0.0921834
-0.169447
0.0214443
-0.0643044
-0.333947
-0.415223
0.0672656
0.193668
-0.209621
-0.0937479
-0.103666
0.356645
0.160174
-0.225654
0.115147
-0.103505
-0.0908104
-0.256455
0.285955
-0.109724
-0.315053
0.0865826
0.09112
-0.169357
-0.140044
0.0317582
-0.185457
0.0645496
-0.000348138
-0.141746
-0.000242812
-0.127644
0.0335711
0.227383
-0.26
-0.00265632
0.147274
-0.0513166
-0.174256
-0.023712
-0.0186432
-0.129971
-0.146225
0.127995
-0.0725813
0.0371496
0.0768946
-0.0795631
-0.236026
0.16758
0.118736
-0.0988446
0.0661359
-0.0529149
-0.156182
-0.0581055
0.337071
0.118436
0.0615632
-0.156666
0.00302121
0.358335
-0.141585
-0.249127
0.230675
0.168547
0.167307
0.0408855
0.100015
0.107116
-0.0607007
-0.269171
-0.00137699
0.0838936
-0.294344
0.0786908
0.0620582
0.0501737
0.0291471
-0.111757
0.00824136
-0.153882
-0.0594043
-0.00273875
0.0524204
-0.0634564
-0.0837897
-0.0647319
0.0653623
-0.210746
-0.0258058
-0.142838
0.113171
0.310175
0.0601339
-0.12599
0.0831328
0.103681
-0.185065
0.196651
-0.00966332
0.105387
-0.0240516
-0.000671215
0.197496
-0.228493
0.210581
0.156168
-0.259162
0.182376
-0.0685796
0.0533181
-0.0892924
-0.10518
-0.0149905
-0.216958
-0.0310195
-0.0825094
0.200677
0.109444
0.218033
-0.144147
-0.0907754
0.0468301
0.00411434
0.0609409
-0.041708
0.230347
0.0479293
0.0911432
-0.143923
-0.0191591
0.180178
-0.0825595
-0.0997438
-0.08404
-0.0373216
-0.316791
-0.188895
-0.274072
-0.161385
0.067533
0.12074
0.213373
-0.0261739
0.108556
0.175923
0.267662
-0.0708728
-0.0659974
-0.209622
0.156907
0.0956054
0.167082
0.163701
-0.0215879
0.0367905
-0.077
0.0727006
-0.35506
0.34642
0.191943
-0.179851
0.10027
-0.322623
0.29993
0.323599
0.0989392
0.0927653
-0.122698
-0.153897
0.126389
-0.365693
0.077857
-0.0857149
-0.0605306
-0.165969
-0.00544474
0.00200304
0.0955394
-0.0271414
-0.0933262
-0.0838782
-0.329669
-0.0514943
-0.0501785
0.00862293
0.0227558
-0.0539668
0.172825
-0.105899
0.037587
-0.0974526
0.122659
0.0182956
-0.0313142
-0.160209
-0.0169734
0.0294074
0.27775
0.10051
0.0780657
0.144982
-0.137513
0.0193096
0.212141
-0.26364
-0.276839
-0.141892
0.237292
0.292053
0.0190404
-0.2221
-0.12051
0.0228783
-0.282754
-0.343969
-0.352878
0.109487
-0.150925
0.10705
0.370909
-0.247878
-0.240946
-0.144569
0.11253
-0.00769856
-0.0085863
0.221731
0.124242
0.0391062
0.0138674
0.125986
-0.0888801
-0.0103106
-0.235923
-0.00310405
0.0213614
0.0263905
0.134118
-0.0315357
0.00976574
-0.362122
-0.0702262
-0.00617815
0.328294
-0.125745
-0.0944356
-0.104075
-0.280934
0.108437
-0.0623062
-0.189262
0.0304169
0.243274
0.199266
-0.0697188
0.117818
0.145783
0.210278
-0.407139
0.237962
-0.13319
0.00565692
0.0690815
0.0799459
-0.101904
-0.0910106
0.123137
-0.0137374
-0.143409
-0.248063
0.11076
-0.0904998
0.0523225
-0.296575
0.0216781
0.182402
-0.0616311
0.162831
-0.0764079
0.293447
-0.171881
0.318956
0.238897
-0.487391
0.0719282
-0.0179225
-0.0903752
0.137586
-0.138174
-0.119092
0.194331
-0.000993898
0.243239
0.00180175
0.114337
-0.221014
0.0685142
0.123569
0.0254641
-0.0642835
-0.244385
-0.218828
0.0653534
0.119137
0.0300622
-0.0803898
-0.195977
-0.252721
0.0421771
-0.53693
-0.202755
-0.0141682
-0.000867201
0.133593
0.0621543
0.076487
-0.149352
0.300706
0.208443
0.0748244
0.0371456
0.0307363
-0.0434341
0.285521
0.0275659
0.0790318
0.263626
-0.296423
0.0867547
-0.28711
0.308793
0.186483
-0.019508
-0.212982
0.0519648
-0.0978816
-0.0398763
0.0516962
-0.145089
-0.194747
-0.140591
0.109008
-0.0801462
0.0094971
-0.0532581
-0.00181148
0.0278262
0.021169
-0.291261
-0.0177912
0.110171
-0.136111
0.256173
-0.142196
0.28856
-0.0804189
0.267376
0.361446
0.0260892
-0.226154
0.406876
-0.106481
0.293219
0.302812
0.323138
0.1602
0.116576
-0.154327
-0.103633
-0.0484144
0.252606
-0.214649
-0.0557727
0.286838
0.187758
-0.151519
0.295156
0.27732
-0.110488
-0.258545
0.16576
0.371459
0.150232
-0.06269
0.155035
-0.00181868
-0.165782
0.265537
0.0090035
-0.0524882
-0.0862164
-0.1246
-0.108223
-0.156097
-0.00475167
-0.0515745
0.0618727
-0.0851666
-0.0644624
0.102526
0.120862
-0.284566
0.0414001
-0.204587
0.00741403
-0.00757858
0.138206
0.105186
-0.0382876
-0.615218
-0.0468377
0.234719
-0.0338251
-0.260438
-0.191197
-0.06963
0.0685048
0.076495
-0.0899366
-0.0326422
0.112482
-0.165973
-0.154454
0.072176
-0.0132683
0.0898594
-0.174163
-0.0238815
-0.0334356
0.0177474
0.25704
-0.105111
-0.139194
-0.0787272
-0.0478751
0.045898
0.0149167
-0.0378945
0.0471246
0.210651
-0.00463371
0.279382
-0.0607399
0.09387
-0.0572348
0.240806
-0.161101
-0.17863
0.165252
0.269952
0.0392865
-0.169457
0.0467766
0.0434683
0.0800185
0.116162
0.0594826
0.296364
-0.174192
0.0420755
0.0671861
0.318983
0.336778
-0.106035
-0.12227
0.000268855
0.334568
0.244982
-0.218023
0.0918617
0.079685
0.0426895
-0.319034
0.214843
0.450514
0.19001
0.227397
0.269913
-0.230251
0.221751
0.42798
0.201122
0.260326
0.0305221
-0.0390598
0.104033
0.00820229
0.0953478
0.0600871
0.0815956
0.0544866
-0.0129392
0.26265
-0.0235605
-0.0759543
0.0959839
-0.132176
-0.0872221
-0.138779
-0.190697
0.49879
0.0606693
-0.316116
-0.195963
0.12501
-0.0444545
-0.147145
0.181552
0.0634462
0.0418896
-0.105126
-0.312482
-0.142532
-0.0844919
-0.0133562
0.205878
-0.107237
0.0912531
0.311087
0.0406105
0.0175403
0.225768
-0.251873
0.270789
0.0910899
0.190439
-0.111254
0.136508
-0.0902581
0.0397076
-0.17858
0.00150218
-0.11203
0.124871
-0.0669354
0.0943711
0.061988
-0.0989632
-0.131466
0.253411
-0.246768
-0.00990389
0.218461
-0.0572511
0.176778
-0.0620159
-0.450571
-0.182931
0.134723
-0.054649
-0.0884728
-0.44332
-0.123266
0.348877
0.0571263
0.0154234
0.0205261
0.180678
0.366213
-0.0689493
0.0889116
0.0461311
0.337309
0.209166
-0.026754
-0.149808
-0.519447
0.0383061
-0.304134
-0.229262
0.0850503
-0.0907815
-0.168907
0.19856
-0.0435915
-0.537498
0.0491457
-0.27381
0.285337
0.191508
0.170688
0.103031
0.0462363
-0.0235069
-0.154237
-0.0445292
0.0819381
-0.117971
-0.123013
0.197504
-0.306104
0.119453
0.256293
0.0977121
0.167487
0.112658
0.0198939
-0.120555
0.0594899
-0.335682
-0.414304
0.178742
-0.139698
-0.227579
0.193145
-0.103442
-0.462477
0.0410791
0.101374
0.17862
-0.111228
-0.2393
0.307906
0.115154
0.0571958
-0.15295
-0.240516
0.132897
0.508078
0.193752
0.0842439
0.0196007
-0.148293
-0.147618
0.0383695
0.00722888
-0.00297753
-0.0576677
-0.256321
-0.0357276
-0.317556
-0.0375618
0.0530377
0.281238
0.164101
-0.15457
0.209344
0.0944398
-0.117877
0.117751
-0.185841
-0.372669
-0.386839
0.123205
-0.240561
-0.23106
0.217664
0.0310688
0.463247
-0.427627
0.268373
-0.155099
-0.180091
-0.0586816
-0.0768058
0.0273657
0.101434
-0.0044396
-0.235486
-0.0727337
-0.0250617
-0.028365
0.470826
-0.0565161
0.162465
0.0559942
0.224863
0.0321553
0.16834
0.17373
0.121475
0.125284
0.0637579
0.0903744
0.290329
0.231026
-0.110041
-0.0467584
-0.0644558
-0.0288936
0.0646514
-0.0467684
0.0252556
0.165621
0.0715419
-0.228821
-0.1586
0.00877173
0.0261582
-0.062542
0.205554
0.171207
-0.132973
0.011569
0.0746206
0.0559987
-0.222539
0.22017
0.113891
-0.0626444
-0.0677112
-0.427369
0.116566
0.289028
-0.117233
-0.120471
0.0177142
0.0439399
-0.182826
-0.368805
-0.137964
-0.013481
-0.0818261
-0.0371445
-0.0577562
0.23084
-0.0741887
-0.169408
-0.211517
-0.159352
-0.0279736
-0.0568965
0.315503
0.0727219
-0.128827
-0.290744
-0.25567
0.379966
0.0884685
-0.145693
0.212907
-0.306526
-0.19617
-0.0174373
0.00588248
0.020945
-0.00274121
0.114502
-0.0289184
-0.534834
0.0346435
-0.0204173
0.279349
0.218103
-0.147347
-0.00226743
0.0868104
0.0348639
-0.0147907
-0.0999031
-0.0224997
0.156458
0.154067
-0.242362
0.183662
-0.321484
0.0654655
-0.016599
-0.0520057
0.225523
0.152628
-0.173539
0.0723712
-0.152314
-0.13005
0.0183604
-0.253425
-0.10637
-0.0629304
0.00999022
-0.1895
-0.0932787
0.120882
0.0216733
-0.0795269
0.244063
-0.232444
-0.104788
-0.277904
0.168828
-0.312785
0.0545294
-0.0614691
0.0866482
0.0908138
0.0152115
-0.247645
-0.308596
0.100388
0.231823
0.0455432
0.012619
0.196006
-0.583218
0.0483889
0.0437953
-0.0416551
0.111115
0.121185
0.047166
0.0196479
0.0663893
0.29539
-0.101268
-0.0314418
-0.00927635
-0.0927628
0.0490876
-0.116009
-0.121125
0.20994
0.010852
-0.492439
-0.130225
-0.306361
-0.392186
0.0505103
0.078583
-0.16144
0.248898
-0.0721016
-0.0690201
-0.00735381
0.428181
-0.186557
-0.0876118
-0.153441
-0.049562
-0.0780231
-0.229526
-0.285215
-0.150072
-0.0847424
-0.200694
0.188975
0.0344199
0.111041
-0.0860608
0.0792268
-0.038594
0.290694
-0.131963
0.163076
0.113099
-0.130896
0.371346
0.199219
0.0646838
0.0927482
-0.272326
-0.124996
0.199397
-0.0279658
-0.287572
-0.0498679
-0.165463
0.081275
0.0575149
0.334766
0.00390986
0.193989
0.0109116
0.196324
0.206591
0.25624
-0.188611
-0.104548
-0.0804557
-0.45966
-0.142029
-0.0110982
-0.0467688
0.159387
-0.524947
0.0360841
0.597557
0.345445
0.0259029
-0.105069
0.2581
-0.0718388
-0.0365463
-0.236234
0.0756898
-0.0121953
0.198823
-0.380163
0.0498079
-0.184436
-0.0522178
-0.14194
-0.130775
0.482956
-0.116762
0.128129
-0.133207
0.0992593
-0.0863355
0.206375
0.073992
0.11938
0.146821
-0.342297
-0.101175
-0.211677
0.159814
-0.391712
0.000400664
0.229003
-0.134323
0.205472
-0.158563
0.0715011
-0.307652
-0.058649
-0.0182948
0.115652
0.0600366
0.0421251
-0.135049
0.130805
-0.109479
-0.0940821
-0.100231
-0.163271
-0.111836
0.263028
-0.219536
-0.268673
0.150404
0.0656508
-0.0949957
0.00609417
-0.182624
0.0162647
-0.0525863
-0.0604562
0.254495
0.3927
0.0612815
-0.120401
-0.117445
-0.00949197
-0.314746
-0.243233
-0.178828
0.0493067
-0.27589
0.0672582
-0.0557339
0.0406228
-0.143677
0.0373186
0.0843771
0.0469602
0.144648
-0.350538
-0.16323
0.1346
0.244739
0.111647
0.235819
0.119607
-0.134921
-0.0782664
-0.152013
-0.430281
-0.137114
-0.372841
0.277773
-0.0701253
0.0840341
0.151694
-0.237596
0.0117734
-0.0979594
-0.309424
-0.049709
0.0497688
-0.212907
0.00378581
0.256516
-0.0249747
-0.0540968
-0.0474754
-0.21624
-0.350147
0.102365
0.0591116
-0.122106
-0.0840572
-0.121723
0.0640629
-0.0551566
0.130885
0.0965546
0.00964637
0.132144
0.304579
0.0497992
-0.218864
0.00384868
-0.157396
0.181973
-0.107558
0.0525038
0.128096
-0.170124
-0.152331
-0.0912752
-0.0602854
-0.051994
0.0824316
-0.00149662
0.182175
-0.132899
-0.276398
0.0471981
0.205106
-0.0111163
0.201278
-0.171053
0.239224
0.220062
0.345238
0.109627
-0.0712679
0.0709331
0.198258
-0.0218932
-0.0499535
0.174999
-0.0426989
-0.266893
-0.145097
-0.0677376
-0.158995
0.0152316
-0.415197
0.0246649
-0.144453
0.335086
-0.119154
-0.0809223
-0.215673
0.0614553
0.0702125
0.140694
-0.175206
-0.22415
-0.140789
-0.0496252
0.0925034
-0.0879631
-0.00552192
0.168116
0.025311
0.0942778
0.0529036
-0.0937357
0.0787789
0.174879
-0.0351966
0.270959
-0.308857
0.23984
-0.0762012
-0.0305327
0.0507098
-0.125408
-0.24831
-0.162425
-0.144582
-0.224466
-0.203807
0.108447
0.0347358
0.246166
-0.165448
-0.0102676
-0.00790531
0.24108
-0.14054
-0.218429
-0.120381
-0.341256
-0.099055
0.126941
-0.143422
0.0817666
0.0620621
-0.103253
-0.290417
-0.164146
0.0831103
-0.197994
0.351604
-0.271263
-0.0910444
-0.288335
-0.0710277
-0.0915447
0.127155
0.182007
0.272818
-0.116632
-0.0703427
-0.0127708
-0.0908462
-0.318463
0.069509
-0.0968588
0.144565
0.0232249
0.0689392
-0.1624
0.0460968
0.201426
0.211297
0.0378176
-0.116805
-0.107259
0.0989385
0.0482739
0.29131
0.188716
0.0735537
0.296202
0.142695
0.118446
-0.125649
-0.288597
0.257944
0.000620003
-0.349482
-0.055491
0.428886
-0.0452582
0.0694389
-0.023109
-0.205747
0.116243
0.170895
0.0952382
-0.100765
-0.0517502
-0.113117
-0.117738
-0.0977955
-0.180627
-0.206418
-0.268636
0.0572609
-0.143579
-0.0092328
0.100472
0.102826
-0.137203
0.0536692
0.186874
0.139575
0.0242766
0.00642048
0.225343
0.0551997
-0.20768
-0.0562132
0.202142
-0.142011
-0.0634231
0.0654865
-0.086184
0.26555
0.154392
-0.0953512
0.130514
0.043497
0.220809
0.356188
0.232575
0.136495
0.292923
0.0164538
-0.0149973
-0.228125
0.0876143
-0.105229
-0.0559908
-0.117091
0.0141431
0.0862733
0.0108648
-0.199019
0.147551
-0.116129
0.215754
-0.00148467
0.141825
0.0220239
-0.0335356
-0.143146
-0.0112442
-0.036979
0.0451516
0.052614
0.168225
-0.0502813
-0.230438
0.023793
-0.134578
0.15845
0.172757
-0.0972739
-0.115959
-0.130572
-0.105507
0.0106771
0.00527687
0.156617
0.101439
0.151248
-0.244718
-0.179394
0.159059
-0.255589
0.12834
-0.13602
0.0477765
-0.0245874
-0.120981
0.0451847
-0.342649
0.0410878
-0.143248
0.013436
-0.0985665
0.0683314
0.0443665
0.234798
-0.261297
-0.146072
-0.085803
0.0291694
-0.0711789
0.000502947
-0.0158232
-0.183523
-0.0128958
-0.136074
-0.0690789
-0.0583167
-0.0667565
0.141684
0.0534851
-0.225834
0.0834635
0.28392
-0.164255
-0.271412
-0.195006
0.277496
-0.0516493
-0.0961385
-0.00201527
0.106049
0.0819966
0.272037
0.00880354
0.123767
-0.0806693
0.138183
0.0652617
-0.0139737
-0.187778
-0.0996041
-0.364746
0.189059
-0.00457947
-0.0362935
0.170848
-0.0078599
-0.30063
-0.336061
-0.399752
0.159796
0.167971
-0.264688
0.0718139
0.18499
0.292575
-0.154725
-0.0929443
0.227109
-0.0427833
0.111399
0.0711545
0.339425
0.27254
0.275915
-0.356031
-0.0421749
-0.00984688
-0.0397127
0.00689047
-0.0130245
0.209993
-0.106421
-0.0116435
0.0174621
0.126538
0.0122416
0.266073
-0.0739826
-0.0846469
-0.265055
-0.315911
0.20536
0.346697
0.1968
0.188979
0.0999759
0.177451
0.0526649
0.346989
-0.120245
-0.251301
0.169212
0.155557
-0.011296
-0.113999
-0.034585
0.107214
-0.175428
0.0955118
-0.0198493
-0.0083567
0.0831768
0.336395
-0.341771
-0.137755
0.152473
-0.17042
-0.0922929
-0.183229
-0.0779487
-0.0387403
-0.157412
0.034623
0.115127
0.135145
-0.110308
0.401476
-0.172382
0.112251
-0.211782
0.195734
0.195571
0.155145
0.0418251
0.193102
-0.00817147
0.178786
-0.0414841
0.0873751
-0.157142
-0.295168
0.0767848
-0.0150107
-0.126986
0.161738
0.0798701
0.038362
-0.136161
-0.255775
-0.0544617
-0.100755
-0.0454998
0.433809
0.0954757
-0.00160366
0.110812
0.20632
0.163835
-0.0984752
0.0220949
-0.0327389
0.132038
-0.145811
-0.0119461
0.0751825
0.220697
0.133941
0.0828196
0.0151026
-0.0588988
-0.0650831
-0.139556
0.0152683
-0.0241552
-0.115609
-0.136975
0.307913
0.366433
-0.00843529
0.211395
-0.113856
0.100478
-0.0632627
-0.175987
0.0243356
-0.188351
0.0933852
0.0877416
0.0161266
0.0656097
0.186333
-0.020567
0.159673
-0.246624
-0.0377826
0.114602
-0.0313692
-0.070515
0.116991
-0.256593
0.2509
-0.00217019
-0.194767
-0.153906
0.196962
-0.267824
-0.344337
0.100265
0.423458
0.056329
-0.0845671
-0.168525
-0.192159
-0.239862
-0.254302
0.092263
-0.0369657
0.316968
-0.158181
0.123472
0.240102
0.254815
0.00354885
0.0501501
-0.0551697
0.0987819
0.011295
-0.261812
0.144903
-0.046017
-0.0577444
-0.14535
-0.16587
-0.00936624
-0.0579647
0.0636896
0.0629618
-0.143016
0.0698212
0.477817
-0.201608
-0.0796693
-0.229861
-0.12623
0.247494
0.0210378
0.302193
0.309732
-0.0174246
0.0744189
0.175683
0.168127
0.0551224
-0.347814
-0.240889
0.0215046
0.647333
-0.135617
0.281076
-0.0863533
0.511085
-0.021995
-0.167743
-0.2583
-0.0287185
-0.202451
0.0966475
0.0421061
-0.0997847
-0.0535251
-0.0260015
0.281614
0.255556
-0.183312
0.287575
0.0883653
0.0675969
-0.252619
-0.132302
-0.124074
0.00763993
0.00878348
0.236077
0.0962463
0.000588249
0.0421652
0.0504371
-0.0154436
0.0472147
-0.423881
-0.248897
-0.34687
0.0118621
-0.10415
-0.361197
-0.197578
0.400295
0.0943314
-0.13049
0.0176085
0.0100637
-0.0839792
-0.0199502
0.0192015
0.111524
0.106284
0.02509
-0.0851066
0.0209122
0.220187
-0.213634
0.00121381
0.138208
0.261076
-0.158611
0.254931
0.0424771
0.0507513
-0.250335
-0.0999521
-0.0756213
0.0872666
-0.0382338
0.0540508
-0.0625432
-0.149086
-0.0254334
-0.29217
0.113033
-0.0191488
-0.0723107
0.245089
-0.193189
-0.147565
0.227506
-0.101625
-0.172027
0.191107
-0.100171
-0.0810951
-0.115414
0.243003
0.101796
0.0781295
0.0465906
0.0775267
0.0506918
-0.339352
-0.0711594
0.0947241
0.143844
-0.15184
-0.270105
0.131456
-0.173299
-0.441731
0.0137486
-0.137738
0.0529851
0.30274
-0.0761387
-0.0321552
-0.190981
0.0770024
-0.0179986
-0.0142511
0.159193
0.330482
-0.120532
0.0253732
0.101766
-0.117412
-0.278776
-0.163807
-0.263689
0.201356
0.183569
0.184261
0.454084
-0.188502
-0.248683
0.288121
0.204921
-0.322038
0.0699299
-0.254066
-0.180124
0.00842067
-0.12206
0.0535413
-0.277266
-0.321918
0.0110853
-0.153291
0.128123
-0.130058
0.031488
-0.160636
-0.0745155
-0.0841634
0.198345
0.00923036
0.0312933
-0.151274
-0.0142224
-0.0726809
-0.278423
-0.0593312
0.0278074
-0.239376
0.0328618
0.0688184
-0.0520153
0.348142
-0.0375377
-0.174799
0.0705668
-0.0151278
0.260175
0.0388712
-0.182012
0.129377
0.1026
-0.0206088
-0.0621043
0.259739
-0.139398
-0.204105
-0.120282
-0.250422
-0.167693
-0.00174406
-0.00431306
-0.138468
-0.215303
-0.189563
-0.0420212
-0.330453
0.222087
-0.263467
-0.00305376
0.181482
0.108532
-0.109554
-0.164013
-0.0956896
-0.198785
0.0684331
0.322784
0.0998932
-0.194617
-0.161552
0.0960829
0.323262
0.145937
-0.142101
-0.161593
0.123996
-0.186167
-0.193311
0.267159
-0.119036
-0.278944
0.194508
0.429631
0.123425
-0.0117245
-0.451393
-0.0235044
0.0299215
0.0975417
0.279288
-0.21192
0.0968278
-0.0123679
-0.0747676
0.264618
0.196781
0.217514
-0.00933593
-0.257532
-0.382471
-0.0789724
0.103584
-0.284224
-0.154678
-0.0160217
0.199858
-0.374098
0.227887
-0.045292
-0.0303438
-0.138916
-0.0461103
0.226313
-0.0847943
-0.118117
0.058361
0.237752
0.000304706
-0.0123133
0.163983
-0.338035
0.182395
0.00592463
0.119877
-0.0233859
-0.0912028
-0.0775294
-0.061112
-0.0727537
0.155517
-0.220653
-0.0394328
0.225661
0.114428
-0.199892
0.208835
0.185206
0.0577954
0.313104
0.0618981
-0.0482589
0.266262
0.184092
-0.0422778
-0.0498054
0.144389
0.0997659
-0.0156178
-0.15531
-0.471433
-0.118126
0.415977
0.0313346
0.263602
-0.195787
0.0459228
0.134424
-0.2362
0.0489492
0.194594
-0.0331086
0.229095
0.0990032
-0.0228777
0.645644
-0.0176017
-0.193915
0.216962
-0.348659
0.188574
-0.125492
0.219148
0.130707
0.0516392
-0.154983
0.0631841
0.233439
-0.0465955
-0.0629583
0.0950528
0.140307
0.247576
-0.135949
-0.314679
0.17369
0.333172
-0.141976
0.0580971
0.408806
0.0582307
-0.165039
-0.05564
0.185883
0.149613
-0.0761747
-0.172968
0.341524
0.289374
0.0846333
0.423858
-0.149642
-0.0125552
-0.289046
-0.207098
-0.148506
0.291287
-0.00156971
0.24009
0.196266
0.0663647
-0.0276292
-0.110976
0.33274
-0.105833
0.0152309
0.146274
-0.0768942
0.215251
-0.161406
-0.0388357
0.198064
0.0224696
0.219481
0.194608
-0.252489
-0.1287
-0.0847264
0.317041
0.116426
0.316355
-0.055781
0.0932399
0.0111185
0.392586
-0.474412
0.0107611
0.1293
-0.162499
0.0726962
0.102735
-0.150829
0.0968815
0.0898257
0.119559
0.0868444
0.149128
-0.0282448
0.241346
-0.340051
-0.0278545
0.102813
-0.0922333
0.0252613
-0.0349223
0.0231493
-0.331575
-0.0172999
-0.00695324
0.337833
-0.00794565
0.176613
0.00874204
0.0430934
-0.146019
0.110697
0.177277
0.0874284
-0.0436706
0.111075
-0.309093
-0.0222961
-0.271113
-0.095805
-0.0336594
0.169399
-0.173077
-0.162838
0.109404
0.0721734
0.242092
0.0748516
0.0335746
-0.0461436
0.209664
0.102641
-0.016341
-0.0495796
0.210126
-0.29432
-0.0676915
-0.0708704
-0.113564
-0.179292
-0.0591612
0.156738
0.116146
-0.157127
0.430315
0.154069
0.326295
0.0110619
-0.141802
-0.0595448
-0.0300369
0.122921
-0.097507
0.266819
-0.206654
-0.041711
-0.0316084
-0.144521
-0.408695
0.185461
0.217577
-0.0125629
-0.18108
0.124261
-0.378181
0.0616542
-0.190513
0.0143678
0.196239
0.043023
-0.0929291
0.0883525
-0.0470058
0.0335864
-0.0872516
0.0350137
0.048824
0.153374
0.0256428
0.0558805
0.23421
-0.290615
0.103631
0.095948
0.0131722
-0.0294008
-0.187164
-0.0526479
-0.259565
-0.0632151
0.100134
-0.0433932
-0.0505929
0.189271
0.246642
-0.0635845
-0.132995
0.027683
0.146238
-0.0360729
-0.29705
0.164356
-0.0479972
0.247771
-0.156449
-0.231413
0.136383
-0.124476
-0.289529
0.0216979
0.0204289
0.492097
0.00439878
0.0372621
-0.275265
0.0313235
0.192976
0.0385157
0.1687
0.0371517
0.253359
0.0933898
0.199005
0.0552409
0.00920505
0.0216851
-0.0648835
-0.112305
-0.0400592
-0.0503868
-0.0181076
0.0167264
-0.0623433
0.0365233
-0.150139
0.0834265
0.216649
-0.0431547
-0.561419
0.0654081
0.123366
0.120419
-0.0678795
-0.261374
-0.0431218
-0.0750871
-0.00522981
-0.282397
-0.165366
-0.0812939
-0.294544
-0.465538
0.148024
-0.0940476
-0.0201091
0.093755
-0.221406
0.0635995
-0.00138568
0.0115447
-0.136412
0.0377661
-0.227834
0.0782004
-0.33155
-0.190826
0.226695
-0.0416852
-0.034617
0.308268
-0.0481033
0.0476171
0.250081
0.255584
0.351339
0.197933
-0.278741
-0.11964
0.133849
-0.0283014
0.133093
-0.0527995
0.0862204
0.186531
0.00359828
-0.144769
-0.33035
0.289518
0.00575455
0.407228
0.0472317
0.249701
-0.144012
0.110825
0.164467
0.257482
0.25052
-0.113764
-0.0832274
-0.117931
0.158401
0.124132
0.37325
-0.183342
-0.00936345
0.160518
-0.101196
-0.0683229
0.134921
-0.0281656
0.100323
0.412388
0.263254
0.100976
0.0802946
-0.0272948
0.209348
-0.0496168
0.0670256
0.218013
0.236394
0.237284
0.18244
0.154596
0.0828573
-0.338072
-0.0013604
0.0890742
0.0755726
0.262259
-0.2069
-0.203448
0.125951
0.270682
0.150164
-0.0758718
0.0518916
-0.0252064
0.0606777
0.105022
-0.0416273
0.16572
0.023894
-0.0591637
0.0395031
0.0585372
0.0129504
0.0194222
-0.205333
-0.0152966
0.0397881
0.284996
-0.00997775
0.301132
-0.124292
-0.122268
0.2033
-0.287085
0.13397
0.00321699
-0.140202
0.0719785
-0.180776
0.163892
0.227031
-0.111496
0.0524479
0.112813
0.134088
-0.0267503
0.0566448
0.020317
0.0974083
0.336531
-0.0611964
0.0273774
0.0685484
0.0720511
-0.183472
-0.0380951
0.170609
-0.0517442
0.0350509
-0.288354
-0.278124
-0.0544031
-0.0797258
-0.0604154
0.221687
-0.056821
-0.280339
0.0549879
-0.457473
0.0765884
0.282329
0.0131209
0.0932552
0.12931
0.0369983
-0.0770839
-0.0597979
0.303539
-0.143747
-0.0659979
-0.0270901
-0.00514522
-0.150374
0.0545384
0.192755
0.400955
0.0628732
0.032578
-0.214986
-0.125116
0.193286
0.0948296
0.0671262
-0.295329
0.233419
0.408897
0.10205
-0.104504
0.0724028
0.169433
-0.114133
-0.00827776
0.362944
-0.102926
-0.195181
0.172893
-0.154408
0.0140031
0.0582076
0.133565
-0.0190314
0.383015
-0.128143
0.0959923
0.22463
0.346364
0.282372
0.179444
0.104966
0.239141
0.0346035
-0.180613
0.179849
-0.157712
0.0105773
-0.0680981
-0.00760824
-0.12845
0.266303
0.0817111
-0.107387
-0.0601444
0.205048
0.170786
0.149712
-0.179155
-0.0440013
0.0296313
-0.0868002
0.0846327
0.128073
0.0229075
0.195687
0.0136582
-0.000618847
0.122288
0.167804
-0.229058
-0.139968
-0.130584
-0.583315
-0.0147841
0.249095
-0.146145
-0.19372
0.14139
0.138035
-0.111117
0.0963178
0.198444
-0.295321
-0.260363
0.0916232
-0.170097
0.0281819
-0.0734964
-0.0886908
0.0207203
-0.0476468
-0.101091
-0.0370599
0.458045
-0.199322
-0.0673577
-0.199253
0.110136
-0.0332197
-0.222585
0.0440917
-0.027524
-0.108118
-0.0661228
0.354457
-0.0725237
-0.0912975
0.289567
-0.0683944
0.237427
-0.342758
-0.0439517
0.162118
-0.0775919
0.238901
0.0792666
0.425602
-0.259651
0.0155441
-0.133642
-0.263736
0.26703
0.278176
-0.0742735
-0.00993724
-0.468633
-0.0481268
-0.0858818
-0.154339
0.102661
-0.0632826
0.129533
0.0316401
0.00380118
-0.0533396
0.0398258
0.136553
-0.000821318
0.0656994
-0.2002
-0.0215514
-0.134572
0.277722
0.0969175
-0.0341635
-0.0162464
0.101697
0.281026
0.204362
0.0784504
0.14484
-0.0353767
0.0884396
0.000953717
0.226447
-0.249833
-0.0597414
-0.117688
0.0190005
0.223775
0.112707
-0.0241448
-0.252627
-0.0877184
0.238276
0.0820598
-0.225837
-0.104512
0.0177561
0.0974644
-0.376539
-0.00183924
0.0859358
-0.17941
0.124878
-0.0985231
0.198197
0.0181996
-0.222638
-0.271031
0.240757
-0.343633
0.203034
-0.217877
0.124257
-0.155064
0.309784
0.217545
0.178033
0.023697
-0.111545
0.0877393
-0.0601495
0.0929962
0.000732152
-0.0245733
-0.0143292
0.0189272
-0.0612755
0.14439
0.17705
0.0809439
0.143978
0.0314204
-0.156555
-0.0243971
0.088208
0.189205
0.0366278
0.0296167
0.0720886
0.181576
0.114869
-0.0112334
0.0635397
0.0609458
-0.200138
-0.0058497
-0.182778
-0.179205
0.0464436
0.318723
-0.0253089
-0.104957
-0.226705
0.176704
-0.236004
-0.134083
0.0307254
0.1754
0.109665
0.27947
-0.0486076
-0.215025
0.0766163
0.0130577
-0.0594588
0.0553002
-0.000836319
0.216135
-0.174023
-0.23046
-0.175557
-0.0959878
0.132796
-0.101548
0.197975
-0.102296
-0.0385823
-0.129445
0.00382094
0.271869
0.0203601
-0.00231419
-0.192171
0.14157
0.055992
0.38939
0.424564
0.239524
-0.0523248
0.268372
-0.163631
-0.068088
-0.171757
-0.0766366
0.0292164
0.103333
0.0156074
-0.332509
0.0564882
0.0780663
0.178457
-0.122368
0.375612
0.0411461
0.0349366
0.120125
-0.0104518
-0.104488
0.46781
-0.345142
0.120201
-0.200369
0.0885633
0.105169
0.0684013
-0.321164
0.175576
-0.0750847
-0.284409
-0.0776489
-0.309393
-0.0436974
0.117655
0.320903
-0.146184
-0.178482
0.0951219
-0.13528
0.34753
-0.0932282
0.0119329
0.387354
0.113494
-0.183714
0.0176138
-0.0162009
-0.0779162
0.198988
-0.176864
-0.0495799
-0.0310017
0.267927
0.0344281
0.350603
-0.322023
-0.132196
-0.00756798
-0.0474813
0.27853
-0.254169
0.076268
-0.133742
-0.0739623
-0.0100802
0.2861
0.141688
-0.0233743
0.125384
-0.140941
0.0652859
-0.052488
0.0825952
-0.0382516
-0.397253
-0.0785153
0.315572
-0.111369
0.0435687
-0.217627
-0.00222902
-0.0645876
-0.275978
0.141467
-0.35419
0.0366435
0.190397
0.0688712
0.105236
0.0820539
-0.113919
0.16284
-0.121499
0.101336
-0.13581
-0.186656
-0.153655
0.312263
0.120698
-0.237449
-0.259648
-0.143227
-0.0913881
0.169298
-0.0191597
-0.211949
-0.0308521
-0.229575
0.171896
-0.116612
0.117887
0.128048
0.151564
-0.232922
0.100618
0.121668
-0.0804072
-0.265777
0.364695
0.0961397
0.187228
0.132424
-0.0905694
-0.0848574
0.279389
-0.15067
0.0875032
0.276974
-0.0534297
0.167215
0.0476832
0.0934577
0.258817
0.0407962
0.08801
0.371166
-0.295358
0.177053
0.0778026
-0.046426
0.153374
0.00761561
0.278817
0.357445
-0.0931157
-0.0711561
0.0843809
-0.0506608
-0.259369
-0.325678
-0.0601163
-0.133696
0.0558864
0.0778118
-0.0489163
0.0985862
0.0619629
-0.0157125
-0.0565128
0.124873
0.0680338
-0.0101357
-0.0391246
0.108909
-0.0751116
-0.222156
-0.173135
0.07421
0.161201
-0.160462
0.035132
-0.468783
0.157487
0.137222
0.150814
-0.120934
-0.0233522
0.00221356
-0.0475646
0.057949
0.327143
0.0111946
-0.284828
0.059308
0.0692392
0.0326801
0.0203334
0.0968426
-0.171787
-0.0211143
0.0412223
-0.0864853
0.0806681
0.0836716
-0.0989153
-0.226873
0.143441
-0.0701635
-0.0935798
0.34248
-0.230324
-0.0305778
0.425976
-0.395673
0.379597
0.0189351
0.299738
-0.198883
-0.190418
0.206899
-0.000569307
0.0975166
0.0282809
-0.16265
0.0659486
0.143694
-0.0907509
0.143481
-0.0517958
0.0926344
0.0417567
0.0748059
-0.222251
-0.207025
0.0750084
-0.0171584
-0.0436891
-0.238243
-0.302578
0.0273248
-0.242818
-0.0778175
-0.0192179
0.0715336
-0.108197
0.215128
-0.0243137
-0.042522
0.275272
-0.0169396
-0.0345314
0.0716104
0.0663798
0.04872
0.0920932
0.177436
-0.0754522
0.0536086
-0.0162766
-0.192288
0.228757
0.0818371
-0.00299554
-0.194938
0.0244089
0.00892881
-0.0421245
-0.000585531
-0.0774837
0.157149
0.0115674
-0.0331092
-0.192315
0.0320428
-0.0235226
-0.118067
0.105639
-5.93717e-05
-0.359837
0.126714
0.406884
-0.0990871
0.184316
-0.204602
-0.189231
-0.0504255
0.0942966
0.14941
0.0679003
0.0218916
-0.0630693
-0.104354
0.119769
0.201869
-0.170022
-0.222637
0.124134
0.253658
-0.133419
-0.0316065
0.374872
0.157578
0.283494
0.120314
-0.208545
0.227739
-0.192275
0.0416605
-0.0847348
-0.155987
-0.0635125
-0.101764
0.0980641
0.196716
-0.0479235
0.0674531
-0.0745785
0.164415
-0.0080394
-0.0279817
-0.239571
-0.215819
-0.0363434
0.092399
-0.0141224
0.000582387
0.299342
-0.448451
0.110373
-0.152786
-0.100798
-0.243609
0.083509
0.402245
-0.147643
0.164656
-0.107822
-0.24436
-0.189669
-0.00947466
-0.091925
0.40409
0.158571
-0.100671
-0.136785
-0.09936
-0.175422
0.0930194
0.211669
-0.322523
-0.304301
-0.111682
0.119103
0.0216431
0.0702236
-0.00753087
-0.0195935
0.0762234
0.0602389
-0.124502
-0.121056
-0.24065
-0.120397
0.119673
-0.0538075
-0.141323
0.225328
-0.0633667
-0.240713
0.155979
0.231575
-0.0248359
0.151486
0.0361466
0.350497
-0.0998677
-0.0243825
-0.224624
0.0867696
0.010748
-0.173174
-0.219206
0.178774
0.0448522
0.199755
0.117959
0.0944392
0.25637
0.110825
-0.195067
0.0355116
-0.0129498
0.211347
0.0707033
0.17849
-0.0674349
0.300873
-0.0313242
0.0144906
-0.101806
-0.0689278
-0.126946
-0.0852801
0.167258
-0.0947158
-0.0653399
0.208542
0.0425365
-0.385396
-0.0671525
0.228295
0.0540813
0.159174
0.0391598
0.289637
-0.0662271
0.109044
0.0308973
-0.154785
-0.178781
0.185389
0.0566872
0.0968756
-0.192205
-0.0844865
0.135897
-0.0152831
-0.0886824
-0.251443
-0.029759
0.1309
0.0277937
0.2517
-0.12018
0.00824082
-0.0163269
-0.217897
0.206571
0.0582433
-0.227056
0.10459
-0.210197
0.112964
-0.121558
0.0307995
-0.1204
0.0837583
-0.182748
-0.183388
-0.0568874
0.0232915
-0.0316529
-0.0824749
-0.0898437
-0.263793
0.176588
-0.162108
0.029561
0.152889
-0.18411
-0.0340123
-0.0233453
-0.152099
-0.299576
0.0604143
-0.0305042
-0.404942
0.039768
-0.161072
0.0136247
0.335383
-0.181302
-0.143688
0.0566064
0.000440941
0.183517
-0.10601
-0.0690377
0.205422
0.154469
0.182334
0.29602
0.201717
-0.00298489
-0.113753
0.0631755
0.0913397
-0.134994
-0.146771
0.0422694
-0.220697
0.0452941
0.100507
-0.00145876
-0.160457
-0.0626194
-0.243911
0.089536
0.205651
0.176369
-0.0818025
-0.130046
0.00951643
0.344613
0.147872
-0.149395
0.160977
0.0337197
0.0217435
-0.0205359
-0.225306
-0.0320368
0.159966
-0.00766418
0.189252
-0.150502
0.270462
0.304217
-0.0264222
-0.0597377
-0.207604
-0.0769379
-0.0648491
-0.181233
0.293064
-0.161004
-0.00997095
0.129264
0.291725
-0.04544
0.332306
-0.230229
-0.212724
0.0852759
0.184294
0.0469596
0.0135884
-0.0908145
-0.120281
-0.223621
-0.10568
-0.219648
-0.252208
0.204681
0.136285
0.0768439
-0.164641
0.155546
0.0377409
0.204548
0.179775
0.138551
0.020894
0.189462
0.100657
0.0641859
-0.0774767
0.00584624
0.0609277
-0.0255372
0.00224937
-0.187422
-0.104211
0.187512
-0.00239463
-0.0569656
-0.0626573
0.0250681
0.0369181
0.14295
-0.0361631
-0.187948
-0.110737
0.0753943
0.170154
-0.0207606
0.062771
-0.272778
0.0369957
-0.238594
-0.349935
-0.293047
-0.25556
-0.153102
-0.153623
-0.146665
-0.0485946
0.0443338
0.176165
-0.0337678
-0.098522
0.450186
0.135951
0.0742844
-0.348556
0.186465
-0.219146
-0.0597636
-0.220927
0.371048
-0.0172434
-0.16495
0.0115044
0.132284
0.29892
-0.400333
-0.103292
-0.0137379
0.106153
-0.485774
0.0241576
0.151291
0.0831449
-0.0077074
0.298235
0.138162
-0.14712
0.0150529
-0.300506
-0.368667
0.047414
0.0799374
-0.277876
0.223444
0.0627417
-0.0301525
-0.339221
0.0139424
0.027471
-0.0050627
-0.253612
-0.12946
0.0489716
-0.251841
0.124281
-0.442055
-0.0619524
0.195382
-0.0799534
-0.0208974
-0.0407792
0.0181331
0.0219353
0.333069
0.256344
0.149915
0.063159
0.245546
0.147764
0.124574
0.161436
-0.1572
0.00699824
-0.018137
0.0519678
-0.0381689
0.024733
-0.30438
-0.0154395
0.0724035
0.117262
-0.305243
0.0317207
0.0138972
-0.0697224
-0.00735655
-0.257078
0.0755229
0.0272375
-0.185789
0.211561
0.0207647
0.176158
-0.0769685
0.356482
0.0865481
-0.0116036
0.186771
0.0833656
-0.336181
-0.313289
0.344565
-0.0101831
-0.390238
0.338969
0.067551
-0.0281981
0.221768
-0.193988
-0.408417
0.200009
-0.152886
0.0935081
-0.0631963
0.112057
0.0599682
0.0109189
0.405854
-0.0682451
-0.164895
0.0613825
0.0151537
0.000396884
0.320155
0.0753315
0.0417758
-0.0624628
-0.0235073
-0.246788
0.0838384
-0.102397
0.318448
-0.143905
0.181048
0.0230038
-0.00950757
-0.0954686
-0.0492648
-0.0123352
0.217969
0.0596412
-0.0225386
-0.16513
0.0174794
0.0469404
0.0145664
-0.0212404
0.20965
0.0164702
-0.0929898
0.170192
-0.0247719
-0.0990643
-0.189067
-0.0248994
0.114313
-0.224453
0.056833
0.0785629
-0.0283107
0.0181154
-0.319403
0.0698466
0.037547
-0.00434912
0.13283
0.182959
0.115182
-0.106421
-0.217936
0.0401718
0.158005
0.211531
0.453258
0.145276
0.143269
-0.245347
-0.111723
0.181059
-0.123474
0.0569706
0.0229679
0.169221
0.109773
0.124171
-0.171734
0.0882396
-0.013882
-0.139149
-0.102305
-0.0368293
0.0885981
-0.18839
0.00367746
-0.0295135
-0.0122064
0.0537211
-0.0573953
-0.166767
-0.110321
-0.311315
-0.0383363
-0.0302923
-0.0646529
0.189966
-0.140802
-0.034058
-0.152482
0.0952665
0.166436
-0.1931
0.0301343
-8.6192e-05
0.0712847
0.0581157
0.283498
-0.0430938
0.0598964
0.233709
0.300367
0.0392164
-0.185967
0.173651
-0.39446
0.0349874
-0.134762
-0.133439
9.84356e-05
-0.0852879
0.0374255
-0.0932472
-0.053281
-0.195676
-0.031771
0.0296332
-0.171762
-0.166491
0.216302
-0.025412
0.178157
0.00196161
-0.325788
-0.179278
0.181347
-0.0231472
0.0761907
-0.0137471
0.111984
0.0294466
-0.080162
0.354261
-0.260641
0.151575
-0.00329494
-0.0672862
-0.171884
0.0213318
-0.0303871
0.0851922
0.0198427
0.0450766
0.212182
-0.00159261
-0.0359301
-0.0785977
0.08931
-0.174748
-0.0391468
0.184648
-0.0550705
-0.198901
0.154093
-0.32527
0.135381
0.141983
-0.00129494
0.0386429
0.0753164
-0.0279538
0.34684
0.141178
-0.0261113
-0.04847
0.0459027
0.0214803
-0.310412
-0.17942
-0.100785
-0.0429195
0.0609218
0.336789
-0.233543
0.159765
-0.0144563
0.102378
-0.253167
-0.0389419
0.0283488
-0.352069
-0.0156575
0.030791
-0.144474
-0.179715
-0.178731
0.169226
-0.23963
-0.211136
-0.0818567
0.0318185
-0.118525
-0.131697
-0.249546
-0.228014
-0.0475758
0.250577
0.282668
0.231304
-0.117143
-0.0471715
-0.166227
-0.191142
-0.0872789
0.0670534
0.20865
-0.235861
-0.0746852
0.470457
-0.127668
-0.223631
0.238426
0.0233029
-0.296669
0.122933
-0.0522466
-0.00912714
-0.0608449
0.104026
-0.191515
-0.187178
-0.0675913
0.0517903
-0.164367
0.0315298
0.181221
0.242361
-0.461408
0.282004
0.00708825
-0.0213644
-0.27221
0.208541
-0.137352
0.242658
0.284036
-0.101626
0.157566
-0.153462
0.0234864
0.0735139
0.21193
0.0656708
-0.285164
0.125038
-0.159398
0.12687
-0.0860357
0.144684
-0.112219
-0.0333529
0.0900679
-0.0251311
-0.0417189
0.258522
0.272354
-0.138969
-0.346276
0.0426607
0.324895
0.0821934
0.048001
-0.206747
0.024557
-0.171745
-0.0751498
0.0492389
-0.200266
-0.0840379
0.05436
0.0994953
-0.0902698
-0.308442
-0.039489
0.104639
0.133879
0.079985
-0.0155753
-0.212416
0.0500547
0.0992127
0.00664996
0.115191
-0.0672124
-0.0352464
-0.0875616
0.188877
0.0215042
-0.0624925
0.00859667
0.120437
0.0709413
0.0555018
-0.266805
0.0552628
0.0582859
0.0658567
0.129813
-0.0394923
-0.124327
0.264236
0.0640184
-0.0654407
-0.156656
-0.105175
0.109616
-0.205756
-0.0910082
-0.130859
-0.461656
-0.130016
0.0344379
-0.0794922
-0.0694608
-0.163261
0.110629
-0.129127
0.234864
0.051337
-0.155098
0.0902375
-0.135028
-0.0506751
-0.450435
-0.152183
-0.288836
0.355213
-0.128116
-0.060451
0.0772697
-0.0467734
-0.141827
-0.0625066
0.051605
0.0213501
-0.119947
-0.286582
0.341501
0.0466044
0.0793888
0.0448941
0.155341
0.119822
-0.09376
-0.273746
-0.0883654
-0.0301514
-0.142005
-0.174158
0.240824
-0.00321031
0.212616
0.0705542
0.0124807
-0.0288192
0.260837
0.121604
-0.0700918
0.0462898
-0.181592
0.0807403
0.0680156
-0.195069
0.0834408
-0.0167045
-0.275085
-0.266772
-0.0126944
0.0469164
-0.38229
-0.255442
0.149043
-0.133363
-0.269615
-0.0157038
-0.34029
0.202941
0.192843
-0.161679
0.102344
-0.219004
0.0657454
-0.124001
0.0412216
-0.0993792
0.107705
-0.0117755
-0.121767
0.262749
-0.382266
0.33251
0.219651
-0.0758194
0.0403326
0.0815711
0.233508
0.277575
0.114852
-0.0449182
-0.0501346
0.272637
0.128087
-0.311607
-0.080194
-0.0767944
0.0323853
-0.0621732
-0.124844
0.0507542
0.255289
0.0752019
0.201907
0.118719
0.045761
-0.354008
-0.0968666
0.442661
-0.0918705
-0.252085
0.0085677
-0.264716
0.250965
0.00340493
0.0949306
0.028032
-0.153967
-0.221506
0.142463
0.111076
-0.0560571
-0.175053
0.13122
-0.144178
0.314444
0.280725
-0.085465
0.519626
0.0660513
0.334064
0.217308
0.0665737
0.0616497
-0.342125
-0.0220473
0.0844823
-0.0593452
0.0257324
-0.325919
-0.122653
0.0173644
0.116112
-0.218896
0.438435
-0.0130326
0.0680549
0.0291479
0.195092
0.018329
-0.198704
0.149339
0.248888
-0.0240526
-0.0490824
0.286194
-0.276879
0.00630323
-0.29217
-0.0295698
-0.119078
0.178731
-0.0774876
-0.262962
-0.0811607
-0.170594
0.25899
0.0863836
-0.352442
0.0885975
-0.203773
0.160801
-0.261181
-0.557195
-0.0561937
-0.0266425
0.0705499
0.446157
0.041565
-0.0245018
0.176624
0.230561
-0.157812
-0.0620574
-0.0664591
-0.0122227
-0.0798658
0.0669424
0.112759
-0.171759
-0.00649545
0.011637
-0.479059
-0.0769544
-0.178977
-0.367219
-0.12062
0.204152
0.22128
0.109608
-0.225182
0.336082
0.0320081
-0.0241585
0.159028
-0.0947674
0.0981583
0.124144
-0.100782
0.0996015
0.179811
-0.0701274
-0.129925
0.381573
-0.0439257
-0.0745742
-0.0769962
-0.27152
-0.0463184
0.155829
-0.439267
-0.238858
0.226415
0.119325
-0.227613
-0.0392459
0.0398453
0.112745
-0.136926
-0.18037
-0.0540493
-0.075881
-0.232403
0.318697
0.0845761
-0.142896
-0.056974
-0.202335
-0.424342
-0.339424
0.164688
0.0446831
0.547911
-0.122852
-0.177006
-0.291971
0.0440001
0.0598225
-0.1024
-0.413279
-0.247865
0.422471
-0.114866
-0.158892
0.221736
0.158379
0.184663
-0.0512409
-0.0246032
0.124173
0.0730276
-0.148189
-0.0902247
0.214125
-0.00524511
0.144516
-0.240641
0.149899
-0.242176
-0.137461
-0.11351
0.287377
0.296619
0.0293805
0.114548
-0.452265
0.108161
-0.159598
0.226812
-0.11342
-0.117619
0.222719
0.216024
0.106394
0.240853
0.229313
-0.0213529
-0.286901
0.0290916
0.216277
0.0898643
-0.0690275
-0.018245
-0.0789973
-0.0161293
-0.174118
-0.264781
-0.264244
-0.0599238
-0.15634
0.207696
0.319192
-0.0456749
-0.247104
-0.133858
0.20937
0.239857
-0.0207545
-0.253224
0.132939
0.297937
-0.270396
0.201982
-0.361881
-0.361215
-0.100078
0.097016
0.0253449
0.0560592
-0.144141
0.211701
-0.333844
0.00944227
0.00218234
0.170093
-0.223899
0.164921
-0.0210505
-0.24508
-0.0945088
0.186243
-0.175891
-0.00452517
0.189844
-0.225269
0.388382
0.138818
-0.197262
0.275604
-0.0428218
-0.0305292
0.178825
-0.392536
0.376979
0.279703
0.0344213
0.060912
-0.125756
0.116505
-0.141216
0.0578874
0.2417
-0.184194
-0.017857
-0.181319
-0.0761163
0.0706623
0.0456901
0.126707
-0.203717
-0.166531
0.0198531
-0.168099
0.0535761
-0.358434
-0.292261
0.0345406
-0.00586378
-0.0716999
0.404591
0.0227891
-0.298208
-0.17395
-0.536582
-0.249093
-0.0199777
-0.190872
-0.0118003
0.008616
0.0340494
-0.104308
0.116827
0.168373
0.0868169
-0.0497431
-0.126935
0.0468089
-0.0825718
-0.0844796
-0.207844
-0.0673936
0.0699079
0.00148267
-0.3267
0.0689333
0.026146
-0.129143
-0.0882132
-0.160707
0.12708
0.055401
0.140341
-0.0923452
0.0900719
