43.4733
37.3374
89.3077
52.3294
43.6016
38.8274
73.8297
44.8766
52.054
36.9994
63.9759
63.0713
24.0236
81.5955
68.5572
60.2698
67.9548
38.8203
39.4032
43.4666
41.6379
50.9131
52.7336
55.848
30.0964
54.7671
70.7521
50.6213
27.7141
19.2447
38.7614
42.8929
51.3419
39.6055
43.727
68.2376
45.7402
49.7696
59.5727
47.3076
45.1083
59.9863
57.9171
45.8769
48.7283
59.1213
77.9284
73.1773
63.6099
45.2264
60.7438
55.7651
57.7841
64.8246
68.9788
38.8116
41.4681
47.266
39.1727
43.3194
37.1856
43.3591
115.637
63.7276
45.2134
60.325
72.6856
40.2551
40.3744
57.4858
60.7551
42.9587
32.7597
88.9942
49.1048
43.5825
60.7442
43.0879
66.37
50.232
71.7199
70.0373
52.0643
34.3362
97.5431
59.1283
71.2598
66.6366
96.8627
141.825
34.9128
48.1749
56.6522
59.2658
37.158
75.1718
50.6979
46.8549
47.9278
66.402
39.9409
77.1173
53.2597
60.9836
44.8468
57.2161
63.5185
66.6074
50.8398
42.5598
43.1964
43.4941
47.9058
46.0833
36.5477
40.1223
42.8973
51.7977
27.9095
44.5333
61.1269
140.45
46.0129
85.4269
51.5833
54.6299
143.745
45.0517
56.059
36.8319
35.783
55.5275
58.5117
63.2216
35.9621
57.3673
48.1846
55.8578
48.4033
43.6285
55.5936
50.7638
28.8907
45.082
42.9506
36.5859
82.5193
35.1198
51.0659
41.8675
63.5365
51.9211
50.4972
39.4801
144.841
52.495
57.0853
39.7097
53.6598
56.4575
73.375
37.938
59.4013
47.4487
108.685
55.3521
34.423
56.0644
71.2604
36.8896
51.2339
42.4894
44.204
50.7948
98.5466
64.8367
45.7188
29.4202
42.8684
52.6551
60.1832
50.7101
32.776
57.7324
26.3213
140.137
37.3208
47.1728
37.051
75.2236
48.3578
54.7821
61.4934
41.0417
65.2175
51.8943
58.6561
45.2427
40.3905
56.2537
39.2958
53.5057
51.2194
95.3302
7176.54
75.5895
54.9677
37.8246
37.7234
49.5836
62.3433
37.3435
75.1332
36.27
47.0401
51.7093
66.7707
44.3066
106.841
43.7759
45.7341
39.3016
89.0684
69.5884
45.6162
60.7932
68.7566
124.674
59.539
49.2357
45.5834
67.8363
71.1576
85.3092
81.1844
56.6177
44.629
45.1214
42.3111
52.2466
62.4719
110.487
43.6505
42.101
63.2335
48.1517
41.9275
71.6112
55.1238
46.409
52.9554
40.2513
51.49
81.239
51.4625
81.8742
52.7811
45.2797
33.0726
45.3714
35.759
41.8368
48.6423
54.9095
38.7815
53.942
40.6046
56.008
55.4715
42.1715
37.7329
65.0786
42.0792
175.544
53.4785
47.5205
50.1381
65.6137
50.0425
67.2234
33.7422
57.4537
46.0148
50.8791
210.208
69.8275
54.3916
75.1663
50.6892
50.7551
43.6328
63.3768
57.172
65.7737
50.0672
60.9873
76.9503
59.7849
64.9979
117.985
44.5935
53.3208
45.6585
51.8421
108.16
44.361
39.6806
72.4698
43.641
55.4506
65.7268
67.3351
55.8653
45.8243
43.5829
41.1232
54.0544
52.6476
51.4079
43.1306
52.5381
49.6575
47.351
316.681
63.6183
59.28
51.199
31.1972
84.1545
48.2292
48.5332
44.7587
44.2863
76.4391
97.934
51.9701
75.0691
89.0206
56.7691
79.5224
63.8415
70.0198
57.6376
66.084
27.4415
54.9911
66.6206
34.9391
55.049
35.7003
77.6581
51.1919
38.0017
48.5921
57.7844
69.1115
44.0169
59.8656
95.5257
60.2067
52.039
78.5579
93.4997
38.9613
58.555
39.2134
52.9479
38.0028
65.2063
99.0403
79.1684
63.6244
66.0681
68.2653
40.7617
44.0495
48.9131
50.0731
34.7753
61.7643
39.2612
59.8412
42.4678
33.5219
83.9873
32.6311
33.4266
34.2826
31.7337
50.196
64.0232
53.817
44.1801
60.5237
60.6346
55.3719
38.1866
51.9195
54.7021
60.725
59.3603
55.6058
116.443
79.4722
38.5322
56.1699
54.6
28.6126
272.946
46.6903
95.5107
49.9943
50.8445
52.6445
31.2186
44.8565
74.422
36.9806
36.5768
70.1558
54.9705
41.5779
74.843
51.2434
38.9915
68.9985
89.7208
46.5912
30.9201
46.7133
43.8614
37.2795
37.8995
78.0844
29.7439
45.7665
51.6738
46.448
38.7703
50.8586
63.2965
54.5352
55.0584
36.9605
49.5692
47.7007
42.7838
99.9422
89.0385
53.1798
70.0114
149.736
32.4938
72.1004
60.7011
51.513
45.1386
58.9538
42.2126
38.3773
43.5956
84.4057
49.4413
46.5418
51.5338
67.5162
36.2816
54.1638
49.5271
42.8124
83.0288
26.7342
57.4248
28.3586
51.7062
75.727
61.6848
93.3836
125.568
51.4379
59.0725
79.8465
99.1271
90.4501
43.8674
38.0698
35.3193
79.2847
50.5128
36.3179
41.5003
50.6282
57.7148
39.0501
58.8075
48.3771
75.183
90.7469
52.7122
34.4584
37.586
38.5743
48.4117
57.289
46.1297
49.3147
55.7875
56.4483
61.7305
56.0988
59.9684
44.0604
67.8688
49.9363
40.06
51.9096
45.5981
38.7161
54.6946
71.5561
48.5266
38.9702
79.6468
50.1901
53.2902
45.5805
104.826
51.1909
53.2576
66.1738
67.4978
40.6899
44.052
43.7202
52.8642
43.2432
55.7598
59.4705
57.1422
66.7651
47.777
61.1483
78.5785
36.8843
32.0258
52.6233
45.0266
37.3
41.8137
60.4987
57.4063
27.1004
79.8922
52.3799
41.463
42.7243
62.6336
49.6939
61.6383
61.8511
37.2779
108.468
46.5026
41.0018
47.6437
42.1745
60.6478
41.7996
63.81
51.2242
91.3581
90.2906
36.247
42.1876
50.7022
56.6554
44.7822
76.4451
62.1417
52.2766
71.5749
69.7642
50.0133
47.7787
33.1446
53.3373
67.6492
54.6881
61.416
71.7649
41.1773
27.3619
42.8547
41.1787
42.2661
23.9338
63.9789
61.2101
61.489
59.7945
54.5629
60.9918
41.9442
75.0043
79.6774
47.5934
35.0494
82.183
73.6541
43.0782
66.5319
51.264
29.3245
40.1424
45.2853
48.0823
63.4932
52.6028
35.1822
44.778
62.1556
53.2009
47.3259
180.217
67.957
45.2312
57.7737
77.5229
68.6428
117.909
32.6226
52.1808
56.5344
45.3526
70.4224
49.3466
75.9912
85.5743
81.3771
59.457
38.8616
41.9909
33.1591
34.6781
54.4515
47.0603
35.162
41.1518
49.9054
52.4864
43.5
38.5463
37.3695
48.8314
66.809
34.8825
54.1061
88.7915
86.5791
74.9626
39.9807
42.6211
39.2487
37.9231
36.1207
46.3809
85.7659
53.2145
50.4021
39.6065
47.3851
55.6223
72.2074
38.1769
52.2009
86.7019
57.3485
59.1719
66.6306
116.56
37.0082
39.58
48.2697
37.5627
56.794
49.4476
27.6051
40.4174
82.0984
94.1264
33.6696
33.0158
40.1147
99.2286
47.9753
34.872
47.4964
39.7139
48.0064
69.2797
55.8832
77.871
40.8442
49.3986
36.0218
36.1728
41.8021
59.4575
48.9908
33.0957
34.9921
63.2904
64.9304
42.083
48.293
32.0416
84.3092
64.9523
60.1215
44.2191
63.5015
35.0498
32.1775
37.5273
45.6396
73.0016
42.3115
76.2743
56.3153
60.9071
49.1242
71.5663
85.0937
62.154
60.0075
45.6971
40.2508
40.0943
51.2556
45.541
67.1439
50.0479
47.399
62.6684
60.869
44.8278
57.511
40.8643
65.669
40.7743
36.5232
66.365
45.187
54.2014
44.0578
59.7061
102.708
36.8773
60.1017
35.3216
50.5315
64.901
61.7259
39.9352
60.461
114.621
30.9882
62.8473
57.6487
38.6606
51.9645
49.6228
41.4608
40.5106
45.4236
80.8907
49.0249
38.6196
56.0743
56.0766
39.7623
34.679
17.241
32.2304
70.0713
35.6604
40.4866
46.5529
55.9915
60.3681
43.406
36.5334
70.047
42.0367
53.4126
54.8111
37.5836
29.7206
43.7469
52.4721
52.1719
24.7276
44.5401
52.8015
56.3232
49.2796
50.4544
44.1037
40.1284
48.9678
68.0219
32.0797
52.5666
46.2437
49.7943
72.8404
85.7749
71.7213
79.6602
62.006
29.0649
73.9222
54.4329
106.255
58.0591
55.8349
61.7056
87.4801
54.1757
47.1349
53.9472
58.1997
87.3152
39.34
43.9044
79.8512
58.0365
71.6311
65.8927
44.3706
73.8506
36.3167
32.0444
48.5988
45.6666
64.6953
63.7489
51.5232
56.698
38.4791
78.1469
31.4858
108.627
57.6956
43.6501
56.275
56.295
43.8104
47.1953
73.314
45.6684
48.014
35.8876
76.9408
46.6677
46.4809
54.6596
42.1939
59.2589
57.4015
76.5442
41.6331
38.0448
44.5741
56.7109
75.3295
56.3214
48.2204
58.9924
61.5704
58.1142
53.3225
55.3163
36.0147
47.6099
39.0416
64.2171
52.8144
32.252
24.2171
35.7477
64.973
57.7907
73.4894
55.2448
39.4856
46.1298
60.3074
43.4028
75.4752
55.6228
49.8246
51.8825
42.1148
51.1656
51.3086
55.8543
61.9415
62.2035
92.3343
22.6598
34.6777
63.1605
50.2598
76.1957
49.3022
95.0667
60.6771
38.7367
55.1419
26.8059
48.383
104.324
61.8828
51.505
43.5929
57.4251
59.3284
40.3598
73.3879
29.755
79.2569
112.93
46.6429
51.6755
43.3541
39.4737
56.2819
62.1037
36.3211
50.9245
47.4934
68.5671
58.0666
41.6052
48.1054
43.9928
61.5617
36.777
21.8125
58.889
37.4627
49.8622
131.971
229.275
49.4658
42.9601
45.02
81.0657
49.6111
47.7495
59.7028
36.233
27.3323
67.0993
33.3527
120.549
72.1326
40.0199
54.3092
39.9978
59.8321
39.1096
97.3924
47.0119
37.136
68.7925
74.3994
28.6928
35.8301
133.774
58.063
52.1713
45.7364
40.4105
79.107
55.0882
66.8834
46.633
113.544
40.5788
42.638
56.8957
44.1048
53.1558
36.9119
59.0147
40.1112
129.246
43.2677
43.5216
52.3825
44.2578
58.581
57.4519
56.3303
32.1083
41.8944
43.7635
45.6383
40.909
30.1634
46.3629
48.4475
59.1348
70.4042
44.0723
71.7629
45.4835
57.6994
73.5612
36.7138
27.9227
46.8258
47.5091
57.0016
42.4634
40.1832
52.2032
48.7563
34.2152
32.4653
97.1168
48.0103
61.7295
59.7664
46.5341
77.3363
86.4237
65.4013
57.274
52.1823
41.2551
44.195
42.9845
64.3393
34.728
56.3783
55.0285
61.1738
49.8448
47.9066
51.367
43.8055
45.7566
56.7381
62.2353
58.7947
61.8574
68.3135
57.9581
61.8218
38.2144
66.9948
38.3298
55.9615
21.9285
61.5844
50.8796
44.9039
61.4856
45.1713
46.6144
63.3154
59.9299
69.5646
81.0652
36.3507
42.3865
48.5847
43.796
37.1296
45.9158
43.4794
41.5734
65.1348
47.9454
56.4025
61.8112
19.3659
45.4514
58.6335
35.9525
37.6401
45.2027
60.7508
43.1811
49.0345
84.684
59.1136
47.5984
37.4489
83.1639
28.9658
50.3856
47.8038
71.6114
39.7568
51.6948
58.9993
31.3462
51.5814
63.9301
44.433
55.4925
86.7808
53.7744
32.5433
41.5334
85.6488
33.9877
51.1809
85.0308
37.2877
35.6967
81.9679
52.7042
45.2688
43.283
63.0431
58.1924
63.8358
97.8425
57.2225
84.6354
55.7467
44.0494
45.3688
38.7799
50.357
60.8408
68.8104
72.6542
72.0813
57.5249
33.2321
65.6215
42.348
48.5241
44.7517
57.1778
91.4085
59.2684
48.325
72.3856
55.8475
52.4283
54.5503
36.1001
46.3236
44.5726
52.7936
95.399
45.2634
58.1988
39.7993
52.6067
30.5864
42.7719
50.9978
40.7549
29.1252
42.8358
58.8348
58.8829
39.4828
44.4073
29.9695
46.8882
49.8303
50.8382
72.24
53.0838
38.6212
38.5525
52.502
45.5746
74.3027
57.6356
74.3801
26.4344
61.8817
48.7837
65.0252
36.1251
37.5064
46.7094
43.649
49.6404
63.5335
39.4014
61.6585
71.6252
49.4989
37.3609
52.5487
51.4304
48.4064
46.9291
96.3011
45.1773
84.5739
50.3041
52.7403
59.9806
33.716
55.4457
50.4588
43.1202
71.2807
37.9476
37.0366
53.119
44.8951
66.6471
48.0256
43.3516
66.4784
37.2364
65.9976
73.0038
59.6399
37.3957
36.2788
36.3292
35.2252
51.3272
64.7844
30.3742
56.2051
65.3695
51.137
52.4195
55.0337
65.5643
57.7167
35.9553
42.8111
54.4744
57.911
49.3577
70.7985
168.351
55.1238
59.4129
48.4487
37.6108
6435.62
34.9438
42.6289
42.928
63.4309
77.3427
49.789
60.7579
52.1937
75.5437
47.9747
61.9352
31.2295
48.6159
70.5132
57.7234
43.2293
67.0857
54.3519
93.103
54.9562
47.7215
60.5231
41.2223
49.2063
31.25
58.4391
34.836
32.072
56.0477
55.1639
134.189
145.3
51.5043
51.6
57.0732
46.26
57.91
40.6753
41.7129
53.6048
39.3484
43.2156
34.235
65.5917
35.9394
34.5249
54.8803
65.8424
49.5247
48.8947
46.6099
60.9911
41.2602
45.2823
35.6195
45.5369
44.486
93.1158
59.5772
43.0914
60.7125
41.673
60.308
58.5224
48.1349
58.9742
46.2636
78.5414
65.2978
53.9939
59.6033
53.2504
41.9874
72.5782
65.9107
52.2562
28.806
69.9297
68.4671
26.0533
42.4694
41.9137
45.5315
50.8733
40.4
79.8387
49.6996
62.4353
43.499
49.5333
42.0503
79.3743
40.2257
49.0948
63.1267
67.55
52.5735
47.2362
84.3188
63.4358
42.5788
59.914
52.2688
34.7798
47.2651
50.1653
133.738
53.2175
78.9083
29.6153
69.7931
28.1497
95.8378
38.0703
54.6144
101.67
39.2202
69.3715
56.5358
57.5349
41.5476
69.9304
203.048
50.1123
54.8184
50.6236
37.3693
48.5789
65.7089
43.3751
59.7343
59.1972
46.8747
33.6138
32.3578
36.3575
40.3291
38.7732
60.5981
66.5675
59.886
38.8591
39.5341
62.8107
51.3453
52.8735
37.1135
45.7651
36.0379
47.134
59.7617
50.8686
54.4587
68.4594
83.0836
49.8846
75.0032
65.8851
7916.21
53.3928
50.3252
65.6438
40.8452
56.8429
57.0461
57.7315
73.3751
38.6461
53.1892
51.9303
86.4506
55.1766
60.8356
39.5509
38.807
64.6594
60.6089
41.7362
43.7974
44.0015
67.9331
61.4568
43.4015
7133.03
79.1044
51.9134
46.5006
40.5057
530.976
47.8714
56.3537
56.215
43.4745
72.7592
37.4188
121.611
45.0857
36.1594
43.3418
43.1678
112.432
49.0853
40.0854
64.608
93.0012
43.889
41.3668
59.5193
61.8907
50.4928
48.4437
52.9037
39.9072
58.9666
51.2938
32.9939
60.5059
37.0601
58.9924
34.4094
59.5832
44.1417
79.02
50.5051
85.7277
44.2498
35.8976
41.4943
50.7469
46.9656
46.7363
34.8857
50.8398
33.7727
46.5175
38.9539
48.8844
75.8746
32.9204
49.8317
37.0835
41.8148
48.6028
54.9529
29.2791
38.1468
35.0253
41.7207
35.3565
25.2375
36.972
78.6836
50.3535
57.7371
90.9613
58.0245
53.9225
97.7161
34.8198
46.36
57.9707
38.7353
49.1164
42.476
36.9023
43.9035
50.6447
85.0188
32.4941
55.2487
62.2055
48.1744
85.8901
46.8026
66.8142
23.597
37.9554
64.1095
51.35
45.7833
50.5891
53.4626
31.4526
85.2682
29.9667
64.7327
59.2086
70.8975
40.814
54.9475
76.5278
50.4976
74.6505
51.6085
45.5897
51.9299
41.7997
58.1329
62.2694
42.2083
174.002
68.3337
59.4661
47.5391
99.9777
42.9617
54.2267
43.3486
38.6691
42.053
41.5891
51.657
64.9216
57.5497
42.6553
41.2032
77.9533
40.7835
29.772
54.7665
41.6126
42.5006
42.9726
51.9349
63.3409
56.7826
38.6723
80.7623
36.2372
75.3812
55.4174
53.3142
61.7054
59.5429
68.7443
55.4129
67.0942
62.8753
35.043
50.6609
21.8607
69.7522
63.5136
63.9043
56.7384
62.0387
78.3271
32.1577
78.8302
52.9623
33.1622
72.9806
49.3389
60.7339
63.8638
53.3596
42.505
60.6721
71.8382
79.5024
75.9775
47.0667
31.2767
52.8924
29.3334
61.6194
76.7605
65.0964
54.8766
70.4273
60.2183
66.5045
29.9539
43.9277
80.2928
58.2608
49.1716
61.9347
45.7162
54.4406
63.8197
53.3972
37.2541
40.8404
58.3977
74.9242
39.665
64.9335
56.4217
87.2628
40.0623
99.0322
45.8263
75.7742
65.7396
65.2765
33.2067
62.0645
53.9546
45.8635
46.8592
51.1673
43.994
63.244
74.3074
33.61
38.9693
42.7981
74.2982
61.6302
44.8657
39.1923
37.7677
76.5052
53.9124
44.8342
55.2997
38.3261
60.9884
55.2404
40.9429
38.4457
54.0759
44.4155
44.0567
61.5874
85.4534
71.0886
56.7949
37.8881
42.3904
53.9237
52.6472
62.5558
81.2771
82.177
49.8329
36.3231
41.937
73.8687
46.7256
72.0832
39.9422
41.3119
43.1238
52.3383
27.6069
53.3892
37.1059
54.8658
42.1189
32.6804
81.0945
64.4181
39.0202
10143.5
26.0074
27.8226
38.5268
51.0117
61.3935
51.3225
31.8049
66.7547
71.0392
41.251
105.841
67.4174
47.6582
49.756
62.9413
47.1648
27.6637
26.8403
47.4394
59.6916
89.3737
47.9387
44.7307
22.4432
56.7131
53.6879
69.3072
27.4783
87.2249
75.2131
40.4607
52.9151
55.8321
40.7779
68.848
36.9738
52.3664
51.8309
64.4156
85.6551
55.0208
37.3938
36.7955
49.726
44.0136
107.034
49.2794
62.4807
82.3936
47.9437
65.7179
54.1184
41.2298
80.4749
53.2032
32.1393
39.3847
70.34
48.4852
57.8533
51.8439
26.1204
43.1128
52.0344
83.8186
67.5408
55.5391
49.4234
63.6427
29.9644
47.2084
42.703
39.3504
65.4893
48.2593
45.2822
42.4736
51.6233
46.231
52.3956
23.2451
54.53
55.4242
56.9444
56.517
50.5221
58.3245
35.2813
31.6532
42.1632
46.5605
61.9954
30.7603
45.3745
56.6299
100.857
44.5066
49.5954
50.5166
55.1468
56.3239
74.4158
46.5648
43.36
31.6348
42.8559
32.4642
45.5598
58.8584
35.8979
94.2731
43.6924
47.8059
71.0402
46.9768
52.2316
76.9365
74.772
84.13
40.8358
56.2472
96.0065
56.8949
109.435
44.43
38.4201
51.1169
52.6793
55.5963
51.2224
25.5314
45.8734
31.1686
43.284
57.2028
58.1401
65.1396
35.687
43.5471
49.7483
45.7132
58.1925
67.9669
81.6546
80.1213
37.1199
46.4443
60.7021
47.4509
85.9965
57.9509
47.8729
49.155
63.1084
47.9421
37.9016
48.7591
79.9469
53.052
59.667
37.8516
48.3841
46.2927
35.865
56.9307
39.3472
41.0353
196.403
53.4809
58.1928
46.6976
57.9093
52.4172
46.4816
56.0921
39.5036
45.0373
45.558
62.3528
44.868
64.284
42.2906
51.9165
52.6866
33.4268
39.0243
59.9758
53.317
68.0346
66.4143
29.1653
50.137
43.6224
47.1085
55.5151
78.6007
51.7747
36.5126
47.3324
101.117
68.8432
56.8032
37.5769
59.1279
57.2416
55.1458
54.5389
62.6422
81.8078
346.719
364.778
64.6633
51.5121
54.2391
65.8667
43.9216
34.5932
79.428
53.7466
393.015
85.4262
51.5141
36.3117
60.7487
51.7811
49.2545
38.4936
59.2225
42.9233
38.6058
43.692
52.8693
26.2814
37.9372
45.1955
59.8435
63.7443
68.1696
70.108
32.377
63.3303
40.649
38.6382
51.645
51.7222
44.9744
38.8162
36.8759
48.1176
70.4222
39.832
58.409
38.2959
35.9764
59.2694
55.8684
51.7238
55.7059
76.7997
40.4952
49.5098
38.0633
39.717
71.4452
56.323
53.8715
48.8605
30.5438
47.5997
51.5686
60.8602
102.015
50.8941
62.3023
41.6385
61.2914
48.373
20.7513
41.5432
59.9778
63.8503
63.0643
65.9623
99.1226
32.6699
52.6716
52.6687
46.6823
74.202
37.7242
66.4223
47.7074
47.1956
47.3931
115.722
60.1773
65.8527
33.2185
45.2576
45.5713
41.4659
53.3916
62.0154
47.1563
110.081
56.8194
45.4398
43.5371
66.7845
68.5712
68.7562
60.666
64.6563
52.9892
73.9082
39.828
54.9727
67.7511
42.2532
68.2794
71.48
69.4179
50.5917
55.0064
50.1556
77.7459
61.1162
52.8122
52.4826
44.2409
31.5066
65.634
24.0211
42.41
58.459
45.6833
48.5148
44.9358
59.0244
61.3837
59.2686
42.3074
77.9278
36.4382
43.3179
143.977
32.076
37.3975
74.9499
56.5834
36.9336
97.0921
35.3595
44.3489
85.7516
64.8068
48.73
45.3918
101.573
56.9145
43.0845
45.7266
51.6432
37.3805
45.65
42.8935
40.0118
84.0069
56.61
38.1076
52.3115
71.2295
40.0983
62.5881
55.3033
47.846
48.3625
48.7152
71.8878
34.6989
45.3165
73.5651
37.7177
59.2298
46.3713
115.316
55.7633
39.8702
30.1497
41.3702
51.1266
38.6778
50.6522
64.308
43.8404
46.2336
51.0986
37.0919
49.555
45.1655
55.544
58.1871
38.0963
33.4759
47.5882
50.7616
56.4987
58.4985
48.9488
53.6104
77.07
53.2049
70.9056
43.7524
81.848
61.5932
52.2448
37.6998
65.8218
43.7592
42.8495
65.3941
56.7466
39.7213
53.9736
60.8536
79.1548
52.2019
81.3847
54.5595
51.9585
65.027
44.0431
61.38
136.183
52.0087
56.5492
49.9765
47.3109
74.6728
24.5454
67.1177
36.7272
81.2825
41.6514
58.663
57.4221
79.6031
58.5451
54.2683
31.9644
44.822
64.9342
49.4084
39.4899
50.2875
30.9509
52.8611
67.0025
42.3341
46.0006
42.7601
56.772
60.4844
48.5541
57.5165
38.7721
58.9188
56.3476
82.9764
61.2678
192.992
51.5381
71.8646
65.2035
55.7448
87.9881
75.1417
46.9306
53.4869
56.3625
69.1819
53.9318
60.8721
38.5337
52.1251
54.1842
30.9424
75.56
32.5844
47.7587
35.4172
36.264
70.8567
72.4446
100.573
36.1712
95.4799
38.839
31.9598
36.3296
29.6888
63.5367
45.4628
48.1916
55.5032
32.1983
54.1734
40.5184
51.7732
43.1215
36.2761
49.5182
48.4976
63.9117
60.6782
50.9419
49.1095
49.4266
50.5326
70.015
159.708
43.6121
10922
60.038
43.3932
43.2136
31.3226
62.9046
36.3073
50.2391
60.0954
49.4243
32.0283
26.6182
52.6079
73.1101
56.8189
39.871
68.9126
57.0415
75.4618
36.4826
49.3663
49.0536
45.613
65.8528
52.7846
41.0482
41.9726
66.7901
53.3169
58.8457
42.7869
34.0058
48.7812
69.394
76.3476
105.536
35.3389
51.3434
36.3036
39.7019
61.9531
51.2236
45.6507
45.8853
33.2886
71.7668
176.702
65.942
56.4544
62.6916
33.6031
41.1722
58.3834
66.0199
50.9543
41.0099
47.1662
96.0243
43.8458
53.603
44.315
44.9511
60.7548
56.9442
27.0439
53.2511
35.8488
93.8
78.213
53.6648
132.326
63.8727
81.9887
35.1058
49.8592
78.1528
60.802
57.9533
42.0151
75.166
53.1138
90.6563
95.3682
51.1403
50.0749
63.2316
53.3005
53.3791
58.5163
46.5886
77.0119
43.2766
36.5737
127.328
56.0036
54.6458
28.9784
71.6264
43.5039
35.9398
37.3154
38.1769
62.8696
61.8436
53.7994
59.6403
61.729
74.0717
36.9589
60.4886
1035.42
59.0817
41.3398
38.8028
57.8267
55.6717
46.7972
44.8866
45.9214
49.5211
42.36
55.1451
39.0458
33.2322
30.106
38.8655
39.1316
57.8389
53.8693
57.7778
71.2493
72.6662
46.2998
48.7779
35.1964
41.5888
66.1247
47.5808
66.2446
57.0075
53.1818
68.0025
46.1455
52.2565
59.5144
53.8477
92.2132
35.5269
38.8197
108.212
67.7795
44.626
50.9602
61.5953
74.1966
31.7031
35.7515
105.047
38.9339
50.301
52.1286
43.3765
53.4848
66.1716
55.8278
48.2449
75.422
56.3034
42.2881
55.6222
94.0918
37.7402
71.0422
35.2465
119.563
54.4668
37.1206
37.0277
41.1925
65.3652
100.048
96.996
51.2375
53.4667
41.1146
45.0447
80.9254
55.3944
59.1031
55.5806
53.0765
63.4051
54.3201
43.5756
28.2797
56.8598
45.1873
32.8845
96.1623
58.0739
51.2888
58.6438
114.446
51.2263
52.6889
46.2863
49.6994
97.5055
42.9094
51.0809
58.6591
47.5387
5000.64
63.1593
53.438
86.4578
43.6733
42.1419
36.9168
56.6288
41.7528
31.5489
121.827
26.972
43.4286
44.5326
52.1835
49.0317
37.6805
146.497
39.9621
38.3396
52.1353
59.619
44.9591
52.0289
64.0277
71.8535
67.399
52.9139
64.3898
56.4906
57.3483
41.6809
32.2887
52.9929
33.3137
34.0032
62.3778
78.838
43.8254
31.7238
43.9457
70.4538
40.7265
58.6679
48.972
52.3963
64.4033
47.9872
50.8467
71.1164
45.146
67.2374
36.2446
49.9753
51.8204
57.1533
41.8168
43.7129
72.0108
72.7758
41.5683
64.3445
66.4961
49.8637
67.5752
61.8378
53.5259
36.0678
50.9119
44.6428
76.3271
69.9911
44.979
43.8614
50.2681
59.7594
84.2439
54.7156
25.5987
55.6309
31.5324
44.5752
54.1949
55.7098
35.8348
61.0773
47.7368
81.3044
54.9812
71.8707
103.347
64.5815
61.4928
52.5567
55.5455
48.8015
90.8561
36.3032
55.8081
60.1002
45.4318
50.0318
44.9463
46.0755
51.1667
57.1963
42.6334
83.4415
47.1972
66.3909
43.9055
83.0736
51.4332
91.3329
68.2868
51.2558
60.6928
42.8614
50.6534
52.7083
49.8643
38.5461
48.7205
34.5996
41.0976
33.3805
34.3795
33.3095
45.9324
32.676
29.9652
42.8697
65.2933
50.7113
48.3495
41.2933
83.6234
87.7946
39.8986
78.7566
44.0566
65.3746
43.5844
78.9975
31.6583
36.3339
68.851
58.5406
59.42
47.9181
68.1557
56.6097
43.4958
117.193
53.4853
63.4074
97.8758
56.2591
49.2351
59.6885
43.2638
47.7742
58.1608
57.128
34.8234
84.8493
81.0307
41.7325
47.4764
41.1865
37.072
49.6769
49.2511
73.1493
55.5554
66.4165
72.7002
48.0017
45.4637
41.9546
35.1955
49.0682
37.6801
49.3854
68.5019
42.4266
33.8373
31.2685
58.6059
45.8089
41.9595
62.3573
36.3083
262.503
53.6422
30.2576
52.83
35.2988
295.853
88.2546
44.9641
60.3268
35.9794
32.6881
87.9652
37.4679
42.2263
62.2813
46.5017
50.1556
49.2326
58.5244
48.0894
38.7765
53.1689
47.8038
59.2474
54.4019
41.4021
35.491
61.4976
76.3256
43.3727
30.9677
39.2005
36.6639
53.8048
90.4689
41.104
45.7633
35.3061
52.4129
36.2065
36.3329
56.5269
91.7919
50.4387
21.8282
48.8194
43.9595
35.1188
49.0929
37.1001
42.639
47.1972
52.3295
49.8319
51.7006
45.9855
42.8338
29.6097
39.4402
62.5486
46.4165
69.8827
77.1376
46.9532
44.6412
48.6535
41.6143
47.0783
46.1446
62.0169
75.263
45.7972
47.1674
42.6112
42.0778
58.0616
43.7318
112.187
48.3919
45.77
41.5795
41.1932
46.8595
47.727
139.833
56.8239
59.6434
27.4149
66.1223
73.2725
57.3815
71.0202
59.1843
72.3836
29.9609
44.1916
63.2392
45.0009
52.126
56.7432
53.3488
63.2332
76.7993
23.8809
118.914
40.0099
51.9458
39.9907
39.4135
59.5331
63.8884
42.7019
56.3459
48.0358
52.2449
44.8353
97.7854
45.8147
71.0554
60.9213
45.1896
57.0317
54.6675
41.1544
56.4635
60.7096
35.5281
48.979
52.7937
50.6208
52.7134
38.9592
62.4942
49.3108
54.0168
43.3489
42.688
54.4783
58.1198
44.7224
53.0378
64.8322
54.596
66.7901
61.3905
40.719
35.0156
88.444
59.4213
61.8178
32.3113
48.8035
66.4716
56.0663
36.3962
52.201
36.596
69.6862
38.8682
54.0628
62.3376
78.2337
44.4154
58.2201
71.637
36.5819
60.3699
72.5813
59.3165
31.7184
75.7505
48.8772
36.0023
32.923
43.5829
29.1595
59.7473
71.5275
46.8717
71.005
37.7114
38.0225
42.636
30.7435
95.1295
49.9567
70.2461
29.4336
49.2906
96.6614
49.8779
45.0942
50.6179
31.157
41.649
65.5398
56.4156
53.9107
34.9036
42.6746
57.5157
167.793
72.6118
41.0503
80.0821
41.7077
47.2253
36.8168
46.2759
28.0562
34.7751
76.7586
63.3053
46.739
51.7119
100.453
51.9529
35.3789
58.0644
67.1407
49.8115
31.7828
58.4513
51.1124
44.7732
78.2105
49.8518
43.7595
43.8745
59.063
54.2467
103.506
39.3529
94.911
62.1584
39.2714
45.9383
50.7018
36.0665
53.2954
64.5028
51.3423
54.3119
62.8336
101.481
52.1302
29.0025
56.3857
76.2815
48.3728
45.4404
56.3631
68.5466
52.9008
76.6876
44.1201
40.5072
84.1894
48.1698
56.3552
58.0973
54.0508
40.7691
65.5146
41.8005
59.4574
55.9655
57.7832
37.6328
66.394
67.4789
44.2698
107.868
53.6709
43.2585
77.164
73.9838
34.8526
42.8837
69.1558
43.8022
53.1268
62.3184
41.1848
55.0723
47.9573
35.0426
47.7209
57.3184
38.7089
74.3996
67.4543
44.515
54.9595
73.4641
43.8003
28.8869
32.6635
49.5625
60.8959
61.9682
63.555
144.403
54.0681
46.4314
48.1289
61.4691
35.5661
87.4602
48.9014
103.633
62.7791
59.7599
32.6252
44.8063
46.2575
74.7417
45.9139
56.8369
54.8286
60.1641
44.7349
59.1197
48.2564
47.6156
75.4529
62.9695
43.8825
52.9072
109.188
53.861
45.5903
45.3928
67.5726
52.5314
52.1427
78.099
47.2536
35.3427
28.4716
45.3456
51.6072
75.3933
38.4644
42.0243
47.4572
38.8855
72.1889
61.0464
69.4552
60.2546
51.6197
40.6517
40.6792
34.2708
130.116
33.9131
37.7104
50.0684
44.7977
74.7597
69.7825
35.7086
28.3673
39.7528
44.1193
39.1084
44.3142
25.3856
36.3878
62.2902
45.4936
60.29
59.3112
83.3905
54.9813
32.6466
52.9872
52.9782
51.2492
51.5224
44.381
40.8565
58.8157
83.4188
48.7268
63.624
50.3839
50.5323
79.0216
39.5298
55.7987
53.0784
75.4407
47.3757
50.7521
29.7372
37.8645
48.2234
56.7663
41.4381
45.9213
31.4085
46.0061
40.0077
50.5044
42.9296
35.3022
77.6146
49.8281
46.1725
60.0162
113.354
53.0912
75.5981
44.0192
47.1386
117.903
42.6449
46.1347
61.259
55.5228
63.551
49.9589
63.0035
44.1407
27.5437
49.8031
39.344
26.6882
36.8263
70.6653
43.3901
38.5473
81.6635
95.42
41.2808
61.8346
62.7002
68.6491
38.4364
46.3013
55.8209
52.9747
28.9839
57.6631
68.8299
63.2951
62.0978
56.3805
67.1566
55.7413
55.8127
52.4453
51.2711
33.5606
63.71
43.9771
32.178
58.6182
74.13
70.4519
45.8966
72.5661
73.8108
49.8082
51.6197
84.0876
16.9565
56.6391
69.8402
35.7724
91.728
50.7557
43.1022
45.4393
50.1089
51.8026
84.158
43.0502
16.2048
39.4301
37.5291
32.525
55.336
77.5497
52.1904
36.2841
54.452
39.9413
41.9126
52.0387
39.4408
48.6673
50.4311
78.9922
42.0619
54.3677
47.5289
36.9457
65.4997
47.3274
76.173
47.2704
66.9037
44.2551
110.421
56.2643
100.826
56.6831
58.7101
34.7326
69.3145
113.683
40.5881
49.0642
54.6155
42.2215
74.2158
56.6402
45.1105
26.7775
32.9944
66.4944
70.2282
35.6646
81.9176
57.2691
47.9729
34.571
55.0382
58.2441
90.8835
59.3457
55.8861
63.477
35.6201
50.88
56.25
54.317
65.9367
66.2194
30.3839
35.5037
34.0913
59.7788
62.7828
70.4585
56.9356
49.4478
53.6084
89.5804
72.391
42.9542
44.8865
45.4024
31.9861
50.9601
35.2275
69.5902
56.9358
74.3817
39.1664
33.8277
34.183
45.3008
49.5127
58.1777
30.3767
80.4643
48.078
67.5131
59.7695
56.1385
36.5388
41.6789
37.3898
43.8483
56.7068
49.0465
43.0984
49.3283
45.2245
52.8505
45.609
52.674
63.7736
53.2653
45.4348
59.5749
68.1554
49.0004
39.5326
33.222
81.5448
84.1713
35.3428
39.6843
53.8593
68.935
63.0514
64.8924
40.8089
39.692
53.1079
69.3359
82.28
39.7894
62.6511
42.9872
39.1401
66.9687
54.6517
46.3208
46.7133
85.7901
41.0339
57.4045
64.4749
65.2382
46.4955
24.0812
54.3394
54.8222
42.7319
42.0113
43.1217
58.485
57.6989
30.5689
40.6657
55.8027
49.1867
64.1271
41.9756
32.2307
45.5319
56.9221
50.7621
37.853
51.8625
49.1832
47.5609
51.3085
54.3213
48.7367
53.2347
61.2302
35.8695
71.1284
51.5883
54.3047
72.0337
49.4009
50.3403
42.7149
44.397
32.4801
71.4346
57.3823
88.6598
24.9124
49.7337
66.8572
46.9058
54.681
60.8334
67.0778
46.7545
49.7707
41.2203
35.7469
55.5915
86.2453
50.3361
50.3941
50.6338
53.9472
43.3173
48.0798
31.3951
73.5955
100.584
34.8596
46.6308
52.781
41.9366
30.8873
53.9531
61.1802
51.3233
43.5978
54.7395
27.6228
39.6834
59.2987
43.8285
74.7558
43.905
52.1224
33.4063
51.8645
59.2387
32.1463
7756.35
81.8202
31.6305
67.2176
41.5841
46.1829
61.9906
71.0343
59.0447
37.6718
123.747
52.2021
123.721
37.2423
42.0759
65.3267
48.1365
56.8815
46.4519
102.483
40.1429
45.4006
49.9903
64.8024
39.0408
108.418
78.9718
66.2329
47.372
62.1508
79.3942
42.383
45.9994
60.4241
36.1166
131.229
92.8025
59.1886
47.9107
51.7933
27.8141
82.6546
68.6276
55.0537
35.6869
27.7356
28.681
46.6699
74.8954
65.8042
40.9154
41.4605
48.8854
58.6212
35.5
52.69
61.487
51.7095
57.9783
64.4904
74.5866
31.655
59.6756
78.8058
52.4266
62.6372
39.3389
62.1233
40.717
39.2144
45.0435
42.9515
31.3241
50.4711
46.9787
49.3605
42.8544
56.431
42.1834
114.058
66.9962
45.4897
48.8228
70.8594
30.8268
35.4866
34.53
43.1634
46.0146
39.7498
41.7685
75.5201
52.5244
49.3504
44.7854
48.9958
60.2757
65.9853
48.8592
66.7613
45.8119
40.3472
42.6069
46.1153
31.396
49.9583
48.0276
107.758
34.3799
54.2198
59.4488
52.9417
42.3053
54.2972
47.657
36.0322
100.961
62.871
54.3601
47.9915
60.0606
45.0153
43.9594
43.7721
70.1748
45.0584
66.7812
41.7755
68.2944
61.2552
48.2655
52.1167
64.4043
38.0909
48.8028
55.4537
42.3463
45.8253
58.8486
39.6481
20.7731
65.0956
53.2065
66.5951
42.0752
41.6648
116.898
54.0811
72.4403
61.4332
46.1664
57.6858
28.2813
48.1895
46.285
41.3313
38.2724
82.3039
33.6177
40.9095
32.2136
71.6011
38.2345
115.674
31.1968
52.077
68.3872
46.2612
66.5067
56.1252
44.3288
38.8284
64.0215
42.3168
42.2162
48.8606
50.4423
33.9481
42.4805
69.2101
32.4699
56.2542
31.2377
63.3458
58.1417
55.3793
58.8833
29.9853
68.0336
38.8881
50.5891
64.8259
53.4439
43.0192
82.4777
40.5909
36.3748
27.4406
63.9566
52.0235
60.7532
63.7766
77.2015
38.3618
70.5467
49.3279
44.0746
41.671
46.3212
34.9465
40.1285
60.0579
48.3824
49.0391
34.274
30.0228
66.9551
76.931
403.384
40.9986
62.2499
48.6278
50.5295
45.4735
35.0125
57.2498
51.0244
49.4232
56.8382
59.04
130.525
61.3435
67.9625
45.7623
50.0415
65.5538
65.1176
55.3122
56.8742
55.9756
59.6401
47.1183
67.9057
22.2488
46.3662
37.495
36.0742
102.172
100.369
40.8297
65.7131
41.4505
79.4342
30.1719
55.2367
64.0715
50.713
32.5294
46.1993
45.8555
67.7044
50.0028
67.1721
49.3883
51.6853
67.1408
40.0807
47.4835
42.6474
61.7922
45.1738
67.6613
68.5895
130.582
66.9538
46.828
67.5613
40.4831
56.07
67.7976
42.919
82.3442
41.8159
39.5635
36.6659
44.5941
53.5709
68.4158
39.6721
30.5549
68.6338
53.6165
81.5773
65.4866
54.9718
39.6614
29.4193
46.8984
54.8607
41.2039
55.1457
70.2358
44.3675
49.2463
60.407
102.079
45.8988
35.5889
29.3409
54.4025
62.048
62.2748
46.5995
49.7951
28.4107
63.2804
103.01
50.3638
37.626
48.7948
49.9067
72.3886
34.0596
58.6807
85.7651
46.6718
540.454
59.532
46.7101
60.0531
42.284
28.6382
81.4238
51.0389
106.448
51.3531
47.7242
38.2922
63.0496
71.9884
63.7029
54.0731
49.6138
59.5611
66.813
46.2102
58.1022
51.2602
42.5331
52.0986
34.6383
59.4359
42.2915
42.955
57.0916
44.8451
43.3502
45.7052
47.9335
80.7529
41.6086
22.5054
58.0804
43.6041
48.1501
59.9348
72.8236
67.1537
34.3946
83.2369
60.7262
43.4556
74.9471
33.7364
49.2449
47.3127
49.8646
45.4625
50.5311
65.7298
35.1321
43.2958
49.9248
36.729
64.1614
50.1968
36.0774
82.296
48.8207
49.0674
51.1248
46.9036
30.6394
54.6231
41.2473
31.2721
65.1241
53.5562
42.7967
40.6627
63.1779
43.8251
36.7101
52.3414
54.6651
39.4257
41.4621
43.7928
61.7377
150.057
64.8474
56.1145
53.6143
83.9339
63.2876
81.47
88.1481
52.9751
49.9372
39.0019
43.4837
51.5914
41.9477
27.4221
43.7097
38.9067
55.1717
46.8487
40.3069
32.7155
51.174
46.3664
65.0959
106.472
62.7888
74.742
50.481
56.567
28.5047
37.0592
64.0413
52.078
41.0846
43.1462
36.7173
45.493
76.6034
76.5221
45.3168
37.6012
44.4623
37.7598
64.5164
37.9639
27.8575
39.1428
42.3797
43.0878
55.4044
91.4043
42.09
53.0916
60.4069
56.5394
71.6116
36.4217
46.066
43.3627
59.4114
62.8997
67.8329
56.6874
89.7767
53.8829
50.2131
59.9133
51.0408
39.6075
64.2273
50.9215
47.1823
47.2485
37.2286
34.4861
39.1126
43.6803
57.6586
54.0459
40.4365
42.4521
46.9896
39.9849
27.342
93.4408
54.6526
36.2694
43.2826
42.8992
45.0148
38.2687
60.0461
44.9595
71.0545
61.3459
57.3876
44.9614
52.9372
50.2174
53.1867
55.0855
45.5909
67.4286
49.9703
47.3222
52.739
46.1651
58.1906
53.1371
89.2749
45.9126
65.6945
46.6551
40.8483
42.8569
51.599
58.1381
51.8307
58.7149
50.7218
46.7845
91.081
53.3977
65.0315
79.1707
50.7763
43.0614
49.5528
44.9171
32.8104
49.8189
61.1309
63.1615
48.0036
68.622
62.9445
36.9389
24.9421
40.8884
59.8664
54.0252
46.1717
89.2878
42.3891
35.7126
170.382
92.1566
57.4369
35.7004
48.2049
41.0704
46.4278
55.307
45.555
35.9327
47.5739
44.2138
59.067
34.7688
66.9652
44.5995
37.7513
45.1538
55.9653
46.1743
47.1677
88.3428
64.7736
90.7893
191.023
34.6622
61.0561
32.8648
43.4472
77.2122
50.5958
43.7575
49.8834
42.8491
46.4037
34.3172
42.7557
21.8593
57.8044
32.8888
53.0199
47.3941
52.0365
41.7089
23.9758
46.6062
51.5338
53.9086
66.8111
39.7639
48.6446
31.5393
52.6006
41.2468
43.4516
46.4366
46.5194
50.2337
38.0362
53.4324
59.5784
60.3105
46.2953
53.109
87.9472
43.2932
52.2566
44.9699
55.8031
33.6776
66.3994
40.1314
62.3418
45.4548
61.5174
48.0406
75.7377
53.4575
65.4202
54.3136
75.0383
39.301
55.8767
43.6774
26.5276
58.5323
48.0357
41.2104
42.6873
35.1004
51.2515
43.085
440.938
63.029
64.0017
51.7227
72.1316
44.8909
31.5902
38.2425
40.0529
49.2551
34.8007
56.7795
53.7398
43.1763
70.5483
78.8388
55.8492
84.6312
83.9622
62.047
23.9366
38.006
68.1469
44.0184
65.3154
36.787
37.4976
63.4836
67.8218
39.4667
52.4658
64.0881
80.3021
37.771
90.6022
53.0243
85.7876
42.6056
44.9405
79.0335
39.4321
60.7716
52.0343
78.4782
55.6604
42.2244
31.5933
83.2342
52.268
53.839
49.3111
52.9979
33.0768
33.8546
59.0382
109.43
44.9341
47.141
50.1477
77.2644
88.1389
53.5492
59.062
69.693
65.508
46.0553
45.6695
39.2213
62.9029
81.855
57.69
54.5396
38.4005
70.8017
76.1729
83.5129
48.6322
37.9111
43.2956
44.1612
33.7236
52.6198
98.6037
67.337
52.8364
40.1202
45.65
42.892
29.8568
45.4997
46.9025
79.0955
55.5322
50.4882
85.0424
56.8372
56.3461
45.1797
23.6303
34.7351
49.3211
58.888
36.8264
43.4139
47.0364
48.373
50.0788
34.5503
57.1941
67.0772
72.1462
52.2432
72.245
56.2945
37.8744
78.481
72.8523
46.0002
41.365
36.5181
56.2923
37.9707
45.5292
56.5204
49.5786
49.2729
73.4258
58.6867
53.2686
46.0228
43.8044
50.2636
74.7701
62.3461
57.7332
66.3243
50.4235
43.9609
45.1498
78.1357
41.0559
52.5985
54.1526
45.3429
44.8561
61.2235
47.1449
80.7492
87.933
48.575
48.1453
75.8555
49.3862
45.7045
67.2832
49.4018
54.291
25.0211
46.1671
44.2201
55.7083
47.863
44.1646
66.6426
42.4653
58.021
68.6256
36.1452
48.9317
98.6133
42.6616
52.4196
49.8747
57.2185
83.2458
46.9709
37.816
47.2239
59.9741
40.0199
102.613
43.0759
55.2605
46.6559
45.1476
103.908
72.7231
50.6439
41.4841
59.4562
44.463
41.0276
61.6262
83.0823
38.6958
44.8686
37.8486
47.7806
43.6568
51.2761
42.6764
72.6005
49.4358
81.2395
57.5073
68.3467
62.9553
39.1375
46.8328
57.4869
52.023
43.6976
37.8873
40.9671
69.0054
108.611
41.6491
55.5709
28.1235
71.5968
39.9875
42.1155
55.4889
65.9469
44.3727
65.1115
42.8091
27.4429
46.0748
72.3562
59.7365
40.2811
41.6768
78.2754
67.4276
70.6608
53.3792
41.6711
50.5834
54.2797
132.887
65.6606
46.1378
52.7464
53.066
61.0494
25.5329
93.9747
72.2821
42.5564
59.3895
33.3467
45.6128
55.8771
58.0267
62.0516
41.4014
44.1685
41.0731
68.4734
47.5803
32.6952
58.8151
104.538
32.4928
53.6138
66.0506
78.9732
37.8885
49.0668
43.4292
58.2403
76.9554
31.1243
46.9383
59.4994
54.5115
41.2594
46.633
59.5819
68.739
54.6772
50.7662
37.9297
60.1703
46.5765
43.9529
49.4923
48.7922
47.5577
42.5951
47.3092
53.5919
44.6555
59.7716
62.1619
48.7195
43.5343
63.0236
116.942
35.1146
105.797
54.3779
43.1978
40.0801
44.2182
45.3723
37.5395
51.9333
39.1315
91.0973
44.1697
56.6364
52.6457
80.2091
38.9219
68.5754
99.3787
77.575
36.8999
73.7571
78.3571
71.1767
68.3474
42.8326
83.5386
57.4022
45.61
77.4248
41.2638
36.3332
47.9953
38.7479
30.1776
53.1127
35.4853
26.8224
45.6152
46.9824
49.3041
40.9652
45.9585
69.3945
46.4564
34.267
62.5174
50.9318
37.0523
75.1115
36.5035
67.821
58.3901
59.3811
34.9524
53.9223
45.2488
52.7179
45.7072
44.6874
39.0512
52.4889
28.7777
67.9599
45.017
48.3425
65.2264
65.2277
72.4458
47.9568
37.2352
60.4244
34.9659
55.9853
47.775
61.442
40.8689
46.9602
45.4478
70.5406
65.1342
36.8825
67.6128
93.245
65.3786
59.4668
41.9572
42.1858
33.1624
49.3509
105.363
50.5629
69.8703
47.6878
76.4634
33.1563
50.6785
95.2407
46.0158
42.3316
59.481
42.8773
61.7896
47.5755
63.1606
64.6428
50.0529
70.1564
30.6959
63.652
54.3561
27.6945
57.3189
80.9949
47.9721
40.8176
71.2797
36.953
45.141
26.9005
43.4576
69.7809
45.9268
55.8038
60.4879
39.216
64.2538
51.5997
55.4644
54.0352
43.1975
32.702
47.6832
82.1536
65.2404
84.4267
95.6016
62.4677
63.1739
46.7275
32.4549
64.2157
70.2118
51.3473
33.6461
42.6349
66.6214
52.909
54.083
41.0274
39.3806
49.5457
48.3957
57.2886
89.2227
52.7142
21.659
52.909
39.3284
31.7787
48.3265
84.3087
46.0274
66.4555
64.3342
63.1935
54.2399
31.153
34.0521
97.9512
37.9305
56.2787
102.881
54.9631
81.382
62.7619
43.5602
44.0013
53.0057
58.5984
62.7066
60.2475
45.2991
53.2654
40.4441
66.2411
47.8645
72.6339
43.9713
52.7017
44.4355
88.7519
57.083
55.9082
64.3495
88.8226
46.0299
71.4365
32.5989
46.6994
43.5678
40.5211
64.2481
71.6587
30.8737
52.3166
44.0658
65.3142
72.2826
52.8453
70.1964
67.7612
57.4229
35.6625
43.1662
37.3546
53.3477
73.708
37.7131
36.6609
49.0837
49.4581
55.3706
56.8497
44.4031
49.9693
42.4559
32.8531
96.7544
49.7489
37.5741
73.1661
48.6941
43.2776
66.0756
45.6956
67.3628
49.1104
56.0637
37.5415
57.9468
56.4199
38.7264
38.0519
55.3036
43.5943
39.7363
78.4912
481.656
49.8987
78.478
58.2847
48.0076
59.1298
47.0421
53.8883
56.8308
65.4019
59.5875
49.4311
69.2763
128.318
49.9155
46.4116
55.3236
46.8843
122.291
57.3052
32.7533
52.0379
121.516
112.557
53.5296
47.3368
43.4082
33.049
53.5315
48.7989
38.3401
53.7303
37.0626
55.6911
38.7679
41.4328
65.8973
93.3412
41.9203
28.0728
92.9648
47.1909
81.7363
58.5102
25.3717
46.4965
35.4132
48.1986
85.5564
43.5552
54.0441
43.9714
61.1449
52.585
48.1143
42.7627
38.9022
47.8309
71.1696
53.1548
48.972
38.7892
43.6295
41.9801
49.1055
39.3056
57.2977
43.6076
68.1053
65.1252
67.3836
50.3866
125.659
75.9687
51.956
53.5284
31.9569
38.9396
55.4586
26.9267
46.9841
48.2276
46.8529
48.4055
40.954
68.1423
84.5575
45.4619
76.5234
59.1641
51.6154
55.4691
40.51
66.0771
76.5985
60.2872
43.5525
52.6289
54.4908
50.3882
48.4905
44.6416
68.6046
49.4898
52.5875
45.214
57.6458
51.5563
66.4631
41.829
61.4419
48.0153
75.0589
44.8647
27.9497
50.4941
60.8114
69.5298
49.805
63.3233
68.1549
58.5043
150.961
70.6021
49.2902
52.4598
49.8514
59.153
60.304
49.5758
39.3079
103.36
66.4834
118.258
49.6101
28.148
36.2928
39.7745
50.3212
45.764
41.4641
63.9816
83.2799
62.4226
39.1663
46.0012
47.615
55.1294
53.7436
49.2398
98.8022
48.9618
38.4288
81.1939
46.6005
46.2757
39.7671
53.4059
36.5803
55.0967
57.6888
47.1938
56.8752
54.2987
68.3336
65.1782
94.0924
87.9243
37.0121
47.5603
44.8227
47.4297
46.5856
43.4949
53.8595
78.5659
47.7972
51.679
47.135
75.6192
53.7333
38.9739
70.3096
53.8137
54.3566
38.7058
62.5447
39.1887
41.15
62.1947
50.8211
63.5819
63.8181
41.1383
44.0729
41.9415
62.3441
41.2855
46.0224
36.1787
37.442
42.3452
36.1656
63.8939
95.6493
85.7979
45.4803
43.3905
59.4845
62.2156
36.3514
118.562
23.4154
46.8471
58.1123
43.2112
84.0475
42.2061
35.9726
49.8985
49.6741
53.256
80.5093
51.6727
50.7779
56.7477
64.1623
53.5212
71.9811
38.1663
56.5979
78.4791
59.902
58.382
119.397
62.5905
51.6657
44.1816
50.5715
47.2829
75.627
53.7976
95.8306
33.5086
46.9443
70.8619
53.7353
35.9837
29.6296
46.6177
84.3572
54.7734
52.4676
261.637
52.6789
41.0375
43.9288
35.6373
53.7603
51.0956
47.9226
42.2106
58.0628
48.0946
51.7367
47.8228
56.714
53.0085
38.0418
130.016
57.5858
64.7901
30.6587
45.4933
67.1229
59.043
82.5634
91.3185
70.8188
48.0221
39.0173
29.8594
45.1054
59.8335
47.1617
52.9839
53.2043
41.2864
39.3363
40.6334
44.1744
41.1012
39.6596
34.1269
51.2602
117.13
39.7919
37.7481
50.1673
37.958
39.8878
57.9387
95.2641
76.5899
68.5001
45.1497
55.6907
36.6543
43.6477
42.6841
41.8714
39.1281
48.9791
42.7038
45.7163
45.9243
69.562
38.3759
45.4182
47.0657
51.54
49.6639
145.75
41.2282
59.2824
47.7221
40.123
33.885
41.9049
50.3097
48.331
28.3405
58.7124
37.1842
61.2581
51.44
38.1326
36.2336
43.2037
51.8094
32.7488
46.8972
43.1774
45.396
44.8409
40.659
57.8391
33.3965
52.7779
70.0369
55.3085
55.9153
58.967
26.9697
11205.7
85.4426
67.4929
55.767
10491.2
45.9971
39.5047
27.2403
122.408
22.3782
41.4167
36.2533
39.0538
51.1943
35.6174
47.0607
47.5801
56.9347
53.6532
45.1117
52.5235
43.4014
41.8751
47.7139
43.7041
47.8873
49.2872
49.3226
22.8938
61.9127
152.689
74.5457
60.4436
39.8463
48.6464
41.1519
59.7994
78.0474
51.4242
49.0354
40.5542
61.367
64.9034
67.3296
64.7781
114.617
50.8755
45.7348
68.3332
67.322
55.2397
45.0467
55.6042
47.2857
38.8681
39.7485
57.0504
97.2683
38.0569
48.8104
45.734
68.6547
71.909
90.0376
104.546
36.4905
84.7779
44.5189
68.0324
52.5772
26.0613
38.1913
58.8389
48.954
49.8455
61.2232
33.6023
72.6466
61.3895
41.2051
68.8253
57.853
47.7084
45.8463
28.9716
48.4975
47.758
49.5121
61.0029
61.7716
61.5646
41.3688
43.0215
57.8335
63.4069
95.7905
108.395
58.7959
78.0568
65.5593
53.3755
50.4666
71.9181
60.7293
35.7686
32.6682
141.083
43.2899
70.8043
47.0232
46.9097
56.9033
48.6386
87.13
38.6594
39.433
34.5727
43.7163
43.8549
33.5145
56.6334
44.0819
51.5176
76.5696
52.5073
52.3352
66.63
60.6826
31.7049
45.9825
48.9166
39.5675
50.266
60.1816
68.2459
61.7716
35.1619
65.9926
37.5296
42.7529
46.9815
59.9157
45.5012
37.3044
38.093
52.6065
45.845
65.7579
65.2482
65.1402
57.5095
72.4989
35.326
45.1016
35.1753
69.4552
73.9657
79.1304
33.5059
53.9451
71.5047
48.1243
54.2842
60.3474
30.2973
52.6899
75.8772
73.2292
29.4607
86.7508
30.0068
41.3781
40.9506
43.4631
44.5359
49.4088
43.5954
53.4333
35.2728
80.314
55.9151
70.2006
55.6153
42.5332
49.7032
44.0637
73.6687
47.567
59.7123
70.3913
79.2861
87.1746
43.7833
52.7071
56.4431
53.6412
34.1256
38.0632
36.1994
52.705
49.9483
42.6717
57.3436
54.2058
67.1656
43.7465
77.4491
58.7016
44.9146
55.208
45.1983
47.8691
47.5546
47.8393
50.198
63.9389
55.6857
49.1482
66.6458
39.7206
30.8566
29.8803
135.161
39.038
45.6366
52.8073
45.1508
42.5549
39.0987
168.803
66.185
48.7025
47.7146
35.8155
59.8015
52.471
86.5698
89.1663
47.6639
54.5775
29.542
49.782
44.9082
31.6844
67.2472
45.4652
51.5875
87.0506
67.6453
58.5155
62.0867
36.598
50.1702
54.4231
70.0306
38.4436
49.5346
41.7361
89.9858
48.3737
309.231
37.7672
35.3196
71.951
41.4919
44.676
60.9592
94.7766
26.6692
54.393
49.4071
57.8014
37.1228
40.9733
61.1512
77.8947
59.704
78.6288
41.5514
65.7815
40.8217
53.7935
33.8399
35.0922
58.3834
34.8296
50.2722
38.7844
43.5112
44.3063
48.7713
41.212
41.5472
48.7608
49.8305
51.3514
53.9788
33.4485
52.7539
71.2084
56.2308
50.0811
36.7807
38.3201
59.5086
96.1016
40.993
102.962
82.328
36.5751
25.2752
72.3621
53.4881
50.8041
69.1661
40.1614
47.4569
47.0229
59.1892
51.723
64.287
41.1653
49.5029
41.4893
57.4802
33.6626
42.8465
69.4465
77.5375
32.2255
63.4939
69.1506
125.806
50.8246
49.4568
53.0045
36.5718
36.2925
37.1596
26.3609
40.8052
169.844
53.3629
35.7217
60.3443
53.1793
38.9207
34.9081
72.6031
51.4957
42.8689
48.3437
75.8085
45.6786
41.8392
52.0666
53.9756
46.1148
36.9789
45.4113
42.6308
78.411
37.9872
63.0561
43.5816
45.5549
46.5902
47.4732
32.5934
49.5139
65.3399
74.9879
39.7402
57.9992
45.0071
60.3251
70.01
50.8172
73.6704
58.8578
48.148
43.6201
45.4607
51.1605
57.5384
63.9988
69.5184
47.9359
68.8114
34.4315
47.9174
58.9536
79.588
50.9406
37.9137
46.0733
44.0292
70.3049
56.5196
62.9327
47.3693
38.5778
60.7868
45.4458
42.8828
56.2812
54.3203
33.2625
78.9022
54.2077
43.176
54.2202
55.8088
46.0497
49.9554
49.8369
66.7042
55.5268
41.988
43.7694
41.6321
68.7926
61.8439
47.4746
58.0274
70.2876
45.348
34.6044
30.9013
55.9868
50.2169
78.9266
48.2965
83.8933
53.9227
23.5228
64.4624
60.317
72.8491
46.4348
46.539
58.1673
65.7696
30.809
65.2486
57.58
67.8997
59.1696
76.8875
64.1713
37.9744
63.316
40.35
29.6961
41.1586
40.3669
66.8167
64.2542
48.446
46.6143
49.7986
62.62
80.6278
61.5395
59.9214
56.7735
57.4843
46.0521
54.5647
45.0511
44.6993
70.4724
57.0182
31.9803
63.1274
53.5626
36.5084
38.3473
67.7251
46.556
75.7521
55.7884
57.758
48.6149
65.1168
69.6638
48.0499
57.7503
45.9726
24.3756
38.6769
42.6955
59.4876
90.1705
68.9363
40.7797
58.1335
38.6111
32.9997
44.6721
32.7424
100.61
45.9356
47.1996
36.2344
45.1646
40.0147
46.0187
54.7776
45.9068
41.5145
52.1595
42.121
64.0618
47.8743
34.0395
32.1951
69.9511
48.652
54.8421
82.5205
46.6831
52.968
48.779
35.1439
46.8314
43.8098
58.9915
45.4876
44.1959
41.9927
62.8812
35.1031
48.6018
46.8441
64.3533
45.7494
63.3755
64.667
48.801
59.7237
56.5369
27.6115
45.7924
68.4559
70.845
53.1424
52.1744
50.5444
40.5399
48.5097
113.792
65.8185
57.2711
57.4682
42.6835
33.3484
44.8162
69.1167
42.3438
118.355
52.8817
72.7391
47.9239
47.2651
39.989
44.5264
41.8013
55.613
50.9091
46.6846
45.0955
28.3916
28.4447
27.0837
41.1544
65.8289
47.7736
36.9437
62.758
51.3977
50.6072
50.5485
67.469
42.7341
56.1804
49.8584
52.3961
49.1585
50.2976
62.5986
52.429
50.9184
38.8432
53.4151
54.9041
42.8014
49.8213
70.3817
418.667
78.7158
61.5046
55.8928
76.82
44.9292
35.0898
94.9764
50.9526
143.276
51.646
195.519
51.2646
38.3164
73.6692
45.7862
38.7165
49.2572
155.936
39.4854
60.2417
130.314
36.0411
32.6443
46.099
36.3256
40.2145
41.0209
40.5672
62.1581
41.2173
65.9996
27.565
41.4465
34.5076
29.9232
42.1128
44.381
39.2473
52.5124
28.7858
44.6702
30.2898
45.1162
77.2863
33.0261
67.0867
37.2092
69.3814
55.5555
87.295
62.5752
69.2123
44.7725
34.948
53.1377
63.5509
71.3438
44.8887
61.816
82.473
63.7498
37.7417
67.143
50.5984
64.3906
67.2328
59.2831
45.5372
60.0992
57.8363
50.1247
68.0833
33.3636
27.839
90.7354
70.7055
46.699
55.2086
71.3959
38.3239
73.9601
35.5567
100.033
68.5089
50.2412
33.8143
42.7789
41.9333
46.7989
44.8484
50.2101
46.9055
51.1698
38.9883
68.1943
55.313
39.5338
36.8922
36.9559
33.0768
50.4518
57.1275
49.0093
19.9634
47.7137
64.327
27.9423
30.1831
64.135
52.9251
26.774
73.9032
48.7871
78.3679
57.9829
44.072
45.1731
46.4315
36.0874
40.9107
56.7204
35.4149
131.555
52.892
62.4239
44.2029
55.8317
48.2237
59.2176
68.3999
30.9343
47.3378
59.3862
43.1379
46.5699
60.8585
56.1966
63.4584
49.8404
60.9248
35.5493
91.9719
43.1387
38.1429
55.6307
63.2095
57.9772
74.974
56.826
77.1303
43.092
41.7659
40.8328
73.0167
46.5731
49.5247
54.4442
60.4465
63.6625
68.3784
60.4745
32.8116
210.468
73.9462
35.5262
51.386
76.7871
39.4538
48.7312
37.155
68.0157
66.1371
40.9985
42.7704
54.7519
48.8892
43.2671
68.0087
53.766
69.2729
46.3362
63.182
43.637
59.471
51.6169
66.0117
35.4528
47.0593
36.8086
55.9494
87.216
49.1373
54.9266
88.1891
60.9992
95.4445
92.9454
44.8774
67.7748
57.5228
55.1024
42.8173
48.3498
50.9929
86.7376
38.9329
62.5383
56.556
34.6976
76.1845
66.3876
50.7761
60.5065
61.7142
71.727
58.6908
73.2012
51.8208
123.154
58.6721
73.691
41.1865
73.49
46.1983
40.5862
63.1354
44.5882
54.2108
50.4289
48.5435
57.681
30.0929
47.3161
48.2866
27.4111
23.6727
29.4667
34.7524
48.769
49.1463
48.3257
28.1024
70.512
56.0795
58.4725
37.2046
62.5373
43.0254
80.5117
62.452
42.3473
89.8731
76.4435
39.4867
45.8497
55.4552
50.1922
33.3383
49.3501
56.3048
54.4504
49.6831
77.8249
46.5897
42.6918
57.7627
62.5112
64.7416
53.6605
64.9236
50.6298
43.2496
43.4658
79.0098
56.0849
52.6468
51.0414
68.0352
47.5572
48.9991
32.3312
44.5717
67.9034
51.7618
46.5977
55.202
35.4309
68.3514
30.1271
53.4656
32.409
35.2031
41.5573
47.1501
42.4394
46.4385
50.1217
42.4791
38.6404
63.6084
37.8605
42.5997
54.1007
67.8389
50.2564
61.192
110.617
33.7386
56.2518
34.1203
55.0385
57.3366
59.4874
48.3638
69.0622
34.682
45.3747
67.5898
35.1821
31.6158
76.6377
47.7258
43.4202
61.0191
45.3128
57.4217
52.2348
52.9652
43.1145
57.3876
62.5203
55.5738
55.7023
48.3869
28.858
49.4507
52.8315
50.3107
53.912
26.9426
39.5851
56.7537
49.4534
37.2076
51.1155
50.1772
60.6978
49.8041
63.1853
48.0648
54.2371
73.3063
40.6335
35.7937
41.6073
39.1716
35.8183
52.1038
43.9033
52.5928
49.5686
42.9281
88.0879
78.7953
31.145
62.6471
65.3408
86.5754
69.3935
7421.08
79.3058
53.1656
51.17
64.6318
34.4533
48.3959
55.3435
47.8388
43.9698
48.0219
34.5725
46.8065
50.5469
53.4458
77.6716
39.4949
54.1973
65.3073
45.3167
53.8598
86.0143
28.8681
88.8899
30.3102
50.7392
50.8653
57.8412
61.7727
51.9736
107.389
22.8171
77.0608
68.1977
49.8046
91.3062
31.6393
31.2897
54.2659
45.5417
48.8075
46.1265
49.5874
36.2359
49.3589
56.7498
43.9261
43.0081
49.5831
54.1484
63.0238
33.0457
42.8277
50.7333
34.3775
54.7811
43.2099
29.0179
71.0777
44.1676
55.2338
54.1935
39.9322
68.6295
35.8776
45.7026
87.1225
93.5755
44.514
46.7922
56.0996
49.0852
33.0324
10725.9
50.7381
45.392
79.8027
43.2659
56.6561
50.8332
116.675
48.9568
75.3356
142.538
90.8426
54.4255
64.0598
64.2522
82.8154
42.4428
58.2364
46.4893
47.7394
54.7986
40.6111
38.5334
65.658
34.6276
53.6543
54.3519
19.3317
60.8116
58.0094
80.4269
47.0887
78.3286
50.4416
32.0706
49.8705
61.7363
83.3676
38.1159
55.5426
32.9355
50.007
44.1157
41.6187
47.9069
52.0992
42.0312
52.4472
34.9609
54.1428
70.8118
34.267
40.6226
61.0932
50.664
48.6101
55.4175
108.418
43.9908
33.6344
64.5381
52.8136
36.6172
42.0689
86.2463
61.0228
62.2611
53.4496
34.7615
63.1204
58.6451
60.9983
53.0003
37.6024
51.1059
48.6207
65.7952
54.0692
39.0384
38.5159
43.1405
39.3641
61.8395
29.0716
34.8324
59.6766
47.6686
35.9821
33.0469
71.0642
108.482
43.8616
40.7809
55.801
25.9257
38.636
43.9854
58.8993
47.0216
67.1958
40.605
40.3683
38.972
76.1276
55.6162
46.3872
32.5442
45.1117
65.136
44.6037
37.1161
46.2005
51.9317
72.4354
105.574
60.9572
40.6612
42.9769
34.954
37.0001
74.5503
66.151
59.7355
54.1734
54.5511
35.3883
39.0034
50.9962
105.341
39.362
86.805
28.1107
63.5914
61.4178
55.9464
33.7701
128.624
47.7463
40.5681
41.7309
40.9013
42.393
68.1456
50.4416
49.4603
57.9134
55.1176
63.13
103.458
59.6315
54.6732
37.4018
45.4334
34.9112
60.8868
86.8898
46.7422
84.2136
41.2196
41.2625
43.4087
58.0223
50.357
42.3963
42.4623
57.4955
79.5103
49.2707
48.1404
47.194
77.6589
44.756
111.753
49.895
23.4805
67.6408
40.6928
58.4879
67.2156
53.7439
57.6852
48.2604
84.6987
79.6791
39.6925
57.2391
49.5439
41.6859
119.239
39.5774
81.2385
37.7614
41.4461
42.8871
74.7278
45.1753
68.3385
61.7625
49.733
56.0839
55.2095
75.8014
80.69
73.7814
47.7608
58.6961
59.3394
47.8072
59.5526
52.774
63.421
36.5169
36.5043
38.115
52.6435
46.5476
41.0312
35.8182
70.2357
35.9527
36.4812
60.1399
44.5096
65.8716
159.723
48.5601
46.1136
47.1745
51.3669
25.4802
64.9875
24.3434
89.8085
43.1182
72.0103
46.5978
56.875
34.4604
61.9047
40.4712
29.6507
45.6534
39.4092
60.6399
45.9536
76.634
48.6774
49.936
65.4567
45.4346
34.5553
30.0472
70.4833
42.5978
50.5645
38.6022
40.0637
37.193
66.9465
62.4265
52.7929
34.5418
56.2479
45.4061
67.6161
61.306
66.2477
56.0474
49.3509
71.8653
80.1337
48.8961
50.6016
40.6496
40.2804
44.9294
50.7453
74.0198
87.173
46.1635
48.9634
44.8213
54.6739
59.6465
167.734
31.5514
58.3002
40.199
38.8178
34.3927
47.9166
43.4924
71.6708
98.5493
50.63
22.1603
61.2898
82.3155
66.9189
126.273
104.192
57.4539
123.275
65.1745
57.6642
33.6221
52.9973
80.4374
52.5697
74.8065
49.7854
56.9581
79.1739
71.4173
46.7902
49.5035
57.2012
59.6903
69.6753
72.7739
22.8446
113.417
40.9741
45.1585
50.1019
76.3311
75.1217
51.7137
41.2014
54.9253
39.6766
57.2813
56.9787
51.4193
73.8429
53.0672
33.8226
41.0256
59.4307
70.0675
39.1503
41.5314
54.9013
42.7913
24.9777
40.2561
32.0743
51.573
65.7499
38.7652
38.381
34.2464
57.8526
84.2406
55.4264
40.1352
71.7438
49.3681
33.6539
60.8926
80.484
34.4696
50.7977
48.1702
175.284
36.5925
49.3314
64.7159
36.7913
69.7955
60.1171
63.4276
46.2058
104.354
45.4197
52.4864
66.2873
44.7984
49.9409
42.9319
63.2172
50.1397
33.3712
35.5499
49.7604
61.1455
63.0174
49.7253
42.8997
50.5836
78.4336
53.054
50.4411
42.9309
49.8604
41
61.5608
54.6697
49.5302
50.9141
28.3222
72.7684
40.3663
30.6309
63.8483
44.8796
70.8177
50.6124
43.2556
40.701
50.6229
42.6813
62.1163
43.2481
42.9485
134.19
45.0237
60.179
50.3779
22.3703
67.7554
39.6187
27.7634
93.895
78.0598
74.4707
58.1186
74.8597
61.9449
38.6593
46.9371
34.8619
76.8953
195.147
54.604
48.9548
37.9196
47.0153
46.4322
34.6365
28.6994
39.5323
42.4377
64.7064
70.0109
47.998
65.1995
38.9872
45.4443
37.0202
40.4397
67.5277
48.3604
30.7344
57.2941
35.7131
92.3743
74.9859
74.917
49.2258
43.206
64.4286
43.5829
103.064
56.6205
49.222
58.1554
50.8391
68.8615
51.9749
55.9609
65.7632
10660.5
51.0506
52.5486
83.9669
53.3535
50.3423
60.5503
33.9775
54.5923
52.0453
64.8883
43.901
10898.1
54.3929
67.2065
68.6628
49.4537
74.6547
41.9667
78.184
61.8469
42.0693
44.2839
86.6703
48.593
231.745
56.9254
66.0607
48.3631
47.1876
56.8086
39.6152
37.199
35.0916
41.6146
91.9451
51.3305
94.5739
40.8948
74.1286
66.1445
48.1766
41.5562
49.5653
65.7495
45.0855
61.7015
43.298
42.3345
68.0899
47.2188
45.9922
99.9496
57.1163
42.7705
43.0356
58.4174
32.481
53.7028
78.1533
5808.35
37.4627
138.589
48.6
47.5637
48.2397
28.1451
39.0335
44.0349
97.4165
75.4699
61.718
77.6182
63.4285
131.704
53.9024
48.8685
48.8212
54.7336
71.1645
47.7346
32.37
38.965
28.3492
38.971
32.3824
31.6456
69.9265
29.2941
54.2406
58.5201
48.1325
61.4442
45.3
26.1045
105.413
60.6441
62.72
62.0987
83.0876
47.007
57.2575
60.7972
52.6059
66.4211
37.4518
42.5119
54.3173
79.207
71.904
41.1785
41.7395
51.4487
65.329
54.6694
51.9432
50.2013
84.623
74.7059
39.1283
55.0378
68.3441
69.2859
58.9445
47.8082
80.5001
65.7953
59.484
49.8277
73.2724
44.1119
32.2256
50.6753
41.2882
53.5134
51.7034
61.5722
56.6053
33.4823
59.433
57.9873
38.831
50.5648
88.0022
47.2577
66.5358
54.0222
41.2314
38.8093
84.8053
31.8684
66.0079
37.4794
40.3175
43.7012
45.8548
71.1243
40.426
42.208
62.3654
32.9916
45.7052
70.8211
64.7346
48.5911
35.869
40.6602
62.4065
61.9677
52.5039
40.7612
91.7724
73.7264
49.622
55.8977
57.0746
55.5211
37.7451
54.003
76.6929
52.4741
44.0323
81.3843
41.3911
37.0057
38.951
56.1676
42.5428
53.9857
125.963
48.2543
52.08
37.8152
49.2307
52.5836
40.6727
55.8774
40.739
83.6695
84.1875
40.2192
59.3175
52.1119
47.9057
40.7013
59.3814
57.9149
55.4244
45.2062
44.0339
62.9604
46.4299
42.4853
52.468
52.7087
46.3849
70.7044
38.5012
36.7926
48.6479
52.2832
67.4102
40.64
54.463
39.3606
48.6183
60.9512
75.7924
35.8966
41.3512
87.3946
47.6158
60.9192
53.3759
40.3651
43.8939
102.067
33.3307
55.1417
50.8038
57.9667
98.003
60.4882
46.2494
59.4736
32.614
32.4222
54.5109
46.0639
50.7084
62.2596
48.8545
61.5041
64.4498
48.7005
60.6637
45.7844
53.7199
38.2014
52.2532
41.5727
40.5611
25.4865
36.3904
37.022
58.0518
38.2308
52.9155
67.2406
61.2878
37.9107
58.5825
47.6202
94.5916
37.6167
52.9387
70.0041
92.1343
47.6798
40.7056
52.698
56.3199
65.5868
90.0661
43.9609
37.9802
47.2068
43.4425
106.002
37.4569
83.8994
41.6246
56.4685
45.0987
40.6744
67.9978
49.4475
43.8195
51.875
31.8222
70.7229
73.2532
41.4962
73.2527
68.8055
43.8308
66.7244
40.2935
68.934
45.3121
54.2138
43.028
57.6573
60.03
72.8473
43.0437
46.9679
64.3446
43.5799
39.8496
57.1062
50.1393
59.6884
21.4326
42.0137
49.6016
78.0217
37.9052
36.2174
50.4499
67.2085
48.4048
31.9098
56.3659
42.6618
63.8928
57.4876
43.379
58.1057
57.9659
52.2933
50.5726
41.0491
68.9831
35.5698
77.0494
50.0084
48.8624
74.9451
51.2471
81.8768
54.7496
37.8035
21.9383
65.3097
106.221
42.5099
60.2853
72.3124
46.8165
63.2924
37.1548
29.601
57.5777
44.5564
60.1504
43.2915
45.8196
57.9625
71.2436
78.7644
42.0446
26.51
49.6478
32.8404
44.855
98.0992
68.0232
40.9269
47.6875
54.0701
40.3359
57.0366
42.0426
55.9153
44.394
41.2452
51.2281
41.5767
65.0978
45.6311
53.2053
45.6945
33.0853
59.4073
63.5576
39.3662
62.4577
52.0728
51.4323
63.3869
50.8525
41.4594
37.0578
29.7263
60.1742
35.4144
41.3337
38.0005
46.4652
37.286
60.349
65.2026
45.2347
67.3403
57.3084
54.4925
42.1288
43.9528
46.7122
54.0262
61.9649
42.9709
46.3561
51.861
70.1336
44.6162
66.7919
55.3698
74.5871
50.6763
71.4366
56.0355
31.5149
48.0888
46.671
56.8823
35.5699
44.7296
46.1233
41.3953
49.551
54.6959
24.5481
60.9057
57.1834
74.2318
35.3445
39.6841
45.5458
55.9524
40.9937
119.693
39.6187
41.629
60.0345
81.2598
56.3994
37.7536
35.9802
53.6806
70.3202
49.5072
47.6196
47.7642
43.4602
49.4083
185.577
67.9183
54.4306
51.8406
60.1669
49.1427
47.5436
45.7925
49.5927
66.0369
44.3349
69.2421
42.7544
39.5455
67.2863
42.5846
52.3071
78.9584
66.9197
63.8778
52.1527
53.99
47.3642
56.2184
53.1273
6616.7
44.4993
56.0867
54.4096
39.2476
53.6182
58.537
44.668
39.6864
61.5475
50.5277
66.4783
49.3076
46.928
46.9499
52.958
47.6079
58.9017
31.6584
56.3922
50.8361
68.9493
51.3812
56.1693
53.5142
69.2853
41.0341
40.3139
33.8798
33.4838
45.8127
53.8692
48.9046
60.3082
60.4554
62.9486
48.7941
41.044
42.2345
33.9454
54.3191
59.2372
47.5727
91.514
45.643
42.9904
43.7763
49.5865
69.7201
64.044
75.6759
122.604
45.1559
34.5235
43.5741
43.0513
56.0794
35.3946
62.606
29.3635
26.6797
56.5078
63.8106
56.9392
60.1939
73.1328
48.2319
79.9271
76.0033
40.1573
84.4017
55.0242
74.8535
61.3004
56.6444
35.2249
48.7098
44.797
44.5248
55.3642
44.3035
54.0453
67.1501
52.0595
48.462
34.998
49.7109
53.9076
61.7721
108.87
45.174
48.0524
81.6002
41.6003
60.2665
49.9724
55.4232
36.837
70.7947
47.0209
46.2397
49.4605
38.353
66.1726
56.0996
54.0665
60.165
80.2236
36.0651
57.234
36.8277
99.5288
49.4873
78.0715
57.426
95.0497
71.6706
70.5145
45.1896
34.3003
53.6378
29.5237
88.2155
46.725
39.9332
38.035
60.4046
54.6022
45.5788
54.5294
44.5488
51.4912
23.6357
69.3586
46.3003
67.9644
36.1416
40.6454
46.7444
51.5804
49.1259
34.4081
55.9484
73.9605
40.0543
47.439
53.4161
68.2017
48.9055
41.1865
35.2525
51.6118
48.7816
40.5319
29.9514
36.8526
98.487
45.1012
52.4803
19.2475
54.3289
44.8055
39.085
47.3415
52.335
47.0806
49.1113
55.1845
301.263
62.2396
35.2971
70.5329
51.1208
72.9096
50.4904
61.2305
49.8989
71.3083
52.9011
46.1931
44.3614
57.7204
36.4515
58.5209
38.5294
47.8438
63.4501
40.4448
67.7805
40.7876
47.5779
43.8205
54.71
30.7206
58.3841
57.1761
47.8271
64.7679
51.109
63.2449
72.6843
45.0018
72.2894
43.4141
51.2801
56.2635
44.8271
53.0749
39.8866
55.5977
38.4434
54.8366
66.8074
44.2232
59.1373
45.2301
60.4482
42.4146
27.4285
140.51
26.0283
61.6816
64.8053
47.8501
88.1011
70.963
43.6473
63.4122
34.8106
26.9245
95.3227
32.6085
26.2825
46.1044
45.4297
83.9297
47.6482
50.7541
51.3461
95.1682
34.2762
63.1731
28.4199
55.0225
87.1875
48.3938
59.8853
31.195
55.6305
57.0285
30.3282
56.1261
58.275
45.5067
51.0418
82.7347
63.0255
53.4859
59.2318
59.2449
39.4313
44.5553
46.5911
52.5941
54.8068
60.4997
40.1594
55.589
60.5961
45.9724
38.7697
49.9352
33.9619
58.1419
40.1174
76.143
31.8533
43.1384
62.0395
71.8814
70.1367
88.4664
36.7412
46.1933
47.8158
45.8104
50.1271
79.3621
63.6665
63.1675
44.2576
36.6828
47.3329
69.8206
90.3697
47.0646
40.7908
51.6747
53.9172
57.7415
51.3771
46.6949
47.0809
45.6643
42.9188
61.5112
47.583
59.9057
45.8972
50.0119
49.5237
80.6779
46.7252
37.3342
38.1172
59.2191
64.7105
46.2497
59.9769
71.9049
61.8304
75.8541
116.822
48.5361
52.8837
48.5576
31.5167
53.6107
60.4181
53.6174
48.6878
89.8013
39.5442
50.5328
43.8206
55.696
80.7796
48.1967
34.4796
33.4972
87.0044
65.0627
80.1194
37.1922
55.6647
30.9117
59.4078
48.3082
36.086
74.6923
39.6863
45.5488
51.5213
40.5153
64.437
50.3424
59.1919
63.6084
42.0031
48.7568
116.185
70.5002
48.8623
188.961
50.2211
81.2269
82.8457
45.7004
54.4912
78.7364
34.2114
82.7092
43.4548
63.1735
40.3469
42.934
53.095
51.1398
58.1391
47.8142
44.9747
47.2174
110.198
56.6579
47.477
52.185
51.4508
59.4233
82.1572
85.9406
36.2101
49.4446
53.9835
61.5848
58.8804
72.4186
56.5687
41.4949
52.717
78.349
88.5859
65.7113
49.4331
63.1148
45.8812
68.9226
49.9667
43.3939
41.0205
55.2621
81.3879
52.0354
70.165
44.8144
62.3468
52.2931
44.2038
55.1394
63.7452
42.5535
41.3713
53.5869
79.8192
30.5981
50.1799
57.1553
48.6425
115.149
55.4306
49.5165
40.3143
69.044
72.5096
79.0903
29.9456
51.8535
27.2527
48.6496
44.3498
28.875
62.842
67.0569
43.5088
33.9697
43.1397
51.5771
46.3871
65.0886
191.121
110.434
55.6631
91.8317
60.9964
52.1692
40.4643
56.6931
50.634
47.8565
77.927
55.7134
65.4375
68.5172
47.4436
305.725
66.0885
66.0897
36.904
147.909
40.0124
50.1595
505.543
45.695
63.1405
58.8449
27.8422
37.5173
61.277
42.3942
75.7741
25.6673
21.0596
42.0347
57.4169
62.024
77.9101
43.4738
51.8162
42.618
31.4673
30.1944
58.0751
53.4234
55.7647
49.6999
52.032
49.3399
30.7327
50.2824
51.3215
62.8506
47.1958
54.5177
45.8456
45.3724
52.4316
90.181
52.9285
56.357
54.1395
38.2378
42.0796
46.9677
71.4559
52.8339
37.6193
39.3865
57.7613
50.8764
44.0623
49.8129
52.8492
35.4149
54.7089
42.241
808.344
54.37
72.2735
40.6137
63.9364
44.4749
67.4635
35.581
72.7128
42.8168
31.1757
74.3274
61.0955
44.962
35.7404
57.816
51.5527
45.3565
48.2806
36.5369
45.7691
49.2438
43.6151
48.5617
33.7856
50.3497
41.1379
47.8196
37.7588
61.7144
45.0463
40.8682
40.0646
40.5897
90.2315
59.8405
46.6606
60.0813
65.3614
31.1981
51.0381
29.6174
34.5428
38.5357
62.8124
58.1946
48.8086
60.6391
56.2101
50.6657
51.2954
57.2549
30.2485
84.927
33.6378
72.5923
60.6162
57.7902
41.3728
61.6546
63.224
61.1067
34.1453
113.509
47.0989
54.6164
63.6363
44.6345
44.3769
48.2807
39.6476
47.7908
57.8407
50.7274
54.5416
41.8706
111.599
68.2509
36.3183
62.9345
46.7978
36.9916
39.2341
39.3397
72.142
59.9953
46.7889
46.9306
55.3588
51.4191
49.0531
51.9931
64.3027
44.3073
45.3857
63.7426
43.2745
103.449
44.1827
51.6199
47.3753
34.0355
45.4514
65.6279
59.2937
43.9061
57.4339
41.1725
51.605
34.6017
45.2325
28.6231
60.9431
51.8683
97.7872
60.9343
83.1625
51.0559
41.241
58.0067
46.6908
43.9166
51.4729
64.3796
98.6465
56.3805
65.9579
43.3245
89.4667
45.0657
58.1058
61.5035
42.4028
47.0635
64.8979
47.7532
25.1004
35.4166
39.7106
53.4919
63.7526
62.8873
47.3405
40.639
39.7367
50.4032
46.225
45.8017
73.044
75.772
56.7385
52.0829
83.6052
43.0907
65.55
36.0754
87.1957
39.0713
35.5911
48.5955
37.9243
122.294
61.992
64.8747
35.8116
49.9842
81.953
47.9414
40.3329
171.578
64.4824
78.3064
58.4047
29.197
61.672
48.4318
54.2113
58.2495
92.3935
52.1943
43.9088
44.756
43.2425
53.5762
64.0665
60.6925
39.1681
42.097
56.0596
45.3772
50.1944
53.1975
38.2841
44.847
42.6847
54.6828
45.6465
40.3
27.3824
49.449
101.363
41.9537
59.2797
36.3608
52.3718
49.0225
65.7788
48.694
69.3832
47.7097
61.8528
36.8272
55.4422
40.2634
42.7567
55.6845
61.5442
52.9972
50.0375
74.406
40.7228
112.05
61.6516
47.1755
66.965
64.3761
40.6466
52.3173
48.6216
111.48
33.0428
32.3048
63.8434
51.3104
40.3264
54.5949
71.9403
30.6848
20.1105
37.8886
65.3541
52.0346
78.2116
84.1821
47.9356
65.4513
38.9879
62.3196
57.738
38.7166
54.1416
45.0187
56.649
49.2248
38.2949
74.0389
43.1091
68.7506
53.295
74.5089
63.7203
49.67
63.1999
49.8682
43.2741
49.2735
46.3861
54.0931
12280.2
66.9925
54.2076
91.1707
39.7567
52.6834
40.2429
47.6153
38.5501
71.4715
42.3452
100.605
88.0139
34.3973
50.0408
69.5556
81.1173
51.6934
43.067
35.0558
54.0267
56.6778
66.7089
60.1312
33.5114
41.4298
44.229
29.0905
32.5287
62.1392
32.9533
81.4246
52.8491
6592.13
29.2163
33.4454
62.0325
105.837
73.3456
35.0477
48.0944
58.8407
62.7223
69.2712
41.7354
57.1994
52.0124
50.2382
82.3983
54.402
55.6073
54.3883
37.1038
31.6943
39.8333
46.4111
143.757
33.433
42.6818
56.5155
53.5158
49.9577
44.8938
32.6089
48.2475
52.0467
83.8414
20.1777
36.2899
93.5967
67.6788
30.8052
46.2067
43.4022
75.3836
132.802
41.0829
48.9234
33.8236
44.0596
65.1167
39.4846
69.7621
162.057
52.4278
38.2101
53.9162
54.8281
48.1981
54.7077
48.4442
66.603
30.3244
46.0452
84.4619
36.6586
41.0199
35.4132
64.5223
45.6313
49.6569
67.1131
54.8712
51.8363
59.9695
65.7104
132.27
43.8019
61.5177
52.7559
60.9268
36.2915
70.391
57.2313
55.611
63.9148
53.394
61.7516
60.5798
75.0617
64.8082
33.2987
42.0545
37.9038
53.2352
50.2825
56.9861
51.4773
69.7231
122.036
44.6445
61.9389
49.1454
32.1517
69.876
76.6914
99.6616
89.2525
55.8129
82.9842
92.9848
57.7844
40.3266
61.1439
29.5651
63.1447
48.6846
43.0362
45.3982
31.5289
81.5708
58.1304
43.1103
52.4428
95.9845
79.2546
45.3321
41.1417
43.9204
40.8794
43.4709
46.4045
39.6272
53.6544
53.1385
44.5522
51.2825
58.9788
34.7647
52.0467
68.3487
65.4695
85.7795
39.2937
46.4269
49.3721
31.8621
41.8385
54.8619
31.2088
46.4251
76.153
48.0904
77.6896
44.3201
99.353
45.0749
36.6012
47.1955
28.6984
57.4909
60.0387
140.437
34.7735
26.981
95.5825
48.5862
46.5967
46.8432
57.5607
43.1831
50.3681
77.967
105.733
37.5208
17.4902
80.5186
33.3128
40.2031
47.8029
51.4265
87.0588
37.8897
104.869
44.1153
55.3996
44.2768
58.4203
76.7996
49.7862
45.6715
36.4447
63.1637
57.6373
51.1946
63.9523
46.6519
58.1254
44.2553
49.6365
26.7979
52.1497
65.3059
42.2869
62.5628
39.9653
42.598
61.5519
53.5842
47.9762
41.5415
36.4158
60.5744
37.8372
36.2931
41.642
46.4462
87.3843
54.2652
43.3212
60.8775
67.8194
69.3946
62.9305
40.7571
45.3988
77.9636
42.824
40.2027
49.8662
35.31
62.0822
63.6436
62.1587
48.122
50.5914
35.1919
50.8302
52.4218
65.7899
48.9848
72.171
43.0062
31.7228
45.1812
48.0223
65.0463
65.0662
40.3356
37.4981
47.8901
38.071
58.1946
41.7299
63.1398
51.4985
45.6301
40.8873
33.5055
46.5364
48.3266
55.7796
74.5752
76.313
36.4791
56.8891
52.6889
49.719
28.6485
42.8524
41.3216
59.1065
55.5541
43.3803
57.1967
64.6929
81.8893
110.801
46.4281
46.2011
50.0556
36.7927
58.3007
50.7152
51.8564
37.2333
42.1531
62.6863
61.4941
60.0862
48.2096
60.3561
29.5465
46.7832
48.9091
49.1253
36.9585
58.4091
75.6579
60.9996
63.5856
46.0776
70.8621
57.5121
46.2156
50.2285
43.717
43.9783
41.4181
48.1765
43.4962
50.7669
44.4878
43.2173
98.8255
117.509
48.2698
30.3884
79.8633
62.6821
55.582
45.1551
35.2368
62.954
52.0557
37.0105
73.236
28.4126
45.94
61.9609
106.718
41.1328
35.9891
39.7348
45.9135
66.9986
57.0805
36.9396
58.6379
57.5596
33.0795
41.1063
51.7717
48.886
62.9983
41.8393
44.8179
62.9153
47.5466
53.4826
52.9766
89.4127
50.1258
48.4984
55.674
48.3839
45.2747
58.9962
55.5348
63.4747
48.9183
46.2735
61.7453
49.44
54.9432
64.7949
42.3802
36.1993
47.7728
75.6339
65.883
61.1356
63.3701
32.6785
57.8799
29.4038
49.0345
37.6528
65.5119
59.3681
42.7612
58.2465
54.5087
50.6419
56.7206
74.3394
60.807
55.1129
55.3384
47.4357
45.1384
53.4561
52.7164
37.8228
102.277
51.5924
36.4454
95.4721
67.6851
41.8097
48.4737
44.9949
53.9166
54.4717
53.7876
49.6762
66.4206
26.6867
46.9109
50.0401
43.8724
44.5811
63.1523
39.0312
62.0294
58.193
43.9185
42.7684
38.0719
41.7621
98.7218
70.7395
35.4011
54.1178
102.919
40.4993
64.1096
29.8583
65.1205
37.5322
60.9556
39.4488
9238.83
157.324
66.765
45.6507
27.9071
52.718
42.6925
20.8722
53.391
85.5548
81.19
50.143
120.324
64.6756
41.1334
40.2291
92.5692
35.8644
41.7235
37.4748
86.0542
83.8823
59.9253
36.9863
77.3365
39.3449
80.4086
77.4724
48.6598
57.443
50.4224
38.4544
39.4302
49.2199
49.1185
52.8641
46.2596
61.8669
83.0342
71.839
118.938
46.8214
27.0621
44.6367
52.763
62.2311
59.1055
47.7053
61.5169
42.5202
35.7538
54.6606
83.0445
28.234
45.5252
71.671
59.6086
58.3751
50.7684
35.3107
45.4971
50.6912
58.2144
42.4916
53.241
70.2131
34.9053
47.9431
51.5005
62.265
38.8891
46.1615
42.5659
40.9564
39.5276
45.6539
49.6588
66.1988
56.931
36.0822
89.0614
63.7297
57.5451
70.0637
56.9135
64.4699
48.9029
60.3611
51.4704
33.3391
41.0211
40.4923
40.8809
54.2566
62.5331
46.5868
56.3638
50.6679
52.718
72.4296
55.5039
80.0684
76.5208
31.9842
34.8425
59.3381
41.7516
41.2503
63.3836
60.141
58.7675
72.4249
39.1501
55.9041
36.8124
41.1557
64.864
40.5236
61.158
48.3573
50.1431
61.724
75.9485
65.0977
100.376
53.4811
45.165
62.4275
47.6862
36.4129
63.4269
48.1752
53.0921
45.7511
61.844
54.151
68.1346
70.111
68.3725
47.0375
58.1418
96.2658
71.3465
69.5183
41.6592
51.8863
29.2911
49.0272
72.4077
52.4343
49.6993
62.706
39.0031
42.9582
63.3654
44.1024
36.4291
42.7833
53.0119
41.6832
44.1356
46.5031
139.225
40.6321
41.0978
72.7999
80.8651
63.5866
55.7015
38.15
104.013
43.564
48.043
33.1971
43.2231
32.9035
51.8084
46.7298
52.8108
42.6495
51.9947
88.7546
44.9549
37.8058
40.3698
83.1281
72.2853
42.2635
60.1318
41.3652
49.2148
59.7632
49.0338
42.5384
48.133
38.2991
43.0838
58.56
30.4428
17.9025
53.702
83.998
52.9548
78.0894
52.4524
73.1583
51.1491
53.3022
63.2857
53.7621
37.6398
53.685
51.1917
44.9443
60.238
77.9857
36.7868
203.676
33.239
151.03
58.8888
39.3638
62.6473
47.3788
40.1814
59.4965
49.5358
35.2955
45.9305
45.7223
45.8231
34.272
56.6974
45.1861
38.6785
53.8616
33.1333
31.1282
31.6175
43.0287
80.4716
266.118
55.9561
114.828
7743.9
68.1363
43.8036
45.8449
63.5363
67.0179
46.8438
90.6587
88.0021
72.4442
51.0706
75.5335
58.548
41.6779
51.3644
75.8422
42.4127
68.2987
39.4258
47.6647
48.1434
64.0421
46.6986
28.0109
54.3421
43.8935
72.1802
85.4961
52.4467
56.7584
42.7691
52.9056
76.2156
84.4563
43.2331
51.4684
89.1866
46.1396
70.8538
50.5196
55.5708
50.4981
34.7246
44.8093
48.8289
89.6037
52.9463
48.2762
45.867
77.9456
67.4762
60.8645
54.3736
53.2855
67.2737
42.3458
48.5343
46.3027
34.7095
44.2683
38.9771
34.9351
50.2741
45.9092
51.6961
63.8578
56.6263
57.8394
57.1922
52.7896
41.2338
37.479
64.9319
49.28
67.6348
62.8843
50.6361
53.8831
121.585
73.5084
60.1096
40.5216
51.2877
79.0841
56.6241
74.6756
49.4455
91.7764
67.7578
52.195
83.5646
49.4647
63.5558
29.3133
49.3012
46.3961
107.701
50.9995
45.3382
71.5313
69.4692
57.7983
45.9419
31.2251
45.032
46.3887
47.0528
133.3
73.2593
50.1982
82.7534
55.9707
71.4305
37.1365
50.1415
51.1959
77.6859
47.3871
87.31
80.7173
65.8072
46.3608
47.6414
77.8378
40.4306
62.9723
52.9394
56.5781
45.8593
40.1515
35.874
34.3138
50.2303
36.6001
66.017
42.6185
31.3371
49.4339
54.4874
52.4334
206.278
58.9926
37.2363
49.1426
59.8937
56.201
48.2892
89.0503
27.0496
39.5248
79.6052
51.793
75.7598
59.1431
63.9292
47.4062
69.0722
49.6341
35.0142
373.827
44.563
60.5114
55.3249
47.9711
67.6959
48.3842
44.4133
69.9827
40.1319
43.1375
45.9987
52.4352
38.5685
42.2425
52.6372
58.7881
102.712
52.6476
61.5833
52.5823
38.4171
59.1094
64.1943
69.115
45.4546
52.2693
51.8615
52.2526
34.9494
74.111
55.1423
59.6272
45.7723
48.9422
30.6179
42.1054
63.786
57.7483
47.9208
25.1764
48.3403
43.9618
74.2798
44.3846
33.0799
66.6168
46.0929
81.6348
31.4775
43.8874
71.3427
37.4272
36.0239
62.557
119.053
54.6699
34.1579
36.7133
47.273
41.0665
47.8593
62.0592
28.1616
60.1011
43.2508
64.6275
37.3323
61.1107
38.9237
62.305
47.4861
39.7094
82.2031
51.2218
59.2638
36.1264
57.2679
42.8693
54.236
54.2865
36.3671
55.1013
46.7207
48.2191
52.5629
58.0321
56.5745
40.496
46.6132
36.187
51.4387
52.2618
70.6844
44.1692
59.3265
46.3334
49.7294
47.079
58.139
52.0652
50.4303
79.9762
30.4364
76.4817
56.6766
45.4328
72.0193
46.5666
41.0984
64.169
40.922
48.7102
40.6013
63.9414
64.1342
55.8079
37.6131
43.2651
50.973
27.8302
60.7587
49.2922
45.3189
51.5278
47.4362
36.7512
83.7507
53.0912
37.6013
48.9093
57.0598
48.3299
48.5526
38.8655
20.6351
47.0183
83.3639
32.7895
31.8688
78.1267
68.1857
70.8801
83.7464
86.1098
76.1638
26.0131
50.0297
77.7923
52.6114
52.2645
51.8578
59.447
50.8406
42.7734
68.9218
6714.92
85.3653
37.6847
51.9057
43.3012
41.4218
44.3601
60.0297
41.1364
49.0496
39.2806
53.0928
36.6609
80.1574
33.8814
43.5317
74.4549
51.8181
32.0085
30.7528
35.1701
46.6131
38.0552
42.5455
41.1319
55.5104
52.1749
61.7223
39.8271
80.7449
94.9975
36.29
50.6465
47.4976
52.6881
73.9506
62.2832
45.3148
70.9754
45.3409
49.5244
30.1788
36.8404
64.2144
51.7627
51.0337
64.6213
40.3459
49.1947
67.7373
42.6621
53.5996
57.7126
79.9646
51.3858
34.765
43.3941
56.5729
51.7328
77.5644
48.9559
49.4553
71.8116
68.0305
51.5255
44.8846
47.3579
52.6338
39.1107
66.7037
54.6551
51.2624
26.3218
66.3764
46.2229
61.8879
50.8297
48.2234
43.293
59.1653
52.9627
44.4093
47.7452
43.2431
44.7897
64.5674
49.1688
57.1788
45.5794
44.9333
53.5981
52.7728
64.8754
45.2918
53.813
56.1236
65.8175
26.2694
42.1148
96.356
43.0606
42.1411
49.4242
41.4635
66.2695
58.189
48.0163
91.2457
44.1565
59.3702
62.6518
42.2021
39.6124
39.4161
56.5126
51.3745
64.6634
99.9549
53.8182
29.908
46.2773
43.7579
53.671
56.0909
70.8588
49.0818
37.4322
62.9335
26.1223
56.5587
45.603
53.5234
42.2786
92.423
54.7559
41.724
45.299
80.0765
47.4007
66.252
51.2195
57.0926
37.772
59.1877
28.1161
56.7736
59.4427
46.515
56.3463
58.3816
54.9682
53.6623
46.4156
51.109
52.0386
137.832
50.5926
34.3848
37.0787
45.6832
97.0007
50.3116
40.3586
121.231
64.3356
37.6907
50.5614
37.8896
61.0337
54.6715
40.3625
60.1627
65.4672
47.7116
31.4161
144.415
49.3006
86.7332
56.8926
69.4123
69.8168
65.2513
73.2948
39.8424
38.803
45.1889
57.3152
78.9088
47.3919
310.973
46.1883
68.2935
53.8907
44.0284
45.7001
31.9508
64.3931
70.1069
68.9981
122.102
43.905
48.4258
79.8785
57.4668
57.3426
44.7108
61.4588
49.2049
58.4764
57.6141
48.8649
52.851
61.8411
49.5849
38.3642
45.72
51.6023
68.5234
56.9534
37.7624
33.9973
68.5755
47.1367
48.7048
40.9938
38.259
30.6438
56.878
57.8455
71.274
44.2162
66.3696
91.0603
76.9553
60.0671
42.2608
35.8898
46.2774
54.7022
40.4872
46.2294
59.9822
52.8272
63.2886
65.89
50.6789
59.1826
65.207
94.7475
104.592
34.9828
53.2172
50.138
38.1522
64.5469
54.0019
54.266
58.7184
34.5541
69.2739
43.6359
49.2219
40.8605
48.3045
54.5998
54.2053
65.4348
40.0964
70.2807
31.5761
52.608
60.0225
36.9282
62.5895
59.9357
58.5085
40.295
34.8892
64.8386
58.1836
47.1113
46.8421
64.1669
58.3243
53.7914
42.2619
81.991
32.946
41.7741
43.2363
68.1093
60.6158
46.3091
32.7282
150.104
63.8368
64.5674
39.9761
55.9511
60.1042
52.5241
72.8837
69.5561
34.3066
59.1365
75.3981
58.9141
94.5153
76.6159
53.9653
40.1263
48.658
31.8842
55.4733
-11873.9
64.3996
42.4142
61.4985
48.0564
63.1663
34.7611
76.6281
37.8202
57.6675
62.2948
71.4793
48.09
53.7565
51.1541
67.8791
41.0735
58.1823
36.1989
91.7139
54.9357
39.3692
32.7236
54.42
62.7304
83.456
75.7094
57.039
33.2659
63.2186
52.6928
51.9926
43.6984
100.536
51.2553
44.1979
73.8488
53.083
60.5876
28.7394
65.0788
42.1328
56.8751
58.6973
46.4851
46.1532
48.2222
54.4438
47.434
44.6574
52.9693
33.2281
61.3955
34.0113
96.1239
60.204
36.7625
54.0235
50.8951
55.226
64.8432
73.0069
49.1073
58.4458
30.9441
57.5739
47.8006
45.0918
53.1268
55.3913
43.4736
62.2241
32.5411
48.7781
45.1157
41.142
60.5206
40.3502
53.3891
45.5104
32.845
31.6148
38.3667
74.4581
50.7824
52.269
62.3383
49.6553
60.6115
54.7995
42.6948
39.9896
57.7011
54.004
53.5254
74.7638
45.0876
46.4255
44.3345
30.633
62.2537
61.8677
60.4397
50.9299
48.1171
38.352
58.6533
57.8954
77.6182
44.4678
33.772
25.2282
41.5
36.5313
53.6239
67.155
67.5997
34.5426
49.4472
36.7056
39.4645
85.6975
52.6773
39.9704
49.2561
53.4361
38.4749
48.739
45.1857
44.9703
44.888
162.599
39.6168
46.9258
48.148
51.8123
64.5707
34.2038
81.8794
54.6701
60.709
102.139
48.1615
67.6476
130.786
42.139
40.4248
63.9297
35.3987
43.1634
83.079
54.5422
58.2959
56.1365
57.2693
72.4976
53.5352
44.9347
106.579
41.4219
75.0232
78.1129
43.3874
62.453
53.3271
46.7692
75.3727
64.7326
38.1164
72.4127
55.2208
46.0362
43.2821
60.9968
38.8538
44.3401
36.8508
34.5595
29.9359
40.61
51.5991
64
62.5912
51.5465
57.8608
67.5288
62.5252
52.2017
62.7997
46.0218
47.6248
94.0683
36.863
46.1352
41.7831
39.9706
83.1913
64.4774
49.9648
55.0458
68.183
36.5508
110.155
44.2175
57.9931
40.7111
55.9709
26.9715
53.9057
45.6315
45.8763
49.8588
67.8906
41.8951
44.6373
51.8378
79.5945
43.2337
37.4948
61.5159
45.9287
52.2167
49.1422
40.1566
40.4262
56.1678
42.6051
47.5313
45.7187
46.3984
68.0878
44.9844
85.8541
78.8889
59.5999
81.3184
52.0323
36.3749
71.3816
34.9018
69.897
44.2771
55.0886
44.3717
61.3507
76.1989
65.1235
70.198
61.8359
152.326
40.1994
52.479
46.7543
82.2507
45.8983
83.9091
45.2766
39.3318
44.7343
80.0767
68.1838
39.2051
42.5659
59.5181
38.477
45.8725
31.903
50.8646
47.0817
47.0426
55.0815
71.2108
47.4995
44.1742
57.4235
40.6274
47.2281
49.3561
48.347
40.1235
72.6683
62.7407
53.4405
55.0282
49.67
34.1276
32.1435
91.3774
40.2157
56.5247
59.2874
71.5631
46.7786
51.2192
24.9444
48.9553
40.7076
54.0842
47.784
49.5676
81.6675
42.9923
30.9242
58.1415
43.3659
64.6224
47.6677
40.2328
66.6089
88.3803
50.6323
57.8269
70.7422
56.5308
51.6881
41.4698
45.7159
38.9925
32.8564
37.9147
51.515
46.2694
51.1157
59.8126
35.6099
45.6703
53.1274
39.4242
88.2947
53.4621
27.089
42.412
58.5877
33.7897
49.4302
39.6678
58.4435
50.4018
65.6759
47.7568
66.3544
169.408
92.1577
50.4694
48.4998
104.951
63.1038
56.3693
44.1182
62.5128
40.2019
45.3167
48.3066
39.14
42.4456
54.9921
46.7155
36.5798
76.8213
60.2515
75.5125
107.957
41.3129
61.417
58.5935
49.7294
60.7813
68.8333
90.4334
51.4555
47.7
56.6918
64.6383
43.5028
44.0036
51.975
65.9916
43.6266
42.798
60.2802
56.3223
72.0112
59.4824
54.1814
38.5566
44.6184
77.4716
44.0092
43.8559
48.4709
80.3802
48.6978
50.5009
109.862
29.5013
32.6825
32.3144
56.8746
79.2582
49.2577
85.5781
68.8538
30.9542
84.1502
37.4313
35.1888
63.4281
131.269
46.019
44.3322
76.5611
89.844
45.8425
34.6342
232.388
55.1215
44.6075
33.9492
59.5339
43.3185
68.4739
54.8393
38.5678
31.058
54.9194
73.0823
84.1585
52.1394
39.7264
42.8692
58.9819
39.5242
52.1535
51.9869
33.3926
45.1785
65.5581
50.5089
35.7337
52.9646
76.5864
30.085
112.152
65.7961
64.6787
59.7572
39.979
41.8971
55.5538
43.9059
49.9408
43.0422
40.377
33.1435
71.1073
98.5111
41.2365
62.6653
42.9972
67.9884
54.3366
96.0724
134.932
35.6837
53.0412
49.5484
32.8589
35.702
94.076
60.1885
38.6636
39.1843
55.581
46.084
62.6881
48.1681
43.679
30.8889
38.4721
56.1396
62.6756
49.5624
55.1969
76.0917
47.2699
46.0263
45.0092
38.5987
48.4092
49.3434
66.9796
86.4056
44.5244
38.3597
23.3744
53.5904
286.927
32.5841
36.944
44.5178
37.0079
53.3632
48.1458
62.6893
47.6044
40.7148
42.3426
42.5834
43.8492
54.1973
35.107
46.4296
43.1025
51.7387
45.8005
46.6121
42.4765
45.9991
62.8158
33.686
39.3299
45.5126
79.1936
47.8983
46.9195
48.6254
59.2156
69.8206
29.4761
80.3557
75.8854
55.6171
40.6568
62.593
65.1761
64.165
49.8699
53.5174
72.6352
96.424
46.8122
74.0283
31.466
36.8776
55.4735
38.2465
42.1196
36.2716
44.8029
41.7636
57.3525
67.991
51.7835
58.8904
32.8528
91.2684
41.6199
39.6567
57.9621
52.4759
44.6568
45.8727
45.2997
33.9729
81.8666
43.7744
57.1776
73.0492
57.96
49.0563
90.9006
49.6224
44.8238
54.1751
54.2802
51.356
39.0268
33.3766
44.974
43.7648
45.7561
71.491
41.9827
72.6378
90.8383
71.2479
47.8498
40.5836
39.9501
67.3504
56.3136
37.2237
63.4357
51.8236
42.4539
47.2618
52.8511
44.8778
42.5655
55.4243
52.4096
45.9452
48.1821
47.9946
49.5575
66.1553
58.318
58.5808
114.298
40.3394
6165.49
39.4888
41.682
51.8481
34.8064
44.3501
49.6134
5602.88
32.9538
59.0593
48.8497
54.2131
51.7017
46.23
38.7434
54.69
49.8161
171.877
62.157
62.9101
53.6507
49.9531
45.411
70.6546
43.8814
54.871
60.5637
68.599
47.0296
37.508
52.0178
51.9977
55.9622
53.6939
55.6402
56.1806
49.9846
83.2211
31.0292
56.2659
48.8747
49.0407
58.2585
80.5121
136.333
53.8604
34.7778
48.4315
33.8987
50.1672
97.532
48.5851
38.072
46.4958
54.0803
35.6527
41.3054
67.7918
26.1085
40.2918
44.5088
128.362
59.1943
56.5573
29.4697
52.4723
55.7116
48.3023
36.8773
43.1363
60.3395
46.75
52.5775
64.6625
50.5567
50.1861
71.5877
54.3201
66.899
31.377
45.5019
56.9493
63.3873
73.0481
92.2344
59.0019
38.8956
47.9488
53.178
47.3383
45.2733
46.5968
51.3255
53.9191
49.6469
65.7305
70.8414
60.8932
39.929
52.4232
59.6176
64.8655
62.9266
51.0352
42.0792
60.4992
40.5635
46.2872
48.0717
47.249
53.1816
64.6741
45.2463
54.0008
56.4227
42.0013
62.4869
38.2717
48.6395
54.4867
55.6722
50.7569
63.2602
59.1301
56.0023
47.5206
38.5336
47.0669
78.3146
50.7301
57.9301
44.6014
41.7453
66.7558
51.1404
52.4435
37.2348
36.6407
50.8296
55.0996
46.2332
134.902
54.0912
36.5296
142.085
51.005
36.3857
40.2782
50.5283
49.4102
44.0331
33.9208
47.7911
55.6279
56.6887
43.6898
161.051
36.5628
53.4667
28.8887
68.1397
52.0443
68.541
58.3963
56.9222
44.2945
45.2249
64.2632
50.9953
54.1803
59.2506
46.5554
35.9676
43.8017
58.6541
44.2381
66.93
37.0073
37.2009
72.9249
56.1013
45.7774
60.315
49.2279
33.8141
285.756
38.1828
53.7429
34.6762
54.3146
210.648
46.6722
81.4872
45.5409
43.49
41.7132
44.1716
63.74
56.0979
43.8646
55.9817
57.4634
38.5725
55.3638
62.2057
44.5648
54.4698
50.3282
60.3103
35.1444
73.4158
32.8164
59.5885
41.1033
38.202
52.8244
49.3809
42.1842
60.167
84.1844
41.1759
47.9654
56.102
51.023
76.5035
32.134
65.2121
47.4769
67.1121
115.887
536.226
50.7047
53.858
61.6372
60.1577
46.3926
91.7182
41.5222
45.9909
49.7508
64.2842
39.9579
45.5691
41.965
33.207
46.4658
43.1605
42.9625
52.2816
39.8038
42.4495
43.5122
39.9896
39.1208
42.7119
49.7924
72.1701
30.3618
62.8032
55.7331
57.4712
30.461
41.8855
63.258
58.3051
31.7707
43.7439
52.6422
54.1625
42.0975
38.1804
42.7714
28.7143
37.291
61.35
74.4358
137.53
60.2958
80.7044
74.2711
36.9112
78.1887
59.2154
44.3546
52.6335
50.9549
48.2136
47.9155
57.9793
67.775
36.9751
62.2141
49.1328
53.538
70.6855
40.8617
48.7093
57.4355
55.9689
42.1113
47.905
31.277
57.3591
44.8927
49.075
35.7476
116.653
62.1011
66.1324
53.2125
31.9855
46.3854
48.1743
51.3279
61.9046
78.0909
38.8824
61.5702
43.9381
50.9809
48.5604
56.7163
48.0421
42.3908
50.7721
61.5298
57.7569
49.0654
50.4342
35.7534
69.9281
52.9581
54.24
46.8735
56.1585
80.2797
65.0356
62.9883
41.6837
45.8875
71.2889
39.4998
62.9816
59.0998
47.6594
55.2783
21.233
67.2331
23.6857
67.5067
70.6788
42.936
75.3277
93.2884
38.4436
52.6098
120.932
28.1572
125.245
52.9687
47.9366
52.5544
90.6656
45.9375
