0.315284
0.191137
0.785163
0.429144
0.244285
0.298303
0.404106
0.307055
0.319504
0.268794
0.60902
0.333753
0.117233
0.806804
0.463179
0.276226
0.584994
0.169413
0.36608
0.197993
0.307373
0.306933
0.345939
0.489623
0.140344
0.226859
0.832227
0.2396
0.227219
0.104602
0.192237
0.230984
0.332312
0.20752
0.232013
0.474727
0.24623
0.223777
0.256271
0.385127
0.217454
0.415579
0.496424
0.262693
0.220385
0.458236
0.436848
0.566117
0.393902
0.258188
0.488409
0.339718
0.320419
0.404586
0.383305
0.215366
0.317201
0.355095
0.330822
0.375407
0.236771
0.244407
1.82281
0.483023
0.245393
0.466235
0.725889
0.15793
0.348991
0.336228
0.298112
0.305128
0.156535
0.952788
0.224694
0.196581
0.418666
0.249119
0.615254
0.262174
0.828712
0.537051
0.342314
0.326164
0.945487
0.327898
0.448811
0.45781
0.879218
1.35565
0.161793
0.278858
0.494697
0.567436
0.212499
0.81429
0.436304
0.260526
0.246292
0.437341
0.200006
0.671184
0.45075
0.559397
0.279254
0.344704
0.505492
0.425582
0.228234
0.19962
0.200629
0.4238
0.44156
0.240286
0.223604
0.230595
0.241207
0.357595
0.133387
0.424784
0.314845
1.77546
0.19415
0.8127
0.635935
0.273738
1.36595
0.23804
0.471266
0.206904
0.219129
0.256761
0.379177
0.317297
0.232638
0.343294
0.270997
0.34328
0.310102
0.278572
0.355894
0.299448
0.162398
0.241071
0.224484
0.218752
0.790765
0.324331
0.287324
0.231767
0.365948
0.352465
0.248998
0.260363
3.245
0.314304
0.41641
0.151855
0.294559
0.328283
0.736869
0.177155
0.355917
0.26498
1.52419
0.345481
0.169088
0.281195
0.657086
0.115227
0.220025
0.213817
0.273731
0.346203
1.15168
0.510883
0.267785
0.171057
0.24047
0.245988
0.393035
0.240593
0.234157
0.362955
0.19003
2.68061
0.178379
0.320956
0.163423
0.522133
0.287369
0.276088
0.50596
0.295058
0.451029
0.43977
0.396803
0.337423
0.290817
0.532618
0.259159
0.370951
0.439872
0.757055
163.761
0.467676
0.271637
0.187384
0.224597
0.297222
0.398746
0.265862
0.434509
0.25319
0.215885
0.304036
0.466499
0.2499
1.31461
0.167828
0.358084
0.210092
1.13135
0.384697
0.207322
0.480871
0.441864
1.33532
0.419186
0.288701
0.293189
0.734499
0.721604
0.560579
0.598936
0.378003
0.245734
0.327537
0.225752
0.281007
0.386674
0.932426
0.191791
0.238528
0.348605
0.24523
0.236328
0.530845
0.24939
0.197344
0.49964
0.158075
0.271931
0.746647
0.456243
0.452065
0.447392
0.345578
0.219482
0.300878
0.198726
0.253861
0.333138
0.329759
0.305192
0.220852
0.204582
0.267414
0.30948
0.338008
0.241026
0.406628
0.312433
1.75482
0.378475
0.26791
0.207291
0.403457
0.269844
0.44165
0.248455
0.306165
0.322839
0.332808
2.64867
0.408607
0.29182
0.667828
0.358556
0.49497
0.152376
0.660028
0.439301
0.426971
0.302443
0.386761
0.719077
0.226248
0.325738
1.39702
0.179536
0.413504
0.251743
0.302465
0.909983
0.173444
0.206722
0.50505
0.343218
0.478415
0.461095
0.655148
0.347896
0.252034
0.24287
0.260804
0.232495
0.444111
0.276254
0.22205
0.270692
0.245878
0.279181
6.45973
0.414921
0.35531
0.622018
0.345984
0.581194
0.337982
0.337549
0.308547
0.251029
0.515775
0.803144
0.354718
0.611768
0.639422
0.512259
0.656952
0.437121
0.525977
0.62471
0.597537
0.140523
0.380261
0.442238
0.214264
0.321181
0.161415
0.535231
0.218689
0.189214
0.399014
0.379678
0.357978
0.281287
0.593661
0.69697
0.290716
0.35103
0.563475
1.18899
0.30186
0.561937
0.219754
0.414365
0.204308
0.332164
1.00892
0.781792
0.423113
0.410589
0.516724
0.144805
0.382728
0.532441
0.222606
0.181499
0.30049
0.375094
0.418724
0.174361
0.167876
0.897491
0.230908
0.183186
0.18795
0.125699
0.259836
0.477164
0.430142
0.297976
0.239911
0.459044
0.508046
0.298593
0.354179
0.35194
0.419321
0.358941
0.34257
1.08487
0.856854
0.174598
0.377463
0.416254
0.176243
3.85468
0.386719
0.74603
0.309905
0.278793
0.345012
0.16217
0.368194
0.421905
0.18121
0.187501
0.389872
0.26935
0.24037
0.327084
0.332627
0.206561
0.307293
0.970791
0.243026
0.186529
0.29881
0.344006
0.22457
0.220722
0.731736
0.142572
0.257915
0.435184
0.305298
0.179918
0.356948
0.584023
0.316016
0.217477
0.206583
0.216835
0.287343
0.238547
0.776587
0.745435
0.306538
0.531929
1.90487
0.12964
0.453881
0.267251
0.322768
0.195602
0.642849
0.364509
0.221841
0.280161
0.558108
0.330102
0.34998
0.211973
0.676822
0.19813
0.399366
0.272091
0.277359
0.659459
0.105167
0.405586
0.239476
0.265068
0.75793
0.449536
0.789138
1.44743
0.276356
0.495091
0.830294
0.80799
0.683138
0.218383
0.163953
0.183617
0.939741
0.395779
0.3092
0.287735
0.204436
0.306326
0.312604
0.365615
0.364252
0.764382
1.00096
0.255393
0.17701
0.236907
0.235577
0.235818
0.386079
0.205745
0.472914
0.496127
0.415052
0.277487
0.532939
0.382299
0.251567
0.361712
0.28971
0.16476
0.378513
0.266351
0.242495
0.315114
0.422225
0.343417
0.201321
0.790552
0.292595
0.227102
0.182195
0.846405
0.259859
0.396992
0.403074
0.599016
0.272189
0.248564
0.312243
0.431377
0.30643
0.4289
0.350531
0.266406
0.823672
0.200782
0.395955
0.636211
0.185458
0.163779
0.382347
0.222666
0.349198
0.229464
0.372462
0.309288
0.135857
0.830923
0.252606
0.224553
0.24078
0.249981
0.265902
0.358277
0.368672
0.211528
0.933162
0.257836
0.193504
0.316122
0.255722
0.421687
0.291905
0.469937
0.350867
0.778434
1.48148
0.186951
0.169295
0.352831
0.329823
0.195637
0.702731
0.359445
0.222704
0.603628
0.46393
0.347298
0.275564
0.164942
0.342605
0.585684
0.396141
0.641314
0.429506
0.260276
0.119351
0.217476
0.326883
0.214913
0.116994
0.335865
0.489051
0.556012
0.404482
0.29201
0.383625
0.1826
0.719611
0.864122
0.237319
0.184068
0.639878
0.380776
0.198385
0.478777
0.274187
0.169831
0.171789
0.259508
0.214695
0.48981
0.185503
0.182532
0.222897
0.398692
0.311848
0.299393
2.10529
0.545034
0.278876
0.496929
0.61641
0.479153
1.34419
0.182392
0.415059
0.341748
0.268031
0.523639
0.234631
0.631762
0.767679
0.657818
0.424048
0.164444
0.230337
0.347775
0.179066
0.362092
0.227824
0.175483
0.238936
0.248807
0.260332
0.216448
0.298911
0.230165
0.298764
0.522256
0.233076
0.445143
1.05431
0.768547
0.718045
0.203848
0.193622
0.1519
0.350746
0.260881
0.241459
0.485814
0.383958
0.322538
0.271329
0.241791
0.36252
0.475604
0.1887
0.449425
0.728421
0.370297
0.434535
0.374308
1.04722
0.228676
0.248309
0.341618
0.218239
0.291606
0.266184
0.21918
0.202158
0.548335
0.893657
0.134721
0.240207
0.340511
0.989727
0.255974
0.162985
0.301669
0.259399
0.24103
0.504644
0.220947
0.546271
0.214651
0.212494
0.180889
0.224705
0.251761
0.477861
0.224563
0.296531
0.136059
0.421845
0.606212
0.208967
0.332123
0.174736
0.571662
0.401776
0.288306
0.222607
0.468624
0.154956
0.146191
0.187315
0.263319
0.508749
0.202307
0.535142
0.481554
0.298476
0.364794
0.568652
0.554085
0.459391
0.333764
0.28841
0.262525
0.303381
0.250209
0.22164
0.309752
0.299898
0.217758
0.360867
0.660746
0.23301
0.365626
0.20412
0.614633
0.213228
0.171904
0.410279
0.230595
0.342014
0.23027
0.419086
1.03479
0.180068
0.27462
0.194505
0.258229
0.547309
0.434158
0.257398
0.381009
1.35853
0.225188
0.889124
0.374192
0.212018
0.289255
0.402347
0.214628
0.343711
0.230651
0.474829
0.308439
0.210239
0.335491
0.333076
0.281598
0.164346
0.0862222
0.340761
0.53009
0.266563
0.264843
0.351397
0.35914
0.418621
0.202213
0.226769
0.452375
0.169243
0.326759
0.300982
0.238987
0.230485
0.20093
0.454706
0.48106
0.225516
0.194436
0.473073
0.359681
0.266341
0.293119
0.200739
0.210235
0.282301
0.453391
0.214851
0.341759
0.31659
0.321644
0.559056
0.991485
0.447135
0.79748
0.458323
0.104727
0.6521
0.276001
0.961876
0.329064
0.523601
0.348179
0.630706
0.238281
0.286696
0.265554
0.277901
0.684932
0.290963
0.252493
0.509632
0.38099
0.925915
0.298031
0.265781
0.569579
0.16775
0.206608
0.420287
0.302569
0.348847
0.401933
0.299662
0.280377
0.208395
0.684316
0.228169
1.21344
0.36631
0.147487
0.466072
0.354581
0.255277
0.259505
0.575642
0.220047
0.291115
0.211675
0.666152
0.277094
0.243409
0.402771
0.227394
0.360893
0.355502
0.529279
0.191229
0.569876
0.317571
0.435847
0.7425
0.197318
0.237276
0.272391
0.543833
0.322218
0.238451
0.353326
0.226584
0.20114
0.180393
0.414183
0.368726
0.260741
0.11225
0.25551
0.277959
0.300577
0.519205
0.43577
0.192091
0.278968
0.455581
0.313565
0.569482
0.361423
0.20455
0.262704
0.255245
0.218693
0.21666
0.367888
0.430137
0.452241
1.12778
0.0768152
0.256386
0.426481
0.296968
1.06855
0.243285
1.04025
0.2338
0.162666
0.376656
0.144012
0.248378
0.923377
0.351228
0.257239
0.335257
0.450872
0.389322
0.216655
0.38102
0.141225
0.865956
1.42947
0.21627
0.309025
0.382154
0.286483
0.367766
0.297798
0.226652
0.265293
0.31337
0.442193
0.291443
0.212432
0.276554
0.292076
0.391841
0.145412
0.163666
0.487362
0.200688
0.303755
1.81072
3.69256
0.270476
0.283543
0.234275
0.464403
0.321247
0.256697
0.325583
0.197242
0.130246
0.609169
0.264361
1.01048
0.334073
0.206771
0.367761
0.271785
0.332712
0.196452
0.808558
0.258633
0.180888
0.46839
0.479249
0.14097
0.186941
1.05629
0.549913
0.266808
0.221316
0.256988
0.559007
0.224108
0.433505
0.355683
1.21285
0.145512
0.18379
0.279498
0.2593
0.261883
0.136596
0.328907
0.302949
1.66809
0.257844
0.169677
0.233124
0.263676
0.463147
0.28728
0.334978
0.237666
0.28259
0.250035
0.291862
0.22858
0.125699
0.26009
0.51643
0.39897
0.437882
0.321058
0.381726
0.473244
0.34938
0.7136
0.331658
0.117149
0.311896
0.269006
0.429015
0.295356
0.222996
0.353024
0.342069
0.261237
0.203064
1.11722
0.294694
0.3543
0.535373
0.205698
0.568372
0.895577
0.30985
0.320124
0.238573
0.247373
0.231128
0.320465
0.58327
0.201741
0.318556
0.421893
0.565151
0.338034
0.251902
0.225017
0.199688
0.253693
0.361344
0.334752
0.332171
0.315859
0.552353
0.242333
0.416631
0.284365
0.626427
0.196884
0.355171
0.123389
0.449415
0.398804
0.194924
0.319876
0.25868
0.418144
0.573859
0.409737
0.400732
0.794484
0.240298
0.275788
0.227975
0.248923
0.180757
0.367031
0.255905
0.236222
0.595525
0.346801
0.48474
0.440418
0.095604
0.198024
0.337494
0.23613
0.278494
0.254265
0.403477
0.335417
0.329963
0.712238
0.373136
0.28893
0.267253
0.87394
0.123997
0.287577
0.483224
0.476771
0.376811
0.273375
0.398436
0.153918
0.266888
0.572683
0.179942
0.321614
0.908651
0.387573
0.188827
0.167011
0.94881
0.135421
0.269034
0.83104
0.203351
0.226477
0.807212
0.218102
0.271401
0.467966
0.268132
0.325369
0.301324
1.12208
0.320737
0.676726
0.276981
0.183606
0.240061
0.183541
0.260422
0.430665
0.485099
0.507612
0.646173
0.365665
0.1344
0.485206
0.236903
0.355156
0.233255
0.370323
0.669493
0.332671
0.376941
0.369882
0.506674
0.637192
0.294896
0.182826
0.300233
0.222256
0.27696
0.813169
0.466868
0.441766
0.366715
0.319733
0.285301
0.329375
0.388751
0.160229
0.144936
0.203219
0.294582
0.291908
0.178948
0.19649
0.222663
0.342665
0.330318
0.380663
0.455284
0.291972
0.199968
0.299861
0.251901
0.254073
0.710675
0.656667
0.669409
0.128939
0.4077
0.286678
0.581537
0.186201
0.235683
0.235114
0.279123
0.44005
0.37342
0.321197
0.65075
0.392403
0.354731
0.234239
0.439314
0.26223
0.253607
0.325057
0.824706
0.392928
0.70255
0.318412
0.264132
0.457285
0.186379
0.340374
0.264012
0.149507
0.392837
0.41667
0.230747
0.308493
0.403932
0.508911
0.257654
0.353245
0.367803
0.299431
0.535908
0.469814
0.272971
0.166966
0.291098
0.305135
0.243829
0.331626
0.635049
0.184591
0.349191
0.409207
0.295392
0.362759
0.279181
0.56621
0.31079
0.244037
0.225568
0.256467
0.382767
0.253785
0.472665
2.59342
0.435117
0.440618
0.38374
0.26385
101.58
0.231775
0.313935
0.295376
0.403573
0.644065
0.231355
0.456401
0.681299
0.828577
0.45712
0.530146
0.189929
0.274003
0.353906
0.34334
0.221043
0.679421
0.373611
0.872261
0.643696
0.449806
0.312452
0.234316
0.362515
0.170545
0.398959
0.157975
0.143627
0.461613
0.540823
2.0583
1.76405
0.335728
0.531214
0.421389
0.287087
0.432244
0.202779
0.227587
0.254821
0.248435
0.287656
0.164401
0.431809
0.169891
0.187949
0.299576
0.353062
0.230626
0.261209
0.216513
0.474541
0.226883
0.259405
0.198243
0.294861
0.226781
0.622206
0.351519
0.248917
0.403824
0.198528
0.383467
0.330419
0.34759
0.252565
0.207872
0.611438
0.431763
0.434342
0.663928
0.362814
0.166686
0.50768
0.423723
0.320185
0.206833
0.471906
0.535803
0.133908
0.168181
0.174523
0.248717
0.297673
0.185182
0.576427
0.338658
0.411866
0.196707
0.282586
0.267679
0.780342
0.212359
0.249968
0.434458
0.419858
0.366299
0.23094
0.651036
0.520018
0.297049
0.388951
0.325702
0.241074
0.404934
0.366878
1.89125
0.333058
0.492253
0.140289
0.710779
0.19089
1.25972
0.170908
0.344945
1.20669
0.17205
0.528611
0.403104
0.561219
0.166629
0.64652
2.18306
0.24963
0.367787
0.283382
0.22302
0.200162
0.468408
0.28148
0.385473
0.462225
0.395692
0.205297
0.144062
0.251932
0.486972
0.261226
0.37768
0.410175
0.470524
0.23185
0.185667
0.398867
0.456723
0.51111
0.244447
0.25048
0.182123
0.215564
0.364396
0.288277
0.278591
0.605537
0.802486
0.227338
0.542414
0.368092
135.586
0.274172
0.296537
0.569478
0.292375
0.345387
0.217436
0.331283
0.331297
0.163803
0.329556
0.252582
0.879515
0.382357
0.307344
0.204354
0.26539
0.64554
0.289385
0.205852
0.224085
0.290997
0.808717
0.310803
0.341403
152.548
0.547765
0.220839
0.241577
0.181175
7.70633
0.344925
0.335022
0.328307
0.168483
0.627672
0.343017
1.12438
0.280868
0.12233
0.158289
0.255753
1.03538
0.213353
0.292004
0.569867
0.675256
0.223212
0.265977
0.642806
0.394498
0.346592
0.436712
0.239074
0.30791
0.312899
0.323935
0.180627
0.237332
0.232787
0.537244
0.189308
0.264449
0.316264
0.530476
0.280816
0.43684
0.237068
0.298477
0.216647
0.286755
0.247127
0.306955
0.214801
0.47242
0.253363
0.272347
0.281838
0.184291
0.657569
0.175333
0.309107
0.294037
0.217489
0.322581
0.30374
0.16289
0.194026
0.229785
0.314135
0.162234
0.123915
0.241396
0.555031
0.333784
0.416783
0.752077
0.381063
0.223553
0.612873
0.229848
0.211749
0.460199
0.175104
0.257475
0.222925
0.213333
0.17147
0.199728
0.873331
0.178936
0.269691
0.377404
0.455556
0.796277
0.209257
0.312724
0.247284
0.239417
0.403569
0.325925
0.237137
0.326163
0.454103
0.161559
0.674518
0.205325
0.468046
0.501392
0.348406
0.207897
0.540048
0.539745
0.251213
0.721411
0.346018
0.253978
0.231032
0.241639
0.35228
0.480043
0.231069
2.83095
0.561666
0.222732
0.314391
0.821098
0.184644
0.240354
0.178359
0.186175
0.271001
0.228408
0.217454
0.376134
0.558023
0.255939
0.329207
0.611529
0.214824
0.190675
0.356231
0.417113
0.270729
0.270179
0.211836
0.571136
0.398347
0.183164
0.601296
0.128142
0.591629
0.548588
0.301625
0.481222
0.469169
0.63479
0.254245
0.502087
0.36634
0.175772
0.221887
0.115873
0.38653
0.493735
0.422609
0.288044
0.400403
0.72753
0.164374
0.627645
0.36631
0.168783
0.520987
0.377742
0.392274
0.505757
0.418992
0.257761
0.388029
0.619493
0.41539
0.708996
0.276407
0.266119
0.571113
0.172398
0.352397
0.48135
0.656666
0.453505
0.45967
0.569403
0.392248
0.186115
0.228511
0.624966
0.322702
0.275161
0.320863
0.21468
0.295602
0.334164
0.212842
0.201535
0.239764
0.592798
0.648325
0.16629
0.347054
0.348158
0.843936
0.209135
1.05284
0.330646
0.760286
0.65084
0.498934
0.164692
0.624097
0.692472
0.215302
0.291669
0.261826
0.237533
0.388113
0.507334
0.195788
0.288417
0.205522
0.578492
0.37389
0.255136
0.279233
0.264486
0.62925
0.503222
0.256151
0.439547
0.233637
0.387007
0.348882
0.217754
0.221591
0.37466
0.228248
0.207046
0.420494
0.403691
0.348652
0.367025
0.312774
0.245535
0.291716
0.293597
0.445539
0.585907
0.866846
0.284106
0.278402
0.216856
0.409091
0.234317
0.376396
0.204664
0.476144
0.190933
0.282779
0.145667
0.467403
0.173441
0.540658
0.268387
0.186782
0.532878
0.348936
0.211644
299.226
0.110081
0.135852
0.275512
0.311235
0.372023
0.316198
0.139567
0.373554
0.847134
0.284534
0.839539
0.466517
0.2672
0.39812
0.334406
0.283098
0.166921
0.120079
0.404242
0.492693
1.30599
0.219915
0.292859
0.135405
0.317472
0.289879
0.405086
0.151147
0.482315
0.560954
0.275801
0.255566
0.450954
0.409545
0.545836
0.192821
0.215243
0.277861
0.422981
0.63402
0.525004
0.242852
0.194218
0.342511
0.227351
1.06482
0.433385
0.358558
0.511901
0.278826
0.383719
0.367009
0.24007
0.618346
0.333419
0.248671
0.269944
0.504716
0.340207
0.438869
0.491152
0.10396
0.270041
0.373749
0.61601
0.359166
0.364599
0.180397
0.281956
0.129862
0.313979
0.267947
0.314853
0.549771
0.356222
0.20725
0.29206
0.298686
0.343203
0.298343
0.0957156
0.300619
0.27252
0.39974
0.258364
0.379335
0.322797
0.207706
0.17344
0.208129
0.370012
0.417568
0.25534
0.354119
0.272187
0.997286
0.205403
0.245206
0.37164
0.365922
0.346882
0.86354
0.232349
0.257466
0.124356
0.206558
0.238739
0.287948
0.314131
0.176223
1.10524
0.334297
0.259843
0.494197
0.367538
0.368151
0.780963
0.668603
1.60953
0.21001
0.398691
0.807783
0.232767
1.40044
0.322352
0.263374
0.319325
0.346958
0.304169
0.429418
0.17448
0.37532
0.148589
0.17169
0.520349
0.384563
0.527363
0.32901
0.304074
0.245076
0.175218
0.356507
0.706128
0.734061
0.595772
0.195937
0.334359
0.421429
0.207552
1.05862
0.339467
0.291154
0.307633
0.389717
0.209607
0.268156
0.303136
0.554216
0.298915
0.695415
0.160437
0.333908
0.366192
0.359437
0.367889
0.205502
0.248935
2.53767
0.257945
0.514086
0.259009
0.380302
0.31313
0.264613
0.417095
0.226438
0.250481
0.362921
0.4785
0.220118
0.574594
0.309141
0.217518
0.343133
0.335449
0.208242
0.33164
0.249525
0.327178
0.408743
0.19233
0.347101
0.169915
0.22787
0.269314
0.444974
0.257704
0.162121
0.217357
1.05449
0.426699
0.348074
0.169305
0.353407
0.315172
0.234123
0.319303
0.431914
0.759494
5.80758
5.57681
0.576379
0.364053
0.278918
0.39167
0.385819
0.175693
1.08422
0.293787
9.62833
0.850831
0.739008
0.167875
0.514301
0.398102
0.243297
0.226547
0.557513
0.174577
0.172666
0.302231
0.298323
0.158753
0.159833
0.228162
0.362454
0.552721
0.491274
0.705519
0.133869
0.238885
0.282694
0.203503
0.276989
0.332572
0.296453
0.207418
0.259806
0.240688
0.416635
0.203227
0.547118
0.234407
0.213277
0.460497
0.356586
0.2574
0.371535
0.537343
0.166309
0.292276
0.273154
0.196114
0.633629
0.390639
0.492861
0.362406
0.188907
0.295844
0.33488
0.407324
1.00837
0.226038
0.470669
0.177778
0.543884
0.425102
0.146524
0.194902
0.293495
0.376102
0.463461
0.623635
0.949013
0.244371
0.33222
0.604872
0.319759
0.540128
0.197621
0.418868
0.218477
0.284485
0.302875
1.4339
0.512303
0.59043
0.172014
0.417239
0.33917
0.200491
0.345246
0.407401
0.305106
0.956789
0.57011
0.270983
0.203623
0.424393
0.369367
0.543114
0.366781
0.36921
0.444115
0.461059
0.229476
0.305939
0.811122
0.226727
0.422281
0.573392
0.409346
0.372974
0.487826
0.538829
1.00689
0.371443
0.337889
0.232296
0.279384
0.13201
0.547672
0.11158
0.201397
0.371844
0.236285
0.327513
0.223127
0.412061
0.501145
0.482123
0.212261
0.442349
0.165489
0.261372
1.87095
0.177359
0.267229
0.431188
0.321977
0.202799
0.87446
0.232734
0.309354
0.61095
0.431622
0.192352
0.219191
1.04774
0.376846
0.203738
0.326477
0.30853
0.194893
0.280787
0.338402
0.190813
0.687989
0.308055
0.210082
0.188609
0.514945
0.226963
0.411987
0.326628
0.400063
0.500506
0.273468
0.602486
0.135745
0.26771
0.436832
0.267954
0.266063
0.351915
0.852273
0.310937
0.237746
0.104829
0.312204
0.321509
0.227923
0.73128
0.47687
0.308683
0.345166
0.361061
0.3116
0.353236
0.345836
0.362166
0.501467
0.317012
0.204564
0.257472
0.311317
0.324992
0.369886
0.229953
0.368495
0.540877
0.482265
0.406575
0.232299
0.506963
0.464079
0.22204
0.303042
0.69984
0.184874
0.247856
0.350544
0.393462
0.26876
0.301832
0.369336
0.513105
0.280385
0.715128
0.352586
0.356633
0.832328
0.221139
0.279545
1.69678
0.633331
0.416628
0.295827
0.262303
0.384366
0.147744
0.529112
0.185808
0.938374
0.295965
0.396435
0.381767
0.854183
0.351233
0.332234
0.235627
0.426463
0.430427
0.258946
0.267761
0.329146
0.209146
0.3003
0.326579
0.224069
0.223589
0.23864
0.276249
0.241443
0.340058
0.27118
0.190958
0.326395
0.300798
0.470571
0.379183
2.71002
0.368408
0.643577
0.418541
0.352963
0.924822
0.633305
0.246889
0.378097
0.265076
0.54995
0.276119
0.530382
0.156717
0.299083
0.305087
0.145715
0.510864
0.184238
0.379528
0.18832
0.293881
0.743576
0.589082
0.802975
0.27042
0.897261
0.280392
0.230342
0.1753
0.189624
0.619585
0.215564
0.289504
0.255636
0.172179
0.360928
0.330751
0.313078
0.407149
0.3049
0.2535
0.25581
0.363158
0.505409
0.35135
0.305764
0.250397
0.306465
0.467648
1.32768
0.334959
179.292
0.295419
0.38726
0.335804
0.171561
0.490621
0.182924
0.266853
0.265588
0.312118
0.159704
0.11689
0.349371
0.530806
0.311703
0.183948
0.424474
0.47615
0.838861
0.2953
0.320639
0.241583
0.239044
0.400306
0.288175
0.221259
0.196166
0.299209
0.320111
0.480134
0.270003
0.176214
0.365959
0.43321
0.864763
0.889342
0.155521
0.361137
0.16207
0.163785
0.349962
0.237139
0.304833
0.289094
0.201696
0.411885
2.65657
0.490948
0.515858
0.295461
0.23265
0.190038
0.29938
0.445451
0.329996
0.211521
0.272697
1.09542
0.246359
0.298879
0.203064
0.286622
0.522982
0.313816
0.121847
0.223816
0.161033
0.934202
0.934609
0.265494
1.54433
0.324103
0.765746
0.249332
0.301216
1.25601
0.725129
0.407606
0.271352
0.473984
0.466539
0.733816
0.81302
0.279344
0.281611
0.464455
0.299281
0.25076
0.283022
0.198839
0.933486
0.199344
0.18374
1.45051
0.291911
0.222658
0.191464
0.46857
0.190326
0.253389
0.201662
0.221254
0.319786
0.325466
0.297672
0.393101
0.363889
0.373108
0.218714
0.580317
15.2138
0.462812
0.244203
0.253558
0.359958
0.309787
0.349722
0.26146
0.228415
0.314071
0.297966
0.28631
0.275509
0.199928
0.186677
0.246992
0.170099
0.392741
0.305685
0.372221
0.519709
0.610935
0.292013
0.424817
0.187285
0.198781
0.505107
0.366509
0.405316
0.327638
0.239718
0.786939
0.256126
0.287729
0.372182
0.43734
0.743574
0.209527
0.30776
0.776638
0.541051
0.239492
0.390214
0.327261
0.474403
0.154206
0.261522
0.950397
0.18229
0.282137
0.284735
0.235561
0.29463
0.504018
0.264771
0.468836
0.443323
0.300683
0.231329
0.324775
0.779634
0.224303
0.324557
0.253061
1.14797
0.239675
0.235654
0.19404
0.226105
0.417738
0.895091
1.01261
0.284485
0.284748
0.196298
0.213968
0.565462
0.418048
0.290926
0.297729
0.438676
0.367939
0.302298
0.274529
0.223549
0.332691
0.224385
0.187038
1.04728
0.558754
0.226416
0.359515
0.875373
0.237156
0.263801
0.285145
0.308024
1.04657
0.258687
0.33777
0.280279
0.331206
245.631
0.360553
0.320732
0.951839
0.211453
0.199683
0.212975
0.414887
0.219318
0.200221
1.40584
0.231394
0.303147
0.287665
0.490576
0.213851
0.275471
1.81491
0.208921
0.181917
0.3862
0.412053
0.280554
0.279843
0.378956
0.345394
0.343405
0.258625
0.768531
0.354375
0.41473
0.255532
0.191551
0.39848
0.1759
0.144174
0.341546
0.693784
0.289831
0.162879
0.241751
0.378937
0.324182
0.367459
0.221759
0.256027
0.481164
0.355464
0.350364
0.413446
0.239772
0.580793
0.137925
0.347377
0.467839
0.255128
0.163019
0.209785
0.305347
0.449526
0.200413
0.546775
0.43742
0.274767
0.442157
0.399293
0.436795
0.215303
0.451464
0.260051
0.452206
0.459775
0.247724
0.288122
0.265457
0.284642
0.611294
0.367975
0.123064
0.3514
0.138556
0.487941
0.221964
0.448256
0.194811
0.437767
0.296049
0.828937
0.379542
0.591954
1.06134
0.333779
0.377099
0.288873
0.373968
0.211261
0.938456
0.184824
0.282684
0.319208
0.234133
0.287905
0.325662
0.275368
0.226027
0.527239
0.249346
0.808054
0.366377
0.399337
0.326148
0.628269
0.222516
0.805155
0.499594
0.44446
0.363154
0.283887
0.316962
0.260849
0.311465
0.244337
0.25286
0.192508
0.20431
0.154347
0.15125
0.136294
0.186467
0.145443
0.255692
0.220474
0.31915
0.25794
0.248904
0.163017
0.772757
0.515122
0.199472
0.509654
0.233358
0.311368
0.250732
0.647451
0.197547
0.212236
0.466783
0.303947
0.367272
0.352975
0.36413
0.536895
0.249538
0.985866
0.251554
0.424421
1.09196
0.239325
0.283486
0.50255
0.238373
0.236992
0.387846
0.302357
0.153555
0.726374
0.699294
0.186181
0.372377
0.169928
0.189422
0.318776
0.288107
0.528059
0.307693
0.541532
0.408711
0.265348
0.383015
0.26649
0.235721
0.187926
0.22645
0.290611
0.461737
0.2079
0.277194
0.132588
0.238568
0.282657
0.203979
0.355013
0.279937
3.41784
0.209729
0.17159
0.253019
0.180568
3.87943
0.556453
0.419661
0.330197
0.198601
0.140933
0.493039
0.21848
0.190678
0.427515
0.249924
0.216297
0.306821
0.344732
0.251607
0.254538
0.237027
0.346577
0.452058
0.306556
0.298119
0.166138
0.353674
0.53986
0.287763
0.157123
0.21996
0.197638
0.440627
0.736432
0.182122
0.240569
0.223207
0.450394
0.199646
0.172598
0.335737
0.778981
0.230098
0.0876422
0.306078
0.256826
0.158834
0.249063
0.278597
0.223866
0.193974
0.528589
0.312795
0.44893
0.267514
0.19202
0.169497
0.389945
0.420847
0.341268
0.357206
0.840738
0.263746
0.336701
0.305645
0.293442
0.26809
0.329059
0.300545
1.10253
0.239646
0.235029
0.241484
0.212144
0.335349
0.620652
1.2391
0.282538
0.223482
0.252592
0.245843
0.271384
0.315382
1.63774
0.289807
0.378563
0.18328
0.490324
0.439207
0.299046
0.534178
0.358934
0.543794
0.158754
0.147413
0.288849
0.294908
0.489733
0.323979
0.463028
0.545036
0.511773
0.121545
1.17773
0.21741
0.250066
0.175028
0.180799
0.643174
0.371384
0.265943
0.344627
0.229415
0.372301
0.313029
0.931524
0.217756
0.452094
0.378337
0.184156
0.419127
0.433614
0.297441
0.27192
0.698957
0.189784
0.287722
0.348458
0.370374
0.351012
0.18947
0.548642
0.231289
0.295184
0.25813
0.180551
0.349577
0.390241
0.236587
0.358965
0.278372
0.216876
0.405077
0.312595
0.262246
0.122983
0.901787
0.364885
0.450892
0.15359
0.248248
0.610338
0.434348
0.339733
0.218027
0.203951
0.556142
0.214042
0.416562
0.494381
0.505856
0.238868
0.381377
0.614395
0.192088
0.552788
0.435817
0.411117
0.180192
0.411494
0.300101
0.145723
0.215856
0.3296
0.137376
0.285782
0.759746
0.224051
0.297744
0.232196
0.165447
0.321549
0.116449
1.07109
0.326599
0.454027
0.112006
0.386238
1.04965
0.207548
0.274497
0.352768
0.290263
0.249181
0.623662
0.358299
0.265235
0.126623
0.186901
0.479413
2.03092
0.414033
0.169125
0.469645
0.323329
0.234306
0.149138
0.313918
0.128678
0.146442
0.567703
0.335619
0.249716
0.286888
0.882175
0.382653
0.272766
0.470564
0.559206
0.362054
0.301252
0.850949
0.385864
0.334116
0.672451
0.298435
0.166786
0.236472
0.377555
0.314533
0.970811
0.186132
0.744481
0.376028
0.209355
0.269152
0.325382
0.261741
0.250574
0.368573
0.253985
0.292649
0.51688
0.656581
0.316627
0.242853
0.335111
0.620724
0.268984
0.26473
0.355414
0.479383
0.218699
0.551355
0.207383
0.219962
0.869499
0.467913
0.305263
0.353843
0.374162
0.217963
0.27566
0.184948
0.385249
0.272614
0.319452
0.215276
0.37738
0.80905
0.239627
1.15194
0.274636
0.24785
0.705145
0.466752
0.150087
0.237605
0.426663
0.247494
0.37261
0.262891
0.211689
0.390817
0.28983
0.252154
0.291054
0.308679
0.144498
0.694017
0.657912
0.262899
0.358095
0.448258
0.230064
0.255126
0.187706
0.269341
0.448485
0.311012
0.476235
1.73897
0.347785
0.232067
0.275984
0.38693
0.173217
0.655069
0.356123
1.14749
0.394962
0.390902
0.189308
0.197673
0.246369
0.673667
0.210244
0.382022
0.452514
0.348432
0.202704
0.268763
0.254009
0.360473
0.416638
0.599025
0.23235
0.351327
1.27671
0.428247
0.199549
0.367675
0.587424
0.298348
0.255459
0.516727
0.265858
0.161927
0.174887
0.380494
0.232575
0.593064
0.252188
0.213143
0.320873
0.2263
0.445047
0.340653
0.377502
0.275358
0.375475
0.276803
0.24715
0.142838
1.80894
0.12959
0.205813
0.321875
0.271914
0.838812
0.399641
0.167409
0.112445
0.196543
0.217198
0.262803
0.341656
0.30482
0.228149
0.326987
0.335845
0.408593
0.35177
1.13343
0.356861
0.203524
0.287801
0.32813
0.344171
0.354732
0.261949
0.251057
0.387062
0.597848
0.231434
0.458032
0.287512
0.297253
0.510396
0.203367
0.403295
0.23193
0.53468
0.284248
0.230841
0.123453
0.212209
0.254715
0.342818
0.252656
0.291875
0.246556
0.256847
0.245823
0.211936
0.301504
0.233201
0.865046
0.229978
0.212719
0.476232
0.999028
0.310447
0.826917
0.75262
0.234532
1.3186
0.279168
0.214417
0.742004
0.335252
0.48793
0.20096
0.373785
0.249807
0.102951
0.232472
0.192741
0.150589
0.246704
0.485121
0.247053
0.264959
0.819849
0.807942
0.188084
0.334394
0.708812
0.540686
0.237525
0.357334
0.384246
0.301292
0.190064
0.282454
1.05643
0.312681
0.30955
0.594344
0.439843
0.35956
0.410136
0.357964
0.296918
0.215527
0.423542
0.174486
0.283739
0.316521
0.598917
0.433808
0.280604
0.6131
0.708649
0.280813
0.378182
0.537555
0.0580216
0.298206
0.786533
0.211998
1.03912
0.463886
0.296734
0.35068
0.275639
0.510619
0.601401
0.202245
0.0930369
0.260653
0.292458
0.135797
0.350248
0.513097
0.290438
0.259593
0.286359
0.241741
0.203104
0.287264
0.279492
0.302169
0.2278
0.552906
0.197002
0.34415
0.326509
0.222117
0.394178
0.272782
0.603691
0.281845
0.716999
0.20956
1.27981
0.31426
0.926404
0.366811
0.372747
0.140877
0.453771
1.16137
0.277428
0.27811
0.442507
0.252629
0.551918
0.303854
0.294211
0.221644
0.179741
0.473983
0.581997
0.256003
0.577212
0.310798
0.220262
0.145836
0.411911
0.325578
0.726063
0.365312
0.459196
0.483501
0.251254
0.261522
0.632859
0.347865
0.493864
0.553674
0.153473
0.143288
0.221106
0.469252
0.518958
0.553504
0.3594
0.266834
0.737466
0.810756
0.427091
0.180706
0.322762
0.216133
0.171847
0.349856
0.183295
0.612276
0.429212
0.597746
0.217458
0.171947
0.178558
0.222786
0.294177
0.327028
0.16472
0.788236
0.284162
0.439294
0.457484
0.253508
0.148256
0.479045
0.197621
0.375057
0.363525
0.257993
0.24724
0.305339
0.224673
0.491913
0.227093
0.280383
0.49962
0.342209
0.305626
0.32286
0.525119
0.309911
0.258082
0.204404
0.75184
0.671508
0.18549
0.243199
0.371393
0.466689
0.314576
0.439023
0.246017
0.235444
0.333379
0.570037
0.692842
0.240867
0.318305
0.278782
0.191364
0.375288
0.379915
0.244614
0.32938
1.19022
0.262287
0.365803
0.465488
0.448182
0.204708
0.114342
0.245728
0.398198
0.296646
0.189701
0.191357
0.324056
0.388118
0.1518
0.188453
0.350215
0.318882
0.317157
0.281024
0.222631
0.28027
0.421833
0.407877
0.189365
0.384005
0.482186
0.260388
0.422559
0.236697
0.259317
0.326811
0.299153
0.181005
0.473673
0.414831
0.386483
0.368729
0.325071
0.537711
0.315342
0.341856
0.180058
1.13394
0.513043
0.729092
0.19512
0.399869
0.629998
0.25912
0.367269
0.340145
0.608089
0.255725
0.315337
0.226717
0.19001
0.390766
0.671357
0.253647
0.583052
0.619539
0.341129
0.274881
0.253106
0.192975
0.499833
1.38493
0.233002
0.287219
0.40051
0.315323
0.132543
0.316155
0.214976
0.340563
0.216504
0.425145
0.140387
0.196223
0.341665
0.235116
0.763022
0.219159
0.330204
0.152693
0.366407
0.323917
0.273265
159.59
0.679784
0.173706
0.34541
0.214272
0.352381
0.394926
0.620555
0.42243
0.202737
1.62887
0.253294
1.53996
0.179365
0.343854
0.379521
0.258276
0.406201
0.276407
1.15783
0.190463
0.278187
0.329889
0.35238
0.244545
1.51415
0.582271
0.60888
0.319422
0.462
0.649013
0.202514
0.183057
0.371038
0.303696
1.80198
0.666963
0.424766
0.28057
0.434393
0.183982
0.531257
0.597425
0.412655
0.313253
0.157885
0.146771
0.329601
0.366017
0.398722
0.317136
0.185108
0.315321
0.502329
0.212451
0.29669
0.371078
0.312986
0.320711
0.42982
0.327627
0.142674
0.325339
0.820324
0.293982
0.30284
0.223859
0.307373
0.307035
0.161087
0.235451
0.193471
0.158048
0.339567
0.297227
0.317159
0.272995
0.470062
0.223196
1.09095
0.521464
0.292264
0.290895
0.399738
0.169356
0.195088
0.337964
0.240168
0.191333
0.346666
0.24577
0.551312
0.394963
0.362521
0.337286
0.359771
0.571633
0.423112
0.272464
0.487638
0.210011
0.166478
0.282134
0.25036
0.215904
0.250073
0.27868
1.37384
0.188526
0.355414
0.354067
0.32164
0.417066
0.321408
0.529758
0.179198
0.892921
0.370494
0.48636
0.324492
0.30471
0.248266
0.233177
0.309851
0.562291
0.305802
0.426238
0.169986
0.406388
0.411447
0.339523
0.226122
0.396484
0.270925
0.293296
0.286372
0.140357
0.31136
0.334416
0.190188
0.107813
0.353151
0.413572
0.409475
0.202703
0.254331
2.17179
0.451328
0.464743
0.406164
0.29727
0.396613
0.144838
0.342064
0.252892
0.286482
0.257565
0.763172
0.138491
0.145496
0.139529
0.527593
0.214894
1.1594
0.202086
0.335273
0.565693
0.310086
0.650622
0.29458
0.235057
0.265707
0.387172
0.259107
0.205108
0.46317
0.24937
0.20075
0.211555
0.566605
0.139565
0.287731
0.182065
0.447481
0.438095
0.370439
0.434326
0.152453
0.690953
0.201675
0.265654
0.501941
0.283847
0.227231
0.446064
0.302376
0.21441
0.110943
0.36428
0.316619
0.30218
0.44027
0.731968
0.319113
0.816408
0.336227
0.243919
0.278794
0.22099
0.181403
0.356894
0.366402
0.364962
0.308323
0.173509
0.176728
0.436335
0.632353
6.87001
0.258436
0.559034
0.241434
0.529484
0.266163
0.179682
0.322223
0.299422
0.385244
0.394844
0.380996
1.08783
0.456251
0.382883
0.254165
0.214861
0.411956
0.57584
0.3799
0.315517
0.321535
0.61136
0.328008
0.48378
0.120593
0.309817
0.190721
0.174268
1.27649
0.873642
0.199246
0.486774
0.267588
0.494518
0.119249
0.389681
0.384871
0.213833
0.149921
0.262072
0.216736
0.271104
0.337874
0.29511
0.211237
0.184694
0.357964
0.156263
0.252838
0.224064
0.516852
0.311394
0.470585
0.426633
1.51285
0.554827
0.231694
0.426373
0.200143
0.51607
0.467076
0.210023
1.3189
0.261191
0.193943
0.443918
0.273885
0.321441
0.458469
0.275377
0.232557
0.54941
0.278541
0.323567
0.35713
0.466069
0.197594
0.162268
0.276698
0.269373
0.175523
0.383206
0.765437
0.227826
0.323751
0.340298
0.913007
0.294861
0.257216
0.189474
0.530023
0.440851
0.405249
0.317665
0.355653
0.244378
0.371946
0.766735
0.350601
0.162685
0.259778
0.271487
0.609301
0.16898
0.46329
0.453734
0.263841
8.53262
0.31857
0.162107
0.302037
0.337759
0.18473
0.636569
0.244245
0.90832
0.2177
0.322939
0.223555
0.320358
0.334486
0.319542
0.261544
0.28396
0.306963
0.414848
0.231672
0.3357
0.255753
0.284423
0.383104
0.206619
0.386327
0.269554
0.209576
0.494021
0.186336
0.197348
0.229766
0.271168
0.567088
0.218592
0.21421
0.346566
0.290336
0.369256
0.432368
0.609357
0.461271
0.295816
0.76712
0.346231
0.260746
0.635886
0.174805
0.208491
0.408096
0.262599
0.231953
0.417517
0.348583
0.170869
0.331612
0.310056
0.157298
0.658338
0.385219
0.270195
0.620643
0.512235
0.276413
0.542503
0.171978
0.135945
0.224691
0.190651
0.166545
0.408216
0.282171
0.363807
0.220201
0.647411
0.173758
0.284936
0.275879
0.630786
0.322995
0.217697
0.265862
0.358713
1.28521
0.320319
0.301147
0.255724
0.7244
0.504374
0.563513
0.709082
0.239245
0.240291
0.217462
0.287096
0.263512
0.330708
0.131612
0.487005
0.242587
0.379194
0.201715
0.201928
0.295076
0.240619
0.244593
0.632658
0.909392
0.447117
0.53655
0.487158
0.420984
0.322696
0.21457
0.339326
0.248456
0.172887
0.270426
0.214571
0.269728
0.467339
0.776836
0.25925
0.175943
0.335618
0.184006
0.374404
0.188288
0.190885
0.2117
0.251378
0.194225
0.317358
0.814154
0.287584
0.306252
0.293202
0.324123
0.402906
0.165946
0.357563
0.198431
0.348992
0.311287
0.354155
0.349115
0.601761
0.359591
0.423936
0.425161
0.27584
0.253457
0.430542
0.324018
0.182034
0.290083
0.240925
0.159727
0.208649
0.166216
0.23659
0.729257
0.236132
0.278136
0.259489
0.216805
0.144112
0.760764
0.42532
0.231712
0.248421
0.213005
0.29326
0.218472
0.621625
0.226744
0.473772
0.403218
0.527818
0.303847
0.265897
0.207395
0.235454
0.278964
0.301046
0.6089
0.199098
0.287451
0.38768
0.261438
0.314556
0.268488
0.65048
0.21452
0.501443
0.263034
0.26716
0.213277
0.259593
0.455115
0.348505
0.278464
0.215966
0.198514
0.590618
0.241341
0.355245
0.503991
0.2771
0.320809
0.299078
0.231863
0.219603
0.28952
0.402153
0.512742
0.249668
0.490355
0.296405
0.203388
0.162875
0.204628
0.455823
0.437288
0.183992
0.661069
0.268299
0.149164
1.7764
0.945563
0.358469
0.255743
0.275343
0.139705
0.223058
0.311621
0.432575
0.207038
0.206252
0.325709
0.369338
0.19405
0.489731
0.291309
0.176308
0.383896
0.20651
0.345566
0.275488
1.02103
0.334306
0.863272
2.28433
0.222883
0.32001
0.201352
0.268579
0.498416
0.226979
0.290464
0.370787
0.26798
0.363951
0.200404
0.365835
0.111595
0.544856
0.269896
0.289125
0.198792
0.386309
0.312739
0.117376
0.309955
0.233112
0.34983
0.46608
0.224636
0.309624
0.174554
0.395669
0.283517
0.206
0.310421
0.285226
0.285746
0.208372
0.331923
0.477286
0.373887
0.292464
0.226326
0.545614
0.247054
0.420501
0.238606
0.260521
0.213629
0.392088
0.228186
0.426701
0.255687
0.295184
0.201408
0.731773
0.285193
0.308443
0.328779
0.368394
0.209959
0.281495
0.278703
0.209539
0.437643
0.230432
0.256356
0.274274
0.141068
0.336605
0.210901
9.7923
0.507736
0.656793
0.294291
0.472169
0.516723
0.151843
0.236001
0.278983
0.214551
0.230033
0.342984
0.452386
0.200509
0.460322
0.806403
0.465921
0.830374
0.586402
0.396436
0.10326
0.315682
0.302047
0.328761
0.606078
0.195316
0.231429
0.548657
0.478557
0.212171
0.417608
0.295992
0.570512
0.155921
0.537675
0.373394
0.616376
0.218781
0.319778
0.720039
0.360311
0.358047
0.366466
0.798328
0.249823
0.348262
0.226108
1.23401
0.353504
0.4384
0.352455
0.237758
0.15374
0.28084
0.530014
1.14842
0.214418
0.299209
0.425887
0.825821
0.764345
0.40893
0.441223
0.450142
0.557755
0.365742
0.267926
0.157449
0.671788
0.779427
0.273216
0.40883
0.195077
0.548851
0.418132
0.670436
0.363264
0.332769
0.217319
0.232628
0.182088
0.332183
1.19112
0.326424
0.27596
0.214355
0.329915
0.186939
0.144893
0.311324
0.1939
0.825463
0.336741
0.316566
0.613538
0.359619
0.372708
0.468604
0.144183
0.167347
0.35082
0.471597
0.196289
0.250915
0.263151
0.326354
0.652676
0.183645
0.364198
0.57305
0.439878
0.210053
0.754679
0.293274
0.17091
0.993893
0.647418
0.315317
0.211086
0.129717
0.360069
0.222275
0.199079
0.349562
0.330214
0.199077
1.0081
0.498606
0.365277
0.263822
0.265903
0.311386
0.632709
0.421131
0.389752
0.406954
0.26043
0.222789
0.30396
0.717907
0.380421
0.468128
0.529747
0.227018
0.196339
0.545323
0.396053
0.41842
0.637648
0.340204
0.221308
0.615084
0.231568
0.222136
0.415283
0.207194
0.312226
0.166307
0.195475
0.272836
0.409558
0.235659
0.226793
0.394287
0.213872
0.291756
0.43261
0.193528
0.328339
0.635087
0.319088
0.254036
0.196995
0.276756
0.635635
0.321979
0.158731
0.277811
0.378131
0.258222
0.753573
0.178037
0.334528
0.321195
0.323992
1.11573
0.653849
0.354169
0.233949
0.326222
0.253895
0.187227
0.296663
0.473535
0.177963
0.311315
0.300376
0.26886
0.263765
0.337843
0.348185
0.618439
0.333266
0.877479
0.31677
0.465249
0.410672
0.184324
0.222244
0.488308
0.422461
0.318143
0.219997
0.295815
0.413477
0.839449
0.174346
0.340224
0.106495
0.377017
0.210434
0.248914
0.53098
0.558357
0.319856
0.431026
0.290482
0.136168
0.240121
0.527512
0.421461
0.147308
0.210876
0.734154
0.503898
0.3669
0.367357
0.324664
0.336187
0.236729
1.50414
0.373082
0.271756
0.478823
0.234502
0.378776
0.126776
0.702093
0.46801
0.187662
0.394787
0.162829
0.257104
0.414393
0.365233
0.377588
0.25555
0.256827
0.170035
0.341104
0.27361
0.141236
0.278609
0.985231
0.133622
0.288083
0.396918
0.830302
0.231973
0.328441
0.220382
0.415448
0.793659
0.0989102
0.53751
0.326368
0.355632
0.316498
0.211077
0.296513
0.347352
0.313526
0.325658
0.232339
0.304466
0.221529
0.186948
0.352528
0.367676
0.297572
0.226886
0.321232
0.446513
0.186816
0.377195
0.298194
0.215532
0.184341
0.727968
0.923536
0.157018
1.13604
0.344345
0.2258
0.191974
0.298538
0.222422
0.241531
0.29416
0.201153
0.649138
0.175626
0.330921
0.473319
0.421986
0.311586
0.430207
0.962311
0.85182
0.143324
0.391448
0.458714
0.416389
0.645591
0.166684
0.590077
0.609928
0.227657
0.555965
0.185269
0.211658
0.400266
0.251203
0.180711
0.311371
0.141915
0.214821
0.29846
0.26656
0.330928
0.193631
0.265641
0.485296
0.259975
0.164525
0.351706
0.322107
0.179787
0.478353
0.183513
0.432626
0.352893
0.310837
0.227358
0.292244
0.360327
0.368256
0.33942
0.379637
0.312032
0.274137
0.252086
0.520453
0.210697
0.331944
0.479237
0.565396
0.51381
0.282163
0.234082
0.474469
0.124121
0.36393
0.321503
0.438459
0.225737
0.218544
0.179676
0.49707
0.489624
0.285197
0.546804
0.591204
0.566894
0.378257
0.295911
0.201293
0.153438
0.242733
1.5859
0.391174
0.39924
0.20857
0.77042
0.212192
0.321575
1.02626
0.249029
0.35529
0.293686
0.239852
0.525095
0.288262
0.552927
0.285484
0.591631
0.34403
0.196813
0.392118
0.433337
0.147833
0.406582
0.727704
0.321031
0.231399
0.468922
0.34322
0.433811
0.163513
0.197591
0.533842
0.376069
0.431051
0.291172
0.216051
0.500949
0.635534
0.343454
0.502306
0.296614
0.150277
0.26721
0.745912
0.366618
0.732255
0.728393
0.348514
0.454655
0.317189
0.190256
0.530337
0.533644
0.356796
0.159317
0.251048
0.480874
0.280971
0.434475
0.308869
0.169302
0.23103
0.231575
0.309997
0.528992
0.309137
0.143482
0.367232
0.193436
0.28296
0.333282
0.714382
0.184058
0.415239
0.440348
0.471282
0.297555
0.141086
0.238486
0.800181
0.252845
0.537874
0.997736
0.347035
0.530928
0.409249
0.272117
0.260532
0.416575
0.409655
0.535165
0.317645
0.351041
0.318781
0.224945
0.426742
0.262534
0.780926
0.258475
0.321179
0.181821
0.821135
0.347115
0.522167
0.350491
0.793228
0.207705
0.51039
0.217445
0.203706
0.295736
0.221533
0.523507
0.829295
0.184251
0.202945
0.230603
0.396196
0.68694
0.240759
0.491666
0.306249
0.315376
0.190414
0.37154
0.148966
0.451099
0.726442
0.200982
0.149337
0.567284
0.348026
0.240766
0.451967
0.167741
0.233557
0.185545
0.219513
1.18076
0.435376
0.299844
0.593421
0.209109
0.319177
0.405597
0.311735
0.361422
0.304128
0.406574
0.385239
0.410786
0.236226
0.242615
0.233264
0.367743
0.243189
0.221365
0.556361
6.99871
0.232016
0.505661
0.47771
0.281577
0.368881
0.273453
0.272462
0.262452
0.39222
0.401958
0.333917
0.805427
1.55021
0.266428
0.217845
0.289195
0.321887
1.34816
0.430528
0.127189
0.423678
1.21335
1.48612
0.335942
0.278973
0.209058
0.15085
0.286543
0.309172
0.328156
0.250492
0.325105
0.443701
0.23232
0.274786
0.453252
0.961957
0.202447
0.14737
1.05309
0.364112
0.644262
0.352591
0.116183
0.300419
0.156998
0.319215
0.675904
0.261358
0.345209
0.297491
0.375989
0.397414
0.18427
0.25874
0.214152
0.353256
0.613694
0.266935
0.288505
0.263873
0.198687
0.209472
0.497874
0.236816
0.326798
0.373053
0.665527
0.343939
0.419765
0.264047
1.35496
0.688913
0.319637
0.267253
0.14424
0.167955
0.320687
0.137457
0.252621
0.302289
0.279456
0.422962
0.281077
0.497179
0.77936
0.187814
0.912748
0.44337
0.414981
0.361366
0.175605
0.545817
0.659896
0.388594
0.212794
0.30644
0.276926
0.296089
0.277202
0.320294
0.825418
0.314868
0.327489
0.221461
0.27112
0.361706
0.50657
0.200677
0.381739
0.237074
0.623072
0.159256
0.121944
0.428414
0.465442
0.429248
0.446053
0.642899
0.486647
0.2672
2.53625
0.790769
0.353556
0.310634
0.411632
0.46668
0.435477
0.310122
0.273852
1.03247
0.443708
1.36594
0.329917
0.203657
0.197486
0.19288
0.26347
0.375431
0.196417
0.67412
0.589453
0.403584
0.361605
0.290087
0.266216
0.502903
0.247568
0.228752
0.839514
0.250003
0.209681
0.684524
0.302971
0.355876
0.251663
0.395497
0.215712
0.231539
0.480258
0.311721
0.658724
0.320119
0.471225
0.572481
0.782645
0.572546
0.180395
0.29245
0.23938
0.285105
0.221379
0.447464
0.402769
0.682586
0.276215
0.304838
0.255551
0.775194
0.363916
0.179592
0.705222
0.408623
0.320536
0.251636
0.506689
0.191533
0.23725
0.321758
0.315198
0.471846
0.380554
0.230635
0.255243
0.17694
0.492326
0.19197
0.15859
0.186358
0.158287
0.251099
0.372605
0.389842
0.781583
0.729434
0.207621
0.5317
0.442582
0.406676
0.180112
1.55478
0.163484
0.387001
0.378966
0.200279
0.873607
0.231999
0.220892
0.201097
0.267708
0.513471
0.711531
0.200146
0.339203
0.352578
0.327407
0.278134
0.450443
0.25536
0.522274
0.737224
0.309642
0.382063
0.962542
0.353607
0.41815
0.286434
0.276696
0.192297
0.496266
0.261336
0.791738
0.217543
0.249573
0.708677
0.449818
0.183035
0.184651
0.270493
0.640741
0.279781
0.360404
4.14665
0.266642
0.159833
0.264185
0.241004
0.457906
0.23955
0.300183
0.221152
0.419372
0.254427
0.268094
0.22181
0.352334
0.307692
0.281003
2.44209
0.353218
0.253403
0.205025
0.334069
0.597677
0.23187
0.553312
0.525446
0.390086
0.183609
0.178014
0.154448
0.319708
0.365852
0.238106
0.277018
0.3683
0.281083
0.248885
0.175655
0.258285
0.206027
0.266326
0.121663
0.305081
1.63009
0.238166
0.201657
0.389393
0.193444
0.176978
0.390902
0.904171
0.489467
0.374586
0.22022
0.355446
0.199707
0.188494
0.258716
0.218803
0.256155
0.269139
0.149879
0.269745
0.234423
0.466334
0.499955
0.189041
0.248556
0.353944
0.368192
2.22289
0.36931
0.298408
0.252841
0.219706
0.16611
0.192046
0.250107
0.271617
0.143881
0.477258
0.24552
0.403962
0.378933
0.170983
0.19708
0.272886
0.303907
0.136048
0.21034
0.231631
0.26198
0.251506
0.217561
0.35685
0.200904
0.331744
0.405045
0.258448
0.349271
0.347851
0.152654
212.436
1.02838
0.77612
0.71274
159.787
0.565884
0.243307
0.185622
1.13237
0.167297
0.244096
0.232054
0.213804
0.458604
0.19987
0.205511
0.365891
0.274597
0.387106
0.323685
0.382432
0.271819
0.216632
0.244169
0.221553
0.430066
0.22144
0.460091
0.0951461
0.368944
2.17582
0.39785
0.516007
0.177096
0.313582
0.260042
0.408425
0.597156
0.264531
0.283365
0.245848
0.622424
0.507523
0.427726
0.604794
0.917248
0.281841
0.18459
0.444468
0.367029
0.589306
0.197121
0.339433
0.303287
0.202876
0.232041
0.712996
0.833154
0.206671
0.23561
0.201664
0.337889
1.00645
0.893557
0.92795
0.223321
0.467337
0.324848
0.578213
0.334143
0.132949
0.256776
0.530033
0.224836
0.328368
0.282058
0.179794
0.66212
0.356852
0.209679
0.314007
0.26943
0.209601
0.248462
0.296384
0.420491
0.426905
0.318601
0.31443
0.544901
0.477793
0.216357
0.26287
0.341157
0.348638
1.22623
1.13477
0.446948
0.686652
0.609205
0.45743
0.260945
0.402435
0.397726
0.192944
0.232691
1.36711
0.183399
0.687286
0.222219
0.160463
0.357986
0.213291
0.894939
0.151146
0.229989
0.152198
0.35825
0.263412
0.239539
0.30363
0.216298
0.269882
0.799002
0.404493
0.211102
0.356045
0.360931
0.122166
0.316121
0.358816
0.322754
0.260825
0.281669
0.371065
0.35762
0.179687
0.525108
0.227284
0.309374
0.386728
0.328155
0.228224
0.252946
0.192756
0.234736
0.247811
0.478414
0.424924
0.321579
0.631747
0.7184
0.277238
0.309889
0.272651
0.728511
0.658725
0.51528
0.232582
0.276424
0.520088
0.321432
0.267709
0.493726
0.156451
0.335849
0.505498
0.48072
0.11381
0.605027
0.298165
0.211453
0.327293
0.25543
0.223199
0.365699
0.294955
0.188568
0.153443
0.595853
0.227982
0.358877
0.330477
0.204258
0.241024
0.196621
0.428164
0.248693
0.35917
0.745608
0.925359
1.12465
0.174308
0.199014
0.349083
0.242541
0.203993
0.247401
0.185741
0.363671
0.291672
0.215678
0.241854
0.242291
0.694779
0.218957
0.453002
0.452552
0.203437
0.387883
0.259497
0.304952
0.28543
0.31538
0.32645
0.636461
0.495549
0.240657
0.535848
0.219189
0.244804
0.211186
1.59666
0.257559
0.414414
0.339714
0.275057
0.238809
0.350468
1.77167
0.686158
0.425686
0.291584
0.183255
0.600336
0.323807
0.534168
0.92566
0.33239
0.383059
0.147279
0.378904
0.268401
0.161557
0.435705
0.282633
0.603215
1.13917
0.364108
0.406064
0.449744
0.171877
0.240886
0.383727
0.476902
0.169788
0.198217
0.213944
1.04287
0.220053
3.58116
0.157052
0.222125
0.394484
0.331456
0.269488
0.29337
0.76815
0.136314
0.379864
0.209839
0.4457
0.239881
0.243225
0.43178
0.86281
0.28709
0.581451
0.229002
0.316713
0.217469
0.337315
0.153114
0.222203
0.395969
0.17892
0.231303
0.245697
0.145047
0.298851
0.5194
0.230585
0.324604
0.302159
0.281977
0.240475
0.298706
0.19437
0.258055
0.558926
0.295199
0.213046
0.226448
0.258972
0.420508
0.547407
0.231983
1.08019
0.462448
0.187267
0.169014
0.512664
0.255083
0.314585
0.368384
0.213285
0.199843
0.249086
0.511939
0.394633
0.500421
0.162002
0.287651
0.218734
0.427747
0.385501
0.182217
0.348474
0.601584
0.290616
0.453597
0.636422
1.54682
0.256997
0.193917
0.268806
0.15287
0.156546
0.264689
0.235569
0.266692
1.98334
0.329649
0.164175
0.272352
0.285925
0.249139
0.169437
0.557883
0.309612
0.240803
0.251201
0.886106
0.275087
0.302956
0.311527
0.272781
0.263372
0.558562
0.240294
0.173755
0.593499
0.192269
0.388162
0.332027
0.233544
0.288261
0.293317
0.272891
0.234034
0.464799
0.819118
0.237933
0.429187
0.202335
0.486656
0.680367
0.412832
0.429154
0.309448
0.271533
0.195192
0.205892
0.247311
0.229829
0.320539
0.536266
0.281272
0.457634
0.219352
0.322309
0.417763
0.700182
0.319765
0.258809
0.194024
0.512586
0.367855
0.49643
0.35456
0.27467
0.156157
0.293138
0.298747
0.298471
0.278755
0.245523
0.14937
0.524822
0.316453
0.281872
0.697725
0.465534
0.21416
0.280213
0.385884
0.448595
0.349889
0.274883
0.327518
0.161957
0.338482
0.514721
0.285913
0.31902
0.517486
0.259166
0.158265
0.136192
0.334227
0.329102
0.574494
0.215837
0.944241
0.29018
0.0988559
0.393969
0.351752
0.613326
0.237744
0.263913
0.308509
0.524662
0.134119
0.353208
0.406256
0.557596
0.269097
0.552315
0.388513
0.235337
0.371437
0.278512
0.142594
0.241894
0.320728
0.452944
0.569329
0.26514
0.316665
0.303747
0.363134
0.657107
0.403488
0.457306
0.275007
0.374037
0.176346
0.415735
0.17502
0.214308
0.488504
0.263366
0.33758
0.334318
0.423923
0.271399
0.1658
0.510707
0.241943
0.65343
0.669195
0.332741
0.435936
0.398254
0.380739
0.296789
0.418356
0.26904
0.216891
0.165186
0.186367
0.447477
0.847344
0.613778
0.233333
0.289069
0.181835
0.263986
0.271843
0.213829
1.92696
0.29714
0.229681
0.161084
0.222186
0.255051
0.231862
0.248495
0.257425
0.225649
0.28874
0.26249
0.378724
0.241758
0.180871
0.250543
0.48239
0.256684
0.318284
0.731668
0.284033
0.252063
0.275876
0.147813
0.290819
0.216306
0.393446
0.228215
0.297405
0.191514
0.454573
0.252345
0.314022
0.369861
0.485942
0.322349
0.549467
0.730171
0.301891
0.606784
0.326711
0.200388
0.294287
0.526397
0.517027
0.281917
0.270739
0.322181
0.261173
0.308814
1.28227
0.400472
0.312017
0.240664
0.25537
0.269454
0.212953
0.312748
0.202668
1.20645
0.352301
0.921211
0.249726
0.323833
0.226701
0.217615
0.202534
0.411468
0.289665
0.24326
0.205791
0.158651
0.149757
0.150899
0.330213
0.385004
0.355522
0.206606
0.331559
0.341827
0.283901
0.239647
0.461661
0.201997
0.285943
0.395165
0.314399
0.264816
0.217809
0.480209
0.238803
0.343583
0.265847
0.631754
0.32256
0.279254
0.25403
0.415574
7.46983
0.83759
0.44078
0.372683
0.903879
0.269505
0.15839
0.686895
0.264099
1.21146
0.342822
2.824
0.294143
0.166635
0.674592
0.19079
0.281838
0.219001
2.57907
0.17928
0.450835
1.51011
0.208998
0.185161
0.209362
0.191587
0.246171
0.165015
0.153125
0.480801
0.206579
0.824718
0.196069
0.223424
0.178014
0.266048
0.295353
0.255171
0.218765
0.281484
0.11507
0.299679
0.132841
0.281001
0.361886
0.255268
0.338562
0.21821
0.383858
0.295309
0.556818
0.498552
0.283502
0.292946
0.165366
0.308325
0.401968
0.468264
0.331954
0.436013
0.532746
0.359489
0.218496
0.649604
0.278113
0.517818
0.298805
0.351236
0.317506
0.323463
0.296406
0.242759
0.477182
0.265457
0.178383
1.23674
0.482824
0.314693
0.516978
0.679601
0.228447
0.558131
0.144898
0.816761
0.484022
0.214646
0.251241
0.205173
0.246426
0.311566
0.303697
0.365299
0.230814
0.341222
0.242162
0.450511
0.27147
0.135331
0.208827
0.212991
0.375705
0.469728
0.612805
0.315374
0.142741
0.284709
0.410063
0.201541
0.196137
0.772978
0.360045
0.117537
0.50986
0.303272
0.775012
0.286913
0.303082
0.234585
0.379639
0.243932
0.200612
0.276071
0.186887
1.07788
0.264935
0.426376
0.25709
0.651875
0.358045
0.31952
0.346949
0.219842
0.385238
0.392244
0.193803
0.322507
0.366358
0.277908
0.401548
0.43524
0.507651
0.19039
1.01717
0.293434
0.259157
0.465292
0.476324
0.308879
0.552328
0.334478
0.552423
0.158279
0.20011
0.227771
0.452542
0.29002
0.303142
0.252575
0.374299
0.416316
0.631103
0.395348
0.156885
3.90784
0.899389
0.248012
0.318025
0.752139
0.188779
0.466595
0.170418
0.492971
0.665367
0.243085
0.23552
0.271722
0.328058
0.307709
0.524137
0.343779
0.635163
0.365189
0.342098
0.274109
0.251229
0.32455
0.435745
0.286643
0.272616
0.184314
0.355265
0.996606
0.295228
0.55529
1.04269
0.399312
0.624425
0.68285
0.216476
0.445197
0.297891
0.427645
0.250637
0.262818
0.241842
0.697535
0.185471
0.322807
0.647515
0.275786
0.627125
0.339559
0.412315
0.24936
0.398425
0.424635
0.260853
0.591592
0.287017
0.938379
0.25703
0.697294
0.298527
0.471705
0.195026
0.260733
0.541823
0.196697
0.262446
0.360931
0.19534
0.428434
0.203108
0.411317
0.403899
0.210229
0.183931
0.161176
0.165955
0.333866
0.327049
0.380241
0.160393
0.654931
0.473084
0.466961
0.23547
0.452852
0.309942
0.83781
0.411579
0.296837
0.57667
0.521351
0.230569
0.279479
0.236617
0.339149
0.217713
0.380934
0.461721
0.226099
0.443201
0.473381
0.310749
0.316801
0.427288
0.450949
0.443528
0.243055
0.42695
0.327081
0.308714
0.349032
0.494175
0.285771
0.31311
0.212031
0.45299
0.22699
0.244255
0.196021
0.267719
0.622575
0.224024
0.295954
0.357532
0.175656
0.393705
0.141451
0.308308
0.187278
0.150695
0.241155
0.26417
0.244434
0.296727
0.323261
0.195994
0.316431
0.373656
0.378831
0.233193
0.342876
0.269245
0.206166
0.422628
1.04122
0.282744
0.328225
0.166165
0.259409
0.467609
0.449034
0.249103
0.398245
0.245921
0.28542
0.376182
0.264422
0.301203
0.443212
0.361154
0.221649
0.437658
0.168907
0.355024
0.295281
0.396555
0.258289
0.277001
0.313019
0.325384
0.490756
0.226775
0.134908
0.244901
0.374048
0.352891
0.272792
0.128259
0.240126
0.311967
0.445185
0.242793
0.285328
0.369961
0.388457
0.331113
0.738339
0.211195
0.566609
0.499999
0.189205
0.22159
0.290115
0.201213
0.167184
0.281208
0.299615
0.368307
0.339126
0.244036
0.878337
0.781004
0.182755
0.350399
0.440325
0.671946
0.297911
148.133
0.576312
0.263507
0.249804
0.462657
0.20476
0.248857
0.339956
0.3389
0.382241
0.256717
0.192111
0.278589
0.329025
0.307048
0.445285
0.183443
0.246697
0.611211
0.21862
0.215195
0.64319
0.171086
0.800666
0.213471
0.279633
0.2878
0.326508
0.381409
0.362509
1.00539
0.147854
0.520311
0.545941
0.51548
0.827014
0.152244
0.177625
0.332938
0.316361
0.416036
0.215611
0.228456
0.180556
0.350483
0.478044
0.432273
0.20337
0.256245
0.236998
0.293609
0.199544
0.269059
0.408942
0.238376
0.250538
0.242995
0.14645
0.394529
0.265563
0.452376
0.31781
0.162975
0.489593
0.159779
0.274493
1.06135
0.84021
0.227566
0.280154
0.408148
0.324506
0.144792
238.401
0.422157
0.311491
0.546511
0.220376
0.254119
0.33774
1.08479
0.338229
0.955933
1.57506
0.781342
0.29872
0.348489
0.569682
1.05492
0.191205
0.392312
0.379149
0.38258
0.430493
0.188849
0.199043
0.352546
0.216673
0.29752
0.315568
0.164675
0.490236
0.266894
0.889647
0.252799
0.769689
0.312004
0.200171
0.309682
0.363477
0.691637
0.19063
0.255819
0.177953
0.287136
0.301794
0.247954
0.398282
0.4558
0.289321
0.331153
0.215851
0.421405
0.425675
0.158813
0.225122
0.372859
0.411756
0.298531
0.302932
0.968406
0.28269
0.151579
0.320248
0.608465
0.212237
0.303872
0.630485
0.561917
0.605233
0.363442
0.203218
0.579278
0.485689
0.429742
0.418121
0.270895
0.239683
0.193662
0.528074
0.380565
0.160084
0.219398
0.206867
0.21621
0.477957
0.136102
0.245797
0.332865
0.28489
0.261438
0.198594
0.752088
1.1176
0.262868
0.171525
0.402733
0.121202
0.202248
0.313907
0.461057
0.258452
0.475791
0.158116
0.255518
0.223178
0.410183
0.333011
0.347377
0.256948
0.239887
0.354236
0.364282
0.162962
0.232229
0.217017
0.426876
1.31571
0.447647
0.213961
0.181815
0.206726
0.207292
0.5823
0.364376
0.328258
0.309124
0.367207
0.192322
0.316824
0.221231
1.16185
0.216105
0.775844
0.141515
0.557074
0.383473
0.244282
0.138526
1.58954
0.277321
0.320319
0.244148
0.285578
0.218959
0.412244
0.394817
0.522674
0.295271
0.337075
0.414206
0.989736
0.296796
0.267103
0.245375
0.202085
0.203328
0.297583
0.999086
0.419007
0.486609
0.281119
0.228136
0.254912
0.373406
0.335646
0.218886
0.360543
0.340562
0.648453
0.316737
0.274585
0.229834
0.823311
0.286736
1.31329
0.229738
0.114283
0.499785
0.186717
0.355757
0.689385
0.225649
0.499712
0.307899
0.979717
0.744853
0.299921
0.335336
0.236147
0.244905
1.09814
0.259916
0.747379
0.257488
0.20412
0.381252
0.678111
0.225419
0.429948
0.358677
0.325433
0.390344
0.333185
0.492203
0.531932
0.80783
0.268533
0.471459
0.568653
0.256395
0.356348
0.318646
0.331754
0.209871
0.338603
0.219612
0.414131
0.295674
0.412012
0.175832
0.516661
0.177195
0.167709
0.271304
0.250013
0.629545
2.46955
0.241249
0.256036
0.24179
0.288624
0.130406
0.523487
0.128266
1.11541
0.266165
0.857633
0.401438
0.255398
0.291559
0.533723
0.14026
0.147529
0.229404
0.332176
0.356051
0.294449
0.435752
0.223443
0.250042
0.67167
0.282928
0.196171
0.161207
0.676325
0.168348
0.241096
0.238866
0.230237
0.211997
0.318594
0.492107
0.301174
0.142204
0.387552
0.187812
0.508456
0.334858
0.621531
0.446407
0.280406
0.59707
0.46073
0.313047
0.30276
0.285439
0.378912
0.308581
0.271997
0.704676
0.845637
0.222857
0.291118
0.231631
0.266039
0.494534
2.32023
0.118666
0.443976
0.453432
0.213184
0.177237
0.179305
0.275233
0.489432
1.02211
0.389786
0.11757
0.328417
0.584056
0.384358
1.80877
0.777467
0.485026
1.44011
0.477367
0.433095
0.213791
0.372931
0.745989
0.289859
0.431156
0.208571
0.510558
0.465813
0.514766
0.328953
0.324662
0.428174
0.715445
0.855589
0.40478
0.137168
1.46264
0.249443
0.172222
0.307466
0.605258
1.03692
0.708938
0.216798
0.326083
0.234578
0.495089
0.40983
0.353515
0.709465
0.307559
0.258727
0.202102
0.326306
0.599465
0.185413
0.215373
0.261369
0.217836
0.347653
0.189652
0.225532
0.351172
0.352083
0.259176
0.233215
0.20446
0.488056
0.578436
0.280836
0.205472
0.596374
0.373969
0.276453
0.387706
0.845186
0.19738
0.19201
0.23596
2.29033
0.220309
0.302163
0.511635
0.177435
0.398258
0.33669
0.38998
0.310769
1.26341
0.191616
0.378904
0.269811
0.232106
0.242501
0.222465
0.454072
0.315532
0.192516
0.215213
0.267063
0.425777
0.382927
0.37544
0.178802
0.289078
0.789365
0.371658
0.336714
0.199162
0.257839
0.281237
0.278665
0.41225
0.373563
0.246289
0.201077
0.616418
0.271397
0.125611
0.60473
0.250848
0.465688
0.303487
0.236578
0.223166
0.441956
0.300339
0.73463
0.277743
0.232002
0.958737
0.22216
0.293624
0.398917
0.125503
0.486709
0.231843
0.123741
0.78871
0.516437
0.549732
0.344265
0.707048
0.417641
0.169252
0.344434
0.225662
0.53009
2.301
0.421725
0.346332
0.230879
0.227724
0.349828
0.176152
0.19255
0.244346
0.207299
0.454859
0.997111
0.308857
0.327193
0.197728
0.187558
0.325598
0.220777
0.486689
0.320643
0.183312
0.50179
0.141686
1.15336
0.746599
0.656178
0.215529
0.159035
0.605158
0.437293
0.991889
0.395704
0.413816
0.344138
0.250899
0.539206
0.592456
0.311129
0.416247
211.844
0.273992
0.507487
0.388471
0.243923
0.333569
0.315674
0.268298
0.302409
0.328246
0.414241
0.272996
208.058
0.485784
0.346378
0.453267
0.25803
0.619383
0.397965
0.589141
0.397056
0.160614
0.198015
0.908928
0.216509
3.34359
0.553015
0.407511
0.25029
0.264449
0.285416
0.158731
0.21229
0.265233
0.206204
1.01269
0.397838
0.951414
0.208042
0.604544
0.393976
0.333547
0.216042
0.198983
0.310035
0.221286
0.474474
0.193818
0.210524
0.703923
0.213067
0.23318
1.16742
0.349061
0.180818
0.287516
0.452516
0.176688
0.348695
0.581458
102.968
0.311134
2.01905
0.272784
0.33379
0.22488
0.123456
0.222215
0.250704
1.18542
0.582891
0.339679
0.687404
0.411504
1.14526
0.318758
0.231073
0.311066
0.614456
0.359792
0.211654
0.147694
0.226612
0.130764
0.211707
0.183694
0.187148
1.01678
0.135589
0.282285
0.623604
0.522386
0.521558
0.302778
0.200939
1.35058
0.324932
0.363391
0.455227
0.782019
0.247821
0.36674
0.464925
0.249308
0.42889
0.210186
0.224028
0.281444
0.663476
0.478316
0.16809
0.168528
0.311309
0.553606
0.348336
0.240603
0.356506
0.542331
0.499316
0.160592
0.262987
0.683878
0.449241
0.478188
0.344127
0.720323
0.422271
0.674301
0.243417
0.420446
0.275167
0.24272
0.424982
0.220144
0.357656
0.443383
0.721288
0.373246
0.243892
0.347595
0.416467
0.217946
0.249649
0.883513
0.24943
0.3242
0.256623
0.204266
0.22858
0.762081
0.160023
0.3039
0.192476
0.353641
0.233183
0.29652
0.683068
0.237743
0.194687
0.416001
0.205996
0.507005
0.428091
0.340263
0.274979
0.165158
0.315797
0.306238
0.366665
0.237041
0.251137
0.746797
0.595714
0.208515
0.322069
0.272642
0.383362
0.265059
0.305928
0.358555
0.384004
0.203233
0.52029
0.2728
0.12731
0.197592
0.459097
0.257176
0.294716
2.38603
0.334565
0.50771
0.190662
0.237979
0.410408
0.369997
0.363563
0.222576
0.865909
0.585984
0.224597
0.491429
0.272635
0.249158
0.196862
0.409396
0.363749
0.280963
0.476478
0.202162
0.485054
0.218636
0.23658
0.309525
0.270965
0.280994
0.424265
0.187753
0.336339
0.33936
0.502946
0.55124
0.234084
0.33872
0.230381
0.360003
0.320671
0.806615
0.168052
0.204725
0.612698
0.253587
0.364065
0.354682
0.197352
0.285601
0.999312
0.224076
0.287101
0.27774
0.409568
0.752337
0.222953
0.423444
0.449024
0.197138
0.188242
0.297236
0.30542
0.309258
0.537633
0.308348
0.364888
0.51137
0.268499
0.296499
0.41842
0.337803
0.204307
0.539374
0.192006
0.224203
0.107448
0.230717
0.215509
0.472402
0.191487
0.277624
0.543861
0.393445
0.192583
0.2407
0.274801
1.12884
0.248527
0.244986
0.339644
1.10577
0.428328
0.273302
0.263201
0.325039
0.383771
0.985901
0.25294
0.181027
0.24235
0.252358
1.42215
0.296449
0.570613
0.351321
0.312759
0.436472
0.3313
0.351547
0.19076
0.262279
0.234034
0.223048
0.534149
0.620509
0.17652
1.03491
0.395647
0.313006
0.45343
0.180206
0.65315
0.219646
0.40574
0.201211
0.429618
0.324915
0.453079
0.20238
0.278374
0.343704
0.274226
0.17582
0.275403
0.250146
0.435109
0.144157
0.174659
0.327881
0.468526
0.320695
0.169413
0.351351
0.574607
0.194252
0.26629
0.404134
0.266309
0.327443
0.233599
0.196242
0.393048
0.285855
0.419526
0.256563
0.203042
0.66414
0.136965
0.51637
0.174747
0.248813
0.465808
0.298586
0.809394
0.474755
0.164468
0.105588
0.437125
1.10975
0.311093
0.430794
0.573498
0.20719
0.360454
0.183547
0.13679
0.533047
0.263624
0.592017
0.24561
0.207875
0.489898
0.527525
0.642603
0.195778
0.143104
0.399512
0.203062
0.297043
0.748339
0.401261
0.220062
0.301638
0.325658
0.228107
0.270609
0.242029
0.538035
0.217132
0.252753
0.415343
0.222201
0.522072
0.396914
0.394446
0.548033
0.109015
0.480044
0.34846
0.23659
0.366209
0.402386
0.30703
0.377262
0.372208
0.229221
0.18591
0.207265
0.34577
0.202744
0.162725
0.399602
0.274842
0.214289
0.425641
0.337829
0.248552
0.533671
0.339516
0.414956
0.30645
0.383107
0.238182
0.374908
0.487118
0.173687
0.384601
0.383903
0.478746
0.262012
0.542802
0.285022
0.686894
0.217647
0.591577
0.314356
0.220123
0.221423
0.265616
0.458802
0.192612
0.274451
0.333822
0.262877
0.335098
0.330939
0.132997
0.64088
0.41286
0.620955
0.177752
0.149164
0.24465
0.327354
0.248215
1.38103
0.215404
0.211754
0.298756
0.592647
0.324835
0.275788
0.179719
0.268552
0.605903
0.291384
0.308621
0.339967
0.26352
0.261073
3.33716
0.483156
0.182497
0.25203
0.349821
0.243984
0.478028
0.26843
0.347997
0.675822
0.239968
0.613774
0.328693
0.220952
0.468723
0.261943
0.240316
0.737244
0.393833
0.340044
0.278631
0.315558
0.302872
0.350279
0.354193
105.531
0.249305
0.286087
0.252529
0.266676
0.377089
0.489031
0.277866
0.298756
0.401933
0.172185
0.391794
0.389673
0.244227
0.342094
0.54514
0.198989
0.354479
0.209219
0.354803
0.309293
0.600382
0.225588
0.284806
0.524654
0.579771
0.254911
0.24505
0.195843
0.165309
0.213461
0.378344
0.240415
0.518259
0.316628
0.526156
0.310196
0.268574
0.246033
0.168022
0.360363
0.266244
0.20326
0.979161
0.217694
0.222471
0.369341
0.270523
0.470084
0.32389
0.463649
1.12265
0.18687
0.177563
0.329071
0.234233
0.270167
0.191949
0.341599
0.108265
0.11301
0.470228
0.373741
0.267254
0.268829
0.61332
0.29352
0.786099
1.24854
0.142715
0.697962
0.264355
0.517538
0.459334
0.354361
0.242128
0.337938
0.198465
0.25835
0.281534
0.422067
0.243641
0.33172
0.37795
0.207445
0.177146
0.293781
0.449375
0.462399
1.40937
0.225795
0.400459
0.579676
0.217702
0.245931
0.349085
0.358054
0.166267
0.464976
0.355829
0.291891
0.345203
0.200918
0.347621
0.34831
0.347718
0.3076
0.630314
0.167653
0.35106
0.31652
0.815861
0.346142
0.549485
0.424478
0.927037
0.349208
0.355438
0.289643
0.250636
0.479234
0.177367
0.693057
0.248465
0.226684
0.225275
0.461643
0.372502
0.183121
0.318697
0.269394
0.292092
0.126031
0.431536
0.275976
0.5625
0.235813
0.17655
0.269126
0.321163
0.311756
0.227225
0.454329
0.652572
0.199037
0.227475
0.289069
0.58687
0.263825
0.19044
0.258374
0.355627
0.465508
0.287774
0.168374
0.188884
1.09569
0.258432
0.302751
0.105351
0.401673
0.250458
0.194238
0.31861
0.370054
0.32627
0.28088
0.291388
4.3197
0.311633
0.239577
0.528936
0.368769
0.442423
0.350482
0.365445
0.245976
0.822175
0.316461
0.468806
0.231329
0.341484
0.165915
0.359122
0.234999
0.284146
0.463644
0.18135
0.545263
0.213783
0.233347
0.241109
0.449858
0.160676
0.487973
0.451838
0.304495
0.421405
0.328011
0.417399
0.494133
0.22676
0.433971
0.320443
0.343915
0.241762
0.232592
0.429448
0.210459
0.275972
0.262104
0.315858
0.37963
0.23404
0.296253
0.510941
0.602497
0.220711
0.16068
1.51094
0.134771
0.345158
0.599279
0.2984
1.11464
0.527328
0.234926
0.438963
0.247392
0.176195
0.686226
0.241967
0.165078
0.343012
0.286222
0.541959
0.364836
0.3986
0.197825
1.19343
0.148979
0.386235
0.248376
0.690722
0.826694
0.204463
0.34507
0.274327
0.30351
0.376078
0.195088
0.477049
0.440976
0.319586
0.223737
0.522604
0.377619
0.267565
0.326985
0.407287
0.212484
0.214985
0.219465
0.213756
0.32874
0.500535
0.25286
0.379102
0.329896
0.289877
0.239197
0.345591
0.180782
0.478603
0.248289
0.397299
0.131471
0.310715
0.433974
0.542226
0.403675
0.828792
0.188648
0.210994
0.397419
0.22222
0.274902
0.59904
0.557607
0.392865
0.226051
0.164222
0.283913
0.489219
0.520438
0.264188
0.208893
0.259423
0.249519
0.380492
0.454926
0.332769
0.258889
0.201984
0.240228
0.375332
0.255451
0.471324
0.28788
0.284719
0.307016
0.686384
0.342566
0.199993
0.156516
0.322454
0.301328
0.238746
0.328016
0.630992
0.332081
0.638146
1.00429
0.344364
0.342327
0.454655
0.151082
0.401726
0.441236
0.209348
0.240953
0.632158
0.226331
0.344896
0.17222
0.27688
0.747547
0.41573
0.132149
0.195036
0.809147
0.702494
0.528558
0.219626
0.331742
0.158543
0.333261
0.294041
0.19241
0.520655
0.278385
0.18069
0.639499
0.214154
0.541571
0.195641
0.390288
0.451471
0.221097
0.29298
1.00406
0.464232
0.340279
2.73402
0.658848
1.02867
0.948617
0.320386
0.302419
0.636926
0.176051
0.920981
0.325152
0.396371
0.255438
0.197737
0.3299
0.300286
0.469058
0.264646
0.27136
0.279184
1.1483
0.237998
0.529514
0.300898
0.263715
0.478726
0.594847
0.719898
0.169424
0.3812
0.216455
0.508476
0.613395
0.615466
0.449015
0.208775
0.390017
0.423985
0.609343
0.363889
0.210035
0.579625
0.303108
0.685008
0.294224
0.323416
0.255166
0.23971
0.598768
0.297139
0.436929
0.217716
0.387306
0.349894
0.240459
0.298257
0.33173
0.239077
0.165821
0.444535
0.566241
0.123615
0.266996
0.382226
0.289834
1.11838
0.268421
0.216367
0.197237
0.522217
0.44309
1.48191
0.146042
0.220528
0.139983
0.261608
0.263884
0.154317
0.399718
0.622182
0.181307
0.181558
0.223038
0.297515
0.350212
0.441822
2.51679
1.01323
0.393995
0.599902
0.688804
0.490405
0.314724
0.324234
0.42207
0.302438
0.524425
0.420349
0.427467
0.512524
0.228848
4.27206
0.417914
0.458491
0.324045
2.05566
0.21755
0.204288
7.31662
0.267647
0.57095
0.333995
0.212497
0.16728
0.395364
0.318393
0.758016
0.141773
0.205732
0.216304
0.247314
0.568457
0.732801
0.236136
0.288577
0.333481
0.182989
0.172948
0.29517
0.355689
0.260776
0.304052
0.236545
0.309705
0.20518
0.472956
0.481529
0.386582
0.238019
0.410972
0.207518
0.276495
0.280989
0.96443
0.387137
0.467708
0.395131
0.245763
0.280345
0.262535
0.450275
0.263381
0.188815
0.268157
0.471298
0.402537
0.351244
0.340602
0.345746
0.19505
0.405312
0.20395
14.4426
0.281354
0.457297
0.190834
0.323777
0.420833
0.287389
0.223728
0.631151
0.317854
0.276081
0.556895
0.311131
0.26631
0.35593
0.416594
0.421643
0.185083
0.24105
0.151263
0.341145
0.322329
0.191074
0.281124
0.191901
0.298477
0.273898
0.210571
0.170418
0.330418
0.260826
0.188588
0.167225
0.237044
0.778307
0.463088
0.24746
0.40403
0.361433
0.235379
0.237302
0.177822
0.1912
0.249706
0.340778
0.373939
0.281045
0.251485
0.455707
0.252218
0.435817
0.235258
0.307317
0.449687
0.137938
0.422057
0.298451
0.29672
0.227018
0.329166
0.376654
0.291128
0.196347
0.879376
0.239871
0.34315
0.349096
0.218039
0.208628
0.23272
0.267264
0.314585
0.430917
0.338214
0.264325
0.284727
1.19912
0.448979
0.169232
0.414759
0.289975
0.24675
0.187512
0.222691
0.644074
0.394448
0.224862
0.282135
0.227218
0.291337
0.29054
0.488528
0.337779
0.305437
0.214844
0.331285
0.208894
0.812436
0.168421
0.274111
0.206296
0.342432
0.234963
0.585016
0.336394
0.236568
0.302827
0.316962
0.398147
0.23601
0.223173
0.136367
0.395274
0.277628
0.649908
0.357162
0.694222
0.220288
0.206791
0.598589
0.399851
0.271389
0.348073
0.271292
1.03093
0.415274
0.473983
0.318653
0.910051
0.39807
0.291979
0.565017
0.334852
0.346
0.514944
0.218487
0.138935
0.226282
0.230934
0.333989
0.369961
0.390005
0.366161
0.1686
0.195926
0.334771
0.337241
0.22237
0.807025
0.636699
0.178469
0.448003
0.63238
0.298789
0.563732
0.295015
0.622623
0.219409
0.219016
0.303039
0.160955
1.02919
0.495756
0.452088
0.152465
0.54092
0.542739
0.26803
0.224057
1.8566
0.390832
0.473405
0.378935
0.22798
0.543722
0.432936
0.222657
0.425455
0.717576
0.313872
0.239372
0.262269
0.338167
0.196896
0.327834
0.41794
0.187985
0.328387
0.376462
0.264749
0.276142
0.24758
0.18176
0.197006
0.340244
0.253421
0.259576
0.273055
0.0962021
0.243353
1.01116
0.244768
0.254933
0.221966
0.258411
0.391804
0.357862
0.374119
0.800911
0.58892
0.384254
0.216902
0.185088
0.201891
0.200867
0.338121
0.526748
0.350902
0.333959
0.618362
0.367592
0.918321
0.38753
0.372619
0.449392
0.473072
0.299783
0.26089
0.219664
1.33138
0.162287
0.180349
0.377414
0.41095
0.259801
0.311205
0.425735
0.163796
0.11201
0.407696
0.416537
0.377945
0.475192
0.628645
0.264987
0.411919
0.197439
0.339255
0.398633
0.308473
0.428051
0.354826
0.313693
0.315875
0.207496
0.634038
0.255544
0.511354
0.30327
0.437156
0.482413
0.261367
0.515072
0.279747
0.177937
0.48385
0.415072
0.315908
219.124
0.378984
0.31015
0.671648
0.202121
0.275857
0.318501
0.338912
0.340117
0.547049
0.345766
0.744451
0.776662
0.24943
0.252799
0.420613
0.85903
0.353258
0.250322
0.254549
0.373532
0.434788
0.544374
0.512022
0.293414
0.189114
0.208274
0.197642
0.131413
0.516083
0.237957
0.688919
0.347937
151.929
0.197186
0.205984
0.375995
0.943652
0.380953
0.232369
0.478207
0.324487
0.372974
0.463211
0.264597
0.438003
0.216679
0.302127
0.764596
0.305885
0.418223
0.331359
0.19936
0.249617
0.219154
0.250785
1.5219
0.172529
0.217456
0.301388
0.455508
0.266614
0.294272
0.145357
0.323556
0.318174
0.59192
0.101798
0.243527
0.928574
0.454237
0.157241
0.293784
0.202445
0.76322
1.49767
0.2055
0.283297
0.147361
0.416679
0.450011
0.269727
0.514787
1.83733
0.307781
0.154517
0.402513
0.475959
0.227418
0.300238
0.204624
0.468094
0.190032
0.224928
0.807561
0.19435
0.200012
0.181367
0.367725
0.196668
0.289119
0.296492
0.285063
0.318633
0.485138
0.433833
1.24303
0.255828
0.50983
0.310236
0.391379
0.179114
0.428528
0.372411
0.356885
0.355165
0.3545
0.263627
0.483639
0.593024
0.388797
0.140061
0.256366
0.228705
0.298175
0.41108
0.49047
0.3077
0.460791
1.47188
0.251221
0.458496
0.281365
0.177345
0.477971
0.630357
1.09621
1.22543
0.351671
0.479028
0.818879
0.511022
0.216368
0.497514
0.160902
0.434585
0.228038
0.175423
0.25161
0.174892
0.715418
0.312102
0.323024
0.345704
0.581199
0.611821
0.232436
0.209251
0.319253
0.21178
0.35206
0.214554
0.233039
0.295075
0.240124
0.353836
0.377361
0.361106
0.20648
0.285705
0.287064
0.961043
0.731226
0.36717
0.225391
0.375719
0.195367
0.213203
0.246568
0.156392
0.22683
0.70995
0.414014
0.408473
0.309192
1.62182
0.277768
0.247841
0.314972
0.390512
0.243687
0.377911
1.01268
0.144204
0.169631
0.856207
0.412022
0.221176
0.276904
0.31324
0.311578
0.348097
0.577404
0.957808
0.238695
0.139236
0.669845
0.208777
0.273293
0.221628
0.309256
0.987004
0.2208
1.22084
0.261726
0.544729
0.353613
0.384883
0.610632
0.339168
0.347958
0.160556
0.465976
0.431959
0.222535
0.51174
0.43831
0.310434
0.268091
0.349718
0.138562
0.419205
0.587749
0.198019
0.341552
0.163602
0.18185
0.28043
0.252945
0.239369
0.24128
0.179899
0.397607
0.338412
0.248413
0.187839
0.342863
1.13099
0.286814
0.243272
0.339435
0.577997
0.595001
0.50949
0.20861
0.263063
0.518788
0.428698
0.278447
0.289697
0.343705
0.348701
0.330095
0.374182
0.276961
0.416653
0.250069
0.2011
0.419666
0.505495
0.197379
0.514148
0.23298
0.192747
0.205623
0.222324
0.371488
0.355899
0.228737
0.381933
0.28169
0.302271
0.468392
0.34411
0.385701
0.283033
0.453929
0.288725
0.208783
0.231827
0.238919
0.220557
0.451864
0.605109
0.137275
0.312937
0.420028
0.351205
0.136349
0.227336
0.241011
0.26568
0.495792
0.203034
0.35384
1.01356
1.05615
1.4208
0.291372
0.241479
0.348721
0.260178
0.616525
0.253244
0.32093
0.20646
0.207216
0.512607
0.38143
0.361683
0.253905
0.338535
0.15932
0.23515
0.280833
0.28263
0.161745
0.252667
0.691591
0.432129
0.326076
0.322215
0.420329
0.477977
0.33017
0.318015
0.273752
0.340897
0.297357
0.296826
0.366398
0.220259
0.174039
0.254104
0.909381
1.03658
0.210405
0.149132
0.539191
0.356382
0.437859
0.218671
0.199187
0.454286
0.241677
0.215702
0.541129
0.213147
0.467418
0.637456
1.04647
0.482578
0.144072
0.185996
0.189934
0.510119
0.401084
0.179394
0.55234
0.36434
0.2253
0.193047
0.477643
0.270138
0.322491
0.266079
0.302407
0.331236
0.316346
0.427831
0.221555
0.753811
0.282473
0.242388
0.373324
0.232816
0.218514
0.328317
0.395208
0.373289
0.313387
0.307891
0.302415
0.208608
0.322854
0.403555
0.230082
0.138088
0.414817
0.440228
0.533157
0.412118
0.456288
0.3011
0.312725
0.142182
0.300698
0.446268
0.396608
0.407152
0.330575
0.3636
0.610549
0.238203
0.537474
0.481436
0.431409
0.263994
0.38323
0.32119
0.281226
0.431246
0.490651
0.218575
1.41192
0.266618
0.170304
1.10797
0.397447
0.221899
0.253148
0.595184
0.328962
0.515436
0.347428
0.208692
0.447007
0.172227
0.307417
0.269958
0.284067
0.217967
0.806907
0.192968
0.547924
0.31365
0.235449
0.184978
0.289996
0.162273
0.961554
0.497634
0.125031
0.431671
1.05813
0.181976
0.404888
0.24529
0.387747
0.215479
0.411475
0.220978
162.731
2.32004
0.548221
0.243142
0.234303
0.318505
0.223186
0.156393
0.511109
0.881264
0.611973
0.308724
1.82946
0.469265
0.309464
0.243018
0.709175
0.163525
0.213828
0.209338
0.872772
0.680949
0.344171
0.193818
0.618519
0.25237
0.719749
0.517514
0.279134
0.273558
0.309339
0.224086
0.218444
0.304931
0.214719
0.314945
0.428169
0.411318
0.602535
0.495327
1.3738
0.296635
0.18179
0.230679
0.539084
0.330929
0.540685
0.361839
0.399787
0.266069
0.160185
0.304617
0.570732
0.170998
0.257433
0.876658
0.451915
0.411761
0.344641
0.283597
0.219127
0.243295
0.541335
0.176649
0.558554
0.694254
0.232463
0.373177
0.352996
0.371408
0.156452
0.458471
0.227775
0.271706
0.207128
0.219319
0.233084
0.407771
0.426543
0.32383
0.911604
0.395855
0.460171
0.650415
0.533889
0.472947
0.299771
0.429543
0.240578
0.203994
0.175319
0.214721
0.443583
0.228483
0.390802
0.265341
0.344581
0.275037
0.323919
0.511177
0.434832
0.691499
0.586936
0.156929
0.228361
0.450229
0.255217
0.241562
0.453746
0.31893
0.321459
0.396183
0.201697
0.401472
0.244535
0.23857
0.419105
0.354175
0.327655
0.326413
0.217005
0.439463
0.566747
0.549846
0.999622
0.441856
0.234937
0.40267
0.216798
0.238733
0.424364
0.300665
0.390924
0.322141
0.563341
0.312956
0.85903
0.596751
0.322514
0.30263
0.533286
0.475541
0.401925
0.797372
0.233356
0.478256
0.191645
0.348995
0.619576
0.334647
0.379228
0.617206
0.277691
0.226936
0.434473
0.209806
0.231008
0.239777
0.295821
0.326146
0.411522
0.27773
1.51147
0.251993
0.2064
0.477875
0.794696
0.379476
0.364562
0.258088
0.69933
0.303763
0.245309
0.146835
0.284675
0.19054
0.385399
0.252096
0.355617
0.20814
0.467253
0.718192
0.162828
0.150043
0.194733
1.29255
0.807299
0.331461
0.475241
0.224483
0.228942
0.371288
0.310872
0.321126
0.315058
0.188157
0.214694
0.278286
0.175385
0.13627
0.322966
0.640897
0.327207
0.51033
0.414599
0.370588
0.315071
0.366664
0.326435
0.291702
0.235422
0.380729
0.23555
0.209352
0.448169
0.472799
0.193345
2.97538
0.20352
1.57022
0.410012
0.22535
1.01799
0.222503
0.265213
0.384786
0.379357
0.216023
0.265748
0.182547
0.31327
0.176113
0.360088
0.222595
0.322356
0.273156
0.230584
0.183206
0.167998
0.341301
0.617418
4.86243
0.345136
1.35702
192.99
0.431529
0.19835
0.331815
0.369433
0.359893
0.412442
0.824031
0.664451
0.644612
0.298788
0.44773
0.347527
0.201616
0.276201
0.639302
0.301404
0.332045
0.264878
0.31969
0.26962
0.420133
0.179553
0.179992
0.234866
0.24994
0.814245
0.624862
0.24303
0.315301
0.287349
0.265923
0.510579
0.665616
0.198224
0.269301
0.780063
0.412385
0.411047
0.224524
0.362171
0.193019
0.264665
0.174139
0.200662
0.771885
0.337668
0.325862
0.20313
1.05729
0.437581
0.379538
0.238594
0.248032
0.816059
0.232237
0.309181
0.197482
0.201519
0.282924
0.174326
0.218904
0.296291
0.299692
0.248545
0.443651
0.280588
0.350813
0.451666
0.324813
0.195088
0.1671
0.484925
0.307879
0.390448
0.415579
0.332724
0.353881
2.06964
0.57376
0.484048
0.206798
0.373077
0.44523
0.235962
0.517527
0.220199
0.771926
0.437929
0.316329
0.921785
0.28282
0.558208
0.152449
0.287076
0.212604
1.2845
0.318701
0.243579
0.563529
0.407761
0.261707
0.192816
0.205027
0.297569
0.274289
0.465128
1.69966
0.490962
0.231796
0.885553
0.394136
0.574287
0.139728
0.441424
0.230836
1.42581
0.267363
0.617256
0.800201
0.37241
0.173054
0.215861
0.612375
0.228693
0.329312
0.271957
0.361592
0.303069
0.263056
0.149576
0.125131
0.342163
0.249276
0.351224
0.336697
0.305058
0.278832
0.398007
0.248662
2.23532
0.376972
0.279603
0.438594
0.471801
0.481815
0.285128
0.84986
0.120116
0.247941
0.995036
0.382638
1.20079
0.533321
0.380591
0.180358
0.447272
0.314927
0.264619
5.02671
0.294806
0.35824
0.321238
0.328545
0.514559
0.223447
0.263642
0.75001
0.207067
0.184982
0.217407
0.294003
0.195012
0.195049
0.276857
0.647831
1.26471
0.349801
0.536523
0.287878
0.237291
0.490278
0.508397
0.38416
0.243515
0.321127
0.306707
0.257038
0.274513
0.488309
0.258494
0.330199
0.25752
0.197792
0.201327
0.288987
0.393506
0.44691
0.255609
0.154661
0.401265
0.25163
0.717813
0.22507
0.166196
0.421389
0.234098
0.634103
0.261341
0.199018
0.616619
0.222399
0.189109
0.364844
1.54747
0.220454
0.162063
0.161054
0.209358
0.239394
0.250029
0.364157
0.109607
0.26812
0.288594
0.493204
0.196641
0.337824
0.325239
0.38425
0.2774
0.173678
0.575102
0.244309
0.437165
0.224894
0.378302
0.21543
0.315363
0.240511
0.130595
0.339991
0.189905
0.267873
0.276829
0.350347
0.579733
0.186675
0.261045
0.213688
0.215817
0.346126
0.606598
0.211276
0.267737
0.450376
0.204234
0.265548
0.463035
0.282145
0.285126
0.451406
0.21319
0.643411
0.426203
0.211897
0.441287
0.201048
0.469897
0.724344
0.278942
0.361339
0.163585
0.325346
0.552424
0.466179
0.222578
0.179424
0.36331
0.149095
0.436767
0.242084
0.319153
0.435829
0.337632
0.170888
0.609361
0.313622
0.212536
0.242545
0.388194
0.346906
0.179652
0.216476
0.125017
0.249464
0.74361
0.160798
0.154368
0.464259
0.766071
0.906015
0.592226
0.940082
0.642575
0.199914
0.308382
0.573166
0.27603
0.48979
0.28451
0.493559
0.251717
0.205538
0.289381
208.735
0.66235
0.210598
0.257202
0.176767
0.177596
0.215847
0.289781
0.260351
0.282228
0.2052
0.245582
0.195868
0.520365
0.161012
0.446118
0.636263
0.327742
0.23313
0.157882
0.191152
0.316998
0.231833
0.255735
0.238953
0.286777
0.250253
0.463168
0.363981
0.922915
0.959266
0.227862
0.249955
0.225662
0.402533
0.532986
0.418054
0.245176
0.412021
0.205067
0.302505
0.151799
0.291021
0.418169
0.345317
0.272601
0.425197
0.157613
0.349225
0.610755
0.222541
0.341592
0.380034
0.511801
0.354762
0.139365
0.2103
0.259162
0.343119
0.643985
0.226445
0.347521
0.623468
0.32727
0.235499
0.222068
0.338251
0.47433
0.175927
0.489725
0.338423
0.377006
0.203992
0.63387
0.366683
0.259833
0.334225
0.314928
0.256118
0.401506
0.393462
0.28085
0.276481
0.397064
0.20621
0.441445
0.192873
0.496246
0.241933
0.313728
0.261542
0.384267
0.583526
0.26373
0.307513
0.417584
0.386907
0.137833
0.370773
0.816573
0.258203
0.200277
0.218043
0.219584
0.302094
0.397663
0.215922
1.03027
0.25134
0.275021
0.398504
0.460269
0.307141
0.181879
0.312743
0.341156
0.375971
0.890443
0.293905
0.201879
0.305434
0.22519
0.33849
0.24529
0.831542
0.284764
0.262249
0.437191
0.14089
0.349837
0.375951
0.366758
0.235615
0.750391
0.462478
0.34285
0.201358
0.87797
0.261932
0.346272
0.269385
0.481399
0.20602
0.543004
0.144393
0.42673
0.360592
0.240824
0.418938
0.500911
0.281201
0.430995
0.378886
0.319792
0.272858
2.16695
0.366277
0.182955
0.208556
0.316349
0.674637
0.26288
0.14791
1.12493
0.475553
0.184381
0.262838
0.21626
0.705275
0.269634
0.201658
0.357393
0.49009
0.2515
0.14232
1.67303
0.253586
0.821984
0.513381
0.620351
0.641863
0.65453
0.839164
0.277345
0.228795
0.226452
0.29505
0.521027
0.1899
5.11931
0.317572
0.395747
0.208872
0.208828
0.257023
0.247255
0.469966
0.352329
0.414693
1.52686
0.261598
0.304274
0.489174
0.497113
0.350479
0.279095
0.298458
0.217139
0.302325
0.295869
0.29439
0.406739
0.272049
0.256828
0.220218
0.323352
0.404059
0.464638
0.37233
0.193588
0.202196
0.395907
0.210833
0.312959
0.198121
0.173193
0.156133
0.292143
0.368861
0.542393
0.318433
0.615327
0.991978
0.606612
0.394613
0.2735
0.261788
0.17445
0.262432
0.242799
0.191693
0.334671
0.286636
0.338984
0.612879
0.456211
0.4315
0.347545
0.868491
1.07686
0.247791
0.396284
0.252296
0.229168
0.446235
0.253141
0.365803
0.343254
0.217131
0.507156
0.303414
0.206027
0.252164
0.414486
0.321951
0.238574
0.724055
0.246101
0.458526
0.135637
0.520813
0.303947
0.257913
0.521551
0.502535
0.369895
0.183547
0.253917
0.609119
0.433295
0.312494
0.245334
0.341674
0.422058
0.309427
0.269791
0.733088
0.203055
0.374773
0.253391
0.518007
0.313494
0.204178
0.282857
1.91038
0.826415
0.398331
0.257896
0.2592
0.37759
0.51147
0.375021
0.875379
0.182318
0.242518
0.605913
0.262868
0.773744
0.535675
0.283254
0.199706
0.24783
0.146562
0.281874
-208.673
0.46768
0.334177
0.39783
0.226625
0.346686
0.164539
0.563934
0.190357
0.342128
0.67067
0.972656
0.341036
0.339123
0.216544
0.548617
0.253702
0.349265
0.225914
0.785879
0.193146
0.271323
0.141755
0.469734
0.43925
0.609515
0.933387
0.408392
0.170232
0.779496
0.38869
0.42842
0.281979
1.19452
0.554377
0.291608
0.500822
0.386262
0.529341
0.200324
0.390958
0.232841
0.356877
0.526145
0.284708
0.3362
0.355925
0.32546
0.358863
0.210389
0.432748
0.173614
0.354111
0.190535
0.769638
0.339372
0.249792
0.183438
0.294552
0.274628
0.425252
0.51705
0.304705
0.36565
0.148002
0.284151
0.272964
0.216657
0.302808
0.334626
0.208797
0.295963
0.140204
0.331828
0.242161
0.161046
0.380243
0.309066
0.505688
0.230862
0.185859
0.188845
0.188915
0.475965
0.301731
0.295175
0.394913
0.282231
0.367205
0.282323
0.204046
0.232976
0.336422
0.442976
0.284714
0.740895
0.2065
0.296016
0.419227
0.183838
0.575872
0.494737
0.43818
0.293122
0.366788
0.149335
0.344304
0.398648
0.409118
0.229085
0.192023
0.105475
0.238802
0.217211
0.470132
0.687574
0.606071
0.215166
0.256073
0.274157
0.182446
0.605693
0.331316
0.321627
0.233459
0.266696
0.22153
0.253376
0.194601
0.238429
0.280611
2.2312
0.168552
0.245203
0.20724
0.366802
0.443593
0.175708
1.13853
0.265682
0.331754
0.854294
0.320891
0.451696
1.67398
0.158039
0.188964
0.327448
0.303802
0.229831
0.53957
0.366352
0.5972
0.346807
0.444789
0.766763
0.547769
0.236413
0.6204
0.243288
0.406359
0.62951
0.331488
0.608823
0.263475
0.253296
0.613239
0.495698
0.315825
0.5077
0.330853
0.251579
0.205219
0.4021
0.16411
0.304684
0.209316
0.195739
0.125015
0.243572
0.234303
0.398116
0.326021
0.27592
0.317328
0.786984
0.269335
0.276251
0.405909
0.268103
0.335577
1.00117
0.196941
0.334912
0.171286
0.325015
1.07591
0.211327
0.273738
0.373335
0.471019
0.197937
1.26091
0.273948
0.573939
0.200283
0.434114
0.17946
0.308516
0.35779
0.269437
0.384961
0.501975
0.261293
0.222146
0.286004
0.530511
0.204036
0.216393
0.31296
0.306266
0.466251
0.252703
0.272175
0.412472
0.315981
0.16104
0.518711
0.226912
0.2682
0.439531
0.217077
0.70435
0.488406
0.542744
0.550537
0.501949
0.297103
0.634728
0.170455
0.542077
0.222643
0.298215
0.220244
0.609547
0.667129
0.490853
0.470245
0.443182
2.2786
0.214674
0.300943
0.313283
0.852881
0.31071
0.519329
0.355627
0.191679
0.31281
0.848266
0.426438
0.265826
0.203537
0.311307
0.191725
0.219546
0.311196
0.291891
0.319749
0.296418
0.329016
0.634186
0.274069
0.160095
0.372408
0.265423
0.265862
0.235521
0.304729
0.133605
0.302692
0.543112
0.17256
0.43467
0.305759
0.173709
0.193179
0.969272
0.230486
0.372399
0.487152
0.622853
0.2243
0.334062
0.19373
0.248868
0.193606
0.257789
0.232198
0.25001
0.781336
0.223789
0.166486
0.309962
0.222614
0.314797
0.176042
0.190106
0.419661
0.923071
0.363006
0.394355
0.326843
0.267333
0.281049
0.363284
0.297826
0.236855
0.24433
0.226195
0.356814
0.315417
0.304818
0.515009
0.211356
0.232631
0.345233
0.242857
0.785975
0.218604
0.127433
0.219003
0.352771
0.183912
0.25073
0.20544
0.216863
0.435947
0.461058
0.323975
0.478024
2.30971
0.871095
0.324819
0.233362
0.925275
0.460236
0.337625
0.174214
0.403437
0.311351
0.262968
0.229012
0.211722
0.22024
0.309698
0.356313
0.230594
0.460389
0.51128
0.950562
1.25583
0.241824
0.378144
0.379698
0.260491
0.313162
0.436121
1.03021
0.269165
0.22142
0.409189
0.3992
0.320281
0.248868
0.342254
0.321724
0.27077
0.280983
0.337464
0.252766
0.521431
0.358596
0.311005
0.239907
0.303272
0.435654
0.227889
0.259151
0.359074
0.662168
0.530188
0.351552
1.67702
0.186113
0.204734
0.182098
0.282754
0.711018
0.282453
0.566902
0.511766
0.232962
1.02853
0.182069
0.308966
0.31637
1.45458
0.330573
0.210525
0.563195
0.744049
0.375409
0.201073
2.332
0.437446
0.250024
0.171814
0.454938
0.209413
0.448283
0.452223
0.252582
0.222302
0.294792
0.513353
1.23466
0.388516
0.280771
0.243283
0.267157
0.174527
0.281362
0.334183
0.18431
0.227069
0.371782
0.231219
0.179182
0.289123
0.57985
0.247531
1.15242
0.743053
0.446401
0.405776
0.286595
0.248475
0.345211
0.193315
0.262633
0.238498
0.375646
0.12715
0.564374
1.08524
0.17297
0.494141
0.284392
0.554357
0.605076
0.883378
1.27202
0.25288
0.313193
0.401048
0.257781
0.222038
0.881665
0.409578
0.146465
0.193288
0.34679
0.226701
0.5919
0.242047
0.281868
0.183065
0.196809
0.386737
0.439812
0.338863
0.461984
0.549908
0.22811
0.267157
0.254261
0.262549
0.241275
0.345904
0.535222
0.754085
0.386674
0.29969
0.208322
0.295466
4.53608
0.19402
0.234816
0.25096
0.227049
0.399139
0.282765
0.533558
0.307295
0.196492
0.192141
0.208403
0.238973
0.36363
0.141252
0.206677
0.297867
0.539267
0.252448
0.220529
0.418176
0.259741
0.33194
0.26345
0.261003
0.247448
0.92154
0.567739
0.387921
0.320282
0.359487
0.417269
0.138625
0.50038
0.536844
0.36021
0.294817
0.661602
0.499839
0.497313
0.214332
0.332317
0.518201
0.548804
0.268101
0.643475
0.223755
0.266366
0.399678
0.147634
0.261515
0.175468
0.246814
0.237854
0.398073
0.322272
0.439749
0.364778
0.157612
0.571324
0.228059
0.258414
0.335895
0.486474
0.190824
0.226283
0.194765
0.275858
0.851796
0.301699
0.537462
0.591446
0.253688
0.253135
0.99016
0.44927
0.26178
0.389204
0.428597
0.234081
0.184962
0.252947
0.260896
0.254585
0.304037
0.651408
0.319821
0.618177
1.72819
0.358962
0.350427
0.182937
0.184658
0.427999
0.230264
0.15714
0.543565
0.223336
0.257473
0.442364
0.332205
0.301234
0.29031
0.481141
0.286809
0.217271
0.273527
0.559378
0.416879
0.337203
0.257657
0.312859
0.907835
0.203585
163.92
0.310744
0.180808
0.479686
0.217782
0.271099
0.283705
118.422
0.226014
0.304112
0.254324
0.412317
0.354789
0.263019
0.249451
0.233419
0.307649
1.85743
0.528274
0.427748
0.326623
0.288623
0.180432
0.422105
0.297696
0.474524
0.466424
0.371101
0.52204
0.199647
0.328828
0.310108
0.335417
0.448388
0.289908
0.366016
0.284325
0.722428
0.174772
0.255687
0.356963
0.258212
0.475547
0.77918
1.34963
0.27864
0.256916
0.229475
0.31203
0.312522
0.636618
0.372962
0.188364
0.346838
0.436633
0.244012
0.204872
0.426492
0.164689
0.220794
0.244102
1.54451
0.462848
0.305925
0.21042
0.372393
0.312903
0.234562
0.199648
0.312033
0.237736
0.325726
0.284022
0.541993
0.220851
0.284244
0.380163
0.259417
0.529367
0.164645
0.222828
0.387219
0.492171
0.625424
0.673018
0.405896
0.26531
0.388331
0.332077
0.45643
0.244826
0.196863
0.341551
0.303974
0.23584
0.350353
0.357977
0.469927
0.269317
0.38111
0.339026
0.522002
0.286013
0.318575
0.250819
0.339825
0.239051
0.29304
0.250665
0.332416
0.263187
0.542863
0.234352
0.412661
0.425152
0.255729
0.423789
0.398419
0.316026
0.310112
0.325667
0.286546
0.390514
0.428373
0.307858
0.277845
0.337075
0.285666
0.669453
0.302269
0.435445
0.234449
0.236921
0.402514
0.331612
0.289654
0.172411
0.29096
0.343555
0.278351
0.336512
1.76407
0.369162
0.22832
2.41989
0.336126
0.237108
0.17362
0.289216
0.25098
0.222361
0.194573
0.268911
0.252026
0.383991
0.32406
1.88763
0.211439
0.333904
0.12319
0.320275
0.517197
0.5766
0.280284
0.388417
0.280025
0.173965
0.375775
0.37317
0.442166
0.364348
0.396357
0.159105
0.208735
0.470722
0.470995
0.388532
0.209002
0.160003
0.505165
0.314913
0.228495
0.389994
0.26781
0.145105
4.79895
0.16462
0.420175
0.166991
0.33062
2.94577
0.278852
0.56449
0.345423
0.261001
0.231301
0.238543
0.521784
0.284557
0.210319
0.351917
0.257156
0.23419
0.302103
0.468896
0.214716
0.297373
0.310716
0.343161
0.156731
0.45218
0.244267
0.492358
0.228021
0.275707
0.421507
0.310728
0.276919
0.448869
1.35405
0.562489
0.278328
0.364875
0.327801
0.554439
0.224839
0.55766
0.278204
0.433991
1.2277
10.1647
0.288978
0.314603
0.423265
0.310513
0.335146
0.986171
0.299437
0.305382
0.315782
0.491031
0.183607
0.322355
0.221857
0.192286
0.288689
0.256628
0.332588
0.319144
0.257932
0.392328
0.19295
0.22869
0.239254
0.241187
0.389425
0.45538
0.237563
0.281972
0.492017
0.347623
0.224748
0.376819
0.565941
0.289032
0.172439
0.228107
0.249136
0.223342
0.20513
0.247481
0.250719
0.179149
0.194935
0.23122
0.522382
2.38402
0.440739
1.08173
0.512357
0.199192
0.699018
0.546493
0.306812
0.300432
0.276769
0.275639
0.298118
0.346449
0.605893
0.23889
0.359963
0.358339
0.30107
0.45087
0.172725
0.344594
0.324296
0.291267
0.199864
0.261171
0.161585
0.293517
0.366565
0.271702
0.196344
1.47581
0.393378
0.454913
0.351528
0.154052
0.27082
0.201717
0.318444
0.382957
0.466479
0.399916
0.259216
0.228074
0.278726
0.426984
0.349619
0.301214
0.228842
0.288453
0.392974
0.567418
0.329893
0.264235
0.307829
0.440732
0.29119
0.352509
0.230918
0.399322
0.602239
0.287395
0.321083
0.208984
0.378758
0.369155
0.204796
0.647849
0.378143
0.192071
0.28823
0.0866852
0.406205
0.119817
0.383962
0.442014
0.270441
0.605604
0.621494
0.192076
0.298904
1.27815
0.232662
1.45769
0.439571
0.26676
0.245506
0.75936
0.28914
