0.00176993
0.120405
0.210785
-0.192818
0.0595747
0.0416251
-0.0366928
0.00168642
-0.134125
0.0343854
-0.0586031
0.0490135
-0.0840516
0.0707933
-0.109893
-0.290954
0.0802025
-0.0607021
-0.0767702
-0.0751096
-0.355451
-0.260659
-0.120536
0.0314417
-0.125903
0.269769
-0.16706
-0.20875
-0.114119
0.0849716
0.0410925
-0.264776
0.00801076
0.247941
0.101991
-0.100903
-0.0556595
-0.222729
-0.107229
0.31272
0.142871
-0.138212
-0.00424694
-0.0101953
-0.0719407
-0.0834011
0.371489
0.0625747
-0.236669
0.017969
-0.28532
0.249031
-0.0900373
-0.125927
-0.152762
-0.243606
0.143594
0.0172006
-0.0725996
0.149525
0.343728
-0.082562
-0.0204399
-0.171654
-0.235563
0.297578
-0.357282
0.269542
0.200674
-0.0213277
0.141743
0.0496963
0.194068
0.117437
-0.155422
-0.193188
0.250476
0.0459732
-9.15919e-05
-0.155017
-0.24728
-0.14623
-0.0907292
0.0761207
0.0365377
-0.169323
0.0313905
0.0821801
-0.08771
0.120948
-0.168004
-0.119837
0.12982
0.06778
0.122347
0.0144065
-0.168661
-0.204545
0.209681
0.279784
-0.141817
0.203731
0.0989084
0.0228119
-0.19912
0.219516
0.0906797
0.0174272
-0.124164
0.115448
-0.00619819
-0.0180977
-0.199576
-0.199024
-0.157895
0.0777006
-0.0720753
0.277233
0.0481396
0.0968125
-0.0479677
0.047149
0.183582
-0.164559
0.225114
-0.01949
0.0019761
0.159393
-0.304865
0.0264997
-0.0225587
0.103949
0.148586
-0.0366598
-0.0783707
0.205505
-0.278283
0.183229
0.0814609
-0.238576
0.132792
-0.0345881
0.21732
-0.109406
-0.0011616
0.0575531
-0.273257
0.110614
-0.108498
-0.272741
0.0233847
-0.235453
-0.114249
0.104144
0.0131778
-0.0266199
0.170301
0.116039
-0.241851
0.00977992
0.440541
0.0363327
0.0882516
-0.221904
0.0348795
0.214808
-0.0537073
-0.188286
0.163216
0.223917
0.114036
-0.174011
-0.0604252
0.0575466
0.0454787
0.168065
-0.0236878
-0.118021
0.0152163
-0.127929
-0.249597
0.234909
-0.106298
0.152898
-0.222531
-0.147875
-0.233674
0.277154
0.0199337
-0.450226
0.0202559
-0.0286016
-0.0473654
0.0301726
-0.215596
0.207431
-0.174449
-0.0459855
-0.054347
-0.32699
-0.322719
-0.407428
-0.111049
-0.214948
-0.104005
0.0937509
0.307821
-0.259714
0.308013
-0.0596256
0.0357038
0.0877442
0.0885524
0.191107
-0.0796975
-0.0391977
0.0396821
0.188227
0.165829
-0.222727
0.316345
0.078646
0.14099
0.0845481
-0.00157339
-0.329422
-0.0296042
-0.0824221
0.0858079
0.117402
0.185341
0.112476
0.321306
-0.108357
-0.0288685
-0.121656
-0.249936
-0.0459759
-0.0443018
-0.104578
0.0199894
-0.220029
-0.150305
-0.140883
-0.239443
0.349506
0.116486
0.163937
0.0748328
-0.234515
-0.0840626
-0.219757
0.273572
0.0497905
0.20719
-0.197639
-0.0540718
0.132942
-0.104487
-0.0676505
0.0601665
0.306498
-0.0132825
0.28642
0.0202451
0.0378418
0.111951
-0.0240993
0.219398
-0.0568375
-0.253338
0.0319066
-0.0879524
-0.0332951
0.24801
0.19008
0.0616493
0.280929
0.173781
0.207616
-0.144381
0.146731
-0.0381372
-0.274482
0.102602
0.134893
0.0139602
-0.225489
0.00799552
0.124795
-0.151639
0.0729755
0.26733
0.387706
-0.00284556
0.11021
0.000246866
0.035253
-0.237005
0.187647
0.0290592
0.0610001
-0.351387
0.144015
-0.0756861
-0.0700773
0.107005
-0.161739
-0.215136
-0.17777
-0.153397
0.2093
-0.0272811
-0.162063
-0.026309
0.0734553
-0.073949
-0.132605
0.0348313
-0.186292
0.257173
-0.123148
0.0187145
-0.0394851
-0.0341541
0.221152
-0.320023
0.378955
0.0968131
0.0831848
0.00569816
0.211237
-0.224305
-0.131531
0.235108
0.137674
-0.214984
-0.12732
0.308125
-0.100678
0.226583
0.066959
0.0361156
0.197294
0.00581601
-0.184079
-0.187104
0.282678
0.148026
0.0557254
0.198484
-0.271043
0.187842
0.14443
0.00183722
-0.13304
-0.132878
-0.145035
-0.353532
0.120571
-0.122284
-0.212994
0.4108
-0.230978
0.473493
-0.29921
-0.137072
-0.0527001
-0.0205168
0.00624267
-0.15721
-0.245872
-0.259225
0.238833
0.333319
0.116243
0.317983
-0.0236588
-0.397764
0.164823
0.0062551
-0.110292
-0.122324
0.180244
-0.0227432
0.0846441
-0.0295912
-0.211215
-0.123165
0.114563
0.0330426
-0.364737
0.0186552
-0.0290243
-0.0375488
0.117487
-0.107948
-0.131951
0.250357
-0.0470462
0.31467
-0.251379
0.231856
0.366735
-0.0978535
-0.107793
-0.0836361
0.0534039
0.122907
-0.0920136
0.0302608
-0.122468
0.114978
-0.359841
-0.0209471
0.00470677
-0.0465241
0.267149
0.228167
0.0189115
-0.238622
0.114451
-0.330791
0.279167
-0.17874
0.111733
0.129429
0.0233458
0.0662782
0.0386899
-0.253991
0.266762
-0.115128
0.0726726
-0.034501
-0.11978
0.25776
0.112777
0.00852246
-0.213846
0.167867
-0.0951514
-0.210917
-0.00454357
0.193587
0.143425
-0.0865848
0.156195
0.169499
-0.0114083
-0.14178
-0.108929
-0.0919124
-0.0475951
-0.174443
0.125088
-0.0296775
-0.158572
-0.151489
0.0589546
-0.141387
0.0602031
0.0168456
0.0610925
0.181285
-0.0937097
0.20418
0.0541534
-0.0605733
0.118732
-0.124775
0.0965792
0.134493
-0.309568
0.0540588
0.232794
-0.161419
-0.0960946
-0.124539
-0.00890939
0.213698
-0.0922451
-0.185171
0.230507
0.0532668
0.179294
0.019359
0.266791
-0.153356
0.0435057
0.114517
0.1611
0.169677
0.139353
-0.152631
0.236628
0.0715044
-0.0829948
-0.26929
-0.103882
0.315773
-0.0505095
0.00621377
-0.0880007
0.177019
0.00561576
-0.0418226
0.158956
-0.0439405
-0.0591213
0.00647602
0.264986
-0.101195
-0.030554
0.0995425
0.38376
-0.0514762
-0.134411
0.0943682
0.251739
0.00996593
0.0462603
0.151055
-0.0335831
-0.147245
0.0671858
-0.141732
0.190828
-0.3969
0.273179
0.0142542
-0.0637839
-0.0785968
0.140436
0.316424
0.221802
-0.00809881
-0.0324403
-0.00453673
0.197806
-0.0998184
-0.0258508
0.0628494
-0.030196
0.0617858
-0.026767
-0.118069
0.224189
-0.0915988
0.271728
-0.0455612
0.0908616
-0.00927892
0.0183423
-0.0130214
0.0826392
0.11967
-0.283362
-0.219219
-0.20064
0.00242503
0.25123
0.121068
0.357958
0.105016
0.398405
0.229351
0.252513
-0.0417063
-0.0891872
0.146151
-0.0664365
0.436303
0.185784
0.0735963
0.239792
0.25156
-0.0757777
-0.385998
0.193184
0.131651
-0.153387
-0.202477
0.352521
0.0313496
-0.143429
-0.148055
-0.235441
-0.0190873
0.131237
0.226884
0.123036
0.0726114
-0.145484
-0.0746296
0.172729
-0.189511
0.180388
-0.0623059
-0.065999
0.316564
0.141161
0.0500407
-0.158577
0.0708853
0.042894
0.0671011
-0.0784073
0.117135
-0.0517345
-0.161619
0.0860272
0.105877
-0.102216
-0.164095
-0.0735948
-0.128582
0.0482447
-0.0487663
-0.0376354
-0.0446388
0.0681842
0.396354
-0.139773
0.0765018
-0.123205
0.122535
0.154772
-0.16899
-0.0780279
0.00875176
-0.182416
-0.364658
-0.0917521
0.0876262
-0.120698
0.119048
0.293664
0.29492
-0.0102065
-0.0361385
-0.0238414
0.105242
-0.0955708
-0.146008
-0.120513
0.0684004
0.0530113
0.382196
0.063294
0.0733081
0.101688
0.0762811
0.116356
-0.0903787
-0.0430527
0.0808786
-0.170535
-0.0235745
-0.0277179
0.325606
-0.0171935
-0.0648131
-0.130903
0.0402397
0.0751886
-0.0562911
0.00503328
-0.221181
0.455665
-0.28514
-0.0175244
0.0980817
0.0735229
-0.2034
0.249953
0.237926
-0.0665422
0.0124067
0.2025
0.432346
0.18961
-0.301237
0.0484503
0.0141361
-0.0228596
0.171989
0.0490106
-0.0434537
-0.0729541
0.233437
-0.187449
0.0706703
-0.125337
-0.0691045
0.448131
0.210664
-0.353198
-0.0693715
-0.250708
0.0835813
-0.0579808
-0.0546931
0.0160234
0.00805024
0.10883
-0.0286337
-0.199495
0.170143
0.0297368
-0.284269
0.183631
-0.149702
0.239708
-0.126429
0.13306
0.267413
-0.141855
-0.0158555
0.460238
0.0202226
0.195023
0.0849218
0.130484
0.0159208
0.0951276
0.172869
0.386857
-0.25864
0.103027
-0.0244621
-0.11261
-0.172537
0.386651
-0.115263
-0.101981
0.172523
0.281462
-0.326187
-0.400804
0.0105469
-0.0217286
0.0658561
0.217755
-0.229028
0.199836
0.044163
0.381118
0.271614
-0.068873
-0.0395069
0.327884
0.0668838
0.159787
-0.147547
-0.190943
0.297192
0.0647782
-0.0827751
-0.0326932
0.0893108
0.262179
0.116866
0.188946
0.0427545
0.231082
-0.221819
0.0250377
-0.00144946
0.210328
0.118251
0.311055
-0.302354
0.027141
0.0294737
0.360546
-0.290096
0.0391187
-0.0953116
0.0678994
-0.00295626
-0.181243
-0.142976
0.327966
0.172679
-0.193132
0.245078
0.0756031
0.207052
-0.0814747
-0.0398644
-0.18437
-0.121013
0.114697
-0.313865
0.312545
-0.066574
0.122337
0.0360408
0.17812
-0.0453316
0.0542338
-0.0538917
0.169035
0.114995
-0.0874605
-0.177931
0.24348
0.205394
-0.116053
0.179181
-0.0356038
0.266487
0.166604
-0.0425705
0.177456
-0.0943617
0.460966
0.113354
0.0467217
0.187065
-0.0565938
0.0281273
0.0261313
-0.223206
0.106295
-0.332599
-0.015024
-0.29298
0.108968
0.119273
0.437817
0.29232
0.181629
-0.0651544
-0.0154801
-0.0904828
-0.268271
0.112968
-0.165422
-0.230564
-0.0278838
0.234718
0.00921508
0.233717
-0.111459
-0.0358292
-0.0305746
0.00359956
-0.457328
-0.0841419
-0.314548
-0.161624
0.0702241
-0.0625398
-0.0472004
0.0124515
-0.300106
-0.0582842
-0.167113
-0.0430531
-0.0424492
0.220056
-0.222522
-0.145819
0.11447
-0.0870446
-0.313881
-0.126698
0.205127
0.115513
-0.0203628
-0.201461
-0.14241
0.0236472
-0.0585697
0.139326
0.419135
-0.133369
0.166306
0.0313597
-0.0102933
-0.0693916
0.358441
0.0932495
0.17398
0.162746
-0.048762
0.296155
0.122767
0.0409712
-0.507519
-0.364619
-0.302087
0.219995
-0.0242301
0.0608249
0.104422
-0.116738
0.178817
-0.126126
0.0628339
0.0399495
-0.221258
-0.0474847
-0.298094
0.00897296
-0.0592018
0.126563
-0.122189
-0.0935271
0.062887
-0.117059
0.046594
0.410635
-0.116532
0.0429726
-0.0711795
-0.0515206
-0.0739715
0.266457
0.196621
0.0814381
0.177698
0.438269
-0.270974
0.00823587
0.226906
0.133199
0.00762264
0.216111
-0.113891
0.0766556
0.041635
-0.0364656
-0.166538
-0.143034
0.157815
-0.212514
-0.102986
0.474211
-0.0291455
-0.086971
-0.427018
0.153387
-0.394014
0.152437
-0.113895
-0.174044
0.0903569
-0.0158983
-0.0986273
0.315933
-0.174654
-0.0400802
0.00867009
-0.078245
0.115708
0.116574
-0.0939015
0.0179817
-0.0753937
0.0498732
-0.130412
0.19078
0.0421091
0.0841745
-0.307391
-0.158034
-0.150651
0.0800438
-0.137554
-0.0328668
-0.173212
0.434153
0.203983
-0.220325
0.147124
-0.00983388
0.0659755
-0.0325791
0.223819
-0.211928
-0.0997118
0.154933
0.309574
0.0746494
0.0527847
-0.0868822
0.139886
-0.0181785
0.172101
-0.0491956
-0.0381856
0.166496
-0.209371
-0.312174
0.312701
0.000969923
-0.0628259
0.248528
0.209291
-0.0913069
0.00679041
0.0373721
0.0212331
0.0988687
0.156051
-0.129846
0.32766
0.095931
0.283927
-0.13158
-0.299129
0.341164
-0.00574801
0.197521
-0.122516
0.0307675
-0.158973
0.186307
0.0970235
-0.135257
0.143018
0.220521
-0.093178
-0.196128
0.00705432
-0.0444326
-0.0314507
0.207286
-0.0361656
0.0868962
-0.298513
-0.181126
-0.213532
-0.014567
0.0163062
-0.247272
0.0666538
0.22318
-0.142442
0.163627
0.132038
0.16877
0.0133934
-0.0889635
0.0690507
0.000890246
0.0252107
0.365484
0.0191738
-0.118143
-0.0606342
0.262879
0.0671448
0.113647
0.0897981
-0.347443
0.114455
-0.115096
0.335314
0.206731
0.00434587
0.154925
-0.137553
-0.156587
0.0757549
0.185242
-0.0174182
0.217815
0.225507
-0.124934
-0.189791
0.205245
-0.25329
-0.0111648
0.108656
0.162289
-0.285208
0.084142
0.179098
-0.0656939
0.17158
-0.153725
0.33976
-0.225481
0.121165
0.523115
-0.048158
0.0915201
0.148409
0.256106
0.0735739
-0.0807914
0.501695
-0.0680553
-0.338241
0.250839
-0.284547
-0.0489545
0.143972
0.166612
0.176296
0.156506
-0.0274575
0.136221
0.159885
0.297506
0.264457
-0.31385
0.0993874
0.532938
0.121062
-0.0467043
0.22104
0.165806
0.0644793
-0.00392929
-0.178993
0.0905812
0.164035
0.00694112
0.0189254
0.0358281
-0.138288
0.184675
-0.213264
0.293377
-0.193551
0.0107083
-0.212195
-0.177275
0.215219
-0.0166185
-0.437318
0.0182174
0.14142
0.0343541
0.0264607
0.0370984
0.11432
0.182082
0.117149
0.014811
0.0509762
-0.36635
0.00746055
0.2509
0.145525
0.167883
0.0533086
0.246139
0.0243327
0.12599
-0.301427
0.0906568
-0.375723
0.151291
0.169746
-0.0372327
0.0224605
-0.0108842
-0.531896
-0.0592424
0.16734
0.322377
-0.215917
-0.0669879
-0.12439
0.103282
0.0846215
0.0160342
-0.0680501
0.200032
-0.0725809
0.104153
0.00819189
-0.00274442
0.216908
-0.0843216
0.00259763
0.130376
0.0230776
0.0662667
0.0276548
-0.290779
-0.0706531
-0.0452996
-0.22042
0.0703667
0.056295
0.122902
0.0399012
0.265372
0.0910451
0.207112
0.07992
0.0166732
-0.0351368
0.258687
-0.307944
0.212366
-0.050662
0.051942
0.0610759
0.0306529
-0.0455556
0.00913843
-0.0259147
-0.259108
0.0834129
0.0741866
0.0336957
0.181071
0.24611
-0.204517
-0.497005
0.289314
-0.159643
-0.0324396
0.253822
0.082922
0.120448
0.11142
0.0739593
0.0454707
-0.0695865
-0.11978
-0.0807397
0.13635
-0.103192
0.0349472
-0.140433
-0.141699
-0.316038
-0.0134357
-0.171696
-0.228308
0.315361
0.0646701
0.165824
0.113953
0.236587
0.0523609
-0.0866655
-0.19582
-0.0367236
0.138886
0.197029
-0.280365
0.129266
0.0632317
0.014054
-0.208935
-0.159871
-0.352436
0.243513
-0.0777301
-0.118304
-0.0955673
0.134012
-0.210506
0.0212304
-0.155491
-0.0151441
-0.0459163
0.303372
0.102038
-0.144175
0.0699088
-0.105455
0.119778
0.134237
0.0963819
0.27312
-0.0638585
0.0661121
-0.347069
0.189
0.270364
-0.282176
-0.0404843
0.227021
-0.154103
-0.281968
-0.0136783
0.0196106
0.183947
-0.262695
0.0714914
-0.180322
-0.0998782
-0.0499906
0.206272
-0.245619
-0.119957
-0.0673449
-0.159685
-0.0530828
-0.230158
0.185507
0.0561509
-0.137418
0.049716
0.161181
-0.08787
-0.0269679
-0.269306
0.0554297
0.205331
-0.0199703
-0.197046
0.0239645
-0.0381077
-0.111284
0.0831978
0.149307
0.190239
0.0568705
0.0909219
-0.261505
0.102523
0.216041
-0.0446189
-0.056003
-0.0272205
0.065403
0.00151629
0.252006
-0.218574
0.148237
-0.00776741
0.0563686
-0.00198712
0.0570131
-0.0536796
0.390688
0.0837381
-0.171476
0.0142573
0.450785
-0.290495
-0.126967
-0.00842166
-0.120445
0.00240596
-0.0944213
-0.0605292
0.435198
0.181709
-0.122485
0.176777
-0.177687
-0.226133
-0.0531261
0.208583
0.0456481
-0.063675
-0.200479
0.0945144
-0.215308
0.256449
0.0999426
0.133011
0.182323
-0.0988983
0.0313542
-0.0654444
0.248858
-0.0589438
-0.0294315
-0.0130162
0.0220172
0.0750126
-0.0855319
-0.0178234
0.025078
0.557954
0.248116
-0.0950643
0.239225
-0.0205938
-0.0485189
0.287931
-0.096203
-0.183436
-0.308978
-0.09699
-0.218479
0.0706804
-0.504871
-0.214558
-0.120229
-0.147252
-0.0662151
-0.156074
0.201253
-0.339626
0.193245
0.273593
0.0128752
-0.0943615
0.231376
-0.250032
0.0874996
0.111818
-0.137154
-0.024906
-0.334777
0.094952
0.203955
0.364017
0.296406
-0.239785
-0.170361
0.0511246
0.0179828
0.102496
0.0328555
0.14943
-0.172743
0.105692
0.145137
-0.176033
-0.301315
0.360522
-0.196773
-0.0297952
-0.224124
0.0438428
-0.259213
0.171912
-0.184174
0.0258314
-0.0947076
-0.0080254
-0.200973
0.147486
0.249292
-0.105267
0.0962461
0.254755
0.00446587
0.0589
-0.1453
-0.132907
0.281006
-0.185787
-0.0360372
-0.0143437
-0.181911
0.0393301
0.0132449
-0.18612
-0.168116
0.0648618
-0.355887
-5.48066e-05
-0.189404
0.134725
-0.144475
-0.288536
-0.205369
-0.166601
-0.075598
-0.229213
-0.406554
-0.0166683
-0.043933
0.0882767
-0.148115
0.116951
0.130808
-0.0295469
-0.188001
0.241284
-0.101867
-0.155419
0.229133
0.0858608
-0.0775208
-0.514212
0.228326
-0.0480224
0.0869091
0.196109
0.112517
-0.184739
-0.0267632
0.0371884
0.0844021
0.117293
0.0920835
-0.104302
-0.169779
-0.195275
0.270867
0.263784
-0.122237
0.0778212
0.229533
-0.16346
-0.0715751
0.0302584
0.227357
-0.0105387
0.188515
0.00371712
-0.0532369
-0.239925
-0.16484
-0.0992508
-0.307023
0.13233
-0.229898
-0.0780592
-0.193515
0.0734879
-0.153146
-0.252911
0.0700866
-0.166551
-0.299781
-0.0668103
0.000622934
0.307164
-0.139188
-0.168236
-0.4071
0.221274
-0.27734
-0.393709
-0.327202
0.197993
0.374841
-0.244543
0.107007
0.0600483
0.210624
0.256119
0.0254274
0.135523
-0.196951
-0.210844
0.0835763
0.244991
0.211501
0.197748
-0.0104545
0.01361
-0.129534
0.281352
0.0611174
0.0995931
-0.201118
-0.0915298
0.400935
0.209974
0.00716049
0.406921
-0.192108
0.00330989
0.240818
0.0303863
-0.0845472
-0.310754
-0.0055309
-0.191366
0.0248539
0.406107
0.033808
-0.0958709
0.0974236
0.166303
0.0113756
-0.330463
0.0688189
-0.151248
-0.0200596
0.0560954
0.126279
-0.0593021
0.110954
0.16074
-0.0751608
0.191373
-0.204333
-0.109367
0.0625797
0.124212
0.0358968
-0.0684513
-0.273159
0.0212309
-0.0294449
0.107907
-0.152964
-0.0449217
-0.178507
-0.0727043
-0.278328
-0.0378295
-0.0371127
0.0809302
-0.133872
0.298793
-0.0951734
-0.0788337
-0.194815
0.321107
0.0409033
0.294279
-0.281921
0.177632
0.0293551
-0.150871
-0.271932
-0.0396464
-0.0224819
0.113334
-0.0859232
0.0908029
-0.197146
-0.190032
-0.117528
-0.182434
-0.375771
-0.103315
-0.1138
0.195072
-0.306018
0.0655419
0.156332
0.014389
-0.170062
-0.127032
-0.0283237
0.2758
0.194447
0.267259
0.0571453
0.107665
-0.137501
-0.20757
-0.360801
-0.170577
-0.129931
0.120155
-0.0333939
-0.00973458
0.0125879
-0.201966
-0.0885002
-0.194509
-0.174311
0.0488944
-0.024595
0.282076
0.228647
-0.00328155
-0.0178401
0.01662
-0.121583
-0.357206
0.198546
-0.0475365
-0.22345
-0.116517
-0.040461
0.154999
-0.181958
0.0524507
-0.0306997
-0.114457
0.281584
-0.0135981
-0.0720401
0.130954
-0.151039
-0.127697
-0.0544142
0.174014
0.056914
-0.240367
0.0391925
0.133268
0.016743
0.183722
0.360339
0.0508473
0.0690673
0.001848
-0.046818
-0.00872675
0.0541753
0.00194699
0.0663608
0.0604628
0.211709
-0.057249
-0.0241882
-0.0418637
0.10706
0.0177551
0.185829
0.044299
0.195816
0.184983
-0.146024
-0.13352
0.199483
-0.0870723
0.0802045
0.0447152
0.00643319
-0.0864358
0.0935289
0.216357
0.0641522
-0.153301
0.11886
0.0277782
0.0596635
-0.265303
-0.0174337
-0.231252
0.037246
0.259692
-0.170931
0.0344441
-0.0976841
-0.267278
-0.427798
-0.0731336
-0.182975
0.0627907
-0.293592
0.0960327
0.084745
-0.0819168
-0.0119828
-0.0529238
-0.1536
-0.156
-0.0824207
0.133581
-0.225973
0.0538702
0.080562
-0.104146
-0.0370287
0.0585932
0.0586743
0.0650585
-0.182283
-0.177683
0.285674
0.0514695
0.0767102
-0.261044
0.198011
-0.0841088
0.14713
0.31555
0.00597877
0.0740745
-0.08577
0.150218
0.157139
-0.0316468
-0.22286
-0.0865662
0.242639
-0.113797
-0.0147156
-0.252147
-0.137419
-0.313849
0.130325
0.210552
-0.303036
-0.232087
0.137491
0.202634
-0.202514
0.269853
0.24602
-0.163026
-0.0951014
-0.10963
-0.0342424
-0.0918769
0.0876304
-0.260783
-0.382372
-0.171185
-0.154987
0.138366
-0.117686
-0.317861
-0.00596427
0.0448102
0.135951
-0.293254
-0.0778044
0.160445
-0.0842333
0.533468
-0.189292
0.30462
-0.0389133
0.0144839
0.0528685
0.0668774
-0.0208771
-0.235644
0.0453799
0.0790788
-0.291772
0.199711
-0.217031
0.0363446
-0.494768
0.197968
-0.0298029
0.148342
-0.0046824
0.216292
-0.165653
-0.201583
0.0109521
0.0114662
-0.141415
-0.0256962
0.331164
0.139628
0.0553158
0.202773
0.128804
-0.178934
0.0769568
0.00848769
-0.106001
-0.211577
0.128223
-0.0370543
0.0977
0.10004
0.0411147
0.19741
0.312901
-0.238629
0.184984
0.117279
0.0435226
-0.0395992
0.0671023
-0.192259
-0.0519909
0.267599
0.36146
-0.0981427
0.226279
0.220606
-0.133218
0.115686
0.0265369
-0.0973769
-0.00375937
-0.171354
-0.364599
0.324451
0.223762
0.232776
0.0659685
0.103388
0.0431837
0.0860843
-0.0747832
-0.254053
0.0639804
0.0153677
0.348081
-0.00915706
0.0781806
0.11117
0.195293
0.163955
0.140937
0.0176411
0.0273546
-0.0154847
0.115393
0.158244
-0.231108
0.0230297
-0.266372
0.0851505
-0.161531
0.186064
0.0530706
0.300998
0.100172
-0.0862982
-0.178025
-0.0638149
0.179097
-0.0913929
0.17222
-0.261587
-0.122902
0.0454199
0.0737068
0.235913
0.0350655
-0.336272
-0.0159098
-0.344467
-0.240896
0.0438826
-0.0212511
-0.281314
0.0720019
-0.201202
-0.0683029
0.129919
0.05492
0.0436307
-0.033156
0.160069
-0.0361464
-0.0846454
0.0725982
0.343412
0.160441
0.042141
0.0234656
-0.15845
0.021808
0.302093
-0.00743859
0.0260175
-0.066077
0.0365207
0.356683
0.0974926
0.108388
0.229097
0.178861
0.0131766
-0.0814973
0.106749
0.180686
0.0280641
0.0109104
-0.0531869
-0.0770894
0.00196662
0.156092
-0.0226102
0.33957
0.00285929
-0.081457
-0.0641595
0.0917933
0.0390244
0.0526319
0.0620865
0.048775
0.0314597
0.134028
0.178185
0.129403
0.0517345
-0.0473684
0.216107
-0.215248
-0.0662035
-0.0930977
0.00128644
0.347737
-0.173362
-0.205917
0.195749
-0.121822
0.17138
-0.00750891
-0.00473255
-0.383203
0.27994
0.0408165
-0.320474
-0.174354
-0.0157317
-0.0084214
0.0470623
0.0977173
0.307035
0.158068
0.405825
-0.176004
-0.152769
0.0938858
-0.300099
0.0328481
0.245781
0.0908973
0.164616
0.185504
-0.0116809
0.254098
-0.321007
-0.203669
-0.0219474
0.142078
-0.0334281
-0.107767
0.00684015
0.250634
0.0276554
-0.259399
0.101803
-0.131555
-0.106653
-0.144549
0.0728673
-0.141425
-0.147281
-0.0521955
-0.22257
0.118739
0.073837
-0.0343535
-0.0391365
-0.176294
0.0145952
0.0111219
-0.157928
-0.0268246
-0.0631947
0.108472
-0.123275
0.00963926
-0.00761409
-0.0400894
-0.143641
-0.220786
-0.156637
0.23443
0.126244
0.305948
0.180121
0.00223333
-0.005796
-0.241345
-0.00535737
-0.259606
0.193581
-0.166684
0.209218
0.122557
-0.141413
-0.111556
-0.0289379
-0.00702637
0.0372548
-0.172664
-0.0310237
0.0486734
-0.225636
0.030994
-0.508287
-0.258585
0.153209
0.204538
-0.124165
0.0807097
-0.0535934
0.0313592
-0.374354
0.000542284
0.181467
-0.270198
-0.345812
0.312943
-0.0312547
-0.182993
-0.158207
0.0933477
0.109005
-0.242498
-0.327452
-0.0677754
0.0772257
-0.159251
-0.0893114
-0.289439
0.181096
0.284103
0.172975
-0.1731
-0.283694
-0.0795393
-0.177276
0.0822764
0.290307
0.14348
0.0884977
0.0761465
0.131818
0.0518533
0.151567
-0.0276931
0.40741
0.0372865
0.0677971
0.039092
0.0304716
0.172045
-0.176898
0.10029
-0.0161983
0.0883272
-0.316381
0.0902367
-0.255879
-0.0953029
0.0111913
0.1711
0.0139456
-0.386268
0.195678
-0.0710874
0.0500534
0.211285
-0.0210515
-0.270657
-0.246537
-0.0698103
0.566868
0.0574763
0.0755832
0.177892
0.284839
-0.0862207
-0.262009
-0.0395532
-0.0520506
0.0477318
0.0899698
0.185649
0.109268
-0.154347
-0.0295724
-0.0225085
0.0102371
-0.235144
0.038068
0.17911
0.124706
0.352827
0.181205
0.0241593
0.059697
0.0230489
-0.31831
0.0153308
-0.205203
-0.105953
0.0964079
-0.272793
-0.0446086
0.0239378
-0.141056
-0.00426049
0.191284
0.0305032
-0.183995
0.224891
-0.1656
0.0164603
0.182915
0.114037
0.151569
-0.0880181
0.107998
0.0784334
0.103665
-0.232972
0.0618314
-0.0426031
-0.0245774
-0.125544
-0.293285
0.579481
0.0438984
0.243187
0.131267
-0.035777
0.126052
-0.0232679
0.178457
-0.0931586
-0.0704126
-0.186681
0.0780815
-0.0632341
-0.10606
-0.137956
0.120727
0.0571446
0.282888
0.0649811
0.040933
-0.326157
-0.231079
0.171871
-0.0957672
0.0494688
-0.113122
-0.0626241
0.0274216
0.164814
-0.0377383
0.0932153
-0.0360122
-0.0285389
0.183354
-0.159084
-0.0836917
-0.00671751
0.0367248
-0.151501
-0.0816144
0.288375
-0.116987
-0.00849143
0.364985
-0.0314582
-0.0161666
0.0147528
0.0745035
0.243013
0.0324667
-0.0104325
-0.116709
-0.0945153
0.0657107
-0.228965
-0.221663
-0.0451111
-0.151295
0.130231
-0.0442746
-0.329081
0.34321
0.0867356
-0.0415028
0.434782
-0.110459
-0.0691818
-0.0611541
-0.0675899
0.20754
-0.116596
-0.117987
0.0732773
-0.0555065
0.072924
-0.104951
0.0981451
0.0452465
0.129103
-0.0395936
-0.389757
0.115897
-0.202743
0.209355
0.175596
0.182238
-0.0379451
0.318958
-0.291367
0.141457
-0.171336
-0.228259
-0.464042
-0.0864802
-0.0824129
-0.00799978
-0.259146
-0.115032
-0.0515241
0.0423541
0.278264
0.0599015
-0.0884765
0.25538
0.158701
-0.275199
0.383509
-0.161924
0.131772
-0.048195
-0.0833748
-0.446472
-0.168409
0.0693736
-0.206856
0.219633
0.193247
0.103645
-0.175208
-0.0977953
0.265937
-0.098204
-0.0936403
0.151087
0.17561
-0.196445
-0.0567082
0.0473681
-0.157964
0.0993702
-0.111077
-0.0723257
0.274359
-0.138101
-0.0546775
-0.0752722
-0.520414
-0.000813114
0.225068
0.394023
-0.399802
0.000493665
-0.266623
-0.156827
-0.0419373
0.254306
0.164311
-0.00189461
0.103781
-0.257008
-0.0799902
0.101895
0.223104
-0.169755
-0.00113792
-0.0370764
0.370516
-0.223623
0.190339
-0.0825961
-0.144648
0.0898149
-0.101796
0.123779
0.320279
-0.100701
0.0757072
0.2721
-0.272967
0.165611
-0.257173
-0.186017
0.197712
-0.25619
-0.042174
0.0183603
-0.00405168
-0.0970688
-0.0887938
0.0527822
-0.151781
0.270779
0.319347
-0.0522551
-0.130405
-0.430322
-0.0978499
-0.108304
-0.401565
0.234202
-0.220439
0.202093
-0.0788778
0.131971
-0.358506
-0.207766
-0.132764
0.236447
-0.0969016
-0.224246
0.0862172
-0.214806
0.0280632
0.0725786
-0.225331
0.0423003
-0.202507
-0.580083
-0.166316
-0.160134
-0.0417329
0.21655
0.0493603
0.131145
0.108544
-0.0879022
-0.148095
-0.0161969
0.391959
0.0302397
-0.250138
-0.177647
-0.284407
0.240016
0.0697625
0.0304029
0.0308887
-0.270019
-0.0411995
0.0758084
0.0794904
0.0359965
-0.0487925
0.12235
0.0484231
0.28965
0.0348058
0.14674
0.369368
0.0868767
0.0137033
0.0782103
0.169885
0.125963
-0.179169
0.0304845
0.0279776
0.158014
-0.0301766
0.194072
0.168075
-0.00426239
-0.260816
0.286748
-0.0991746
-0.182822
0.0439117
-0.454472
-0.0651207
-0.203493
-0.0180366
0.0613527
0.0852224
-0.0432718
0.026151
0.0766058
0.0535153
-0.096819
-0.0295569
0.453456
-0.0863211
-0.024514
0.40549
0.201653
-0.120291
-0.32567
-0.273072
0.224249
0.0066588
0.29424
-0.202756
-0.159666
0.112716
0.128823
-0.134745
0.0841192
0.209299
0.0417089
0.0217906
0.0879828
0.02818
-0.122642
0.406468
0.00631749
-0.0181137
0.00678555
0.0408659
-0.464493
0.0788204
0.00327126
0.172043
-0.063378
-0.235503
-0.0114334
-0.240395
-0.0593271
-0.229256
-0.155197
-0.0900538
0.0780103
0.140384
-0.224321
-0.115907
0.161263
0.151058
0.290514
-0.344089
0.201562
-0.0914066
0.0141046
0.075033
-0.0633742
-0.0516499
-0.0966277
0.139294
0.13051
0.0575463
-0.132443
0.0535025
0.00972348
-0.13668
0.142036
-0.332868
0.326876
-0.0725891
-0.214481
-0.099331
0.0116283
0.133118
-0.125142
0.199229
0.248572
-0.286579
0.0881498
-0.389956
-0.223096
-0.103864
0.127396
0.137894
-0.221443
0.212796
0.00428079
0.083616
0.188812
0.0758129
0.0636886
-0.0810501
-0.215031
-0.0439108
0.155107
0.0127143
0.154681
-0.00607713
0.0353686
0.186175
0.171455
0.0641968
0.152409
0.170234
0.105974
0.253235
-0.363146
-0.0808057
0.183092
-0.0545256
0.047178
0.102812
-0.0376521
-0.200848
-0.042971
0.301687
0.0619849
-0.0353973
-0.0112798
-0.00189016
-0.0384683
0.0635697
-0.345314
-0.0621324
0.301927
0.0826284
0.18886
0.189486
-0.174344
0.0274282
-0.37964
-0.312916
-0.0526635
-0.173257
-0.0151218
0.0502816
-0.32342
0.149445
-0.0540433
0.0276021
-0.0556577
0.0036682
-0.177447
0.178922
0.0412058
-0.117575
0.194437
-0.216195
-0.0961163
0.346119
-0.0878127
-0.146377
0.0650114
0.113931
0.125456
0.218875
-0.0872422
0.0177484
-0.0738688
-0.0817336
0.0361765
0.0491492
-0.0440051
0.381881
-0.0847302
0.268961
0.114121
0.036557
0.319811
-0.172972
-0.032725
-0.0249869
-0.129692
-0.0703751
0.147477
0.23721
0.188598
0.248082
0.0994437
-0.0944875
-0.0213217
-0.137759
0.3348
-0.170516
-0.249698
-0.0614622
0.157256
-0.278831
-0.0984732
-0.0479961
0.109251
0.0641086
0.160242
0.399449
0.26687
-0.200556
-0.191253
0.0521085
0.0664472
-0.253071
-0.189638
-0.0588067
0.224504
0.147589
-0.12676
0.182973
0.227944
0.280183
-0.0850115
0.0986589
0.0610144
0.281316
-0.387385
0.247205
0.16739
0.0734315
0.448992
0.201123
0.154809
0.0698849
-0.00597277
0.162017
-0.240846
0.125026
0.14565
0.0781317
-0.0558243
0.333859
-0.0404982
0.12473
0.0757194
0.0687544
-0.29546
0.209606
-0.00311009
-0.0603736
-0.0357864
-0.126751
-0.00495631
-0.314602
0.182559
-0.141863
0.305579
-0.143245
0.0903484
0.0385625
-0.0881376
0.0180731
-0.0255208
0.162745
-0.0756372
0.0633919
-0.00315639
-0.0922042
0.27927
0.00207299
0.018713
-0.120374
-0.0896535
-0.185238
-0.11686
-0.156024
-0.21381
0.00438586
-0.0417913
0.126787
0.216131
0.233769
0.132457
0.208962
-0.151999
0.0342767
0.0826172
-0.178853
-0.251839
-0.0427065
0.389489
-0.152223
-0.0983443
0.0161626
0.204367
-0.118758
-0.183465
0.187491
-0.11655
0.00842847
-0.143004
-0.0466417
0.0244003
-0.213701
0.0249513
0.109849
0.131131
0.0926172
0.201743
0.171187
-0.00841803
-0.0887247
-0.143197
-0.08168
0.0214141
0.173932
0.177714
-0.125575
0.0604561
-0.056341
0.186921
-0.165277
0.13024
-0.030188
-0.120551
0.300121
-0.364023
-0.49858
0.284968
-0.0379139
-0.0777257
-0.00874401
-0.0402448
0.0483666
-0.0270475
0.0118946
-0.230918
0.158669
-0.0790071
-0.423473
0.211431
0.0833364
0.126046
-0.245929
0.146461
-0.163381
0.31351
-0.114982
0.0922412
-0.0734408
0.00588406
0.112334
0.0614634
-7.82384e-05
-0.134122
-0.240032
-0.0498525
-0.172919
-0.0564725
-0.130089
0.204255
-0.278787
0.0636721
0.292636
-0.191051
0.129057
-0.0148091
0.130871
0.163086
0.171443
0.0106142
0.177812
-0.0680483
0.0156566
0.167537
-0.236794
-0.248045
-0.0318672
-0.204743
-0.123792
-0.162671
0.0559277
-0.087104
0.303414
-0.0631871
0.0175469
0.24583
-0.171001
-0.152301
-0.157085
-0.23739
-0.13273
-0.295407
-0.0430213
0.192813
0.0456395
0.0468608
-0.0349547
0.153979
0.256566
0.118801
-0.130249
-0.0910871
-0.0781563
-0.00158097
-0.0353419
-0.00716807
-0.02667
0.0190985
0.0060184
-0.00990624
0.108487
-0.238924
-0.0811683
-0.0439638
-0.200862
-0.300634
0.182915
-0.0706896
0.00914652
0.0379716
0.135915
0.215749
0.253934
-0.044699
-0.123198
-0.0969747
-0.243042
-0.0116283
-0.0855319
-0.0206702
0.27138
0.0705741
0.04663
0.128752
0.0761314
0.177443
0.144461
-0.110025
-0.0231506
0.0378033
0.140808
0.130723
0.297339
-0.0595233
0.0695266
0.549094
-0.063478
-0.0312852
-0.0403002
-0.289616
0.319546
-0.163512
0.110027
-0.301475
-0.223701
-0.0116089
0.138382
0.202607
0.0129302
0.113405
-0.0855405
0.0920904
-0.265516
0.236904
0.00218586
0.0113
0.0847693
-0.057688
-0.074211
0.0335364
-0.0803084
-0.0497007
-0.00717586
0.124722
0.0326944
-0.0951669
0.0640018
0.120284
0.210377
-0.161477
0.00958581
-0.117438
0.161913
0.139806
-0.197449
0.0825374
0.0109602
-0.051957
-0.0812155
-0.0987232
-0.0877295
0.0628102
-0.173361
0.110722
0.120918
0.0438763
-0.0954149
-0.267998
-0.267061
0.0748738
-0.0727155
0.0381668
0.154005
0.182377
0.119429
0.112124
-0.0673299
-0.0330635
0.0395039
-0.00407896
0.132362
-0.228907
0.0568847
-0.186052
0.105683
-0.112405
0.191367
-0.0778546
0.227868
-0.0609752
0.198979
0.129937
-0.135369
-0.282892
0.0332827
0.0518945
0.263885
0.105629
0.133287
0.0375313
0.0821434
0.131113
0.270203
0.00044999
0.00695172
0.0685853
-0.0640423
0.162468
-0.398328
0.205669
-0.532503
-0.247764
-0.0861679
-0.169281
-0.0195928
-0.182739
0.123717
-0.334297
0.0313091
0.215362
-0.0799342
-0.0563307
0.0336408
0.296917
-0.448357
0.0987729
0.0838829
-0.0320314
0.21622
-0.146756
0.0921661
0.130911
-0.00998581
-0.137198
0.270054
-0.192971
0.302841
0.110188
-0.191034
0.0948114
-0.101712
-0.11901
-0.0396148
0.0472819
7.90007e-05
0.293089
0.024049
-0.103562
-0.199032
-0.0118207
-0.412015
-0.250971
0.0924216
0.14499
-0.0868968
0.288078
-0.185359
0.128879
0.244371
0.123717
0.0414858
0.23639
0.115236
0.00956511
0.206768
-0.198282
-0.191208
0.133558
0.218735
-0.128241
0.10295
0.076192
0.0225123
0.0691328
0.0203738
0.189928
0.151526
0.195881
0.0411582
0.00893259
-0.0902978
-0.034694
-0.0112502
-0.0433837
0.191467
0.153523
0.0733997
-0.0467573
-0.114546
0.0778007
-0.0394046
0.0820645
0.0738331
-0.0210273
-0.194934
-0.266154
-0.0348354
0.0860684
0.1147
-0.100269
0.159575
-0.0678353
0.200628
-0.145141
-0.408265
0.0641694
0.197199
-0.0891827
0.174785
-0.177363
0.0503024
-0.0509273
-0.00878851
-0.0139817
0.238795
-0.135086
0.131466
-0.0997048
-0.14122
-0.316485
0.372114
-0.138749
-0.0870881
-0.0420073
0.0169589
0.116495
0.0364541
0.125337
-0.222003
-0.00194889
-0.0485955
-0.0790416
0.311005
0.0221568
-0.152907
0.09646
-0.14013
-0.166773
-0.0751289
0.00861392
-0.072742
0.118855
0.0763636
-0.123805
0.0115943
0.0625919
-0.175638
0.150242
-0.235512
0.175099
0.107601
-0.0338301
0.150899
0.271117
0.213867
-0.0787962
0.334098
-0.216057
-0.0972785
0.186013
-0.0450029
0.27463
-0.145274
0.116247
0.29239
0.223442
0.0336133
-0.144589
0.0339889
-0.0180575
-0.152326
0.041675
0.0168789
0.0365419
0.000457514
0.0893085
-0.0431284
-0.104428
0.0916634
-0.114304
0.164116
-0.0347703
0.188404
-0.204166
-0.255701
0.0472893
-0.0839476
0.0527733
0.150484
0.0720504
0.222928
0.165355
0.0597019
-0.0329092
0.257645
0.051015
0.102356
-0.0483154
0.0963802
0.271848
-0.00284309
-0.346325
0.101122
0.00745847
0.213291
0.0108473
-0.150718
0.254225
0.136767
-0.0360017
0.0785956
-0.156534
0.296722
0.13731
0.15072
0.13564
0.176896
-0.0258719
0.112721
0.136305
0.25373
-0.139028
-0.0980512
0.154473
-0.184073
-0.218688
-0.225644
0.123801
-0.100483
-0.18818
-0.214345
0.0481747
0.190197
-0.22823
0.247544
-0.228551
0.0522512
0.391332
0.170331
-0.114078
-0.113045
-0.320129
0.0624333
-0.185034
-0.104818
-0.0566235
3.12053e-05
-0.0760126
-0.0654057
-0.353405
-0.13456
0.167184
-0.0747272
-0.294201
0.44411
0.0360743
0.0387401
-0.0643266
0.181157
0.0874836
-0.135672
0.150957
-0.0642192
0.290564
0.140135
-0.0612633
0.114215
-0.149715
-0.0935865
0.328266
0.24005
-0.0308273
0.0627
-0.233759
0.235771
-0.0607204
-0.0480314
0.243497
0.0970819
0.144168
-0.0281466
0.108871
0.212218
0.191762
-0.0761521
-0.22499
0.0797649
-0.059821
-0.00870029
-0.0348897
0.0918348
0.269324
-0.134055
-0.199948
0.10892
0.0702353
0.1558
-0.00332239
-0.0660288
-0.0858072
-0.0607646
-0.024507
0.000774642
-0.353079
-0.0762872
-0.176597
-0.237997
-0.000477713
-0.132568
-0.100273
-0.0109264
0.00166505
-0.0603737
0.211812
-0.10233
-0.17493
-0.105964
0.205555
-0.00513604
0.042647
0.219398
-0.189645
-0.0736868
0.207276
0.211993
0.211609
0.282897
0.0530431
0.228984
0.0343505
0.04169
-0.0748568
-0.0615488
-0.216683
0.244327
-0.00525083
-0.0847528
-0.220101
0.0614696
-0.0939537
0.166899
-0.396079
-0.0404728
0.149844
-0.0570616
0.0991354
0.0192181
0.0722511
0.0221435
0.0662151
0.164422
-0.2809
-0.096316
-0.0847118
0.0929836
-0.0986881
-0.286858
0.108639
-0.10794
-0.0486042
-0.0311201
-0.194997
-0.212971
0.196928
0.0188979
-0.0821267
0.0750968
-0.0901624
-0.0778892
-0.103406
-0.0726774
-0.0564209
0.103287
-0.274755
-0.0127316
0.220147
0.269037
0.126949
0.230605
-0.123318
0.05241
0.163053
-0.188535
0.0335341
-0.142325
-0.12764
0.0965344
0.00883206
0.00165255
0.0734431
-0.122912
-0.21042
0.0461649
-0.25512
-0.0215834
-0.143664
-0.319159
-0.128105
-0.0941222
0.0372145
-0.252439
-0.11754
-0.269811
-0.162666
-0.0281969
0.056711
0.175172
0.0529842
-0.22067
-0.00497381
-0.00284674
-0.193485
0.186413
-0.0575937
-0.343202
0.124978
-0.228372
0.0983618
-0.0347966
0.201371
-0.0598628
0.0466019
0.171625
-0.273298
-0.00445965
0.126644
-0.181294
0.389609
0.0104529
0.0609658
-0.15753
0.110653
0.276434
-0.0188839
0.376998
-0.104988
0.0528637
-0.147535
0.19688
0.146178
-0.346837
-0.0099799
0.0978082
0.253307
0.174357
0.202585
-0.0742763
0.346808
-0.04734
-0.0564955
0.021965
0.37675
0.0478259
-0.0673547
-0.0258573
-0.186312
0.0699624
0.000652967
-0.110882
0.105632
0.208959
-0.304441
0.0550635
-0.0118174
0.141277
-0.501558
0.0468541
-0.149568
-0.038575
-0.162157
0.115249
-0.477934
-0.103112
-0.0257305
-0.384257
0.00273647
-0.113183
0.0542739
-0.0145715
0.203103
0.433135
0.278169
0.104241
0.18978
-0.0538303
0.0116155
0.032472
-0.0421794
-0.241
0.318741
0.10445
0.0768544
0.181809
0.309475
0.155827
0.0308557
0.243148
-0.0531042
-0.121282
-0.0841512
0.154437
0.0445301
-0.119648
0.130322
0.0875019
-0.0063241
-0.417629
-0.0725993
0.182541
-0.370998
-0.0606375
0.291528
0.387872
0.0968713
-0.0487914
-0.0249801
-0.0383144
-0.159944
0.0319619
-0.277575
-0.114836
-0.074085
0.0800272
-0.142515
-0.139686
-0.00018096
0.00726633
0.0644231
0.154251
-0.146876
0.141813
0.101661
0.346671
-0.0958504
-0.132851
-0.306115
-0.0365092
0.296294
0.227789
0.383123
-0.101899
-0.100775
-0.0176465
0.0569426
-0.167124
-0.113621
0.0909798
-0.111085
0.0241809
-0.189403
0.223471
-0.31181
-0.0520067
0.0150689
0.0171808
-0.35577
0.116732
-0.0108685
0.0388833
0.101748
0.012621
0.174472
0.0147591
0.00655639
0.179989
-0.0304659
0.0330037
0.182288
-0.0250714
-0.187986
-0.0224515
0.17075
-0.0595938
0.0236733
0.187156
0.158784
-0.188693
-0.197854
-0.0812446
-0.201944
0.271373
-0.226747
-0.0624493
0.225635
-0.145638
-0.282245
-0.103478
0.129806
0.127304
-0.116515
0.153427
-0.0394385
0.181149
0.368914
-0.135144
0.161078
0.0142713
0.0209286
-0.0673023
-0.0576495
0.086765
0.38074
0.0463044
-0.000240351
0.0638194
0.122859
-0.0822486
-0.129352
0.0267776
-0.0425964
0.231958
-0.150808
-0.00344021
0.0935871
-0.0679974
-0.119889
-0.0650701
0.0536303
-0.0121417
0.0535162
0.226682
-0.228603
0.0292421
-0.254785
0.0487024
0.281957
0.0980584
0.269755
-0.196303
-0.0493154
0.082024
-0.359008
0.201353
-0.0927369
-0.0652066
0.0468208
-0.0289215
0.00618645
-0.0234025
0.183937
0.0951459
-0.22921
0.0712446
-0.0507542
0.238008
-0.0489066
0.0459833
-0.0871337
-0.167171
-0.0439711
0.168438
-0.0808976
0.0170955
0.152766
-0.157874
-0.31298
0.193397
-0.264159
0.0306356
0.125859
-0.123263
0.162868
-0.302943
0.0700074
0.0124037
0.00511165
-0.0171263
0.0879896
0.174197
0.10957
0.119462
0.147162
-0.184463
-0.271135
0.00446442
-0.0197763
0.189325
0.19385
-0.0768081
-0.0149147
0.00318454
-0.0776941
-0.0717022
0.0268739
-0.10304
0.129109
0.147659
0.166937
0.153118
-0.31031
0.149247
-0.197658
-0.0986773
0.013017
-0.0236778
-0.0765977
-0.193884
-0.00975815
0.330441
-0.0093086
0.146056
0.163044
-0.00706722
0.0625469
0.269315
-0.287397
0.107847
0.0667016
0.198775
-0.181217
-0.425992
0.0478174
-0.132549
0.00829332
0.0633821
-0.308354
-0.190917
-0.156159
0.00568493
0.0685264
0.441243
0.184592
0.0628368
0.352992
-0.0393118
0.310161
-0.16531
-0.15231
-0.312543
0.110124
0.148889
-0.0271055
-0.0162565
-0.136336
-0.188339
-0.110733
-0.169989
0.0740945
-0.0685019
-0.286767
-0.123863
-0.191545
0.170529
0.111609
0.055547
0.188529
-0.115776
-0.0183973
0.196929
-0.013223
-0.0467981
-0.179976
0.0737856
-0.187381
0.340639
0.097359
0.0566888
-0.0995759
-0.0121476
-0.122321
-0.127961
-0.188485
-0.116072
-0.189004
-0.186364
0.0536068
0.0792079
0.202076
0.077953
0.0946437
0.139285
-0.188276
0.00599663
0.113263
0.170532
-0.0550612
0.498759
-0.195716
0.284603
0.10142
-0.00467574
0.0803688
-0.302361
0.144995
-0.0140464
-0.0301871
0.205081
0.14605
-0.0687614
0.0820743
-0.0196479
0.146713
0.34442
0.345506
-0.0250959
0.0562076
-0.130576
-0.124352
0.211534
-0.168557
-0.362948
-0.104157
0.0103379
0.0230514
-0.0156519
-0.0253782
-0.262342
0.295012
0.224619
-0.414533
0.131942
-0.107626
-0.0909092
0.0653963
0.225449
-0.365852
-0.000744261
0.0681523
-0.0848955
0.0452627
0.213617
0.0569996
0.211765
-0.0807205
-0.0011161
-0.117833
0.051453
-0.179546
0.0303688
0.107986
0.0856127
0.0569013
-0.340661
0.0788757
-0.17729
-0.0369613
-0.372611
-0.222093
-0.147156
0.141737
0.147862
0.00597796
-0.0639953
-0.067503
-0.0650139
0.0790092
-0.247045
0.290254
-0.00493562
0.115017
-0.324068
-0.119794
-0.106713
0.201522
0.131957
0.0730621
0.156626
0.159219
0.0153831
0.0742906
0.123909
0.357965
0.143472
0.33003
-0.0169759
0.172539
0.00867861
-0.115962
-0.153189
-0.269919
0.0142402
-0.028293
-0.201681
0.0339084
0.307961
0.109502
0.073007
0.153275
-0.0730545
-0.227992
-0.0771667
-0.314032
0.213509
0.156174
0.0775458
0.0216566
0.117332
-0.135092
0.0859902
0.131485
-0.276203
0.325185
0.0314503
-0.114718
0.327754
0.151504
-0.0708947
-0.052334
-0.182746
0.131308
0.179313
-0.0951932
0.218422
-0.136009
0.00305933
0.0285249
0.157537
0.0495988
-0.195802
0.17421
0.184691
-0.0944725
-0.290152
0.0771245
-0.257026
0.0779246
0.118224
0.131604
0.0146499
-0.116738
-0.241599
-0.104354
0.185425
-0.0908722
0.155579
-0.099025
0.144558
0.128735
0.263874
0.112942
-0.050501
0.0917705
-0.0516302
-0.228847
0.0327939
-0.033359
-0.248274
0.0970004
0.168315
-0.0628615
-0.053977
0.0199427
0.233555
0.122826
0.0339405
-0.11243
0.0148942
0.285514
-0.150277
-0.099815
0.0571847
-0.319317
0.213237
-0.0197362
0.391226
-0.0992757
0.0437413
-0.117167
-0.140898
0.0697929
0.0760882
0.191866
-0.327249
0.384442
0.246322
0.0481616
-0.0122547
-0.10044
0.31891
0.15501
-0.137601
0.422925
-0.0145916
0.105074
-0.290815
0.0669465
0.0527526
0.0315235
0.381968
-0.281229
0.0967372
-0.126738
0.0255055
0.0392116
0.317352
-0.261277
-0.145461
-0.222356
-0.177594
0.0124588
0.248212
-0.0857463
0.148346
-0.119849
-0.0961608
0.0399758
-0.205028
0.158224
0.425937
0.140959
-0.027584
0.0809846
-0.277369
0.114251
-0.112026
0.17738
0.139688
0.154931
-0.321727
-0.147946
0.13667
-0.0944901
-0.0279423
0.1014
0.115113
-0.0921132
0.074121
-0.0411349
0.175731
-0.134729
-0.0288251
-0.106477
0.351294
-0.0899434
-0.138441
0.099259
-0.121265
0.235017
-0.019084
-0.14858
0.0613585
0.0592925
0.0801571
0.190562
0.141979
0.0453709
-0.0684024
0.0168853
-0.0544498
0.223833
0.0132024
0.0323343
0.00754657
0.0786671
0.396871
0.0740746
-0.129877
-0.151755
0.098911
0.00332427
0.224251
0.05612
-0.0492141
-0.255132
0.222518
-0.189073
0.121448
-0.0771787
-0.203793
-0.00365102
-0.0260756
-0.376419
0.0473825
0.329952
0.429753
0.0716764
-0.0132039
0.0387718
-0.0387319
0.0940335
0.0568638
0.0599857
-0.0938194
-0.258185
0.0705269
-0.148913
-0.15753
0.0336458
-0.0329352
0.0824254
0.18823
0.0797928
0.129395
-0.223259
-0.310815
0.078693
0.0636206
0.0798144
0.0266093
0.220608
0.18479
0.149802
0.219475
-0.227985
0.0740496
-0.265092
-0.187205
0.268372
0.087984
-0.124695
0.0658985
0.0199522
-0.0973932
0.234369
0.133452
-0.287838
0.256744
-0.164218
0.167548
0.0654384
-0.0968749
0.0357545
-0.0888024
-0.0963138
0.0290237
0.280292
0.076508
-0.050158
0.0407475
0.0171568
-0.224056
-0.037671
-0.153415
-0.138785
-0.0496952
0.180301
-0.0165599
-0.184005
0.126463
-0.23684
-0.437572
-0.0888741
-0.0107283
-0.0568099
-0.031359
0.144566
0.0657924
0.0958526
-0.145596
0.214673
-0.238914
-0.101481
0.283022
0.304602
-0.219167
-0.1625
-0.103883
0.025629
0.0983197
-0.0868211
-0.0625074
0.00351032
0.0350781
0.0782526
0.00944017
0.279978
0.0915424
0.489357
-0.23174
-0.115048
0.241422
-0.0621921
0.140785
-0.121589
-0.151441
0.0834987
-0.212616
-0.161568
-0.209323
-0.165791
0.228367
0.0180615
0.0022143
0.0863579
0.00156575
-0.00738571
-0.261903
0.0618544
0.192374
-0.140238
0.0273504
-0.144867
0.0334296
-0.141579
0.24435
0.126241
0.170702
-0.371279
0.0935585
0.412551
0.135498
0.0830181
0.227328
0.0189716
0.031583
-0.113199
0.316207
0.0444678
0.0557355
-0.257441
0.00267788
0.0338106
0.173505
0.0887317
0.186519
0.217354
0.190363
-0.228019
-0.048079
0.171644
-0.182756
-0.209991
0.0384203
-0.252944
0.0714353
0.086587
-0.0923198
-0.215136
-0.0529451
0.488889
0.182367
-0.0352888
-0.0887238
0.0308197
0.0831264
-0.111413
0.0364395
0.00448481
-0.0659713
0.141028
0.292027
-0.43987
0.160913
0.129807
-0.0421842
0.309991
0.0250915
-0.143104
0.0609853
-0.177658
0.0468161
0.0311475
-0.0953187
0.148591
0.119827
-0.00594434
-0.146695
0.030463
0.101611
0.0278113
-0.0421515
0.08154
0.0681644
-0.000926887
0.152434
-0.23687
-0.0691126
-0.13768
0.182871
-0.0825232
0.0128016
-0.0708119
-0.144102
-0.326093
-0.0939091
0.019157
0.0242033
0.153906
0.0619128
-0.161642
0.0975729
-0.126998
-0.0855054
-0.185955
0.155343
0.226045
0.347538
0.223958
0.0433101
-0.117272
0.206138
0.185008
-0.0343599
0.239129
0.0901607
-0.175148
0.0588349
-0.116117
0.0642919
-0.131754
-0.161745
-0.0441519
0.137817
0.402472
-0.255235
-0.18466
-0.191317
-0.0732717
-0.0389294
-0.164494
-0.257862
0.00940171
0.23291
-0.0287814
-0.358041
0.0551755
0.0479532
-0.135033
0.0496213
0.0578859
0.00913914
0.074986
-0.0305359
0.0168867
-0.430199
-0.105107
-0.0132199
-0.328612
0.15635
0.0921867
0.0147134
-0.229922
0.0238954
-0.218054
-0.164592
-0.0935232
0.220713
-0.0836605
-0.00552636
-0.072291
0.122384
0.354401
0.102606
-0.102427
0.141799
0.0587245
0.0406048
-0.139156
0.0988771
0.138227
0.083665
-0.112376
0.167421
0.0446093
-0.164166
0.0719092
0.216657
0.381717
0.0480548
-0.261894
0.0157933
0.0635428
-0.184939
0.167084
-0.311324
-0.0858133
-0.103008
0.0073423
0.327698
0.242731
0.198352
-0.15864
0.164314
0.163296
-0.0938845
0.473439
0.192577
0.505963
-0.0778322
-0.145223
-0.0276613
-0.0602649
-0.128673
0.158336
-0.192103
-0.274112
0.140707
0.27771
-0.0879817
0.0564319
-0.113562
0.132782
0.127361
-0.0736342
0.0446027
0.0539637
0.283916
-0.268787
0.0665807
-0.138155
-0.129678
0.132167
0.153356
0.140065
0.182359
-0.0994099
-0.0329033
0.332407
0.150386
-0.00933307
0.11019
-0.203367
0.266983
0.0683058
0.177553
0.115123
0.00981906
-0.112621
-0.261127
-0.207241
0.162112
0.0732919
-0.0148103
-0.0683421
-0.21631
0.25291
0.0218004
0.247354
-0.346602
0.0123835
0.207626
0.15402
0.157333
0.216308
0.0871218
-0.169606
0.0965272
0.184734
0.137533
0.308844
0.0264465
-0.184868
0.0772207
0.105104
-0.197849
0.0950887
-0.105687
-0.0072952
0.0665583
-0.246433
-0.0286696
0.0290115
0.00540503
0.0405696
-0.218801
0.0976096
0.174893
0.213543
-0.044936
-0.123007
-0.131718
-0.280601
0.0168852
0.178097
-0.109218
0.113802
0.295976
-0.143172
0.0353584
-0.00920733
-0.262891
0.171577
-0.433121
0.495601
-0.255431
-0.083073
0.180137
-0.26166
0.3553
0.324273
0.231248
0.0311842
0.112236
-0.0710481
-0.0324219
-0.0842302
0.162051
-0.171267
0.135083
0.0134229
-0.164285
-0.00364252
0.121776
-0.059597
0.0438077
0.153986
-0.266846
0.17179
-0.217481
-0.201856
0.0885702
-0.0799809
-0.157687
0.00426817
0.449038
-0.387446
-0.00897694
0.0134866
-0.243687
0.301545
-0.183847
0.183404
-0.112512
0.0849321
0.2605
-0.274884
0.108798
-0.112678
-0.0735372
0.355137
-0.0967018
-0.261223
-0.342154
-0.106753
0.0455025
0.281636
0.213789
0.168168
-0.120035
-0.309682
0.0557617
0.11949
-0.096618
0.138101
0.173766
-0.35674
0.143606
0.206208
-0.0460188
0.125714
0.0901931
0.288227
-0.0803661
-0.212197
0.108862
0.00060207
0.203036
-0.229297
0.0191474
0.111173
0.134105
0.0752848
-0.0144923
-0.178047
-0.183096
0.15467
0.0326006
-0.254395
-0.133209
0.0311309
0.00842437
-0.21896
0.0798557
0.0531746
0.249735
-0.0278293
-0.0613011
0.302813
0.227671
0.172262
-0.170975
0.0320633
0.325828
-0.0589339
0.0862986
0.185378
0.0686519
-0.00384664
0.049912
0.235736
-0.0633688
-0.166005
-0.0516004
0.155991
-0.283451
0.0442169
0.00567135
-0.166758
0.0795708
0.0923351
0.0734753
0.215373
-0.141453
0.14258
-0.137446
-0.165862
0.0233255
0.155165
-0.449057
0.150928
0.254251
0.077057
0.031484
0.109414
0.153744
-0.067443
0.0498995
-0.302299
-0.125839
-0.1268
-0.10838
0.0706238
-0.0667384
0.0886891
0.185362
-0.0481877
-0.0193635
-0.27893
-0.0243043
0.286334
0.125758
0.16851
-0.0513272
0.163238
0.0957952
-0.283095
-0.0577218
-0.248773
0.155204
0.125152
-0.360107
0.37497
-0.0278814
0.0753332
0.0195332
-0.00143496
0.0221005
-0.0222095
0.0363227
-0.0404879
-0.093926
0.0136525
-0.188312
-0.295422
-0.249913
-0.0222912
-0.121263
-0.0869283
-0.147366
-0.274676
-0.334903
-0.122937
-0.0829724
0.154751
-0.114898
-0.122771
-0.00668795
0.126149
0.130796
-0.042889
0.244615
-0.165703
0.0293387
-0.0469224
0.236921
0.0249664
-0.300346
-0.308133
-0.125716
-0.0553774
0.38476
0.280983
0.0423186
-0.0825001
0.124663
-0.285497
0.303072
0.043218
0.0838045
0.0480868
0.327387
0.15393
0.16216
-0.235143
-0.130138
0.211
-0.163814
-0.109866
-0.170072
0.199977
-0.0366103
-0.048655
0.103584
-0.0425554
0.0110071
-0.11128
0.196017
0.304263
-0.033382
-0.0446771
0.0503237
0.107238
-0.0143132
0.513014
-0.0501001
0.0856575
-0.0794773
-0.184577
0.291361
-0.0469983
0.0472075
0.172236
0.0826084
0.174415
0.237206
0.0191761
0.393937
-0.056261
-0.270939
0.209792
-0.10787
-0.114199
0.180847
-0.0748589
-0.11455
0.0427079
0.307918
-0.0291215
0.228532
0.290282
-0.228436
-0.0640888
0.264358
-0.149722
-0.139418
0.0528303
0.194052
-0.0508826
-0.176726
-0.171093
-0.232408
0.169609
-0.380528
-0.323604
-0.167367
-0.265309
0.170228
-0.0177541
0.0343527
0.00507276
0.243443
0.396716
0.0233057
-0.00100857
-0.0695146
0.200474
-0.196372
-0.443225
0.057171
-0.271261
-0.113697
0.1182
0.187412
-0.0489314
0.160345
-0.109953
0.137436
0.0575492
0.118856
0.0729403
0.204441
0.237888
-0.100689
0.197065
0.00868166
-0.178706
0.0636688
0.0642242
-0.119702
0.218232
0.0402126
-0.184649
-0.0711909
-0.138955
-0.157107
-0.0310702
-0.134109
-0.109807
-0.137463
-0.242302
0.0241392
-0.296108
-0.0433108
0.171046
-0.283501
-0.020088
0.0759488
-0.00942814
-0.0043449
0.0813504
-0.0315607
0.353244
-0.318302
-0.20148
-0.0680131
-0.0144667
0.113435
0.0218333
-0.160546
0.185847
0.0992475
-0.0535908
-0.00284769
-0.00873535
-0.238152
-0.242714
-0.0485047
-0.0867901
-0.037955
-0.0856529
0.025992
0.153104
0.205537
0.212491
-0.191422
0.0034693
-0.0166897
-0.0810793
0.0189775
-0.0404935
0.0990781
-0.0690242
0.114699
0.28618
0.233867
-0.237943
-0.0795744
-0.221195
-0.192138
-0.096077
0.0946012
0.0362023
-0.0688522
0.181874
0.023819
-0.173262
0.0734068
0.00345848
-0.0366726
0.145264
-0.224132
-0.304901
-0.0888274
0.0185279
0.0622418
0.204668
-0.0408335
-0.0912201
0.397792
-0.0717411
-0.229354
0.0991214
0.0593098
0.0779748
0.131303
-0.201641
0.225189
-0.00773943
-0.181662
0.331642
0.0416778
-0.0484058
0.0474966
-0.106778
-0.079144
0.139716
-0.137159
-0.196419
0.0371617
-0.223635
-0.0664538
0.184328
-0.0605036
0.174622
-0.137782
0.229051
0.106692
-0.380212
-0.191023
-0.233326
0.0290586
-0.0132708
-0.157256
-0.389997
0.132104
0.0898671
-0.412791
0.183889
0.285087
0.216679
0.174986
0.106316
0.0635413
-0.296334
-0.321141
-0.0459647
-0.0503806
-0.205796
-0.143474
0.166521
0.0481113
-0.207737
0.103329
0.154125
0.0487587
0.000533724
0.0636544
0.314468
-0.0423783
0.0181398
0.249461
-0.207717
0.15147
-0.305659
0.122687
-0.183525
0.0527844
-0.0158909
0.244671
-0.0731625
0.136076
-0.0301965
-0.0586317
-0.0427674
0.0732385
0.0410683
0.166114
-0.0599077
-0.0523012
0.225382
-0.00376172
-0.142918
-0.14365
-0.0154717
0.14452
-0.123017
0.0643847
-0.117844
0.0745201
-0.0609714
-0.0996789
0.112795
-0.192583
-0.039244
-0.0398248
-0.036716
-0.044071
-0.0654791
-0.344882
0.217609
0.0969033
0.0349495
0.134003
0.265471
0.0571342
0.157969
-0.100902
-0.249535
0.0170004
-0.0512988
0.342183
0.0962799
0.091205
0.106672
0.237986
-0.0610676
-0.0222192
0.0439229
0.0319383
-0.0564241
-0.0667913
0.0806805
-0.198302
0.113212
-0.0553323
-0.031481
-0.0544754
-0.281255
-0.168365
0.0651345
-0.350775
0.247321
-0.124943
0.138077
-0.242726
0.0544874
0.199732
-0.225664
0.09211
0.137452
0.047517
-0.0951873
0.055283
-0.0820922
0.0515621
-0.339853
-0.156666
-0.270016
-0.160514
-0.00316361
-0.0467986
-0.0240424
-0.0424601
0.0560815
-0.0971811
-0.0886173
0.341559
-0.158844
-0.20081
-0.000206911
0.0513398
-0.164674
-0.0108104
0.278411
-0.155137
-0.0383756
0.195485
0.111226
-0.0767647
-0.336886
0.10805
0.00603121
0.0360528
-0.0572532
0.0496319
0.0174316
-0.0867441
-0.0144819
-0.0267573
-0.362922
-0.135872
-0.243439
-0.0646175
-0.018431
0.231637
0.0267043
0.180478
-0.145698
-0.127273
-0.241266
0.00356324
-0.223796
-0.00877877
-0.286804
0.234949
-0.0297616
0.397142
0.0194529
0.0913969
-0.266586
-0.0645732
-0.187634
0.329644
-0.0921704
-0.0876652
-0.238383
0.27103
0.224673
-0.197009
0.371422
0.232019
-0.0513283
0.113139
0.0591752
-0.278156
-0.346042
0.213792
0.07039
-0.199884
-0.0553954
0.0471376
-0.0319082
-0.286712
0.227765
-0.163878
0.180591
0.22114
0.24184
0.0119057
0.209283
0.0986744
0.335351
-0.129561
-0.0228004
-0.326265
0.192731
0.162281
0.108554
-0.122533
0.0851236
0.0080998
-0.0842976
-0.0899961
0.0361034
-0.0204303
0.0565373
-0.0675915
0.0224696
-0.197242
-0.116626
-0.00502834
-0.0571993
-0.0663575
-0.110331
0.0240694
0.0271797
0.066981
0.370858
-0.218525
-0.0301902
0.00021302
0.254817
-0.247758
-0.0270858
-0.00960917
-0.31669
-0.144152
-0.238486
0.0185183
-0.111223
-0.0765166
-0.187637
0.0634595
0.172885
0.18815
0.00820098
-0.0211194
-0.320851
0.0275077
0.110736
-0.154481
-0.257705
-0.124626
0.101449
0.0276067
0.274792
0.190333
-0.2009
0.410438
0.097585
0.217179
-0.0227071
-0.288482
-0.069536
-0.0238366
-0.0386101
0.329448
-0.331208
-0.100006
0.152631
0.0654178
0.123787
0.222251
0.0422454
0.183261
0.113824
-0.15955
-0.232639
-0.0149762
0.215791
0.256525
0.268864
0.154877
-0.175814
-0.336026
-0.359871
-0.111602
0.211781
0.124036
-0.111577
-0.078951
-0.345602
-0.0652126
-0.118609
0.165891
0.0394012
0.153099
0.159298
0.215948
-0.188026
0.320806
-0.122015
-0.236511
-0.265376
0.157481
-0.141284
0.156495
0.0451063
-0.064727
-0.207425
-0.0412459
0.156074
-0.0969354
-0.0213733
-0.00546361
-0.211081
-0.0823962
0.223562
0.00130339
0.25933
0.316733
-0.158608
0.0393936
0.103193
0.286333
0.203027
-0.026304
-0.0399351
-0.158123
0.0947621
0.176201
0.0710901
-0.0227427
-0.184975
0.0961354
-0.0046311
-0.0714
0.32048
0.099691
0.125102
0.128138
0.119989
-0.220972
-0.148189
-0.018793
-0.0200757
-0.189847
0.0326157
-0.0798316
-0.49017
0.00500539
-0.0455411
-0.0285446
0.0624394
-0.0915964
0.147035
-0.12927
-0.09436
-0.0223904
0.0963479
-0.142245
-0.0210352
0.236629
-0.165291
0.210804
0.151265
0.127959
0.322753
-0.240152
0.187494
0.0417012
0.162399
-0.0269537
0.0234195
0.17148
0.365463
-0.0867987
-0.0102155
0.196086
0.129986
-0.239651
0.102024
0.170917
0.195721
0.0874989
-0.122175
0.283634
-0.428458
-0.0608416
-0.230648
0.150435
-0.0203078
0.00449955
-0.167741
0.299329
0.122542
-0.0248547
-0.0226162
0.28042
-0.0327378
0.0614387
0.0473406
-0.0423399
0.179252
0.420968
-0.117282
-0.36282
-0.146386
-0.137634
-0.0323628
0.163582
0.155099
-0.00105406
-0.101215
-0.150962
-0.184735
-0.171165
-0.0161779
0.049066
0.160218
0.0280165
0.0407528
-0.0537333
0.00785419
-0.0925758
-0.254937
-0.296529
0.0192653
0.121602
-0.0444168
0.127803
0.0915065
0.182081
-0.063958
-0.332717
0.272975
-0.0402944
-0.271699
0.126249
-0.0204251
-0.083318
-0.0259568
-0.129414
-0.1187
-0.103764
-0.51471
-0.11347
0.0747629
0.210944
-0.173392
-0.152437
0.162024
0.143848
-0.0593036
-0.0470482
-0.154142
-0.0287337
-0.106532
-0.0377341
-0.0908255
-0.120227
-0.00614135
-0.011548
0.027217
-0.0285833
-0.0905595
-0.293842
0.0708366
0.145187
-0.127959
-0.208948
0.0261055
-0.380038
-0.303347
0.034699
0.169871
-0.0486087
-0.0529202
-0.0797762
0.026958
0.215579
0.164887
0.0711962
-0.137119
0.0699052
0.0252428
0.0686417
0.102793
0.0248441
0.368394
0.0320772
0.132681
0.0764542
0.170473
0.283835
-0.0803563
-0.0950832
-0.523104
-0.161041
0.122767
0.276353
-0.0540652
-0.202039
0.0326636
0.0155494
0.122116
0.249821
-0.303514
0.243294
0.31653
-0.0963749
0.662487
-0.227816
0.18157
-0.266035
-0.0590755
-0.176316
0.247124
0.216228
0.119165
-0.0511379
0.144289
0.126694
0.178515
0.195084
-0.0433633
-0.25515
-0.0285662
-0.079238
-0.239925
0.130969
-0.06071
0.0684189
0.0319562
0.077713
-0.358681
0.00798492
-0.15248
0.0060788
0.0205887
-0.102298
0.333547
0.481233
-0.279867
-0.152446
0.270554
-0.252084
0.0262214
-0.286527
0.0773491
-0.0929637
0.122268
0.298085
0.118608
0.0580987
-0.0339641
0.0343657
-0.117156
-0.0876185
-0.0764617
0.092165
-0.362259
-0.196356
0.223851
-0.14656
-0.0948267
-0.141589
0.0135257
0.0215
-0.269012
-0.188981
-0.173793
-0.240728
0.280811
0.0980124
-0.136715
0.331444
0.417198
0.204891
-0.184434
-0.245214
0.226575
-0.0192792
0.0220568
-0.104899
0.171054
-0.205952
-0.180655
-0.0196376
0.00203767
-0.0909451
-0.0940404
0.0326723
0.185869
0.151331
-0.0837602
0.194634
0.164983
-0.00231014
0.103836
-0.0673974
0.0520011
-0.118715
-0.182616
0.0398015
-0.139801
0.145795
0.114956
-0.0473396
0.219843
-0.345747
-0.26226
-0.00290724
-0.0123201
-0.288334
0.141404
-0.045776
-0.101263
0.216096
0.0902603
0.363126
0.234295
-0.085564
0.154878
0.248672
0.0157836
0.0258884
0.140816
0.0699506
-0.0726412
0.265608
0.349688
-0.0388164
-0.225806
-0.0623684
0.210431
0.256914
0.221658
-0.102047
0.131843
0.155916
-0.0447931
0.0314989
-0.263409
0.209001
-0.320145
0.266576
-0.345535
0.0850711
0.173215
0.224822
0.146755
0.0941254
-0.138432
0.15062
0.05211
-0.00931829
-0.0563404
0.0303563
-0.0470277
-0.247096
-0.0096844
0.107997
0.082115
0.106871
0.0137184
-0.0887856
0.0101527
0.315226
0.227172
0.127367
0.00394271
-0.0780274
-0.30135
0.0395484
-0.0202679
0.248728
-0.131625
-0.2369
-0.105509
-0.278084
-0.0483576
-0.184501
0.0607789
-0.0911467
0.144886
0.00161446
0.272213
-0.130277
-0.141596
0.103908
-0.15731
0.0584398
-0.082631
-0.134962
-0.0170711
-0.182161
0.111345
0.0597858
-0.207622
0.115439
-0.230584
-0.0366934
0.0346559
0.0735878
-0.0291469
-0.0810237
0.155671
-0.0149881
0.0489858
0.116019
0.0814756
0.10617
0.225156
-0.137632
0.0123228
0.358315
0.296357
-0.173777
0.0215989
0.128925
-0.0895791
0.250758
0.0452324
-0.142875
-0.0556464
0.119035
-0.0643858
-0.10672
-0.084552
0.045982
-0.149538
-0.0572566
0.122233
0.150977
0.185897
-0.0771493
-0.293152
0.061401
0.430923
0.121319
-0.255382
0.220402
0.00338495
-0.104356
0.0815538
-0.1065
0.0818303
0.111446
0.0722459
0.0728645
-0.207419
0.0507661
-0.046272
-0.0769981
-0.171644
-0.0330772
-0.335958
0.242239
-0.0549693
0.136464
-0.0490371
0.231467
0.00526869
0.191232
0.363708
0.117774
-0.172539
0.0657795
0.0201049
0.236065
-0.0209005
0.266205
-0.180509
0.233583
0.28225
0.330529
-0.110364
-0.287021
-0.0874055
-0.274985
0.235141
-0.305041
0.432051
-0.079129
0.190388
0.0571636
-0.24591
0.193965
0.138903
-0.271092
0.192425
-0.209035
-0.0767092
0.114933
0.0540553
-0.458915
-0.0403162
0.0887278
-0.00381076
-0.118497
0.0852423
0.040972
0.0612006
0.115876
0.302569
-0.022461
-0.282367
0.0571457
-0.108193
0.192005
-0.00716532
0.248908
0.145468
-0.0295266
-0.0575082
-0.441655
-0.303864
0.199054
-0.0372735
-0.235518
-0.0969414
-0.248623
0.112466
-0.0572285
0.117932
-0.210396
0.346685
0.0359129
0.0874909
-0.0392124
-0.203701
-0.225246
-0.16252
0.138968
-0.0557455
0.104787
-0.134394
0.0465516
-0.0709177
-0.157492
-0.232276
-0.470875
0.115445
0.149452
0.232122
0.0551913
0.116711
-0.14963
-0.308274
-0.150172
-0.144406
0.19761
-0.0472463
0.0832208
-0.356468
-0.288918
-0.169518
0.0593649
-0.0697867
0.0634062
0.0937141
0.308266
0.386884
-0.206545
-0.0492878
-0.132993
0.0675228
-0.13171
-0.037042
0.114099
-0.019022
0.0879204
-0.0187354
-0.193951
-0.0982506
-0.0932042
-0.107487
0.0230718
0.108204
-0.0362945
-0.0304588
-0.217071
-0.0745907
0.203986
-0.253118
-0.0455556
-0.0853574
0.244788
-0.106285
-0.0110192
0.182901
-0.0395034
0.367318
0.0919064
-0.173427
0.0758694
-0.135468
0.0805372
0.229531
-0.0326731
0.0080491
0.135081
-0.0677339
-0.229378
-0.228018
-0.115012
0.0529781
0.167608
0.322751
0.0359118
-0.125576
0.00677746
-0.086382
0.0504456
-0.00139854
0.021514
-0.230028
0.0212325
0.265785
0.172645
-0.160315
0.00365289
0.0320891
0.0440769
0.0660961
-0.049097
-0.174218
-0.323883
-0.126924
-0.103574
-0.0432992
0.0642358
-0.0298394
-0.058028
-0.339636
0.0469494
0.147606
0.0672959
-0.0163607
0.170094
-0.0955023
-0.179548
-0.138311
0.188099
-0.337931
0.0295602
0.251443
0.134234
0.0729634
0.0620091
0.000346804
0.0450975
0.0286364
-0.281383
0.154774
-0.0138195
-0.0381171
0.101446
0.0111506
-0.197959
-0.331739
0.094311
0.0867238
0.430874
-0.266697
0.108655
-0.0347144
0.22068
-0.135773
0.00466733
-0.0608846
0.184274
0.0232865
-0.0359376
-0.109341
0.0819477
-0.168432
-0.161118
0.312614
-0.133472
0.124679
0.0578694
0.0393866
0.058915
0.202702
-0.100341
0.143968
0.190882
0.211316
0.161209
0.0451324
0.295293
-0.139775
0.226424
-0.278893
0.0309891
-0.0777636
0.319245
-0.243644
0.111592
0.00083404
-0.139349
-0.0357843
0.1405
-0.18461
-0.0888404
-0.0539523
0.125597
-0.173809
-0.218105
0.224128
-0.189559
0.138623
-0.247863
0.0202757
-0.209706
0.0207619
0.182648
-0.0157509
0.0467349
0.121387
0.0108991
-0.110284
0.178992
0.0260287
-0.255555
-0.0361806
0.00438612
-0.0333878
0.387793
0.447282
0.0493944
-0.203632
0.0578023
0.101272
-0.11909
-0.0138948
0.105621
0.0987409
-0.133348
0.000864824
0.158417
0.287224
0.0610038
0.224165
0.0303937
0.00491232
-0.0103637
0.0548411
-0.366566
0.328134
-0.485242
-0.0403232
0.228771
0.0283687
-0.128399
-0.0364937
0.149857
0.267101
-0.124382
-0.255734
-0.0565515
0.26622
0.176064
-0.0192652
-0.069906
0.117281
0.0531182
0.155321
-0.262677
-0.049416
0.190743
-0.236142
-0.411079
-0.159432
-0.157714
-0.0826957
0.0570216
-0.0541617
0.410052
0.273908
0.0860885
-0.0796568
-0.194011
-0.182058
-0.0531639
-0.0608096
-0.239797
-0.100335
0.372159
-0.0520924
0.265007
0.0969903
-0.104474
-0.187819
0.0777812
-0.209688
0.0497994
-0.337435
-0.104849
0.263746
0.159388
0.193021
-0.0899836
-0.343699
0.161787
0.246735
0.157767
-0.227796
-0.308239
0.142741
-0.166275
-0.265268
-0.037071
-0.104124
0.0185748
0.0970723
0.108224
-0.05665
0.2387
-0.200778
0.485598
-0.0863947
-0.0241221
-0.078525
0.0319394
-0.115323
-0.258602
0.238267
0.0689672
-0.192345
-0.126579
0.0415622
-0.199316
0.0906242
0.111351
-0.00593399
0.339204
0.156629
-0.109428
0.339436
0.235003
0.193743
-0.264388
0.209923
-0.178015
-0.0637955
-0.0647066
-0.0113319
-0.0848249
-0.0812906
0.0623029
-0.127845
-0.0214588
0.23618
-0.16289
-0.291835
0.0878772
0.0567732
-0.0895694
0.371163
0.0846802
-0.0423241
0.159751
0.0186667
0.123944
0.221934
0.0537051
0.10154
-0.0753093
0.0227688
0.261457
0.0239945
0.128309
-0.0497116
-0.0268122
0.200413
-0.0337495
-0.277999
0.31526
0.230408
0.0505996
0.251599
0.272357
0.150796
0.240823
-0.105821
0.195657
-0.100461
0.0578016
-0.13698
-0.136726
-0.227617
-0.276792
-0.0106399
-0.191311
-0.165374
0.098758
-0.0516838
-0.138521
-0.137092
0.0151925
-0.280634
0.225803
0.0880081
0.0501102
-0.184826
0.254396
0.0792061
-0.0044146
-0.0511255
0.188975
-0.0553993
0.0656308
-0.0463785
-0.037908
0.10247
0.0163748
-0.298513
-0.184856
-0.176795
-0.00623731
-0.208948
-0.268378
-0.196969
-0.0711859
-0.0290386
-0.220901
-0.0305224
0.0466593
-0.0468761
-0.0945909
-0.10107
-0.105624
-0.210897
0.015048
-0.268247
0.0949329
0.0509771
0.0512924
0.2503
0.100605
0.0382756
0.0174581
-0.0563533
-0.131015
-0.150736
-0.044741
-0.0455659
0.151671
-0.000340207
-0.0514463
0.024174
-0.307324
0.236007
0.0658007
0.249076
0.0708391
-0.00833857
0.203793
-0.21412
-0.0335248
0.353297
-0.572315
0.00986769
-0.139964
-0.44245
-0.0535342
0.0748373
-0.148757
0.0449952
-0.0142196
-0.202203
-0.255473
0.0167484
0.0552024
-0.0831859
-0.0790389
0.259419
0.112542
0.0943774
0.235926
0.0271497
0.228611
-0.225631
0.00193662
-0.0849394
-0.118988
0.327549
-0.121437
-0.360986
-0.0697131
0.139416
-0.323447
-0.013191
-0.147384
-0.0804214
-0.080343
0.189534
0.3025
0.185799
-0.124289
-0.103169
0.128343
0.238983
0.367122
-0.0100979
0.14549
-0.00203312
-0.0409979
0.175488
0.0413039
0.0336557
-0.193
-0.0164593
0.133241
0.102606
-0.0908971
0.203566
-0.233576
-0.0671799
-0.108426
0.188778
-0.369905
-0.261184
0.125305
-0.0466903
-0.15318
-0.207459
-0.342832
0.00315342
-0.0887611
0.013637
0.0418878
-0.170518
0.111971
-0.0119862
-0.051981
0.0628417
-0.144676
-0.0434378
0.123498
0.126716
0.186483
0.197309
-0.100004
0.0572223
0.0240548
-0.0319752
-0.147635
-0.178206
0.239876
-0.153081
0.221306
0.365358
0.0447828
-0.199372
0.284639
-0.0293004
0.103427
-0.109772
-0.0347051
0.0692391
-0.0643099
0.271144
-0.0850926
0.0550568
-0.0844111
-0.0396209
-0.023034
0.0618089
0.0585505
-0.0453025
-0.0408178
-0.101603
-0.0844139
0.00222299
-0.13866
0.0894892
-0.21842
0.0449077
-0.129418
-0.183606
0.0102936
0.000877563
0.228172
0.133243
-0.115707
0.156232
-0.0737298
0.0576216
0.165676
0.0324868
0.257539
0.130007
0.435248
-0.300518
0.109239
0.0835624
0.125572
0.183892
-0.359825
-0.0412188
0.0106799
-0.297457
0.470481
-0.019116
-0.367108
0.251585
0.145054
-0.229631
0.301089
-0.155725
0.168007
0.27719
0.188
-0.154329
-0.0748115
0.187195
0.495085
0.117894
-0.0497516
0.0441367
-0.159925
-0.203489
-0.0147015
0.0934026
-0.0666257
0.210632
-0.229692
-0.0805732
0.285335
0.00673875
-0.119437
-0.181249
-0.0367257
0.0336301
-0.305563
0.103334
0.0965327
0.0582096
0.133635
0.23649
0.167126
0.155567
0.199834
-0.254921
0.169937
-0.0804435
-0.190365
-0.36731
-0.348473
0.402068
0.364332
-0.114625
-0.0910428
-0.113298
-0.0601593
-0.158915
0.151638
0.064083
0.20946
0.201727
0.093619
0.155732
0.110781
-0.0423068
-0.063218
0.105762
0.063157
-0.0809248
0.183553
-0.232744
-0.0467621
-0.211881
-0.279613
0.0935679
-0.299637
-0.184553
0.0881451
0.252199
-0.0944801
0.342799
0.183978
0.00350306
-0.0782388
-0.0497263
-0.0660987
-0.00484991
-0.000846324
-0.119718
-0.222842
0.238808
0.0440444
0.0894732
0.00778997
-0.274867
0.124385
0.137661
0.115868
0.222582
0.293493
-0.0295394
0.129421
0.436113
-0.106243
0.0791588
-0.118893
-0.351242
-0.0442997
-0.289682
-0.314446
-0.244815
-0.149015
-0.185259
0.108165
0.354708
-0.0689284
-0.196596
-0.118409
0.120565
0.37413
-0.022589
0.248504
0.0265446
-0.00282663
-0.0910043
-0.11758
0.370616
0.10465
0.0295224
0.0358549
-0.231639
0.122201
0.286077
-0.103877
0.146489
-0.0799384
-0.0891702
0.0326319
-0.102628
0.0932428
-0.104173
-0.216392
0.0360197
-0.167447
0.248461
-0.166637
-0.0663337
-0.0240631
-0.0664305
-0.0687893
-0.26353
-0.11314
-0.241274
0.00516012
3.7979e-05
0.085116
-0.223188
0.0327808
0.121494
-0.036972
-0.31898
-0.0762065
-0.1118
-0.0330125
0.00995298
0.0340505
-0.0313001
0.195956
0.246439
-0.197979
-0.101146
-0.0189558
0.2499
0.018943
-0.262818
0.238359
-0.0964551
-0.118439
0.0149982
-0.244643
-0.0388037
0.163764
0.0137292
-0.0682945
-0.0163016
0.0721872
-0.143563
0.0740659
-0.0239874
0.21661
0.261852
-0.186665
0.156988
-0.00669699
-0.0438356
-0.00545532
-0.137196
0.0382688
0.159552
0.237347
0.099064
0.165392
0.0922662
0.157823
0.113873
-0.115597
0.306522
-0.0670714
-0.125632
-0.10777
0.0104954
-0.126901
-0.340892
-0.064744
0.06001
0.386657
0.11515
0.22924
-0.134847
-0.273136
-0.037714
-0.117237
0.0589859
0.0781534
-0.121006
0.0879539
-0.202808
-0.0208117
-0.0523193
-0.174212
-0.179479
-0.240127
-0.189512
-0.0218072
-0.0291562
-0.336254
-0.119292
0.0479577
-0.0572141
-0.0306555
-0.303163
-0.0489518
-0.199409
-0.171256
0.0141564
0.0713621
-0.023514
-0.0899208
0.00465313
0.0625911
0.0250072
-0.0493129
0.109827
0.102471
-0.163293
-0.176693
-0.012918
0.134578
-0.13719
0.138623
0.0684142
0.367902
0.0629777
0.130899
-0.0261662
0.120338
0.116868
-0.0404183
0.121837
-0.0944903
0.188767
0.401766
0.1859
-0.206011
0.0866555
-0.321433
0.0854094
-0.173167
0.180557
0.105414
0.0179718
-0.160674
0.131863
-0.160186
-0.441076
0.0398722
-0.151625
-0.0814699
-0.160222
-0.0557694
-0.254964
0.0733259
-0.00742463
-0.40703
-0.0716689
-0.0490758
-0.0974962
0.041295
-0.0925214
0.0254562
-0.267206
0.0822904
-0.190095
0.0814794
-0.25631
0.20395
0.165134
0.25861
-0.193924
0.263084
-0.170233
-0.061979
0.164729
0.136705
-0.173205
-0.174043
0.0286743
-0.0848393
0.0550609
0.120399
0.20866
-0.0403546
0.393957
0.306593
0.101414
0.0744422
0.214637
-0.158832
0.0854655
-0.00838358
-0.279579
0.00633638
0.154571
-0.23807
-0.0587708
0.174731
-0.136346
-0.00309116
0.264843
0.448554
0.278269
-0.115691
-0.199327
0.07446
0.138584
0.053562
-0.0299585
0.310073
-0.0275861
-0.192026
0.275674
0.184852
0.0432821
0.277514
-0.149153
0.00737244
0.28032
-0.109875
-0.00554527
0.0355015
0.0975731
-0.126256
0.144016
0.0320194
-0.250663
0.0703655
-0.255541
0.0307856
-0.191618
-0.06223
-0.140775
-0.0946694
0.00862168
0.0643665
0.07195
0.0522624
-0.36679
-0.158138
-0.057861
-0.100213
-0.201466
-0.0971312
0.0315617
0.155059
-0.00163144
-0.00765912
0.106159
-0.036257
0.114312
0.165557
0.131533
-0.0417603
0.261425
0.0430306
0.0871906
0.148721
-0.299789
-0.0502322
0.239477
0.493867
0.0620763
0.198211
0.187162
0.00136935
0.318131
0.104641
0.200618
0.33803
0.096742
0.281639
0.265747
-0.0269899
-0.0468551
-0.119703
-0.137269
0.0537456
-0.214807
-0.155552
-0.160098
-0.203467
-0.155279
0.139962
0.066919
0.121001
-0.200328
-0.531754
-0.223262
-0.320626
-0.25335
0.15516
0.0940203
-0.16314
-0.145462
0.147336
0.215019
0.0891908
0.0276691
0.147762
-0.114985
-0.258933
-0.160643
-0.266267
0.45632
0.140165
-0.102067
0.174422
-0.116043
-0.191685
0.289897
0.198718
-0.0121635
0.153964
-0.239463
0.092816
0.0355628
0.0583176
0.132373
0.164201
0.102834
0.339406
0.0473909
0.144347
-0.0238984
-0.237765
-0.168783
-0.0479097
0.0656329
-0.0874942
0.18089
0.0550967
0.217617
-0.0206455
0.41624
0.179698
0.137344
-0.0178413
0.0287098
0.135329
-0.00802075
-0.0477874
-0.00936058
0.0702142
0.269293
0.102199
-0.196327
-0.0326688
0.338556
0.168273
-0.21697
0.0745648
0.069475
-0.0229617
-0.00337508
-0.173141
0.343776
-0.291748
0.0607904
-0.436165
-0.0387878
-0.0193855
0.310366
-0.270634
0.155874
-0.500661
-0.209868
0.533755
-0.0881922
-0.182317
0.0730417
-0.067098
0.194922
0.148556
-0.225004
0.313805
0.0266543
-0.166617
0.0856207
0.128631
-0.156024
-0.108375
0.0409792
0.0788614
0.172838
-0.164839
0.294269
0.28894
-0.155785
0.207838
-0.0362606
0.103884
-0.0279056
0.137469
-0.297875
-0.0470313
-0.0101674
0.105887
-0.00793664
-0.0466655
0.0316659
0.406026
-0.00504567
0.135104
-0.166081
-0.246266
0.0308206
-0.282626
0.23412
0.00461391
-0.0965212
0.149331
0.0496025
0.0772769
-0.0613907
-0.0844739
0.209114
0.157229
-0.210068
-0.194153
-0.0300902
-0.233505
-0.17812
-0.180954
-0.207422
-0.016147
-0.159363
0.187411
0.310434
0.22889
0.270626
-0.0490526
0.268711
-0.193697
0.030385
0.251392
-0.0911618
0.0412645
-0.242581
-0.0309601
0.0843027
0.249882
0.138948
-0.081533
0.00940754
0.185627
-0.0118198
-0.141175
0.0296743
-0.0302882
-0.000118498
0.0260063
-0.106292
0.231721
-0.0222033
-0.165323
-0.207532
0.0678317
-0.196769
-0.353039
-0.454976
-0.446354
-0.277072
-0.143881
0.260302
-0.209989
0.0612089
-0.042496
0.179428
-0.0731371
0.231798
-0.315685
-0.123439
0.243164
0.269042
-0.0225699
0.112508
0.269539
-0.207554
-0.0254296
0.0365325
0.0319844
-0.095514
0.0938481
0.126616
-0.191699
0.014176
-0.120364
-0.232318
0.207763
-0.0564953
0.102468
-0.0213186
0.0729386
-0.0571499
0.0610729
0.329805
0.103825
-0.00721694
-0.160205
0.408417
0.026109
0.176039
0.197734
0.0278722
0.15827
-0.0851796
-0.141144
-0.26273
-0.226021
-0.0131201
0.325244
-0.017575
-0.334646
0.167646
-0.0303591
0.0310257
0.167495
-0.049833
-0.104526
-0.045494
-0.182059
-0.16742
0.178942
-0.16092
-0.119149
0.227507
-0.0282736
0.00664465
0.172173
0.407398
0.0972009
-0.268576
0.26211
0.442832
-0.0579276
0.0382509
-0.280712
-0.285616
0.121386
-0.122138
0.217927
0.0448007
0.393184
-0.107781
0.00900836
-0.0749162
-0.0536192
-0.114931
-0.205421
0.00531179
0.19784
-0.340865
0.142517
0.107658
-0.0180327
0.276534
-0.0407505
0.278457
-0.0737482
-0.163607
0.132282
0.0733347
0.304944
-0.159018
-0.180652
-0.0585177
-0.211476
0.355483
-0.00565652
-0.125341
0.162626
-0.0565867
-0.146282
-0.17306
-0.100725
0.147928
-0.00228783
-0.280875
0.121875
0.206892
-0.133332
-0.102246
0.230062
0.209899
0.363593
-0.0826607
-0.0751514
0.145179
-0.265782
-0.0231658
-0.0205222
0.0863209
-0.113403
0.0670098
0.0162776
0.164067
-0.175772
0.0699042
-0.124137
-0.0381295
-0.0979942
0.224144
0.0397727
-0.25612
-0.19808
0.0225722
0.120462
0.0631204
-0.151679
-0.341509
-0.152469
0.00186535
0.0155233
-0.104833
0.186215
-0.185487
0.325259
0.266408
0.042283
-0.0812956
0.285752
-0.0543653
-0.290277
-0.0011054
-0.270512
0.0215182
-0.0458269
-0.151635
-0.235036
0.236871
0.0546516
-0.0657859
-0.165434
0.0447453
0.189268
-0.151828
-0.225474
0.0503298
0.0058973
0.0792559
-0.154807
0.261915
-0.173574
0.0392026
0.101566
-0.181131
0.0505222
-0.322322
0.00162069
-0.216735
-0.075642
-0.161233
0.140343
0.0978943
-0.0148173
0.143124
-0.223957
0.202749
0.167135
0.142427
0.0652429
-0.14652
-0.0109901
0.435209
0.452862
-0.12303
-0.0454821
-0.184503
0.134283
-0.264642
0.139212
-0.405391
0.164261
0.0706719
-0.0666169
0.304308
-0.150199
-0.131309
0.414933
-0.11112
0.0503019
0.0307634
-0.134674
-0.167486
0.0745935
0.0841065
0.0123206
-0.179136
-0.102099
-0.146055
-0.0291846
-0.077042
0.0635769
-0.158185
-0.0314789
0.101434
0.121302
0.182035
0.10056
0.309209
0.252991
-0.186779
0.130512
0.150102
-0.146469
0.0336021
-0.12018
0.00759386
0.0268482
-0.125058
-0.0474615
-0.0529304
-0.0594584
-0.216256
0.0103925
0.156982
-0.0198769
0.248595
-0.00621372
0.324175
0.345512
0.0782776
-0.0731859
-0.0796028
-0.253964
0.152613
0.0327444
0.20212
-0.164273
0.00465548
0.129784
0.0420745
-0.346266
-0.137823
-0.314803
0.135114
0.227072
-0.201243
0.239241
-0.062245
-0.0960935
-0.0991947
0.0658601
-0.191821
-0.0241507
-0.126167
-0.0993042
0.0378153
0.1261
0.0952965
-0.288635
0.0864055
-0.0175848
-0.189037
-0.162633
0.00914839
-0.0344375
0.051287
-0.0211781
-0.0678853
-0.0690835
0.0857447
0.113593
-0.483679
0.0102586
-0.2219
-0.0402311
-0.347165
-0.232206
0.0889185
-0.098747
0.0657997
-0.214225
-0.198505
0.0780098
0.0838518
-0.0199435
0.0847149
-0.0889377
0.0372341
0.40787
-0.04705
0.0226254
-0.128042
-0.152509
0.00683445
-0.120008
-0.340409
-0.111959
0.282182
-0.204949
-0.160668
-0.015962
-0.0155742
0.2768
0.0328038
0.245976
0.217778
-0.337148
-0.0956894
0.199931
0.102532
0.0101619
0.155198
0.084544
0.389368
-0.1538
0.108334
-0.226671
0.017668
0.403532
0.0353451
-0.28559
-0.100633
-0.209565
0.227266
0.186857
0.24623
-0.00123077
0.0746928
-0.481288
0.235988
0.259032
-0.0610944
0.315271
-0.235814
0.0951847
-0.124472
0.270533
-0.0423287
0.135446
0.0442191
-0.140442
-0.115312
-0.0171608
-0.0911513
-0.303613
0.198569
0.101291
-0.296556
-0.25925
-0.36539
-0.145167
0.127314
-0.0777807
0.187212
-0.0454508
-0.151765
0.132227
-0.0319676
-0.0692362
-0.265174
-0.132371
0.168519
0.0662264
0.048569
-0.268818
-0.239397
-0.343008
-0.186821
0.0387637
0.292856
0.0281641
-0.18733
0.123653
0.0366215
0.186616
-0.309162
-0.174732
0.130973
-0.220169
0.159505
0.0887322
0.164304
-0.286956
0.00591443
-0.0547024
-0.209327
0.143686
-0.0852415
-0.136697
0.0563062
-0.0162289
-0.199813
-0.0658783
0.310447
-0.0575793
0.141624
0.0660277
-0.218055
0.137937
0.0202699
0.118771
0.00106961
0.217733
0.122882
-0.0108544
0.0441761
0.083181
-0.190585
-0.0434737
-0.162572
-0.135261
-0.00906587
-0.0561209
-0.182253
0.083304
0.0867731
0.040507
-0.189572
-0.191512
-0.0104182
0.213226
-0.0553997
0.0168075
0.421244
0.0895144
0.131243
0.200708
0.0661902
0.348019
0.0529781
-0.109641
0.0278816
-0.0200814
-0.24899
-0.446036
-0.275201
0.0156534
-0.135984
-0.0379121
0.0103667
0.057122
-0.0378344
-0.447908
-0.327133
-0.00283368
-0.0128911
-0.312495
-0.0446035
0.0851717
0.238554
0.117691
-0.207266
0.27986
-0.0516639
-0.0845186
0.131711
-0.180408
0.229149
0.0643816
0.08717
-0.161353
-0.19481
0.44541
0.0208621
0.00959489
-0.0345458
-0.0237261
0.301658
-0.0534983
0.0432739
-0.101249
-0.0342211
0.10276
0.25734
-0.018694
-0.00151182
-0.156529
-0.342619
0.328559
0.0719895
-0.201717
0.0193336
0.12303
0.0127834
0.0416512
0.134706
-0.0955565
0.175451
0.0449288
-0.0134595
-0.191576
0.0124778
-0.281844
-0.0180255
0.230648
0.147819
-0.321253
0.0967361
-0.0908911
-0.128626
-0.389449
0.0176606
-0.136663
-0.140878
-0.0738714
0.144008
-0.442614
-0.0220419
-0.170839
-0.278273
0.221195
-0.094395
-0.15719
0.0929716
-0.128738
0.140422
-0.136691
-0.0997995
0.0904249
0.170702
-0.225894
0.216825
0.0637933
-0.442083
-0.0696107
0.048574
0.106259
0.285977
0.343638
0.137347
0.145695
0.264286
0.122011
-0.18152
0.0381388
-0.0666277
0.0579801
0.0770682
0.0139671
0.232954
-0.174265
0.181615
0.163392
0.223409
-0.00916551
0.398895
0.365329
-0.0782479
-0.205898
-0.0749282
-0.414587
-0.0702469
-0.0725283
0.0880558
-0.104595
-0.00873392
-0.157254
0.00127873
0.0335067
-0.0853668
0.0203072
-0.0554108
0.28764
-0.208258
0.0222525
-0.0112238
0.326126
0.156422
-0.219431
0.197078
0.0449665
-0.248522
-0.14929
-0.166268
0.166572
0.198344
-0.299355
-0.0193759
0.349477
-0.12793
0.0326404
0.0748462
-0.0840277
0.308146
-0.326793
-0.118301
0.130071
-0.0644541
-0.055304
-0.0164671
0.118236
-0.164203
0.166452
-0.122852
0.00605869
-0.190343
-0.0888564
-0.271441
0.0371028
0.107644
0.0253144
0.0148348
0.0516252
0.0815826
0.370848
0.167571
0.189851
0.441686
0.162874
0.196383
-0.0406164
0.181752
-0.105993
0.17031
0.216373
0.27889
-0.15098
-0.514758
-0.260156
0.205139
-0.173911
-0.181107
-0.109986
0.202382
-0.0934667
-0.254106
0.267753
0.0916422
-0.292123
-0.0610971
-0.0353326
0.237814
-0.0776109
0.0091265
0.0583006
-0.0795496
-0.290077
-0.133567
-0.371267
0.0967998
-0.114331
0.00374729
0.133308
0.10255
-0.138941
-0.115089
0.134114
0.316744
0.268442
0.221742
0.1445
-0.287619
0.0100357
0.0956231
-0.382132
-0.105353
-0.0826888
-0.157248
0.37021
-0.202845
0.0509632
0.193186
-0.158275
0.284139
0.123708
0.392544
-0.166199
-0.0770894
0.0361698
0.0908867
-0.0880175
-0.332357
0.0171132
-0.013948
-0.248673
-0.0424674
-0.0600488
-0.0220981
-0.236925
-0.221348
-0.00558107
-0.0613116
-0.201159
0.00174936
0.0566957
-0.139435
0.19646
0.0933655
0.0319532
-0.193196
0.115438
-0.140201
-0.0609911
-0.240871
-0.104248
-0.162448
0.0603566
-0.0575628
-0.0804572
-0.0458556
-0.164614
-0.175162
-0.0728366
0.238043
0.123373
0.0163695
0.128467
0.0596477
0.046507
-0.255649
-0.178399
-0.0883601
0.198594
0.132572
0.0405127
0.0411787
0.142706
-0.295679
-0.122628
0.11763
-0.0382982
-0.00440322
0.00721964
0.0559019
0.0638997
0.0134041
0.573133
-0.0258629
-0.127409
0.210418
0.0687691
0.0800809
-0.135478
-0.0917393
0.280618
-0.268376
0.332136
-0.0733807
-0.0386752
0.183665
-0.251704
-0.211048
-0.374
0.00979416
0.388155
-0.0416111
0.0558479
-0.172173
-0.196125
0.230427
0.0552526
0.10826
0.159003
0.0179898
-0.0206582
-0.0177866
0.0374489
0.0996316
0.606355
-0.485071
0.0303059
-0.0263995
0.0066546
0.0469662
-0.137712
0.0880143
-0.039612
-0.336437
0.0488049
-0.0642421
-0.0396682
-0.00513332
0.113073
-0.268927
-0.164368
-0.110193
-0.0120656
-0.0383699
0.399598
-0.0107088
0.356641
-0.0013948
-0.0764127
-0.14633
-0.0250194
-0.350317
0.21105
0.332618
0.125786
-0.171368
0.190311
0.0521183
-0.0925151
0.44634
0.0750454
-0.0679907
0.121918
-0.199255
0.00859609
-0.134461
-0.18419
-0.531661
-0.180069
-0.143
-0.0804546
0.0836925
-0.0864824
0.351706
-0.0906084
0.0458003
0.235381
-0.00586837
0.00489179
-0.149152
-0.0816583
0.182575
-0.0469608
0.105778
0.165772
0.186983
-0.0258967
0.0675412
0.0557588
0.160638
-0.0825904
-0.215483
0.0118927
-0.210476
-0.102015
0.041926
0.0436391
0.0792428
-0.00290105
0.00539505
0.0116033
0.466314
-0.0135283
0.0602525
0.0305982
0.140879
-0.078595
0.317083
-0.125969
-0.148988
-0.0635824
0.0403051
-0.0721168
0.273393
-0.0667972
-0.146313
-0.0446823
-0.0395081
0.163376
0.24201
-0.104532
-0.148309
-0.0372188
0.134831
-0.0692467
-0.279726
-0.146744
-0.116152
0.224643
0.13774
0.231642
0.372846
-0.141025
-0.074342
0.0495804
0.245098
0.146169
-0.160637
-0.0310339
0.105122
-0.0442843
0.157921
0.0552581
-0.0996797
-0.14056
-0.380886
0.125681
0.0136666
0.0385003
0.479056
0.374982
-0.123432
0.0222226
0.109271
0.146039
0.289528
0.353396
0.0954702
-0.154889
-0.055465
0.0266282
-0.162913
0.0267337
0.117041
0.175368
0.117317
0.112442
0.047428
-0.0724962
0.185067
0.262461
-0.291214
0.144996
0.0435286
0.105004
-0.04128
0.125752
0.0541928
-0.299021
0.102787
0.245891
0.0937505
0.2032
-0.152317
-0.0695557
0.0810603
0.100894
-0.13405
0.0791073
-0.320308
-0.225788
-0.00331336
0.206554
0.00584586
0.17706
-0.148154
0.177956
0.185289
0.480356
-0.251015
-0.0857369
0.436057
0.0215779
0.142689
0.0683559
0.0792163
-0.27093
0.265313
-0.0846984
-0.242688
0.0879548
-0.0982203
-0.315699
0.162725
0.235678
0.283584
-0.24554
-0.0231801
-0.0242031
-0.144018
0.0875585
0.196081
-0.193824
0.00254243
-0.361821
0.0895976
-0.126539
0.061747
0.106418
-0.178863
0.00556737
0.0162175
-0.24763
-0.0427386
-0.113644
-0.152445
0.204225
-0.334799
-0.186301
-0.154176
-0.0997537
0.155557
-0.108643
0.249457
-0.0828873
0.366343
0.106774
-0.101726
-0.013701
-0.0273506
0.165778
-0.0464061
-0.0616305
0.0145276
0.0769444
0.0726633
0.0174252
-0.111082
0.00912249
0.412176
-0.158187
0.0666714
-0.0339888
-0.0490139
-0.0221918
0.161192
0.19018
-0.207006
0.0432151
-0.0925549
-0.291205
-0.320502
-0.031871
0.148721
0.444734
0.234085
-0.00444258
0.029472
-0.1658
-0.0307661
0.34441
-0.40572
0.156676
0.348838
0.191436
-0.254759
0.00622197
0.0125629
-0.147999
0.201099
-0.136448
0.166909
0.0435187
0.183498
-0.178801
0.0239104
0.324455
0.0236068
0.0438308
0.0709478
0.0304066
-0.166671
0.148288
0.0382507
-0.165239
0.0113039
-0.121533
0.0308181
-0.125883
-0.148667
-0.0808307
0.174029
-0.237523
-0.0712953
-0.098495
0.0891962
-0.355065
-0.0358186
-0.343372
0.00760677
-0.214149
0.167655
-0.16466
-0.0974296
0.156533
-0.0821357
-0.0326034
-0.0588736
-0.139246
-0.000660726
-0.185466
-0.152192
-0.411267
-0.00356328
0.210846
0.0768924
0.242573
0.229504
0.169602
-0.137351
0.0220842
0.0252133
-0.151503
0.400195
0.311791
-0.131822
-0.171746
0.00782831
0.248984
0.0580633
0.0190602
0.0988059
-0.376015
0.138285
-0.0668409
-0.166684
-0.129441
-0.325458
0.145259
-0.250825
0.14405
0.312353
-0.248518
-0.145438
-0.331259
0.246429
0.299431
-0.0285342
-0.156801
0.0368258
0.2809
0.120429
0.225483
-0.233076
-0.148076
-0.15425
0.0162144
-0.423573
-0.135435
0.194428
0.2247
-0.00922501
-0.0988423
0.16591
-0.0623904
0.0941849
-0.0357867
0.160643
-0.00131437
0.0010004
0.161347
0.0657698
0.156054
0.13822
0.175149
-0.0682061
0.0713467
-0.0260853
-0.183721
0.0594489
0.0312735
0.00820533
-0.128855
-0.174111
-0.0560583
0.19917
-0.0310031
-0.00919916
-0.0204154
0.153907
0.100257
0.223378
0.348214
0.150839
-0.00702817
-0.159858
-0.00746431
0.108569
0.395586
-0.130643
0.0935487
-0.406685
0.30677
0.280123
0.135093
-0.172424
0.192716
0.135615
-0.14775
0.211907
0.016676
0.0172811
0.303179
-0.208244
-0.226449
-0.134103
0.322216
-0.167386
0.148976
0.0412391
-0.16112
0.0763791
-0.258706
-0.298211
-0.110153
-0.0198162
-0.145433
-0.0578929
-0.104585
0.139226
0.0728263
-0.110933
0.200009
-0.0801318
-0.188177
-0.257898
0.295534
0.0141555
-0.143806
-0.208331
-0.114376
-0.205664
0.0663325
-0.461673
-0.00236876
0.14233
0.15613
-0.0799906
-0.028749
0.00421302
0.14651
-0.128087
-0.152634
-0.18641
-0.15281
0.0444823
-0.213398
0.356012
0.00633253
0.00847933
0.214473
-0.0412023
-0.0359022
-0.087125
0.30535
0.0907976
-0.287832
0.240229
0.377289
-0.154426
-0.0788424
-0.0207264
-0.0633963
0.0749413
0.089842
0.0637338
0.271216
-0.152298
0.0885359
0.130446
-0.204179
0.13767
-0.282119
0.140333
-0.304633
0.221803
-0.0868087
0.112248
0.146454
0.0817618
-0.0908875
-0.0679154
-0.0559889
0.139809
0.190028
-0.00305369
0.0673804
0.0713274
-0.100091
-0.196061
0.122986
-0.0802057
-0.468591
-0.0722357
-0.216405
0.211368
-0.416869
0.221838
-0.022332
0.218473
-0.0635761
-0.117889
-0.0751593
-0.00612388
-0.0511854
-0.228898
-0.335522
0.236898
0.335387
-0.064366
0.0346555
-0.0382784
0.106197
-0.10866
0.0578499
0.161903
0.0903727
-0.0947944
0.247779
-0.245613
0.166682
0.00207365
0.100408
-0.0657772
0.134395
-0.251158
0.0637646
-0.174953
0.0331453
-0.179343
-0.0910477
-0.571565
-0.140608
-0.000854206
-0.0241049
-0.14305
0.174621
0.206953
0.179623
-0.0511828
0.409617
0.378134
-0.138331
0.193611
0.155326
0.282739
0.0973295
-0.00327961
-0.259198
-0.0202714
0.105739
-0.322254
0.108678
-0.185677
0.0721107
0.192974
-0.40183
-0.164218
-0.0406333
0.119749
-0.252282
-0.0348279
0.362665
0.0563913
0.200865
-0.205859
0.0326585
-0.257134
-0.191551
-0.45692
0.223603
-0.0363381
-0.0508777
-0.183668
-0.0324457
-0.198352
-0.303251
-0.0989315
-0.135946
0.158399
0.111973
0.124716
-0.138865
0.134494
0.171626
-0.171231
0.12631
-0.0643844
0.0423198
-0.270644
-0.115183
-0.139626
-0.0490994
-0.213059
0.235729
-0.243687
-0.190296
-0.0406589
0.252557
-0.222315
0.0104007
0.0548634
-0.322753
-0.26908
-0.26816
0.254347
0.0794883
0.249695
-0.235142
-0.0318755
-0.0795201
0.336223
0.109889
-0.132918
-0.0295756
-0.511665
-0.176089
-0.196546
0.067683
0.226352
0.0516472
-0.0305882
-0.115445
0.0168245
-0.00503562
-0.0412509
0.143313
-0.0972326
0.132971
0.0162507
-0.217393
0.136199
-0.112919
-0.0674638
0.199744
0.11706
0.116027
-0.224821
-0.209554
0.30857
-0.376969
-0.273862
0.0457386
-0.0806639
0.0925083
0.0447818
0.0344833
0.24792
-0.14232
0.33699
-0.402013
-0.260734
-0.0376946
0.124095
-0.12295
-0.251655
-0.156574
0.164348
0.101184
-0.0200858
-0.142168
-0.274333
-0.170719
-0.181031
0.217069
-0.163019
-0.0578512
-0.154117
-0.19838
0.119557
0.0645729
-0.0191077
6.55716e-06
-0.1827
0.291367
-0.0659355
-0.0855746
-0.112314
-0.273865
0.04774
-0.185747
-0.161653
0.151726
0.0653132
0.321429
0.0745261
-0.232359
0.104735
0.013351
0.154641
0.0067179
-0.339336
-0.0937386
-0.0273089
-0.108154
-0.308834
0.0512186
-0.0830572
-0.109981
-0.137264
0.0429238
0.253516
-0.335796
0.183161
-0.0295987
-0.158649
0.217954
-0.0686061
-0.0859097
-0.158597
-0.00286025
-0.160248
-0.273016
-0.283015
-0.321942
-0.0710584
-0.145702
-0.107855
-0.124975
0.207332
-0.0648361
-0.363017
-0.0906451
0.113291
-0.187297
-0.0434267
-0.155262
0.0973193
0.47609
0.0371766
-0.0612165
-0.0511741
-0.343385
-0.293134
-0.169063
0.0928872
-0.0371271
0.0307406
-0.0424277
0.27848
-0.0422124
-0.358034
0.00772507
0.416158
0.238499
0.018834
-0.184247
0.0534141
0.0474255
-0.134385
-0.129826
-0.132888
-0.0575636
0.328093
0.00305997
-0.12463
0.14262
-0.0830346
-0.288375
0.0429381
0.0633359
-0.0772129
0.301085
-0.305766
-0.0666657
-0.0960553
0.22084
0.143467
0.15649
-0.22167
0.265829
-0.173874
0.0880881
-0.215629
0.0522512
0.0324652
-0.0249535
-0.145371
-0.30358
0.125285
0.0737916
0.173078
0.236071
-0.0402742
0.061986
-0.283098
0.0620142
-0.0264913
0.0545307
0.33861
0.0725616
0.0482352
0.0479675
0.0992878
-0.159218
-0.193509
0.128426
-0.0655863
-0.220926
0.0647783
-0.0429435
0.0461053
-0.109847
-0.118018
-0.0903253
0.235477
-0.386916
-0.173196
0.285933
0.151692
0.175788
0.204799
0.171014
-0.0161894
0.00138582
-0.258796
0.11678
-0.198204
0.0791356
0.280156
-0.0351317
-0.0211002
0.241824
0.185466
0.454037
0.35909
0.0239112
0.158754
0.0959048
-0.102727
-0.064482
-0.0470388
0.106531
0.126807
0.245536
0.110662
-0.220283
-0.0989655
0.208627
0.0514021
-0.265615
-0.240488
-0.0588974
-0.0542445
-0.00414003
-0.0149713
-0.177274
0.156507
0.141965
-0.0516505
-0.240332
0.120866
0.230183
-0.397493
0.0915695
-0.126807
0.359443
-0.152623
-0.155105
0.191514
-0.195603
0.194125
0.0905386
-0.0365955
0.0141089
0.110392
-0.206097
-0.189776
-0.17252
0.177294
0.0968028
0.0954829
0.0273051
0.288443
-0.0836606
0.0624075
-0.19051
-0.147273
0.163546
-0.254864
0.0735794
-0.124575
0.163833
-0.0144558
0.135641
-0.136035
-0.202878
-0.188368
-0.110604
0.198434
-0.123345
-0.22945
0.0727753
-0.0216052
0.201285
-0.0393987
0.0255449
0.296628
-0.0220729
0.1356
-0.125038
0.238178
-0.107124
-0.104491
-0.0848856
-0.203194
0.225792
-0.0930234
-0.0299693
0.0489107
0.0208433
-0.128846
-0.242535
-0.0157735
0.102535
-0.027394
-0.288215
-0.184923
0.189945
-0.00829027
-0.0299769
0.327553
0.191463
0.281091
0.199163
-0.00776341
-0.0875108
-0.00389918
-0.0502992
-0.18739
0.00157956
0.12623
0.115301
0.0117055
-0.140568
-0.0364244
0.216502
-0.025591
-0.0293384
-0.0964036
0.0856876
-0.367359
-0.0174697
-0.0386004
0.000449534
-0.0994674
0.192223
-0.147404
0.136384
0.203011
-0.015017
-0.0144656
0.0745307
0.149032
-0.0618906
0.180657
0.221221
-0.18806
0.328399
-0.207091
-0.291692
0.0653962
-0.195266
-0.0206063
-0.163098
0.162741
0.247244
0.0332367
0.17972
-0.0384707
-0.383327
-0.0967549
-0.48897
0.0194273
0.0824205
0.0821103
0.069285
-0.261403
0.305332
0.176344
0.0603048
-0.330639
0.0783306
0.140304
-0.0471869
0.0981685
0.316964
0.177332
0.00998929
-0.158614
0.283086
-0.167801
-0.100917
-0.277005
0.156284
-0.193699
-0.477895
0.0399114
0.072407
-0.105883
-0.131468
-0.00465787
0.112088
0.207141
0.117744
0.0161925
-0.0924162
0.0871188
0.0412568
0.0314509
0.171376
0.155032
-0.175029
0.276853
-0.46661
0.175592
-0.329081
0.0123102
-0.219727
-0.122007
-0.194733
-0.0419287
-0.127338
0.420894
0.0320886
0.0345117
0.129522
0.0827222
0.10544
-0.143589
-0.166113
0.0886123
0.0262176
0.103671
-0.0811573
0.0251113
0.187033
0.0159827
0.197263
0.0223555
0.10564
0.0499958
0.20208
0.0148228
0.068932
0.444057
-0.111426
0.18168
0.168457
-0.0356015
-0.0253789
-0.226627
-0.109418
0.149888
-0.22586
0.0893432
0.167255
0.287256
-0.101242
-0.0389566
-0.0591901
0.258887
0.179736
0.00903432
0.0491572
-0.179032
0.139122
0.0814745
0.289925
0.0985968
-0.231246
-0.106734
-0.17138
-0.203508
-0.564975
-0.068521
0.0251624
-0.203
-0.015121
0.237289
0.287156
0.00135957
0.0972967
0.449149
-0.00628601
-0.0912775
-0.0447212
0.0605321
0.320201
0.12731
-0.0510185
0.00581663
-0.100492
0.0150702
-0.00244926
0.0016482
0.495951
0.0211741
-0.0506495
-0.295864
-0.112107
0.309382
0.169713
0.0491863
0.0114332
-0.00354288
0.070187
-0.0218236
-0.292965
-0.051634
-0.204657
-0.0508847
0.012151
0.138814
0.162416
0.00834432
-0.0381194
-0.233994
0.0977419
0.214151
0.165147
-0.00428504
-0.0872044
-0.228693
-0.230767
-0.00620733
0.0871328
0.168079
-0.0946296
-0.117575
0.0719893
0.183265
0.132655
0.147447
-0.199911
-0.0852152
-0.0912157
-0.0371502
-0.0085932
0.119137
-0.13082
-0.12435
-0.00698739
0.109365
-0.102238
-0.0562145
0.305714
-0.192821
0.069805
-0.113183
-0.125899
0.10897
0.170615
0.404544
0.358212
-0.0273768
-0.09483
0.0616375
0.0831346
0.375587
0.125875
0.023384
-0.0244309
0.032303
0.0125287
0.21048
-0.301004
0.00130831
0.053424
0.119609
0.0990003
0.0677961
-0.305043
0.294892
0.0517153
-0.0268039
0.0866344
0.479447
-0.038437
-0.00720868
-0.291922
-0.323965
-0.194522
0.210252
0.298794
-0.150397
-0.1221
-0.378453
0.515123
-0.109701
-0.211023
0.184371
0.0847848
-0.414266
-0.0670201
-0.149227
-0.0419462
-0.00533622
0.136519
-0.036363
0.151503
-0.11416
-0.101638
-0.03259
-0.166438
0.0215471
-0.00388663
-0.15788
-0.0598404
0.029243
-0.176072
-0.232187
-0.283129
0.0778572
0.0201527
-0.248215
0.072006
0.0864062
-0.269453
0.100579
0.134716
0.0295527
-0.0445049
-0.0462134
-0.094684
-0.0744864
-0.145652
-0.188914
0.129823
-0.132147
-0.114902
-0.0298327
-0.11789
-0.117605
-0.0487328
-0.308043
0.0796706
0.342862
0.23592
-0.194956
0.137413
-0.197225
-0.102212
0.325875
-0.232572
-0.0560375
0.339671
-0.0736319
-0.239445
0.095683
-0.0676862
0.265343
-0.0279684
-0.0539097
0.21359
-0.130036
-0.0660939
0.12287
-0.140379
-0.0965813
0.138736
-0.0621482
-0.0305802
-0.163321
0.00426895
0.0289238
-0.160027
-0.21176
-0.11358
0.571283
0.0689193
0.0750153
-0.204161
-0.140666
0.332584
0.180955
0.362187
0.403672
0.145146
-0.00367143
0.15969
-0.165629
0.0459911
0.0745182
-0.1478
0.119739
-0.0390951
-0.35939
-0.00880221
-0.321244
-0.0492854
0.0192885
0.164376
-0.135651
-0.00554812
-0.271724
0.133844
0.0575933
-0.0256367
-0.0611178
-0.190729
0.0197344
0.0257162
0.0221585
-0.0487473
0.261854
0.29265
-0.141942
-0.011463
-0.138996
-0.0848446
-0.0652029
-0.0726341
-0.310987
0.128695
-0.150618
0.233668
0.132777
-0.089248
0.030521
0.376453
-0.00157592
-0.154365
0.100494
-0.0422547
0.0732848
-0.0754333
0.0809464
0.381693
0.252302
0.128974
-0.273849
0.0179451
0.157764
0.0635333
-0.227214
0.00317089
-0.299408
-0.111006
0.0466778
-0.190215
-0.075318
0.267883
0.338234
-0.114382
0.172593
-0.0541057
-0.246095
-0.0636447
-0.224566
-0.190914
-0.0966249
0.0646549
0.148547
-0.141059
0.0335962
-0.267957
-0.0982088
-0.257695
-0.275911
-0.00885806
-0.0404849
0.00993194
-0.0847559
-0.0800747
-0.0906805
-0.154971
-0.204198
0.369813
0.028852
-0.197581
-0.0597148
0.181246
-0.190304
-0.0948584
0.175915
0.304481
-0.0254217
-0.319554
-0.0809683
0.0639787
-0.109372
0.228466
-0.217847
0.13336
0.121121
0.126124
0.0467878
0.041308
-0.0166832
0.0126736
0.0264483
0.0512958
0.233796
-0.0040155
0.0464706
-0.371578
0.0916977
0.0479846
0.0802454
-0.10775
-0.164834
0.163014
-0.122966
0.00828875
0.285642
-0.0379265
-0.0419429
-0.115106
0.13883
-0.079807
-0.437239
-0.220527
0.0296548
-0.0166608
0.103992
-0.108182
0.258827
-0.0653096
0.235013
-0.00377984
0.0704904
0.0271246
-0.158816
-0.150681
-0.0847676
0.118753
-0.0477749
-0.0562154
-0.0524857
0.217146
-0.135555
-0.0532761
0.107759
0.293237
-0.162416
-0.222756
-0.125081
0.0585111
-0.0259535
0.0474552
-0.228718
0.107152
-0.0700729
0.173374
-0.110859
0.00436879
-0.0624625
0.113411
-0.181539
0.0557893
-0.0391133
-0.0165326
0.0435973
-0.0420001
-0.374563
0.250899
-0.0250338
0.0887374
-0.100313
-0.100345
-0.162674
0.0853166
0.163386
0.280373
0.307406
0.0209156
-0.43288
-0.187589
-0.176688
0.0590365
0.00561179
-0.0546712
-0.174143
-0.0917331
0.0472899
0.100367
-0.0719834
-0.0225391
0.149797
0.123812
0.038581
0.136916
-0.040937
-0.0418167
0.0830598
0.0496052
-0.104689
-0.205961
0.0328161
-0.0573933
0.100454
-0.0633104
-0.252817
-0.0484793
0.0807242
0.0942316
0.154163
-0.12102
-0.0634247
0.0634202
-0.128682
-0.0429499
-0.5714
0.146843
0.0885296
-0.144054
-0.0593712
0.0142527
0.183722
0.300439
-0.138999
0.0180472
0.125931
-0.224535
0.020943
-0.0807658
-0.013844
-0.310013
0.0211632
0.0320287
-0.0118707
-0.309059
-0.178709
-0.385067
-0.188257
0.345205
-0.1677
0.189007
-0.221061
0.252648
0.221567
0.00606752
0.009216
-0.116807
0.0921803
-0.110415
-0.102052
-0.089457
-0.0303169
0.0539276
0.150342
-0.168815
-0.0792115
0.0165327
0.142523
-0.049899
0.0707561
-0.385798
0.137607
0.104331
-0.230097
-0.0988316
0.141055
-0.116499
-0.024958
0.243285
0.0823608
-0.183717
0.344613
-0.238679
-0.134026
-0.0109967
-0.206168
0.186584
0.155385
0.227839
-0.146002
0.0479379
0.0643976
0.0552429
0.0373107
-0.127048
-0.123295
0.00723647
-0.118315
0.307137
-0.0669929
-0.188295
0.164475
0.204398
0.315508
0.36262
-0.279643
0.14976
-0.386547
0.011492
0.317844
-0.282037
0.00449817
-0.135902
0.0634792
0.104585
0.325139
-0.122118
-0.189884
-0.126577
-0.142927
0.280352
0.165819
-0.0801951
0.602474
-0.025286
-0.0424926
0.125672
0.0956862
0.110647
0.205601
0.248642
-0.0360007
0.138815
-0.219929
-0.0386337
0.150384
0.0400423
0.16466
-0.00802454
-0.0640203
-0.241358
0.321508
0.0981822
-0.109538
0.0400938
-0.181181
-0.0115658
0.0954931
0.138188
0.24036
-0.189325
-0.114061
-0.228634
-0.126955
0.170101
-0.197342
0.0156725
0.159738
0.177772
0.092174
-0.148067
-0.0390398
-0.00655742
0.177501
-0.157549
0.0746497
0.00345985
0.158445
-0.169117
0.0486744
-0.0432496
-0.131787
0.186637
-0.0946264
0.0290872
0.0950522
-0.136608
-0.0521529
0.0410452
-0.664955
-0.0232342
-0.100402
-0.250066
-0.0994696
-0.327705
-0.00157716
0.147812
-0.0795501
0.0841555
-0.263562
-0.176793
-0.0376725
0.524316
0.136896
0.135979
-0.132584
0.276278
-0.241938
0.190375
0.042655
0.0669784
0.17887
-0.18072
0.155495
0.172377
0.141986
0.0942201
0.207513
-0.0977756
-0.0791029
0.171617
0.00179204
-0.0926349
-0.0289799
-0.125694
-0.026881
0.139954
-0.192726
-0.00938594
0.232551
0.245954
0.0960248
-0.019117
-0.0419949
0.0506079
-0.0792925
-0.136284
0.206254
0.575285
0.0513388
0.154722
0.0242203
-0.0448522
-0.0128059
0.0122776
0.0891238
-0.366142
0.148209
0.627434
-0.190525
0.210295
0.259394
0.0938338
0.11599
0.194646
-0.316942
-0.00561657
0.056148
0.269928
-0.18792
-0.00334627
0.0867803
0.0986024
-0.189819
-0.185964
0.19913
-0.00686292
0.199507
0.198846
0.000891726
-0.0763641
-0.269582
0.0802917
-0.099863
0.100178
0.0246084
0.149416
-0.0828906
-0.000797916
0.34998
-0.109787
0.0231266
0.135718
-0.219653
0.0583908
0.0177019
0.0787566
-0.112409
0.107492
0.00656355
-0.10822
-0.116125
0.190181
0.372244
-0.0898356
-0.18402
0.283182
-0.168753
0.372341
0.151509
-0.0684194
-0.0743697
-0.00654267
-0.045463
0.0402895
-0.34298
0.143475
-0.0504833
-0.213464
-0.155058
-0.0150142
0.147159
0.10922
-0.363669
-0.258766
0.0840075
-0.0625733
0.0544112
-0.0995842
0.179651
-0.0974014
0.214269
0.118448
-0.161644
-0.246287
0.227179
0.240748
0.137593
0.0308508
-0.0442544
0.10765
-0.154018
-0.269676
-0.176376
0.211846
0.14243
0.163737
0.0131398
-0.0679873
0.111682
0.183043
-0.247718
-0.112549
-0.132813
-0.123513
-0.0704903
-0.361201
0.256119
-0.0150631
0.0631004
-0.0720833
-0.178595
0.105082
0.0969431
-0.145486
-0.124734
0.39081
-0.108253
-0.0717555
0.0101254
0.00400444
-0.144432
-0.0989559
0.0070588
-0.246611
0.216349
0.154828
0.352829
0.182871
0.24232
-0.314182
-0.267003
0.187001
0.347318
0.0457642
0.0307214
-0.150943
0.126829
-0.271519
-0.0770932
-0.0649632
0.264339
-0.00093727
-0.158851
0.389975
0.00232666
0.00109441
0.172546
0.0645067
-0.131772
0.282436
-0.0890309
0.257211
0.102441
-0.0621588
0.117249
-0.0759728
0.157052
-0.549581
-0.074095
-0.319179
0.394727
-0.00886647
-0.0576155
0.197176
-0.12231
-0.211858
0.0221195
-0.263711
0.460298
-0.166984
-0.00412626
-0.0658057
-0.201393
-0.145207
0.114057
-0.205134
0.0528427
0.183182
-0.0276285
0.0830358
0.243923
-0.0778715
-0.317055
0.224139
0.195609
-0.546081
0.0624872
0.222302
0.136182
0.11906
0.102554
0.0166508
-0.101799
0.183557
-0.268454
0.134298
0.235737
0.250637
0.00850249
-0.0460657
0.105735
0.181017
-0.162501
0.0155724
0.159848
0.1938
-0.027533
0.0508372
0.112657
0.252393
0.0300328
0.131677
0.231171
-0.26141
0.0994442
0.105404
-0.109282
-0.169562
0.0284422
-0.294811
0.0164195
0.114484
-0.21697
0.283153
-0.0235789
-0.0800145
0.0357305
-0.00502114
-0.14845
0.0635927
-0.109502
-0.0607159
0.283629
0.0866291
-0.128252
-0.0476677
0.21002
0.0626106
0.00942702
0.157945
0.134702
0.0329633
-0.00649363
0.266389
0.00867037
-0.0879115
0.323227
-0.0802005
0.0687532
-0.0476255
0.276927
0.21622
-0.00163357
0.262907
-0.0811998
-0.0488654
0.584237
0.30562
-0.176815
0.157003
0.361387
0.135986
-0.103838
0.102289
-0.00483456
-0.0773745
-0.170896
0.0101196
-0.0795692
-0.0358048
-0.0594316
-0.294676
0.226339
0.0616497
0.110367
-0.108598
-0.0199567
0.225031
0.0238412
0.165888
0.327524
0.0540533
-0.196156
-0.0145347
0.0555365
0.0764984
0.196342
-0.0950043
-0.110288
0.0423484
-0.184809
-0.0392313
0.233674
0.121093
-0.020468
0.118814
0.113069
0.337107
0.236365
-0.0972804
-0.0754488
0.0999403
-0.23716
-0.210138
0.283752
0.102384
0.263312
-0.00325674
-0.12686
-0.119001
0.463072
-0.0641469
0.158347
0.0652738
-0.00235292
-0.166993
-0.0122153
-0.0198722
-0.164786
-0.345304
0.120275
0.0950407
-0.0740001
-0.108788
-0.306088
0.222085
-0.0318073
-0.0712963
0.0355864
-0.0539661
0.0829577
-0.247012
-0.0803484
0.0199291
-0.0254027
0.141548
0.102675
0.110625
-0.111598
0.0136671
-0.0113145
-0.070894
0.454492
-0.210344
0.256224
0.0727946
0.151447
0.135962
0.0265498
0.218283
0.390389
0.101136
0.070545
-0.0555445
0.096615
0.171807
-0.41213
-0.0961033
-0.0681767
-0.0204114
0.26801
-0.203691
0.0312822
-0.21351
-0.257765
0.140427
-0.0844957
-0.278945
0.519935
-0.346088
0.0343356
0.263133
0.326418
-0.312758
-0.150707
0.397452
-0.0544497
0.116242
0.00976529
-0.195078
-0.21563
0.232757
0.000204421
-0.440791
0.061407
-0.106875
-0.0630322
0.0353652
-0.262963
-0.279903
0.13956
-0.0280342
0.0333945
-0.103911
0.0996799
-0.208928
-0.184319
-0.172083
-0.0568187
0.0571714
-0.0439436
0.0145872
-0.0552183
-0.185188
-0.0826283
0.170693
0.183608
0.120161
0.010583
0.0654382
-0.351336
-0.333703
0.0906415
-0.292917
-0.121622
-0.0869804
-0.0287011
0.286162
0.065246
0.238222
-0.189077
-0.0817
0.0577568
0.25841
0.0828753
0.196818
-0.127547
-0.0177564
0.0552521
-0.0559432
0.0872616
0.032651
0.227594
0.309607
-0.0832622
0.0600992
0.0255211
-0.274293
0.00473472
-0.23772
-0.0120359
0.198369
-0.613731
0.149322
0.122937
0.0382291
-0.191514
0.437066
0.132741
0.253465
-0.0386816
-0.00709805
0.125384
-0.217382
0.237978
0.0900321
0.00344456
-0.0157684
0.342532
0.0991943
-0.0997158
-0.063241
-0.414255
0.0235285
-0.212228
0.313978
0.0430815
0.22227
0.106686
-0.337837
-0.20562
-0.127771
-0.00200148
-0.125818
0.31226
-0.0385342
-0.118018
0.199033
-0.103879
-0.0662074
0.116382
-0.0470291
-0.162815
0.129335
-0.134397
-0.055637
0.131629
-0.0508554
0.172116
-0.360526
0.00751878
-0.0755921
-0.0742889
0.0155602
-0.0280333
-0.0902547
0.0897993
-0.115287
0.311167
0.0713086
0.289439
0.00278999
-0.164691
0.225626
0.0598364
-0.275256
0.182825
0.286824
0.192897
0.272316
0.0894976
0.18208
-0.102413
-0.0472538
0.085628
0.10638
0.259584
-0.0596695
-0.00949691
-0.18486
0.329341
0.167711
0.0792009
-0.0987753
-0.019287
0.200427
0.0104254
-0.260787
0.0715985
-0.0969083
0.05029
0.1994
-0.124895
0.184323
0.248275
-0.387074
0.274426
-0.0970325
0.141786
0.135564
0.0797057
0.0872132
0.325064
0.452812
0.264588
-0.0857936
-0.11274
0.294501
0.056226
-0.240135
0.095801
0.239043
-0.100845
0.438156
0.00677783
0.0124207
0.0363954
-0.191005
0.0767495
0.0553417
0.0689414
-0.199428
0.221308
-0.0728492
-0.0994052
-0.170415
-0.0122606
0.017109
0.0471259
-0.404567
0.185334
0.0120653
0.171078
-0.058359
-0.076149
-0.236412
-0.277774
-0.430767
-0.043431
0.0607271
-0.162553
0.259868
-0.106296
0.0526164
-0.0183025
0.0473975
-0.280473
0.106142
0.100348
-0.114243
-0.057039
0.202184
-0.210889
0.227784
0.487768
0.0178401
0.0209343
-0.0239707
0.347076
0.086994
-0.101317
0.0733582
0.177771
-0.178116
-0.164936
-0.220195
0.100245
0.0662206
0.178316
-0.10765
0.158112
0.0692474
0.0501256
-0.0468345
0.129553
-0.183075
0.274027
0.146386
0.0350806
0.107725
-0.183359
-0.262044
0.156489
0.261032
-0.0196153
-0.272137
0.0296236
-0.114831
-0.139272
-0.472836
0.0271622
-0.235662
0.142381
0.0614077
-0.261381
-0.32291
