29.7225
30.2534
30.0005
30.0999
30.1963
29.9943
30.0517
29.821
30.0932
30.1714
29.7691
29.9594
30.0377
30.0783
29.9351
30.2562
29.6881
30.1198
29.7127
30.1142
30.2264
30.3014
30.2335
29.7115
30.0217
29.7686
30.4462
30.1267
29.8247
30.082
30.1309
29.9193
30.0583
29.8939
29.9701
30.0237
30.302
29.9375
30.3246
30.1462
29.893
30.2393
30.2765
30.2091
30.272
30.1877
29.381
29.7504
30.068
29.6941
30.0357
29.7103
30.0907
30.3081
29.8718
29.8262
29.9818
30.1105
30.0508
30.2135
29.9892
30.402
30.6373
30.1302
30.2991
29.8631
30.0195
30.0022
30.0494
30.2937
29.891
29.6692
30.3762
30.6018
29.9655
29.7954
30.0499
29.8986
30.2913
30.0197
29.7625
30.1353
29.9219
29.7235
29.9788
30.4062
30.0402
29.6829
29.9792
29.4321
29.921
29.7831
29.8951
29.9823
29.7859
29.607
30.1655
30.2897
30.045
29.4293
30.272
29.8329
30.3263
29.9495
30.2413
30.0621
29.9125
30.3433
29.8064
29.9384
29.9789
30.336
30.1416
30.0126
29.8592
30.3114
29.9031
29.6028
30.0248
30.1516
29.8725
30.4568
29.5576
29.8814
29.6744
29.9362
29.6584
30.3689
30.1431
30.1319
30.5703
30.0911
30.1899
29.9566
30.066
30.346
30.2408
30.296
30.4407
29.7318
30.0272
29.7248
30.3005
29.697
29.7756
29.9908
30.4675
30.0258
29.9963
30.2386
29.4462
29.6515
29.9493
30.0201
29.7411
30.6871
30.5257
29.8201
29.89
30.1694
29.7735
29.4842
30.0125
30.0459
29.8363
29.4255
29.8369
30.4968
30.2209
29.9054
29.9618
30.078
30.1949
29.9739
29.6956
29.7418
29.7978
29.9915
29.8841
30.2896
29.9425
30.2515
29.9032
29.8831
30.0506
30.3927
30.021
29.5976
29.7435
30.4393
29.9435
29.8729
30.1375
29.7143
30.1244
30.2745
29.9455
30.1099
29.5106
30.3261
30.3056
30.0556
30.1646
30.0228
30.289
30.174
30.1441
30.1926
29.8708
29.6736
29.9161
30.0837
29.8535
29.7232
30.4653
29.7037
30.3227
30.343
30.3762
30.0849
29.5094
29.6751
29.455
29.7763
30.1837
29.8953
30.3036
30.1445
29.6774
29.9042
30.1567
30.1516
30.0856
30.4786
30.0753
29.9421
30.5944
29.9771
30.4982
29.9499
30.2906
29.4708
29.9782
29.8777
29.6365
30.4633
29.7886
30.4129
29.8589
29.6305
29.7316
30.3282
30.3734
29.5088
30.0972
29.7879
30.1958
29.9118
30.001
29.8526
30.012
29.8068
29.8549
30.2187
29.9287
29.8835
30.0735
30.0049
30.0403
29.832
30.152
29.4559
30.2144
29.8929
30.0199
29.6641
29.9604
30.3578
30.1251
30.1147
30.2001
29.8654
29.9059
30.0507
30.092
29.9865
30.0872
29.9083
29.9196
30.1664
30.0425
30.2019
30.0101
30.2079
29.9282
29.8058
29.5597
29.93
29.5176
30.1117
29.8942
29.919
30.1629
30.0806
30.4035
30.4629
30.1401
30.087
29.597
29.7743
30.2079
29.9748
30.4027
29.9931
30.0603
29.8853
30.0479
30.3857
29.8146
30.4858
29.694
29.8772
29.892
29.9062
30.2563
30.1726
30.5263
30.0071
30.3438
29.8981
30.5033
30.1525
29.8141
29.9413
30.0397
30.2972
29.775
30.4955
29.8495
29.6667
29.2839
30.2748
29.8557
29.9664
29.7649
30.3017
30.1667
30.0001
29.9405
29.5306
30.0135
30.4011
30.056
30.0283
30.2601
29.7
29.9951
30.0993
29.6599
30.2204
30.2225
30.3002
30.0283
29.4109
29.5752
30.2857
29.6601
30.3246
29.7355
29.9201
29.9258
30.4587
30.6522
29.769
30.2098
30.0219
30.1481
29.6391
30.1258
30.0595
29.9822
30.0718
29.7916
30.122
29.6774
30.2416
30.0918
30.266
30.3912
29.9541
29.8381
30.1936
30.0182
29.862
30.2129
30.3292
29.8614
30.2697
29.6392
29.8704
29.944
29.8889
29.1903
30.1382
29.9252
29.948
29.9896
30.1671
29.7469
30.5969
30.1012
30.3255
29.9369
30.0677
30.3193
30.058
30.2861
29.84
30.014
30.27
30.3212
30.0125
30.4099
29.7447
29.9668
30.5073
29.6739
30.1288
30.1362
29.879
30.2512
30.0387
29.6744
29.4005
30.3996
30.1245
30.1156
29.8504
30.0061
29.67
29.7438
30.2853
29.8133
30.3849
29.7361
30.1871
29.8053
29.6816
30.2054
30.1524
30.2747
29.5574
30.0845
29.8057
30.0605
29.8487
30.673
30.1137
30.4686
30.0025
29.8701
30.1265
30.1306
30.1594
30.0771
29.8764
29.7979
29.421
30.2178
29.5513
29.9646
30.0849
29.6716
30.2288
30.2157
29.6608
30.1659
30.4387
29.5944
30.0629
30.249
29.9619
29.8188
30.2385
29.9827
29.7948
29.8982
30.2406
29.9165
30.4137
30.0055
30.0339
29.3543
29.662
29.8669
30.2732
30.0274
30.2359
30.3425
29.9673
29.9377
30.3531
29.9673
30
29.9186
29.838
29.8597
30.1751
30.0826
30.0465
29.358
30.134
30.1415
30.1495
30.1211
29.7495
30.257
30.2251
30.0166
29.7623
29.9225
30.18
30.2088
30.0453
30.1734
29.8665
29.7257
29.6295
30.0992
29.8492
30.0382
29.8592
30.0104
30.1892
29.8433
29.9655
30.1279
29.9592
29.5835
29.3986
30.0782
30.1842
29.7697
30.1492
30.3271
30.0437
30.0717
29.9114
29.9175
30.1552
29.9544
29.9709
29.9691
30.0891
30.5153
30.0397
30.1593
30.499
30.1618
29.871
30.666
30.1007
29.9738
29.8381
29.9403
29.5614
29.7096
29.7062
30.3072
29.6728
30.2693
30.4947
30.2209
29.9376
30.0213
29.7971
29.7901
29.6065
30.0462
29.6918
29.5164
30.2476
30.4454
30.0616
30.2416
30.4077
30.2939
30.0406
29.8079
30.127
29.8883
30.2141
29.3899
30.0421
30.0279
29.7193
30.1651
30.1324
30.3548
29.6499
29.4938
29.942
30.15
29.8809
29.734
29.8492
30.2106
30.2188
29.9438
30.0582
29.8431
29.903
29.6985
30.0354
29.7723
30.4058
29.8038
29.9398
30.101
30.0758
30.1204
29.7875
29.7341
29.9878
30.1353
30.3657
29.5986
30.2414
30.4141
30.6555
30.1546
30.1179
30.4259
29.6839
29.7732
30.4043
29.4426
29.799
29.6578
29.9023
30.4424
30.0182
30.222
29.8891
30.4088
30.0618
30.0334
29.8242
29.6848
30.2031
29.6516
30.2918
29.8226
29.8181
30.1456
29.3143
30.3941
30.0974
29.5044
30.1524
30.2402
29.6541
30.3682
30.3195
30.0434
29.8484
30.1025
30.2637
29.7967
29.7572
29.8755
30.0228
29.4888
29.9794
30.2428
29.7772
30.3708
30.1194
29.8683
29.8947
29.9055
29.9591
30.3241
30.0457
30.0532
29.8692
29.343
29.9139
29.7975
30.0945
30.0048
29.9685
29.7676
29.9459
30.2305
30.1045
30.0217
30.4086
30.1466
29.8627
30.5647
30.0316
30.4126
30.6744
29.8729
30.3016
30.2871
29.8868
29.9039
30.5013
30.0266
29.8823
30.1212
30.1982
29.9198
30.587
29.4919
29.9069
29.9422
29.6479
30.6429
29.6986
29.7455
29.8882
30.0974
29.3204
29.9709
29.9903
30.4325
30.1277
29.9107
30.0275
30.2349
30.0857
30.1734
30.107
30.0284
29.8082
29.8891
30.562
30.0396
29.7797
29.8608
30.1739
30.3942
29.9351
30.1781
29.8503
30.1563
30.3295
30.0917
30.1347
29.7689
29.7989
30.005
29.6905
30.3302
30.3508
30.1395
29.9524
29.8722
30.3914
29.9723
29.7544
29.7862
29.9249
30.2407
30.0651
29.7213
30.1792
29.8754
30.1301
30.2921
30.1994
29.3347
30.1316
29.6359
30.4825
30.2056
30.4074
30.1948
29.8128
29.9871
30.2217
29.9831
29.8448
29.9599
29.9504
30.0968
29.8634
30.1647
30.2978
30.1635
30.0324
30.0937
29.7065
30.3386
29.7565
29.9579
30.2776
29.5978
29.7448
30.2991
29.9568
30.2293
30.1903
30.141
30.3988
30.4628
29.6375
30.3175
29.593
29.9575
29.5235
30.1752
29.6074
30.2127
29.9261
29.7423
30.0033
29.62
29.4986
29.8404
30.0801
29.9968
29.9626
29.8888
30.292
30.0269
29.9183
30.1342
30.252
29.9992
30.1932
29.952
30.0122
29.9296
30.8191
30.1154
30.0828
29.9253
30.1351
30.2605
30.253
30.1755
30.1418
30.2242
30.139
30.1597
29.9652
29.9834
29.8708
30.0228
29.8386
30.324
29.9701
29.7129
29.9477
29.496
30.0313
29.7397
30.2698
29.7851
29.7542
30.2633
29.9411
30.0012
29.91
30.3225
29.5994
29.8706
30.0518
29.848
30.437
30.4236
29.7021
29.935
29.9438
29.61
29.6819
30.1596
30.1069
30.3951
29.7528
30.4396
30.026
29.6991
30.3566
30.0209
30.0842
29.9677
30.2019
29.9304
30.2203
29.8188
30.5221
30.0828
29.645
29.8401
29.947
29.9723
29.7529
30.1272
29.7664
30.1513
29.8687
29.7031
30.228
29.7716
30.0115
30.032
29.9505
30.1832
29.9228
30.1007
29.3867
29.7064
29.992
29.7204
30.0474
29.7254
30.1447
29.7079
30.1958
29.4965
30.0496
29.859
30.0359
29.8275
29.7085
29.9291
29.5672
29.7087
29.8261
29.4035
29.7151
30.1319
30.1817
30.076
29.7556
30.0127
30.4945
29.869
30.1525
29.6379
30.2541
30.2063
29.7691
29.4677
30.2915
30.0006
30.322
29.9257
30.0585
30.1693
30.3531
29.6606
29.9476
30.1115
29.5921
29.8027
29.8669
30.1797
29.4431
30.024
30.0373
30.457
29.9296
30.3893
30.0042
29.9024
30.2236
30.1218
30.3872
29.7751
29.8467
30.0321
29.8915
30.1907
30.5161
29.9333
29.709
30.1562
30.4448
30.1638
29.608
30.4046
30.0802
29.8187
29.6856
30.184
30.0206
30.0177
30.0651
30.0309
30.2258
29.9441
29.6638
30.1234
29.8993
30.0363
29.6079
30.6887
29.7435
30.0352
30.0434
29.513
30.0608
29.832
29.8733
29.9615
29.7637
30.4228
29.7327
30.1185
29.6593
29.7123
29.713
29.8859
30.0615
29.5108
30.2562
29.7261
29.8995
30.1636
29.6555
30.0723
30.2229
29.8133
30.2631
30.3205
29.8855
30.0039
29.8957
30.0974
29.8738
29.8767
29.6329
30.1047
29.8759
30.2036
30.036
29.8502
29.899
30.0777
29.748
29.9195
30.0711
30.1934
30.2671
30.423
29.7614
29.7159
29.8405
30.0026
29.7148
30.2332
29.8175
30.2712
29.3027
30.2654
29.4604
29.7492
29.8352
30.1182
30.2234
30.0198
30.1111
30.1455
30.3701
29.6855
29.767
29.8322
30.4123
29.8087
30.261
30.1862
29.899
29.7473
30.0417
30.2339
30.1423
30.5851
30.0044
30.3567
29.6388
30.3105
29.7711
30.0425
29.9911
29.9064
29.5744
29.9976
30.2661
30.1441
29.2683
29.8338
30.1003
29.5232
30.3901
29.9887
30.121
30.0849
29.7367
29.8423
29.8437
30.1007
30.173
29.7802
29.5694
30.3732
29.7897
29.8114
29.8082
29.7415
29.3702
29.7071
29.6346
30.0448
30.4073
29.4454
29.7454
30.0294
29.9549
30.5898
30.2097
29.834
29.6732
30.3276
29.9227
29.8104
29.7874
30.0807
29.8122
30.2333
30.264
30.2109
29.9298
30.2159
29.9144
30.0922
29.4462
29.7502
29.5368
29.3301
29.3231
29.8351
30.3954
30.3563
29.7765
29.9975
29.8562
30.2297
30.2332
29.9463
30.5118
29.7407
30.3639
30.1991
29.8272
29.9427
29.9142
30.3818
30.3241
30.1006
30.2121
29.8646
29.5276
29.8334
29.8478
29.5992
29.9
30.2009
30.083
29.6795
30.0989
29.8249
30.3133
30.2945
29.596
29.7794
30.4778
30.4681
30.2865
29.8895
29.6971
30.2007
30.2336
30.5299
30.1877
30.0326
30.1627
30.2999
30.2166
29.8184
29.7624
29.9243
30.5309
29.9876
29.6698
29.5517
30.3048
30.2368
29.988
30.3392
29.9665
30.0218
29.7647
30.047
30.2962
29.9064
29.9722
30.0814
30.1869
30.1124
29.6135
29.9835
30.2854
29.9997
30.0419
30.4078
29.7499
29.3811
30.3452
29.7797
29.9992
29.7217
30.0293
30.7183
30.1945
29.9702
29.8335
30.085
30.3775
29.9782
30.1386
29.7683
29.7974
30.142
30.3567
29.9137
30.1571
29.5994
29.9231
30.2409
29.8164
30.248
29.8822
30.4224
30.0193
30.1295
30.001
29.9286
30.4046
29.6649
30.273
30.399
29.6591
30.1306
29.8991
29.8928
30.0951
29.8785
29.9006
30.1595
30.0445
29.8999
30.0404
29.8257
29.8628
29.9286
29.8471
30.1168
29.9141
29.974
30.1788
30.1561
29.5368
30.0134
30.1673
29.8089
30.125
30.1388
30.0777
30.0979
30.2959
30.1483
29.6454
30.0886
30.436
30.3115
30.2151
29.8862
29.9836
29.9378
29.9024
30.3264
30.2036
29.8947
30.1704
30.3138
29.8973
29.6628
30.0057
30.1423
29.7966
30.4061
29.7944
29.7023
29.8692
30.2147
29.8902
30.229
29.7881
30.3638
30.5185
29.831
30.373
30.0779
29.5718
29.8899
29.9592
30.024
29.7859
30.295
29.8413
30.3741
30.0814
29.9277
30.0119
30.2032
29.4491
30.2188
29.9943
29.9449
30.2687
29.8021
30.3363
29.5949
30.1223
30.2814
29.9617
30.1168
29.9153
30.4529
30.348
30.3966
30.5449
30.2235
29.7992
29.9867
29.8897
30.0245
30.2549
29.7899
30.4098
30.0674
29.9231
30.1898
29.9546
29.9653
30.0885
29.5661
30.0378
30.0594
29.7737
29.9911
29.5699
29.9058
29.8446
30.105
30.3872
29.6981
30.1429
30.4024
30.0255
30.5009
30.0683
30.1119
29.8265
29.7611
29.64
29.8257
30.2111
30.0639
29.9152
30.0348
30.6564
30.1269
30.1397
30.0526
30.235
30.1909
30.1608
29.9607
29.9404
30.4066
30.0946
30.2346
29.8975
29.3295
30.0542
29.8515
30.0473
30.1784
29.5271
29.9996
29.823
30.4354
29.8017
30.1311
30.1632
29.6404
29.8387
30.5394
30.163
30.1108
30.1102
29.8334
30.0024
30.0894
30.0309
30.0035
29.7991
29.7893
30.478
29.9873
29.7642
29.7437
30.4149
30.0601
30.2632
29.9716
30.5189
29.9102
30.3531
30.2161
30.1753
29.8247
30.3951
29.7903
30.0038
29.6752
29.8533
30.0169
29.9145
29.627
29.9376
29.8197
29.8009
29.7595
30.3751
29.9169
29.9623
30.36
30.3852
29.8889
30.3921
30.2575
30.1839
30.0414
30.0139
29.9927
30.6621
29.3664
29.6282
30.2092
30.1601
30.1534
29.9204
29.9866
29.8154
29.6899
29.9954
30.4169
30.0953
29.7814
30.1499
29.9202
30.1802
30.1996
29.6482
30.3825
29.9568
30.4224
29.8899
29.8505
29.3464
29.9203
29.9706
30.2343
29.8133
29.9519
29.6016
30.2277
30.1111
30.0149
29.9905
29.9697
29.974
30.0341
29.9638
29.3997
29.9929
29.958
29.9672
30.1965
30.1207
29.821
30.1652
30.3636
30.1729
30.642
29.8831
29.8093
30.2207
30.1475
30.1045
29.8587
29.7275
30.2517
30.0698
29.9665
30.1173
30.0465
30.1623
29.8331
30.2669
30.1734
30.1166
30.1502
30.4516
30.4963
29.9693
29.8648
30.0699
29.76
29.5556
29.6291
29.8138
30.4207
29.9481
30.2554
29.5701
29.9513
30.3991
30.3285
30.2096
29.9453
30.2502
29.9638
30.1783
30.4657
30.1994
30.1371
30.3968
30.688
30.3349
30.5267
30.0846
30.0359
30.2464
29.998
29.723
29.9309
30.164
29.8754
30.2177
30.1701
29.9897
29.8295
29.9528
29.4976
30.1258
30.2189
30.2166
30.2458
30.3401
29.8907
30.7759
30.175
30.4427
30.0962
29.7574
30.1763
30.4345
29.8314
29.6517
30.3226
29.8752
30.0236
30.0674
30.1277
30.1827
29.9382
29.8311
30.3889
30.2429
30.0687
29.7492
30.0521
29.5973
29.8353
29.6784
30.0123
30.2824
30.1097
30.2303
29.8955
29.4554
30.0351
30.0332
29.666
30.1271
30.2694
30.0972
30.4159
29.7473
30.0991
29.8726
30.3218
30.2303
30.0944
29.8342
29.889
30.3384
30.0423
30.1029
29.8357
29.9398
29.9448
30.4016
30.1757
29.6929
30.0109
30.0635
30.3488
29.7496
29.6438
29.692
30.2503
30.3211
29.79
29.3992
30.1364
30.5157
30.0447
29.9627
29.8827
29.7959
29.6972
30.1133
29.8168
30.0388
30.2788
30.3591
29.9598
30.4985
30.0039
29.9706
30.1274
29.7973
29.6769
29.7363
30.7045
29.7214
30.4483
30.3997
29.9163
29.9438
29.9526
29.7489
29.827
30.0127
29.7633
29.9525
30.003
30.1944
29.9299
29.7772
29.9069
30.2952
30.0944
30.3629
30.5582
29.8621
30.1747
30.1753
29.8405
29.9691
30.0138
29.6635
29.6493
30.5432
30.1225
30.163
30.0987
30.0135
30.0466
29.3048
29.8524
29.3375
30.0469
30.0679
30.6169
30.1913
29.8586
30.1886
29.9512
30.0124
30.1113
30.1067
30.218
30.0133
29.6666
29.84
29.954
30.241
29.7536
30.0744
30.1777
30.043
29.7363
29.6938
30.5078
29.4607
29.8625
30.0433
30.1365
29.6934
30.2476
30.3322
29.6984
29.7483
29.6877
30.0033
30.5323
30.329
30.1103
29.6621
30.1468
30.0442
30.2606
29.7375
29.9616
30.0009
29.7765
30.2771
30.0177
29.6959
29.8467
29.9933
29.8955
29.6586
29.8056
30.2851
30.3576
30.2253
29.8178
29.995
30.178
29.5304
29.8809
30.0766
29.8984
29.7524
30.1265
30.3236
29.8346
29.9761
30.3623
30.175
30.2793
30.0555
30.3032
29.8806
29.9182
30.2221
30.3382
30.0114
30.3012
30.2547
30.0607
29.9009
29.6417
29.5637
30.2415
30.1871
30.3895
30.101
30.1569
30.0177
30.2141
30.0668
29.9761
30.1145
30.1062
29.9247
29.7963
30.4175
29.7204
30.138
29.739
29.9395
29.9009
30.0587
30.1747
29.6876
29.8737
30.0204
30.1112
30.0288
29.7601
30.1754
29.6309
30.1789
30.1111
30.4351
29.4432
30.1565
30.2255
30.0227
30.2931
29.7912
29.9337
29.9606
29.8832
29.7294
30.0016
30.2282
30.1376
30.047
30.1355
29.8084
30.1568
29.9465
30.3457
30.1258
30.1827
29.7305
29.5898
29.7967
29.9055
30.0629
30.0428
30.5177
30.3326
30.3442
30.2684
29.9107
29.7082
29.9869
29.9619
30.4838
30.1461
29.8024
29.8946
29.5883
30.1179
29.9007
29.9695
29.7028
29.6814
30.0052
30.0307
29.7513
29.2951
30.0021
30.2026
30.2249
30.1089
30.3238
29.9929
29.9105
29.6665
29.8651
29.9257
30.0175
30.0379
29.9324
29.7866
30.0793
30.1521
30.0463
30.1179
29.8833
29.6908
29.8296
29.9255
29.8066
30.1084
29.9423
29.6269
29.8434
30.2933
29.9064
30.1471
30.377
29.6056
29.6749
29.6135
30.3671
29.6867
30.1541
29.9636
29.7205
29.4477
29.8779
29.9758
30.2457
29.8099
29.8955
30.2927
29.9307
29.9966
30.0924
30.2781
30.4468
29.935
29.8728
30.1247
30.0257
29.9551
30.2039
29.9855
30.2484
30.1128
29.4859
29.6887
30.0987
29.762
30.0733
30.0275
29.9859
30.4981
30.1882
29.5122
30.2519
30.1306
30.2894
29.8905
30.4187
29.858
30.031
30.2013
30.3394
29.9713
30.112
29.9596
29.5733
30.2966
29.5798
30.2208
29.6752
29.8276
29.5653
30.0092
30.0775
29.9569
29.5341
30.3813
29.739
30.0936
29.8623
29.6851
29.6129
30.0522
30.0773
29.672
30.4501
30.3297
29.9328
29.6776
29.9215
29.8738
29.8577
29.9949
29.9861
30.5043
30.2709
30.0087
29.9027
30.153
29.5972
29.8656
29.8923
30.2569
29.9451
30.4094
30.418
29.523
30.1654
29.9806
29.998
29.8742
30.3312
30.042
29.6972
30.0954
30.5701
29.8091
29.9578
30.5282
29.7707
29.7664
30.0455
29.7695
30.1832
29.6746
30.0218
29.7406
30.2291
29.703
29.8636
30.289
29.9175
30.0547
29.7757
30.1026
30.0638
30.077
29.5032
30.4631
29.8226
30.157
30.1545
30.0654
29.9362
30.4791
30.1852
29.5268
30.2188
29.6745
30.15
29.7013
30.0206
29.8313
29.9183
30.289
29.9581
29.8517
30.0125
29.9136
29.7648
29.5758
29.7412
30.3186
29.7765
29.563
29.9858
29.8267
29.9836
30.1199
30.1566
29.7793
29.7753
30.3282
30.1518
29.8491
30.2676
30.075
30.1683
29.8518
30.4174
29.8432
30.1585
29.8082
30.3154
29.9031
30.1717
30.3712
29.7624
30.2076
29.846
30.3295
29.9825
30.0829
29.8824
29.5366
30.3914
29.9428
30.1318
29.9315
30.1679
30.1572
29.9488
30.0375
29.4364
29.5538
30.4633
29.4061
30.2399
29.9844
29.607
29.9447
29.9596
30.0736
30.2237
30.2558
29.7891
30.17
29.8285
30.272
29.9718
30.4772
30.1569
30.1038
29.9191
29.9731
29.9577
30.4603
29.7048
29.696
30.3405
30.1088
29.5153
30.2796
30.0117
29.81
29.7412
29.9693
30.5037
30.0487
29.832
30.1036
30.2191
30.2682
30.7575
30.2676
29.8482
29.7184
30.1954
29.4421
29.5052
30.172
29.9072
29.7239
30.217
29.9925
29.9731
29.8958
30.3699
30.0543
29.6443
29.7977
30.211
30.064
30.1541
29.6464
30.043
30.0008
30.2646
30.2621
29.8641
29.9386
30.7005
30.2439
30.103
29.9866
29.9528
29.9026
29.9435
30.0099
30.1133
29.833
30.3224
30.2818
30.0722
30.3623
29.9065
29.8014
29.9593
29.8407
30.1315
29.8434
30.0161
30.1987
30.3334
30.3573
29.8315
29.7183
29.7945
29.6169
29.9763
30.0992
29.7407
30.3472
29.7536
29.7136
30.1732
30.4526
29.6602
30.1855
29.9062
29.9965
29.4453
29.7089
30.119
30.1221
30.4278
29.8125
29.814
29.5028
30.0762
29.9348
30.2436
29.9818
30.5925
30.0295
30.0235
30.1275
29.7429
29.882
30.0364
30.0774
30.3556
29.7948
30.0505
29.9925
30.3279
29.587
29.8671
30.174
29.6335
30.2242
29.8693
29.9166
30.128
29.8201
30.0176
29.8807
29.8524
29.8179
30.0164
30.2088
29.9952
30.2518
29.7959
29.6884
30.0711
29.6962
30.0217
30.2319
30.0053
29.9993
30.1862
30.228
29.7759
30.1694
29.8023
30.1541
30.0204
30.2329
29.4826
30.0808
30.6065
29.9067
30.0425
29.9565
29.9685
30.0292
30.334
29.7994
30.137
30.0887
29.8129
30.1765
29.9689
29.6808
30.1771
30.4684
29.9827
30.0693
30.3092
30.2946
30.2411
29.9679
30.0602
29.7769
29.7357
30.1741
30.1183
29.8808
30.088
30.0553
30.0964
30.1603
30.1973
30.0769
29.9813
29.989
30.1591
29.536
29.7997
30.0909
29.6908
30.5903
29.9495
30.3442
29.7567
29.835
29.751
30.0586
30.1556
29.8434
29.667
30.6147
30.0693
30.1192
30.4681
30.2155
30.2866
29.5755
30.0883
30.5593
30.2885
29.7695
29.949
30.1131
29.7212
30.1053
30.3031
29.9549
30.1797
29.9353
30.1257
30.1026
29.759
29.9634
29.7727
29.8731
30.0733
29.9083
29.7711
29.9668
30.1853
30.0332
30.6007
30.279
30.4567
29.9994
29.6334
29.8145
30.0533
30.1692
29.9389
29.8661
30.4037
30.2577
29.6276
30.1925
30.1409
29.8902
30.4942
30.2058
29.9243
29.8278
29.7076
30.3169
29.8102
29.7899
29.9851
29.7214
30.0742
29.8501
30.1693
30.1012
29.6645
30.1813
29.9047
30.3299
30.802
30.2032
29.9372
29.7614
30.2988
30.1028
29.575
29.8509
29.7626
29.8785
30.001
29.9665
30.5331
29.9455
29.2371
30.2055
30.1845
29.8358
30.5217
29.5622
29.6744
29.5629
30.1235
29.9042
30.0639
29.785
29.8674
30.0593
30.1565
30.0452
30.1718
30.2402
29.8746
29.9571
29.8295
30.5058
29.9039
30.2025
29.6755
30.1347
29.9711
29.732
29.7724
30.0063
30.1664
29.5791
29.8684
30.1258
29.9462
30.1911
29.7065
30.2205
29.9137
30.0753
30.3689
30.4398
29.8747
29.4643
30.0552
29.8703
30.2326
30.3875
29.4071
29.9102
30.5682
29.9238
29.8249
29.9398
29.8939
29.889
29.6861
30.0857
29.7075
30.1469
29.9677
30.1934
29.9879
29.5387
30.1339
30.2656
29.9395
29.9845
30.2952
30.4463
30.2127
30.2146
29.8506
29.7312
29.9594
30.0615
30.2059
29.8191
30.0508
29.7985
30.3218
29.7716
29.8271
29.8677
29.668
30.1767
30.4889
29.8996
29.3825
29.8882
29.9541
29.7482
29.9994
29.7754
30.0233
29.5487
29.5722
30.2877
29.7696
30.0683
30.1359
30.0949
29.6501
29.9019
30.2363
29.7555
29.6054
30.1378
30.062
29.7951
29.5554
30.5552
30.0318
29.7283
29.6457
30.1151
30.5443
30.0825
30.2043
29.785
29.7872
30.378
29.9916
29.8599
30.4154
30.1302
29.9678
30.1899
30.2111
30.278
29.9752
29.8712
30.4476
30.2166
29.7195
29.496
30.2244
30.1575
29.8667
29.9835
29.8936
29.5342
29.9535
30.0282
29.8343
29.9485
29.9686
29.8067
29.8363
30.3229
29.7078
29.8689
29.5029
30.392
29.8182
29.511
30.1425
29.7458
29.8557
29.3952
29.6254
29.8156
29.941
30.0137
29.7929
29.977
30.3042
30.1813
29.9894
29.4805
29.6631
29.9295
29.9988
29.8128
29.7854
29.9564
30.1007
30.4257
29.9154
30.1459
30.1533
30.2992
29.8535
30.0634
29.9877
29.996
30.1474
29.9269
30.0493
29.6726
29.4694
30.1621
29.6908
30.3142
29.3735
30.5111
29.8498
30.1776
30.0161
30.1037
29.7918
29.8307
29.8237
29.9685
30.071
30.2459
30.1123
29.6433
30.0876
30.3126
29.7858
30.0877
29.8387
30.1191
30.1182
30.4371
30.1238
30.5439
29.7993
30.1088
30.1366
29.9325
30.0846
30.3769
30.027
30.4333
29.8543
29.8687
29.9274
30.1386
29.8125
29.9255
29.6738
30.4037
30.1176
30.0234
30.2114
29.9659
29.5584
29.8446
30.0828
30.2679
30.1853
29.7425
29.9679
30.3498
29.8388
30.5104
30.0197
29.5231
30.0104
30.0435
29.925
29.7674
30.2411
30.0171
30.0195
30.0198
29.7654
29.672
30.2016
29.5866
29.8347
30.1779
30.1554
30.2226
29.829
29.6659
29.3397
29.9301
30.0039
30.4541
30.5689
29.7381
30.4691
29.8182
30.2279
29.8964
30.0886
30.0353
29.7116
30.0269
29.7593
29.8334
29.5408
30.4432
30.0204
29.7708
29.7981
30.3713
29.9033
30.1011
29.8038
30.1
30.3753
29.9199
29.719
30.0197
30.439
30.2186
30.0335
29.8529
30.3549
29.9974
29.7196
30.4871
29.9158
30.0404
29.6075
29.5999
30.2452
29.8928
30.4364
30.222
30.5142
29.7673
29.9788
30.2416
29.9642
29.9321
30.1183
29.9564
30.1417
29.9297
30.03
30.1353
30.0369
29.669
30.1989
30.0126
29.952
29.7895
30.0981
30.2884
30.6643
30.2421
29.5353
29.8072
30.3888
30.5285
29.7891
29.9395
30.0232
30.2195
30.2275
29.9063
29.92
29.7879
30.2643
30.2292
30.0792
29.7527
30.0348
29.5693
30.3327
29.8186
30.3989
29.7111
29.52
29.7159
30.1828
30.4834
30.1456
30.0825
30.3565
30.0047
30.3394
30.1296
30.1711
30.0609
29.6539
30.0357
29.9487
29.9835
30.2985
30.1326
29.8832
30.1269
30.0144
29.8534
30.4468
30.0435
30.0003
29.9401
30.0867
29.8526
30.3293
30.1867
30.3099
30.3449
29.8615
30.2084
29.6994
30.0709
29.9354
30.1686
30.0648
30.1832
30.0211
30.2218
29.9729
30.0216
30.4186
30.0453
29.7421
29.5721
29.9757
30.1496
30.2385
30.2169
30.0431
29.677
29.9636
30.1839
30.447
29.7755
29.8383
30.1983
30.3808
29.7572
29.8039
29.4936
30.1353
30.2021
30.3372
30.3232
30.1514
30.0261
30.5464
29.6525
30.3026
30.3106
29.9203
29.9828
30.0936
29.8127
30.6608
29.9669
29.9274
30.1093
30.1981
30.4588
29.9944
30.1882
29.8757
30.1452
29.5198
30.0988
29.9598
30.3632
30.3252
30.389
30.182
30.2272
29.9354
29.6413
30.4151
29.488
30.0391
30.3317
29.5288
30.3112
30.141
30.6004
29.7816
29.8542
30.1668
30.0208
29.9031
29.9421
30.0949
30.4563
30.2831
30.1903
29.5948
30.0412
30.0923
29.6551
29.8955
29.7993
30.0925
29.875
29.8753
30.1443
29.43
29.9441
30.2373
30.1288
29.6469
29.9803
30.0255
30.4283
29.6386
29.8786
30.0155
30.511
29.696
30.1521
29.8239
30.2745
30.2748
29.8362
29.9076
30.0833
29.3993
29.8541
29.9436
30.0737
30.1392
29.499
29.8587
29.9031
30.1077
30.134
29.9167
29.6402
30.1123
29.7534
29.9654
29.9267
29.8635
30.2427
30.0004
29.839
30.2449
30.0989
30.0005
30.2708
30.0192
29.907
30.5437
29.4519
29.8206
30.2554
30.0172
30.2048
29.9839
30.3213
29.7256
30.457
30.1307
30.6007
30.4669
29.8014
30.2844
30.0702
30.0793
29.9832
30.0457
30.089
29.5386
29.9445
29.8662
29.7682
29.9513
29.9734
29.7317
30.1688
30.0287
29.8254
29.829
30.0216
30.2021
29.7012
30.0387
30.0878
30.2233
30.0466
30.2648
29.9089
29.5447
29.6358
29.5468
30.3135
29.7929
30.3308
29.7247
29.8006
30.1447
30.2898
30.0905
30.0845
29.57
29.9541
29.932
30.2408
29.5885
30.2769
30.0067
30.1138
29.8982
30.1316
29.9234
29.71
29.7299
30.1294
30.1804
30.0818
29.9623
29.5007
30.7036
29.4811
29.6801
30.1244
30.1864
30.0258
30.1252
30.3316
29.9706
30.2161
29.6909
30.2031
30.1174
29.8707
30.4097
29.9706
29.9976
29.604
30.2104
29.4824
30.0404
29.9399
29.9094
30.0149
30.046
29.8005
29.9623
29.8593
29.7889
29.613
30.0839
30.2835
29.8965
30.1668
29.8643
29.5519
30.2731
29.3417
29.6145
29.7986
30.2211
29.9445
30.1719
30.3023
30.0731
29.8997
30.0703
30.0802
30.1289
29.7473
30.1618
30.3425
30.6226
29.8124
30.283
29.8063
30.0578
29.8822
30.1465
30.1966
29.8051
30.3454
29.8753
30.0622
30.1105
30.0729
30.3367
30.4053
30.0844
29.4599
30.095
30.0498
30.2293
29.8385
29.3037
30.1488
30.2729
29.7492
30.2874
30.0587
30.1301
30.3067
30.0369
30.0653
29.6969
30.1169
30.4174
30.1589
29.8221
30.004
29.9926
30.1337
30.0059
29.9226
30.1547
29.8891
30.1864
29.3627
29.8397
29.8685
29.934
29.8315
29.5969
30.3154
30.2202
30.2394
29.6311
30.2708
29.8903
29.8393
30.2461
30.0999
30.1727
29.6629
29.73
30.0505
29.7599
29.7384
30.0049
30.2073
30.347
30.2626
30.0374
29.8132
30.0274
29.8681
30.2437
29.8719
29.711
29.7412
29.6913
29.8944
30.261
30.5547
29.9629
29.9401
30.2458
30.1454
30.2919
29.8138
29.8088
29.4548
29.3114
29.4737
29.6878
29.7139
30.4232
29.9045
29.9135
29.9664
30.1008
30.2003
30.0466
29.855
30.1246
29.5462
29.5516
30.1635
30.0631
29.5954
29.7154
29.7485
29.7104
30.1814
29.5298
30.427
30.199
29.84
30.1155
30.0825
29.8056
30.2473
29.7384
29.8246
29.8049
30.3883
29.7497
29.9849
30.2866
29.3667
29.9657
29.6761
29.7797
29.8693
30.0939
30.1862
29.5393
29.992
30.0689
29.9384
30.2863
29.8838
29.646
30.0844
29.8834
30.369
30.0385
29.9251
29.8995
29.4323
30.1629
30.0041
29.5558
30.251
29.8275
29.7052
30.0817
30.0277
30.1325
30.1545
29.9138
29.9556
29.5145
29.9624
30.3103
29.8564
30.0237
30.1045
29.7069
29.7603
29.7074
29.444
29.9809
29.7603
29.984
29.9935
29.9475
30.0674
30.0236
29.8753
29.6971
29.728
30.5332
29.6932
29.9709
30.2701
30.0479
30.3442
29.8262
30.0645
29.9141
30.1712
30.1467
30.1052
29.8303
30.3547
30.1078
30.0206
29.4844
30.2652
30.3507
30.224
30.0118
30.2879
30.3805
30.2852
29.6743
29.7384
30.2322
29.752
30.2532
29.9186
30.0362
30.179
30.054
29.7269
29.9169
30.0054
29.9558
29.9438
29.5852
29.73
30.0973
29.7475
29.7121
30.2641
30.2034
30.0744
29.9426
30.3798
29.6029
29.7967
29.6858
30.1121
29.8246
29.9356
30.4118
29.9346
30.3028
29.8262
30.096
29.8865
30.1623
30.2111
29.8132
30.3871
30.0478
30.174
30.0953
29.7972
30.197
30.3668
29.6143
29.8641
30.0628
29.9785
30.037
30.3662
30.3414
29.9579
30.0433
30.3005
30.3298
29.7721
30.3179
29.6756
30.0859
29.9595
30.3044
30.1953
30.1837
29.7122
29.9253
29.8612
30.0083
30.1187
30.4567
30.0851
30.2683
30.0789
29.7376
30.2017
29.9962
30.1221
29.9095
29.7677
29.4836
30.186
29.7937
30.0658
29.9918
29.6839
29.6519
29.6464
30.0078
29.6748
30.2519
29.5886
29.5587
30.3211
30.3144
30.142
29.8654
30.3852
30.1146
30.0857
30.0405
30.4237
30.0042
29.8533
30.5158
29.8874
30.1491
30.0283
29.8797
29.9813
30.2334
29.7051
29.8728
29.6777
30.2415
29.902
29.6413
29.936
29.9072
29.6246
30.3039
29.8356
30.0666
29.5244
30.1875
29.7206
29.7025
30.1149
29.6405
30.3135
30.1353
30.0711
30.0385
29.6326
29.93
30.262
30.0325
30.086
30.3408
30.2429
30.4587
29.9659
30.0765
29.5191
30.1773
29.8484
29.9256
29.828
29.9469
30.1394
30.0377
30.0199
29.8697
30.2024
29.9579
29.8265
29.8945
29.7606
30.005
29.7868
30.2709
30.2147
29.8117
30.5128
29.9639
29.7755
29.8838
29.9948
29.7752
29.8882
29.7964
30.2893
29.6643
29.9546
30.2897
30.2237
30.3303
30.2627
29.9784
30.2201
29.7982
30.3106
29.9062
30.2784
30.473
29.7035
29.7658
30.1209
30.3991
30.2788
30.0973
30.3624
29.9951
30.4965
30.055
30.1754
30.1482
30.3562
30.0959
30.1335
29.9681
30.2309
30.0618
29.7931
30.2057
30.0032
29.7121
30.0818
30.1811
30.4483
30.2108
30.0869
30.433
29.8635
29.9839
29.9727
29.9425
30.008
30.3377
29.455
30.0093
30.0091
30.2441
29.4273
29.9097
30.2401
29.465
30.0307
29.2257
29.4677
29.6427
30.0922
29.7965
29.8544
29.8423
30.4414
29.7433
29.573
30.2418
29.4583
29.8816
29.8319
30.3949
29.7371
29.6305
29.7291
29.792
30.3344
29.6156
29.6387
29.7576
29.9226
29.5933
30.2195
30.0534
29.948
30.2549
30.127
29.6455
29.9396
29.6453
29.9899
30.0557
29.7873
29.416
29.9911
29.6087
30.0587
30.118
30.1889
30.2597
30.2013
29.5094
29.8113
29.5717
29.9311
29.6413
30.0133
29.6393
29.9725
30.3805
29.9912
30.0022
30.2431
30.2423
30.1632
29.7998
29.9854
30.0445
30.2852
30.4409
29.8639
30.1957
29.9157
30.0602
30.1167
30.1119
29.8885
30.1061
30.0178
29.9547
30.1011
29.4087
30.641
29.9173
30.2273
30.1182
30.3527
29.7685
29.9589
29.7732
29.9488
30.4067
30.4221
30.5256
29.9594
29.8592
29.694
30.0757
30.177
29.5247
30.3328
29.7827
29.93
30.0022
30.5151
29.7325
30.1465
30.088
29.9551
29.7837
29.8201
30.0782
29.8648
30.297
29.8207
30.1966
29.9571
29.7925
29.9757
30.2511
29.5176
29.9557
29.8899
30.1159
30.1202
30.2517
29.4999
29.6917
30.2845
29.9584
29.8186
29.9434
30.2367
30.1871
30.0126
30.0945
29.704
30.2613
30.1974
29.938
30.2323
30.2657
30.0591
30.2672
30.0086
30.4957
30.2551
29.9896
30.0845
29.8842
30.243
30.1324
29.8132
29.7592
30.1134
29.692
30.226
30.3212
30.3317
29.9317
29.8342
29.9597
29.8123
30.0035
29.6321
29.7706
29.9967
30.1061
29.9487
30.0966
30.236
29.9967
30.0704
30.184
29.9414
30.3696
30.2998
29.9234
29.6644
29.9575
30.1108
30.0646
29.6828
29.7509
30.259
29.5475
29.9943
30.2095
30.5063
30.1027
29.7959
30.1729
29.9335
29.8404
29.9583
29.9302
29.644
30.1205
29.9777
30.3693
29.712
30.0473
30.115
30.4921
30.1678
29.8851
30.0855
30.0271
29.6903
30.0389
29.8455
29.9338
30.1862
29.9728
29.6458
30.1143
30.3175
29.8549
29.906
29.6085
30.6277
29.4852
29.7821
29.6361
30.1332
30.2449
29.8387
29.9901
30.0757
30.1217
29.7715
29.4791
29.958
29.9268
29.994
29.6902
29.9802
30.3316
29.782
30.2755
30.0737
30.1059
30.3198
30.3681
29.9756
29.427
30.2046
30.0379
29.9385
30.0414
30.3645
30.4226
30.133
29.8026
30.0871
29.9905
30.0174
30.188
29.9261
29.6546
29.9095
29.8947
29.9998
29.8505
30.0235
30.2051
29.7518
29.8004
30.268
29.804
30.0209
29.7904
29.7949
30.0325
30.2019
29.9399
29.8402
29.9691
29.6108
29.5692
29.8767
30.0678
30.1297
29.9827
29.795
29.4841
30
29.9956
30.0428
29.7546
30.0077
30.0286
29.7274
30.2651
29.9878
30.0774
29.8328
30.3066
29.9569
29.8048
29.9937
30.0434
30.1059
29.7284
30.1039
29.3635
30.3604
29.8391
29.7766
29.827
29.8576
29.7572
29.6059
29.6906
30.1761
30.3355
30.1303
30.0038
29.8052
30.5178
30.2614
30.0306
29.8954
29.7396
30.2688
30.4588
29.7391
30.0435
30.0172
29.7146
30.0871
29.9801
30.193
30.1446
30.3956
30.1803
29.811
30.0407
30.3208
30.0417
29.9712
30.2876
30.0254
30.4192
30.01
29.7135
29.9944
30.2588
30.2754
30.0309
29.7758
30.1629
29.7999
29.7545
30.1511
30.0159
30.4573
30.1416
29.9431
30.1847
30.134
29.901
29.9911
29.5624
29.7001
30.021
30.4951
30.3255
29.6323
29.798
29.7591
29.3734
30.4801
30.3061
30.2075
30.0503
30.0215
30.2862
29.7874
30.0044
30.0873
30.0938
30.0649
30.2919
29.9665
30.3171
29.4823
30.1847
29.942
30.0255
29.93
29.911
29.5118
29.8231
29.7829
30.2243
30.1841
30.3538
30.2179
29.9214
30.2972
30.4567
30.0107
30.4082
30.0312
29.9275
29.5398
29.604
29.5375
29.8159
30.0673
29.874
30.1701
30.03
29.5465
29.7904
30.077
30.0505
30.2854
30.0576
29.9132
29.3622
30.4419
29.5257
29.7274
29.9447
30.046
29.9457
29.9541
29.9001
30.1537
30.4057
30.1937
29.8399
29.9533
29.805
30.2363
30.1308
30.0134
29.4345
29.9179
29.5787
29.512
29.9235
30.4304
29.7206
30.6184
29.6122
29.8955
29.5886
29.9129
30.187
29.9765
30.0755
29.9615
30.2362
30.5141
30.1154
29.617
29.6922
30.0791
29.9775
29.9051
29.7295
29.9495
29.9739
30.2187
30.0075
29.9094
29.6505
30.4039
29.8478
30.0441
30.3797
29.7553
30.2799
29.8547
30.0362
30.2979
30.0879
30.2448
29.8425
29.9103
30.0705
29.9505
29.9693
29.8364
30.3319
30.0009
30.1279
29.8063
29.4531
30.352
29.758
30.2408
30.0775
29.9477
30.3564
29.9077
30.2322
29.8819
30.181
29.8528
29.7747
29.8673
29.7776
29.7904
29.7433
30.056
30.03
29.8088
29.9031
30.1759
30.1514
29.7437
29.7885
29.7454
30.1349
30.1279
30.5433
29.8965
30.3501
30.0734
29.8514
30.0845
30.3018
30.0638
29.864
30.2584
30.2334
29.871
30.0075
29.9937
29.4962
29.9516
30.401
30.1419
29.9854
29.8895
30.6265
30.2084
30.5112
29.542
30.2086
29.8626
30.2796
30.2841
30.0651
29.551
30.1164
29.9756
30.4587
30.0192
30.4177
29.5868
30.0717
30.2002
30.334
30.0316
29.7391
30.1519
29.9504
29.854
30.285
30.322
29.8515
29.8142
29.5005
29.9209
30.1471
29.9429
30.0657
30.1269
30.2557
30.3244
29.9595
29.8448
29.6246
29.4556
29.8637
30.2973
29.9447
30.1698
29.9337
29.7745
29.8978
30.0805
29.7712
30.0306
30.3021
30.0413
30.3124
29.6806
30.5806
29.8322
29.9183
29.8175
30.0944
29.7843
30.2786
30.5105
29.9187
30.6158
29.9439
30.3313
29.7408
30.0109
29.8283
30.1154
29.8576
30.1872
29.6963
29.9599
29.81
30.3205
29.5807
29.9128
30.0527
30.2254
29.7463
30.0395
29.6602
30.0255
29.7215
29.647
30.2695
30.116
29.8071
30.3933
30.1736
29.4611
29.7841
30.1968
29.8507
30.3802
29.7312
29.8869
30.2761
30.2693
29.9538
29.928
30.512
29.8263
30.1814
29.9457
30.4276
29.9571
30.2635
29.9015
29.5031
29.9821
29.7499
29.9629
30.1105
29.8862
30.2883
29.7651
30.0553
29.8566
29.8726
30.1383
30.0683
29.7242
30.2469
30.0335
29.8077
30.0907
29.8279
29.6468
30.1811
29.7549
29.9431
30.0291
29.7181
30.1229
29.7779
29.7737
30.2069
29.8395
29.8455
29.8669
30.2014
30.2171
30.057
29.9743
29.9434
30.0237
30.1202
29.6675
30.3282
29.8665
29.9787
30.255
29.8479
30.078
30.371
30.2805
30.0047
29.8809
29.95
29.7421
29.8321
30.6892
29.9029
29.4374
29.637
30.0906
29.8116
30.1647
30.0443
30.104
30.3112
29.829
30.1743
29.9417
30.6193
30.1668
29.7165
30.084
30.0225
29.8821
29.7699
30.2476
29.9045
29.5667
30.1285
29.727
29.7184
29.7035
30.282
29.657
29.9815
30.6548
29.7913
29.7194
30.0781
29.7768
29.8962
30.1563
30.2946
30.2071
30.0986
30.7125
29.8073
30.1352
30.1799
30.3192
30.2625
30.3123
29.9892
30.0135
30.1402
30.0511
30.2836
30.0874
29.6033
29.9438
29.6511
30.4028
29.7488
30.0655
29.9593
29.9094
29.6751
30.2605
30.3789
29.6913
29.9465
29.908
29.6598
30.2666
29.712
30.3018
29.9915
29.6876
30.071
29.5099
29.8825
29.9172
29.7425
29.7961
30.0597
29.5923
29.9275
29.9979
30.5188
29.63
29.7805
30.3329
29.3619
30.169
29.6434
30.2781
30.6967
30.1935
29.6247
30.2778
30.3305
29.9007
30.3835
29.9163
30.3495
30.4112
30.0203
30.2289
29.9067
29.6743
29.6983
29.5868
29.789
29.8898
30.3221
29.8442
29.5677
30.2013
29.8448
30.1193
30.0513
29.7481
30.558
29.7429
30.0825
30.0029
30.2105
30.1766
30.4745
29.9007
30.3818
30.0999
30.3277
30.0333
29.9304
30.0671
29.9941
30.0098
30.1334
29.8709
29.5129
30.4338
30.091
30.1076
30.033
29.7386
29.6742
29.8956
29.4732
29.9025
29.4775
30.1171
29.1437
29.7638
29.7965
30.5138
30.2119
30.237
30.1104
29.7019
30.0481
29.785
30.3011
29.963
29.7505
29.8895
29.9648
29.5448
29.4212
30.3454
29.9322
30.0286
29.8587
29.7797
29.9673
29.9112
29.9336
29.8173
29.6038
29.6214
29.3688
29.7296
29.9754
29.4383
29.7391
29.9008
29.9458
30.4251
29.6534
30.1767
29.5933
29.6993
29.9032
29.964
29.6437
29.8775
29.8993
29.9777
30.2266
30.1178
30.2292
30.2598
30.0703
30.199
30.0912
30.4796
29.8983
29.8825
30.1709
29.5904
30.0592
30.1205
29.6166
30.3382
30.1863
29.2847
30.0092
29.4511
29.767
29.6997
29.8889
30.2594
30.0669
29.6302
30.5603
29.9244
30.071
30.8276
30.3303
30.2583
30.1014
30.1614
30.0429
29.7717
30.0468
29.6093
29.7675
29.9171
29.8661
29.8737
30.3951
30.055
30.2081
29.7948
30.0155
30.0922
30.3774
30.6348
30.3312
29.9505
29.8065
29.7386
30.1674
30.1846
30.1449
29.5419
29.8045
29.8912
30.2298
30.3247
29.6802
29.8687
29.3487
29.9377
30.0258
29.8522
29.738
30.0999
29.6949
29.5647
29.7653
29.7997
30.5579
29.846
29.915
29.6004
30.0297
30.2192
30.1495
29.8317
30.3087
29.5196
29.8655
29.9321
30.0063
29.9439
30.2689
30.0133
29.4403
29.7209
30.2036
30.0762
29.7923
29.8535
30.2048
29.7583
29.7475
29.9461
30.0126
30.1143
29.7487
30.0684
30.0302
29.699
29.9841
30.0822
29.8802
29.6599
30.078
29.8432
29.9439
30.0145
29.5975
30.3525
30.0082
29.7969
29.8887
30.1792
30.1183
30.0238
29.8458
30.2573
29.9371
29.9909
29.9744
30.5355
30.0712
30.2321
29.8707
29.5561
29.9963
30.2178
30.1001
30.2598
29.8577
29.6851
30.1104
30.0873
30.1766
30.2564
29.9384
29.4163
29.793
29.8863
29.8725
30.2633
30.185
30.1238
30.0318
29.9518
29.9979
30.1537
30.3461
29.7154
30.2386
30.0746
30.1904
29.6652
30.073
30.0039
29.7643
30.1184
30.1686
30.0797
29.7483
30.3884
29.876
30.2716
30.0783
30.0614
29.8569
30.023
30.0898
29.7955
30.4695
30.1915
29.97
29.7182
30.1464
29.9631
29.4729
29.9972
29.9781
29.9714
29.9659
29.9382
30.0632
30.114
29.9456
30.4674
29.9318
29.9891
30.1683
30.4256
29.8308
30.4564
29.9139
30.2535
29.8277
29.5682
30.1845
29.9478
30.2986
30.1356
29.6283
29.9583
30.0435
29.6552
29.8152
30.1321
30.2078
30.2971
29.5633
29.7877
29.6041
29.8247
30.1597
30.3687
30.0623
30.1997
29.866
30.2878
29.9742
30.1985
29.7019
30.4346
29.8642
29.9489
30.0182
30.0931
30.146
29.743
29.748
29.9449
29.8961
29.9629
29.707
29.6539
29.9781
30.4303
29.7217
30.3683
30.2544
30.4482
30.4283
30.1589
29.8785
30.2632
29.8287
30.0769
29.4089
29.9664
30.1101
30.253
30.226
29.8282
30.0484
29.9376
30.165
29.8597
29.9689
30.105
30.1408
30.024
30.1105
29.6041
29.9562
30.3898
29.7024
29.3922
29.764
29.7115
29.8002
29.9823
30.8168
29.8701
30.0516
30.1199
29.9076
30.2525
29.9908
30.0898
30.3875
30.2344
29.6433
30.292
30.1923
30.5179
29.6066
29.9629
30.311
30.2745
29.689
29.829
29.9409
30.7197
29.6465
30.1833
29.5436
29.8669
30.1284
30.387
30.0639
30.2446
30.2727
29.7719
30.1318
29.8227
30.0403
29.9142
30.0656
29.8864
30.698
30.44
30.1121
30.489
29.778
29.7875
29.8499
29.994
29.8144
29.8723
29.9869
29.9313
29.9103
29.9592
30.2505
30.35
29.9243
30.6339
29.6236
29.4819
29.8477
30.0612
29.4299
29.5662
29.8937
29.8859
29.6227
30.1531
29.7595
29.9083
29.9289
30.0778
30.0687
29.6917
29.6904
30.1602
29.8128
30.05
30.3177
30.1127
30.2898
30.6157
29.726
29.7579
30.236
29.8052
29.8023
30.0087
30.1898
30.3624
29.9593
30.4485
30.2206
30.3133
30.3132
30.3777
30.1501
29.9414
30.1953
29.667
29.4132
30.3236
29.8938
29.7837
29.9268
29.6611
30.3038
29.6215
30.1756
30.1716
30.37
29.9546
29.9334
29.4906
30.3267
29.9834
30.401
29.8147
29.9219
30.1135
30.1434
29.6919
29.8942
30.1965
29.7525
30.1449
29.8724
29.8056
29.6299
29.91
30.227
29.5326
30.1745
30.0375
29.8497
29.6617
30.0806
29.7644
30.258
29.9124
30.0331
29.9396
29.9345
29.6426
29.8669
30.0329
29.7786
29.9598
30.1911
30.4357
29.8536
30.0363
29.804
30.1024
30.3269
30.0807
29.8957
29.8335
30.1336
29.6859
30.3479
30.346
30.1778
30.2239
29.4639
30.13
30.0555
29.9494
30.1829
29.5878
29.6369
30.1522
29.7843
30.1235
30.4239
29.9411
30.0419
30.0057
29.9934
30.3043
30.1314
30.0789
29.947
29.831
29.8558
30.3484
30.06
30.0709
29.9512
29.7955
30.2637
30.1824
29.7012
30.0914
29.8781
30.4802
29.9746
30.3234
29.9122
29.991
29.4383
30.0101
29.7488
30.02
30.2271
29.8356
29.9865
30.0981
29.8138
30.1457
30.3199
29.2816
30.3582
29.7277
29.2438
29.7553
29.6998
29.8985
30.1414
30.2395
30.5953
29.8447
29.899
30.201
29.7953
29.941
29.8466
29.714
29.65
29.9136
30.0551
30.0548
30.6377
29.7496
30.2176
29.6804
29.6479
29.7552
30.283
29.6143
30.1532
29.9041
30.0462
30.2436
30.2277
29.7216
29.7177
30.4619
30.1968
30.2607
30.4584
30.2728
29.6591
30.2155
30.2428
30.1498
30.0311
29.6388
30.2717
30.0148
30.0481
30.1465
30.0416
30.2722
29.8889
29.7507
30.1601
30.1094
29.9653
30.0295
30.0623
29.7639
30.4449
29.9979
30.0677
30.4917
29.9352
30.2026
29.9412
29.8848
30.2571
30.1541
30.2723
30.064
29.9645
30.1101
29.8061
29.7546
30.139
29.9288
30.162
30.2862
30.6415
29.9613
30.1747
29.9449
29.9479
29.9906
29.9842
30.3243
29.5841
30.2321
30.2925
30.0862
29.8425
29.8576
29.8364
30.6386
29.6331
29.9815
30.1417
29.8384
29.6124
29.9995
30.014
29.7433
29.6573
30.4557
30.3279
30.1496
30
30.4367
30.0104
30.7202
30.0611
29.8958
29.4872
30.1771
30.2629
30.1067
30.4006
29.712
30.0737
30.8358
29.9423
29.9392
30.3023
30.147
29.8399
30.1351
30.2026
30.4065
30.0136
30.1383
29.8576
29.8595
30.0343
29.8967
29.8819
29.8381
30.2714
29.9871
30.0661
30.0931
29.6817
29.7278
30.0568
30.443
29.7895
30.1682
30.3155
30.2298
30.0895
30.2877
30.0439
30.4073
30.1185
30.0131
29.7784
30.306
29.7884
29.6805
29.8874
30.0018
30.3911
29.9179
29.791
30.203
29.9716
30.2582
30.0385
30.1851
30.1343
30.3243
30.2804
29.8602
30.3063
30.2121
29.9892
30.0142
30.1297
29.861
29.8831
30.2379
29.8008
30.022
30.0565
30.2119
29.9017
30.3549
30.0873
29.8765
30.1352
29.5904
29.8774
29.5494
29.6953
30.0767
29.9825
29.9353
29.8673
30.2109
29.7022
30.2268
30.2436
29.9746
29.9306
30.0943
30.6091
29.6593
29.8293
29.7936
30.36
29.6369
29.6849
29.616
30.2446
30.0573
30.4916
29.6287
30.076
30.324
29.616
29.6191
30.0057
30.0868
30.5098
30.3424
30.0107
29.8888
30.1311
29.5594
30.2583
30.0153
30.2115
29.7176
30.3712
29.8699
30.0959
29.7353
30.0507
29.7864
29.855
30.2611
30.0678
30.3611
30.0925
29.7422
29.3809
30.1339
29.9081
29.7671
29.6806
29.8369
30.0329
29.8243
29.977
30.164
30.0093
30.3105
30.1346
29.5413
30.0129
30.0676
30.0348
30.0251
30.0784
30.0843
29.9196
29.9843
30.0183
29.973
30.1637
29.8244
29.4345
29.991
29.8233
30.0372
29.6789
30.1092
29.6248
30.3131
30.1553
30.4031
29.9339
29.7418
29.6806
29.9371
29.8245
30.3426
29.915
30.0313
30.389
29.4213
29.8577
29.8287
29.7555
29.9629
29.7554
29.8428
29.7668
30.2694
29.7626
30.0085
29.9995
30.0493
29.8462
30.1245
29.923
29.8356
29.9923
30.0838
30.1149
29.8912
29.7424
30.3051
29.8676
30.523
30.0022
30.1794
29.4976
30.1094
30.2936
30.1818
30.0031
30.3133
29.814
29.7231
30.2293
29.5564
30.4178
30.1595
29.9207
29.6401
30.2375
30.3227
30.143
30.464
29.9533
29.9681
30.1229
30.2744
30.0076
30.2258
30.2233
29.4179
29.8309
29.7735
30.1026
30.1169
30.3015
29.9241
29.783
29.9705
29.7664
30.1744
29.7447
30.3958
30.2323
30.028
30.1352
30.4338
30.4143
29.5578
30.0548
30.2413
30.1414
30.1947
29.9669
30.0411
30.293
29.5696
29.6194
29.7735
29.7844
30.0168
30.0892
29.892
29.8424
30.2869
29.597
29.7418
29.9118
30.2851
30.338
30.3159
30.4799
30.362
30.7671
29.7462
29.7688
29.7625
30.5629
29.682
30.1838
29.6667
29.809
29.9235
29.8917
30.0436
30.243
30.5661
29.7171
30.2052
30.2074
30.0898
30.1835
30.6875
30.0621
30.01
29.8804
30.3458
30.1887
29.9299
29.5831
29.9398
30.3734
30.0592
30.0295
29.5487
29.6147
30.6148
29.8872
29.9155
30.0112
29.7865
29.8085
30.0919
29.829
29.9017
30.0888
30.1864
30.0032
29.7847
29.8054
30.1665
30.0956
29.957
30.2922
30.0581
30.4461
30.1672
30.1037
29.7613
30.0369
30.1505
30.1516
30.0848
30.058
29.9948
30.3189
29.6498
30.008
29.8032
30.0921
29.9469
29.9819
30.0931
29.8122
29.6882
30.0648
29.7786
30.4027
29.4592
30.0339
30.0992
29.8812
30.0441
29.5834
30.3154
30.2645
29.9065
30.6244
30.2715
30.119
29.7652
30.4537
30.1165
29.8635
30.5743
30.1406
30.2207
30.2395
29.4272
29.392
30.3111
30.3865
30.1781
29.8309
30.0747
30.1598
29.9321
29.597
30.1596
30.1049
29.9116
29.6948
29.9433
29.6088
29.8653
29.8482
29.9181
29.7378
30.0579
29.9978
29.854
30.1438
29.7822
30.3051
29.9323
29.9708
29.5588
30.2979
30.2556
29.9232
30.131
30.1581
30.003
29.9529
29.6209
30.0309
29.8552
29.597
29.8986
30.1862
29.8375
29.9826
29.7808
29.6662
29.9393
30.1752
30.0389
29.7796
29.666
30.1226
30.1043
29.9415
29.8153
30.0519
30.5021
29.9494
29.7364
30.2054
30.0256
30.1303
29.8118
30.1623
30.0033
30.3046
30.2795
30.1309
30.52
30.0962
29.5987
30.2783
29.8329
30.2733
29.8974
29.8282
29.8521
29.7693
29.8878
29.6138
29.6638
29.9704
29.8871
30.2071
30.1414
29.85
29.9393
29.8173
29.5797
29.9988
29.9047
30.0323
29.6671
30.1796
30.4216
30.4293
29.9763
30.2145
30.1936
30.0623
30.5285
30.1822
30.3187
29.7445
30.1
30.2333
30.297
30.1844
29.6275
30.0344
29.6344
29.6534
30.3263
30.3398
29.7516
30.5344
29.7845
30.0803
30.1372
30.3998
30.1047
30.1449
30.0237
30.3606
30.528
30.1596
30.2252
30.1906
30.3922
30.0463
30.1093
29.7454
29.577
29.8337
30.3823
30.1625
30.1656
29.5026
29.644
29.827
29.9759
29.8851
29.8442
29.4902
30.4883
29.7324
30.2051
30.3886
29.8258
30.5984
29.9276
30.1273
30.0487
30.2158
29.9674
30.2723
29.7059
29.9817
29.9168
29.9439
29.9778
30.0337
30.1562
29.7735
30.1578
29.9832
30.1473
30.4771
29.3012
29.6503
29.9201
29.7831
29.8589
30.1458
30.375
29.8698
29.6811
29.8307
30.1849
29.8437
30.2251
29.9438
29.9919
29.9988
29.6719
29.6389
30.1719
29.8874
30.4299
29.6804
30.2899
30.1557
29.7755
30.194
30.1774
29.7546
30.3572
29.6102
30.1934
29.4661
30.2319
30.3038
30.189
29.8295
30.1894
30.4249
30.2619
29.8985
29.8777
29.635
29.8893
30.0142
30.0933
29.8093
29.7226
29.6695
30.1963
29.7096
29.9572
30.1262
30.4793
29.9624
29.6208
29.9821
30.552
30.3557
29.6907
30.1483
30.3832
29.9447
29.9796
29.7775
30.2868
29.6682
30.2565
29.7076
29.9421
29.946
29.7514
29.8368
30.0109
29.8819
29.8843
30.0981
29.9921
29.7429
29.6915
29.6725
29.9006
30.2645
29.8563
30.176
29.7288
30.319
29.9848
29.5648
29.8146
30.163
30.0358
29.9304
30.0873
29.8963
29.8584
30.2086
30.076
29.9342
29.8193
29.6424
29.5815
30.3855
30.4156
29.7558
29.9198
29.7621
29.7893
29.9161
30.3769
29.9457
29.5988
29.971
29.9027
30.2161
30.2685
30.0199
30.1007
30.0576
30.2389
29.8881
29.6261
30.0017
30.0732
30.0014
29.9443
30.0513
29.7304
29.89
30.0917
30.0824
29.5757
29.4222
29.9754
30.2227
29.8567
30.5812
30.708
30.3038
30.2817
29.6812
29.9807
29.5097
30.4405
29.8506
29.9814
29.7467
29.4971
30.5861
30.0978
30.1748
30.0336
29.9815
30.2741
29.95
29.7756
29.922
30.0014
30.5154
30.38
29.8518
30.1765
29.7273
30.0706
30.1964
29.9698
30.3777
29.9615
29.766
29.8958
30.0643
30.1079
30.77
30.1869
30.2657
30.2594
30.0843
29.7887
30.3508
30.0595
29.7463
30.1395
30.3507
29.7428
30.0419
29.8151
30.155
29.2381
29.9956
30.2073
29.755
29.9198
30.0319
29.4905
30.0186
30.2396
30.1321
30.0558
29.7931
30.0547
30.1545
30.015
30.2769
30.1722
30.0756
30.156
30.0566
30.0958
30.2124
30.216
29.839
30.0007
29.9678
29.9214
30.1847
30.119
29.849
29.6911
30.1633
30.1041
29.7503
30.0802
30.1986
30.2185
29.9034
30.3834
29.4514
30.0761
30.0389
29.665
29.9918
29.94
30.4636
29.7954
29.8072
29.9157
30.1771
29.5859
29.8212
30.4267
30.123
30.0066
30.3732
30.101
29.977
30.0534
29.8082
30.0256
30.2837
29.9672
30.2951
30.1152
30.462
30.1887
29.5637
30.2992
30.067
29.6312
30.3007
30.0336
29.5559
30.2818
30.476
30.456
29.9971
29.9855
29.6692
29.8713
29.8458
30.203
30.3174
29.8914
30.2012
30.0192
29.7263
29.7828
30.2515
30.3968
29.9473
30.2573
29.8115
29.9991
29.9903
30.4744
29.5862
29.7051
29.9735
30.4116
30.2702
29.6628
30
30.1804
29.8679
30.1779
30.2337
29.5472
30.5658
29.5916
29.68
29.6681
29.9515
29.9218
30.2079
30.0725
30.2986
30.0843
29.8352
29.8791
29.925
29.8417
30.0667
30.3381
30.4724
30.5429
29.6815
29.9899
29.7562
30.1109
30.1534
30.1978
30.1049
30.3927
29.7194
30.5728
29.7541
30.1508
30.4175
30.6528
30.0776
29.8264
30.1416
30.0417
30.3578
30.0839
30.0506
29.8461
30.1076
30.12
30.2755
29.8432
30.3531
30.199
30.4728
30.2403
30.1553
29.8418
30.4954
30.0401
30.0437
29.6803
30.1362
29.8404
29.6395
30.1933
30.3396
29.8135
30.2096
30.0298
30.0027
30.4564
29.9029
30.2699
29.59
29.3779
30.1398
30.2226
29.8518
29.959
30.0754
30.0935
30.1185
30.2345
30.1414
30.436
30.065
30.2196
29.7709
29.9284
29.6465
29.5045
29.8919
29.7149
29.7663
30.1792
29.7348
30.0842
30.0694
30.0657
30.085
30.1908
29.8332
30.087
30.1283
30.1492
30.0614
29.8639
29.7329
30.1342
29.9351
29.7133
29.7942
30.0743
29.7957
30.682
29.8778
29.795
29.5484
29.9079
29.824
30.1829
30.4124
30.3751
30.0935
30.2735
29.7646
29.8411
30.498
30.0132
29.6347
29.7539
29.7942
30.0668
30.0128
29.8306
30.0718
30.0903
29.7257
29.7518
29.7335
29.795
29.727
29.9642
29.814
29.5893
29.9668
29.7559
30.4979
30.0376
30.0438
30.3664
29.8422
29.6196
30.1069
29.9711
30.216
30.1277
29.8551
29.5179
29.7904
29.7243
29.5207
29.7856
29.8659
30.1257
29.8343
30.2589
29.7124
29.7658
29.6938
30.1175
30.0741
30.1431
30.2137
29.8435
30.2867
30.2387
29.5726
30.2486
30.0387
29.7891
29.9164
30.2887
29.7872
30.3653
30.3371
30.0189
30.2818
29.7717
30.2313
30.5666
30.1641
30.0303
30.7
30.0015
30.0754
30.3143
30.1059
30.1216
29.7627
29.9967
30.0879
30.1337
30.5426
29.7923
29.8675
29.7909
29.7804
29.8725
30.1925
30.0226
29.9764
29.5037
29.9858
29.2927
29.7877
30.5664
30.3112
30.0375
30.0928
29.8631
29.8464
29.6177
29.9312
30.1594
29.948
29.806
29.5671
29.8549
29.8898
29.7717
30.2791
29.5126
29.8728
30.5261
30.3318
29.9935
30.5012
29.4951
30.3614
29.9538
29.766
30.0591
30.0912
29.3887
29.8806
29.4143
29.9453
30.1404
29.9252
29.9636
29.806
29.9067
29.9733
29.8139
29.9971
30.4054
29.8445
29.423
29.7483
30.1199
30.0943
29.6107
29.895
29.9626
30.1801
29.6236
29.7899
30.0451
30.1205
30.2853
30.5859
29.983
30.0733
30.0603
29.5034
30.1859
30.1653
30.3751
30.0214
29.5784
30.3546
29.8111
29.695
30.3453
29.8525
30.0084
30.0923
29.959
30.053
30.3837
29.4663
29.5315
29.7104
29.4886
30.3044
29.6417
29.8196
29.9573
29.9362
29.6273
30.036
30.4974
29.9987
29.9172
30.2582
30.2265
30.3168
29.8556
30.0599
30.3994
30.1136
29.7748
29.6614
30.1304
30.3516
30.3301
29.4132
29.9082
29.5863
30.2073
29.7839
30.1726
29.8286
29.7569
30.0017
29.7128
30.0907
29.7671
30.2943
29.8592
30.3687
29.6491
29.6549
29.8619
29.7211
29.875
29.6912
29.963
30.2277
29.9934
29.767
30.2451
30.1973
30.1436
29.9274
30.0814
29.5673
30.0554
29.8521
30.4866
30.1401
30.0418
29.4844
30.0698
29.9563
29.7652
29.9823
29.9383
30.0773
29.9882
29.9905
30.6127
30.206
30.2045
30.4224
30.0308
30.4306
30.5916
29.883
29.7923
30.1681
29.8472
29.9621
30.0526
29.6502
30.0661
30.1659
29.5784
29.9835
29.5439
30.3008
30.202
29.9004
29.7287
30.1687
30.1585
30.3806
30.1015
30.1884
29.7767
30.1693
30.0896
30.3863
29.9634
30.0527
30.1767
29.7039
29.986
30.2631
30.0461
30.3812
29.8195
30.2369
29.8552
30.0823
29.9608
29.3246
29.9661
29.9478
30.0937
30.6403
30.3894
29.6891
30.0572
29.9974
30.2743
30.2878
30.5939
29.9439
30.1347
29.9893
30.1125
29.7696
29.9176
29.9569
30.3489
30.3026
30.3324
29.5951
30.0957
30.1668
29.5554
30.1911
29.8295
29.86
30.3565
29.9211
30.0571
30.0861
29.6865
30.1852
30.219
29.8047
30.0167
29.5658
29.9001
29.9078
30.0223
29.7157
29.9069
29.8579
30.0177
29.9281
30.2199
29.8398
30.098
30.0469
29.8798
30.5631
29.9624
29.9791
29.8703
29.861
29.9301
30.1424
29.9498
30.1963
29.9173
30.4464
30.1293
30.0868
30.4393
29.6085
29.6969
29.723
29.8673
29.4026
30.0661
30.0783
30.1596
30.2126
30.285
30.2255
30.0146
30.0819
29.8702
29.9234
30.0879
29.2085
29.9268
30.1114
30.129
30.2745
30.2151
29.9424
30.2201
30.0642
30.3238
30.2235
29.7833
30.5326
30.155
29.7146
29.8475
30.2336
29.5532
29.6829
30.3459
30.094
29.7028
29.895
29.9811
29.3541
30.0162
30.4146
29.7516
29.9372
30.0686
29.9956
29.7987
29.8286
29.5496
30.1621
30.0523
29.6912
29.9099
30.14
30.188
29.9203
30.1251
30.2001
30.157
30.14
30.0974
29.6439
29.9821
29.5382
29.632
30.1649
30.0189
30.2357
30.0867
29.8782
30.2052
29.9145
29.8502
29.9757
29.8803
29.9094
29.8664
30.229
29.9923
29.7623
30.3198
30.0385
30.1532
29.565
29.7883
30.1352
29.8558
29.8913
30.4257
29.9941
30.3436
29.8531
29.8891
30.2456
29.9441
30.0812
29.9647
29.8747
29.6501
30.075
30.6269
29.6351
29.9809
29.7424
29.7779
30.4188
30.1909
30.0389
29.6126
29.6011
29.9289
30.1473
30.4499
30.1397
29.7964
30.2226
30.0044
30.1116
30.3982
29.9066
29.6529
30.173
30.325
29.9899
29.7655
29.6036
30.5032
30.1057
29.7921
29.5782
30.0201
29.7156
29.9513
29.975
30.0904
29.9016
30.2888
29.6663
30.029
29.8058
30.2179
30.4577
29.7829
29.4723
29.9929
29.6462
30.1835
29.7408
29.779
30.1662
30.0363
29.9712
29.9695
30.1856
30.017
29.8403
29.6196
29.9584
30.0283
30.2383
30.1202
30.1392
30.4404
30.1113
29.5751
29.9484
29.7135
29.8842
30.0762
30.5563
30.4023
29.5259
29.73
29.4675
29.9745
29.9734
30.1499
29.8835
30.1171
29.9186
29.7594
29.9446
30.4525
29.7301
29.8344
29.4746
30.23
29.4524
29.8746
30.0678
30.4661
29.9881
29.9548
29.8805
29.6459
29.8189
30.2069
29.8779
29.7868
29.9866
29.6467
30.0223
29.9816
30.0883
29.8438
30.0657
29.5646
29.829
30.0495
29.7062
29.5762
30.4081
29.6919
29.9011
30.1184
30.2604
30.1298
29.7323
30.1482
29.849
30.2189
29.9093
30.0387
30.267
30.0785
30.3655
29.9331
29.8557
29.8969
30.3322
30.2109
30.0021
29.9604
30.1016
30.0608
30.0441
30.0059
29.9766
30.1178
29.8144
30.342
30.0937
29.7456
29.9167
29.7839
29.7949
29.4986
30.1449
29.7834
30.3974
29.5147
29.9727
30.3513
30.1884
30.182
30.2501
29.6493
30.304
29.9062
29.8647
29.822
30.0672
29.9444
30.0078
30.0618
30.3137
30.4141
29.9026
29.8106
29.8569
29.878
29.9868
30.1359
30.3128
30.1534
30.2778
29.8513
30.0407
29.2655
29.8999
30.2374
30.1122
29.5891
30.1253
29.7041
29.8461
30.0375
30.2285
30.0251
30.1163
29.9837
30.0556
29.9894
30.4149
29.8827
29.9895
30.263
30.0364
29.8718
30.5471
30.0959
30.0719
30.0991
29.6593
30.3452
30.112
29.863
30.0966
29.9489
30.1798
29.7664
29.8118
29.9431
30.0244
29.9597
29.7555
30.0004
29.997
29.913
29.9962
30.4508
30.3577
29.9768
30.0508
30.099
30.3841
29.9713
30.1
29.7974
29.6234
30.0966
29.8779
29.8785
29.9285
29.7662
29.7406
30.5951
30.315
30.3584
29.9533
30.034
29.2476
29.8415
29.545
30.1953
30.5344
29.4097
30.2213
29.5649
29.9185
29.7265
29.7457
30.5796
30.1048
30.0324
29.9761
29.7982
29.8087
30.1821
29.9167
30.2641
29.4718
30.2684
30.3729
29.7988
30.031
30.0254
29.8791
29.9996
30.2619
30.2016
30.0902
29.9539
30.0016
29.9647
29.409
30.0057
30.2359
29.9343
30.0683
29.8375
30.1967
29.9029
29.296
29.9732
30.0422
30.3956
30.1884
30.0079
29.5798
29.89
30.3864
29.7784
29.7482
30.0197
30.0754
29.8903
30.3995
29.9333
29.6165
29.9543
30.1609
30.0462
29.8311
29.6859
29.8034
30.1717
30.292
30.4325
30.1411
30.0169
30.0878
30.0906
29.668
29.902
30.2314
29.9856
30.3184
30.2655
30.1949
30.2487
30.078
30.6692
29.9219
29.9768
30.0117
30.0723
29.7068
30.0438
30.0601
29.964
29.6511
30.1328
30.3612
29.9262
29.7746
29.9842
30.1494
29.7104
30.1112
29.7134
30.3557
30.503
30.262
30.1107
30.4954
30.2266
29.8872
29.9718
30.2286
29.5882
29.7287
30.4608
29.9045
30.1424
29.9341
29.8783
29.7018
30.1223
29.4939
29.2764
30.7504
29.8413
30.0126
29.8602
29.7682
29.679
29.9915
30.0216
29.891
30.3042
30.3699
30.0182
30.0886
30.2547
30.184
29.4712
30.2024
29.9426
29.8572
29.6659
29.8448
29.882
30.0699
30.1111
29.6701
30.0053
29.9392
29.8928
29.7317
30.3378
30.4394
29.6784
29.7955
30.0158
29.6469
30.0659
29.4597
30.5361
30.3031
30.2918
30.1381
29.5257
30.0538
29.8845
29.6837
30.0394
29.8768
29.6793
30.4808
30.4061
29.5823
30.1006
29.7343
30.2098
29.7509
29.9501
29.9752
30.1176
29.8982
29.6217
30.1092
30.4532
30.1988
30.3248
29.5394
30.0738
29.9339
29.7355
29.8523
29.7707
29.817
30.0454
29.9523
30.0107
30.0914
30.101
29.184
30.384
30.0552
29.8859
30.1803
29.8642
30.482
29.8832
30.0724
30.0476
29.9296
29.8368
30.2133
29.7993
30.7008
30.3448
29.5788
30.2488
30.0045
29.9041
30.1302
29.9329
29.9679
29.7207
30.1288
30.068
29.9114
29.6927
29.7303
29.9207
29.9481
29.7434
30.2577
30.2907
30.0091
30.1191
29.8259
29.9333
30.2239
30.4939
29.6912
30.523
29.7902
30.2332
30.0557
30.3503
30.0179
30.4256
30.0043
30.2968
30.2082
29.9799
29.8099
29.7026
30.0936
30.2026
30.2618
30.163
29.9581
30.2197
29.695
29.9527
30.1259
30.3254
30.082
30.6271
29.9132
29.7926
30.5353
30.4778
30.221
30.4108
30.0963
29.917
30.1294
30.2885
30.0821
29.8124
29.7117
30.6768
29.9312
30.3558
29.9565
29.5983
30.0859
30.2016
30.0161
30.2953
29.8433
30.0781
29.8432
30.0617
29.6223
29.8694
30.2198
30.1555
29.9105
29.6895
30.3054
29.7628
29.5066
30.2444
29.5735
30.344
30.189
29.8876
30.2525
29.1443
29.8439
30.1117
29.9475
30.2933
30.1822
30.1193
30.1386
30.1385
30.0098
29.9216
30.1944
29.9781
29.9514
30.2992
29.7785
29.6611
29.9898
30.3328
29.9122
30.3386
30.2227
30.0102
29.8209
29.8618
30.5804
29.854
30.1349
30.3706
29.719
29.6885
29.7942
30.1814
29.7109
30.0104
30.1463
29.7732
30.0464
30.1295
29.921
29.91
29.8334
30.002
29.8719
29.8783
30.3199
30.0073
30.1533
30.0062
29.78
29.8618
29.645
30.0526
29.8654
29.6649
30.3902
30.2009
30.133
29.8999
30.0648
30.029
30.6155
29.6994
30.0976
30.2004
29.9271
29.9239
30.3646
29.7377
30.0222
30.3102
29.5485
30.1948
29.9596
30.2327
30.2262
30.2554
29.8468
29.928
29.5387
29.9564
30.12
30.2405
30.0422
29.7195
29.9103
29.8668
30.1679
30.2472
29.8096
29.4602
30.0793
29.9263
30.173
29.8253
30.1453
29.7655
30.1933
29.889
29.8995
29.5558
30.0769
30.1372
29.3895
30.3172
30.0016
29.9314
30.3146
30.129
29.6095
30.2886
29.8685
30.4613
30.0397
29.9514
30.0066
29.9606
29.7231
29.8473
29.7518
30.186
30.1406
30.1817
30.5187
29.8627
29.7251
30.136
30.4761
30.3686
30.2072
30.2326
30.1797
29.76
29.7597
30.1346
29.5748
29.9098
29.8278
30.1611
30.2865
30.1955
29.8046
29.3599
29.8895
29.9105
30.2597
30.0248
30.168
30.1392
30.0142
30.4309
30.1286
30.0673
30.4322
29.8431
30.0761
29.945
30.3801
29.9288
29.8718
29.862
29.4899
29.8644
30.2905
30.4215
29.6987
29.5918
30.2047
29.9745
30.471
29.8025
29.9758
30.347
30.0018
30.4529
29.8212
29.6589
30.0529
29.8239
30.1202
30.1718
30.1149
30.174
29.96
29.8103
30.2653
29.731
30.4409
30.1255
30.1931
30.1376
29.7498
30.0775
30.0773
30.5262
29.7111
30.0278
29.951
30.0597
30.0923
29.7158
30.247
30.0744
30.4564
30.0725
30.2136
29.8921
30.0355
29.8205
30.0239
29.8439
29.7719
29.6941
30.2638
30.2999
29.8014
30.0917
30.1781
29.9759
30.0238
29.842
29.8301
29.8995
29.699
30.0768
30.0215
30.1058
30.3377
29.5638
30.6463
29.879
29.6786
30.2167
30.0318
30.1377
30.275
29.7781
29.7757
29.9873
29.6948
30.3566
29.7553
30.5022
29.3914
29.9961
29.9577
29.8461
30.1913
29.9904
29.8698
30.1125
30.0541
29.7322
29.7472
30.241
30.2449
29.8031
30.1201
29.5233
29.6039
30.2928
30.2652
29.5693
29.9467
29.9828
30.0076
30.3058
30.3591
29.8054
30.1563
29.214
30.0801
30.1796
30.5562
30.3302
29.8647
29.6905
30.2554
29.9494
29.694
29.6428
30.2705
30.1787
30.1698
30.0013
30.4043
30.2822
30.2113
30.3055
30.1964
29.8319
29.9216
30.1056
30.4508
29.8839
29.9504
29.9053
29.8386
30.1471
30.3329
30.351
30.1143
29.8105
29.9199
29.656
30.0069
29.6513
29.7911
30.2198
29.9987
29.482
30.1873
30.2568
30.3454
30.163
29.9639
29.6186
30.3728
30.1761
30.1828
29.7027
30.1402
29.6753
29.9409
30.049
29.3698
30.3428
29.7347
29.8122
29.8677
29.8713
29.7786
30.4559
29.666
30.2133
30.3757
29.9956
30.4533
29.4528
30.4321
30.1277
29.4507
29.5416
29.8138
29.8702
30.2059
30.3787
29.7591
30.1855
29.9528
30.1207
30.3223
29.5731
29.5686
29.984
29.7331
29.8516
29.5494
30.431
29.8044
30.0516
30.1135
29.9237
29.6713
29.9484
29.4045
29.8721
30.6844
30.1165
29.7156
30.2451
29.8184
29.5716
29.7098
30.0417
30.3595
30.3117
30.1496
29.8324
30.1605
30.2787
30.1785
30.2067
29.9048
30.3627
29.9682
29.2617
29.861
30.0364
29.6812
29.9813
29.8719
30.2718
30.2291
29.8506
29.8945
30.0711
29.8741
29.9684
30.2198
29.9607
30.0951
30.1037
29.6286
29.7931
29.7154
30.0167
29.8046
29.7634
30.052
30.125
30.0933
29.6098
30.2204
29.8442
29.8678
29.7729
29.8358
29.6103
29.9462
29.8044
29.9957
30.2107
30.6541
29.967
30.4236
30.1999
29.9061
29.5998
29.2665
30.3607
29.9537
29.6615
29.9407
30.4064
30.06
30.3576
29.9471
29.9952
30.1233
29.9331
30.1598
30.2911
29.8786
30.3301
29.7593
29.7972
29.9882
30.117
29.9658
29.9258
29.7241
29.7774
29.7315
29.9675
30.2913
29.6599
30.5325
29.89
29.6839
29.7085
29.897
29.9412
30.1695
29.4313
30.0061
29.7327
29.9886
29.5711
30.1911
29.9128
30.2806
29.7254
30.3317
30.1668
29.7214
29.7835
30.1474
29.5514
29.9132
30.0711
29.6729
30.4483
30.718
29.9011
29.9802
29.9108
30.0856
29.6969
30.3091
30.3153
30.1846
30.0339
30.3779
29.9653
29.9905
29.9693
29.9265
30.0601
29.8979
30.0401
29.6496
29.7303
29.6381
30.2464
30.2435
29.8674
30.1281
30.3456
29.7402
29.9278
29.4396
30.1241
29.9638
30.1178
30.079
30.1496
29.9332
30.0336
29.7552
30.3404
29.6828
30.2445
30.0619
29.9147
29.9437
29.969
30.2598
30.0574
29.9798
30.0023
30.1567
30.1482
30.0792
29.6313
29.7356
29.4945
29.9722
29.4273
29.9164
29.9956
29.8452
30.0547
30.2274
30.061
29.4305
29.5625
30.0309
30.1053
30.016
30.0282
30.3997
30.5552
30.2108
30.6558
29.8878
30.2794
29.6982
29.6167
29.5141
29.6277
29.5785
29.8631
29.6649
30.4254
29.9266
30.3457
29.5613
30.1411
30.1907
29.7703
30.2962
30.4785
29.9252
30.0393
29.6596
29.6101
30.6891
30.1537
30.1999
30.451
29.9469
29.991
29.9374
29.8578
29.8261
30.1622
30.024
30.2563
30.01
29.7553
30.1355
29.8197
30.0166
29.9937
30.1286
30.1493
29.4777
29.9612
29.9698
29.961
30.3516
30.0372
30.2256
29.8879
29.7987
30.1695
29.6269
30.2735
29.773
30.1393
30.4275
29.9423
30.3383
29.8309
30.2301
30.1214
29.5909
29.9798
29.5215
30.2772
29.4379
29.6656
30.0718
30.2206
29.922
30.0975
30.0367
30.2959
30.1633
30.3228
30.3857
29.548
30.1813
29.6118
30.1022
29.4763
29.6414
29.8877
29.3878
30.3336
30.071
29.6298
29.4758
30.3098
29.8979
29.7571
30.1617
29.654
29.9695
30.1651
29.7636
29.7182
29.9344
29.8841
29.9093
29.804
29.9714
29.902
30.5522
29.7706
30.0839
30.3391
30.1651
29.9783
29.8115
29.6768
30.3234
30.2308
30.1581
29.6501
29.7159
29.3508
29.7704
30.7655
30.1051
29.5879
29.8586
30.0719
29.8258
29.8026
30.1557
29.785
30.1475
29.901
30.4072
30.1082
29.998
29.9888
30.2828
29.8407
29.8396
29.8026
29.863
29.6252
30.2086
30.0248
29.9654
30.2474
30.0795
29.7851
30.0592
30.3833
29.9585
30.266
29.9017
30.446
30.0667
29.7914
29.8139
30.1478
30.112
29.7476
29.874
29.6164
29.6844
29.7426
30.5341
29.9061
30.1016
29.8889
30.3145
30.1541
30.023
30.207
29.7924
30.2714
29.8982
29.8963
29.9268
29.5901
29.888
29.9965
29.7466
30.1092
30.4487
29.8535
29.7967
30.0966
29.9547
30.4793
29.5849
29.7293
29.8082
29.7557
30.1557
30.1475
30.0555
30.2498
29.9919
29.8439
30.1252
30.2194
30.0478
29.9307
30.107
30.0208
30.0838
30.2371
29.9298
30.5036
30.1634
29.8899
29.9306
29.6932
30.036
29.8013
30.2939
29.7703
30.0438
30.1134
29.8372
29.7753
30.1626
29.5684
30.044
30.1823
30.0574
30.1353
29.7782
30.1374
29.861
30.1604
29.9152
29.4291
29.8147
30.2111
30.0005
30.3855
29.8413
29.7262
30.3064
29.7848
30.1724
30.0827
30.0629
29.8931
30.1362
29.666
30.3213
30.1156
30.0565
30.2773
29.8525
30.1057
30.1031
30.5703
30.1309
29.6665
30.1822
29.7564
30.0674
29.5058
30.1788
29.5088
30.0245
29.8998
30.1477
30.0661
30.069
30.3264
30.2756
30.6897
29.5043
30.1716
29.8747
29.6892
30.2384
29.8722
29.7808
30.004
30.1999
29.8895
30.1754
29.9343
29.8891
29.9537
30.009
29.9777
29.8319
30.0793
30.0891
29.9688
30.0893
29.6834
30.1431
29.9875
29.761
30.3417
30.161
30.2878
29.9201
30.2912
30.115
29.5193
29.5914
30.0293
29.7137
30.333
29.9653
30.066
30.2028
29.7318
29.9798
30.473
29.7325
29.7829
29.8442
29.8772
30.356
30.0743
30.0426
30.3181
30.0707
29.5982
30.0142
30.2188
29.5761
30.2243
30.2603
29.8549
29.8527
29.8582
29.6498
30.178
29.8546
30.1634
30.078
30.3771
30.0644
29.0856
30.3877
30.1155
30.1028
29.7385
30.0865
30.2902
30.06
29.6
29.8938
29.911
29.6799
29.6578
29.856
30.1613
30.3773
30.0223
29.5296
29.9095
29.7494
29.7774
30.1128
30.3736
29.8049
29.9382
30.057
30.4499
30.1709
30.0132
30.2814
29.5966
30.0914
30.0518
29.8419
29.7763
29.9254
30.1696
30.1819
29.7076
30.0527
29.9629
30.1731
30.2569
30.0511
29.7855
30.4809
30.1764
29.7033
29.7781
29.7552
29.5718
29.8945
29.7716
30.2458
30.8831
30.2406
30.4269
30.0175
30.0028
29.7248
30.0089
29.7148
30.0424
29.9477
29.9405
29.7169
29.743
29.6173
30.1465
30.1443
29.9065
29.732
29.914
29.6298
30.8014
29.9468
30.2783
30.1468
30.014
29.9955
30.0397
30.1091
30.1007
30.1327
29.8535
29.5297
30.3955
29.742
30.1326
30.2128
30.3399
30.3075
29.6388
30.2847
29.7421
29.7729
29.389
30.5572
29.7477
30.1138
29.79
29.8343
29.7284
29.9173
30.0757
30.1926
30.3115
30.4677
30.3664
29.9293
29.9528
29.9107
30.2307
30.2016
29.8229
29.989
30.2515
29.9476
29.8818
30.0899
30.368
29.8555
30.3537
29.6681
30.0816
30.1477
29.9565
30.4917
30.2715
29.6806
30.2087
29.8522
29.8912
29.6841
30.1076
29.8843
29.9205
29.8438
30.0201
29.8668
30.084
30.1048
30.0429
30.3934
29.6781
30.3066
30.4071
30.1186
30.0218
29.913
30.1865
29.8357
30.2678
29.8157
29.7629
29.965
29.9098
29.8766
30.0602
30.3326
30.3286
29.9437
29.6795
29.8283
29.6674
29.8341
30.1762
30.2301
30.1509
29.9834
30.2342
29.6557
30.0696
30.3332
29.9963
30.3639
29.6854
29.9145
30.0406
29.8077
29.6641
29.6575
30.2662
30.1126
29.4761
29.7922
29.7092
30.23
29.9153
30.2305
29.7506
30.0655
30.1735
29.8252
29.817
30.2488
30.1787
29.7244
29.708
30.2062
30.1083
29.7781
30.0741
29.615
30.1123
30.0373
29.8426
29.9689
30.0557
30.1523
29.832
29.5339
29.8703
29.5444
30.1548
30.2311
30.0642
29.44
29.7861
29.7903
29.807
30.1548
29.8727
30.6389
29.867
30.0867
30.3691
30.0627
30.4581
30.0304
29.2841
30.3149
29.989
30.5377
30.0192
30.1244
29.8727
29.814
29.709
30.1209
29.6918
29.9587
29.9611
29.9257
30.0646
30.1087
29.9746
29.4065
30.3075
29.8466
30.1662
29.8755
30.0848
29.7938
29.9723
30.3282
30.419
30.0386
30.24
29.8466
29.6797
30.1111
30.3828
30.0478
29.6102
30.159
29.8678
29.9138
29.826
30.2518
29.7322
30.123
29.4438
29.6999
29.8337
29.8854
29.7725
30.3559
29.9355
30.1402
30.5383
30.1333
30.1601
29.737
29.5311
29.9388
30.0241
29.5976
30.1926
29.7831
29.6674
30.5568
30.2047
30.0062
29.9491
30.0098
29.9003
29.7103
29.7339
29.6771
30.0502
29.9058
30.4398
29.7444
29.6099
30.1583
30.359
30.3586
30.3989
29.9602
29.7029
30.2563
29.6207
29.9845
30.0826
29.7888
29.8206
29.9045
30.3241
29.5678
30.264
30.151
30.1374
30.0261
29.9671
30.0642
30.2118
29.9911
29.8249
29.7929
30.0997
29.6242
29.8077
29.9735
30.0194
29.6937
30.1202
30.2213
30.1174
30.1149
29.8626
30.2143
30.2847
29.8956
30.4821
30.1267
30.1157
30.0162
30.065
29.9802
29.2753
30.0349
29.8732
29.5341
29.9046
29.9062
29.764
29.8635
29.9964
30.0355
30.4579
30.0072
30.0333
30.1056
29.6419
29.9102
29.5833
29.9237
29.9501
30.1964
30.0393
30.1394
30.2868
30.6264
29.6437
29.8759
29.9305
29.9136
30.199
29.308
30.3129
29.7824
30.4403
30.0063
29.5239
29.8346
30.1783
29.9143
29.8355
30.2382
30.1196
30.0226
29.7145
29.8678
30.2898
29.8956
30.0551
30.1843
30.2895
29.7136
30.3137
29.85
30.221
29.8263
29.9731
29.8754
30.3827
29.882
29.9856
30.2046
30.324
30.371
29.5885
29.9214
30.0604
30.2563
30.1331
29.6918
30.7096
30.2041
30.2884
29.5923
30.3932
30.0051
30.441
30.1557
30.1341
30.0331
29.854
29.842
30.1744
29.8173
29.95
30.1975
29.9657
30.2852
29.8119
30.4432
30.1288
30.0522
30.5061
29.3322
30.2027
30.7758
30.1741
30.0028
30.1093
30.2582
30.1443
30.1452
29.9942
29.9545
30.4226
30.3152
29.9496
30.0816
29.8016
30.2435
29.5108
30.3284
30.1834
30.1792
30.2543
30.2551
30.0702
29.9394
30.3735
29.8391
30.1501
30.0645
30.1857
30.3562
30.0611
29.9665
29.7806
29.6427
30.0812
29.774
29.9139
29.8715
30.1311
29.9858
30.0268
30.0669
30.3098
29.3439
30.28
29.87
30.3671
30.0525
30.4355
29.766
30.0214
30.2463
29.475
30.1916
29.8126
30.5179
29.9039
30.0901
30.0547
30.2929
29.6636
30.2278
30.0365
30.4782
29.766
29.6048
30.035
29.8035
30.1824
29.6627
29.5929
29.7085
29.5378
29.912
29.9045
29.8187
30.0528
29.8834
29.8028
30.2916
29.8554
30.2971
29.7764
30.2588
29.7502
29.6608
29.6483
30.1
30.0433
29.8188
29.549
30.0018
30.003
29.9003
29.9312
30.0787
30.239
30.0932
29.762
29.7139
29.5027
29.5055
29.7874
30.0313
29.7938
29.8429
29.9235
30.4537
29.9707
29.7323
29.9173
30.0742
29.7392
29.7994
29.6246
30.2009
29.9426
30.2383
29.9974
29.8075
29.8525
29.8591
30.2623
30.556
30.1072
29.9858
29.8498
30.4239
30.0541
30.1054
30.2012
29.9537
29.8094
29.8559
30.4803
29.2685
30.143
30.0552
29.8842
30.5052
29.7907
30.2321
29.6497
29.7926
30.6923
30.0845
30.2168
29.6434
29.8921
30.487
30.0101
29.7549
30.2204
29.6252
30.2774
30.0626
30.0266
29.8721
30.477
30.1984
30.3226
30.0742
30.2341
30.2737
29.852
29.9975
30.2345
29.9829
29.9477
29.7717
30.0697
30.4087
30.0092
30.0353
30.2609
30.2911
29.9358
29.4224
30.1317
30.0972
30.4148
29.698
29.9025
29.964
29.9696
29.9012
29.9646
30.4422
29.8562
29.9947
29.8023
29.65
29.6576
30.0403
30.4704
29.8144
30.015
30.0177
30.1734
30.402
29.8167
30.1166
29.6694
29.5099
29.6935
30.083
30.1155
29.93
29.8146
29.674
30.2999
30.3439
30.0396
30.2743
29.9794
29.797
30.2514
30.229
29.8318
29.6046
29.5928
30.3296
29.9012
30.0615
30.364
29.9588
29.9064
30.1169
29.926
29.6084
29.7452
30.143
30.3653
29.831
30.1047
30.2769
29.5764
29.8866
29.9481
29.819
30.1054
30.0296
30.068
29.8974
30.4142
29.7306
29.8404
29.6242
29.9278
29.543
29.7877
30.3199
30.2632
30.1622
29.9378
29.6356
29.7954
30.0319
30.3874
29.8798
30.0553
30.2567
30.0589
30.0895
29.7174
30.1032
29.9419
29.8738
30.3659
29.6334
30.5903
29.9591
29.9658
29.8961
29.7047
29.6639
29.8533
30.0945
30.1799
30.2228
30.3345
30.1631
29.9125
29.4572
29.5024
29.5092
29.7005
29.8248
30.1303
29.6965
30.1107
30.0852
29.843
30.06
29.6746
30.2681
30.3379
29.5316
29.9371
29.9381
29.8687
30.4634
30.2473
29.938
30.0416
30.4849
29.9179
30.458
30.354
30.229
30.2182
29.9027
30.0084
30.1136
29.649
30.383
30.5825
29.7285
29.8136
30.2384
29.9871
30.2585
29.819
30.2467
30.0149
30.4696
29.9667
30.0914
29.9055
30.1328
30.0525
30.2711
30.4563
30.1876
30.1833
30.0911
30.3162
30.2186
29.8387
29.7795
30.4255
29.787
30.2302
30.2505
29.8023
29.8635
29.5071
29.9121
29.5031
30.0245
30.1314
30.5485
30.1409
30.0494
29.6663
30.35
30.0704
30.243
29.7462
30.0023
29.4879
29.5074
30.2262
29.9198
29.8794
30.2305
30.2766
30.2819
29.3838
30.2243
30.1225
29.8182
29.5609
29.9155
29.6286
30.3424
29.735
30.3747
30.2321
30.1732
29.7881
29.8157
29.8174
29.7857
29.3749
30.3891
30.3148
29.7708
30.308
29.9467
29.8128
30.1296
29.77
29.8215
29.4915
30.0637
29.9309
29.884
30.0919
29.9582
30.0207
29.7729
29.8272
29.9408
30.041
30.2946
29.5853
30.3115
29.9001
30.4868
29.6606
29.6424
29.9989
30.0663
30.0039
29.8803
30.347
29.7526
30.2909
30.0581
30.3669
30.3776
30.044
29.7218
30.1149
29.9038
29.8288
30.4679
29.8283
29.6611
29.7279
30.1411
30.103
29.7636
30.2539
30.0095
29.9471
30.3048
30.2538
29.6585
30.1076
29.9349
29.988
30.2196
30.2691
30.1455
29.8936
29.8264
30.1593
29.9672
29.8556
30.3478
29.4862
29.7496
30.2041
29.9932
30.5105
29.8689
30.1146
29.6489
29.9399
29.9503
29.7908
30.0688
30.24
30.0395
30.1817
29.9386
29.8258
29.956
29.7461
30.3904
29.4496
29.9275
29.4655
30.0797
30.1985
30.2167
30.1127
29.9445
29.9893
29.8025
30.1755
30.0896
30.0303
29.6075
29.7755
30.2795
30.2809
30.2487
30.0244
30.1179
29.7561
29.6958
30.0458
29.9388
30.1239
30.0334
30.4458
30.5336
29.9872
30.2508
30.274
30.3804
30.0617
29.7614
30.2151
30.3344
29.7463
29.7783
30.233
30.2915
29.8925
29.5448
29.5495
29.9214
30.3396
30.057
29.7122
29.8316
29.7171
29.8289
29.6539
29.8063
30.0574
30.0311
29.9599
30.1074
29.8738
29.9624
29.9065
30.0046
30.1175
30.1024
29.794
29.9731
29.9649
30.6792
30.0068
30.0443
29.6653
30.2196
29.9545
30.3718
29.9247
30.475
29.9965
30.2453
30.1893
30.0298
29.8184
29.9672
29.835
29.9112
30.2343
29.7628
30.2989
30.2329
30.1477
29.7951
29.8958
29.9022
29.833
30.1874
30.2641
29.7489
30.1817
30.0616
30.1087
29.6294
30.0906
30.1042
30.4194
29.7463
30.0857
29.8457
29.8575
30.3732
29.8899
29.755
30.2157
29.8631
29.695
30.0755
29.8467
29.8185
30.0231
30.0199
29.5135
30.0163
29.9052
29.8289
29.296
29.9805
29.8975
30.0627
30.178
29.8418
29.667
30.2387
30.6268
30.5257
29.6219
30.4893
29.735
30.4797
30.604
29.9055
30.0246
29.7514
30.0987
30.0639
29.9183
29.5523
29.6748
30.0817
30.1446
29.7262
30.6021
29.9004
29.8739
30.0646
30.1176
30.1336
30.4223
29.9278
30.0976
29.7086
29.8787
30.2916
30.2734
30.1387
29.8466
30.1617
30.1528
30.165
30.0308
29.8482
29.8458
29.8164
29.8285
30.1873
29.9931
30.1196
29.9138
30.0134
29.6359
30.1723
30.4195
30.2772
29.8529
30.0407
30.3117
29.5291
29.5605
29.8521
30.0201
30.2898
30.03
30.2298
30.1472
30.3479
29.9465
29.4525
29.9344
29.6321
30.6625
30.1755
29.4238
30.0691
29.8677
29.6085
29.8151
30.1679
29.9794
30.0992
30.1472
30.1086
29.9684
29.9829
30.0937
29.7259
29.4012
29.9921
30.0707
29.9739
30.1866
30.5595
30.0836
29.7238
30.0363
29.8169
29.4434
29.9161
30.0892
29.5968
30.032
29.9185
30.0641
29.9564
30.2858
29.925
29.9086
29.8683
29.5195
30.1311
30.6097
29.9877
30.2487
30.5191
29.9778
30.1038
29.9059
29.988
29.8491
30.0274
30.2592
30.1796
29.9389
29.9897
30.3991
30.0831
30.1573
30.2887
30.178
29.8162
29.9375
30.3575
29.6029
30.1472
30.2784
29.8773
30.4453
29.9627
29.9269
29.8502
29.3231
30.0396
30.4203
29.8622
30.1272
29.6414
29.6083
29.7403
30.934
29.8169
30.1152
30.5846
30.0278
29.7891
30.2352
30.0259
29.9145
30.0807
29.8948
29.9812
29.8336
29.8361
29.9088
29.7166
30.0597
30.0125
29.8667
30.367
29.5178
29.9386
30.1139
30.3027
29.3601
29.7942
30.057
30.3859
29.9013
29.6683
30.3727
30.0508
30.06
29.9519
29.9617
29.6792
29.8061
30.2189
30.0027
29.5876
29.9971
30.2104
30.2471
29.959
30.0015
29.8458
30.3535
30.1053
29.7502
29.6929
29.6474
29.6026
30.5295
30.2221
29.8904
30.0456
30.1444
29.9219
29.9541
30.0951
30.0726
30.0206
29.849
30.1606
30.1146
29.7117
29.8073
29.6269
29.9908
30.2002
29.9686
30.069
29.9824
29.9429
29.757
30.0402
29.5092
29.8658
30.2432
30.003
29.6117
29.6367
29.9884
29.9456
30.1335
30.2844
29.8287
29.8011
30.6321
30.1985
29.4212
30.2012
29.9457
30.3949
30.0175
30.429
29.8314
29.7438
30.1471
29.9596
30.0288
29.7648
29.7515
30.117
30.1502
30.1234
30.1742
30.7262
30.4081
29.921
30.0712
29.7757
30.2294
30.0997
30.3049
30.0447
30.1999
29.6926
30.1505
29.971
30.1137
30.0811
30.4494
29.934
30.4182
29.3724
29.9245
29.8359
29.9721
30.3318
29.9662
30.2918
30.1579
29.7995
30.0423
29.8573
29.9346
30.1182
30.1411
30.1545
30.0482
29.8376
30.1852
30.2027
29.606
30.23
29.7015
30.2428
29.9537
29.738
30.2786
29.8812
30.2216
30.3804
29.8259
30.2982
30.0861
29.988
29.7511
30.3606
29.8978
29.5717
30.053
30.0372
30.0602
29.7797
29.7736
30.0948
30.1421
29.8216
29.6586
29.8759
29.5625
30.5163
29.8776
30.2952
29.9184
29.9794
29.4794
30.0947
30.3639
29.7459
29.9624
29.6839
30.0987
29.9552
29.869
29.9878
30.5637
30.4541
30.1376
30.205
29.7778
30.1092
29.9073
30.1668
29.9316
30.0767
30.3769
29.7414
30.2804
30.4753
30.1518
30.5514
30.1188
29.6339
30.1781
29.7081
29.7499
29.902
30.4482
29.5043
29.9133
29.9895
29.5756
29.9384
30.2878
30.0482
30.0296
29.8734
29.7958
30.0823
30.3157
30.1936
29.6479
29.5278
29.9519
30.0479
30.1191
29.718
29.866
29.8793
30.193
29.8183
29.9843
29.8824
30.3001
30.2098
29.787
30.2409
29.4824
29.9635
29.9582
30.0944
30.0403
29.7824
29.92
29.9767
29.7705
30.0494
30.0222
30.0242
29.8952
30.0984
30.2424
30.051
29.7271
30.4108
30.2419
29.7611
29.9909
29.9398
29.5907
29.5198
30.3585
29.5036
29.9035
30.1083
29.6107
30.1722
30.2107
29.7264
29.8057
29.9309
30.1904
29.9952
30.1894
30.2146
30.0996
29.7837
30.126
29.9531
30.0845
29.7934
29.894
29.7187
29.7618
30.5802
30.5166
29.3947
30.4211
29.984
29.7188
29.8286
29.8496
30.2435
29.8571
30.5089
30.2052
30.0209
29.9533
29.8155
30.2993
29.8704
29.9117
30.1248
30.0284
30.0537
30.0754
29.9603
30.4263
30.5001
30.0326
29.9602
29.8629
29.7353
30.091
29.9821
29.6594
29.4904
29.8708
29.4044
30.2232
30.3261
29.4938
30.1646
29.8711
30.1095
29.8278
30.2458
30.3435
30.0133
30.2076
29.8836
29.9205
30.2897
30.5579
30.1386
30.6662
30.4488
29.8546
30.1671
29.7204
30.3223
29.9435
30.0651
29.7631
29.8536
29.9376
29.5843
29.896
29.8207
29.8715
30.0206
29.9193
29.9348
29.9599
30.1721
30.219
29.7872
30.4847
30.0074
29.856
30.0006
30.0342
30.115
29.6511
29.8557
29.6165
29.8989
30.3177
29.8965
30.1885
30.0282
29.7438
29.8387
30.1082
29.6794
29.4498
29.8291
29.9702
29.9569
30.0661
30.0224
30.196
29.9059
30.1059
29.8366
29.7927
29.7296
29.8651
29.899
30.2814
30.4099
30.0312
30.2204
30.0752
29.8277
30.0404
29.7488
30.0251
29.9315
30.0832
29.8473
29.8325
29.4956
29.9005
29.7762
30.3628
30.1361
30.2564
29.9252
29.9156
30.0681
30.0283
30.0371
29.4616
30.1414
29.7826
29.9968
30.0464
30.0163
30.212
30.1728
29.9604
30.325
29.7768
30.1093
30.1009
29.9834
30.0534
30.5241
29.9453
30.0743
30.3098
30.1232
29.9447
30.3162
29.8352
30.1149
29.7908
29.7265
29.4196
29.6324
30.3425
29.7891
30.117
29.8682
30.1939
29.9144
30.349
29.8367
30.1384
30.379
30.0414
29.4908
29.6193
30.326
30.4257
30.3431
29.7876
30.2341
29.7709
30.0381
29.7842
29.6231
30.2619
29.8717
29.7698
30.056
30.2247
30.2044
30.2925
30.4249
29.6359
30.2063
29.9163
30.3771
29.7827
30.1667
30.6204
30.2363
30.147
30.4949
29.8512
29.7378
30.1004
29.5146
29.9269
29.5666
30.185
30.1111
29.9989
30.1706
30.2036
30.2325
30.3588
30.2083
30.1279
30.0888
29.7324
29.7297
30.7044
29.8627
30.0874
29.711
30.5184
29.8511
30.3862
30.3689
29.9955
30.1345
29.903
30.123
29.941
29.929
29.7429
29.3707
29.5804
29.9405
29.9865
29.9422
29.7687
30.123
30.3659
30.1366
30.1485
30.4476
30.2924
29.7337
29.6977
29.7695
30.1446
30.2594
30.0843
29.8487
30.1258
29.8872
30.3044
29.7932
29.9742
29.8147
30.0578
30.2441
29.9776
30.1644
30.0465
30.2073
30.2489
30.2429
29.7721
29.6112
30.1053
30.0403
29.9715
30.2206
29.8634
30.1163
30.0651
29.9616
29.8296
29.861
30.2317
29.9935
30.0771
30.3163
29.9061
29.8715
30.3639
29.502
30.0751
29.708
30.2869
29.4266
30.1032
30.388
30.1389
29.9988
29.6409
30.2256
29.6562
30.1247
30.0915
30.1577
30.3173
29.9219
29.9904
29.8414
29.8231
30.0233
30.3945
29.8111
30.2146
29.8064
30.1908
29.8432
30.0446
29.8133
30.0477
29.8694
29.9381
30.0832
29.4329
30.1333
29.8507
30.217
30.2545
30.126
30.0543
30.2325
29.9043
29.7367
30.3071
30.3161
29.8562
29.9606
29.9087
30.2625
30.1793
29.8849
29.4556
30.0871
30.1206
30.0471
30.0385
29.8966
30.1448
30.119
30.3005
29.9831
29.8724
30.033
29.847
29.9944
29.7488
30.1273
30.0386
29.9924
30.0534
30.0396
30.0504
29.7936
30.2017
30.2215
29.7764
30.1722
29.784
30.0919
30.477
30.0416
29.6519
29.5993
30.1039
29.7597
29.6709
30.1411
29.9798
29.8819
30.4028
30.0782
30.0244
30.4009
30.318
29.6745
29.723
30.1494
30.0158
29.6408
29.8219
30.1457
30.1454
29.9131
30.0055
29.7051
30.142
29.9453
29.6108
29.8428
30.125
30.41
29.9002
30.2885
29.6646
30.1491
29.5978
29.9077
30.2641
30.203
29.8707
29.7338
30.0794
30.278
30.3593
29.8486
29.5769
29.8832
30.1328
30.2544
29.5783
29.7444
29.8451
30.4218
29.8296
30.1374
30.1432
29.8211
30.0921
30.1527
30.1232
30.1697
29.8594
29.9837
29.683
29.7877
30.0136
30.0848
29.8895
29.9354
30.1792
30.2526
29.7381
30.1701
30.3934
30.1639
29.5842
29.8222
29.7578
29.7399
29.785
30.0537
29.8239
29.9601
29.7023
29.9371
29.539
29.5552
29.8122
30.0438
30.0223
29.9601
30.2894
29.6096
30.2799
30.1044
29.6414
30.1746
30.1854
29.6948
29.9244
30.1564
29.8193
29.8868
30.0723
30.1574
29.7247
29.9163
30.0932
29.8038
29.5341
30.3098
29.873
29.51
30.0124
29.8914
29.9967
29.9102
30.1184
29.2405
30.1183
30.0699
30.0575
30.2054
29.7988
29.9637
30.0128
30.3001
30.0459
30.0906
30.612
30.0629
29.8487
30.1083
30.0705
30.6253
30.1329
30.2892
29.7998
29.5898
30.2405
29.0428
30.1814
29.9462
30.081
29.9166
29.6015
30.0124
30.1274
29.6408
29.6752
30.1747
30.0302
29.7763
30.1615
30.3102
30.1854
29.994
29.994
30.1649
29.6778
29.7347
30.237
29.8704
30.3167
30.1226
29.4749
29.8575
30.2347
29.984
29.8487
29.829
29.4384
29.7676
29.5474
30.0589
30.2263
30.2093
30.3576
30.0647
29.7305
30.3848
30.2129
30.0175
29.8064
30.0313
29.6934
29.9377
30.3228
30.039
29.9356
30.0902
30.1606
30.0117
30.304
30.3007
29.9735
29.5932
29.6669
29.9212
29.6443
29.8516
30.0333
29.6436
29.972
30.0755
29.5416
29.8302
29.8826
29.3374
30.121
29.58
30.0418
29.9331
29.9349
30.2542
29.7449
29.8607
29.7243
30.5124
29.9605
29.6556
30.1379
30.2066
29.7302
30.1054
30.0463
30.4202
30.014
30.1235
30.2422
30.2094
30.3992
30.0355
30.16
30.1504
29.962
29.9088
29.8104
29.9808
29.788
30.1735
29.8478
29.5882
30.0745
29.9362
30.0085
29.6781
30.3274
29.8176
30.0848
30.2128
30.0088
29.8586
30.0844
29.829
30.0936
30.1978
30.4277
30.2712
30.1468
29.7043
29.6877
30.1066
30.0344
30.3696
30.3568
29.6691
30.2923
30.4818
29.7628
29.8051
29.9178
29.886
30.0144
29.9526
30.0462
30.0987
30.1959
30.0612
29.8817
29.7701
29.9384
30.031
29.767
29.9366
30.0866
29.44
29.3058
29.9633
30.2083
30.2764
29.9853
29.9152
29.9018
29.9185
30.3088
30.266
30.0206
30.2972
30.0939
30.0695
29.8535
29.8226
30.0509
30.305
30.2813
29.4195
29.9912
29.6954
30.4812
30.2765
30.1703
29.4312
29.8356
29.8629
30.1428
30.4904
30.0663
29.788
29.9422
29.8484
29.5793
30.0378
29.9886
29.849
30.0408
29.9615
30.0981
29.7767
30.2151
29.9342
30.2058
30.3147
30.1915
29.8151
29.6011
29.9454
30.0397
30.0043
29.5201
29.69
30.1387
30.4615
30.2722
30.0655
30.7975
30.5615
30.0141
30.1274
29.7928
29.7707
29.8315
30.3892
30.0509
30.038
29.9744
30.1345
29.6398
30.0768
30.064
30.2852
29.924
30.1688
29.8796
30.2416
29.7951
29.7546
29.6496
30.1326
29.5392
30.073
29.9977
30.1325
30.1339
29.985
29.9957
29.8309
