36.1125
47.0478
56.5572
51.9774
91.6644
48.8364
45.8453
42.519
47.6041
63.7661
48.9333
85.2362
53.9676
47.6078
42.2588
57.9859
36.0567
54.139
43.3263
104.624
44.2862
67.5209
46.3736
33.6745
57.0396
33.2985
66.5888
72.3741
40.9057
43.0044
59.141
53.2592
38.4183
37.7527
57.9354
49.4336
55.3106
41.4832
68.629
51.2214
78.6831
51.9631
75.7855
57.9123
76.1552
183.307
15.3079
42.2959
54.8051
50.5826
52.6404
39.6605
60.409
62.1689
49.8118
48.1672
52.0718
44.8791
64.8842
61.0627
40.7836
69.658
70.9886
57.9306
56.3764
47.9971
46.0675
8878.28
50.7881
80.9941
56.2288
80.0931
56.5628
81.5063
63.4282
39.9011
61.6725
43.3469
51.0663
48.6609
39.5397
55.5893
66.5728
60.9734
47.4021
75.8223
49.7625
47.6412
57.986
21.6247
56.3383
69.4463
48.4829
47.638
44.8227
53.0835
73.4152
71.6276
27.7576
30.368
66.7262
40.2319
38.3699
53.5112
43.2061
157.61
41.3254
52.7175
41.6928
47.9094
61.7937
51.1443
54.3768
56.2219
52.2789
51.568
88.288
36.1658
55.0194
71.1156
50.2259
68.9715
31.3816
50.7214
42.5165
53.4687
36.0986
60.1426
38.5275
47.1623
70.573
68.3378
93.1198
38.6209
44.8783
45.9297
48.8571
42.8669
92.192
47.2992
77.2142
36.6869
43.6902
63.1478
41.1094
96.7115
86.4363
43.8284
41.0109
43.3735
35.8181
42.321
52.901
57.0889
41.9957
75.0475
66.9591
44.6363
44.6765
36.3258
33.3953
27.706
61.0418
63.5112
52.9456
45.4415
49.832
71.2409
49.2107
59.6455
49.4992
48.2023
44.4819
35.8334
33.9434
50.4815
58.8834
33.9531
43.5502
88.7415
50.417
88.4442
69.4698
57.6814
56.5109
81.4469
51.7681
34.1033
48.9309
63.9341
33.3708
45.5654
36.679
50.5554
57.5928
51.3384
38.6842
42.9517
40.6967
53.8135
61.7175
70.3535
45.5164
43.4152
72.2408
64.4769
36.627
87.7679
54.7473
65.1444
37.8588
58.9339
50.7485
35.1237
67.5679
52.3573
47.0473
63.4967
52.4061
43.2569
46.9121
36.3232
39.7066
39.737
59.9391
62.9522
47.8692
56.0981
41.6088
36.1987
58.6977
44.7209
68.9982
81.4844
41.419
51.9739
75.3638
64.1923
61.9516
48.8715
47.8722
44.0726
47.1443
56.2376
56.1304
61.9568
40.9152
69.6949
46.4228
42.5785
62.1417
56.7725
105.868
32.734
64.9711
44.3543
90.293
181.614
45.8645
76.9011
40.5357
47.0612
60.9293
51.4482
45.3975
66.2385
52.2761
45.663
37.6838
41.2161
55.5243
41.1803
48.4336
36.8288
42.1428
48.5918
51.8128
54.2772
115.815
49.6379
43.7981
46.8608
47.4459
54.6875
47.0454
45.6588
52.8476
46.736
46.1185
198.243
49.7428
60.3678
64.5906
62.9056
40.0287
50.4953
34.3261
62.7701
52.4043
54.2382
49.235
36.0051
53.1533
70.9165
71.9441
57.5927
62.7167
64.7387
36.5572
45.0053
57.0298
67.3064
67.1307
45.8247
50.4666
60.6351
41.951
59.873
35.7517
73.5562
33.065
53.0548
31.7181
49.3963
73.0603
65.6526
72.8541
87.5101
61.0068
44.212
62.0589
62.8591
41.6629
38.6943
50.3498
52.1713
43.7553
232.814
62.363
37.9791
23.2763
65.8461
52.2573
111.219
40.5276
74.4773
51.2813
35.6986
41.0628
40.2959
46.7506
69.4642
50.7346
62.5284
58.0069
43.2493
43.9331
44.2976
35.387
67.3698
100.315
50.3699
59.1632
24.1848
33.941
48.2962
35.1876
56.8135
52.7423
67.713
75.5364
68.2121
109.832
62.4469
59.5799
43.8873
74.6115
39.2602
52.8252
74.2271
78.5868
58.7809
40.2144
97.5127
72.0005
55.6808
49.9216
58.1369
69.3056
42.1093
41.1086
47.2731
49.5936
136.549
257.265
40.7944
54.9498
61.1145
25.6212
38.2935
45.7496
43.2412
28.2418
38.9135
38.8427
46.0267
43.0313
48.7501
40.5946
80.2367
77.5307
35.784
52.8707
43.083
49.0645
76.6768
63.8269
64.0308
65.5491
52.7872
55.295
43.1719
59.4797
47.725
51.9357
73.4218
35.8127
55.1786
69.948
42.0757
75.3341
66.0398
53.1591
31.9849
61.7158
54.7888
58.5302
72.213
35.0914
39.8625
29.0079
47.0897
41.7565
87.6842
38.4473
76.3622
44.5838
52.6571
44.0813
61.0545
54.1387
58.6417
50.6158
38.3999
56.6962
53.5559
72.4184
47.6077
73.4129
57.5845
57.0939
54.1959
51.348
49.7427
39.22
66.0054
38.6527
31.2682
98.662
39.5895
53.9918
62.783
39.671
56.8985
48.6752
48.6982
52.0981
68.8278
48.5354
75.7651
51.496
54.1634
52.0057
54.3929
46.9962
44.6655
38.8351
56.9838
79.6213
46.2143
42.4683
47.9781
27.1237
73.8776
58.078
58.1361
50.2461
61.1647
64.7526
45.5106
42.8258
53.8154
76.507
86.0318
36.2268
42.5287
52.1886
43.1405
52.6493
55.9741
44.2335
84.8602
48.8716
56.5054
58.2373
46.1595
60.2521
47.2327
41.8786
28.5268
49.7371
46.755
58.0259
66.0373
51.5666
40.9701
44.2001
27.9202
81.6178
47.9035
32.2181
47.6212
39.025
54.081
33.7829
61.5346
38.0224
51.0891
33.9883
26.6601
46.7774
60.6692
37.9823
53.3152
49.0996
54.4316
37.6643
69.7138
56.0038
51.2366
65.5963
39.7077
45.909
61.1797
52.6081
50.4546
94.6352
59.682
47.0096
79.031
69.5734
51.5792
52.5429
36.6814
48.1506
38.2599
159.368
37.7811
56.3008
59.5615
54.9549
77.3964
56.0042
47.8238
59.5911
47.2939
96.3513
28.0509
43.0156
31.3871
32.8223
49.4276
53.6881
38.6083
49.8814
103.717
83.8289
58.7977
41.0197
56.5558
35.0557
45.4579
28.3429
66.1233
49.9032
57.2033
53.5648
53.2163
55.0135
38.3586
27.2684
54.4225
78.1164
48.5744
58.7272
48.9675
69.8659
54.8538
49.1182
42.5977
36.5977
43.5548
37.4537
48.8346
41.67
74.968
48.5731
49.9843
62.3452
52.6918
47.6694
36.3259
51.9454
53.2611
55.184
59.1581
47.2772
68.0657
81.0644
65.3075
47.39
67.8708
43.2632
34.8632
46.4782
46.7818
33.8708
41.0477
25.728
46.2447
56.6122
54.0551
52.7064
57.7639
55.7286
40.9559
41.226
63.4427
62.195
45.9298
38.1724
52.1688
51.2812
51.4523
63.0086
25.3041
70.1727
97.0509
76.4907
43.4155
42.8807
29.2982
58.7851
95.4445
41.3051
60.6018
41.6442
64.4302
64.9352
42.646
66.3888
55.4606
61.1464
61.279
39.1851
36.5156
68.825
51.4116
38.6861
93.9337
73.8639
53.9638
41.3579
50.749
73.0405
50.9983
64.211
45.3725
58.1963
41.6977
40.4934
63.6848
57.3936
41.6467
73.1271
44.8605
53.1341
70.0926
65.2103
34.6862
50.6974
82.8128
81.6406
61.0569
40.0324
72.2512
83.3717
37.533
60.1903
54.9205
48.2575
169.666
57.5311
52.2602
62.1259
57.5704
42.5738
51.3139
48.3345
44.2942
49.712
39.3537
48.2896
92.8297
57.7532
26.3654
40.5631
60.1844
65.3518
42.8617
46.9714
59.9701
46.9173
52.231
49.8914
51.4662
52.3912
31.5428
65.3623
100.632
60.5504
30.0048
39.637
49.6719
78.2799
41.6253
57.2717
40.3663
31.5446
76.9951
32.5831
53.094
44.4044
61.0562
41.9643
56.508
62.5964
61.9584
56.4119
48.1329
45.3058
52.6494
49.2353
29.2707
40.8251
65.404
63.8188
48.9918
93.9906
95.2284
41.4803
46.4067
142.51
46.6125
37.526
43.7936
38.7992
86.69
76.6689
45.6219
71.9609
38.8328
55.6711
58.6516
40.0438
39.8168
49.6221
41.7427
58.8009
52.3449
72.103
75.3281
49.973
63.8311
66.223
57.7751
48.2729
31.8739
50.4646
60.0078
40.5176
43.3875
51.8263
45.4286
76.9431
60.7156
72.8852
125.307
49.7856
44.3111
67.8239
58.125
33.6336
19.7894
100.736
84.3093
73.7253
48.7092
50.8476
54.9486
43.7223
33.6586
49.8025
64.9096
53.5445
50.5335
46.5509
65.7616
49.7033
52.1164
51.6068
61.7634
45.9058
73.0055
46.0233
52.0777
45.0173
76.035
56.2943
54.2505
52.8367
50.3024
124.106
51.1739
55.8233
52.1939
50.8804
51.4631
52.1288
56.3785
39.3243
41.5594
43.1673
30.7352
76.351
81.3989
35.2403
39.1172
85.1041
49.0202
33.9629
67.1545
61.033
36.3921
65.3005
32.5484
54.1442
43.3348
55.6796
39.5957
38.4284
54.2789
37.357
50.8782
66.7618
38.0437
67.9232
40.1854
29.6783
130.693
39.5657
65.2138
74.5345
31.8567
73.0603
60.526
60.4045
58.3036
61.324
59.1446
47.1202
45.776
50.0518
56.8253
53.4699
88.7495
38.558
64.5626
49.3535
36.2187
57.318
50.5685
45.806
130.29
71.9246
51.9392
38.953
54.6419
39.1826
50.3493
46.5075
40.5751
49.6938
56.2805
28.6788
29.7969
65.4604
53.7342
34.6125
75.3257
66.0966
66.4159
26.5033
49.0118
31.0122
39.7281
42.4486
50.5625
37.834
43.9383
47.0849
33.8716
42.86
31.3788
28.0674
81.2322
61.2683
39.8069
97.2012
49.8259
47.4113
84.3105
49.2792
55.0598
36.1335
55.3586
49.6527
41.8502
35.6403
54.0687
55.2939
128.343
48.8899
45.473
56.0194
49.4228
43.5255
33.2
47.2336
54.2263
43.5497
60.6077
51.1812
33.1018
48.0536
43.1581
62.4182
47.5709
149.781
51.6297
57.8737
49.9224
56.4972
64.9972
43.6416
34.8405
48.3074
36.6436
58.3616
56.8283
55.2259
35.1329
60.468
53.7033
74.0089
43.6462
71.3933
54.7873
75.3389
63.5964
70.9206
43.2292
53.1337
56.7458
35.4561
54.8594
69.5043
41.4392
48.2939
39.079
43.0349
45.3318
64.2026
36.6855
55.8997
44.707
50.5225
62.0512
30.758
62.5816
51.3629
35.0426
47.4177
34.874
43.8168
39.8284
35.1697
79.0739
49.447
50.395
26.6268
52.6313
44.3248
45.5734
52.2672
63.4822
130.265
70.8309
48.3155
63.143
63.5175
124.891
40.5553
38.449
109.195
46.6221
52.147
46.2548
55.6182
56.2193
54.0495
46.3205
38.9493
35.4033
83.5991
67.0016
41.4697
39.2953
75.2553
83.3405
53.8796
44.7404
48.3786
44.1724
39.1875
33.9249
59.5227
46.5723
81.3066
31.533
47.6772
21.5467
52.7983
56.2942
49.6551
46.7521
49.439
54.0706
40.6258
84.6004
35.5793
35.8566
46.5915
60.4513
42.0794
52.2453
43.0148
50.7842
43.1507
44.3882
62.8736
56.4161
57.6488
57.4838
79.4483
38.8056
49.4252
39.6661
64.5656
40.1489
55.3821
47.441
82.9728
81.3336
50.6476
36.616
41.8153
48.7455
30.0998
54.9759
47.872
57.6525
63.6253
30.2882
45.7274
41.5946
46.4526
44.836
32.6545
46.5398
172.5
36.1341
31.9295
49.5972
37.2849
49.0332
36.2651
47.7385
52.9833
61.4835
32.3169
38.6142
65.4613
42.6438
55.6693
50.9266
46.6154
54.4611
80.5628
63.0513
52.2538
50.3807
117.346
50.4807
72.6956
56.2491
70.1705
36.6415
52.7954
35.4007
36.6722
36.3322
40.3567
23.4757
33.193
27.3382
58.8385
67.6618
59.9032
39.5015
75.8772
40.0879
47.5752
52.6782
88.5514
71.7531
42.6508
50.7579
51.0689
43.4107
60.3471
44.9158
72.8503
54.6537
50.5118
60.3412
52.3464
27.7673
44.4762
42.4073
42.9808
39.8964
65.2014
45.4347
42.8616
43.5959
71.6511
53.8964
56.8031
39.3661
37.4572
56.9956
75.9925
52.0608
41.8127
50.604
65.398
61.0967
65.5873
46.3964
43.0585
84.7807
51.3428
76.0478
48.1649
31.766
46.0381
54.2258
35.1174
45.089
29.0779
176.227
67.0395
57.8744
54.1034
52.3947
39.1125
42.8963
42.8863
68.015
51.6962
47.177
39.3679
100.051
42.7374
36.4351
61.8592
45.1141
67.5942
47.1756
67.9088
26.0981
25.0737
56.6443
44.9224
53.043
37.9188
77.1911
63.4005
57.7367
56.5977
33.0408
48.9855
62.3008
52.2988
69.5466
7000.15
53.073
53.5421
57.0691
52.1472
43.8443
39.1217
46.4348
64.6055
42.1498
79.8771
58.3699
53.5563
32.2263
50.4376
39.8066
38.9173
181.8
51.744
115.624
51.6762
28.5337
49.8259
28.6043
51.638
40.8578
46.3063
53.1321
46.8888
219.824
56.6138
55.2891
49.7775
58.2899
68.0152
50.0041
61.1816
39.9883
59.2457
42.9527
54.6975
28.0482
50.2865
76.5801
51.7086
46.1337
107.462
59.8994
50.5938
83.2736
84.0975
31.2479
50.2031
131.639
55.6001
66.2131
72.5399
54.1736
38.4318
44.4265
65.9069
50.4008
51.5331
75.9614
64.6568
62.53
24.0444
46.9623
41.2683
36.7719
54.1399
43.3006
71.1448
61.7364
44.2358
49.006
43.6098
39.1896
49.6135
76.5373
49.4311
123.708
45.1387
40.0818
43.8636
40.4603
111.417
35.1719
56.9545
61.2836
54.8455
44.2832
46.1849
48.2222
56.8181
32.8641
60.4723
59.6206
52.9823
47.7149
39.9294
67.633
42.3588
56.1128
53.9713
33.7354
62.7426
63.9739
75.5868
119.295
54.7048
102.316
62.6805
47.1674
73.3671
42.7798
53.3866
52.4117
42.3699
68.9863
49.112
86.6637
112.446
47.5973
58.8001
171.258
40.8954
55.4531
61.7412
38.3532
51.5719
31.8619
38.2005
53.1993
62.0663
50.5845
48.3428
53.8131
65.0797
47.5076
60.5083
40.4677
40.6301
32.2945
50.7509
38.4739
36.0603
57.2818
64.0551
67.5764
53.0164
70.3385
52.6818
66.8083
83.7817
61.9279
71.3035
49.5336
45.7984
53.4321
56.2232
56.1615
66.189
53.253
24.7156
40.1403
61.3758
55.7846
59.416
30.6078
48.7087
59.0917
62.6826
40.7764
67.0634
49.1136
66.3505
48.8251
68.8712
112.977
41.8315
58.8497
33.7282
55.8509
44.1116
54.846
41.6884
54.3959
52.7464
69.8333
31.2994
40.9845
38.8191
57.4002
56.6146
68.5956
49.4423
88.777
43.5285
62.1928
62.4358
80.2401
35.589
73.3232
40.4714
59.6603
60.1389
40.4857
50.5429
76.8091
36.6262
51.2722
45.0465
45.1356
40.0307
97.5384
39.2578
73.4693
70.1769
66.6315
38.76
70.5603
39.1829
45.419
57.4696
40.5421
53.5057
48.7897
41.0948
33.6047
59.8553
50.509
54.1152
52.4981
47.9536
38.8023
34.5072
47.3591
64.882
69.4318
35.2809
53.9879
76.949
48.2366
57.6142
50.8528
45.6881
28.6326
59.6512
44.4173
38.5949
35.9946
46.0271
43.0865
39.4089
75.4471
51.2574
43.6173
37.0638
43.3346
38.5404
68.2572
35.8923
53.5144
73.7464
74.7117
47.2858
49.0664
36.4637
48.1772
49.2366
54.0944
60.6085
45.3172
60.8239
61.6258
62.5113
59.7383
45.9292
7807.02
42.8787
49.5658
70.4871
79.005
50.4423
57.9314
50.7814
53.5409
49.2128
84.4505
44.5895
66.2967
48.3606
37.5622
57.9592
55.7492
51.7
42.0903
40.9948
67.1184
46.9344
34.2473
41.9553
48.2988
44.1817
62.7423
53.4888
37.7619
50.421
78.1002
52.3382
83.1608
40.6079
56.7767
47.9002
60.6021
57.5932
66.6153
37.6721
72.4441
58.6235
105.846
74.1809
56.0066
53.1707
54.4581
57.7219
39.9286
48.7783
52.1883
52.1559
57.363
83.3859
70.2783
50.6432
36.588
42.6703
41.1349
49.0483
56.6368
76.9271
54.0046
55.2156
61.7155
44.4587
59.0042
46.1782
34.9309
47.2206
69.5404
73.2452
41.9595
55.71
48.6731
41.4477
51.8161
56.0941
49.3549
36.3893
45.5952
52.6041
52.7663
45.4332
45.8531
40.5184
41.0591
34.6622
69.4314
43.4148
59.1532
52.895
52.4762
36.5961
32.8103
56.6209
45.2279
34.3906
47.3842
54.3635
70.6815
88.1439
47.0916
49.4766
56.2109
94.0273
56.7004
61.6886
50.9511
36.3106
68.1054
66.9077
56.6661
29.0111
48.6558
83.062
49.9805
56.6114
38.1919
56.2872
51.9752
84.2228
34.4103
57.5899
32.9704
44.6275
86.1486
38.3054
130.825
55.5837
71.5187
85.7581
85.8777
59.8378
58.8142
32.5694
49.182
36.1245
57.7661
54.5622
141.073
52.964
59.2116
44.7385
63.7872
59.2351
43.9259
37.1804
44.3811
85.3304
57.6631
74.5039
51.0668
61.8081
40.1955
49.136
37.2075
64.0105
49.919
42.5295
51.9258
57.9303
68.561
61.046
49.5065
52.3295
55.6362
53.3418
54.9748
91.8106
33.7496
94.3247
53.5864
46.2977
52.8577
39.5581
39.2076
33.8547
75.0078
56.544
62.521
51.6136
45.7762
48.1661
33.3996
32.3911
55.4048
35.3519
41.8966
60.3018
80.512
51.7612
34.6781
51.1472
36.7404
71.0636
42.7418
75.6424
69.826
49.3207
51.0484
43.2109
48.8047
54.5947
51.5772
51.5009
63.7464
50.6172
28.5442
58.0219
34.8552
52.5223
43.1567
60.2871
29.3678
5287.47
61.5854
55.9572
41.2432
35.0026
47.0097
67.2027
64.3427
73.3732
32.7817
46.5978
62.4998
50.2225
65.8312
33.7111
58.7645
39.2787
52.0048
103.774
32.9644
46.5341
62.9133
50.4344
55.4228
51.8898
37.1299
63.1382
98.4556
40.9342
47.7035
54.862
36.3719
38.1581
39.1737
49.9645
54.7877
57.9048
62.768
39.9034
39.0173
54.2415
61.0879
50.0542
55.5434
101.732
43.1439
49.6602
48.4473
60.4162
40.7336
51.511
70.4376
48.5314
70.2227
43.3166
31.6932
59.1883
49.4118
48.381
45.8247
61.399
36.5257
135.937
84.8506
51.1307
59.9311
59.8646
34.4577
56.4163
84.2392
33.8427
62.5004
28.0017
40.0704
41.7398
92.6879
51.3931
43.7888
32.8201
57.6398
55.2005
58.9498
47.2366
57.596
32.6862
55.613
57.4004
58.3871
36.9827
46.5471
76.4465
47.388
49.2217
42.0018
50.0552
72.8686
39.1724
53.7451
63.958
63.4517
68.9097
109.671
44.8487
37.5103
43.9792
73.883
60.4822
75.7448
47.2388
52.3129
32.6299
43.1986
44.6939
83.9676
46.9079
57.7373
67.9711
47.4562
47.9323
79.6891
29.6673
34.7656
39.4352
54.9212
47.9114
35.4294
44.6629
35.5837
54.7307
59.2767
40.7177
47.9575
35.1352
37.6182
45.5997
37.2072
24.5521
40.2967
57.969
50.5104
56.8982
62.4927
53.5137
54.7229
44.5103
45.3315
76.0614
53.2438
53.0503
68.3123
54.9191
42.7109
41.6715
63.8615
51.1386
55.4527
34.504
59.1404
49.7923
61.2855
65.0637
53.7977
25.344
55.8975
65.8448
141.546
50.2459
66.4854
63.5865
28.3073
35.5339
66.6825
39.6688
74.1697
43.1191
44.7269
38.1689
41.7866
48.8712
50.3486
40.9352
31.9925
59.3057
72.7877
80.479
49.5233
48.0057
46.2181
51.0927
49.1876
62.7591
51.7597
51.3183
89.6851
66.1345
60.1198
34.5669
29.6127
37.4856
42.6281
44.6161
44.1316
30.9555
44.6404
76.0356
52.0389
31.8085
52.8964
59.1001
61.7737
54.6196
77.0813
42.4908
46.0985
90.8225
53.3839
62.4656
38.1695
85.4655
35.1524
52.3151
44.8046
56.143
43.0829
37.6169
27.4411
45.9773
61.1305
47.6332
27.9469
52.6869
54.571
45.6557
39.0044
43.1639
26.8676
63.0021
58.053
45.4937
78.2482
68.5163
28.5186
42.5703
41.6567
44.7171
50.2944
61.952
57.6997
60.6134
41.0872
48.187
36.9126
61.3701
36.8863
39.7351
56.1581
51.808
39.0592
47.205
51.974
40.3198
64.1775
49.393
72.5548
48.119
48.8649
41.883
44.0057
59.5145
49.114
52.4047
47.9057
54.002
50.1074
48.3537
63.4192
50.8508
57.3867
34.6341
75.2801
49.8066
49.8246
59.0163
116.803
38.7998
42.7967
48.364
28.9559
48.433
46.5661
109.39
41.0037
72.9359
76.1894
54.64
53.0836
79.4964
71.2943
67.7624
102.617
53.4943
61.9635
58.2041
49.879
64.5009
75.1351
34.4187
63.9046
48.4473
35.449
45.6947
64.6019
52.7373
69.9487
49.1159
68.1938
65.8169
49.5023
25.9095
43.5482
34.3848
47.0654
39.5478
61.7102
35.9151
166.817
71.8474
47.0421
31.0291
52.8435
62.2182
45.7949
46.1187
54.7214
86.2677
41.8392
35.9016
64.9948
69.0356
51.2567
50.8644
38.1962
45.9037
51.4481
76.7899
56.3486
49.7479
61.9451
48.4884
55.3752
43.8857
55.82
37.1638
92.6815
56.1766
41.9817
41.4421
48.4664
33.5369
91.1476
36.0967
47.2401
49.592
38.0782
133.866
65.2473
57.0211
50.4133
209.827
71.8252
43.3924
42.499
49.8551
39.7673
85.8049
55.4147
47.6236
31.4877
58.8777
43.5972
91.9622
38.1494
42.8863
73.5732
49.1589
35.2603
68.6881
72.9812
40.0262
46.5303
108.301
106.602
48.2843
51.797
44.2275
49.9282
51.7939
101.998
56.5163
85.3844
108.742
60.8657
39.9785
39.3367
61.4255
39.9972
55.4544
65.7472
45.494
52.9707
51.5977
47.3742
54.0445
32.5265
36.9651
45.2737
49.2144
49.9864
167.78
44.566
58.3469
53.7481
112.078
60.1705
45.5029
69.1388
58.1015
36.8599
58.4791
32.3044
51.6107
53.6444
32.8294
56.9286
54.397
56.9791
77.325
55.6663
53.791
58.8061
47.1222
53.2613
69.9438
51.4159
85.6973
58.4268
50.8915
70.8616
66.4098
36.0901
36.7978
76.794
40.891
48.8883
59.2777
59.803
75.4171
32.1995
72.1511
47.3065
57.9129
26.7754
45.6279
35.9585
57.5756
28.8245
46.8732
57.3294
38.6488
74.673
38.895
56.9626
13.2417
44.7535
39.8463
76.375
51.3722
59.11
64.5071
36.2513
74.2701
29.9943
55.5798
58.5352
64.2597
80.6106
68.4963
46.9466
98.6562
53.8554
34.6577
44.3776
58.988
45.3485
118.418
49.3331
40.4762
41.1517
57.3216
50.1271
37.5337
38.3165
49.1787
57.4689
44.8183
53.0617
55.2491
43.2479
39.1481
53.9597
38.4531
42.671
54.7886
25.2419
43.3856
47.507
71.9864
42.8757
54.8122
36.4688
46.997
64.4875
74.2922
39.612
55.1445
64.5074
69.4047
57.9828
48.0207
65.7124
8428.75
50.1513
56.427
64.7646
46.9554
40.1675
67.7927
42.0093
51.1931
67.3559
52.4384
80.9373
38.7762
86.4973
85.4319
55.2107
36.9348
59.5915
60.2083
43.9281
61.3205
33.2931
48.4957
49.2499
40.1256
78.7871
41.1501
65.7266
225.823
50.3
41.5049
68.6547
45.0999
41.5878
49.3444
55.6176
60.4359
98.0818
64.168
42.1453
45.9323
42.9619
48.3145
68.3395
76.9555
38.4431
76.2479
52.1677
55.1525
45.68
61.3213
60.451
45.0304
107.575
97.2405
51.4963
40.508
53.3678
43.57
54.3231
51.1878
63.1821
57.0343
75.7466
44.0109
41.989
52.3256
37.6827
47.1411
42.2345
60.1802
51.6956
81.9657
64.692
73.2805
44.2733
50.2535
133.393
51.7465
53.7706
74.8108
42.8264
40.5179
85.8195
43.136
86.0781
53.7723
50.4467
50.4005
56.3206
54.869
53.7173
53.3794
89.5365
59.128
49.0015
38.4937
42.1017
52.0444
31.2256
68.511
64.1336
36.4816
56.4732
65.4141
40.0487
75.865
27.9038
48.9232
51.6811
45.2425
59.5398
47.5702
75.6413
26.016
67.9392
51.3969
38.6827
36.8446
78.6007
55.3543
39.1409
44.4829
56.3776
95.6115
38.4217
47.637
42.5039
39.3373
79.53
38.3088
56.256
66.3421
48.8537
40.3464
52.598
57.5241
93.2912
52.8499
95.1237
49.2734
52.3623
64.2167
43.6139
45.2623
59.7544
62.2994
39.4207
43.8146
40.13
53.9654
60.6861
146.355
37.7181
71.549
86.0225
31.7436
73.1421
61.7565
82.1152
57.9856
88.4624
74.0141
40.3122
46.0255
76.9786
55.8689
39.9596
26.1442
46.3591
47.586
90.4809
47.1185
38.231
41.3847
92.5096
47.3314
39.6239
38.6101
63.0501
47.4573
46.2306
41.8403
49.0422
49.1178
63.4681
53.1573
71.307
30.5889
56.3929
41.5874
142.634
55.3878
70.6825
60.7046
63.9738
46.8586
53.9849
41.4589
36.7414
61.0126
64.9985
43.3747
56.9845
37.7371
95.2125
34.34
48.69
35.8478
37.3175
66.5088
52.2494
42.4728
25.9928
37.2126
48.5043
36.266
34.9217
43.7467
47.1931
41.8265
32.0843
55.3831
38.3292
47.0135
55.3239
73.8468
37.8676
57.7001
45.52
37.1849
30.9989
74.9642
68.6252
62.6815
46.4577
72.4414
50.2792
62.0707
43.3072
56.0833
45.7371
47.927
52.0283
53.7425
43.4981
128.392
53.9327
41.0923
48.2189
48.2675
50.5864
53.1062
47.8506
55.9514
47.4151
42.8886
65.7148
61.5957
28.048
36.9342
72.2547
43.4574
45.5655
53.0173
41.2905
42.0191
57.7435
61.7427
43.8321
59.1413
57.1119
56.5261
48.9249
61.4618
38.0513
43.5986
35.8605
69.3889
68.3156
32.9919
65.8999
47.0931
51.1824
43.4056
43.21
31.6989
49.2719
45.5983
48.4697
52.2694
70.4673
56.0258
53.2649
41.5296
41.1031
42.4777
58.1824
40.9645
71.9924
41.931
58.1349
101.851
47.818
52.7224
57.7001
58.5604
38.672
62.6303
45.5991
66.8198
55.1055
50.4778
57.9435
33.8514
39.8409
55.9842
43.6899
73.649
35.2437
78.2842
52.6757
56.5455
50.0957
48.0236
42.8993
52.6519
51.5807
52.2984
51.7448
51.8362
64.3003
33.4056
53.3278
64.1572
43.169
49.7376
27.1026
64.8341
55.9589
144.836
41.2577
72.8754
39.8614
56.7199
53.7535
57.0575
50.4755
64.3168
43.8852
54.4908
72.9604
28.1074
73.6977
48.428
153.972
36.7483
47.1922
64.5091
47.5255
44.1177
47.239
60.162
29.6626
43.4043
50.0753
48.2995
48.0167
45.1852
46.4545
85.376
33.1191
55.1939
64.7852
31.11
59.1541
54.3333
51.1317
56.0737
57.5635
43.0428
47.9273
51.5032
46.851
41.2837
39.946
37.0953
44.3569
71.4751
58.109
54.9265
27.2692
43.2093
24.1508
33.3918
52.618
59.2162
89.0047
36.5578
58.4683
43.8482
76.8799
40.6998
34.6126
55.1928
45.1436
54.4327
32.1233
34.3173
37.0633
54.177
58.7096
46.9953
43.3235
53.3671
54.9982
126.271
34.8707
43.4944
56.1182
42.0443
28.5237
50.2366
53.5817
51.7818
69.9904
27.3398
43.0937
53.0016
36.4332
68.3535
55.6621
95.4206
48.1991
45.1432
64.2337
54.5395
53.9868
60.0104
62.9353
52.8838
39.0102
74.1783
53.0149
43.1012
83.7902
50.9153
48.0493
30.3361
50.9187
51.0625
92.243
43.8966
56.9576
79.666
45.1419
50.6877
69.0363
55.7377
78.9724
54.4481
33.0567
62.7604
51.7394
102.303
36.0056
60.3443
32.3103
61.9747
53.2932
70.5132
43.4859
36.5783
71.3675
59.0688
43.5753
56.8499
60.5458
41.0003
68.2436
41.0108
54.0167
62.3304
27.2897
49.0758
59.0838
62.9136
79.9774
69.977
55.2161
36.0183
116.847
74.3489
39.0225
35.6397
44.7928
46.8241
58.6212
49.2125
115.006
57.7934
43.8741
45.8544
49.0112
61.4111
59.5505
46.4675
54.3494
37.6254
68.3688
48.5171
56.8832
61.3334
41.2906
53.6111
58.6418
67.3588
57.8061
44.2622
61.5376
49.3526
57.2118
47.222
56.4603
50.899
89.8947
56.5583
64.84
65.0285
70.0357
35.2141
55.2288
47.2785
61.1279
97.2909
45.1251
40.1954
40.4302
59.0415
90.2227
44.5494
46.3583
60.8121
63.2628
50.0386
38.6256
25.4451
63.1185
44.2479
49.1176
79.7083
60.6562
44.7567
108.416
43.1427
57.5693
66.5067
48.0492
48.9276
49.6359
36.834
119.559
44.6282
51.3174
72.6876
63.0782
102.761
41.3094
40.0801
69.3938
49.1018
30.9573
44.5703
34.7529
53.1586
58.9531
84.8982
50.8549
48.7132
63.9602
56.0001
72.3981
36.2295
69.1037
60.5199
30.9617
58.4687
53.5636
77.7731
32.4207
61.7881
52.9212
43.05
52.4466
68.6663
54.4375
70.8469
61.3018
45.2221
47.0137
49.5616
35.3552
30.2449
54.5767
42.6283
49.5033
41.7399
65.6489
59.7855
45.0193
51.6994
139.342
52.0206
45.583
37.0791
47.5076
54.4129
40.7614
88.6717
62.3752
61.4962
44.0884
32.573
55.4266
50.522
61.8047
35.5077
53.7887
55.7814
30.6584
54.4268
66.6566
42.9483
60.7843
34.1888
29.6672
62.1898
70.657
59.6431
41.1913
38.2773
35.1799
32.3242
31.6529
40.2851
53.2261
40.8505
61.7284
42.8771
45.4287
68.7129
53.7099
54.4191
51.3605
65.2703
80.1743
44.8894
32.8613
59.0392
57.9638
53.1969
42.7584
55.2316
48.1906
52.6314
57.4793
57.473
50.5314
63.5677
51.0814
58.5306
42.4402
37.9782
61.3503
64.9089
37.3409
53.4752
33.3043
51.0809
53.4306
50.0115
44.5368
48.9643
64.1168
36.8711
45.9092
70.6695
94.705
40.54
39.8299
31.3712
59.425
45.3662
92.9183
40.8153
37.9121
54.5037
35.7158
80.7262
35.2313
91.8161
49.8832
40.2179
55.3052
54.1208
46.4702
47.3807
31.3578
72.3353
42.4816
52.8208
100.676
64.8258
40.7978
77.3029
69.8654
65.0398
69.096
47.9962
39.854
40.2177
66.6094
43.3488
49.9357
43.8938
69.1326
31.3972
81.7792
48.0477
38.3366
79.6999
73.5391
76.8298
41.3297
75.9795
32.7247
46.4939
48.9251
46.4487
61.1601
46.5963
48.2163
72.6005
37.0921
52.8962
27.2055
71.9788
39.3868
39.4078
56.9369
39.3359
50.5671
58.0431
49.393
41.7452
88.3159
63.7071
51.5966
36.6491
47.4713
28.0404
46.0422
29.5378
47.4453
130.697
52.8391
73.7474
46.8356
83.7397
53.6851
78.5078
72.1979
43.3255
60.6927
37.9671
44.7327
54.0628
60.3324
36.1149
64.8184
36.7736
38.9453
65.769
40.5071
59.0957
74.1784
67.2404
46.9477
63.473
81.6484
43.9479
59.71
51.2671
44.0553
30.1903
54.3658
42.709
47.7916
34.1195
33.1205
40.0015
43.9639
46.9303
57.3464
62.1362
60.3922
310.057
61.677
57.685
39.8324
154.026
107.759
56.7007
46.0833
43.4572
54.5443
58.7548
56.1378
42.1636
48.8999
61.929
84.1177
40.9425
38.6402
48.2826
43.2077
56.1862
60.346
63.4012
60.8645
43.4123
29.9275
76.9906
39.2074
57.2586
67.7795
48.3721
53.9686
40.3544
10193.5
46.4491
30.5915
57.9114
48.2914
58.0674
74.4117
69.9119
38.2823
52.4885
50.56
41.0732
51.6798
57.0249
44.1191
84.8722
63.5825
102.556
70.0418
82.818
51.3219
42.2761
58.0516
53.3202
56.0177
29.5026
52.5181
25.6311
24.5333
30.2984
34.6104
39.6928
71.3026
39.3639
44.9653
40.5779
64.7586
56.6684
48.8532
62.7377
40.0311
38.8294
30.9402
230.504
83.7868
32.527
42.3404
50.0853
51.9179
33.6603
72.6199
39.2911
56.6712
46.9631
79.4803
118.868
44.3817
150.807
40.9538
58.4039
40.1953
66.0301
39.9982
43.6466
71.2089
27.8298
48.2746
48.1101
67.7781
37.9349
64.9102
56.4105
30.6366
42.4344
44.1379
105.175
54.4218
80.2025
67.3212
56.969
123.431
64.0994
46.4196
61.1948
121.636
41.0378
41.9925
96.9806
60.4775
66.2801
38.3317
36.7735
61.9945
40.6694
61.7328
60.7363
43.8886
72.0786
29.4294
46.4414
53.3435
44.949
44.3418
49.4125
43.7345
49.0245
38.129
68.7817
54.854
39.9939
38.0672
94.9487
34.0675
58.8611
51.2952
77.6734
29.6739
44.9466
82.4594
105.902
46.2396
59.535
56.0486
52.4782
36.7823
44.6957
48.5953
44.6055
37.7894
59.3079
36.2149
54.1866
34.282
49.4886
30.9804
33.7135
43.1234
68.4641
38.7629
53.4559
67.6416
44.1431
34.1657
48.0788
75.7838
47.8171
63.8866
62.2502
43.6381
41.1011
106.808
33.9371
39.0284
40.3768
65.257
30.0677
30.6463
35.0025
53.4809
41.5469
45.7772
69.7204
55.8998
63.6431
45.2676
62.6042
36.2532
36.3311
40.9172
63.5218
49.1465
46.6631
67.1419
135.145
48.4939
67.8513
44.5516
50.6343
50.19
72.1946
70.7011
65.756
45.1899
62.6141
51.1648
50.3324
44.4721
53.333
37.5381
53.6904
45.5811
34.2778
57.3244
61.0712
60.6187
42.105
37.8747
53.3081
79.148
68.0192
70.2237
34.8233
49.1302
59.2531
43.79
59.2178
51.8417
71.1083
39.0808
86.2535
85.6131
56.7384
57.6815
68.249
43.1547
75.092
42.5444
66.5579
56.9856
60.1503
52.6357
59.8665
37.4335
48.4956
37.8638
49.4307
41.1157
36.4842
29.3594
50.6486
50.6578
40.4361
60.2954
41.2064
34.3401
98.36
67.8191
63.3313
41.3646
46.2066
59.9564
53.9776
52.6394
59.5487
43.7147
58.6177
97.9578
60.1862
50.8704
52.9388
46.0167
68.5993
61.9516
45.4296
65.3887
39.3141
66.739
60.3133
55.8213
47.8816
45.6982
30.0365
85.2157
43.8774
69.1118
26.2921
59.0437
45.7276
38.2702
55.6327
31.8069
48.547
55.3787
66.923
49.6848
29.8855
43.6047
55.3566
58.0553
63.764
53.523
58.0847
87.6466
33.9708
39.9724
80.695
57.4585
31.7909
77.0872
51.1992
42.6295
80.587
76.9391
51.5581
60.1196
56.4362
35.7745
41.9483
48.455
45.8062
42.31
51.5834
69.2448
78.9164
48.5123
65.6743
40.8005
30.7003
46.1435
58.83
63.6156
37.4752
49.928
49.2738
40.3896
69.6114
57.8815
48.2682
101.922
60.4854
39.712
52.6605
41.7582
52.7866
46.2803
71.0016
58.6358
27.8891
55.04
60.4507
77.8956
52.1925
45.2799
60.8867
57.1163
55.261
73.223
68.6356
180.313
146.985
58.4942
34.9489
51.4436
56.481
53.7428
35.2117
44.5712
71.0269
35.4551
51.6514
52.4568
66.1525
61.2049
56.4496
63.2584
53.5845
34.0259
34.7026
56.1553
35.2688
62.5612
53.7669
45.1603
40.3469
83.3606
55.4723
51.5197
139.423
34.1931
44.5244
40.6782
38.2651
46.4292
49.7256
63.5771
48.329
45.9025
69.5694
29.0122
37.1863
51.1538
32.8102
42.2056
56.0202
68.2722
44.4767
43.7351
58.595
51.882
50.6883
47.5378
46.4683
80.695
72.61
41.3839
53.5042
51.9736
48.1074
56.812
52.6526
95.5292
51.3391
43.2121
88.8615
47.0675
45.8664
42.3403
42.1446
56.8439
57.1759
51.8926
72.6175
50.7984
65.2341
26.5122
39.0621
32.9418
84.9563
111.989
46.765
41.8355
69.6659
35.9852
32.284
38.8032
50.8062
49.9504
54.8372
34.8705
39.5342
58.3511
48.0159
67.3723
57.2358
47.3791
54.0934
45.4526
54.3629
53.6671
49.6376
55.4541
50.1497
31.1855
56.1009
35.8212
65.3275
32.3972
46.0421
59.4169
67.533
51.3413
65.1978
71.5206
43.2815
59.0154
129.086
149.624
44.4353
42.1345
76.078
54.0002
51.9147
67.7938
64.9878
112.661
42.5941
63.0683
107.479
35.5344
49.2884
46.0607
32.1913
37.964
40.7331
46.5865
44.1195
89.4893
43.8479
59.2924
36.9774
73.2786
34.6018
46.486
28.8367
45.816
62.915
55.666
41.1456
55.1379
46.753
39.4123
58.3124
51.3034
53.4597
36.0464
53.2988
62.1057
50.5293
52.3973
32.7522
65.1874
51.78
48.241
70.6272
47.4069
44.0299
59.912
43.8964
45.1578
64.762
44.1255
46.5793
89.1523
66.8949
57.5936
51.3597
37.0354
39.3586
37.3926
65.1339
53.0557
122.56
59.8869
45.7234
43.0874
40.7305
50.5894
54.9148
30.5618
55.6335
42.38
47.0225
41.4525
58.8092
43.1383
63.1806
39.249
332.741
57.1509
53.7118
45.119
35.6718
50.3252
75.5775
78.5482
68.0512
36.6063
87.7198
28.8461
51.1376
55.1762
72.5951
64.6806
34.1823
53.4494
45.9123
44.2388
36.7286
61.4113
42.5921
58.2764
36.0328
125.222
55.3781
48.5883
49.8396
51.887
60.0869
50.3502
57.8839
51.6416
61.6636
42.6656
56.6847
41.7561
58.2958
170.441
35.1084
52.486
57.0944
78.3747
115.868
41.544
59.1706
45.5851
57.6512
48.3593
81.7297
76.0074
38.5955
51.7654
72.5056
52.7399
39.64
29.6261
67.1389
41.951
59.8441
60.7053
4767.87
50.5039
55.4758
71.589
51.9215
57.5334
48.9671
79.1472
43.692
33.3648
60.0301
49.0894
53.5328
47.9248
47.3578
56.1082
73.1949
51.5009
50.9594
53.9133
42.1631
99.6751
51.0225
33.4746
62.1008
84.1651
44.1237
33.4112
55.5276
53.2267
32.125
47.3602
57.3928
83.8566
40.1787
30.3117
47.1233
44.9365
84.6484
77.8922
49.6734
44.3483
46.1306
42.6176
42.252
40.8577
53.6139
77.0783
38.4448
38.4995
68.5087
41.6877
40.5932
39.2638
39.2638
64.7457
39.6117
60.1929
70.6872
61.6517
48.7388
50.809
42.0496
43.3396
39.1891
60.7537
69.1116
36.1204
58.6715
34.2593
59.9821
52.2635
36.8371
90.6758
38.9031
32.9289
30.2896
47.9859
63.8236
65.2093
71.5253
41.426
45.9593
81.7039
45.2471
41.8983
45.9883
33.0584
62.931
64.9732
27.3595
61.5152
52.2652
31.8506
57.4571
47.6961
63.4561
44.6318
75.8767
64.3875
42.8806
61.2076
60.6205
49.0541
96.3717
70.2265
77.895
62.3109
57.9321
57.9873
33.6375
72.4368
49.0767
56.7357
52.672
50.391
42.2311
52.9626
46.5337
43.9497
53.7503
91.4679
48.7972
74.3662
87.4314
37.1186
84.8969
53.2848
85.4596
50.9779
52.9919
43.1315
24.8124
33.7033
52.8308
45.3386
66.6091
58.6659
110.687
47.28
33.1263
102.166
103.379
43.7054
73.6551
50.2264
60.6987
47.0534
46.0633
58.7553
27.6628
104.472
58.5003
46.2211
39.1958
33.3763
28.9334
28.8422
47.8164
50.5258
60.246
68.4769
64.2441
49.8797
47.985
51.6155
39.8081
49.2636
49.3314
39.7106
58.2912
70.4224
68.7262
35.1534
50.1644
63.832
46.9489
47.5104
8343.56
49.7967
68.7278
43.3344
55.1012
116.589
42.8686
31.0972
75.5054
23.1826
41.456
48.0089
46.5481
48.8122
61.3123
44.4287
57.1953
53.1724
72.4071
47.7065
55.7895
41.8417
81.3433
66.6598
70.8561
43.2123
42.3859
41.6663
33.3466
62.6304
67.2879
46.0937
68.7816
34.4732
48.8579
31.63
41.9971
58.2623
48.0643
47.6718
51.5835
66.002
114.748
45.311
33.3596
34.1215
53.5475
48.7599
38.5448
55.2309
61.6749
40.1022
52.5666
45.2666
28.3355
28.9672
63.3009
46.4525
49.4751
64.9436
55.8161
51.5682
74.433
77.7527
71.0844
61.3283
51.068
37.7163
37.9402
55.9434
50.8325
38.2039
37.5611
51.5821
61.0883
56.2662
78.6326
26.6928
62.8816
82.9168
56.7065
35.6729
68.2708
66.1641
35.2277
110.26
52.5625
50.6696
43.2229
52.8906
118.501
51.2923
35.0539
34.3503
52.996
75.5355
54.6613
50.6607
48.6858
68.7432
52.6991
44.3261
44.5691
57.5495
54.793
55.3799
36.4113
45.542
42.6051
45.2744
50.7161
57.7496
67.8052
42.3091
53.3798
42.0474
40.7986
119.936
53.9061
43.5918
58.3321
60.9825
49.7646
50.335
43.7527
66.959
60.7389
139.773
37.3052
65.955
40.2283
44.5153
51.3924
69.1325
52.5408
70.9592
61.8984
101.802
47.2258
59.948
29.8036
50.6321
67.346
44.298
54.1479
29.2
61.6379
52.8052
62.0288
45.3927
48.8722
67.1323
36.4861
40.046
65.7364
40.2215
74.846
65.6481
67.8035
39.5554
61.5102
45.8342
46.482
36.7453
32.7868
34.5187
89.4695
37.3055
42.9747
46.6769
32.1931
57.9931
65.5854
51.4809
33.7579
59.2823
56.3351
51.328
42.9925
65.4823
42.7694
61.3081
42.4764
36.349
29.5308
51.2942
65.8033
56.9762
75.9201
42.6001
72.5698
39.7643
40.7127
54.1931
45.7155
32.884
60.9891
56.1843
61.3069
38.1858
147.456
30.2387
58.4758
52.7072
64.79
51.6757
68.1608
34.0391
47.9631
59.4291
48.7739
68.2141
59.0033
65.3566
64.1475
57.2203
56.7678
50.5204
70.8111
39.8922
80.1374
32.0689
38.4612
88.8863
90.2476
52.1082
47.6575
68.9345
59.3441
60.054
38.0352
56.7893
31.6526
73.6836
55.3517
55.3475
45.5095
65.289
40.5892
59.4705
53.2303
79.7574
51.3828
51.6637
51.5104
40.027
56.2124
68.947
28.9822
56.5007
58.4709
34.6683
59.8266
34.6219
37.7028
49.8049
91.1099
67.5683
42.7121
49.3495
99.8813
51.2762
40.2008
47.7724
60.2058
27.0269
36.895
49.8042
87.1717
78.912
54.3453
42.7405
64.1045
108.111
50.944
51.9339
50.4931
79.6589
50.5119
89.4845
38.0656
79.8965
45.7667
136.709
41.8959
56.7223
65.613
37.8624
65.3471
54.5167
33.8814
31.5797
58.8132
50.5798
95.2416
39.2541
61.9336
47.6308
39.3496
52.6506
74.9288
68.1259
109.23
31.6192
52.0013
91.1368
42.5586
39.4364
53.5502
63.1777
48.8387
47.6056
50.3895
66.3833
77.0582
78.5252
42.0607
47.081
69.9739
35.9452
27.5077
37.4498
42.1804
41.0588
61.5086
64.3153
68.7543
60.1919
67.5231
45.3704
44.0739
47.7505
59.8395
59.0762
55.763
58.5943
44.8091
52.9121
46.4952
53.5164
44.8453
50.4017
90.8852
221.572
51.0881
41.5864
52.3729
54.7946
48.4925
35.9578
56.2059
72.6933
53.5879
64.8159
42.1523
37.4264
39.4656
46.6339
73.2278
45.7062
46.4713
71.2647
22.1691
82.2188
43.2076
40.0919
41.0258
43.6861
23.6832
59.9446
43.6506
64.7358
35.118
34.7608
65.8561
22.1836
96.2736
59.4819
74.329
72.0959
53.1178
40.2274
67.0997
62.7584
65.7262
58.3674
47.7968
63.6463
58.1519
55.9052
98.0412
44.3794
44.0161
41.0953
41.8144
95.3984
51.9633
66.034
64.2372
39.2181
49.1167
43.3385
62.3992
53.8142
39.8941
56.3527
38.7485
42.5035
43.3771
88.3106
53.1782
98.1328
68.07
60.2323
47.5668
54.4475
53.9722
40.0157
48.6338
45.5223
61.6267
49.7525
52.4766
32.5593
88.728
58.9529
111.501
41.9804
41.5342
100.409
64.0924
32.1043
55.4064
27.5687
34.1064
30.8814
40.5402
51.5149
56.9679
58.6644
51.7275
35.9386
105.393
39.4443
36.8048
40.1027
46.7629
53.1569
47.6703
49.0136
38.3333
26.9127
62.184
38.6554
45.034
43.1601
51.8285
67.1782
51.2749
37.9275
43.2826
36.6992
35.4438
33.8818
49.2312
45.0974
22.1554
53.8355
42.3725
37.8434
80.0527
47.2765
51.7075
44.356
33.9801
46.9575
46.998
35.043
48.2821
99.2984
73.8836
69.1648
67.3068
71.012
67.3543
57.683
54.8808
77.1819
67.2368
37.0817
39.258
51.3681
35.2853
44.463
43.6083
38.8639
52.054
88.2526
30.1217
63.088
24.7181
33.5829
30.0485
54.2387
66.1183
38.1472
30.699
70.4873
41.385
104.55
64.7031
46.3031
60.4047
92.6995
52.489
48.768
41.5679
37.0865
52.1707
47.4417
35.9247
31.2297
79.9619
61.1512
53.1292
40.0155
48.0813
48.8204
46.1
47.958
56.8988
52.4736
73.2277
50.5475
45.7081
79.0226
64.348
55.5244
60.5785
44.6787
49.9426
69.1084
57.2254
43.5792
58.2558
38.9387
39.1666
60.7699
39.7703
35.149
37.0767
58.6745
82.6192
34.1249
86.2331
68.1967
38.6959
35.5317
46.6028
37.2143
38.2005
70.2713
33.4472
68.4202
66.7722
46.7557
59.359
43.7839
75.0062
59.2301
60.4292
27.4146
31.135
70.2929
44.6253
35.213
48.9156
62.4184
49.3977
9703.04
43.767
50.708
53.682
37.1605
47.0911
42.4018
39.9688
46.2038
61.7352
50.0978
37.1274
60.6113
67.8496
43.2843
46.0554
23.5483
62.2928
40.2386
42.6612
36.1985
45.5752
57.8658
48.7829
52.8936
57.9024
39.3549
57.6459
54.2765
51.2307
42.7605
48.6324
46.9345
6355.23
49.5339
50.8969
50.4823
49.4617
51.5029
38.5053
49.3911
39.9768
45.4387
52.1103
38.5132
33.5497
40.1402
53.6803
33.8916
64.1088
74.9916
66.7596
36.7163
48.0532
61.3929
44.5889
83.6208
42.0692
54.6241
60.1338
55.5902
98.8147
49.3159
39.4339
43.4436
56.2909
89.1764
47.7024
38.8708
62.1265
41.2027
70.4208
53.256
50.8343
55.4518
38.5859
46.875
38.0201
86.6484
57.1723
51.5594
41.2496
165.847
52.0954
36.6866
62.5969
52.7875
48.9349
41.6383
51.7644
44.6759
59.7182
50.0048
61.1768
33.1117
45.975
44.8389
51.791
58.5713
77.0333
35.4145
54.5826
49.9347
41.8504
111.989
104.481
76.9874
188.787
36.6558
42.9975
44.7718
75.565
37.369
59.4404
57.619
115.877
63.683
38.6754
82.3457
51.2554
52.0678
60.5723
51.324
51.8415
42.4892
61.0866
76.0639
49.2122
65.1124
73.5067
52.7319
50.3924
71.2413
50.9767
51.0816
37.1401
52.0985
60.7747
36.9997
35.5514
33.1381
48.9692
44.136
76.7675
50.7985
60.6887
50.877
78.7717
65.6621
55.4499
38.9976
39.3262
50.8352
50.4822
41.9596
40.5168
69.7599
46.5798
59.8876
67.4378
67.965
54.0959
41.6783
47.1184
86.2974
48.0822
73.2563
59.0432
56.6756
33.5441
57.0959
55.7931
36.6211
26.2278
45.2949
38.522
36.6467
78.9874
68.2431
64.1829
40.3993
51.5631
47.5877
72.6536
48.8643
67.6929
76.701
50.4396
36.6291
58.1046
52.9608
71.8635
27.7679
46.971
84.2723
56.4513
54.9648
35.5301
44.1853
110.581
31.6207
84.9084
36.82
44.1998
44.5319
75.6184
34.3734
62.1896
96.2143
37.8122
54.8596
36.6587
60.0123
60.54
57.0189
39.024
47.8045
54.4805
54.3808
78.1214
54.7631
54.8339
36.8732
52.4741
54.9993
47.7373
45.3139
59.8024
94.0062
43.1798
54.2472
42.19
44.317
81.7587
35.7029
42.6238
46.5603
76.6141
30.5957
30.7592
41.0737
41.8854
108.114
82.3313
44.8825
84.8521
47.9195
47.3542
47.9947
38.2285
34.1251
58.7135
31.1813
45.442
57.0048
121.97
77.4427
67.4345
48.9435
47.6251
97.6755
45.3603
41.088
58.6898
65.6083
43.3512
45.031
73.9452
57.5111
126.8
71.0106
73.7136
62.9552
73.4608
50.6269
37.3751
33.5636
57.4042
39.0799
38.5827
69.5229
35.8744
43.9343
24.1884
75.6871
148.822
51.8692
43.5207
61.5926
27.5232
49.0773
48.7051
47.8943
56.9444
69.0227
82.5548
53.7175
48.73
55.3384
52.6051
46.0198
55.2806
56.2553
54.809
43.555
30.8804
60.2426
43.2946
43.2145
51.1673
53.0389
36.4093
50.2207
34.9005
50.051
37.9359
44.8919
54.1896
41.5905
35.6582
44.1317
63.6384
46.378
56.961
69.544
52.813
62.2736
70.0057
48.2077
44.9902
92.0918
59.2192
68.4425
95.2307
82.3445
43.1185
56.1291
54.5503
69.6025
51.1683
31.7961
41.6705
35.4236
43.9029
40.8232
29.6684
44.2078
67.1964
38.5295
54.9736
68.5466
47.1744
47.9414
47.8544
51.3898
58.8662
153.686
69.2831
58.4216
57.9024
46.8498
67.1454
51.2647
54.3303
63.9972
44.6842
48.0878
48.2117
42.0648
46.9218
34.3299
77.5557
61.1713
54.3281
42.9839
39.7592
30.2405
45.6748
28.533
41.3141
63.4519
49.0217
49.192
41.4219
52.0472
48.5026
56.0722
23.5561
53.3112
41.9178
26.507
49.0881
59.6656
44.1044
48.5795
50.022
64.6421
39.5403
55.8491
64.4796
51.403
54.9807
47.3594
46.565
48.8994
87.8494
58.2599
79.7815
96.8831
60.1062
57.8862
57.17
48.3354
38.9521
48.872
55.0023
43.2959
49.6217
43.0435
55.2822
53.0448
47.1578
51.3365
66.7346
58.7161
103.743
57.9656
48.9054
40.1096
61.4007
60.003
45.6363
48.8599
67.8166
49.6911
47.5939
40.0646
39.9527
42.7982
46.5513
40.0684
69.9231
83.1326
49.3849
49.166
62.9613
41.3479
40.5825
51.8858
45.7282
74.7831
78.9136
48.0336
60.7912
62.0224
56.326
50.947
39.514
48.9485
60.9436
78.0473
44.3088
39.4251
47.1981
107.701
65.9057
52.3142
354.29
72.3306
54.3802
52.413
54.4428
58.8447
57.4011
59.5084
45.8845
33.8603
73.108
55.2925
60.8208
134.762
41.7349
106.059
56.8478
42.8137
47.9022
46.8314
53.7502
41.9139
48.2488
52.0843
32.9742
43.384
69.0284
94.9413
75.3752
43.6944
72.6969
58.2074
60.3423
36.8859
44.2229
45.8258
55.3096
69.8632
64.2111
59.2398
48.8122
82.8495
70.8987
35.486
43.3774
46.5662
60.4199
42.9296
44.9991
52.9947
51.6534
62.3858
48.6556
55.0643
47.6245
52.21
43.5202
40.9544
43.4951
55.4361
74.5759
67.5921
49.5604
43.4924
35.0479
49.6125
61.9502
46.3484
61.9095
101.53
57.5334
47.971
62.9982
53.2907
53.1782
65.8287
37.2897
43.0129
65.2456
31.0881
37.0174
52.9962
61.4614
72.105
41.0685
45.8398
42.1586
80.5354
54.4858
47.7843
63.2964
39.0967
73.3484
50.5111
40.4915
52.8523
56.1111
62.18
57.6721
55.2064
62.766
39.1902
63.2639
38.5702
183.486
88.8951
45.723
44.2543
73.7126
52.9474
63.552
38.7519
30.7493
36.8677
35.809
39.0939
55.3149
62.356
40.0832
42.2236
49.586
30.8326
49.2085
48.6101
62.7191
56.5496
40.1794
55.8951
31.8862
43.6478
42.2906
70.6837
27.0589
36.9136
30.9603
55.6806
33.2447
48.1965
51.0881
48.7677
56.4759
38.6707
64.4592
36.5971
50.7686
48.7882
50.299
53.0501
101.656
49.9862
34.8807
45.0466
59.7644
41.4802
50.7536
57.3098
59.9709
47.839
37.0057
56.3318
42.855
57.3833
54.068
69.8795
61.7897
86.2488
37.957
33.379
57.1755
47.5922
36.356
45.7043
43.5834
43.2283
45.4649
47.0706
54.0648
41.7967
76.0492
45.9799
35.7648
49.1777
75.6555
56.7944
65.0085
41.5119
48.892
43.1956
62.2363
49.822
51.522
47.979
51.9604
34.2976
45.3007
32.9004
49.2308
48.9894
57.8682
36.6499
55.9296
43.9827
80.4649
46.8726
40.6506
51.4453
52.9005
43.2898
51.0208
53.9743
49.9745
60.0137
31.8713
49.1438
32.8736
48.5906
33.942
57.4867
40.7768
47.0526
49.9224
42.7609
68.6489
89.2746
49.3912
53.5753
49.7646
57.782
54.0536
33.5875
49.5192
45.3158
48.2129
8837.46
48.307
43.1569
70.2812
47.9874
42.0185
51.9024
43.1933
47.7142
57.2375
80.5805
88.8351
35.4999
56.8092
49.1618
44.3063
64.0474
76.1586
62.2208
29.3804
51.1209
64.0676
48.0465
70.3946
59.2617
57.3913
38.8239
53.9106
43.4489
53.4934
49.6656
27.7486
38.9023
36.773
46.8492
64.5529
46.2667
42.247
37.6494
66.7614
33.75
55.9504
51.2423
67.1461
58.9232
70.719
49.7135
54.6777
54.6798
41.8525
55.8076
71.839
50.1992
50.887
54.8585
65.1981
51.4724
30.5386
32.4043
45.6971
39.7163
70.1435
60.1129
40.7679
45.3537
65.0057
32.9738
52.4812
56.0695
65.2447
79.8176
54.2863
61.0092
42.5996
133.607
29.1579
45.2729
70.0007
63.6713
43.0711
63.6587
54.2196
56.1893
58.2804
36.0903
46.6065
76.992
84.8758
32.125
60.9791
71.4031
49.4026
49.7512
106.103
43.6251
44.174
35.0594
46.819
48.303
33.2702
44.2323
51.7461
48.0957
52.0006
67.9473
37.8267
55.2446
75.713
48.3732
49.6683
56.8148
66.2136
39.389
52.5883
41.3181
43.2975
48.9936
84.4414
61.6147
40.0129
219.16
46.1027
44.8474
33.7752
69.4837
49.4582
63.3056
78.4875
63.8435
33.9494
80.8851
70.212
51.2338
56.1105
46.5459
35.6028
66.4306
90.8342
33.2861
41.7501
42.4028
52.9335
47.8814
77.8355
105.411
54.4428
48.1887
45.7039
71.8917
23.6607
48.6901
51.168
53.5449
47.9634
50.2189
71.0062
48.9912
49.5835
57.9538
56.1775
55.3944
42.4489
59.2389
40.5162
38.9484
86.7067
54.4957
62.9781
55.506
31.0823
34.6896
48.3639
59.4635
67.5742
55.6031
46.2629
68.0779
38.7807
44.6135
56.8256
61.1997
46.8145
43.0215
62.7067
30.4123
75.0771
43.3827
37.6672
56.5604
46.7651
51.7075
35.6799
68.5475
59.2728
53.9546
43.2798
51.9631
40.2171
60.8315
75.8233
48.4119
57.5526
41.1202
51.1219
51.8362
32.7416
67.4618
67.8401
32.4813
49.142
41.7787
37.1418
97.0832
37.4803
33.8061
48.232
49.1281
40.398
36.3358
31.1337
45.7915
45.0162
37.8363
42.5163
68.762
59.6856
75.5141
45.6983
40.9567
48.7846
70.2601
39.2024
55.2155
48.3092
58.8348
76.9248
45.5847
59.9456
46.2772
41.7246
58.9455
43.2378
47.2392
47.7365
45.0774
51.4975
47.7119
36.4529
36.619
50.2745
46.3539
41.9408
63.6971
48.1682
42.7957
50.9403
45.7549
51.8125
49.529
41.7374
46.8931
33.3058
42.0726
72.5464
65.6482
77.2231
47.7561
57.2791
51.5621
57.6398
51.5122
37.6271
39.3183
87.3045
55.127
43.8664
66.1053
51.4567
70.4013
73.9756
47.1291
97.7263
90.1454
57.0065
73.7968
13150
73.4777
53.163
53.5123
57.2178
47.2861
37.3918
61.5306
59.5617
66.4595
54.1808
59.8135
71.6072
41.673
71.9766
37.6038
31.243
35.1363
59.4511
57.2129
70.4445
42.5038
35.062
42.8372
60.8646
51.5068
100.405
35.7835
77.0829
36.5396
66.2903
54.0929
48.627
61.2107
62.8449
53.0748
53.4831
52.6314
31.9281
52.732
29.1432
96.0874
32.3579
50.7489
56.5691
37.463
62.8592
42.4214
45.31
42.0515
91.4405
77.9952
44.1562
49.4685
41.6595
40.9441
46.8917
42.0846
92.9737
33.3507
30.1287
42.767
47.6937
45.1414
42.2826
59.8712
53.9145
49.8606
33.1988
34.6975
44.1438
33.7371
61.5314
38.3673
43.2025
48.6958
48.1248
58.9082
59.5974
30.8639
73.465
48.4017
64.2061
33.1524
59.7484
55.1017
55.3635
41.2603
72.0124
53.8445
57.663
37.139
88.6502
44.202
52.7616
51.5278
43.9693
51.3018
39.2536
46.1219
64.1736
38.6874
63.0022
84.7737
66.7301
45.1358
41.1258
33.0937
57.7844
57.8822
50.9188
57.2249
46.8564
48.013
47.7309
41.2412
109.579
41.0152
52.2923
36.1979
39.6996
53.1443
41.8475
55.8141
44.7463
34.8232
47.0219
47.5956
63.0986
38.4287
42.7325
30.9341
203.185
49.2205
42.6871
130.211
60.9429
70.0398
46.1389
43.4333
34.879
80.1378
35.5217
58.8456
52.9576
40.1011
42.7462
43.1297
136.16
45.8681
39.6957
28.0751
34.2545
60.1517
67.3122
32.6483
44.7456
53.4283
40.296
51.3866
57.0165
161.02
53.5245
60.3724
48.2836
59.2272
90.5497
41.0722
73.5277
42.8479
126.749
53.8488
34.4612
59.5192
70.7654
37.9989
50.7822
59.8957
57.7031
41.6854
47.6128
40.5366
35.8746
31.58
129.828
49.9434
43.846
79.3623
116.539
-12656.1
63.9656
38.4365
43.9007
27.417
82.6202
47.9328
53.9628
51.1571
35.2685
59.8338
47.4129
50.7007
60.347
57.0319
50.5068
50.9665
36.5983
58.9729
43.6563
65.2364
43.86
39.8527
52.7037
50.8037
64.5319
58.9899
39.6706
67.5794
38.784
81.4524
45.158
57.9335
55.1448
81.1106
55.4748
59.4653
59.2289
53.3315
32.3949
62.2812
71.8423
32.2728
66.3738
61.1677
36.6438
42.5728
67.9513
34.3636
24.8813
135.454
55.8152
34.9399
41.4062
48.353
33.8785
69.8716
69.433
46.9635
47.7538
49.1306
89.2994
44.3801
56.8736
45.5906
48.5577
39.9214
67.86
56.0834
48.2415
61.5749
44.0118
51.6399
44.0102
44.9271
45.651
75.8068
77.3227
45.3135
39.0656
47.4481
45.1443
47.1969
71.1332
38.3069
42.8336
56.4638
83.5265
38.1625
49.1175
37.6239
34.1147
48.8841
45.6179
66.0633
37.3499
47.8791
34.5172
72.1237
31.6771
45.3995
68.5714
51.8738
41.5099
53.6891
46.0316
46.0625
58.638
56.401
43.479
125.164
36.9985
59.37
69.0918
63.0629
62.8499
30.3383
47.3389
61.3301
37.9875
62.9273
58.059
37.7941
61.2633
102.12
58.4963
33.9753
52.3668
31.272
41.9418
36.8616
45.8753
74.0788
47.4887
39.2942
42.2541
34.7842
36.9131
57.8071
84.0781
89.0781
69.7336
38.5789
63.0133
50.9778
70.3786
35.5995
49.4596
52.0436
63.0618
42.8989
38.3161
290.442
42.7694
59.6718
48.2104
84.8883
30.1583
66.606
37.5217
39.8686
45.1026
59.9388
44.0625
51.3844
57.7651
48.2838
68.5964
49.1695
38.1827
58.0743
45.9523
55.0522
65.4533
63.0757
77.0727
43.5567
62.6579
70.6354
55.5311
53.2503
79.3696
67.827
51.6116
37.8322
57.63
42.3579
201.781
63.7126
108.835
47.5441
61.8478
55.7492
48.8711
56.0726
41.683
49.7952
41.5784
40.5994
47.179
59.3697
56.8951
77.7739
54.6641
60.1689
58.0992
55.3605
36.4051
49.0096
36.0958
58.3475
92.6508
60.5906
47.1043
55.2045
74.6726
46.2985
53.8349
40.7591
50.7765
52.7885
54.6688
37.813
79.2551
89.9787
20.5884
45.267
55.1934
48.7604
42.2334
56.4409
58.6465
45.4546
82.8894
56.4092
56.7189
77.838
51.9457
38.1045
33.7857
33.4223
71.2985
73.8874
91.3054
52.2852
52.5037
43.9559
64.4969
90.3729
53.6015
138.923
46.0652
32.0382
56.0853
60.188
50.2377
36.439
75.7152
69.3983
68.3304
86.5159
35.9179
36.4437
60.7534
50.8333
52.6413
45.0083
46.0352
41.733
50.7758
42.1021
55.997
89.3439
51.5788
61.2308
62.164
44.7921
29.7342
83.5559
47.705
60.8814
30.4043
43.1805
51.4792
71.6251
61.1371
73.9952
63.5369
57.6216
51.3458
26.3554
54.4292
28.8343
49.1926
30.5236
53.9
40.2951
40.1774
73.1826
50.0862
32.4619
49.995
40.5837
32.3403
68.3257
46.1561
43.6922
37.8983
52.8461
41.9159
58.3425
40.9284
27.6589
46.7282
38.9281
51.1322
50.8454
107.347
52.3234
43.1169
38.3451
54.9243
57.603
45.4111
43.6754
51.5162
47.1709
153.357
40.2246
61.0133
65.0879
51.3535
73.3926
71.9841
50.5994
63.681
52.3126
54.4161
44.2795
28.3297
42.3732
76.206
41.0968
55.6213
68.0818
57.8104
36.3041
62.1699
72.5682
52.5617
45.9066
37.459
46.9258
45.8337
57.1878
50.9228
41.5381
42.4784
58.9519
42.3025
42.0864
52.1727
71.5568
46.8736
37.321
41.107
41.3062
83.1618
58.2495
54.3141
72.6643
38.1939
49.2655
31.1692
44.6005
60.5108
69.9832
37.5247
57.6066
60.5795
35.094
76.0377
126.454
83.1831
54.6199
63.8863
98.9517
49.7473
46.4578
32.812
98.5857
41.5921
65.1117
52.9283
46.1172
29.6884
47.8188
33.716
43.5892
57.7244
39.332
69.226
25.4087
62.7563
47.9186
34.239
59.7131
69.157
52.4984
29.0408
71.4181
43.6635
50.8302
46.5224
52.4941
44.7841
51.1383
29.0015
35.3137
53.4022
70.5697
58.2782
64.0512
66.0836
66.3099
42.3709
49.8418
50.1279
57.7206
56.1789
86.9216
45.4775
116.224
36.7791
58.3556
106.459
45.5046
51.4095
53.5214
71.9445
50.1118
60.1201
42.8439
35.516
33.0904
37.7516
49.4951
39.1813
39.7621
58.1569
69.7685
29.1001
46.8519
80.1308
35.3125
42.5075
66.7352
47.3246
69.02
43.4719
59.1096
91.7408
67.454
41.2572
26.6614
52.7034
65.5338
46.8496
29.9127
50.887
35.2041
48.1331
49.3388
68.1058
89.6527
78.8326
50.9596
45.8159
50.4558
71.626
70.2287
63.1886
68.2407
42.0141
64.8152
34.643
65.1573
45.6209
38.1742
47.6872
60.5454
67.576
59.6893
65.4167
68.4154
60.0322
51.8399
48.8076
33.4814
56.1516
43.9478
97.7268
53.3409
73.3494
47.2121
64.8754
41.973
37.017
41.8836
49.2681
41.3244
45.2002
49.05
50.3727
80.6355
57.8788
59.4572
67.8176
71.8955
58.6784
41.7093
53.2035
54.6139
44.7679
49.2081
76.9084
53.2267
45.3664
56.2885
33.0227
35.9984
28.8694
63.8362
65.9333
54.2251
92.8783
53.0246
40.6969
60.933
44.7072
32.1547
50.9065
46.1745
42.1054
54.7613
39.5717
55.7124
49.8497
51.1557
50.8717
48.7984
43.3474
70.1454
49.8051
56.5082
149.636
68.4829
98.3174
32.2573
44.7939
48.9642
92.4747
65.7129
67.2934
42.7995
59.4304
53.4235
118.122
56.2263
78.2402
56.3984
77.9739
58.1092
51.8066
48.3422
48.8796
60.2924
67.352
57.8584
58.3545
37.7955
49.0446
50.4116
39.5353
63.9763
45.4856
36.2443
54.0362
71.5376
44.8605
85.2335
43.9801
59.625
68.6018
45.6345
43.898
37.0801
38.4767
30.8992
68.3697
36.9706
60.9506
38.436
40.6866
50.4203
49.3856
48.6007
79.2067
50.6937
34.7359
63.7594
52.972
35.8488
60.5067
55.583
58.7718
44.1066
29.0405
57.4793
42.0729
61.4997
43.7875
61.2489
52.9497
38.1829
36.0378
37.1811
48.342
39.4326
62.6931
44.4696
55.3376
52.0581
52.267
54.6441
92.5871
57.5594
40.6463
111.623
54.3694
21.6629
59.4191
53.8769
81.5545
65.767
69.9899
47.892
52.3637
42.9769
65.7919
51.4104
43.442
70.8297
51.1026
46.7364
51.5849
82.6443
39.7306
45.2905
61.0535
120.964
35.3232
37.7582
66.4165
39.5751
54.4323
44.2021
38.5068
48.5314
65.7641
94.2048
43.7293
36.6405
30.703
70.6908
99.7014
28.8705
84.6197
43.3893
58.0349
38.1513
34.195
51.2814
50.9399
80.5352
61.6071
53.2978
50.5149
35.3641
83.5178
66.4479
41.2448
63.3725
40.8095
31.4406
48.4956
48.1157
42.7051
38.8816
94.5463
48.9759
47.2025
53.3221
35.2041
68.3871
63.6764
54.2485
63.1704
47.7438
34.1931
54.3779
49.2818
58.3463
69.0311
57.5666
96.8244
40.9284
38.7492
50.3744
58.9322
61.2085
51.6431
34.0076
44.7167
65.2575
63.4694
46.114
59.3076
34.2632
63.5513
58.9359
40.1687
35.7584
41.291
34.6284
76.9039
46.3597
66.6653
63.8787
45.7662
107.514
48.0201
60.747
60.0662
48.3893
37.35
43.5984
81.183
41.3546
49.0542
34.8934
78.5794
43.8175
60.4515
42.0078
62.0779
49.072
44.9888
49.9129
73.972
50.6919
55.859
35.2467
60.9077
37.4325
69.9795
63.188
45.2361
48.9867
42.615
39.5198
43.7604
43.5428
33.8974
49.4545
37.6935
54.747
41.4718
69.183
38.8283
34.8428
82.6656
42.1865
43.2066
53.6978
47.6745
55.5655
93.8609
58.4924
52.242
52.9833
53.4826
38.1377
48.1853
69.0877
51.9071
45.018
41.4176
46.2928
50.2451
74.2326
64.885
81.0175
65.8109
60.5975
56.9353
43.92
101.999
53.0743
52.9828
38.9867
39.9448
25.7927
35.9636
47.9135
79.3213
41.1062
53.5464
31.9314
36.5214
47.3621
54.7362
50.5867
65.4672
35.1973
42.071
66.3283
103.02
47.8504
63.9808
53.0519
44.8481
40.0366
40.1916
35.8788
30.1
76.005
91.6077
71.1529
56.9367
49.979
46.9516
35.5563
54.4637
112.341
72.126
61.358
62.621
52.8356
66.4756
42.5433
57.909
72.9878
59.1161
90.2782
122.174
52.6718
36.9182
72.1739
35.7663
64.2523
45.9015
39.6522
62.4159
367.752
59.2131
67.9447
43.7357
47.9363
65.6115
47.3932
41.5652
36.5914
64.4816
73.8501
25.5593
39.5287
87.9573
45.8924
48.3326
92.3198
36.0041
60.7424
42.692
44.9135
39.2221
46.9211
41.8262
44.1437
53.8831
63.7042
71.0651
255.613
63.1661
54.3784
41.6771
37.726
53.2612
50.5801
46.3454
50.1069
54.1486
46.1589
26.2547
61.488
86.3328
83.201
38.5855
59.1499
30.8072
38.0591
43.1842
45.95
87.4752
56.3484
45.0191
86.548
50.0205
62.0707
47.2716
55.0128
54.5316
73.8495
47.1019
55.8915
47.8555
76.7092
58.1513
31.226
69.093
63.1035
38.1842
65.0319
47.9275
52.3275
43.6222
45.3529
62.504
47.8156
65.2891
34.5994
60.098
53.6881
74.98
45.519
97.9947
76.2695
50.1691
64.7776
42.5531
53.004
50.1756
49.3583
38.5708
51.2552
54.308
64.0963
50.2896
50.0269
34.0168
39.2745
50.5952
39.7911
71.8721
53.8516
45.1263
45.1333
55.4872
35.8845
51.4316
84.7617
41.7015
62.553
151.34
74.7397
36.8058
44.2541
63.3428
46.3564
43.9135
48.3444
44.7584
47.7826
68.0728
39.4801
66.3784
31.8215
93.5457
55.7926
41.9145
54.4514
44.3099
38.188
51.3185
54.048
57.6821
67.1925
38.172
50.6434
38.2425
25.8155
41.3545
55.0652
52.0567
52.2055
40.1363
63.6069
41.791
37.198
44.0059
49.5603
88.9099
56.0033
45.7128
46.2125
64.6181
56.2717
53.2839
44.5106
37.5357
44.2498
42.6371
64.2525
51.9162
45.4693
25.1834
49.3653
54.7439
40.238
40.0654
52.0172
59.9763
60.0777
69.3768
63.0462
46.1031
68.6893
41.083
35.4672
36.5354
57.5397
39.4476
48.7578
60.2253
69.725
57.5194
47.4664
64.8608
46.3955
45.3126
33.7344
47.6402
40.6171
45.5179
41.7237
48.926
43.1753
50.3488
68.5408
51.431
38.0275
44.1617
80.8281
33.7362
59.5031
35.7103
60.8469
57.7572
56.863
41.3179
61.2255
56.5218
34.5238
62.296
189.188
38.967
43.747
55.907
41.9635
46.3829
42.9605
52.5662
39.7152
41.4071
37.7196
40.5567
76.5762
43.1136
86.63
44.2989
36.8147
40.4092
56.0857
49.1825
78.9311
62.8905
72.0202
37.3744
43.2549
50.2689
43.5305
44.1355
44.4897
43.9141
71.6607
42.2702
45.5731
36.6397
54.7378
58.4155
38.9006
51.4537
45.4932
34.7604
49.1567
52.2719
72.3005
34.3314
41.0422
66.7923
46.4617
48.9561
33.0702
63.0299
46.2444
76.977
72.3871
42.5878
48.0731
62.7933
65.2615
37.1587
36.098
41.4461
54.783
65.6823
46.4561
55.966
45.7283
88.6364
33.339
54.3845
37.1535
70.4863
45.3551
35.5396
53.1256
65.3276
60.5766
72.2131
33.1644
40.6268
60.9228
44.3085
67.0899
46.407
36.4785
44.3539
36.7576
65.7138
58.3587
62.2327
16.678
76.4878
47.9207
45.098
48.6843
56.0832
79.2248
43.9087
38.2771
60.0027
41.8622
62.4315
56.9004
72.3598
62.2505
59.9789
37.7743
65.5341
40.1695
58.2044
46.8702
44.8571
41.3524
76.4239
54.489
66.5858
66.7528
35.7116
62.3877
44.1971
45.7276
44.6419
49.5379
51.534
36.7948
50.1555
46.149
54.584
43.1635
69.6892
63.1009
64.7423
30.4158
100.722
70.7998
57.2134
38.1945
56.4081
53.5302
39.1409
42.7731
54.4847
38.9658
37.4942
40.7137
47.7199
64.9698
91.375
47.5537
40.1851
79.2371
58.3972
58.8673
68.8382
59.7763
76.2021
60.4861
42.5266
87.1275
85.9081
54.6916
79.0915
48.4729
41.3704
46.8317
56.5169
107.301
31.7364
39.582
70.8028
38.029
89.504
38.3337
7955.92
46.2054
54.9234
50.8754
54.1047
54.088
46.2348
41.2321
44.093
39.5982
26.3616
56.2327
50.0343
33.1712
46.3828
112.519
55.6659
32.8211
90.0034
51.654
37.2985
44.477
69.9626
64.4447
30.3683
36.4009
36.5033
56.027
64.5643
67.3743
41.0359
43.619
60.2858
61.4299
56.077
70.1211
73.3014
41.2187
79.5426
35.9189
48.5338
46.4089
41.2172
40.8464
134.672
70.5157
129.749
47.8704
58.8821
66.8533
7315.05
56.2664
64.0854
61.3503
32.8821
38.6957
8862.1
39.553
44.7833
57.5609
38.9299
48.368
66.278
48.2522
43.7795
9.06158
76.2814
54.7985
46.9044
84.2597
59.4393
49.3245
43.307
78.7969
42.5415
40.6041
56.7276
57.4946
38.8314
194.58
52.0469
82.9511
38.6574
54.0189
59.9178
62.9562
36.3726
39.4053
75.9028
44.924
43.22
77.4737
32.8229
60.1615
46.6476
27.0918
61.03
45.1434
58.9773
67.4527
52.6574
40.866
57.0206
22.6595
47.1838
55.3402
62.1149
54.4876
59.8119
48.1358
45.0161
52.1878
60.3631
40.6801
39.9885
36.4734
46.1581
46.1073
43.3115
47.1296
46.5114
62.656
40.0267
60.5955
22.3306
53.3494
54.9508
35.9718
76.9235
54.4537
47.8068
53.8613
85.6079
36.9743
65.6182
32.9404
105.543
55.598
39.3415
53.8332
54.4522
41.3368
39.5274
31.7107
57.107
36.2417
46.8442
64.3402
38.8733
38.0055
76.7216
50.4332
74.6864
116.014
58.4539
61.6158
49.9695
48.8054
60.5375
32.9066
45.2309
47.3164
50.5088
50.8785
72.2189
43.9473
23.0979
47.0076
44.4738
51.5552
42.2556
48.4678
106.511
48.7846
57.2869
51.1078
43.0891
50.7419
28.7118
63.9453
38.7801
70.7856
61.0997
39.7144
37.0546
31.3457
28.372
49.7752
50.5313
35.54
32.8229
65.9156
46.0751
68.5764
49.3405
45.7487
50.2506
56.4639
45.5164
38.7726
80.4352
44.9266
57.0467
42.4547
67.3442
60.5709
50.5273
69.2521
34.9762
69.6134
60.3639
78.1388
39.9364
41.4711
51.4584
46.1181
44.5732
57.5264
61.7713
68.5329
60.2899
45.301
95.1021
69.7998
49.9081
47.0768
48.2737
64.6435
46.6735
53.3229
158.942
52.879
43.4766
74.0628
58.4143
69.8632
35.8266
68.4613
44.4665
47.8152
51.8742
52.6103
50.1634
44.9697
34.2588
38.3359
64.4723
47.2086
44.598
61.0114
48.6332
53.6876
42.7116
65.5659
50.1798
54.3611
104.23
54.0102
55.0303
79.1884
48.2339
34.7475
87.667
36.3355
48.8142
30.3728
69.3208
33.2759
60.6899
65.1393
882.676
48.4096
42.1245
41.3708
49.0532
43.4212
38.8017
36.1508
50.2592
60.5769
40.106
60.5595
39.6425
55.5147
55.4731
58.5672
46.3889
62.7408
42.2003
40.742
51.6899
46.6087
34.675
56.8134
35.2273
43.3784
60.6762
94.4877
64.184
35.0974
43.747
49.0055
48.8766
28.8126
93.9726
76.06
66.6481
91.4712
70.0567
53.733
67.188
48.0819
129.046
60.4407
38.2015
50.4811
80.2362
53.7422
39.0516
33.9268
37.0344
33.0778
55.4147
59.0148
74.3151
79.9394
52.3919
35.9582
29.0078
38.5409
44.3698
41.0751
46.9661
74.075
24.7037
78.2339
69.4897
57.1329
69.4564
40.4988
29.2218
48.69
50.0429
64.6311
43.0935
63.2997
67.9506
42.9199
52.95
82.4086
53.646
34.9768
44.8037
37.5505
39.6116
42.1236
66.2862
454.767
80.2657
78.8753
103.72
50.2266
33.2225
44.7476
51.7236
53.1166
46.0533
44.2324
36.6037
48.8561
52.4016
51.5219
38.8384
50.7251
66.6698
64.7818
27.4883
33.3172
70.8711
69.6331
49.9588
37.86
75.7737
61.4935
38.451
45.2732
96.1431
49.5265
62.5693
42.7807
111.557
56.2162
61.7658
45.3521
45.2608
53.3435
32.48
45.9216
34.0947
61.8936
124.845
76.035
49.0934
55.4244
68.1476
62.77
44.298
63.4701
75.1363
42.5189
28.1882
45.7523
75.3597
45.2649
45.2079
38.4335
57.1073
43.2028
68.6925
47.0764
44.4403
29.9094
59.0857
45.2868
57.9575
66.5969
52.1809
37.1081
41.5569
37.2088
76.5755
57.9556
51.1765
44.5713
55.509
51.7906
35.5951
78.2572
33.4127
38.8423
5339.11
32.7813
29.4455
61.6135
57.2925
39.1194
41.7413
88.0384
47.5223
76.7467
56.2979
49.7812
55.3214
29.2778
58.5624
59.8869
43.0974
50.7224
72.4794
44.3727
89.4258
43.7545
59.1262
47.1427
45.498
55.7906
57.7043
45.4933
61.6294
74.642
414.387
58.085
46.2328
62.8825
45.985
31.8985
72.6979
225.058
48.8692
57.3838
44.9695
62.2922
49.552
10582.9
42.661
51.7014
54.8662
61.9038
33.3524
31.2681
55.5852
47.5358
27.3777
213.19
43.9689
61.463
38.5004
74.9459
46.0474
43.3675
43.9577
53.7712
30.0589
40.8142
53.9767
28.5438
60.9439
87.1587
60.7404
65.1217
54.5807
48.5748
58.6061
45.2336
58.4821
51.5971
49.8832
64.1861
42.5907
62.1671
52.2075
42.5905
45.2573
60.9151
69.0667
38.7799
41.9524
51.0263
64.2145
101.972
35.6849
49.3033
46.1064
41.204
252.201
24.6428
54.4615
60.0101
41.4105
50.1316
67.1629
36.3942
41.3349
41.8336
52.2801
41.109
60.9527
47.9644
46.1527
51.3223
54.7366
70.3576
58.2453
40.7786
44.8338
46.6769
40.4049
62.5467
28.8871
62.1535
32.3327
46.4003
32.9232
45.3654
58.1012
48.4217
102.903
74.2827
75.6727
23.1233
31.959
48.0272
49.2931
52.9125
37.5179
73.704
95.0311
44.6911
86.7973
54.007
71.6983
51.9987
54.8124
39.6106
58.7709
55.6524
57.6297
36.3933
68.0557
52.7204
98.5241
32.4655
57.9447
74.772
44.4225
39.4249
69.1875
48.8125
51.3719
48.1557
34.3111
96.7902
46.3587
53.6579
67.9206
43.4636
54.938
59.5969
40.7058
45.3867
51.541
48.4552
61.4158
59.2602
41.6192
44.761
33.8796
65.0185
44.4409
48.0937
118.839
33.0309
53.0995
79.6274
79.8784
95.8356
60.5542
58.5538
34.656
66.3914
57.9652
4134.37
60.2746
28.7101
56.399
62.0773
39.4664
46.8434
40.1585
41.8858
55.7736
55.4414
47.0541
35.9248
121.791
36.3558
40.6062
106.301
51.5637
46.3229
76.3445
45.6276
62.0933
51.2201
78.7038
71.0452
29.6433
55.5827
60.4677
52.9904
39.6075
45.2681
129.077
29.9455
52.423
56.8421
31.5256
39.924
70.0248
39.2946
50.9904
66.0513
50.6083
39.8518
47.8546
43.4221
43.4501
42.9127
46.226
57.4854
51.2496
93.7718
38.563
56.2954
41.7418
64.9545
64.0503
44.4595
54.5465
39.9081
68.1411
47.3833
44.1949
54.4968
38.1724
34.6092
43.0644
86.3252
69.6816
48.6786
26.4914
69.3747
44.1312
33.252
37.9617
58.0285
34.5749
60.3162
62.3426
87.8107
49.5767
45.3168
83.8062
60.4979
57.9577
44.8324
35.8127
42.712
127.498
66.9318
61.3633
68.3502
55.6279
54.5695
66.6378
56.4491
71.401
51.8374
54.1627
242.703
54.8067
49.5915
39.5814
40.6322
56.0359
59.8279
30.5359
38.5764
35.1376
70.7973
43.9687
65.4968
49.515
55.5474
37.3174
48.2498
51.5101
34.3994
57.2814
41.9997
58.5551
34.9784
51.5303
46.0158
34.5038
63.7365
40.2172
36.3869
54.395
53.5383
63.7449
63.7062
61.3639
56.3069
61.9187
57.4528
28.2743
34.1487
30.7014
71.7816
41.8532
51.9035
67.2021
36.3208
45.7088
37.8579
54.2914
48.0571
42.8401
54.2699
107.519
40.6532
68.0442
61.7478
66.0382
97.7151
47.9924
62.1989
31.8763
60.4065
39.623
44.5492
73.1236
40.3506
75.1503
28.6294
36.8094
48.3154
51.9734
47.5393
58.5084
59.7415
74.3355
33.3052
78.9326
91.7201
49.8016
9267.43
33.2619
37.2224
51.3
37.8631
61.0421
62.9645
32.495
55.2804
43.321
57.7767
46.2023
45.6818
45.4525
70.8469
39.5179
61.3803
52.9794
41.7178
59.5806
33.8634
60.6979
49.8517
80.4973
53.9598
24.9543
58.4878
36.0539
35.0967
39.5127
40.6579
29.2666
54.6792
101.817
55.9315
70.4698
50.167
89.5183
59.6041
74.0252
24.145
40.8784
54.639
45.2109
58.192
33.5485
44.1395
68.8602
43.7177
79.1912
59.0783
43.2137
43.8935
272.837
44.7877
51.7192
48.0508
80.6676
57.5229
42.1223
49.6875
67.2273
53.1028
77.0219
32.6172
61.3685
56.1182
88.9664
38.6435
52.48
44.8264
34.0883
45.2857
45.9564
66.9201
132.274
74.0478
36.1571
58.4399
39.4944
70.41
70.509
25.9594
44.7906
87.9092
47.0299
45.5661
52.214
55.8629
105.599
64.0242
44.893
39.273
48.6334
121.016
62.1811
48.0754
33.2993
42.1146
39.3869
35.0917
82.91
38.1053
92.1127
54.3398
80.5393
59.6203
17.376
44.1579
51.2238
71.3865
56.3531
51.0272
60.2925
50.3333
36.7246
43.1897
56.7459
31.3967
52.4069
53.662
59.8895
72.6056
37.0779
25.291
37.5497
45.4906
76.0788
62.406
59.4992
39.5226
92.8076
42.9664
57.9683
63.878
152.713
47.4466
31.1085
43.6131
55.7889
43.5904
35.5341
28.7471
33.2831
47.9005
87.6428
51.3215
61.2926
101.182
57.2281
54.9514
33.7928
59.1005
44.3967
38.4196
46.0779
45.7949
34.7442
597.965
44.718
55.9795
81.6937
85.2648
54.1057
81.3424
66.1794
42.2735
52.6147
114.957
50.1761
31.1246
42.2474
59.8848
41.4706
43.9407
56.3079
42.9587
44.8068
59.7504
46.58
45.6963
66.8195
49.8261
82.1866
54.5947
56.6437
53.5275
53.9431
105.161
46.5081
52.3845
78.9217
33.3482
59.056
47.8973
56.9477
50.885
49.3502
45.843
40.0331
79.1447
46.0679
49.1692
23.1673
59.5797
42.0024
51.5809
43.2581
38.794
44.0774
61.0481
54.1353
85.7765
51.1555
53.789
53.8812
51.2351
43.7078
42.5981
62.2751
51.4708
40.5252
42.8474
51.0407
46.794
58.2836
55.8616
53.4045
44.8958
87.3587
38.2439
60.6299
64.671
45.7668
67.826
67.669
106.897
75.5029
42.3352
38.5958
40.7833
49.0641
70.6445
40.6116
38.9814
50.5922
54.0261
49.1935
48.2648
55.1714
54.4141
34.3978
53.3828
63.419
64.3302
45.9988
79.3054
52.5937
36.9411
54.786
59.9101
40.6031
78.1675
42.5486
63.0792
42.173
81.7318
65.2392
38.122
44.1885
104.069
132.349
59.9545
51.7065
65.3677
52.0044
49.6904
44.5359
37.9128
104.975
47.2263
41.5253
47.1847
38.0792
53.6584
77.3384
41.9738
41.5973
62.4183
56.3034
41.4042
37.7064
93.1118
26.5857
90.5088
86.7507
88.3899
33.2113
71.4708
56.8717
51.148
46.6776
72.6107
53.8731
73.3266
38.1989
58.6127
67.8902
50.5684
37.4663
44.706
50.1076
78.5118
90.2136
57.8752
62.0514
48.619
46.7468
60.9901
48.564
47.8547
60.015
46.2976
49.929
48.4576
34.3607
40.149
35.9999
48.8795
44.1092
71.3096
53.3939
55.8105
68.5589
47.4902
65.4382
44.94
22.8819
52.664
43.9413
76.3839
40.0622
58.5047
70.1846
44.2902
42.1547
65.6513
44.4285
54.5433
40.5761
51.7967
42.4021
54.4241
37.7575
37.6847
51.0091
42.6304
47.3323
40.6131
45.8923
49.7388
77.0243
48.9423
65.8314
48.0167
58.6778
40.0873
47.3676
42.5885
90.3075
138.71
44.2616
50.3055
46.6003
46.1746
50.6687
47.5826
25.0554
66.2294
60.5391
45.6701
58.5166
109.763
98.0308
54.6981
47.2639
52.9212
68.6586
56.4761
61.5649
49.9539
42.3728
45.8501
145.481
52.5977
49.8787
60.3503
43.9699
82.4398
57.0021
54.8854
59.5386
55.8727
50.509
38.1689
49.2401
52.9628
44.2094
58.157
58.0226
75.4306
45.4395
89.3509
269.638
59.5368
62.3343
56.7929
40.1833
70.7743
32.4449
45.5582
49.7552
38.2732
39.2878
44.2169
65.1877
40.4083
52.4285
43.9539
60.1783
57.5313
67.6884
61.9885
51.7752
53.229
34.3133
41.593
43.249
38.34
66.2965
49.4479
48.3883
35.6708
54.6323
40.8559
54.4721
47.1961
170.31
57.2576
54.1318
58.0569
48.4157
90.9836
37.8916
44.8514
134.886
49.1746
34.2923
47.0051
33.283
33.6652
57.0665
50.5536
41.3006
63.2193
40.9882
50.5046
66.9064
43.2204
49.7191
57.9023
47.1105
56.2162
28.0251
144.211
39.8152
62.0458
49.6741
51.0285
67.9563
46.5765
35.0112
43.4829
79.7503
42.0351
62.3041
23.2948
52.294
35.4015
83.2279
42.7207
35.4406
43.613
56.1779
40.2603
73.6583
59.9506
73.4939
51.8593
29.3311
49.7304
70.002
46.359
63.1023
53.2388
62.201
27.1436
46.8121
43.5993
74.4538
61.7351
32.5649
93.7522
71.7422
30.3417
46.0518
57.6037
109.624
70.4063
40.7854
70.0836
44.9068
56.5054
46.3191
46.4952
68.3408
76.0822
68.2272
55.8323
62.2706
70.3736
79.4752
98.4061
34.4131
77.3593
35.8987
36.5492
60.4919
44.241
56.7567
51.4686
66.8012
62.6404
66.297
61.3159
65.9001
58.3454
89.3217
38.2019
109.247
60.0561
39.4101
56.8252
55.2538
41.1688
48.7562
50.4246
37.0734
60.2137
102.711
65.1113
45.7255
56.6523
97.464
53.329
49.7268
97.032
71.2874
72.5091
63.4842
40.6099
37.3555
44.0547
62.5969
43.2241
49.0489
59.298
55.5809
54.3566
127.932
40.2775
38.4229
41.9212
79.973
63.4935
39.8947
42.2367
65.7987
54.22
46.5956
97.7206
258.349
26.3508
55.5729
133.432
59.8954
81.0248
80.3186
61.9704
71.1507
69.4771
36.2632
58.8927
53.8916
76.5762
53.009
60.9867
53.7825
51.6952
77.5837
50.9516
63.2232
94.1578
46.6695
35.4758
45.4851
37.8115
60.5839
49.642
46.8031
50.1282
28.631
49.6447
47.9914
66.4783
48.1594
61.454
51.011
52.6011
48.7095
110.139
38.7221
105.361
56.442
49.6845
37.7647
71.2256
60.7112
40.1482
31.7618
46.4518
42.2297
44.8012
46.9887
95.9965
62.5081
58.3349
44.054
29.7249
26.8547
43.3226
39.5186
55.6258
50.551
37.6856
42.4443
67.4933
40.9916
36.147
59.8879
45.3643
30.2323
46.3245
47.8873
58.4949
49.7014
73.6947
40.7159
39.0855
49.9354
45.8865
54.3952
57.3307
57.5718
61.0702
56.8158
58.5003
48.5496
44.2713
52.5726
51.2988
131.019
41.6774
73.1157
31.6251
56.207
54.4912
42.7161
92.2333
40.102
75.4499
29.9271
69.1679
164.274
81.8761
58.337
27.8035
39.8252
90.4755
54.3772
50.9187
104.99
29.5339
90.7286
82.3668
45.8295
67.1107
74.0498
42.3843
74.9156
68.2283
45.4488
61.506
33.1565
42.2229
124.501
57.245
46.2458
38.6572
55.7582
105.409
59.3148
46.6092
53.3572
67.2675
62.1819
27.9165
76.274
52.4758
57.4147
31.1165
54.6426
99.7549
52.7396
46.1505
39.3895
41.4228
48.4306
68.6462
45.9123
28.468
49.3045
51.9426
76.506
35.0711
59.0235
56.7892
54.2266
45.5164
50.4359
66.9851
49.7017
44.7061
39.9335
43.4207
55.7231
51.8725
38.6461
29.8485
78.422
33.9388
55.8503
38.6375
78.3267
44.6583
48.2066
55.8067
27.3683
44.898
39.1923
56.59
29.0655
58.8567
40.0069
54.8322
47.9229
55.9804
66.2148
36.0229
34.0919
47.2428
72.6874
40.3034
51.318
62.4977
42.4095
52.9031
49.8134
41.3292
60.5918
53.5539
60.9004
48.8145
59.2041
41.5343
132.34
46.2202
77.035
39.7279
42.0397
56.2294
100.662
56.8054
63.5902
44.1917
72.429
85.9318
59.2243
98.7286
49.5004
56.7623
61.8669
112.35
35.9205
39.9857
50.7703
46.3103
48.6293
37.2718
68.0797
37.4134
48.0474
56.1597
41.2163
46.7806
53.0339
69.3017
48.1164
85.1722
73.8732
68.4401
44.3216
36.5275
31.5883
40.3543
28.3025
44.1456
43.9152
74.9573
82.6271
63.7679
39.6307
33.2817
33.717
67.0663
55.6435
50.3
37.3427
23.985
65.7775
70.77
36.5143
60.934
54.9706
52.3986
40.2368
69.1721
75.2914
47.7125
69.6999
53.1175
72.4755
49.3654
47.5888
65.2878
76.5638
46.0005
47.3448
89.2211
78.5662
191.264
39.423
55.6424
59.0175
71.4672
65.9036
52.9837
48.2005
79.241
49.4332
48.4529
106.054
48.7943
59.2694
60.4814
69.8068
50.5679
40.367
252.388
98.083
28.8176
62.3991
51.4557
40.0269
39.6754
36.4914
55.9412
38.4582
47.8355
39.3492
78.9092
62.618
65.9472
54.3235
78.9227
77.1487
69.26
42.7082
44.115
48.087
25.5968
46.1218
64.144
43.7195
58.8185
60.6198
63.2117
46.2234
51.2934
141.674
79.1936
48.1212
44.3139
38.458
60.2306
42.2011
69.5298
49.8005
50.2045
37.6205
48.5371
56.3719
41.6142
31.44
75.5971
58.1727
43.7221
66.5062
46.8781
44.3588
84.9731
111.019
42.0588
58.8123
47.5652
46.0315
45.7039
46.9917
49.7767
66.9903
45.9098
55.848
36.2581
60.9144
46.5006
35.7516
47.8851
57.5281
68.0753
40.8411
29.017
57.0439
75.8378
58.3718
40.0323
97.4314
46.3235
45.7133
64.0342
67.3369
52.1303
50.6636
35.7546
41.7636
53.4138
34.9373
70.4647
60.4535
71.2407
32.4422
46.8404
69.8302
39.6689
149.47
103.931
43.5573
116.974
68.0789
32.3709
50.6413
60.1987
42.6007
109.563
51.9586
47.0801
51.6029
39.5709
52.7783
44.7302
68.6593
59.7629
30.6693
40.3336
165.617
94.7063
71.9936
50.6239
40.8632
35.6748
66.14
47.0393
36.3226
47.7434
36.1475
56.9546
46.4621
54.1479
39.6048
39.3904
54.9752
62.7828
33.6435
43.3725
31.2129
44.6831
47.6594
58.3816
35.5761
59.2565
46.6199
31.523
48.683
55.9272
68.1901
47.0866
37.0658
62.5043
42.2372
74.37
65.2728
44.2565
84.2678
39.3841
57.3566
48.5913
61.0331
58.9287
70.5988
74.1532
39.2303
50.8605
65.8008
52.0526
45.3914
68.1427
49.8253
69.355
36.4531
49.6887
54.1227
218.192
37.8738
29.9604
46.5059
35.0767
67.6059
34.1076
91.8957
41.9309
39.7614
38.5992
71.0929
47.8361
53.5236
51.1061
42.1294
81.9324
62.3956
36.2395
47.5611
42.6625
67.1924
35.4403
36.9688
50.6187
122.751
64.29
41.2068
49.9402
36.8305
72.9155
44.3166
50.9475
62.9335
81.014
74.7093
63.7746
44.5617
43.8812
55.3156
43.2039
47.9626
44.6021
84.8817
37.541
69.1144
62.7664
56.0386
45.0371
40.0349
47.6772
42.3633
56.1282
67.4198
51.3985
41.8054
46.5335
47.1735
38.3411
52.639
61.825
51.6939
31.7825
44.9224
36.7898
41.9077
74.2219
43.1713
40.4672
132.296
45.6372
37.8413
70.6952
30.4293
46.3973
54.9106
61.7648
50.4657
42.4392
37.877
48.5128
33.8071
33.5459
43.8701
48.9858
80.7992
59.6086
32.5094
80.5445
62.9181
53.792
27.7417
71.9597
68.5407
62.8652
67.6524
67.3516
47.8709
36.2178
69.6832
55.4649
42.4378
39.0888
54.4335
37.8459
46.2333
55.0583
51.541
46.7089
42.1058
71.1587
60.5389
50.18
52.0277
54.5148
70.0495
38.92
52.7995
54.5907
92.6994
40.2358
103.057
51.6837
108.979
66.4519
47.8138
40.166
38.0901
33.0046
35.6486
54.9398
53.0734
62.4312
37.8958
42.479
31.9145
102.705
65.582
57.0518
29.7234
75.3214
51.1243
37.074
52.0051
35.0987
57.7384
91.1023
53.9608
53.2667
46.3939
62.9446
42.3379
45.3671
34.4979
34.8327
76.1525
48.1098
51.1572
59.0227
64.9849
32.9345
62.2703
51.3731
71.1576
90.6341
63.329
43.3936
54.8022
31.8795
56.8687
47.7768
26.4294
40.5811
43.8965
60.5036
58.7709
63.7311
39.2344
30.2177
43.8543
40.0637
37.2824
41.3769
46.8246
47.6878
62.8267
73.1902
52.872
39.5349
77.4985
47.1757
29.8731
52.6743
58.4394
52.6658
94.5286
50.2811
54.9062
92.486
45.2549
70.7853
33.9927
60.9262
58.8103
55.7015
91.7613
42.2279
50.5123
47.8632
60.7069
39.6115
52.2837
54.8735
46.6172
35.7636
54.5954
74.2827
41.283
87.106
46.2374
54.7786
93.5744
81.9621
61.7643
57.2602
30.8847
99.191
57.9972
58.3453
68.101
35.917
45.6652
41.5826
77.9481
29.0768
52.8536
60.6266
47.711
26.4434
59.3663
65.7232
47.497
46.6514
45.4588
51.5713
70.2917
37.2783
57.7649
42.4894
39.2878
58.4102
39.9578
94.9681
32.3347
48.2973
331.284
60.7256
20.1193
59.3982
39.7877
80.542
38.7298
47.8562
72.1798
71.7824
48.0103
48.7854
33.0686
50.1699
45.7801
78.0354
44.9255
89.9686
47.1248
58.3887
77.192
62.6159
55.8208
43.8397
71.0455
54.6472
54.7154
40.2875
57.8701
32.4371
57.758
62.4856
36.5143
46.3994
59.3718
35.7945
50.4422
51.8921
43.2777
52.7269
49.628
82.3286
46.8257
42.6196
32.1451
40.1128
65.2067
64.9335
61.6132
68.6039
37.1992
53.4456
51.888
35.6489
43.2342
47.3662
47.702
68.5257
40.1709
52.024
58.9264
43.1439
40.3462
64.3686
42.102
46.0721
59.0689
69.435
42.5581
57.8773
51.3076
83.2709
52.3767
74.4999
46.3866
37.8502
62.1549
37.9896
43.23
46.0616
39.2363
81.012
53.7717
47.4102
57.6846
72.6794
101.644
45.5791
46.8418
51.861
51.7629
66.0419
56.5247
80.7069
52.8334
67.5698
46.1563
45.6539
65.6174
38.5729
52.8347
54.842
65.3772
32.8659
39.5037
65.2667
54.8766
57.434
48.5008
75.5909
71.3528
84.9935
59.668
61.0508
44.721
143.359
62.4099
47.5389
53.7867
41.3703
49.1528
79.7409
44.3534
50.1118
32.1525
43.6839
53.7122
52.144
124.058
7659.66
85.2294
47.7773
65.1453
50.8303
57.2331
49.6528
36.8485
81.0618
41.7445
36.6311
40.9058
53.7581
41.8492
30.965
37.0048
82.4615
82.2816
53.2131
7301.25
53.2253
37.3253
53.0771
40.6055
57.3443
51.0286
53.5653
40.549
59.2498
45.1142
35.5291
38.9884
36.932
95.1403
45.381
33.3416
192.047
58.2711
79.9843
51.0331
53.2044
42.3249
45.4246
43.545
44.096
50.6987
55.5654
47.5987
32.9164
89.1864
60.3664
62.531
127.845
44.1065
46.105
58.0688
34.1157
43.4811
35.2167
65.366
35.3707
69.0944
52.3021
34.6322
49.6957
56.5599
45.7182
41.196
43.4927
46.8677
56.11
51.1072
47.8195
45.2466
43.5283
47.2255
47.6882
46.0771
50.8014
47.6396
69.6461
61.7103
59.4471
57.5431
50.2565
75.7019
57.1331
36.4728
80.5263
42.4877
34.5779
54.4057
66.5823
41.6566
56.252
36.9503
54.6744
35.125
50.011
118.826
43.7366
49.2865
53.9402
45.2541
48.9376
53.2151
59.0327
68.6212
53.3575
40.0355
73.2036
34.1971
40.1237
52.9038
41.0609
48.2689
44.6288
37.1968
48.4135
42.212
54.6783
35.6678
6692.1
56.7509
45.1188
54.561
69.4458
73.3225
40.2569
55.7945
49.8388
51.6036
34.1682
46.6125
48.8661
33.024
51.9186
51.6482
26.214
64.5953
46.8974
37.5427
66.4413
42.2799
63.1979
42.8278
51.0327
209.663
58.7984
34.0017
63.573
46.3155
38.8399
39.3117
45.5966
52.1968
45.575
39.6227
44.2442
80.7742
51.6732
58.16
39.4908
41.7509
30.0405
54.6259
81.17
33.143
28.882
81.5207
66.8412
44.2139
75.7614
37.2984
287.418
46.3778
81.5752
38.2008
64.7824
61.9188
92.9566
51.5726
34.5685
52.1402
83.1191
62.0138
41.7861
69.8796
176.136
38.3735
181.58
54.4988
57.9302
42.4279
39.4554
43.5288
50.818
47.5215
115.58
40.2122
35.5363
63.9252
41.7039
41.4442
49.6046
45.7133
40.3165
49.4791
56.2573
55.0658
55.4519
39.7639
35.3641
39.9918
52.4813
55.9136
84.9443
41.3738
36.0123
69.041
33.1401
85.1985
52.0634
34.7829
49.0449
93.5633
40.6728
45.7263
39.8614
47.6545
43.2438
45.4211
45.9446
52.241
47.2588
46.746
33.7551
67.1656
10410
47.1445
75.5293
47.3098
68.376
41.2593
73.8418
53.3221
37.5083
55.2838
39.109
59.7498
61.0708
47.5403
56.7239
56.1929
61.7197
55.1972
53.2962
71.5702
39.2218
66.3712
50.6646
52.3499
67.3607
60.0918
57.2033
41.2889
83.6315
35.5865
44.0934
56.422
83.0747
60.2639
52.948
43.9863
68.3869
75.6539
68.9852
56.6966
56.9899
57.0111
55.88
46.1698
50.5422
50.3631
40.8448
117.021
59.6526
41.0505
83.2202
67.3122
47.6934
39.7454
89.1143
84.6665
41.969
37.7764
86.6218
56.2059
41.8767
58.1378
45.0566
61.3622
69.6202
66.2919
44.0171
54.4451
54.0143
64.0758
68.1878
44.301
61.7976
40.7167
47.2268
48.0812
45.6765
53.844
63.3325
26.5008
69.6723
65.8907
66.9984
64.6966
58.5087
22.5868
36.9028
29.3228
47.7738
33.8294
78.696
74.3747
48.8473
56.7502
112.335
42.7091
36.8241
60.854
31.0747
136.015
27.4724
57.7296
82.0415
75.4599
80.7432
73.4992
40.3791
79.1597
49.0232
44.6393
67.347
75.9747
37.8802
93.3825
42.7317
83.6061
55.0566
58.9635
54.1044
68.8543
73.6332
53.8352
59.4782
49.1294
60.7988
40.5093
39.7771
38.7765
34.5267
32.1895
56.2246
48.5621
45.8351
10089.1
41.0802
48.6207
61.9681
64.0034
58.6376
70.4692
40.7132
77.1877
46.3691
48.6938
42.035
48.2126
49.7802
40.7044
33.1617
63.3823
37.7842
43.7982
64.7788
43.752
54.3908
44.7441
74.5954
60.5274
56.2141
60.0435
55.542
35.8607
40.3654
43.9843
43.4179
45.0798
57.4437
33.5945
40.828
41.9448
51.9455
36.5738
52.616
69.2106
40.2448
56.6362
76.4781
34.6868
43.7443
112.275
43.3765
49.4002
37.107
53.5308
29.2631
43.4746
543.428
47.8112
45.643
66.4171
68.9258
44.1885
53.2727
47.3935
54.2534
59.5938
45.1678
57.286
53.4234
64.841
43.9052
51.3126
42.7173
72.2841
28.383
60.8073
28.7489
51.8174
40.713
55.7502
53.5083
55.652
49.6203
33.3801
50.2912
36.604
53.4484
48.7575
42.9219
49.3667
59.486
55.2966
44.7316
95.7334
70.5897
58.7723
55.5642
43.5119
49.2273
56.6567
36.8543
43.3757
65.4282
38.9221
64.0479
39.7222
52.9683
55.7323
58.0654
52.0598
58.2076
44.9577
34.6073
34.101
41.1894
36.9214
62.8925
39.2556
74.0888
63.8166
45.9792
45.3268
33.9753
50.5853
41.3558
47.0285
58.0636
46.4933
41.8078
59.029
45.094
31.9728
31.1851
48.1867
38.2416
41.163
43.4493
42.4827
37.2271
63.3143
40.5962
50.0312
78.2477
63.9486
55.1353
45.0284
47.5801
46.6563
41.5096
63.6424
85.2749
66.3071
40.6642
36.5384
32.8175
69.4152
40.7067
125.276
53.0138
52.3788
65.8659
84.3116
54.6066
38.7748
38.1158
33.0405
46.1062
57.2338
52.6511
55.0967
32.4359
94.8262
75.2428
71.7564
40.9084
43.892
47.7041
293.41
70.6786
34.7004
58.0485
73.5657
56.201
44.1578
73.7835
60.0099
54.0315
50.2638
73.2727
73.43
100.037
61.6623
51.6716
34.3413
49.7797
66.3593
42.1664
36.2151
49.7392
50.0171
47.9644
36.9656
54.2149
44.0378
57.653
35.6108
38.1304
43.8957
35.8873
65.6599
38.6478
48.7965
38.4192
39.8253
58.6238
44.3259
28.8198
40.1091
73.9684
54.3707
33.9473
65.343
47.3499
53.4082
48.4353
58.3173
49.4968
64.0816
43.1961
49.5764
48.2984
41.7121
45.888
46.368
60.1296
52.5953
88.7648
68.5477
59.9768
39.7599
63.7362
37.6248
36.1741
49.8597
57.6206
60.2753
30.2782
134.527
34.2947
71.3078
50.537
33.2867
84.895
40.7991
59.8968
47.1166
54.2218
44.9086
66.9885
66.3108
48.6144
47.4781
54.9208
45.2803
64.2906
168.645
65.1846
48.608
47.24
43.6411
103.12
72.8111
47.9312
54.6065
53.5699
31.884
317.417
67.1748
41.6444
35.5975
48.3189
56.5359
37.9927
51.0913
72.0711
49.2627
45.7314
44.9299
44.362
33.9509
53.2284
53.6866
75.7527
78.6899
61.5476
40.0899
12218.7
46.5012
33.934
46.3786
46.0994
49.4803
55.3603
34.5808
50.6254
41.4759
52.1003
49.682
92.956
34.8133
75.2218
51.5234
37.0831
43.1618
71.3629
33.6455
52.9044
88.7092
54.9208
47.4835
46.3653
48.9351
45.106
63.6139
64.5257
44.0193
46.2851
39.8313
42.022
57.9022
91.2782
60.6108
62.495
54.246
49.0867
46.085
34.1412
29.2153
165.316
83.4908
27.5161
57.0299
47.1399
43.5194
60.8833
40.8998
37.4549
47.5956
90.1326
51.2966
38.8985
33.2524
39.4053
41.723
44.151
53.964
52.7144
49.4134
52.8252
62.9695
51.6173
56.203
48.4158
75.9395
56.1616
51.1567
33.7041
37.7035
43.2013
187.416
60.6529
36.7763
122.478
57.5812
35.3698
84.8612
33.4901
55.2164
41.1437
53.9525
47.7311
47.3727
34.1603
51.5185
37.0943
42.795
65.2532
67.6448
122.846
60.551
43.8981
38.8148
50.5802
51.7069
52.2434
58.5228
8019.27
59.6808
55.1002
45.8205
46.5872
38.1201
43.7499
54.3586
86.1814
46.507
66.3137
49.2865
40.9139
33.86
42.7247
40.9368
57.6338
39.7808
56.1919
49.9559
34.3607
37.3262
43.8301
52.2318
54.9621
36.4765
50.3231
52.193
42.5801
63.5827
52.0273
46.7711
47.985
72.7906
59.3264
48.7631
48.4535
52.9836
97.8335
60.4103
27.4388
45.8496
37.149
62.428
61.3622
47.7078
33.1449
40.196
45.0707
64.13
100.152
58.416
49.3781
52.8295
42.0231
49.8006
40.7347
38.0261
40.0611
67.5127
43.4245
55.8519
37.5379
55.8684
43.6181
48.425
49.8954
56.4463
42.0054
28.5789
78.7122
53.0883
171.233
31.0426
36.3646
58.6569
60.0445
147.078
70.906
75.0046
103.157
38.217
53.4932
58.8683
53.2933
44.421
63.7268
40.3993
74.2323
49.5173
48.3909
28.4776
44.8339
50.8855
46.3005
55.5963
59.5187
27.3548
56.2531
40.9334
36.0278
54.9934
48.4012
37.063
48.1507
50.9928
56.1225
47.41
46.4741
54.8356
53.6282
