9015.05
9029.69
9022.93
9104.66
9186.64
9082.15
9056.39
9117.31
8950.42
9283.36
8989.58
9021.93
8911.74
9123.15
8916.91
9019.52
8934.58
9009.47
9186.29
8957.39
9131.81
9090.99
9184.75
9103.12
8723.68
8911.54
9078.94
9258.45
9171.95
9001.35
9151.31
9142.91
9255.24
9050.31
9085.79
9021.6
9088.13
8896.9
9015.72
9002.65
8947.62
9184.46
9025.02
8996.05
8968.26
9178.68
8866.37
9056.47
9063.88
9054.93
9146.31
9198.88
8785.85
9046.47
9090.66
9103.47
8954.81
8954.69
8842.51
8975.77
9162.45
9002.28
9077.27
9140.83
9333.17
9138.77
9126.38
9221.04
9158
9085.11
9032.53
8851.4
9161.61
9144.96
9165.51
9128.83
8784.28
9160.53
9065.45
8971.81
8965.74
9191.31
8983.19
9089.18
9126.01
9034.92
9294.63
9014.49
9066.13
8912.61
9130.67
8918.49
8926.83
8967.47
9280.68
8972.89
9225.87
8898.03
8763.93
8801.9
8956.98
9009.06
9012.99
9038.56
8854.02
8957.17
9077.1
8929.04
9379.16
9058.65
8788.68
8923.53
8973.96
9072.55
9006.89
8987.11
9111.78
9099.34
9069.06
8961.65
9265.14
9128.96
9378.63
9101.5
9014.24
9113.43
9194.45
9041.21
8955.15
9120.31
9122.09
9051.19
9078.55
8898.76
9021.04
9056.42
9289.75
9180.32
9094.23
8899.81
9136.02
8991.18
8971.19
9084.57
9173.94
8986.38
9213.82
9174.86
9155.1
9077.37
8904.08
9094.49
8890.83
8822.68
9023.52
9033.51
8852.11
8989.6
8881.81
8886.18
9158.64
9312.45
9264.03
9173.87
8966.24
9090.35
9055.39
9333.96
9132.29
9157.79
9191.43
9133.33
9079.35
9155.29
9085.02
9207.18
9249.67
8976.89
9198.56
9021.89
9078.22
9094.57
9196.15
8944.13
9017.18
9171.13
9108.07
8996.61
8979.04
9215.32
9032.18
9125.42
8885.75
8968.37
8777.12
9323.42
9126.06
9102.26
8927.75
9245.39
8909.7
9101.95
8835.12
9129.08
9140.53
9030.57
8921.73
9234.05
8955.07
8979.02
9016.82
8942
8883.92
9152.14
9168.13
9184.24
9047.13
9185.32
9009.17
9066.74
8997.77
9104.14
8963.86
9121.74
8913.48
9137.69
8775.18
9133.4
8969.91
9137.67
9108.04
8809.7
8970.57
9330.54
9157.38
9052.85
9060.26
9167.9
8925.43
8887.29
9138.29
9225.14
8824.44
9078.26
8957.52
9328.27
9037.83
8991.14
9050.55
9132.69
9156.81
9175.17
9104.79
8884.11
9022.42
9003.03
9320.34
9036.59
8908.21
9206.48
9008.24
9166.75
9078.8
9110.35
8963.31
9095.81
8934.38
8961.05
9110.57
9284.58
8934.19
9056.32
9071.81
8982.14
8986.95
9060.36
9086.95
8917.05
9390.4
8867.52
9005.53
9003.14
9111.76
9169.39
9062.2
9162.53
9095.47
8902.05
8955.2
9008.56
8878.19
9001.74
9019.51
9081.25
8983.11
9183.71
9049.5
8912.26
9085.9
9286.26
9061.91
9192.41
9110.17
9091.35
9158.82
9071.82
9096.05
9142.14
9156.55
9001.29
9163.33
9207.69
8983.61
8908.14
9140.22
8919.49
8791.8
9009.48
8879.06
9036.82
9148.3
8911.51
9305.41
9074.06
8984.86
8973.57
9196.66
9264.84
9104.73
8839.53
9167.75
8974.75
9032.06
9114.18
8940.37
8926.03
9145.22
9106.66
9050.04
8928.68
9039.2
8946.74
9227.83
9025.9
9196.38
9168.01
9144.44
8834.06
9096.93
9050.18
9132.49
9015.72
9105.74
9156.07
8986.79
9172.53
9057.12
8799.53
9252.68
9012.71
9056.2
8956.79
8999.71
9190.92
8922.53
9028.56
9044.07
8950.85
9047.66
9176.4
9183.75
9095.56
8963.44
9047.87
9120.67
9085.34
9217.57
9231.42
8959.88
8869.42
8969.08
8939.33
9319.98
9146.4
9079.12
9182.51
9003.26
8988.36
9215
9004.18
9200.19
8963.05
9192.19
9211.83
9082.88
9181.47
8971.86
8974.83
8953.31
9126.37
8965.53
8982.73
9069.93
9278.78
9050.97
9215.63
9271.66
8910.86
9101.66
9092.87
8979.19
8991.22
9020.1
9109.9
9070.21
8954.44
8904.28
9005.42
9174.73
9098.21
9391.91
8973.79
9233.06
9038.3
8905.08
9073.36
9082.48
9058.12
9077.71
9065.78
8957.9
8877.3
9137.18
9063.6
9066.75
9098
9025.19
9071.38
9193.79
9061.33
8938.07
9145.03
9147.11
8925.03
8862
9159.95
9034.03
9087.35
9068.23
8962.29
9030.73
8981.98
9043.86
8981.19
8816.84
8964.33
9180.84
9085.66
8969.24
9099.43
9122.06
9001.01
9064.96
9045.21
8975.96
9065.08
9043.29
8968.47
9196.94
8921.98
8853.72
9182.54
8895.6
9327.44
9055.73
9131.24
9041.48
9061.97
8907.17
9036.17
8926.9
9168.84
8788.3
9288.19
9025.03
9198.25
8985.93
9058.87
8991.4
9134.53
8953.72
8948.32
8874.1
9026
9226.68
9042.43
9104.23
9247.81
9047.18
9028.34
9064.36
9160.03
9027.21
8884.11
9051.4
9042.14
9075.38
9147.37
9027.3
9047.26
8914.15
9013.61
8783.03
9097.96
8854.83
8961.55
9179.94
9093.66
9145.39
9208.4
9126.84
9032.12
9186.82
8853.35
9172.55
9003.88
9079.94
9074.08
9003.14
8966.48
8854.64
9009.21
9137.9
9141.6
8901.57
8954.44
9197.43
8917.19
9079.52
8835.99
9007.67
9087.73
9001
9003.9
9046.63
9040.93
8953.62
8973.96
9081.46
8934.39
9083.73
9006.94
8950.89
8919.17
8962.23
8803.61
9154.21
9180.38
9195.63
9021.99
8961.01
9149.49
8871.86
8999.6
8949.37
8979.82
9046.04
9015.04
9084.63
9165.74
8989.06
9159.87
9019.78
8982.87
9024.46
9133.91
9086.08
8949.39
9121.2
9007.09
9207.64
9004.29
8992.38
9037.27
9221.81
9101.04
9032.89
9270.03
9039.51
9277.62
8994.56
8915.61
9163.52
9053.14
9111.66
9214.59
9052.39
9037.18
9109.35
9089.98
9081.9
8927.14
9216.26
9153.55
8930.48
9093.62
9113.73
9128.21
8971.44
8875.16
9115.8
9065.68
8898.79
9077.71
8992.84
9020.18
9062.34
9219.01
8980.97
9249.93
9125.52
9123.42
9156.94
9045.62
9077.92
9018.06
9081.33
9053.07
9304.55
9105.28
8947.39
9161.43
9083.26
9180.69
8961.04
9276.72
9123.53
9227.63
9060.65
8990.67
9154.21
9095.31
9124.98
8919.41
9137.77
8895.42
8921.84
9188.17
9335.96
9072.53
8914.19
8984.58
8944.03
8786.92
9219.73
8812.34
8977.71
9001.12
9307.73
8954.3
9021.32
9156.29
9055.1
9051.72
8992.21
9173.42
9349.77
9111.06
8922.89
8831.43
9047.09
9079.83
9138.61
9076.14
9008.75
9177.51
8946.44
9085.75
9005.63
8919.42
9153.35
9167.94
9244.86
9352.37
8780.37
8888.36
9097.83
9011.33
9164.66
9046.15
9003.38
8999.78
8994.08
9189.31
9081.37
9001.99
8894.46
9329.04
8909.96
9034.08
9101.56
9131.3
9113.56
9016.02
9166.19
9346.37
9095.29
8947.56
8812.9
8909.19
8988.72
9294.6
9069.17
9034.27
8939.34
9378.51
9072.11
9083.31
8973.25
9089.11
9095.62
9024.32
8926.27
9018.03
9026
9009.32
9010.23
9120.42
9094.81
8872.01
9014.34
9191.33
8994.1
8828.91
9000.47
8927.63
9095.98
8840.83
9135.14
9103.08
8960.93
8987.8
9106.79
9117.8
8850.7
9261.01
9038.7
9087.15
9063.98
9051.71
9191.66
9059.56
8709.57
9129.55
9090.15
9099.53
9195.76
8992.08
9118.37
9034
8884.96
8961.72
9096.23
8970.9
9178.92
8974.83
9171.52
9058.76
9019.57
8909.71
9057.7
9001.01
8806.89
8856.16
9100.77
8986.13
9109.67
9111.97
9101.19
8853.86
8977.77
9022.98
9148.72
8956.19
9267.82
9119.02
9035.36
9103.05
8967.74
9042.49
9020.28
9251.28
9101.72
9322.97
9360.7
8983.76
9200.34
9000.7
9136.21
8976.02
9123.1
8925.84
8948.19
9195.78
9151.39
8995.62
9173.18
9066.64
9016.44
9077.99
9052.79
8861.62
9062.07
9225.95
9237.93
8947.13
9126.77
9050.9
9086.2
9377.93
9029.04
9016.58
8951.8
9195.27
9019.48
8935.89
9059.02
9131.93
8773.51
9048.38
8985.09
9269.16
8927.96
8908.74
8966.36
9096.99
8877.53
9055.15
9020.43
9044.9
9048.54
9196.52
9196.71
9183.51
8970.99
9177.09
8992.09
9257.98
8979.58
9323.78
9053.79
8967.97
9075.12
8992.46
9285.23
9055.02
8742.91
8873.99
8938.29
8854.42
8913.36
9184.49
9033.56
9083.61
8833.1
8975.61
8929.84
9168.09
9359.91
8996.9
9150.61
9227.02
9245.32
9029.72
9106.19
8973.25
8939.36
9154.96
8738.03
8774.54
8996.27
8982.89
9198.97
9233.54
9078.09
9003.64
9085.29
9082.68
9245.72
9085.77
9041.28
9294.69
8866.73
8894.81
8945.39
9245.82
8976.49
9137.6
8861.04
8931.77
9092.88
8911.61
9192.14
8902.15
8948.07
9092.34
8918.23
8970.89
8921.7
9122.38
9022.33
9222.27
9337.11
8958.52
8973.5
9061.37
9149.65
9056.41
9045.42
9008.65
9026.06
9121.25
9071.14
9127.19
9125.47
9056.25
8958.34
9040.46
8747.09
9127.65
9045.21
8755.44
9233.08
8917.86
9000.04
9040.42
9162.82
8890.49
9191.69
8943.92
9068.39
9264.8
9197.53
9064.98
8964.21
9240.17
9009.57
9103.78
8778.77
9177.3
8874.05
9144.62
9097.26
8990.62
9015.34
9061.36
8946.78
8930.68
9011.26
9090.42
9234.04
8926.47
9134.09
9139.89
9114.97
9002.82
9007.89
9018.52
9089.19
9073.55
9037.38
9330.24
9065.72
8932.34
9082.19
9067.83
8877.16
9258.62
9114.28
9267.72
9031.79
8832.34
9163.3
8822.44
9051.12
9062.06
9135.95
9024.06
8877.45
9150.92
9049.73
8932.78
9047.11
9199.55
9214.16
9139.73
8866.75
9016.39
8945.18
8906.2
9117.7
9109.14
8982.28
9212.33
9102.16
9100.52
8934.56
9067.95
8872.22
9264.96
9068.98
9043.94
9006.02
9184.06
8996.2
9026.27
8936.52
9061.53
9215.82
8999.27
9056.45
9127.2
9015.19
9361.05
9286.68
9362.05
8915.78
9223.17
8887.93
9155.34
8916.57
9112.2
9104.46
8991.47
9109.79
9094.58
8980.64
9171.71
8995.01
8952.92
9317.27
9027.63
9078.13
8922.75
9135.9
9156.97
9061.4
9095.24
9351.35
9048.06
8903.06
9044.48
9326.88
9097.24
9004.39
9024.31
8972.52
9148.25
9054.28
8956.72
9319.8
9035.15
9101.25
8920.77
8923.14
9031.54
9307.87
9067.62
8990.94
8976.29
9002.22
8895.77
9182.83
8907.72
9064.99
9173.63
8946.97
9284.15
9006.23
9097.77
8977.5
9004.78
9108.98
9096.23
8896.56
9057.17
8985.95
8859.46
9321.46
9171.71
9060.98
8903.75
9216.14
8895.57
9244.58
8804.81
9181.48
9259.03
9076.07
8956.25
9055.99
9098.3
9103.63
8923.06
9118.03
9039.62
9051.99
9281.73
8931.1
9089.74
9163.17
9107.7
8721.05
8863.47
9057.25
9200.94
9039.59
8959.21
9008
9173.84
9001.04
8993.75
8965.35
9120.05
9033.98
8889.74
9007.46
8966.08
9053.03
9182.31
8931.88
9046.09
8965.79
9039.03
8962.7
9113.05
9139.66
8934.68
8919.25
9125.04
9216.37
9012
9099.4
8876.52
9273.02
8923.02
9096.46
9047.51
9146.45
9190.41
9059.02
9056.99
8917.01
9092.58
9159.33
9166.18
9256.63
9209.2
9155.26
9027.56
9059.6
8868.04
9078.47
9161.95
8911.36
9273.63
9121.51
8868.03
8981.54
9093.72
9163.64
8978.87
9119.66
8828.46
9305.11
9048.99
9081.91
8990.34
9110.05
9134.51
9037.45
9177.74
9074.2
9018.21
8997.67
8794.55
8968.45
9189.29
8871.35
8998.63
8944.7
9031.99
9231.74
9154.37
9057.83
8920.82
8954.87
9193.25
9038.58
8920.09
8880.72
9344.57
9140.85
9021.96
9028.96
8944.6
8901.62
9026.82
9129.1
9188.74
8909.95
9234.5
8937.27
9151.94
9237.15
9105.54
9007.01
9169.17
9063.01
9049.78
9019.61
9058.04
8741.99
8982.77
9032.83
9069.79
9095.3
9265.74
9023.97
8794.03
8915.79
9011.25
8994.5
9150.1
9078.52
9057.3
9150.15
8960.94
8831.98
9059.49
8959.22
9186.07
9267.67
8990.4
9207.91
8906.52
9130.37
9137.18
9117.49
9104.08
8911.12
9040.23
9002.62
9124.41
9061.2
9361.56
9145.25
9084.43
8973.69
8977.33
8929.05
9081.14
8975.62
9103.44
8926.29
9015.73
8742.41
8917.75
9077.85
8908.56
8959.17
9121.17
9022.82
8970.3
9131.95
9093.69
9157.81
9105.32
9306.1
8999.35
9323.95
8986.67
9173.95
9171.31
8927.48
8986.69
8890.03
9029.22
8977.01
9009.7
9138.02
9020.58
9154.26
9090.2
9018.91
9130.05
9215.61
9010.89
8766.89
9154.64
8879.63
9132.67
9003.23
9022.87
8965.73
9072.32
9158.95
9182.62
9006.05
8970.65
9214.2
8849.41
8956.69
9241.89
9135.33
9005.57
9178.63
8971.28
9155.35
9019.46
9044.14
8946.21
9122.19
9235.45
9048.63
9201.57
9012.36
9206.58
9167.15
8999.71
9057.39
9175.06
8910.65
9322.08
9051.48
9101.6
8952.17
8944.96
9160.41
9029.6
9198.8
8942.4
9035.63
8932.03
9246.69
8951.65
9154.93
9343.68
9056.79
9169.38
8945.02
9037.48
9092.21
8939.86
9020.85
8981.83
9006.9
9314.91
9077.55
9195.52
8990.09
8866.79
9196.91
9069.17
9043.71
8966.31
8939.84
8996.56
9157.83
8886.59
9212.73
9036.51
9009.61
9317.92
8940.34
8949.72
8901.9
8938.27
8966.21
9007.63
9302.42
9088.11
9043.13
9054.24
9021.53
9179.38
8986.48
9002.22
9008.83
9161.36
8882.85
8933.09
9016.81
9125.86
9057.67
9024.73
9134.13
8917.84
9147.69
9100.2
9064.24
9050.37
8925.64
9133.08
9074.72
8971.02
8867.42
9113.19
9107.29
9111.6
9142.7
9029.11
8962.55
9003.83
9353.09
9030.76
9131.79
9048.56
8960.88
9186.97
8944.7
8842.52
9077.47
8883.06
9123.16
9145.3
8964.53
9261.03
9253.33
9150.61
8970.71
9168.4
8925.26
9195.95
9099.31
9014.04
8928.01
9317.46
8981.3
9063.98
9132.01
9135.9
8974.8
9225.45
8868.8
9020.29
9090.82
9037.08
9074.64
9110.83
8862.11
9093.07
9030.96
9246.76
9069.1
9144.74
8901.71
9241.93
9047.34
9129.18
9148.5
8821.49
8978.08
9171.24
9134.68
8976.92
8871.22
9015.15
9027.46
8905.82
9151.38
9016.69
9004.83
9039.31
9117.76
9147.01
9149.89
9099.36
8963.1
9164.01
9252.88
9008.26
9096.37
8998.78
9214.66
9319.2
9045.09
8891.21
9103.43
9240.39
9002.34
8696.34
8943.43
9091.61
9042.28
9057.03
8913.94
9276.14
8893.6
8850.15
9135.31
9285.4
9023.37
8992.81
8984.57
9155.56
8931.49
8978.99
9028.56
8912.38
9085.46
9105.69
9096.52
8991.15
8978.4
8913.17
9028.85
9250.44
9077.34
8980.11
9100.06
8975.39
8926.26
8836.15
9216.04
9087.83
9120.05
9127.51
9077.79
8849.55
9058.7
8925.81
8996.97
9040.81
8977.51
9013.23
9045.66
9155.6
9200.62
8992.68
9034.85
9066.37
9382.05
8823.83
9383.28
9183.78
9133.82
9166.43
9128.59
9012.36
8946.46
9139.66
9063.47
9111.66
9154.44
9124.37
9113.07
8940.05
9266.6
8899.94
9099.19
9042.34
9113.21
8822.86
8953.19
9171.52
8876.86
9261.48
9112.03
8992.79
9000.82
9037.2
9060.61
9322.73
9114.39
9033.84
9123.41
8977.97
9059.94
9189.82
9082.68
9120.96
9131.93
9168.54
9142.69
8987.13
8870.52
8883.06
8797.49
9078.21
9202.3
8975.71
9123.93
9068.16
8874.59
9056.47
9176.58
9125.32
9050.18
9211.94
9051.51
9117.77
9028.93
9040.84
8890.89
9040.38
9045.22
9168.97
9033.46
8979.16
8968.04
8973.31
8961
9270.2
8958.87
9028.51
9110
9005.3
9087.99
9251.68
9132.64
9141.09
9065.99
8987.02
9252.61
9167.99
9219.73
9122.93
8983.89
9145.16
9243.41
9132.99
9232.86
9017.42
9144.01
8961.26
8791.7
9168.9
8971.24
8952.15
9110.87
9204.41
9038.29
9058.88
9189.18
9106.87
9176.26
9205.65
8831.11
8988.1
9119.62
8967.82
8946.73
9125.25
9057.35
9371.57
9187.07
9273.28
9154.08
8940.29
9179.07
9010.86
9013.76
9084.5
9158.82
9159.88
9031.35
9132.6
8920.01
8982.14
9325.93
9167.79
8895.96
8944.23
9012.83
9144.24
9100.71
8927.42
9034.05
9068.03
9227.87
9102.77
8886.68
9362.6
9245.55
8871.11
8837.4
9165.48
9055.18
9125.99
8610.84
9174.92
8961.84
8861.28
9135.73
9080.92
9135.99
9118.01
9030.47
8910.89
8742.92
8818.25
9047.96
8985.41
8935.56
9122.73
9051.64
9212.91
8971.3
9043.71
8916.45
8977.26
8986.23
8830.79
9089.02
8993.56
9137.73
9196.91
9044.84
9269.37
9039.31
9088.33
9083.26
9109.08
8956.47
9245.89
9175.41
9049.59
9289.72
9014.37
9136.2
9099.74
9116.62
8954.46
9015.92
9202.17
9178
9037.21
9060.65
8938.29
9032.21
9125.68
9016.16
9003.64
8839.09
9208.89
9036.29
9042.99
9016.8
9145.42
8898.84
9079.42
9037.68
8966.31
9177.09
9075.37
9024.45
9082.92
9220.92
8912.23
9089.83
9086.28
8880.85
8870.34
9104.23
9042.41
9091.34
9099.02
9234.87
9058.69
9091.22
8957.54
9143.81
9065.81
9376.97
9035.56
8912.68
9134.61
9037.39
9087.77
9133.21
9033.6
9066.76
9128.83
9000.62
9025.74
9121.51
8854.22
8904.66
9012.07
9198.89
9087.56
8991.89
9003.4
8976.91
9077.69
8923.16
8920.91
8871.04
9049.81
9076.22
9016.43
9125.23
9206.37
9065.43
8909.49
8956.92
9100.45
8951.57
8977.48
9142.33
9132.33
8998.61
9044.73
8874.92
8988.76
9050.41
9284.38
9030.27
8988.14
9015.84
9025.84
9325.84
9294.21
9257.39
9028.42
8963.57
9252.11
8953.56
9163.65
9002.21
9075.34
9081.93
9092.77
8883.82
9025.98
9177.85
9246.15
8963.02
8990.27
9036.41
9224.63
8982.61
9150.85
9124.35
9102.04
9020.57
8989.55
9019.37
9010.38
8998.42
8984.36
9121.85
9059.19
9057.18
9081.76
8970.75
8990.69
8974.55
9089.18
9325.8
8816.09
8977.21
9175.71
8764.08
9052.18
9180.51
8943.66
9082.31
9132.51
8983.63
9283.44
9092.08
9193.89
9050.17
9132.29
9020.3
9099.9
8945.05
8824.67
8884.63
9155.89
8913.71
9013.06
8953.62
9085.94
9151.42
9113.21
8999.12
9051.95
9163.51
9085.47
8960.21
9172.65
9052.8
9186.19
9274.36
9089.27
9033.23
9007.19
9025.07
9248.6
8973.14
8997.17
9009.91
9109.24
9394.74
9007.14
9023.2
8987.83
8886.83
9034.61
9187.64
9107.73
8913.32
9048.83
8868.88
9191.6
9055.25
9171.91
8836.44
9081.15
9178.17
9145.91
9280.04
9032.21
9024.43
8989.86
8896.58
9193.82
9155.66
9101.33
8941.21
9057.66
9068.36
9094.61
9213.52
9160.84
9089.26
9114.38
8967.97
8998.12
9113.27
9095.31
9390.68
9030.54
9066.26
9086.3
9087.72
9110.72
9044.65
8911.57
9247.39
9064.37
8984.96
8892.42
9088.56
8977.41
8940.35
9111.08
9019.93
9060.75
9020.91
9074.78
9109.32
8910.02
9308.35
8912.2
9004.94
9049.75
9322.95
9236.13
9247.55
9351.88
9172.15
8830.98
9227.9
9248.85
9185.84
9016.73
8920.13
8953.14
9261.54
9138.15
9120.33
8992.8
8887.93
9089.72
8957.5
9064.06
8991.42
9294.27
9171.04
9107.07
9205.43
8904.97
8901.14
9059.09
9015.76
9030.94
9060.81
9136.07
9213.41
8910.04
8877.6
8886.99
9006.62
9199.28
8930.68
8957.64
8884.67
9089.29
8747.51
8958.04
9026.93
8786.93
9033.31
9087.54
9222.14
9093.86
9169.41
9009.7
9255.79
9028.6
9025.23
9213.83
9057.19
9073.87
8949.6
8878.71
9025.23
9019
8862.26
9255.73
8913.47
9146.06
9107.66
9033.49
9029.48
9117.12
9121.22
8867.86
9291.81
9108.95
9172.75
8879.61
8994.9
9034.05
8849.52
8985.4
8931.99
8927.13
9192.44
9180.26
9253.64
9014.88
8991.81
9304.85
8978.04
9250.09
8978.65
9019.9
8979.46
9120.91
9001.23
9055.16
8969.31
9121.72
9149.24
8981.44
9044.03
8768.73
9122.66
9113.34
9088.1
8972.41
9094.78
9034.77
9144.37
9083.45
9120.93
9151.78
8989.72
8980.81
9102.29
9099.18
9067.7
9011.52
8867.58
8942.59
8980.18
9085.68
9134.61
8974.12
8970.53
9029.8
8960.2
9075.71
8951.38
9093.53
8966.72
9014.6
9158.32
8994.15
9402.95
9060.52
9106.78
8890.22
9015.35
9169.46
9075
9066.51
8959.7
9077.74
8880.06
9113.15
9186.11
8992.35
9132.69
8995.53
8778.55
9011.08
8925.41
9130.05
9020.51
9085.56
9037.51
9102.32
8991.82
9194.73
9318.42
8872.82
9110.35
8944.75
9193.64
9101.57
8929.75
8986.06
9097.19
8822.06
8999.3
8915.57
9061.75
9018.3
8830.81
9127.69
8840.17
9054.48
9119.74
8987.02
9123.95
9358.56
9018.55
9208.67
8919.38
9219.75
9213.95
8989.47
9077.28
9194.77
9092.77
9067.91
9081.01
9022.46
8898.86
9152.01
9232.37
9095.63
8916.57
9127.52
9135.26
8874.06
9004.91
9221.18
9145.36
8929.19
9074.65
9086.21
9132.63
9017.38
9360.16
8924.81
8948.36
9019.92
9249.17
9147.56
9026.73
9306.33
9369.52
8945.23
8876.31
9100.24
8933.51
9071.09
8948.88
8887.15
9062.37
9047.92
9078.09
9134.78
8979.46
9131.41
9133.07
8992.76
8940.06
8949.67
9076.53
9173.99
9055.7
8978.18
9042.29
9156.54
9068.62
9118.51
9099.83
9090.11
9012.9
9070.68
8960.16
9070.19
9090.64
8953.14
9152.87
8913.06
8957.69
8804.71
8952.68
9014.37
9138.82
9189.87
9346.37
8863.78
9033.27
9205.65
9079.51
9054.94
9154.21
8756.26
9150.05
9044.71
8949.14
9145.82
8921.79
8976.05
8910.56
8998.8
9030.85
9109.79
8997.23
8923.22
9024.79
9060.35
9196.17
9079.7
9130.81
9357.88
9010.03
9018.6
9031.24
8969.64
9179.62
8926.95
9128.21
9108.76
9294.17
9115.42
8966.38
9028.62
9068.97
9136.94
9210.94
8948.66
9091.07
9135.8
9134.17
9217.11
9058.12
9377.16
9176.65
9155.58
9317.8
9081.61
8825.61
9033.33
9047.36
9120.87
9125.64
9150.99
8948.35
9206.21
8881.19
9118.18
9072.11
8999.42
9177.91
8928.3
8955.59
9245.52
9000.5
8978.54
9095.92
9095.33
9116.42
9124.21
9135.93
9133.11
9131.98
9145.45
9072.66
9086.17
9117.14
9113.06
9294.64
8939.12
8972.21
9182.99
9298.95
9022.31
9009.6
9172.57
8900.72
9051.05
9110.66
9091.8
9003.52
9097.09
9252.35
9164.03
9124.18
9070.37
8935.23
9000.09
8822.59
8966.99
9251.26
8985.25
9029.55
9189.54
9025.43
9079.38
9125.68
9094.04
9110.27
9078.8
9086.79
8914.22
9223.18
9155.47
9320.53
9349.44
9249.32
9246.42
9111.96
9190.45
9140.18
9394.31
9082.62
9234.57
9036.17
9175.62
8998.53
9134.5
9132.42
8839.52
9103.97
9247.33
9083.77
9211.7
9137.6
9157.05
9068.49
9002.71
8811.69
9032.85
9050.3
9223.07
9070.43
8947.9
8939.86
8907.36
9157.71
9010.07
8818.53
9154.97
9316.5
9148.96
9058.92
8814.61
9091.85
8888.05
9104.17
9081.22
8988.01
8868.25
8952.37
8961.75
8951.31
9015.43
8801.7
8970.33
9085.93
9283.4
8972.98
8893.26
8890.51
9057.72
9343.04
9215.2
9238.53
9237.97
9080.07
9189.41
8873.65
9009.3
9095.2
8948.57
9182.48
9012.71
9346.08
8931.06
9209.01
9281.37
9139.59
9132.61
9168.21
8979.62
9084.52
8911.44
9107.78
8888.14
9019.99
9059.73
9012
8987.94
8913.58
9191.27
9082.54
8992.1
8868.41
9204.73
9071.93
8978.33
8977.03
9202.58
8915.4
9041.85
9230.97
9049.15
9232.08
9044.78
8956.07
9235.16
9024.41
8926.86
9085.24
9146.24
8943.07
9117.43
8846.57
9029.53
8957.55
9096.08
9203.65
9283.22
9103.39
8901.53
9188.74
9087.09
9151.44
9172.04
9421.16
9081.81
9016.5
9335.19
9002.67
9131.72
9045.02
9010.78
8938.48
9111.41
8836.46
9139.48
8978.71
9035.17
8991.9
8915.69
9104.63
8983.57
9200.38
9092.92
9020.04
9093.59
8771.95
8938.87
9143.85
8948.11
9000.46
9077.41
9224.53
9007.91
8944.29
8809.38
9103.11
8815.9
8948.62
9117.63
9140.94
9159.13
9115.84
8918.19
9192.34
8858.7
9238.61
9090.53
8881.22
9001.7
8965.76
9092.42
9005.37
9342.06
8953.98
9041.32
9091.51
9044.07
9086.37
8875.71
9057.09
8722.63
9321.57
8861.54
9241.95
8949.55
9377.91
9254.51
8959.8
8915.14
8975.81
9010.95
9104.85
9110.71
9065.57
9215.65
9074.74
8876.69
9182.65
9142.73
9116.32
9117.19
8787.35
9074.48
9163.51
9019.74
9139.87
9033.48
9042.03
9193.03
9296.78
9084.38
8995.83
9111.82
8980.6
8930.44
8919.83
8936.04
8982.65
9099.19
9054.29
9258.16
9051.64
9012.63
9117.12
9193.67
9163.16
8898.72
8984.05
8962.23
9198.37
8956.29
9133.15
9032.65
9098.71
9056.75
9194.83
9027.53
8926.08
8856.77
9009.37
8883.75
9004.77
9072.53
9110.32
9011.18
8960.96
8990.64
9112.6
9096.21
9013.43
9200.99
8929.29
9117.75
9127.64
9151.42
9081.92
9130.21
9000.05
9023.9
8943.29
9077.34
9164.89
9149.2
9223.14
9057.79
9069.53
8944.06
8933.46
8959.61
9155.75
8970.41
9309.87
9106.93
9058.42
9000.23
9186.55
9111.2
8797.89
9034.47
9090.06
9239.83
9078.44
9004.89
9177.47
8717.49
9030.56
9009.48
9024.1
9124.16
8975.56
8862.04
9014.14
9103.29
9195.95
9056.25
8965.92
9006.65
8880.12
8853.02
9084.8
9123.05
9165.87
8847.61
8885.71
8798.04
9121.4
9073.04
9050.56
9014.42
8879.4
9014.9
9069.4
9049.04
8897.84
9285.18
8994.98
9009.63
9024.99
9103.08
9092.41
8944.12
8847.05
9129.5
8906.13
8960.26
8718.92
8973.91
9049.37
8993.97
9178.45
8911.6
8967.53
9316.33
8990.21
8914.14
9045.6
9276.25
8745.79
8942.81
8969.88
9074.59
8911.57
9399.93
9173.63
8945.22
8844.33
9130.59
9060.8
9243.66
9074.41
8926.92
8947.47
9061.56
9057.58
9279.45
8836.99
8990.18
8936.5
9072.32
9022.76
9282.26
9012.26
9078.49
9202.17
9060.88
9214.33
9005.77
9089.39
9017.24
8906.64
8991.17
9250.33
9201.92
8868.49
8855.11
8980.74
9257.12
9100.18
8905.45
8861.79
9009.46
9047.48
9182.37
9313.71
9052.32
9028.78
9005.11
9161.82
9000.74
9202.26
9000.32
8966.38
9162.04
9013.4
9066.63
8858.03
9193.69
9182.13
9286.5
8835.08
8949.95
8940.16
8975.08
8968.85
9023.79
8919.49
9296.3
9032.48
8934.35
9165.27
9348.09
9139.01
9085.21
8957.4
9097.34
9086.98
9009.69
9053.11
9251.78
8891.89
9199.51
9126.05
9184.91
8971.68
9053.12
9081.62
9021.78
9042.38
9095.82
8879.59
8925.07
9258.41
8952.55
8973.78
9121.92
9027.84
9102.29
8877.39
8987.53
8852.35
8882.64
8996.14
9024.15
9017.85
8940.73
8952.24
8987.59
9215.56
9163.31
9080.95
8943.3
9219.02
8935.3
8901.57
8998.83
9109.68
9119.34
9119.01
8842.18
9041.16
9140.97
9033.77
9061.57
9050.46
9080.86
9044.41
9105.01
9023.19
9240.56
8941.16
9128.77
9155.99
8942.02
9159.77
9162.08
9119.18
9092.22
8992.69
9237.11
8996.34
8874.89
9010.19
8933.68
8969.43
9044.41
8965.94
9197.32
9017.24
9168.6
9011.54
9132.89
9217.34
9234.25
9010.79
9147.17
8943.13
9138.37
8960.04
9199.48
9043.29
8908.16
9069.73
8960.87
8989.39
9073.3
9031.63
8952.3
9096.79
9048.25
8845.07
9109.48
9113.13
8885.16
8768.45
9108.05
8744.15
9118.47
9368.91
9038.29
8815.38
8890.26
8887.16
8974
9271.33
8965.32
9076.49
8882.4
9073.54
8949.72
9120.72
8923.07
9073.49
9054.56
9150.14
8871.29
8931.98
9085.67
9108.29
9143.27
9067.07
9114.66
9149.52
9138.72
9065.07
9113.78
9233.13
9258.28
9008.2
9068.44
9180.09
9222.76
8789.61
8785.41
8905.3
9124.71
8803.58
9142.45
9281.14
8983.01
8998.45
9148.43
9017.2
9107.01
9184.92
8986.04
9079.9
9077.15
9080.81
9248.73
9113.42
9017.79
8900.63
8951.71
8818.73
9165.16
8967.03
8897.29
9068.56
9055.1
9075.85
9027.55
9270.24
9159.8
9074.84
9057.1
9022.96
9010.01
9046.34
9055.43
9035.01
8968.69
9158.56
9167.44
9007.79
9132.39
9179.37
8881.31
8939.76
8987.02
9199.15
9074.05
9132.27
9022.82
9038.18
9151.31
9386.23
9007.34
9104.39
9046.04
8952.98
9248.39
8914.17
9067.51
9060.55
9028.13
9058.14
8997.84
8989.5
8826.81
8975.94
9061.25
9139.6
9156.08
8943.48
9057.35
8973.28
8982.89
9087.3
8998.53
8924.82
9019.16
9040.39
9148.9
8976.26
9056.55
9050.94
9002.22
9347.08
9196.09
8823.16
9331.28
9197.53
8963.89
8826.48
9209.92
9184.75
9156.78
9054.22
8971.61
8881.31
8869.48
9064.47
9090.3
9096.07
9083.22
8972.14
9102.74
9080.4
8944.63
8993.99
8988.2
8971.59
9151.46
8960.5
8984.08
9004.17
9057.56
9267.11
9209.06
9043.43
9196.04
9032.91
8962.71
8899.56
9160.31
8993.34
8880.99
8978.83
9032.6
9152.24
9116.24
9210.38
8931.26
9131.34
8782.89
8988.2
8887.9
9032.27
9003.26
9038.23
9058.08
9025.93
9014.55
9033.83
9074.84
9021.91
8993.83
9082.1
9219.29
9084.13
9176.91
9153.27
8861.22
9109.27
8900.6
9001.72
9102.21
8890
8982.87
9032.47
9071.51
8782.47
9118.93
9175.28
9214.91
9016.08
9259.71
8996.01
9004.51
9189.14
9166.88
8890.88
9116.98
8979.36
9246.68
9082.48
9243.07
8963.48
8889.77
9103.99
9024.22
8974.11
9339.56
9166.59
9052.86
8915.59
9090.24
9058.55
8986.43
9220.81
8824.4
8927.08
8991.64
9000.89
8885.64
9070.13
8893.76
8862.6
9068.41
9055.06
9140.11
8811.02
9430.28
8929.53
9177.91
8768.37
8951
9165.63
9099.25
9256.47
9164.23
9045.18
9075.86
9194.96
9099.77
9290.23
8905.23
9040.53
8716.64
9061.88
8955.13
9207.75
9089.91
9142.99
9077.63
9048.11
9223.77
9032.61
8824.09
8763.28
8980.84
9022.6
8990.82
8876.83
9037.96
9109.7
9176.69
9213.62
8795.54
8959.65
9219.53
9204.36
9119.35
8900.12
8842.2
9232.84
9258.64
8911.34
8993.66
9025.44
9044.76
8895.23
9113.01
8967.44
9100.93
8745.59
9099.04
9130.02
9017.04
9136.62
9084.4
8927.54
8964.95
9008.51
8964.31
9030.81
9097.76
9097.45
9135.84
9097.21
8871.51
9106.45
9270.55
9146.84
8997.55
9042.91
8875.02
9063.62
9032.01
9038.83
9029.34
9014.03
8954.18
9086.32
8871.5
9052.79
9123.06
8910.68
9165.88
8971.16
8970.31
9009.11
8854.78
9079.1
9058.7
9070
9072.05
8889.78
9224.53
9207.56
9074.86
8885.45
9018.3
8981.1
8962
8923.68
9067.93
9121.53
9183.62
9036.62
9167.72
9242.6
8783.05
9071.44
8948.67
9198.42
8872.27
8982.06
8881.89
9108.2
9147.19
9254.82
9046.08
9297.62
9122.93
8814.03
9121.62
9010.68
9221.86
8895.02
9102.17
9016.9
8993.33
9012.45
9099.83
8893.74
9142.27
9092.45
9061.63
9073.03
8969.7
9182.08
8990.04
9030.19
9027.89
9014.98
8860.79
9259.97
8998.3
9014.78
9024.29
9096.22
9209.37
9085.51
8890.8
9012.17
8942.49
9015.57
8879.2
9281.89
8975.71
9023.68
9086.31
9175.98
9127.46
9055.47
9072.22
8897.84
9109.39
8928.65
9262.75
9029.09
8969.69
8910.09
8972.29
8981.07
9282.62
9114.06
9062.69
8967.5
8930.12
9207.41
9117.75
9084.27
9044.24
9068.87
9341.36
9024.14
8944.59
9306.16
9170.63
8941.15
9181.07
8979.21
9105.51
8996.4
9193.55
9165.46
9165.16
8982.73
9032.83
9073.56
8949.08
9070.56
8953.83
9011.81
9045.83
8880.31
8998.59
9166.51
9268.48
9019.33
9087.95
9045.54
9049.52
9039.69
8857.16
9033.82
9097.52
9029.53
8950.94
9093.92
9144.18
8947.94
9042.67
9143.47
9075.7
8885.53
9050.59
8689.01
9255.89
9069.51
9071.21
9156.15
8999.34
9084.41
8913.86
9158.04
8950.01
9014.56
8863.38
8998.45
9131.21
9035.15
8938.63
9411.24
9076.05
9234.25
9101.09
9077.66
8930.48
8812.61
9210.6
9246.52
8939.25
9169.58
9130.33
9179.05
9284.55
8856.21
9003.12
8991.49
9086.34
9043.01
9022.2
9197.64
9229.12
9045.9
9084.62
8947.7
8841.73
9311.43
8971.46
9133.77
8978.26
8836.63
9062.76
9160.78
9016.74
8813.21
9037.28
9158.62
8944.86
9263.56
9164.13
9034.46
9081.6
9154.36
8983.29
9273.46
9072.15
8959.99
9001.23
9112.03
9119.86
9091.23
8986.81
9032.02
9067.44
8978.54
8926.27
9070.29
9024.05
9009.33
8938.15
9225.84
9096.63
9281.78
9249.91
8825.81
8931.98
9142.2
9186.12
8982.2
8941.21
9019.99
8977.17
9144.03
8957.97
8975.26
9078.14
8985.18
9210.98
9366.48
9135.03
8949.4
8861.35
8987.63
8879.28
9075.9
8996.66
9228.94
8966.22
9258.36
9166.04
9086.87
9158.24
8900.06
9061.9
8920.27
8934.07
9173.21
8971.49
9113.69
9157.89
8876.49
8935.7
9009.68
9066.22
8985.03
8910.8
8882.49
9205.33
8983.84
9031.8
9242.54
9083.6
8939.49
9036.6
9020.28
9208.15
9074.97
9145.31
9062.19
8874.17
9188.45
9301.64
8946.13
8907.56
9218.37
8974.19
8955.73
8951.48
9114.05
8945.8
9141.74
9021.26
8845.65
9110.9
9014.71
8906.94
8956.8
9075.16
8865.12
8977.82
9069.93
9133.82
8983.22
9088.61
9009.32
9282.64
9017.07
8974.55
8954.58
8929.69
9194.26
9116.37
9024.28
8941.12
9045.94
8844.5
8873.59
8945.41
9076.36
8818.52
9186.35
9039.09
9044.3
8839.27
9104.53
9207.87
9011.96
9079.35
8854.02
8928.26
9112.56
9107.49
9090.7
9044.18
8929.56
9035.78
9191.07
9073.53
9319.62
9071.62
8896.75
9022.07
9140.2
8845.11
8939.2
9060.07
9067.55
8977.3
9091.28
9031.31
9034.16
8915.84
9284.35
8975.69
8948.39
8930.55
8898.9
9146.42
9107.5
9098.84
9121.01
9162.43
9010.61
8948.4
9172.98
9193.93
9040.78
9114.25
9022.69
8872.24
8876.74
9190.51
9273.98
9112.27
9168.81
9034.29
8871.33
8902.43
9100.69
8929.14
9155.94
8956.86
9242.64
9008.79
9052.52
8922.27
9010.58
9062.1
9064.93
9092.4
9325.47
9055.01
9093.55
9045.15
9157.5
9365.49
9256.35
8859.95
9129.01
9008.19
9176.31
8852.25
8977.92
9027.96
9053.81
9145.4
9248.33
8844.01
9078.36
9121.87
9108.46
9002.27
9056.65
8941.01
8875.27
9078.92
9163.03
9067.93
9063.42
8791.94
9277.2
9043.26
9117.71
9043.03
8775.6
8809.84
8980.48
8884.37
8972.51
9204.14
8875.22
9108.4
9089.99
8820.87
9191.65
8946.61
8977.92
9219.18
9062.82
8904.7
9046.14
8984.3
8898.22
9058.6
9013.54
8952.41
9164.07
9140.55
9175.77
9177.86
8998.32
9250.48
9023.26
9188.19
9105.78
9001.32
9098.49
9167.37
8929.95
8907.16
9194.38
9332.27
9047.4
9051.03
8962.63
9046.05
8893.48
9038.34
9091.03
8961.22
9205.55
9147.37
9099.19
9099.18
9282.79
8925
8998.51
9053.14
9172.47
8985.37
9216.29
9042.83
9074.73
8753.04
9242.14
9205.59
9109.44
8987.93
8901.64
9054.91
9063.44
8978.35
8914.26
8916.18
9111.57
9120.86
8883.51
9034.14
8908.83
9113.92
9079.32
9010.11
9052.06
9005.98
9015.85
9116.13
9160.58
9046.26
8884.79
8995.4
9071.76
9081.94
8908.68
9017.19
9040.26
9018.26
8933.52
8838.77
9024.93
9053.93
9090.88
9164.37
8974.14
9072.78
8943.15
9032.32
9165.87
9038.06
9044.14
9038.8
8927.45
9008.94
9158.21
9097.94
9091.31
9022.15
8877.46
9137.44
9134.23
9107.27
9075.35
8994.32
9141.82
9141.23
9259.44
9043.05
8900.94
8950.05
8835.47
9071.34
8977.12
8960.77
9079.52
9199.22
9087.23
9147.39
8796.1
8884.63
9046.82
9166.81
8929.75
9133.09
9143.33
9370.38
9078.87
8931.43
8911.81
9007.03
9029.16
9094.22
8681
9131.64
9143.49
9169.47
9072.21
9044.84
8882.28
8953.75
9123.32
8947.63
8804.27
9219.89
9024.39
9005.48
9093.92
8962.94
9116.25
8928.49
9122.6
9077.83
9072.92
9207.9
9077.45
9104.4
9024.08
9294.15
8916.67
8891.13
9087.7
9133.32
8938.41
8920.81
9132.7
8989.77
8866.7
8767.79
9012.1
9134.95
8830.55
9148.15
9150.5
8921.95
9101.75
9053.86
8987.25
9194.24
9057.33
9044.61
8888.75
9387.8
9076.39
9170.69
9232.3
8816.05
8957.57
8890.09
9151.32
9119.21
9091.84
8905.26
9016.03
8996.13
8926.44
9006.77
8926.38
9101.53
9110.21
9075.06
8874.33
9102.06
9202.99
8900.45
9261.33
8901.24
8996.69
9059.75
9068.41
9000.79
8894.56
8926.99
9125.96
8849.35
9028.27
9071.18
9068.92
9006.56
8980.7
8940.65
9229.67
8965.98
8901.84
8734.58
9057.81
9009.42
8953.43
8990.22
9029.97
9227.49
9058.55
8987.22
8982.57
9073.63
9028.3
8895.21
9166.25
9058.92
9049.84
9006.37
9105.9
8938.03
9065.53
8970.97
9079.33
8971.71
9127.16
8723.48
9047.24
9142.43
9012.18
9082.01
8702.93
9061.81
8998.74
8917.43
9058.26
8976.68
9102.05
8779.06
9294.73
9042.22
9150.97
8979.21
9098.85
9049.11
8975.42
9052.33
8829.89
8985.67
9123.33
8987.51
9113.1
9197.17
9140.59
9092.39
9116.1
8883.36
9172.97
9229.21
8869.32
9048.82
8931.77
9133.72
8779.41
9243.62
9373.35
9231.72
9031.16
8945.54
8944.86
8853
8953.56
8969.48
9103.44
9115.36
9059.86
8970.27
9052.09
9195.69
8971.44
8990.49
8963.44
8830.16
9083.17
9090.26
9156.54
8944.97
9072.08
9108.43
9132.36
8990.2
8884.33
9124.89
9306.99
9118.98
8913.23
9124.56
9322.8
8916.66
8876.24
9204.62
9155.49
9186.85
9080.61
9098.48
9226.61
9073.31
8949.87
8989.52
8738.85
9122.04
9134.27
9073.73
9080.88
9097.82
9110.42
9244.43
9081.75
9225.38
8977.94
9195.28
9136
9110.46
9121.63
9207.13
8894.31
9035.71
9035.75
8930.77
8914.37
9263.34
9040.26
9083.4
9280.14
8989.13
8974.57
8994.05
8988.03
9060.82
9015.34
9008.89
9196.95
8934.32
8950.8
9042.95
8818.72
9114.77
9028.05
8947.33
9125.19
9230.17
8945.57
8915.85
9141.67
8822.62
9004.99
9154.63
9021.58
8916.44
9150.09
9161.55
9404.62
9133.12
8978.37
9107.96
8987.54
8895.26
8975.35
9059.93
8886.86
9092.74
9059.13
8999.2
8981.68
9123.9
9194.35
9237.66
9091.55
9135.64
9054.53
9267.26
9125.07
8939.35
8953.47
9058.79
8939.44
8921.35
9115.71
9170.31
9052.19
9359.73
9114.38
9041.54
8869.79
9261.87
9391.76
9081.58
8913.1
9033.58
8997.9
9021.56
9059.9
9043.54
8910.07
9097.13
9173.29
9119.08
9125.12
9127.89
9113.24
9217.68
8978.3
9157.16
8996.83
9269.78
9124.31
9100.9
9008.19
8995.99
9205.22
9498.35
9036.65
8932.71
9118.45
9094.42
9244.89
9056.43
8922
9424.12
9026.55
9005.44
9083.21
8917.59
9245.49
8968.21
8813.35
8996.58
8889.7
8918.67
9072.33
9109.3
8924.11
9080.82
9168.75
9048.21
9004.61
9326.58
9038.76
9305.22
8942.85
9118.85
9130.34
9043.67
9067.91
9112.77
9165.72
9117.5
9034.98
9142.44
9042.69
9225.51
8911.28
9098.38
8888.6
9319.89
9042.29
9129.2
8940.09
9045.96
9135.27
8895.99
8929.18
9173.96
9127.49
8971.65
8896.5
9090.06
9145.52
9021.94
9084.31
9169.32
8962.09
8958.23
9037.55
9070.75
9109.88
9111.57
9006.32
9007.07
8999.55
9121.08
8966.82
9202.49
8897.14
9010.9
9043.57
8967.41
8776.45
9222.71
8951.99
9132.07
9086.06
9123.87
9179.88
9148.04
8906.81
9017.03
9024.45
9178.94
9173.58
8984.75
9157.45
8821.52
9039.11
8929.71
9205.42
9080.97
9204.63
9014.01
9147.06
9004.97
8974.81
9114.71
9325.52
9248.95
8993.21
9090.03
9015.51
9068.2
9106.94
8914.83
9274.82
9135.73
9016.76
9023.69
8961.84
9061.42
9227.57
9088.02
8892.55
9025.85
9033.76
9199.87
9086.7
9109.46
8769.19
8862.83
9078.04
9059.41
9147.27
9221.65
9019.79
9012.03
9358.69
9083.75
8940.75
9094.92
9118.52
8786.43
9135.01
9101.21
8873.72
9217.49
9071.6
9153.16
9108.17
9154.34
9136.78
8977.73
8979.41
9030.09
8931.45
9087.64
9354.38
9281.82
9065.82
9121.59
9099.34
9003.43
9072.16
8955.2
9149.99
9112.47
8986.44
9018.98
9158.11
9215.19
9093.43
8969.63
9021.82
9144.64
8947.5
9098.47
9184.46
8991.95
8952.82
8946.71
8878.69
8939.39
8903.64
9165.95
9140.43
8902.27
8963.88
8966.51
9221.14
9004.06
8800.88
8986.23
8953.23
8934.67
9057.87
9055.26
8926.04
9183.73
9124.17
9116.45
9017.41
9076.57
9001.21
9077.53
9036.36
9132.51
9252.01
9036.61
9201.45
9284.68
9004.42
8911.73
9100.47
9081.83
9002.22
9071.14
9267.8
8996.72
9134.67
8943.24
9090.3
9074.29
9032.48
9175.48
9014.58
9062.07
8858.76
8849.31
8886.36
9138.21
8984.12
9023.36
9156.52
9027.53
9226.3
8928.92
9336.87
9186.35
8950.03
9233.25
8937.16
9180.19
9215.14
9074.44
9150.12
9031.82
8935.73
9110.64
9136.08
9010.47
9030.99
8896.12
8969.87
9094.98
9013.25
9083.34
8932.85
9133.39
8944.32
9171.86
9130.88
9172.52
9294.01
9046.66
9113.39
9027.94
8867.21
8890.94
9138.09
9044.47
9000.17
9149.06
9117.26
9151.55
9089.45
9114.79
9025.52
9205.28
9087.58
8899.23
9006.52
8870.8
8998.17
9015.48
9145.88
8924.36
9012.25
8956.25
9129.92
8941.92
8917.23
9157.05
9091.94
9147.42
9056.81
9133.05
9130.03
9042.64
9082.42
9133.74
9275.31
9220.89
9206.15
9266.45
9062.06
9254.17
8976.09
9029.3
9127.18
9170.35
9048.21
8992.05
9215.03
8883.84
9188.39
9044.64
9146.4
8997.3
9227.18
8969.82
9103.06
9015.39
9103.99
9158.21
8982.78
9323.9
8995.6
8955.27
9047.92
9032.81
8920.09
9191.29
8971.55
9195.72
9049.06
9064.87
9056.38
8981.96
8937.4
9190.69
9085.68
9074.81
9087.59
9027.6
8922.49
8891.64
9058.94
8977.24
9334.79
9076.82
9147.85
9143.52
9064.65
8978.37
9167.21
9376.54
9035.05
9054.38
8859.12
8828.31
9050.63
8935.46
9084.4
8976.98
9057.62
8875.91
9244.81
9097.55
9169.18
9069.21
9075.09
9021.31
9162.33
9088.69
9258.79
8933.98
9205.37
8952.96
9210.21
9172.72
9016.16
9191.36
9078.1
8761.85
9158.86
9254.18
9246.06
9033.42
9223.75
9041.72
9032.05
9168.61
9078.03
9245.17
9103.71
8782.78
8889.77
9036.81
9177.97
9074
8871.56
9051.5
8937.4
9148.85
9137.42
9117.53
8943.66
9060.35
8973.21
9167.48
9138.63
9050.07
8897.89
9089.06
9303.85
9109.71
8919.73
9293.34
8995.71
8857.84
9059.25
8973.46
9137.9
9175.12
9057.34
9140.47
8828.41
9231.69
9182.35
8957.96
9168.35
9181.71
9014.54
9082.34
9291.93
8887.6
9001.85
9072.52
9040.08
8977.72
8835.43
8909.32
8920.05
8823.34
9194.27
9105.09
8986.07
9022.29
9105.81
9020.53
9143.84
8930.77
8989.69
8900.18
9105.77
9151.83
8909.76
8961.36
9010.58
8984.59
8970.49
9142.75
9116.8
8847.05
9258.56
8980.77
9105.57
9198.61
9064.94
9103.57
8931.88
8975.21
8901.01
8953.07
9179.69
8932.25
8956.15
9006.7
8965.21
9009.27
9168.22
8936.69
8985.9
8987.93
8970.1
8919.38
9008.07
9072.69
9069.74
8799.22
8870.16
9165.1
9039.46
9039.35
8774.4
9016.15
9271.68
9033.36
9141.4
8851
8766.43
9134.59
9008.45
8903.46
9001.58
9018.69
9031.76
9263.99
9273.19
9101.95
9098.18
9134.62
8942.58
8878.6
9261.74
9080.83
8929.26
9206.08
9172.2
8944.47
9278.92
9045.57
9001.52
8910.91
9126.61
8989.58
9176.71
9256.39
9009.4
8861.07
9071.25
8942.14
8951.43
8987.49
8960.53
9004.98
9146.04
8814.18
8939.48
9179.78
9036.3
9003.4
9120.21
9111.72
9162.8
9176.5
9208.91
8914.11
9037.01
9085.02
9013.25
9170.6
8995.96
9133.13
9035.02
9043.09
9134.4
9095.26
9068.9
9005.31
8947.37
9061.71
8977.73
8953.87
9012.24
9106.7
8982.28
9214.61
9074.48
9006.44
8977.98
8961.55
8877.27
9159.2
9176.02
9166.8
9043.81
8788.11
8944.48
9165.4
8849.81
9190.35
9087.89
9132.44
9043.01
8941.12
9021.29
9005
9179.31
9146.14
9062.81
9156.42
8931.67
9104.13
8824.99
9028.8
9040.58
9117.67
9049.58
9191.43
8951.31
9254.17
9134.51
8935.44
8910.56
9235.08
9183.04
9067.45
8996.87
8989.98
8962.46
9148.37
9052.97
9149.13
8930.86
9041.66
9132.52
8984.58
8975.3
9003.47
8874.6
8891.04
8793.06
8983.98
8964.99
9167.14
9125.9
8974.23
9084.47
9181.61
9244.67
9144.39
8964.32
9241.74
8884.66
8980.7
8995.67
8944.22
8887.72
9015.3
9018.4
8953.44
9169.46
9263.3
8978.92
9109.5
9080.82
9162.55
8994.02
8980.55
9047.48
9038.2
8900.45
8889.75
9058.09
9079.36
9005.43
9120.13
9025.83
9044.78
9086.58
9103.16
9055.19
8897.54
8997.34
9004.14
9205.23
8816.15
9009.76
9167.91
8891.22
9140.4
8958.48
9111.97
9058.36
9003.03
9152.33
9192.61
9240.76
9289.32
8899.7
8980.71
9005.45
8887.96
8981.59
9151.44
9006.61
9278.52
8998.46
9126.61
9108.23
8991.88
9238.1
9047.15
8995.41
9178.52
8967.89
9216.46
9102.91
9022.06
9032.47
8945.97
8987.47
9091.5
9039.29
9278.23
9018.52
8836.17
9118.04
8987.59
8977.6
9169.24
8902.54
9241.07
8999.54
8961.26
9189.99
8973.54
9054.38
8977.16
8978.25
9121.48
9171.77
9021.82
9243.14
9149.21
9021.54
9080.59
8907.91
9202.61
9018.52
9195.95
8816.33
9032.63
9087.64
9291.66
9087.19
8985.51
9097.85
9041.2
9242.2
9266.8
9022.32
8943.64
9190.19
9126.48
9173.06
8986.99
9047.24
9045.21
8963.99
9150.15
8965.84
8988.16
9121.66
9008.16
9045
9098.52
8857.06
9026.46
8916.6
8839.02
8865.31
9011.88
9210.61
8947.79
9264.5
9088.12
9220.28
9065.43
8997.42
8994.9
9148.74
8931.68
9165.13
9061.17
9196.57
9006.35
8938.62
8911.77
8874.11
9161.96
9160.39
9026.67
9160.27
8919.71
9115.7
8844.93
9105.91
9069.53
9115.75
8862.62
8811.93
9227.29
9223.99
9062.44
9039.13
9256.56
9371.64
8987.97
8989.92
9286.28
8924.22
9098.66
8957.3
9330.1
8739.71
8896.13
9180.69
8859.28
9179.29
9186
9095.12
8962.04
8907.38
8928.44
9021.32
8926.33
8907.64
9221.25
9126.13
9034.54
9092.25
9010.85
9222.54
9185.25
9163.19
8838.88
8746.95
9134.93
8965.49
9217.53
9025.1
9015.4
8870.24
8878.86
8899.31
9141.73
9013.13
9002.9
9111.29
9015.08
9263.86
9009.65
9000.69
9069.2
9152.72
9146.99
9192.33
9138.64
9096.76
9152.46
9130.6
9302.34
9117.96
8866.01
8943.21
9138.55
9111.21
9020.49
9096.97
8996.29
8925.33
9039.2
8974.79
9031.57
9037.45
9077.07
9241.8
9084.95
9054.13
8888.02
8922.41
8829.87
9080.95
8917.43
9210.84
9141.58
9033.1
8936.35
9018.36
9302.73
9029.71
9227.95
9131.74
9115.6
8961.07
9031.83
9006.52
9363.93
9085.42
9235.66
9183.97
9218.54
9106.45
8880.6
9228.12
9175.02
9421.25
9194.5
9284.06
8962.81
8953.25
9008.72
8914.54
9151.23
8982.67
9058.31
8939.41
9088.29
8997.23
9140.6
9112.55
8978.5
8936.78
8882.11
9088.72
9012.27
8994.2
9097.57
9143.76
9021.22
9044.06
8855.72
9155.58
8994.8
9045.38
9142.74
8859
9116.65
9098.29
9196.97
9239.72
9103.21
9090.15
8918.15
9129.9
8925.6
9205.89
9081.71
9021.99
9034.04
9016.05
8904.93
9173.96
9151.7
9041.75
9206.31
9038.4
9270.05
8858.23
8824.11
8937.13
9260.06
9108.91
9277.37
8909.58
9108.79
9379.22
9121.92
9028.56
9054.18
9034.01
9217.08
9087.05
9015.53
9221.49
9224.32
9310.59
8995.74
9061.2
8977.49
8792.88
8932.7
9003.14
8840.03
9101.94
9093.99
8948.69
9011.6
9127.76
8972.15
9022.66
9027.29
8949.73
9034.9
9080.89
9176.04
9070.76
8881.76
8939.47
9198.35
8935.92
9078.22
9297.51
9003.57
9084.89
8738.25
9165.9
9248.27
9011.81
9017.72
8883.91
8957.66
8755.59
9080.04
9120.32
9102.83
8925.88
9158.3
9007.52
8914.19
9031.45
9070.04
8998.57
9155.81
9008.38
9033.15
9211.08
9111.11
9034.28
9380.58
8846.31
9031.42
9047.22
8975.53
9017.17
8933.44
8935.99
8597.18
9010.7
8936.91
8809.64
9293.69
9101.5
9051.64
8939.94
8928.73
9233.26
8982.03
9203.6
9022.72
8915.17
9200.57
8952.75
9278.63
9033.09
9117.07
9087.04
9033.77
9055.65
9254.24
9167.51
9157.23
9072.54
9135.43
9105.68
8859.95
8889.03
9030.53
9026.75
9016.81
8946.23
9040.4
9206.2
9170.72
9004.5
9393.07
9107.47
9196.13
8971.03
9051.59
8928.62
9174.76
8933.69
8976.76
8977.06
8910.47
9364.4
9026.75
9132.8
9105.92
9144.08
9099.67
8922.41
9044.37
8916.98
9322.24
8969.96
9119.56
9107.01
8825.12
9045.73
9197.68
9201.65
9174.47
9215.38
9161.07
8985.75
9229.19
9234.22
9085.39
9182.13
9096.71
9063.6
9205.52
8983.07
9152.64
8970.29
8893.5
9151.86
9263.91
8981.53
9025.56
9190.19
9132.3
9024.39
9005.19
8989.39
9006.62
9122.15
9113.38
9064.95
9034.2
8991.87
9076.83
9107.56
9029.58
8980.19
9012.11
9224.04
9076.75
9100.89
8974.59
8992.51
9234.55
8911.9
9035.65
9200.24
9076.88
9025.45
8960.34
9119.75
9326.46
8964.67
8907.01
9031.33
9102.14
9252.89
8946.04
9075.61
9170.05
9144
9056.62
9055.55
8964.35
9076.46
8945.39
8911.89
9240.7
9302.97
8900.39
9161.55
9177.17
9067.95
9312.25
8908.66
9064.12
8982.34
8975.68
8871.49
9107.6
9167.97
9114.64
9123.12
9043.77
9044.88
9118.1
9029.33
9001
8950.02
9055.61
8956.84
9178.68
9059.01
9106.61
9049.91
8865.17
9034.24
9242.71
9095.65
8965.09
8923.06
8875.26
9124.46
9189.79
9124.9
8778.25
8886.6
8910.04
9050.8
9073.79
9194.64
8937.48
8947.61
8952.69
9075.94
8839.05
9288.09
8900.43
9160.14
9119.19
9032.4
9029.29
9332.47
9145.18
9013.07
9037.68
9194.24
8971.17
9089.5
9085.89
9150.6
8970.21
8844.73
8917.35
9088.95
9085.32
8909.89
9030.42
9031.16
8909.17
9040.69
9309.95
9007.11
8914.01
9095.93
9213.01
8960.22
9015.39
9134.46
9248.17
8977.07
9200.66
9238.48
9011.78
8957.76
9042.95
9191.74
9134.84
8809.89
8937.29
8909.35
8972.04
8927.64
8935.51
9195.52
9085.06
9177.23
9241.66
9048.62
8996.46
9129.6
8968.91
8970.59
9057.29
9237.49
8985.42
9002.1
8894.59
9155.6
9129.01
9190.53
9057.49
8760.73
9058.63
9168.56
8968.89
9074.47
8977.52
8918.74
9191.01
8910.38
8988.23
9053.3
9110.95
8958.15
8887.34
8738
9065.04
9257.24
9121.74
8946.69
8928.56
9112.98
9106.41
8804.83
9015.56
9280.13
8816.6
8943.92
9075.19
9090.3
9144.33
9212.29
8951.25
9061.22
9287.23
9339.8
9028.73
8961.91
9023.62
9196.72
8982.71
9015.67
8866.13
9163.38
8811.05
9342.65
8966.35
9007.67
9132.61
8957.69
9020.78
9106.66
8958.49
9128.88
9055.21
8872.17
8982.37
8887.93
8876.12
9074.35
9046.9
8985.12
9185.66
9013.91
9166.13
8925.59
8988.32
9048.7
9120.17
9139.87
9296.49
9035.2
8638.52
8921.18
9081.61
8945.45
9009.47
9142.61
8996.22
9165.82
9114.34
9054.64
9305.63
9050.7
9079.01
9116.81
9006.18
9106.15
8968.86
9055.59
9137.64
9013.42
9048.1
9068.26
8846.42
9040.94
8945.62
9219.44
9097.04
8992.05
9176.35
9139.01
9144.27
9111.06
8997.72
9228.04
9089.42
8912.01
8947.02
9105.99
9058.93
9084.44
9066.59
8742.45
9192.85
8967.1
8948.38
9085.56
9194.53
9218.8
9036.11
9075.38
9179
9052.25
9156.77
9261.18
9188.58
9127.1
9048.81
8995.55
8869.82
8824.21
8953.09
8906.08
9188.78
9192.89
8910.39
9189.06
9236.89
9074.8
8956.33
9092.88
9024.79
9041.63
9104.4
8896
8979.3
9095.64
9040.01
9018.1
9173.55
9105.78
9070.26
9047.82
9087.53
9058.73
8897.31
9040.75
9249.97
9269.08
9321.77
8922.88
9211.9
8925.45
9238.51
9064.71
9194.47
9047.82
9028.7
9003.33
9069.93
9042.4
9029
9030.56
8947.32
9069.1
9095.16
8909.41
9219.26
8978.5
9134.22
9015.7
9270.26
8992.23
9078.6
9073.9
9132.67
9030.59
8989.94
9020.25
8981.96
8989.98
8828.58
8859.23
9020.06
9227.64
9011.57
9050.95
9076.2
9150.86
9087.7
8829.95
9158.71
8829.18
9189.73
9260.82
8858.36
8894.31
9020.1
8987.21
9280.07
9102
9186.66
9194.7
9067.75
8918.08
9095.92
9302.14
9089.7
9097.46
9405.33
8950.01
9135.41
9002.13
9034.09
9130.76
9056.27
9150.12
9105.52
9124.59
8940.38
9019.28
9024.83
9096.53
9179.99
9134.05
9316.87
8979.62
9022.04
9025.98
9054.14
9301.2
8967.93
9305.3
9185.87
8874.97
9024.63
9074.71
9178.33
8949.59
9197.3
8926.05
9094.44
9046.72
8965.43
9241.04
9114.85
8894.84
9044.49
8970.88
9050.55
8960.64
8726.73
8906.15
8999.44
9030.12
9020.87
8971.18
8977.36
9065.1
9187.12
9123.35
9155.15
9114.77
9027.72
9171.75
9093.11
9116.56
8902.98
8916.85
9055.78
9101.86
9199.8
9158.79
9149.12
9188.98
8981.57
8933.14
8963.42
8869.51
8893.35
9250.61
8937.56
8947.31
8991.98
9110.85
9154.87
9079.5
8811.21
9235.34
9042.57
9140.11
8838.37
9145.95
9284.88
9265.13
8962.98
9054.15
9158.42
8883.14
9094.75
9102.21
8981.8
9052.91
8985.68
8939.96
9142.13
8981.61
9437.71
8944.78
9265.75
9155.83
9155.14
9259.64
9155.16
8923.37
9156.77
9060.69
8966.78
8930.61
9088.22
9196.93
9098.25
8943.37
9039.04
8906.23
9056.63
9054.03
9217.41
8803.08
9013.85
9207.45
8837.49
8893.73
9096
9149.75
9127.6
8873.91
8866.61
9046.38
9167.71
9101.75
9146.39
9027.69
9052.61
9047.01
9064.49
8971.61
9266.24
8916.92
9196.09
9150.91
9144.56
8794.89
8924.09
8819.08
9230.4
9178.32
9011.17
8785.21
9005.62
9055.21
8888.73
8962.47
9080.16
9187.77
9204.08
8911.39
8911.7
8971.14
9285.57
9151.6
9039.27
9216.17
9017.82
8867.31
8994.61
8936.16
9071.21
8969.45
8952.41
9176.29
9101.56
9043.03
8995.67
9079.48
9054.26
8883.57
8966.58
9250.45
9227.62
9022.7
9113.71
8965.56
8927.63
8917.52
9026.21
9051.83
9041.79
8905.12
8876.16
9251.79
8948.49
9069.53
8993.55
9200.9
9030.72
9257.63
9041.95
9018.04
8937.96
9075.71
8987.43
9056.51
8976.7
8955.57
9057.44
8991.93
9041.1
9067.28
9124.15
8970.38
9120.42
8976.96
9054.32
8878
9066.4
9052.85
9092.97
8774.41
8998.56
9164.99
8930.68
9049.78
8998.78
9152.02
9102.83
9016.79
9071.93
8883.66
9063.23
9230.47
8932.68
9034.11
8996.38
8880.23
9111.76
9106.32
9011.21
9076.78
9062.81
9134.36
8866.3
8949.96
8893.95
9025.77
9142.26
9307.26
9011.9
8862.65
9012.39
9202.37
9082.76
9259.59
9188.55
8933
9028.84
9205.5
9089.82
9138.51
9214.83
9218.48
8824.37
9088.01
9087.29
8963.13
8963.15
9046.54
8834.75
9040.87
9093.33
9023.33
9112.31
9069.44
9115.54
8963.19
9030.42
9327.85
9036.31
9155.32
8916.03
9046.45
8909.26
9054.24
9200.72
9079.86
9003.8
9245.39
9018.97
9199.1
8886.07
9027.11
9208.37
9252.88
9093.18
9061.72
8973.36
9105.98
9103.74
9186.36
9134.42
8976.17
9075.82
8905.83
9014.81
9090.08
9001.46
9273.43
8953.49
8965.16
8945.13
9260.44
8984.98
9243.28
8925.88
9126.51
9012.56
9112.08
8923.84
8918.62
8860.85
9037.03
9102.13
9260.65
9028.23
9012.25
8969.08
9117.31
9158.39
9072.46
9182.04
8999.48
8925.66
9192.34
8976.84
9106.73
9099.73
9116.92
9073.79
9221.69
8842.26
9176.31
8974.34
9153.25
8971.5
8830.16
8986.48
9302.96
9061.06
9180.43
8952.6
9259.46
8872.63
9088.74
8968.49
9029.28
9154.01
9031.06
9050.96
9197.3
9248.76
8890.15
9072.69
9332.02
8929.6
9069.67
9081.75
9111.46
8978.52
8944.31
9009.73
9161.82
9229.2
8851.92
8927.36
8920.94
9120.4
8932.27
8957.42
8905.33
9013.37
8936.05
8993.42
9173.49
9195.97
9007.76
9003.58
8920.99
9042.27
8829.3
8860.54
9100.01
9052.21
8974.86
9136.95
9099.67
9244.26
9178.26
9216.91
9003.26
9005.7
8908.04
9183.37
8926.11
9008.42
9103.01
9110.66
9036.18
9018.73
9136.45
8957.25
9213.36
9183.96
9125.58
9128.58
9042.12
9137.92
9150.63
9106.44
9098.29
8960.35
8994.35
9262.58
8907.94
8927.8
8923.54
8906.22
8973.13
8866.27
9094.31
9030.55
9053.89
9108.99
9197.55
9019.99
9236.68
9038.57
8945.05
9010.6
9138.25
8953.49
9027.47
9233.49
9076.11
8960.95
9105.53
9417.52
9243.01
9106.9
8868.4
9049.21
8964.09
9030.99
8989.86
9003.76
9193.84
8913.65
9022.93
8933.2
9245.26
9002.09
9226.54
8927.59
9254.16
9070.04
8919.11
9173.54
8865.39
9299.37
8886.89
8888.03
9205.8
8984.18
9021.98
9153.45
9081.84
9111.42
9041.91
9180.23
8887.23
8964.69
8957.67
9162.33
9190.26
9010.04
9345.02
9079.3
9055.4
8983.23
8998.33
9187.89
9099.86
9074.89
8914.94
9110.81
9076.5
9113.77
9229.37
9235.31
8818.59
9043.58
8905.05
9128.11
9096.71
9110.24
9008.96
9059.31
9050.1
9000.04
9059.66
9156.06
8850.97
9230
9232.55
9206.3
9121.15
8965.86
9166.9
9072.55
9184.71
8977.89
9035.42
9090.38
9131.41
9048.59
8910.66
9019.35
9014.33
8882.33
9022.17
9192.46
9105.61
8996
8866.19
8967.81
8990.75
9109.46
8869.09
8832.91
9007.08
8940.86
9086.62
8866.52
9084.92
9044.16
8953.38
9220.35
9203.48
9160.64
9095.43
9079.15
9148.07
8821.49
9050.28
9249.34
8992.68
9025.05
8995.46
9077.41
9219.95
9139.79
9077.81
9115.94
9084.29
9167.4
9108.4
8976.13
9073.55
9118.69
9021.89
9002.14
8965.43
9007.11
9077.54
9072.99
9036.82
9144.29
9195.33
9082.41
9058.98
9089.81
8880.17
9079.12
8888.88
9135.41
9029.33
8945.8
9015.33
9004.62
9090.92
9210.29
9088.18
8986.88
8889.18
9021.8
9319.67
9002.17
9307.95
8960.76
9061.39
8956.33
9143.63
9072.76
8965.32
9054.65
9003.51
9077.56
8907.97
8920.47
9231.91
9083.54
9004.25
9031.38
9189.19
9176.8
8942.85
9134.73
8997.3
9295.79
9080.2
8980.27
9149.58
9004.12
8984.08
8950.79
8941.95
8928.91
9077.32
9116.88
9111.57
8978.41
9068.11
8926.41
9177.28
9015.95
9108.8
8977
9090.4
8913.69
9119.89
9040.59
8973.94
8997.36
8928.09
9179.82
9091.48
8981.7
9097.84
9014.71
9072.69
9130.83
9088.29
9050.92
8947.02
8998.66
8913.34
9234.66
9171.73
8916.19
9329.59
9037.69
9050.16
9205.33
9087.73
8912.58
8987.03
9122.97
8973.45
8908.83
8921.65
9214.81
9036.21
9144.07
9119.97
9198.54
9045.23
9135.84
8939.32
8966.3
8901.32
8961.91
9003.49
9209.65
8898.58
8865.69
9217.84
8893.36
9078.79
9289.26
9187.16
8946.99
9176.02
9194.63
8950.8
9141.45
8918.48
8917.76
8982.55
9100.41
8867.15
9225.56
8986.32
8847.56
8988.86
8907.02
9109.19
8915.15
9006.94
9001.76
9026.75
9071.79
9281.02
9016.68
9064.3
9071.23
8987.63
9025.46
9095.04
9021.83
8965.33
9040.32
8934.45
9076.95
9017.95
9015.92
9106.77
9098.47
9019.42
8804.93
9034.29
8850.74
9235.75
9024.68
9079.56
9066.89
9080.1
8965.87
8974.05
9189.5
8995.45
9006.13
8972.27
9003.9
9065.78
9097.79
9249.54
9091.88
9069.72
8861.85
9094.5
9066.41
9024.1
9074.95
8929.61
9212.84
8805.25
9057.22
9080.87
8933.68
8963.34
9209.86
9130.21
9068.79
9001.45
8909.42
9180.92
9083.79
8914.61
9035.15
9288.89
8987.28
9040.38
9216.78
8993.57
8922.06
9117.84
8988.35
8976.89
9018.37
9036.55
9077.8
8968.94
9006.8
9213.36
9002.41
9010.38
8923.85
9023.29
8876.32
9021.84
9229.48
8993.01
9123.53
8903.57
9118.16
9130.44
9008.32
9079
9073
9231.23
9065.11
8992.73
9274.36
9188.76
9094.01
8988.13
9240.09
9192.31
9021.22
9066.52
8982.96
9142.44
9109.79
8994.84
8984.14
9264.22
8919.74
9140.35
9049.13
9251.81
9086.66
9144.29
9012.81
8917.41
9008.96
9222.85
9257.89
9062.1
9050.06
9077.62
9083.1
9008.98
8981.55
9068.21
9089.3
9074.29
9078.09
8808.6
8876.93
8979.5
8837.12
9089.91
8999.99
8761.73
9170.8
9008.09
9132.8
8979.1
8952.71
8975.69
9004.97
9061.73
8935.24
9182.44
9208.93
8878
9267.32
9080.92
9080.07
8967.44
9007.97
9104.39
9125.96
9127.59
9177.49
9088.72
9154.41
9079.19
9012.97
8894.46
9074.35
9308.86
9125.42
8833.27
9014.57
8983.68
9076.51
9124.11
8971.18
8995.85
9229.1
9015.07
9172.04
9134.78
9066.18
9178.66
8965.45
9024.37
8933.81
9106.92
8979.12
8930.87
9002.42
9093.08
9166.18
9093.69
8907.02
9079.74
8574.58
8919.46
9170.56
9022.23
9037.83
9128.54
8976.78
8999.18
8943.56
8887.37
8955.03
8975.49
8994.51
8941.82
9181.64
9231.5
9228.25
9058.67
9105.09
9056.39
9090.13
8974.84
8908.43
8926.47
9079.83
9087.4
9125.39
9173.17
9139.61
9056.44
9227.53
9259.99
8969.88
8981.56
9121.27
9212.16
8951.57
9068.41
9082.45
8907.48
9074.01
9018.98
8931.62
8958.45
9127.8
9381.19
9061.87
9343.38
9232.32
9240.65
8987.19
9234.79
9193.95
9027.76
8907.4
9007
8938.53
9274.83
9062.82
8932.5
9098.08
9246.43
9063.67
9080.48
8982.99
9053.23
9140.21
9025.34
9162.36
9082.23
9087.07
9028.07
9087.63
9141.84
9076.94
8859.88
9210.26
9090.01
9184.55
8934.15
9117.89
9040.69
8895.33
8924.23
8904.79
9071.14
8967.82
9090.1
9217.27
9206.08
8911.64
9086.52
9124.02
9011.8
9216.77
8829.21
9190.78
9160.39
9055.92
9060.82
8996.08
9086.05
8852.03
8873.33
9216.79
9167.56
9128.29
9072.98
9121.23
9101.42
9011.48
9041.41
9016.49
8895.32
9288.3
9151.15
8795.4
8989.51
9117.14
9076.41
8845.45
8923.02
9133.67
8966.73
9277.03
8964.81
9187.62
9233.02
8987.74
9004.62
9123.86
8965.94
9029.85
8855.3
8929.37
9090.24
8921.56
8901.1
9092.88
8920.19
9210.69
9019.26
8881.01
8931.98
9220.13
9118.53
9055.29
9257.8
9106.17
9056.48
9223.61
9155.41
9117.06
9157.19
8970.66
9210.1
8965.99
9142.76
9098.39
9015.56
9000.53
9012.87
8858.04
8972.49
9160.4
9185.55
8932.99
9250.76
9066.83
9068.61
9108.15
8972.86
9020.65
9066.28
9265.93
8923.21
8970.66
9057.13
9160.71
9482.27
9132.84
9159.93
9269.35
9075.35
8922.32
9095.74
8969.05
9166.94
8979.64
9222.69
9032.2
9096.97
8860.59
9192.31
8893.19
9071.87
8923.18
8967.11
9119.87
9035.36
8913.91
9053.86
9091.95
9204.01
9152.32
8920.71
9101.56
9091.23
9059.69
9055.42
9045.45
9223.45
8886.86
9038.11
9056.03
9184.95
8968.56
9031.49
8911.13
9062.84
8987.73
9038.35
9116.8
8888.69
9126.21
9102.39
8933.78
9358.97
8919.97
8991.68
8975.53
8967.54
9076.92
9199.06
8956.59
8990.77
8909.9
9139.29
8958.41
9129.08
8888.43
9005.33
8989.56
8848.74
8996.87
8971.59
9024.82
9185.08
9151.97
9306.94
9201.47
9045.6
8865.38
8951.62
9148.65
8962.68
8929.19
9093.97
9123.81
9185.3
8938.39
9005.55
9032.13
8946.37
8970.01
8865.3
9167.86
8842.03
9252.35
9131.26
8854.23
8945.72
8796.98
9079.63
9061.03
9015.24
9261.8
9002.63
9015.25
9015.03
9123.14
9040.74
9144.32
9170.69
9042.95
9130.49
8888.82
8915.65
8918.15
8994.59
9075.54
8888.14
8680.69
9008.58
9107.08
8963.55
8899.19
9146.05
8928.74
9119.08
9084.64
9016.84
8958.09
9195.8
8750.36
9131.58
8912.65
8780.08
9064.91
9154.44
9069.37
9051.88
9155.85
9024.9
9062.01
9219.38
9055.95
8877.34
9028.98
9184.56
9185.49
8970.42
9161.93
9164.33
8872.9
8898.41
9038.62
8928.69
9118.37
9344.15
9007.5
8953.22
9160.84
8839.11
8927.35
9127.85
9050.54
9085.83
8900.65
9124.86
9115.45
9283.33
8863.66
9212.39
9174.11
9138.95
8934.14
9206.51
9077
9132.58
8978.36
8855.74
9177.07
9017.29
9257.55
9009.75
9227.86
8944.81
9124.54
8986.04
8975.04
9218.69
9058.09
8936.47
9180.13
8973.62
9296.35
9233.74
9032.17
8946.98
9274.42
9358.17
9035.58
8956.82
9007.97
9171.35
9092.31
9066.49
9137.32
9082.08
9352.9
9071.1
9093.47
9227.86
8984.02
9223.94
9108.73
9038.08
9145.68
9016.55
8982.87
9019.82
9262.14
9203.89
9088.31
9077.45
9036.97
9145.57
8889.55
9009.85
9159.23
8893.79
9035.64
8842.9
8913.12
9051.52
9024.85
8995.75
8931.12
9055.25
9044.79
8903.32
8978.98
8994.49
9104.31
8898.34
8906.84
9154.15
9137.96
8961.84
9058.76
9306.24
8966.77
9108.8
8903.2
9039.5
8997.56
9167.17
9048.25
8840.54
8900.53
9058.33
9131.27
9093.04
9074.84
8859.08
8954.29
8966.49
8990.91
9028.5
8872.84
8998.13
9053.28
9092.07
9235.8
9016.84
8969.5
9069.58
8942.21
8982.91
9038.24
8947.42
9131.13
9108.03
9055.03
9030.9
8946.48
9058.78
9072.47
9095.2
9084.77
9023.15
9156.69
9216.59
8962.49
9131.7
8919.44
9105.5
9027.45
9091.54
9151.42
9035.22
8969.06
9147.52
9025.77
9244.44
9212.02
8990.6
8917.66
9184.96
8952.36
9210.73
9124.39
9062.2
9032.92
8902.64
9225.23
8963.63
8927.98
8938.97
9008.71
9063.85
9069.04
9113.92
9036.2
8996.28
9037.62
9172.98
9348.27
9014.31
8964.35
9035.11
9049.47
9052.52
9010.84
9132.17
9141.53
9146.37
8886.79
9034.16
9104.75
9252.26
8935.97
9190.37
9252.99
9000.31
9126.02
9018.42
9185.64
9065.95
8889.17
8838.75
9229.22
9077.87
9019.33
8985.49
8988.4
9154.07
9116.68
9120.16
9042.13
9133.51
9032.67
8951.01
9076.72
9140.04
9154.52
8914.02
9145.51
8953.04
8987.96
9078.77
9065.76
9001.8
9027.02
9031.5
9207.49
9235.25
9053.03
9006.68
9053.36
8948.38
8905.61
8826.65
9221.18
8914.03
9086.26
8970.29
9051.07
8952.74
9048.3
9200.87
9229.08
9000.6
8833.12
9032.58
8990.3
8885.91
8943.75
9122.09
9027.81
8946.2
9068.46
9006.2
8925.09
9229.32
9002.01
9063.75
9208.9
8953.91
9375.22
9067.23
9200.26
9006.72
9086.08
9071.86
8791.01
9209.46
9274.44
9081.08
9244.43
9097.27
9120.48
9136.5
9309.6
9163.93
9046.23
9181.24
9134.39
9011.86
8920.32
8871.71
9279.5
8936.27
9090.68
9023.33
9183.98
9029
8890.37
9132.76
8751.72
8988.6
9181.64
8995.87
8926.99
8936.74
8775.02
8915.11
9235.95
9196.99
9081.47
8997.38
8933.64
9168.09
9130.88
8876.91
8940.88
9225.18
9276.85
9057.21
9087.98
8977.75
9168.42
9114.65
8993.45
9044.73
9020.77
9192.29
9259.07
9233.51
8779.03
9025.23
8846.59
9119.41
9154.98
8980.68
9039.28
8890.33
8931.57
8906.88
9084.22
8960.9
8978.84
9062.3
9111.73
9149.95
8926.34
8892.21
8943.9
9049.02
9049.63
8926.68
9087.14
9033.5
8889.8
9001.51
9123.57
9002.39
8916.54
9001.38
8938.72
8942.64
9000.74
9174.18
8949.79
9123.94
9137.6
9063.64
8933.88
8998.19
9016.08
9297.83
9159.9
9150.05
9012.21
9061.61
9081.1
9064.51
8913.4
9166.8
9034.21
9180.46
8881.55
8875.74
9035.66
9098.22
9053.63
9067.06
9046.53
9004.22
9170.38
9051.92
9244.12
8867.59
9198.13
9086.04
8984.85
9017.3
9070.74
9241.52
9169.44
9006.72
9189.66
9070.66
9241.04
8941.4
9114.49
8888.9
8870.53
8687.7
8989.11
9293.13
9196.07
8995.32
9212.49
9172.72
8951.46
8875.66
9110.85
9069.78
8961.68
9034.01
9123.05
9134.58
9154.73
9272.24
9020.14
9060.55
8994.26
9089.69
9178.37
9162.03
8980.09
9193.55
8902.91
8893.69
9099.2
9036.12
8896.7
9144.79
9020.52
9021.99
8971.57
8928.02
9052.79
8935.8
8985.14
9098.49
9124.21
9018.82
9055.29
9355.37
9015.2
9095.42
9037.2
9053.43
9039.24
9079.98
8922.15
8981.11
9076.96
8960.76
8985.81
8894.07
9147.88
9183.93
9129.32
8962.72
8913.27
8918.83
9095.3
9102.44
9272.36
8973.66
9074.81
8865.66
9375.6
9080.99
9026.39
9105.88
8913.2
9093.64
9033.14
9147.71
9293.07
8935.92
8906.76
9034.1
9097.24
9068.76
9038.32
9128.47
9048.42
9195.19
8945.56
8881.18
9005.19
9116.39
9007.92
8965.36
9061.86
8971.09
8865.57
8905.17
9136.1
9050.9
9034.07
8942.22
9139.47
9158.82
9138.56
9019.44
9110.74
8860.59
8968.56
9219.33
9257.09
8895.54
9090.57
9051.89
9037.81
9172.05
9158.03
9060.97
9134.06
8974.26
8932.62
9151.61
8846.33
8959.01
9090.39
8862.89
9020.11
9286.62
8898.97
8928.75
9275.77
8910.62
8859.36
9030.01
8957.02
9076.98
9060.42
8865.99
8992.45
9085.61
9060.39
8946.99
9079.29
9045.82
8880.32
8898.81
8977.21
9065.01
8946.45
8995.03
9149.95
9213.26
9181.16
8977.89
8874.45
8900.55
9088.22
9161.39
9061.58
9082.9
9050.32
9206.69
9052.53
9152
9043.76
9158.28
8897.59
9203.1
8972.97
9162.2
9115.75
9198.81
9126.04
9084.53
9048.48
9485.88
9060.1
9159.34
9085.28
8932.54
8959.94
9118.97
9026.48
9381.88
8982.34
8902.03
9037.47
9142.38
9157.67
9121.63
9186.11
9076.96
9097.9
8962.62
8898.6
8983.39
8948.13
8881.5
8954.97
8833.9
9038.79
9121.23
9018.5
9119.78
8962.13
8999.79
9107.9
9188.12
9108.05
9104.72
8996.8
9049.99
8978.97
9201.42
8978.98
9134.09
9126.51
9220.32
9051.1
9219.13
9140.18
9022.74
9078.95
9165.28
8853.9
9069.34
9098.17
9045.25
8958.76
9030.69
8976.26
8984.55
9103.91
9017.03
9103.47
9086.69
9073.45
9105.46
9163.41
8793.1
9231.99
9151.6
9212.34
8952.02
9043.39
9100.77
8882.65
8948.76
9235.5
9028.88
9187.73
9138.58
8888.4
8881.18
8943.62
9004.57
9166.64
8930.07
9229.13
9102.07
9096.91
8824.83
9303.3
8869.2
9219.05
9146.7
9067.02
8999.7
9148.39
9124.74
8783.76
8934.14
9197.16
9171.22
9083.92
9039.86
9047.69
9031.06
8755.7
9017.23
8932.68
9118.4
9034.37
9020.7
8946.19
8918.93
9184.45
8957.35
9086.25
8978.07
9089.52
8961.15
8869.98
9165.92
9248.9
9007.55
9024.88
9155.24
9096.71
9108.6
9078.07
9072.26
9018.29
9076.56
9075.87
9208.26
8913.31
8974.74
9010.36
9040.33
9116.33
8850.5
9102.36
9061.56
9177.73
9209.41
8896.37
9038.25
9130.27
8977.73
9028.06
9074.45
8914.03
8954.04
9358.47
9023.09
9047.16
9111.96
9189.13
9148.34
8892.17
9025.24
9020.87
9150.97
8973.5
8893.15
9042.8
9078.14
9067.62
9217.21
9033.3
9050.56
9237.4
9209.14
9256.23
9202.64
9063.02
9070.42
9100.74
8844.85
8972.3
8937.77
9169.78
9168.91
8988.67
9119.56
9169.8
9111.51
9144.95
9030.9
8950.28
9305.36
8853.7
9129.53
9044.08
9130.21
8960.37
9108.89
8953.66
8895.45
9139.75
9146.49
8962.18
9307.77
9126.94
9254.97
9099.01
9281.72
8911.1
9266.05
8991.61
9199.04
8997.07
8972.64
9246.34
8871.76
8994.56
8984.82
9190.99
9251.42
8983.22
9129.06
9133.46
9035.54
9195.78
9106.75
9145.42
9065.76
9088.01
8968.23
8977.66
9030.68
9026.92
9141.63
8840.33
9252.68
9057.14
9014.83
9321.33
8994.39
8907.42
8991.95
9006.64
9284.16
9039.54
8893.68
9206.02
9071.36
9012.18
8969.21
9146.18
9136.81
9037.81
9150.93
8972.47
9133.56
9231.22
9169.19
9136.63
9160.15
9112.42
9256.81
9108.64
8991.21
9099.82
9244.99
9057.15
9067.84
9069.58
8927.71
9039.23
9230.17
9171.09
9142.66
9173.59
9107.81
8887.24
9211.59
8866.81
9061.98
9014.49
9192.48
8955.67
9240.78
8982.38
9035.42
9013.49
9097.14
9038.26
9172.05
8923.62
9092.54
9075.48
9086.86
8988.09
9115.09
8891.37
9166.24
8979.56
9066.79
9014.03
9074.55
8900.91
8818.43
9173.84
8984.68
9019.22
9053.19
9042.28
8877.28
9025.54
8795.03
8855.78
9077.77
8968.76
9096.8
9064.32
9259.98
8930.73
9015.69
9112.37
9090.81
9048.55
9102.85
9250.16
8947.65
8981.4
8921.07
8819.35
8907.28
8911.69
9156.37
8966.93
9148.16
8937.25
9217.38
9232.78
8749.42
9011.07
8859.94
8990.09
9069.64
9243.93
9060.98
8947.2
9120.53
8879
8982.82
8933.31
8908.4
9109.2
9021.43
9045.24
9133.24
9245.75
8949.75
9112.89
9138.88
9049.13
9007.26
9207.78
8968.07
9169.55
9068.04
9006.76
9027.18
8931.82
9109.61
9368.3
9045.08
8830.99
8831.55
9266.57
9048.39
8974.85
9024.07
8886.71
9037.81
9157.15
8991.34
9293.13
9059.25
9072.04
9075.11
9003.21
9186.54
9132.24
8965.77
9049.59
8937
9056.45
8993.46
8976.38
9107.8
8791.67
9299.98
9139.11
8877.91
9205.54
8963.19
8989.33
9074.67
9174.89
8985.68
9093.71
9128.16
9018.95
9046.67
8926.65
9055.12
9307.23
9193.31
9015.82
9061.31
9027.04
9206.63
9197.46
8881.05
9017.41
9294.02
9040.92
9142.14
9033.79
9015.18
9037.12
9140.13
8878.59
9069.67
9022.3
8974.02
9251.19
9110.73
9051.98
9068.6
8960.55
9079.25
9135.59
9203.55
9124.37
9243.77
8970.82
8879.44
8996.38
8881.67
8873.3
8933.42
9122.08
9069.72
9191.96
9267.86
8861.71
8967.47
9104.06
8852.99
9080.97
9103.4
9002.19
8915.58
9128.75
9091.77
9077.97
8962.39
9025.84
9100.41
9174.1
8956.89
9148.14
8965.06
9041.99
8935.14
9305.77
8873.81
9096.53
9025.7
9099.93
8998.92
9211.25
8828.89
9146.28
9146.31
8980.37
9250.52
8924.42
8915.83
8845.45
9085.24
9018.81
9186.34
9017.97
8974.44
9291.66
8995.26
9250.68
8957.67
9191.6
9266.12
9093.3
8780.4
8881.9
9087.15
9036.47
9132.29
9234.35
8927.83
9018.1
8904.97
8910.43
9147.83
8986.34
9210.02
9069.17
8998.37
9060.62
9133.91
9005.71
8805.92
9431.65
9022.91
9011.14
9132.59
9062.15
9391.31
9094.49
9180.68
8980.56
9145.34
9141.26
8985.61
9064.29
9033.93
9234.74
9165.25
9048.97
9062.97
9132.48
8888.28
9165.05
9184.74
8951.78
9070.14
9111.43
9279.28
9151.18
9030.1
9282.87
9027.48
8976.08
9067.68
8906.13
8941.21
9099.8
9060.65
9153.55
9104.68
9101.2
9164.24
9022.36
9202.07
9032.74
8908.14
9296.35
8996.99
9029.59
9189.02
9209.07
9142.38
9052.45
9033.2
9244.29
8927.65
9207.76
8878.66
9174.97
8963.08
9118.32
8903.91
8988.94
9154.51
8869.44
8955.41
9007.85
9239.42
9088.81
9300.98
9180.67
9203.31
8902.56
8808.89
9103.39
8868.22
8937.34
9210.48
9165.69
9076.54
9240.87
9030.02
8930.02
9234.83
8973.44
9008.66
9244.78
9050.91
9036.76
8877.42
8828.52
8844.06
8841.4
8996.84
9279
8994.05
9238.99
9115.96
9059.44
9065.96
9152.12
9060.8
9086.65
9056.4
8876.01
9179.08
9103.61
9049.05
8849.76
9033.44
9130.01
9142.5
9068.51
9122.56
9245.4
8818.23
9087.6
9061.78
8988.75
8943.3
9085.13
9017.64
9058.12
8979.81
8879.1
9173.05
9087.96
8901.67
8948.5
8995.46
8980.52
9132.85
8997.96
9156.56
8931.02
9193.79
8927.66
8852.39
9275.92
9073.23
8947.35
8899.76
9000.12
9099.96
9015.45
9120.16
9005.74
9072.52
8971.79
9182.4
9017.46
9078.67
9030.17
9076.84
9304.28
8926.22
9139.52
9029.27
8951.03
9011.08
9235.42
9042.13
9128.84
9013.72
9078.06
9120.33
8699.62
8857.05
9243.64
8990.08
9100.52
8934.91
9235.04
9117.17
9018.58
9195.16
9013.21
8945.09
9055.84
9158.59
9035.13
9011.84
8892.19
9144.26
8985.51
9034.31
9326.56
9011.19
8918.12
8972.99
9049.88
8997.29
8948.75
9251.39
9251.55
9121
8886.02
8984.04
8899.19
9113.9
9083.34
9071.87
8923.12
9105.8
9120.95
9022.59
9102.71
8952.2
9175.08
9095.19
9143.33
9000.79
9076.39
9077.14
8882.73
9338.05
9120.56
9172.79
8860.32
9341
9046.19
9187.82
8810.02
9093.29
8967.21
8821.27
9159.82
9226.55
9042.88
9214.84
9019.81
8828.97
9169.14
9070.56
8869.25
9045.03
9068.77
9132.07
8841.29
9078.26
8938.18
9049.32
9047.89
9123.18
8939.19
9326.77
9126.52
9167.9
9121.78
9216.74
9142.84
8809.31
9103.42
8949.33
8836.36
8951.96
9016.6
9015.46
9147.53
9056
9035.73
9096.05
9229.56
8981.82
9172.2
9106.06
8836.22
9160.32
8848.42
9001.41
8901.39
9098.38
9265.49
9000
9265.24
9137.56
8918.85
9070.33
9075.34
8963.42
9110.13
9129.79
8927.56
9010.44
8831.02
8855.62
9010.46
9130.59
9048.98
8884.86
9005.24
9180.84
9113.47
9290.71
8883.23
8978.44
8847.42
9027.65
8991.42
8986.05
8957.49
9000.27
9332.16
9033.9
9095.44
8921.44
9097.67
9190.55
9011.51
8765.21
8928.72
9153.88
9055.99
9156.52
8863.93
9372.17
8880.86
9229.44
9130.59
9053.73
9068.81
9053.97
9003.78
8914.35
9006.55
8940.97
9016.13
9060.73
8856.3
8974.59
8914.27
8882.63
8685.13
9080.11
9081.75
9120
9046.12
8870.42
8953.06
9104.72
9070.26
9136.79
9098.95
8908.92
9142.28
9227.46
9175.47
8770.5
9122.87
8962.09
9023.54
8968.92
9065.83
8935.85
8909.66
9013.39
8928.85
9008.34
9026.25
9025.42
8959.47
9123.6
8938.82
9337.1
9120.93
9012.78
9159.95
8927.96
9157.69
9153.88
9110.88
8863.27
9084.76
9002.53
9151.12
9077.83
8986.69
9289.77
9038.56
9215.28
8927.04
9006.73
8936.79
9020.98
9003.89
9120.44
8971.63
8899.07
8916.21
9091.18
8762.73
9049.41
8839.49
8904.21
8719.17
9192.47
9264.9
8861.73
9199.33
9124.6
9171.51
8912.65
8861.04
8934.75
9039.2
9157.49
9003.61
9221.43
9127.98
9105.23
8986.06
8931.25
9092.76
8965.96
9022.71
9289.94
9093.25
9009.81
9144.85
9029.62
9032.38
9120.86
9143.12
8870.87
9134.58
8948
8975.06
9157.89
9044.54
9190.19
9003.82
9198.03
9078.48
9195.31
9235.25
9099.6
9083.95
9123.88
8970.88
9354.82
9103.87
9277.96
8903.17
8907.87
9249.87
9079.72
9019.3
9052.9
9200.26
9101.42
9143.6
8866.45
9071.51
9124.38
9024.44
8950.29
9141.96
9052.52
9031.29
8963.66
9148.3
9080.42
9098.51
8942.37
9094.95
9214.41
9054.59
9211.73
8936.35
9151.95
9171.94
8982.97
9148.28
9061.43
8970.4
9097.65
8970.23
9379.68
9101.26
9024.46
9122.66
9070.2
8987.72
9220.24
9134.47
9029.6
8910.47
9068.62
8919.2
8801.2
8974.87
9102.52
9034.58
8967.87
9218.87
8927.77
9201.16
9157.1
9059.83
8938.51
8777.02
8869.51
8975.53
8941.72
9136.95
9094.18
9041.85
8982.64
9131.75
9120.98
8993.99
9131.55
8924.91
9085.36
8845.42
9052.62
9082.69
8913.25
9066.27
9129.79
9224.86
9091.11
9073.06
9082.32
9123.82
9181.96
9114.61
9127.04
9001.32
9178.53
8979.78
9064.06
9022.77
9043.25
9092.97
9097.67
9197.11
8858.5
9188.44
8886.55
9045
9100.39
9105.21
9043.33
9051.41
9159.35
9163.48
9210.26
8929.94
9099.14
8854.93
9029.3
9167.5
9060.71
9045.09
9053.97
8893.95
8966.35
8998.4
8965.68
9095.38
8921.14
9168.74
9387.1
9178.09
9096.07
9013.47
9181.23
9147.04
9043.1
8938.74
9381.25
8965.49
9086.27
9008.48
8957.59
9138.88
8861.02
9156.48
9166.88
8817.38
8785.32
9072
9087.9
8957.77
9065.23
9108.59
9224.76
9088.49
9135.01
9019.6
9012.28
8911.06
9113.41
8899.25
9103.59
9358.89
9127.91
9007.36
9342.5
8901.72
9023.3
9077.95
8983.51
9023.08
8916.81
9128.01
9066.59
9204.47
9079.41
9087.78
9190.86
9043.8
9235.11
9008.32
8991.28
8968.1
9138.39
9019.91
9091.52
8995.48
8943.59
9135.81
9163.89
9161.89
9083.12
9035.36
9166.19
9006.34
9056.31
8996.37
9007.83
9119.83
9034.42
9169.17
9118.25
9084.33
9048.3
9262.19
9174.08
8945.92
9104.12
8993.7
9153.7
9099.37
8944.35
9028.42
8989.11
9091.73
8948.69
9060.15
8969.49
9123.96
9293.55
8901.55
9176.05
8937.61
9071.17
9122.27
9059.79
9100.42
8990.2
8973.82
9022.76
9251.22
9135.47
9030.4
9096.53
9133.41
8971.31
8970.95
9028.86
9092.16
8957.11
8748.59
9122.67
9214.09
8941.56
9059.22
9160.28
9017.98
8956.88
8998.85
9047.29
9156.4
9153.63
8885.31
9143.66
8907.25
9321.97
8963.2
9095.74
9013.08
9221.65
8957.52
9099.9
9355.03
9173.17
9061.39
9110.67
9171.81
9040.03
8975.82
8905.15
9038.44
8978.59
8887.99
9098.88
9023.29
9007.06
9196.68
9054.08
9062.02
8905.32
9322.11
9145.34
9131.96
8942.03
9148.25
8968.94
9054.94
8974.38
8942.13
9243.24
8996.86
9121.48
9174.86
9073.91
8910.63
8990.88
9152.5
8910.74
9127.42
8763.46
8990.9
8801.15
9041.54
8977.32
8924.08
8982.37
9085.68
9011.62
8919.47
8924.47
9048.65
8889.71
9019.27
8937.52
8815.83
9122.33
9002.29
8876.01
9073.21
8969.75
9084.7
8933.05
9246.82
9113.25
9158.28
9241.27
9045.88
9020
9090.24
9000.44
9092.95
8955.96
9051.79
9261.84
8870.6
9047.78
8788.29
8925.93
9089.07
9060.47
9132.13
8908.98
9198.03
8914.03
9257.25
9144.29
9009.9
8927.83
9182.58
9037.76
9001.04
9391.81
9081.43
8859.42
9116.97
8797.51
9163.47
9242.17
8929.8
9148.54
9067.45
8910.25
9365.8
9279.68
9062.99
8991
9107.78
9102.01
8921.27
9332.68
9136.63
9289.67
9064.52
9043.58
9067.66
9198.64
8963.44
8998.28
9219.75
9052.97
9080.84
9287.59
9064.27
8891.7
8952.95
9124.63
8940.75
9102.61
8974.59
9118.8
9083.88
9113.01
9170.74
9103.26
9065.62
9333.76
9069.2
8933.16
9225.23
9076.7
9152.39
9089.38
9229.55
9103.81
9071.86
8975.16
9165.44
8856.73
9353.1
8904.75
9207.5
9000.78
9034.07
9256.45
9273.03
8925.73
9018.8
9290
9295.93
8995.26
9111.57
8875.25
8952.84
9175.96
9175.4
8975.76
9074.1
8868.42
8995.36
9089.98
9080.94
8960.62
8732.91
8851.74
9046.35
8986.59
9044.17
9198.16
9387.27
9013.43
9235.23
8832.92
8960.05
9068
8974.09
9188.8
9088
8972.29
9093.04
9115.69
9216.51
9062.68
8979.88
9109.33
9006.71
8993.64
8999.12
8977.62
9020.9
8907.32
8933.02
9292.95
8887.79
9150.89
9043.97
9155.56
8956.68
9084.14
8985.5
8841.28
9040.49
8948.3
8917.9
9018.32
9073.57
9168.32
9229.98
8937
8952.88
9000.88
9106.73
9128.31
8993.57
8985.76
9167.17
9342.1
8921.71
8994.75
9026.79
9093.64
9164.64
9173.54
8983.6
8864.68
8976.21
9055.58
8939.25
9163.73
9138.97
9087.06
9101.1
8974.94
8943.18
8965.78
9226.93
9161.8
8935.6
9169.34
8998.02
9175.85
9018.81
9098.21
8863.04
9121.46
9043.75
9496.23
8937.23
9120.69
8758.85
8852.36
8997.63
9190.59
9107.18
9093.13
8790.2
8858.64
9045.1
9139.67
9002.37
8832.43
8980.71
8931.1
8998.99
9016.54
9088.1
9027.58
9091.5
9142.48
9035.4
9044.53
8909.77
9185.72
9034.01
9107.71
9081.82
9234.18
9081.89
9079.76
9006.2
9240.39
9172.7
8935.52
9190.2
8869.19
9128.11
9113.37
9231.24
8975.37
8867.27
9115.93
8927.25
9154.16
9144.69
9125.9
9018.73
9145.02
9039.72
9344.66
8910.79
8984.59
9137.05
9108.79
9031.5
8841.52
9047.14
8991.06
9078.64
9220.65
9047.89
8958
9057.51
9098.33
9270.54
9110.36
9088.21
9161.63
9242.67
9068.55
9062.91
9038.38
9125.84
8974.09
8953.4
8854.12
8917.33
8947.54
9278.58
9025.53
8949.44
9285.54
9219.45
8976.13
8925.32
9114.03
9011.03
9018.48
9242.45
9066.58
9139.43
8996.16
9124.49
8962.76
8684.41
8932.76
9048.09
8925.98
8931.44
8960.58
9005.27
8868.78
9037.52
9131.39
8922.92
8881.21
9102.1
8892.86
8965.55
9002.69
9039.53
8891.08
9008.93
8861.21
8794.48
9134.64
9220.61
9206.57
8833.26
9155.24
9104.99
9039.47
9147.69
9112.32
9143.87
8966.6
8951.02
9025.16
9125.48
9128.39
9076.94
8978.84
9052.3
9162.58
8843.93
9115.15
9133.3
9144.15
9089.64
9065.21
8991.44
8890.66
8806.5
9034.22
9093.59
8905.7
8882.9
8996.23
9111.12
9045.65
9018.6
9190.07
9069.24
9279.11
8983.67
9042.64
9345.06
9227.19
9172.19
9092.65
9025.14
9149.6
8932.41
9117.69
8987.4
9106.78
8904.6
9202.44
9046.96
9415.97
8680.69
9054.94
9036.19
9143.71
9148.14
8798.57
9063.12
9220.81
9074.26
9103.06
8969.67
9209.22
9112.09
8999.88
9172.99
9133.57
9079.12
9044.05
9036.26
9188.84
9028.8
9026.41
9089.08
8885.82
8917.15
9264.66
9019.67
9016.67
9071.79
9048.31
9027.28
8885.44
8891.63
8912.19
8888.03
9159.02
9050
9015.2
9279.1
9047.2
9059.35
8972.27
8859.81
9344.68
9185.6
9012.32
9125.5
8877.05
8969.23
9331.16
9186.93
9043.98
8974
9090.42
9094.17
9227.57
9128.55
8952.85
8908.29
9086.22
9020.95
9137.2
9167.36
8902.75
9314.05
9314.78
8837.9
8962.07
8937.89
9101.43
8972.93
8856.02
9019.57
9025.65
9184.96
9020.94
9093.58
8951.52
9129.37
9098.76
8998.33
8923.86
9078.81
9044.2
9159.25
8987.03
8869.87
9149.93
9234.36
9097.28
8796.48
9161.21
9157.66
8849.45
9017.43
9012.49
9179.84
9041.53
9280.89
9247.06
9113.65
9055.86
8895.39
9189.41
8922.61
9154.89
8957.69
9031.47
8949.81
8953.48
9217.24
9386.72
9042.39
9020.96
9099.33
9063.14
9060.45
9173.92
9012.37
9188.65
9017.44
9138.23
9169.47
9196.21
9004.6
9104.95
8888.01
9194.62
9017.42
8952.39
8932.14
8671.1
9310.08
8995.39
9145.04
8926.86
8924.04
9221.74
9084.07
8937.65
9022.55
9132.44
8886.59
9101.17
9072.79
9005.43
9054.46
8931.32
8768.86
8997.35
8974.47
8950.7
8917.07
9111.3
8892.51
8919.66
9108.39
9072.25
8972.78
8853.89
9210.66
8977.96
9148.56
9266.52
9074.35
8881.59
9205.49
9018.48
9180
8963.05
9146.73
9032.14
9181.85
9100.61
9007.8
9131.5
9287.03
9046.68
9120.85
9075.24
9022.83
8911.72
8880.47
9019.17
9332.5
9002.88
8974.58
9089.84
9226.48
9053.96
8837.85
9030.45
9159.62
9133.57
9037.69
9095.08
9012.27
8899.74
9123.83
9035.7
9027.41
8991.11
9004.9
9299.38
9202.74
9228.09
8866.99
9182.15
9117.9
8965.25
9105.24
9038.36
9090.54
9198.84
8906.97
8879.25
8959.46
9029.06
9056.47
9217.81
8985.57
9085.54
9005.74
8993.43
9118.93
9052.06
9073.77
9022.87
8885.93
8978.61
9176.51
9269.77
8952.49
8827.2
9259.82
9139.84
9215.15
9106.71
9203.81
8979.89
9092.49
9260.22
8793.43
9124.77
8895.67
9095.45
9203.24
9040.34
9128.12
9287.69
8984.31
9210.66
9053
8938.21
9036.05
8883.86
9207.46
8956.45
9206.46
8949.4
9092.61
9062.29
9117.96
8957.97
9100.81
9068.95
9042.06
9214.04
9100.2
9263.78
9087.8
9125.73
9024.83
9132.74
8974.68
8918.6
9083.77
8908.57
8967.23
8822.42
9019.22
9014.23
9098.28
9069.33
8956.48
9161.57
9064.7
9062.12
8958.72
9197.3
9212.09
8989.32
9061.07
9132.66
9092.77
9064.24
9098.5
9149.21
9086.69
9210.49
9135.69
9172.25
9164.77
9257.92
8942.46
9096.93
9097.4
9070.14
9052.64
8917.51
8917.71
9003.61
9175.55
9119.63
9108.95
9204.64
8820.66
9092.75
9155.53
8971.55
8900.57
9103.63
8995.38
8802.23
9023.51
9025.91
9000.23
9216.49
9175.27
9250.13
9180.57
9085.26
9134.53
9100.09
9139.42
9351.34
9082.48
8852.12
9045.37
8939.12
8989.16
9073.23
9056.31
9074.64
8879.44
9008.25
9007.57
9101.29
9031.72
8990.78
9177.01
8972.33
9010.54
9170.84
9026.36
8932.39
9087.37
9112.89
9044.6
9156.94
8954.97
9133.64
9048.15
9184.19
9095.76
9208.25
9067.83
9197.58
9020.83
9068.04
9000.09
8948.62
9063.6
8976.29
9078.74
8991.95
9074.14
9026.61
8847.98
9027.64
9067.73
8944.68
9099.02
8954.21
9060.82
9011.01
8948.73
8936.87
9155.36
9195.98
9171.32
9218.03
8808.12
9113.11
9094.3
8985.8
9064.39
9121.44
9026.82
9023.6
9071.18
8938.02
8957.1
9063.96
8859.29
9261.53
9003.23
9192.19
9135.69
9276.56
9124.08
9079.46
9074.41
8962.08
9033.13
9025.82
8997.28
9182.03
9175.56
8957.39
8998.66
8940.64
9039.45
9121.9
9158.69
9207.24
9131.2
9068.38
9031.18
9054.02
9282.47
8962.21
9053.45
9021.62
9156.83
9077.66
9037.2
9129.16
8983.59
9105.64
9073.41
9173.73
9208.09
9129.78
8994.92
9081.37
9213.32
9000.6
8892.17
9113.39
8947.12
9132.36
9030.08
9108.37
9154.4
9017.95
9037.31
8971.74
8885.54
9028.69
8971.78
8986.75
9059.25
9252.09
8970.49
8995.48
9007.77
9202.5
9013.43
9261.44
9169.07
9133.27
8981.68
9122.53
9018.32
9025.69
8925.52
9089.57
8910.88
8918.08
9202.67
8872.09
9071.73
9180.08
9072.3
9060.32
9279.83
9039.09
9187.83
8971.42
8866.98
8761.75
8927.68
9059.6
9049.53
9163.02
9133.34
9078.36
9029.23
8986.49
9036.03
9023.92
9251.56
9033.12
8951.66
9072.84
9129.04
9055.1
9018.04
8886.49
8972.06
9122.43
9045.36
9178.45
9188.99
9069.8
8915.09
9107.41
8888.06
9025.59
9147.45
9084.57
9022.44
8911.55
9006.55
9254.18
9155.96
8908.28
9123.81
8961.44
9057.9
9117.91
8913.73
9073.52
8848.55
9186.03
9020.75
9002.63
9136.85
9014.83
8871.12
9177.36
9166.57
9120.57
9080.69
9044.55
8941.61
9143.7
9028.69
9107.93
9048.3
8949.88
9010.79
9094.21
8968.16
9077.42
9107.29
8883.47
9021.78
9367.27
9233.76
9069.39
8877.01
9052.44
9046.02
9217.16
9134.73
9089.15
9088.05
9257.44
8918.78
9191.5
8920.5
9271.66
9090.95
8797.5
8994.86
9182.93
9153.67
8930.9
9092.62
8908.67
8876.34
9163.49
9030.85
9041.89
8918.44
9163.29
9077.53
8900.86
9156.62
8950.15
8717.37
9142.32
9197.19
9033.33
9113.46
8998.88
8868.7
9126.02
9158.57
9046.98
9092.45
9181.44
9150.86
8987.32
8902.75
9021.51
9157.66
8946.54
9083.78
9106.75
9274.47
8763.89
9108.38
8974.8
9235.87
9076.42
9093.28
8819.64
8973.31
9152.56
8983.22
8851.61
9019.7
9281.89
9006.39
8919.97
9001.86
8945.72
9076.23
9054.54
9071.76
9096.24
9136.13
9042.89
8993.43
9009.06
9113.77
8755.22
9134.75
9148.71
8987.36
9009.73
9019.69
9204.68
8854.76
9110.88
9011.85
9003.43
9182.41
9253.95
9093.36
8966.51
8979.16
9140.93
8881.03
8972.13
9090.18
9042.96
9360.53
9230.85
8977.55
9259.83
8889.98
9003.18
8934.46
9024.32
9067.18
9299.76
8961.7
9058.36
9095.65
8781.79
9023.08
9243.14
8959.67
9214.95
8994.82
8968.2
8975.54
9184.58
9103.9
8854.53
9153.03
9021.2
9001.7
8995.57
9061.73
9164.58
9042.99
9248
8887.35
8991.42
9201.45
9001.33
9234.77
8881.89
9244.21
9191.77
8880.12
9122.7
8934
8856.7
8916.79
8899.16
9298.94
9178.37
9011.96
9078.02
8933.99
9071.74
9132.73
9294.21
8901.46
9068.04
9084.88
9042.13
9262.83
9101.4
8883.91
9240.3
8942.97
8918.22
8948.25
8946.5
9239.84
9018.3
9108.61
9161.66
8988.68
9300.45
9119.88
9076.32
8947.68
9014.14
8810.05
9044.43
8881.09
8776.02
9098.3
9123.15
8828.38
9145.61
9032.32
9145.85
9331.03
9146.12
9190.24
9225.97
8926.85
8803.23
9052.54
9139.82
8981.59
8976.24
9148.16
8794.25
8975.74
8930.87
9086.3
8950.81
9053.78
8940.62
9147.48
8967.56
8931.25
9169.49
8870.54
9147.23
9054.41
8904.75
9099.78
9172.45
9040.68
8936.55
9144.35
8914.26
9085.8
8975.5
9048.31
9255.97
8768.86
9138.22
8902.09
8866.1
9122.43
9061.63
9064.92
9169.36
8922.84
9147.99
8773.93
9027.97
9187.5
9241.75
9034.7
9022.77
9212.9
8815.88
8893.23
9066.08
9075.82
9239.41
8950.28
8954.26
8984.84
8888.5
9081.53
8956.88
8946.57
8967.61
9134.85
8980.61
8845.11
9033.4
9230.95
9076.47
8896.96
9030.89
8983.58
8950.37
8908.71
9074.09
9024.06
9055.08
9064.93
9098.02
9208.66
9093.74
9095.95
9161.16
9082.01
8865.71
9183.17
9274.41
8959.68
9057
9131.62
9103.69
9072.58
9063.45
8804.13
9053.73
8930.66
9163.21
8966.22
9099.08
9043.92
9149.95
9096.08
9034.84
8831.95
8956.14
9069.78
9266.77
9020.71
8770.67
9288.8
9121.42
9035.08
8987.38
8927.58
8785.6
9008.5
9146.03
9109.68
9195.02
8873.54
9079.06
8965.62
8884.8
9068.1
9184.16
8933.51
8864.04
8817.58
9127.16
8961.24
8973.5
9098.09
9105.99
9094.97
9120.18
9174.43
9097.38
9029.62
8912.13
9107.31
9128.23
9226.49
9008.22
9102.82
9147.97
9082.91
8961.41
9181.92
8982.15
9220.06
9379.86
9134.47
8909.16
9186.44
9018.01
9043.77
9219.97
9004.47
8975.16
9149.65
9049.46
9096.69
8978.74
9096.31
9028.14
9110.09
9126.49
9131.65
9045.58
9115.45
9044.64
9163.98
9021.2
9031.66
8691.27
8946.42
9137.07
9259.15
9033.62
8895.91
9249.45
8878.21
9131.52
8937.44
9094.01
9066.57
9198.87
9189.74
9079.8
9132.33
9122.97
9213.6
8996.86
9347.67
9080.46
8974.34
9062.82
9000.92
9136.64
9162.97
9127.77
8961.35
9014.5
8986.4
9159.18
9020.64
8999.7
8936.01
9003.46
9094.95
9140.4
8989.05
9050.38
9249.61
9110.71
8965.77
8926.26
8993.63
9134.76
9055.66
9146.8
9024.74
9071.34
9111.4
8938.07
8894.18
9015.05
8922.1
8942.48
8939.18
8888.15
8885.33
9083.75
9484.18
8952.8
9103.65
8995.45
8987.63
8920.36
9086.1
8960.24
9081.21
8928.25
8887.51
9079.17
9142.2
9013.27
8953.23
8883.07
9212.9
9008.43
9049.67
9237.41
9046.08
9104.19
8916.3
9142.17
9213.33
9049.56
9216.99
8975.88
9008.07
9043.1
8946.22
9006.76
9187.95
8958.92
9345.14
9176.9
9003.5
8950.07
9075.25
8990.52
8925.29
9149.93
8885.35
9196.72
8777.1
9056.52
8985.11
