0.819022
0.816527
0.816857
0.830977
0.845092
0.82755
0.823625
0.83645
0.805126
0.861401
0.813529
0.816231
0.795493
0.834509
0.798829
0.812146
0.806864
0.814447
0.848766
0.804301
0.833808
0.8287
0.843046
0.833964
0.766598
0.801045
0.822301
0.855672
0.843569
0.81465
0.838158
0.840256
0.858987
0.82288
0.830768
0.817013
0.826432
0.794294
0.811843
0.812763
0.804218
0.843225
0.814713
0.811118
0.806036
0.843033
0.795618
0.825141
0.822844
0.825386
0.837203
0.850978
0.777228
0.81744
0.831108
0.833215
0.804628
0.805835
0.785378
0.808414
0.843529
0.810209
0.822176
0.834122
0.868494
0.836926
0.83449
0.85149
0.842004
0.826221
0.820048
0.789642
0.838317
0.831819
0.842655
0.837501
0.773834
0.843061
0.82303
0.80741
0.80989
0.847295
0.809832
0.830897
0.837069
0.814831
0.865209
0.819355
0.824445
0.805109
0.834504
0.801625
0.800067
0.808112
0.864211
0.812687
0.85133
0.793688
0.772614
0.786119
0.805456
0.815487
0.811517
0.820652
0.785653
0.803649
0.828275
0.798203
0.883917
0.824473
0.775052
0.798014
0.806275
0.826976
0.815924
0.809085
0.83364
0.835432
0.825667
0.80501
0.862003
0.830207
0.884639
0.832848
0.819439
0.833026
0.850187
0.816771
0.804067
0.831481
0.829248
0.821151
0.824369
0.79694
0.818419
0.820933
0.863326
0.842946
0.82589
0.797228
0.834359
0.814471
0.805387
0.831447
0.84454
0.809515
0.848393
0.845718
0.839411
0.825112
0.802288
0.832765
0.795047
0.782142
0.818324
0.812215
0.784057
0.814192
0.79399
0.792472
0.844724
0.87466
0.860768
0.842603
0.808233
0.835526
0.824841
0.867617
0.832061
0.842583
0.845961
0.836076
0.825469
0.841618
0.830668
0.852639
0.85772
0.811293
0.849224
0.814887
0.828409
0.82884
0.847923
0.804646
0.815211
0.840686
0.830633
0.815753
0.810735
0.847221
0.82067
0.836197
0.792295
0.811274
0.772532
0.866511
0.837587
0.828983
0.803971
0.854099
0.796369
0.830248
0.78374
0.836372
0.836943
0.816992
0.798674
0.852442
0.805899
0.813436
0.815385
0.803327
0.794324
0.841714
0.838184
0.84748
0.819625
0.843134
0.809408
0.824509
0.820077
0.833951
0.81158
0.838861
0.797215
0.839024
0.771093
0.836644
0.809951
0.837382
0.831085
0.779144
0.806899
0.864074
0.843586
0.821896
0.816473
0.842071
0.793521
0.793442
0.834874
0.859196
0.782624
0.827642
0.810164
0.867319
0.822366
0.806919
0.825234
0.835888
0.841162
0.838814
0.826672
0.797532
0.816843
0.816504
0.86847
0.819646
0.797609
0.851052
0.816209
0.844667
0.827889
0.831097
0.808712
0.830984
0.80174
0.806371
0.831909
0.863548
0.799226
0.826969
0.822868
0.811449
0.812046
0.827217
0.82831
0.797994
0.88241
0.788639
0.812743
0.815492
0.832643
0.842372
0.821174
0.84231
0.830112
0.796996
0.806436
0.812372
0.79216
0.812532
0.815943
0.82489
0.813109
0.845954
0.826776
0.79889
0.831272
0.862816
0.827269
0.848248
0.829687
0.826858
0.836753
0.821923
0.827962
0.836814
0.843382
0.816471
0.839846
0.850788
0.804887
0.796963
0.83759
0.800633
0.776772
0.811305
0.795515
0.814996
0.842016
0.800713
0.869177
0.826966
0.807586
0.807636
0.843839
0.862748
0.826732
0.786418
0.837052
0.8081
0.820244
0.835752
0.801234
0.798987
0.840859
0.826705
0.824613
0.802557
0.826773
0.802868
0.854717
0.818772
0.852192
0.839737
0.839316
0.78497
0.830675
0.827391
0.836409
0.812104
0.830475
0.840149
0.810443
0.843954
0.823645
0.778301
0.860864
0.812555
0.82062
0.802556
0.81364
0.856126
0.804002
0.81402
0.825044
0.802537
0.82376
0.845556
0.845273
0.826292
0.799487
0.823767
0.833378
0.829599
0.849031
0.857771
0.803871
0.79059
0.807865
0.802976
0.873145
0.838147
0.83146
0.842131
0.813839
0.808667
0.848488
0.812973
0.852228
0.807232
0.846468
0.851178
0.825371
0.843221
0.809365
0.805018
0.807952
0.838342
0.807686
0.813334
0.836286
0.861118
0.823754
0.85244
0.862809
0.795643
0.832409
0.826221
0.809831
0.81158
0.817139
0.83329
0.8232
0.8054
0.793874
0.817085
0.843103
0.828961
0.881788
0.809098
0.850475
0.822152
0.797291
0.82182
0.829264
0.821208
0.825388
0.827819
0.80182
0.791692
0.840743
0.830063
0.822223
0.829723
0.816384
0.825615
0.849517
0.827201
0.805394
0.835339
0.839717
0.795111
0.7917
0.839943
0.819145
0.830568
0.823851
0.805946
0.816044
0.81511
0.81934
0.811119
0.781275
0.807309
0.838487
0.826137
0.802779
0.829266
0.836628
0.811963
0.823679
0.818575
0.808063
0.82521
0.822194
0.81343
0.844329
0.80264
0.786244
0.845943
0.797964
0.868
0.822842
0.840938
0.819458
0.820338
0.80135
0.816777
0.798791
0.8429
0.776341
0.864019
0.818703
0.848933
0.812441
0.821507
0.81237
0.831753
0.807724
0.805336
0.797907
0.82185
0.85446
0.818068
0.831143
0.854338
0.816912
0.81905
0.826745
0.838646
0.817368
0.793983
0.824229
0.821827
0.827717
0.836958
0.81692
0.822189
0.803671
0.812945
0.775793
0.826894
0.786276
0.809911
0.84128
0.827496
0.838899
0.853501
0.836164
0.816835
0.844935
0.787594
0.843105
0.812444
0.830544
0.830436
0.812967
0.807836
0.78897
0.814533
0.837957
0.833939
0.798093
0.805924
0.848984
0.799553
0.830448
0.790237
0.813547
0.827254
0.815061
0.813958
0.821182
0.816607
0.804651
0.810398
0.827426
0.798303
0.82811
0.815649
0.80517
0.798719
0.802864
0.779046
0.836783
0.840745
0.845699
0.816972
0.798703
0.840159
0.790736
0.814881
0.806249
0.814815
0.824382
0.817977
0.82367
0.846565
0.809773
0.838338
0.81421
0.808949
0.818609
0.838579
0.831304
0.810382
0.835189
0.816585
0.853723
0.812326
0.809702
0.819281
0.850624
0.828056
0.816167
0.860927
0.822519
0.860229
0.813225
0.797979
0.847995
0.82294
0.832883
0.853169
0.819715
0.818164
0.827461
0.833873
0.833711
0.801252
0.850086
0.841552
0.804705
0.830649
0.830117
0.833456
0.80923
0.793879
0.8364
0.825691
0.799923
0.827606
0.814398
0.810415
0.827692
0.853457
0.809728
0.855214
0.834251
0.836987
0.843326
0.820907
0.825025
0.813349
0.830438
0.821462
0.866053
0.823883
0.800929
0.840063
0.824119
0.847898
0.80841
0.860152
0.841333
0.854721
0.829645
0.811522
0.836358
0.82919
0.832438
0.802246
0.832554
0.794014
0.799214
0.84879
0.876706
0.824192
0.804283
0.807822
0.805728
0.778513
0.850879
0.786816
0.804509
0.812959
0.8728
0.805178
0.814178
0.84609
0.821113
0.819715
0.8137
0.845194
0.876719
0.832132
0.799924
0.785085
0.821062
0.82858
0.841964
0.826719
0.81224
0.84383
0.799798
0.827324
0.815401
0.80096
0.839271
0.842184
0.854763
0.876439
0.774456
0.796352
0.835862
0.816178
0.843112
0.821108
0.812636
0.8133
0.81367
0.8505
0.824323
0.812943
0.794929
0.86661
0.795397
0.81914
0.824803
0.835828
0.828356
0.809561
0.844861
0.873091
0.826357
0.804327
0.782633
0.795
0.811636
0.866692
0.826085
0.818107
0.803694
0.875561
0.8297
0.828816
0.809574
0.831871
0.82319
0.820245
0.803553
0.817378
0.818773
0.820635
0.815052
0.833225
0.825186
0.791411
0.816104
0.846372
0.808666
0.784006
0.810747
0.800548
0.829635
0.787111
0.839362
0.826316
0.806759
0.814362
0.833113
0.833573
0.784629
0.859988
0.817366
0.829443
0.824946
0.82058
0.84766
0.822122
0.766418
0.838582
0.831937
0.835452
0.842463
0.808391
0.83261
0.820013
0.795214
0.802181
0.832609
0.812209
0.844451
0.809887
0.842268
0.821615
0.819607
0.794904
0.822845
0.812316
0.777528
0.788427
0.836694
0.808967
0.835528
0.82707
0.828468
0.784584
0.80744
0.818148
0.840646
0.80408
0.861567
0.834743
0.8182
0.829329
0.8059
0.822463
0.812708
0.854029
0.829185
0.871263
0.87729
0.813549
0.84572
0.81705
0.83635
0.806002
0.838005
0.802508
0.800515
0.848958
0.837691
0.81114
0.839445
0.823263
0.812856
0.830317
0.819883
0.792404
0.823394
0.858825
0.853208
0.806039
0.830741
0.821718
0.8319
0.87857
0.821496
0.823997
0.807397
0.84658
0.815152
0.801724
0.824252
0.833582
0.774509
0.822534
0.80914
0.858319
0.801567
0.797193
0.807423
0.830762
0.794623
0.814161
0.817193
0.820106
0.822337
0.846798
0.844972
0.842769
0.806696
0.841243
0.810505
0.858658
0.809399
0.872857
0.822942
0.809455
0.827282
0.815772
0.858784
0.823905
0.77048
0.792916
0.807909
0.789191
0.801405
0.84314
0.818494
0.830715
0.781745
0.809879
0.799817
0.84336
0.873293
0.816569
0.841743
0.851112
0.859085
0.812842
0.827992
0.813669
0.801768
0.840605
0.772656
0.777769
0.811932
0.808387
0.844709
0.857716
0.821795
0.813646
0.830881
0.823424
0.856464
0.827913
0.821769
0.862581
0.790934
0.792136
0.804379
0.851616
0.808012
0.841981
0.791676
0.802374
0.830672
0.800889
0.845958
0.798452
0.802347
0.830312
0.802367
0.805872
0.801795
0.833284
0.817611
0.852605
0.872753
0.806311
0.807629
0.83111
0.841622
0.825517
0.822986
0.814668
0.820051
0.831999
0.828937
0.834123
0.840981
0.825051
0.808636
0.819835
0.771977
0.837732
0.820916
0.77481
0.856949
0.800617
0.819136
0.823086
0.841657
0.793702
0.844191
0.805821
0.824586
0.855291
0.848491
0.823567
0.811133
0.853222
0.814532
0.833868
0.779167
0.842349
0.791218
0.831713
0.829286
0.810891
0.815005
0.822703
0.806202
0.802787
0.815923
0.833421
0.857926
0.800165
0.834241
0.844849
0.834068
0.813598
0.81236
0.820149
0.825509
0.825848
0.821518
0.871154
0.824527
0.79888
0.829847
0.825809
0.790755
0.859591
0.831008
0.853329
0.820704
0.787792
0.841531
0.779354
0.818919
0.827512
0.832877
0.81669
0.791786
0.842372
0.818801
0.801364
0.820775
0.849877
0.849253
0.83563
0.789632
0.818053
0.802493
0.798284
0.83517
0.834943
0.802901
0.852756
0.829213
0.829848
0.805941
0.824606
0.791079
0.860772
0.825668
0.823301
0.810806
0.849884
0.812289
0.821268
0.805362
0.827735
0.852912
0.815539
0.828053
0.830446
0.817829
0.879024
0.862672
0.879696
0.796461
0.851263
0.794598
0.839234
0.79436
0.833103
0.832271
0.812588
0.832138
0.830201
0.810438
0.845126
0.811938
0.805826
0.867397
0.817827
0.829894
0.802247
0.836714
0.842684
0.824659
0.829946
0.871978
0.817906
0.793421
0.823806
0.873101
0.832881
0.812901
0.822202
0.805223
0.841339
0.820383
0.813638
0.866305
0.824192
0.833481
0.801139
0.797931
0.81744
0.868474
0.822428
0.810101
0.804884
0.815734
0.797232
0.846093
0.794568
0.826296
0.840458
0.802475
0.8637
0.817924
0.82865
0.806487
0.81221
0.828285
0.830934
0.79175
0.828483
0.807489
0.792457
0.870353
0.846185
0.826249
0.801435
0.85218
0.792343
0.855542
0.784363
0.846786
0.858807
0.830032
0.801112
0.825199
0.829971
0.83229
0.80323
0.834414
0.821932
0.822681
0.861957
0.80328
0.832221
0.838521
0.834924
0.767151
0.791149
0.827376
0.854545
0.822864
0.808699
0.815431
0.839779
0.819008
0.815302
0.806951
0.83669
0.813196
0.79037
0.814611
0.809964
0.8197
0.846881
0.803835
0.824426
0.807578
0.821919
0.804328
0.829983
0.834898
0.804594
0.795637
0.836328
0.851358
0.820562
0.832897
0.795682
0.869135
0.808193
0.832554
0.817693
0.836294
0.849324
0.824933
0.825418
0.796763
0.828622
0.840881
0.839172
0.86175
0.84612
0.838284
0.818185
0.826429
0.793227
0.824356
0.838398
0.797228
0.860021
0.838237
0.795607
0.812244
0.830168
0.847582
0.80934
0.831698
0.783697
0.871169
0.821758
0.831203
0.811966
0.828924
0.840595
0.820334
0.838517
0.821624
0.813421
0.814252
0.781413
0.805957
0.84325
0.784327
0.811663
0.803358
0.817602
0.853412
0.837584
0.824329
0.801669
0.805925
0.841242
0.82342
0.803274
0.796571
0.870437
0.837219
0.815468
0.815283
0.803508
0.796186
0.819483
0.83695
0.844133
0.798458
0.856215
0.799809
0.837586
0.854384
0.834924
0.814306
0.841296
0.822396
0.823466
0.812269
0.824678
0.77527
0.809235
0.818944
0.825749
0.831858
0.859318
0.811575
0.774638
0.797511
0.815333
0.811318
0.8337
0.826523
0.82016
0.842951
0.806941
0.784868
0.820784
0.805911
0.845741
0.863262
0.811191
0.846682
0.797903
0.832681
0.839381
0.828833
0.832181
0.795589
0.820014
0.81572
0.830904
0.827499
0.874545
0.835461
0.831879
0.809294
0.80971
0.801708
0.827215
0.811729
0.832398
0.799785
0.81689
0.770867
0.79833
0.828977
0.798932
0.805455
0.836652
0.815459
0.807596
0.836185
0.829928
0.835887
0.838078
0.867857
0.811788
0.873153
0.809413
0.842115
0.841264
0.800552
0.808003
0.793208
0.821435
0.807923
0.810505
0.833363
0.814957
0.839796
0.828355
0.818205
0.836559
0.847325
0.813591
0.775228
0.840138
0.789091
0.837397
0.81739
0.817695
0.807526
0.829189
0.837001
0.849359
0.817212
0.810246
0.848695
0.786954
0.805294
0.85779
0.83589
0.808697
0.846111
0.804168
0.839389
0.822184
0.824074
0.804172
0.834337
0.857373
0.820137
0.85232
0.811637
0.848228
0.842541
0.814094
0.820653
0.851432
0.795663
0.86868
0.823062
0.829956
0.806509
0.799759
0.846539
0.817602
0.844443
0.803972
0.819062
0.802528
0.850723
0.799934
0.838124
0.868161
0.820767
0.845586
0.803803
0.821815
0.828584
0.799868
0.820403
0.806343
0.812802
0.871196
0.82339
0.848894
0.812479
0.790211
0.85056
0.824733
0.819488
0.80698
0.803877
0.816229
0.84191
0.795113
0.847763
0.816984
0.818898
0.868191
0.798714
0.80319
0.791787
0.801613
0.806233
0.81611
0.868131
0.832601
0.822885
0.822395
0.816291
0.844406
0.809226
0.807231
0.813084
0.838704
0.793256
0.800219
0.812776
0.834148
0.822985
0.817234
0.832782
0.79628
0.837667
0.829776
0.829888
0.821828
0.800893
0.834708
0.822937
0.812848
0.789895
0.834878
0.826522
0.8358
0.835832
0.817712
0.809033
0.814602
0.86984
0.816017
0.835961
0.819664
0.808824
0.846818
0.801331
0.785166
0.828389
0.794483
0.836376
0.834501
0.807234
0.8604
0.862313
0.834556
0.806659
0.84031
0.800449
0.841706
0.831526
0.813232
0.798937
0.865888
0.812389
0.822269
0.836963
0.834394
0.810834
0.853321
0.789308
0.817564
0.831934
0.820717
0.826778
0.834562
0.792534
0.825965
0.819304
0.858417
0.820329
0.834694
0.796546
0.850561
0.818407
0.834663
0.840819
0.782024
0.810901
0.837027
0.84354
0.814089
0.787492
0.814012
0.815401
0.79761
0.839688
0.81571
0.818978
0.817787
0.830439
0.836298
0.842782
0.830287
0.808144
0.839222
0.856808
0.817204
0.826918
0.814938
0.84741
0.872092
0.823016
0.799584
0.831688
0.855474
0.812709
0.760881
0.804873
0.832514
0.818002
0.822793
0.797723
0.861779
0.795573
0.78761
0.838227
0.862041
0.82177
0.809862
0.811575
0.841763
0.800821
0.807832
0.821667
0.797912
0.825044
0.830253
0.825399
0.81437
0.811742
0.797015
0.816433
0.856697
0.827973
0.813334
0.826811
0.806149
0.800564
0.783555
0.851436
0.827921
0.836759
0.833702
0.825072
0.785728
0.822542
0.796031
0.80787
0.820941
0.811044
0.81465
0.825435
0.844124
0.851555
0.814034
0.817808
0.824041
0.878733
0.787555
0.879688
0.84191
0.832926
0.840353
0.836475
0.813698
0.804551
0.835997
0.818813
0.832008
0.838813
0.831893
0.828127
0.79993
0.855803
0.795255
0.830436
0.818786
0.833698
0.785663
0.804949
0.84331
0.794729
0.857536
0.830708
0.811875
0.815588
0.821269
0.828936
0.868168
0.831774
0.817726
0.830746
0.808697
0.824471
0.837778
0.827415
0.830988
0.836513
0.844816
0.837126
0.806828
0.790766
0.797183
0.774839
0.82713
0.85152
0.807719
0.833097
0.823928
0.790377
0.824564
0.841252
0.834104
0.821992
0.852338
0.822454
0.836157
0.819353
0.823898
0.79352
0.818784
0.818082
0.840449
0.821026
0.814551
0.807667
0.808993
0.810372
0.859749
0.802209
0.817278
0.828925
0.817042
0.828082
0.857449
0.834853
0.837378
0.824649
0.811871
0.860238
0.83988
0.853459
0.83255
0.813265
0.838776
0.857233
0.833457
0.853247
0.820517
0.836561
0.806295
0.774038
0.845095
0.812329
0.806821
0.830645
0.847592
0.821763
0.828712
0.845462
0.827347
0.843504
0.848916
0.784165
0.813654
0.836353
0.808281
0.805646
0.834661
0.820986
0.875043
0.844683
0.858494
0.836664
0.803592
0.843265
0.819185
0.820454
0.831242
0.834857
0.844965
0.813695
0.834452
0.797579
0.812587
0.872288
0.844616
0.795637
0.802661
0.817939
0.839547
0.829595
0.798251
0.819819
0.826289
0.856805
0.828194
0.79349
0.873591
0.852242
0.792943
0.783365
0.841762
0.823341
0.836906
0.746773
0.848066
0.81084
0.784347
0.835629
0.82306
0.83456
0.8358
0.816904
0.805311
0.770652
0.786582
0.823328
0.80978
0.796329
0.832035
0.823304
0.849343
0.808958
0.821811
0.79775
0.809907
0.809151
0.781783
0.832276
0.812608
0.838241
0.845917
0.823246
0.860834
0.82
0.828625
0.831187
0.836383
0.801368
0.862862
0.845135
0.82362
0.862778
0.818867
0.835743
0.828526
0.836152
0.808483
0.817133
0.850337
0.839232
0.814755
0.820629
0.803659
0.816115
0.834314
0.814668
0.817585
0.786192
0.851339
0.822186
0.81876
0.815129
0.841624
0.79483
0.826836
0.821024
0.810381
0.843806
0.823694
0.814115
0.823489
0.853001
0.799707
0.826052
0.833461
0.795653
0.788504
0.832295
0.82452
0.828725
0.827193
0.860201
0.821918
0.825511
0.801302
0.836396
0.823749
0.875454
0.819356
0.800303
0.834296
0.81532
0.828863
0.834007
0.816621
0.823944
0.837689
0.816218
0.820721
0.832586
0.786969
0.793566
0.814562
0.847156
0.828783
0.809405
0.813266
0.807829
0.825528
0.79903
0.800756
0.790038
0.817482
0.830854
0.816166
0.837037
0.849708
0.82499
0.796316
0.805272
0.83445
0.807587
0.810337
0.838121
0.835325
0.814683
0.8201
0.796351
0.811656
0.820819
0.860709
0.82408
0.809152
0.811776
0.818638
0.868842
0.866638
0.859987
0.818049
0.804501
0.860926
0.805089
0.840382
0.812828
0.824115
0.824018
0.830951
0.79121
0.819555
0.840289
0.855942
0.804337
0.813887
0.82294
0.854662
0.809729
0.839635
0.835753
0.825386
0.815642
0.806797
0.814209
0.813043
0.813277
0.811693
0.834649
0.819431
0.822421
0.829702
0.810972
0.816421
0.8076
0.829497
0.869546
0.784103
0.815364
0.844608
0.770573
0.823029
0.851023
0.803816
0.826763
0.835834
0.806896
0.859736
0.830257
0.84883
0.824943
0.837308
0.816836
0.82988
0.803361
0.782898
0.796055
0.840459
0.796061
0.8156
0.802328
0.830038
0.842484
0.834065
0.814018
0.821404
0.839055
0.827608
0.809841
0.847272
0.81763
0.845785
0.863602
0.825774
0.822676
0.818953
0.821641
0.855237
0.812107
0.811247
0.813685
0.833913
0.887929
0.815858
0.819052
0.808574
0.795424
0.822446
0.84574
0.830335
0.795845
0.81977
0.786859
0.843582
0.821217
0.842463
0.785188
0.825821
0.845562
0.836153
0.862312
0.816735
0.817966
0.816059
0.797082
0.845656
0.842854
0.831411
0.80502
0.823884
0.821237
0.828188
0.854375
0.841097
0.825541
0.829983
0.80885
0.809331
0.831844
0.82821
0.880551
0.816399
0.823071
0.829678
0.828831
0.837183
0.81954
0.80352
0.855359
0.827759
0.813001
0.795927
0.826998
0.809089
0.803693
0.838867
0.813498
0.825491
0.815921
0.825918
0.834585
0.798109
0.865111
0.798252
0.815751
0.819408
0.865458
0.856008
0.859271
0.874356
0.845656
0.785405
0.852147
0.855867
0.84055
0.813383
0.800012
0.807401
0.856466
0.842087
0.835092
0.812992
0.791809
0.830183
0.802306
0.821734
0.816678
0.862433
0.844359
0.831862
0.8508
0.792073
0.796629
0.827836
0.814518
0.814551
0.826664
0.836551
0.845951
0.799901
0.793549
0.794548
0.816636
0.846849
0.803324
0.807333
0.795092
0.826076
0.770844
0.807564
0.816351
0.779164
0.817826
0.832188
0.84965
0.82794
0.839742
0.819861
0.853438
0.820129
0.816815
0.848508
0.821849
0.826078
0.799436
0.792159
0.823439
0.814598
0.792693
0.858832
0.80075
0.837282
0.834241
0.821186
0.817039
0.834444
0.837083
0.790011
0.864637
0.835721
0.849031
0.795143
0.809706
0.821275
0.791243
0.810439
0.80315
0.800114
0.84653
0.842389
0.860631
0.81849
0.808316
0.865874
0.811805
0.854302
0.808469
0.814617
0.81244
0.830813
0.813583
0.819779
0.809729
0.831517
0.840106
0.807771
0.817997
0.776528
0.833825
0.835398
0.823558
0.810926
0.828038
0.820373
0.843393
0.822811
0.833359
0.839423
0.814121
0.807679
0.828509
0.830755
0.825121
0.818534
0.79462
0.799657
0.817253
0.825609
0.836331
0.814346
0.808606
0.820449
0.803352
0.824832
0.802278
0.829063
0.807354
0.818853
0.839534
0.813628
0.878771
0.821699
0.831861
0.795296
0.816573
0.843638
0.821439
0.826819
0.810253
0.823083
0.792422
0.838447
0.841773
0.809658
0.839526
0.815962
0.775121
0.81124
0.798492
0.836505
0.816632
0.825473
0.817934
0.825434
0.810718
0.848704
0.8713
0.790768
0.838588
0.808011
0.844246
0.833405
0.801478
0.807246
0.829046
0.783862
0.814999
0.796321
0.824921
0.820048
0.788592
0.834422
0.785415
0.819328
0.836816
0.81419
0.83455
0.875024
0.813682
0.85088
0.798529
0.844813
0.848282
0.809305
0.826736
0.848842
0.832588
0.824951
0.82795
0.814509
0.798365
0.836486
0.850604
0.828044
0.79529
0.836487
0.838699
0.791326
0.814223
0.850375
0.841189
0.800679
0.824203
0.825546
0.832627
0.816994
0.880174
0.80046
0.807337
0.817871
0.854406
0.840914
0.814027
0.869387
0.881016
0.802325
0.78617
0.835982
0.801518
0.829161
0.804944
0.799803
0.827658
0.823078
0.824815
0.831703
0.812068
0.838995
0.842307
0.812485
0.803633
0.802308
0.827772
0.83998
0.822194
0.809689
0.819611
0.842697
0.826783
0.833554
0.830972
0.824594
0.817725
0.824942
0.807576
0.82426
0.833881
0.806168
0.837226
0.802466
0.802842
0.781288
0.805194
0.814689
0.838723
0.844825
0.874281
0.791841
0.821141
0.850819
0.826195
0.822628
0.836658
0.773289
0.842516
0.822248
0.806345
0.840471
0.798542
0.811153
0.798136
0.813089
0.817982
0.835053
0.811605
0.80233
0.817983
0.824267
0.843742
0.830275
0.835178
0.869012
0.815934
0.815951
0.817671
0.809249
0.843507
0.796241
0.837001
0.828189
0.864108
0.834135
0.807365
0.819784
0.827734
0.835768
0.842975
0.804317
0.830301
0.835044
0.832165
0.848795
0.823699
0.879135
0.845025
0.843121
0.865015
0.826976
0.78475
0.819099
0.822085
0.833751
0.834844
0.836601
0.804144
0.850872
0.794202
0.832943
0.831923
0.816219
0.844329
0.80132
0.800226
0.85623
0.807595
0.812244
0.830717
0.833468
0.833065
0.833411
0.841665
0.8406
0.82864
0.836599
0.821963
0.825765
0.833071
0.831449
0.869341
0.800059
0.802973
0.843499
0.86867
0.817904
0.813813
0.84605
0.795411
0.817808
0.833951
0.827081
0.813773
0.827901
0.856923
0.842535
0.836296
0.828686
0.803934
0.812077
0.784357
0.810911
0.856683
0.809485
0.818397
0.840067
0.815914
0.823069
0.835435
0.832747
0.835147
0.826055
0.828183
0.796323
0.854583
0.836773
0.868935
0.879896
0.85341
0.853747
0.833079
0.843255
0.834984
0.88516
0.829948
0.856072
0.816165
0.845792
0.815282
0.837481
0.841238
0.785979
0.831592
0.854948
0.827566
0.855773
0.835919
0.841863
0.822881
0.807006
0.779859
0.82158
0.823132
0.84938
0.824944
0.807664
0.804333
0.797623
0.841723
0.815053
0.7818
0.835471
0.870986
0.845932
0.822926
0.782086
0.829865
0.7915
0.834727
0.830984
0.814931
0.789201
0.805956
0.804911
0.806793
0.819297
0.77886
0.806414
0.827054
0.860912
0.805808
0.796458
0.794585
0.824656
0.869216
0.853043
0.85283
0.858763
0.827706
0.847132
0.792902
0.815432
0.829138
0.802799
0.848294
0.81775
0.874772
0.800645
0.848164
0.865503
0.835025
0.836092
0.841443
0.80643
0.822768
0.8012
0.838827
0.792226
0.81887
0.819542
0.812995
0.814714
0.798465
0.840215
0.827056
0.812513
0.790617
0.848556
0.827203
0.811974
0.808959
0.851
0.796555
0.820107
0.850588
0.821226
0.858275
0.822673
0.803158
0.852237
0.817727
0.797638
0.823356
0.836639
0.800837
0.831693
0.789239
0.819081
0.803684
0.829454
0.849166
0.862729
0.833337
0.792233
0.847545
0.829048
0.842342
0.848842
0.886528
0.821992
0.81696
0.879218
0.815804
0.83815
0.824589
0.814585
0.801805
0.833552
0.790239
0.841601
0.805322
0.820972
0.812256
0.796454
0.830038
0.814902
0.848928
0.826336
0.817834
0.833986
0.772586
0.799779
0.839407
0.808719
0.808483
0.827614
0.857244
0.817875
0.801306
0.775471
0.831023
0.780039
0.807266
0.834846
0.83385
0.841458
0.835187
0.795611
0.846184
0.788509
0.852902
0.827596
0.789324
0.812635
0.809306
0.825694
0.810053
0.876202
0.810626
0.819556
0.828169
0.821668
0.828255
0.79339
0.825385
0.767864
0.868347
0.79169
0.855925
0.803441
0.881833
0.861988
0.802764
0.802032
0.80942
0.821042
0.827297
0.834673
0.829669
0.851592
0.82797
0.792113
0.8505
0.841246
0.834438
0.835087
0.776717
0.828042
0.843816
0.813786
0.833934
0.820389
0.82537
0.85259
0.865085
0.828465
0.814095
0.835283
0.811773
0.800098
0.793919
0.801871
0.807231
0.828595
0.819036
0.858535
0.822034
0.813928
0.833279
0.848164
0.842801
0.795394
0.814231
0.81199
0.84658
0.809755
0.833846
0.824356
0.825512
0.825159
0.84551
0.815793
0.800607
0.790584
0.815101
0.794253
0.814037
0.825644
0.828378
0.813476
0.811942
0.808985
0.82973
0.832299
0.815479
0.851857
0.799162
0.833108
0.831404
0.838842
0.82284
0.839296
0.813526
0.816978
0.804783
0.825318
0.840084
0.838289
0.849702
0.825072
0.827381
0.80415
0.799171
0.806577
0.843866
0.810806
0.863842
0.832113
0.824045
0.813668
0.846524
0.839051
0.777516
0.818873
0.825878
0.85581
0.830356
0.814138
0.841918
0.767023
0.814458
0.814609
0.822978
0.836293
0.809234
0.790354
0.815666
0.828367
0.847534
0.824016
0.807145
0.817299
0.796201
0.787613
0.831809
0.836204
0.839197
0.783437
0.790284
0.779695
0.83846
0.83352
0.822831
0.815282
0.789362
0.811597
0.82969
0.816723
0.797607
0.861836
0.813114
0.814374
0.819141
0.833926
0.829646
0.806621
0.789027
0.842188
0.79347
0.806958
0.766794
0.811483
0.819347
0.811383
0.84302
0.800175
0.806417
0.866532
0.810793
0.800589
0.822273
0.860043
0.769096
0.803032
0.809148
0.823781
0.798705
0.889352
0.838754
0.803823
0.783517
0.838596
0.827198
0.853465
0.825041
0.796955
0.801216
0.818388
0.827015
0.864046
0.784952
0.813812
0.804224
0.824871
0.817102
0.86167
0.814899
0.827138
0.84827
0.822643
0.855091
0.812972
0.830088
0.814415
0.798896
0.81013
0.856698
0.842074
0.787677
0.792797
0.811203
0.853238
0.826472
0.79744
0.791541
0.816631
0.820259
0.843354
0.866287
0.823966
0.820447
0.812116
0.838924
0.813049
0.850466
0.812514
0.81209
0.837156
0.818019
0.822407
0.790033
0.850992
0.847156
0.863256
0.780161
0.802531
0.802215
0.805473
0.806437
0.813486
0.799441
0.864782
0.81886
0.804879
0.841315
0.876358
0.838654
0.827447
0.803595
0.829086
0.828043
0.813937
0.823338
0.85451
0.794871
0.848346
0.836293
0.844771
0.80901
0.819598
0.825749
0.814308
0.818692
0.831547
0.789772
0.803468
0.858239
0.805282
0.807889
0.832208
0.816198
0.829461
0.789114
0.811431
0.788723
0.789601
0.812325
0.818833
0.819718
0.803869
0.802193
0.80786
0.847392
0.841664
0.829116
0.803716
0.851509
0.797032
0.800074
0.813774
0.831795
0.831657
0.835049
0.787622
0.824003
0.83552
0.817927
0.820534
0.819169
0.824584
0.820153
0.826065
0.819536
0.852003
0.798666
0.83633
0.838681
0.80019
0.841367
0.834358
0.833185
0.830446
0.809295
0.852105
0.807426
0.793738
0.81304
0.803489
0.805838
0.827012
0.805578
0.848996
0.811019
0.84
0.811543
0.835407
0.850081
0.853102
0.816951
0.833323
0.808974
0.83584
0.802654
0.855372
0.816425
0.795635
0.82233
0.808635
0.810348
0.826417
0.818733
0.80313
0.82962
0.820792
0.782026
0.829123
0.832406
0.797722
0.770763
0.832729
0.773354
0.834483
0.879628
0.81992
0.782857
0.79662
0.792731
0.815014
0.861893
0.805114
0.82562
0.795551
0.827401
0.80319
0.83026
0.802941
0.827674
0.821347
0.834933
0.79377
0.801534
0.828424
0.831046
0.836803
0.826263
0.833426
0.839018
0.844799
0.826989
0.833336
0.854227
0.858435
0.820843
0.828371
0.846251
0.854242
0.776641
0.777907
0.798786
0.83485
0.780368
0.838556
0.863736
0.809393
0.813011
0.838278
0.816354
0.828165
0.846906
0.811506
0.825608
0.824936
0.829736
0.852037
0.839825
0.816622
0.794848
0.804642
0.782579
0.844027
0.802959
0.79803
0.82194
0.820594
0.821296
0.816918
0.862191
0.838907
0.825807
0.823763
0.818063
0.814129
0.82166
0.826809
0.820352
0.809306
0.842534
0.844246
0.81586
0.837204
0.842356
0.790167
0.805035
0.809275
0.84692
0.825708
0.840691
0.817829
0.820636
0.83747
0.882294
0.814285
0.831742
0.823789
0.807971
0.861925
0.794196
0.828323
0.81973
0.82124
0.827505
0.812811
0.810386
0.783663
0.809331
0.826433
0.838835
0.840083
0.802499
0.828224
0.806634
0.807422
0.828458
0.814802
0.800147
0.817217
0.823936
0.843465
0.807788
0.822127
0.821051
0.814099
0.880488
0.841683
0.788857
0.875017
0.847465
0.806095
0.783383
0.848539
0.843941
0.841863
0.817911
0.810996
0.791113
0.790241
0.825532
0.82332
0.832203
0.826344
0.810783
0.831721
0.830822
0.807034
0.812698
0.809647
0.808904
0.839095
0.808694
0.810854
0.814123
0.824145
0.866615
0.846913
0.818673
0.8494
0.818195
0.80876
0.80004
0.837281
0.819193
0.797122
0.810743
0.816073
0.837922
0.832868
0.844929
0.800748
0.838379
0.774043
0.809841
0.792164
0.821909
0.814243
0.818575
0.820202
0.819569
0.814043
0.822183
0.826907
0.818442
0.809534
0.826059
0.853613
0.82508
0.844885
0.840879
0.788276
0.832175
0.795464
0.808835
0.829751
0.799488
0.808982
0.820128
0.825248
0.777796
0.842035
0.843775
0.848428
0.818129
0.856941
0.812325
0.812574
0.842614
0.84137
0.792635
0.838795
0.807592
0.852722
0.826738
0.855879
0.807338
0.793701
0.82828
0.817914
0.810524
0.871065
0.841907
0.818605
0.805138
0.831751
0.82466
0.812802
0.853437
0.787071
0.798021
0.809218
0.81167
0.79762
0.823292
0.798001
0.79062
0.8231
0.821207
0.83847
0.785305
0.893196
0.799741
0.847045
0.775721
0.805311
0.838958
0.826378
0.856957
0.839999
0.823469
0.82533
0.848531
0.827525
0.866734
0.799084
0.822305
0.768078
0.826681
0.802851
0.842702
0.828884
0.839274
0.824737
0.820805
0.850223
0.822142
0.784086
0.779027
0.815706
0.821765
0.814368
0.795864
0.815012
0.833094
0.844054
0.851573
0.776263
0.803986
0.853861
0.852038
0.832987
0.799987
0.790699
0.85226
0.857877
0.800581
0.817356
0.821078
0.822638
0.793166
0.837286
0.803727
0.827793
0.770497
0.827684
0.834094
0.818071
0.83546
0.829354
0.802904
0.809206
0.809795
0.809245
0.818423
0.828578
0.836712
0.838597
0.8328
0.792116
0.832548
0.86118
0.837664
0.818343
0.820967
0.791064
0.823974
0.817297
0.821871
0.820085
0.814324
0.805397
0.82431
0.792415
0.823796
0.836929
0.803081
0.84004
0.809163
0.812511
0.812011
0.791085
0.829696
0.822489
0.823042
0.824625
0.790698
0.852763
0.851646
0.830243
0.795171
0.813595
0.812026
0.80516
0.800596
0.828574
0.83651
0.849607
0.825727
0.842003
0.858392
0.776456
0.825538
0.806612
0.846755
0.790371
0.812246
0.796082
0.833861
0.833022
0.861104
0.821603
0.862326
0.835049
0.774956
0.835488
0.815103
0.854373
0.793785
0.830016
0.815004
0.812988
0.813001
0.830965
0.795335
0.843429
0.826882
0.820172
0.82475
0.80766
0.838927
0.80575
0.816551
0.821985
0.81774
0.788602
0.861558
0.811973
0.814934
0.817516
0.827212
0.851314
0.831347
0.794932
0.816295
0.802377
0.816865
0.795794
0.866265
0.8086
0.817481
0.830284
0.842381
0.833655
0.823101
0.827828
0.791373
0.836299
0.801138
0.862508
0.816676
0.809761
0.799465
0.8065
0.80979
0.860619
0.833769
0.823754
0.808043
0.799216
0.846218
0.835505
0.823583
0.8208
0.823624
0.87348
0.819788
0.801313
0.86504
0.848013
0.80325
0.844418
0.811807
0.831535
0.810369
0.843961
0.842574
0.842446
0.806842
0.815839
0.828813
0.802517
0.828737
0.806523
0.813288
0.820616
0.790215
0.812006
0.845929
0.861412
0.820278
0.829462
0.820888
0.816742
0.820969
0.785088
0.816575
0.83151
0.816839
0.805084
0.826357
0.841639
0.807621
0.825447
0.836449
0.828774
0.792244
0.822411
0.762746
0.86387
0.829155
0.827238
0.841327
0.809628
0.830452
0.802784
0.836901
0.800137
0.814536
0.792222
0.808353
0.836938
0.818779
0.801408
0.882994
0.826525
0.854437
0.826702
0.826933
0.80011
0.782116
0.851316
0.855051
0.802113
0.846603
0.837764
0.846283
0.862327
0.788494
0.816089
0.812475
0.827739
0.824991
0.813811
0.849281
0.852027
0.826993
0.825479
0.807788
0.788263
0.865329
0.813162
0.836616
0.808501
0.783555
0.823166
0.84701
0.81948
0.777364
0.816555
0.839399
0.800877
0.858001
0.836007
0.819166
0.828621
0.844763
0.808012
0.862945
0.82613
0.807258
0.81577
0.830346
0.832636
0.82792
0.814229
0.815539
0.825501
0.809833
0.799598
0.827211
0.816465
0.817192
0.800078
0.849739
0.831412
0.859202
0.858055
0.784281
0.80312
0.838727
0.847913
0.812664
0.806227
0.815028
0.810508
0.841458
0.801085
0.805893
0.824493
0.807167
0.850594
0.875403
0.837488
0.801431
0.790894
0.807265
0.78945
0.83236
0.814416
0.851864
0.803145
0.857281
0.8413
0.823306
0.841249
0.790079
0.821711
0.798146
0.801098
0.839136
0.806245
0.832031
0.840686
0.790111
0.799959
0.817605
0.822491
0.810254
0.800718
0.793355
0.849403
0.80806
0.81561
0.856623
0.823373
0.806129
0.819761
0.816609
0.849695
0.82947
0.836515
0.827134
0.790423
0.846383
0.866501
0.808776
0.796906
0.849788
0.813548
0.803871
0.812531
0.837719
0.806888
0.837531
0.818739
0.787133
0.834092
0.810803
0.800183
0.810803
0.824975
0.79432
0.810545
0.828002
0.834123
0.814565
0.832638
0.814155
0.864087
0.811745
0.811182
0.80896
0.80194
0.848004
0.838338
0.816995
0.802463
0.82146
0.786805
0.790795
0.80437
0.826678
0.782984
0.845613
0.817942
0.823112
0.790546
0.831746
0.853207
0.814338
0.82687
0.788301
0.799103
0.829479
0.835856
0.832153
0.826496
0.802132
0.822024
0.84671
0.82926
0.869175
0.822492
0.794628
0.816245
0.837228
0.783254
0.800721
0.824422
0.825717
0.807537
0.827475
0.81479
0.82043
0.795169
0.862662
0.807064
0.802594
0.800188
0.797554
0.838321
0.832729
0.830483
0.834575
0.846737
0.808893
0.804232
0.842122
0.846554
0.816198
0.836733
0.815764
0.792853
0.793336
0.842751
0.856264
0.825995
0.843563
0.820287
0.79642
0.795889
0.830007
0.806542
0.835956
0.806369
0.85783
0.815585
0.818902
0.801464
0.814238
0.823686
0.826181
0.83218
0.872422
0.821326
0.829816
0.818724
0.843364
0.875056
0.858878
0.790317
0.836344
0.813528
0.848638
0.788109
0.810161
0.817987
0.821351
0.835854
0.863944
0.789075
0.824796
0.835399
0.833468
0.816465
0.820588
0.800346
0.791426
0.825011
0.846708
0.82293
0.821862
0.776408
0.858438
0.818231
0.833011
0.818998
0.774633
0.774667
0.806607
0.793924
0.807549
0.850479
0.79118
0.830168
0.83021
0.783334
0.845715
0.808087
0.806864
0.84695
0.82167
0.798134
0.824281
0.811618
0.796946
0.823453
0.816539
0.80699
0.844087
0.836113
0.84435
0.843963
0.810404
0.856586
0.815795
0.845966
0.832869
0.809589
0.827345
0.845154
0.805738
0.798616
0.84826
0.869444
0.82262
0.823995
0.800528
0.824759
0.795688
0.81714
0.825182
0.804527
0.850429
0.838944
0.834273
0.834711
0.864697
0.801553
0.815898
0.821344
0.842967
0.804559
0.855773
0.821005
0.82563
0.767114
0.855114
0.849282
0.832254
0.811282
0.798189
0.822707
0.823167
0.808326
0.797013
0.800113
0.835345
0.833785
0.7882
0.818491
0.799076
0.839501
0.821178
0.81971
0.824468
0.817393
0.814616
0.830391
0.844077
0.821051
0.791067
0.81171
0.828275
0.835354
0.797997
0.816264
0.819947
0.818481
0.802601
0.782097
0.818467
0.817444
0.828463
0.840061
0.804145
0.823419
0.804021
0.825332
0.840591
0.819079
0.819529
0.818883
0.798085
0.811937
0.839408
0.832425
0.829538
0.81849
0.791659
0.835663
0.839382
0.835742
0.82828
0.814563
0.839244
0.838052
0.857015
0.817161
0.79925
0.808805
0.781166
0.827942
0.809614
0.809459
0.829742
0.846584
0.82624
0.837701
0.779488
0.79413
0.824682
0.847387
0.801427
0.836398
0.835931
0.877315
0.828022
0.806924
0.797631
0.815944
0.817167
0.832306
0.758555
0.837106
0.842056
0.840208
0.827053
0.823586
0.791945
0.803798
0.835009
0.804617
0.779101
0.852433
0.81614
0.816633
0.828667
0.812083
0.830968
0.801403
0.836967
0.828691
0.827969
0.853956
0.8307
0.832979
0.815371
0.861536
0.796664
0.797278
0.829377
0.829409
0.80147
0.79783
0.838217
0.815561
0.788393
0.766883
0.820798
0.836587
0.78399
0.84317
0.838662
0.801808
0.828569
0.821407
0.806038
0.846931
0.825416
0.819473
0.791861
0.880539
0.824897
0.839837
0.85323
0.776386
0.80395
0.794987
0.83878
0.831133
0.827885
0.79743
0.81714
0.809828
0.800408
0.817611
0.798719
0.830423
0.828619
0.825189
0.792766
0.830313
0.846724
0.79504
0.85934
0.798733
0.813321
0.822659
0.82036
0.811259
0.800134
0.802547
0.835985
0.793669
0.812943
0.824493
0.82296
0.815801
0.809684
0.799574
0.857306
0.806807
0.795405
0.76828
0.820776
0.811986
0.805596
0.808749
0.822806
0.850277
0.8233
0.811907
0.810804
0.827967
0.824365
0.797359
0.844049
0.821419
0.820934
0.811087
0.830237
0.802475
0.822618
0.801837
0.827169
0.804311
0.835644
0.768006
0.825213
0.84352
0.818498
0.82768
0.762223
0.82456
0.814016
0.796957
0.828861
0.810154
0.83141
0.77375
0.862369
0.820111
0.841796
0.816211
0.827013
0.827859
0.811733
0.824685
0.783329
0.812206
0.833867
0.810892
0.831098
0.844271
0.83686
0.828417
0.834013
0.793956
0.838124
0.852883
0.788636
0.827509
0.801961
0.840653
0.780199
0.856559
0.873791
0.857299
0.812722
0.808196
0.805927
0.788759
0.807297
0.806719
0.831666
0.831302
0.821935
0.803792
0.817149
0.846466
0.814488
0.814734
0.805372
0.785628
0.828734
0.830365
0.8398
0.803529
0.822918
0.831719
0.837951
0.814169
0.78988
0.835461
0.865333
0.829332
0.801576
0.829772
0.871633
0.798861
0.788974
0.848694
0.83671
0.847546
0.829207
0.829444
0.854884
0.82702
0.805187
0.809298
0.766973
0.833377
0.837711
0.832358
0.823364
0.832955
0.830468
0.85696
0.825266
0.849033
0.809657
0.84466
0.836293
0.830769
0.835495
0.852265
0.795483
0.823612
0.822304
0.803221
0.797868
0.858213
0.820124
0.826722
0.859127
0.811157
0.810801
0.813538
0.814108
0.82512
0.814874
0.809303
0.849383
0.799165
0.804003
0.821669
0.780496
0.830107
0.816502
0.805033
0.833574
0.85177
0.805641
0.797599
0.840676
0.78772
0.812786
0.835818
0.813404
0.798866
0.840187
0.836469
0.883801
0.829516
0.812808
0.828389
0.813982
0.79261
0.807699
0.823173
0.796063
0.827268
0.821855
0.811729
0.810441
0.829913
0.852215
0.855732
0.82734
0.834446
0.822522
0.863369
0.833603
0.80341
0.807571
0.818675
0.798887
0.800746
0.836194
0.847936
0.823115
0.876591
0.834023
0.819444
0.789346
0.855875
0.878836
0.828039
0.797169
0.823694
0.819252
0.820378
0.821062
0.823691
0.795165
0.828681
0.84708
0.835056
0.833613
0.836951
0.833479
0.849044
0.807189
0.838102
0.815904
0.854265
0.837528
0.832522
0.815222
0.812682
0.85149
0.900438
0.814529
0.801628
0.826798
0.831097
0.854501
0.82629
0.800053
0.889801
0.821307
0.814306
0.824264
0.800069
0.857613
0.810696
0.77767
0.817335
0.798118
0.799782
0.823766
0.836653
0.800343
0.831793
0.842208
0.824364
0.818614
0.866818
0.818145
0.868723
0.798881
0.83067
0.841438
0.821641
0.821996
0.832944
0.837174
0.838346
0.818295
0.835894
0.819385
0.852751
0.798334
0.825814
0.795553
0.866192
0.823049
0.829429
0.802774
0.821245
0.839342
0.799307
0.801699
0.844824
0.836724
0.807118
0.796223
0.8242
0.843225
0.81723
0.830228
0.843601
0.807341
0.806473
0.823524
0.822304
0.83066
0.834663
0.810824
0.815737
0.815862
0.832199
0.811181
0.848916
0.796331
0.818733
0.819671
0.807154
0.776265
0.851694
0.806633
0.838296
0.831358
0.83125
0.842411
0.83888
0.797348
0.81659
0.818313
0.842519
0.847326
0.80821
0.84141
0.780833
0.817366
0.800588
0.850448
0.823706
0.849163
0.815672
0.839967
0.814838
0.810695
0.832911
0.864722
0.85748
0.816461
0.834937
0.815423
0.82706
0.831223
0.796552
0.862595
0.836374
0.817334
0.814786
0.807013
0.819085
0.851601
0.834059
0.792837
0.818273
0.820825
0.848804
0.826488
0.834906
0.776822
0.78815
0.828741
0.826328
0.841311
0.849299
0.819052
0.813981
0.869993
0.831092
0.80495
0.829926
0.835468
0.776976
0.834393
0.830002
0.788586
0.850187
0.819944
0.841753
0.830993
0.838222
0.833984
0.806773
0.806772
0.820027
0.802119
0.828079
0.875617
0.86138
0.824667
0.837174
0.831995
0.817404
0.824417
0.80894
0.839585
0.833214
0.810747
0.82131
0.840015
0.848338
0.833298
0.809106
0.816334
0.84146
0.802258
0.835999
0.840061
0.810582
0.807782
0.802631
0.796725
0.804491
0.797439
0.845073
0.839045
0.795753
0.809969
0.806293
0.853872
0.807421
0.779792
0.813808
0.80181
0.808102
0.821371
0.825546
0.798213
0.838949
0.832423
0.839305
0.813501
0.824847
0.814448
0.82209
0.82088
0.833603
0.852996
0.818509
0.847587
0.863887
0.816562
0.801353
0.836395
0.829047
0.814779
0.823634
0.863064
0.818244
0.83554
0.803374
0.827944
0.825323
0.820158
0.838934
0.817885
0.822184
0.788669
0.785428
0.791185
0.831654
0.811165
0.81266
0.841652
0.815067
0.852052
0.80369
0.871757
0.847229
0.80692
0.851585
0.802116
0.848949
0.844802
0.825044
0.839519
0.817778
0.805082
0.835579
0.838136
0.820754
0.819514
0.800813
0.806828
0.83698
0.819252
0.831157
0.794659
0.833274
0.80056
0.841984
0.840298
0.84322
0.869076
0.819923
0.831568
0.821575
0.789809
0.7946
0.839633
0.8275
0.810479
0.838838
0.834057
0.842104
0.830663
0.833672
0.816163
0.850063
0.83136
0.799332
0.818415
0.796323
0.816953
0.81607
0.843887
0.80187
0.816613
0.807638
0.832597
0.807223
0.797458
0.845626
0.834306
0.839917
0.821431
0.840278
0.836691
0.821567
0.827654
0.834014
0.859668
0.847697
0.848005
0.858379
0.821076
0.856649
0.803597
0.818572
0.837037
0.842921
0.82534
0.811728
0.850397
0.796301
0.843879
0.818112
0.845409
0.813777
0.859563
0.808903
0.835463
0.815276
0.82693
0.837127
0.813305
0.864313
0.813367
0.804046
0.814477
0.817049
0.797316
0.845628
0.807397
0.84602
0.822327
0.822437
0.826835
0.812221
0.801968
0.848963
0.827763
0.822616
0.829085
0.817126
0.802376
0.792448
0.820358
0.805389
0.863765
0.823692
0.839553
0.838161
0.827049
0.806504
0.840415
0.880316
0.823709
0.824386
0.790924
0.78149
0.820585
0.803924
0.829997
0.817286
0.826185
0.792375
0.857068
0.830247
0.841343
0.830503
0.830812
0.818333
0.841817
0.822986
0.86161
0.800323
0.854333
0.806322
0.849494
0.84179
0.817658
0.844573
0.8306
0.772796
0.838881
0.857994
0.857618
0.81892
0.851703
0.824999
0.821494
0.841389
0.826865
0.858922
0.831142
0.772492
0.795665
0.820707
0.844511
0.823894
0.790682
0.826955
0.801462
0.839565
0.841991
0.832825
0.80202
0.825852
0.813761
0.843221
0.84003
0.822398
0.795243
0.833877
0.863259
0.834999
0.802558
0.86721
0.811889
0.78838
0.822027
0.811052
0.836094
0.844765
0.824523
0.838661
0.778101
0.853217
0.843459
0.808014
0.847339
0.845878
0.813979
0.827514
0.862161
0.793209
0.814937
0.82623
0.819225
0.807069
0.785648
0.796989
0.803878
0.784638
0.848334
0.834259
0.808092
0.81435
0.83126
0.817227
0.840049
0.800066
0.808116
0.79091
0.835638
0.835839
0.796173
0.805431
0.81792
0.8103
0.808974
0.8418
0.832153
0.784398
0.857475
0.813036
0.827528
0.849278
0.821145
0.831632
0.800696
0.811519
0.796791
0.804934
0.847108
0.795336
0.801949
0.813819
0.810327
0.813169
0.843307
0.805093
0.810526
0.811757
0.808248
0.79954
0.813639
0.825965
0.825165
0.778912
0.788708
0.843152
0.820122
0.819644
0.772428
0.819143
0.857659
0.821448
0.835841
0.788788
0.777321
0.836015
0.81307
0.793981
0.812025
0.819479
0.820715
0.857059
0.864529
0.834622
0.828894
0.83465
0.800107
0.795452
0.861344
0.831475
0.801043
0.847354
0.841821
0.802166
0.8602
0.821431
0.809641
0.795233
0.832429
0.814587
0.842397
0.858128
0.814731
0.78736
0.825995
0.801639
0.806582
0.813106
0.80497
0.816786
0.837865
0.785109
0.805635
0.846121
0.816032
0.814073
0.832228
0.830574
0.836849
0.839666
0.847993
0.799594
0.817632
0.82937
0.815523
0.849271
0.813385
0.833233
0.817132
0.818845
0.839213
0.828239
0.826665
0.812421
0.804288
0.826098
0.806835
0.803083
0.814685
0.829527
0.814981
0.851433
0.82087
0.81713
0.814185
0.80734
0.793868
0.842553
0.844625
0.835582
0.819865
0.775821
0.803146
0.842152
0.78555
0.847121
0.826289
0.833509
0.817142
0.80634
0.815678
0.813141
0.839279
0.841514
0.824309
0.838264
0.798499
0.833998
0.787505
0.817591
0.811941
0.837732
0.818737
0.851125
0.805917
0.857683
0.832626
0.801437
0.794377
0.851416
0.846043
0.821584
0.815795
0.810388
0.806553
0.837709
0.823097
0.833418
0.796858
0.819749
0.833389
0.812202
0.809606
0.812804
0.7928
0.795125
0.779002
0.80931
0.807901
0.843057
0.835174
0.803606
0.825422
0.84428
0.851786
0.842935
0.813702
0.858431
0.79269
0.816124
0.818811
0.804691
0.795814
0.819221
0.813576
0.808125
0.844807
0.861907
0.809341
0.831404
0.829088
0.843695
0.8104
0.812853
0.821964
0.81688
0.794562
0.792675
0.818669
0.829879
0.817806
0.831799
0.821905
0.824362
0.827961
0.831202
0.819268
0.795572
0.809313
0.812879
0.846975
0.77879
0.809793
0.842585
0.796435
0.835718
0.808471
0.838847
0.822079
0.815908
0.842075
0.847756
0.859982
0.861841
0.801188
0.809762
0.814048
0.790073
0.80938
0.837672
0.818767
0.861075
0.813444
0.833488
0.835338
0.812307
0.853222
0.820241
0.814357
0.845222
0.807094
0.855032
0.831463
0.81831
0.81766
0.807397
0.813405
0.827073
0.823704
0.862096
0.813396
0.787232
0.837438
0.813386
0.812069
0.83817
0.797038
0.855637
0.812742
0.806864
0.852423
0.809468
0.820815
0.81183
0.809317
0.831797
0.838907
0.817979
0.853241
0.844217
0.814727
0.823832
0.796042
0.849379
0.815508
0.845997
0.782448
0.81646
0.827049
0.86325
0.828114
0.814376
0.829232
0.819918
0.857434
0.860405
0.821467
0.806445
0.844364
0.838323
0.842461
0.806906
0.821861
0.81814
0.807535
0.84081
0.804601
0.80885
0.832848
0.815369
0.824065
0.829795
0.78594
0.818095
0.796547
0.784998
0.791754
0.812541
0.847371
0.807204
0.860027
0.831101
0.846108
0.825619
0.809457
0.814571
0.839506
0.805822
0.841661
0.826228
0.847158
0.812791
0.803194
0.798154
0.792147
0.843326
0.841289
0.815056
0.847385
0.796158
0.836211
0.792706
0.835062
0.827115
0.83534
0.787819
0.779539
0.847317
0.854554
0.826282
0.81658
0.860997
0.878454
0.81311
0.812423
0.866722
0.801394
0.830894
0.806974
0.864112
0.770697
0.793654
0.848576
0.79192
0.847703
0.841907
0.831752
0.806937
0.799537
0.80236
0.816399
0.797288
0.799778
0.856169
0.830301
0.816961
0.824962
0.811908
0.848069
0.846739
0.838836
0.783561
0.768227
0.837042
0.810667
0.850122
0.817628
0.816492
0.792101
0.792454
0.793713
0.83767
0.815897
0.81066
0.831665
0.817038
0.859076
0.812654
0.816518
0.823017
0.841234
0.838856
0.843071
0.838035
0.829308
0.840389
0.837278
0.863327
0.832966
0.786914
0.802285
0.837078
0.829772
0.818853
0.833573
0.811586
0.799995
0.819496
0.806599
0.812684
0.819552
0.824925
0.856561
0.827368
0.82338
0.79441
0.798554
0.788031
0.824182
0.797589
0.851786
0.83867
0.821603
0.806192
0.809725
0.871842
0.816081
0.852024
0.840614
0.838143
0.807081
0.817934
0.815514
0.882006
0.823878
0.850611
0.844325
0.850996
0.830284
0.792239
0.845203
0.842133
0.891025
0.853105
0.861642
0.803338
0.804221
0.811688
0.801568
0.83767
0.80138
0.824804
0.803149
0.828803
0.810562
0.839792
0.831018
0.809565
0.798984
0.792917
0.827563
0.816831
0.813138
0.829389
0.837786
0.81767
0.823185
0.784657
0.838869
0.812157
0.820424
0.840991
0.79194
0.830706
0.8277
0.848834
0.852247
0.82883
0.827147
0.797509
0.834869
0.801065
0.846816
0.824822
0.817246
0.819946
0.813036
0.799283
0.8466
0.841694
0.820496
0.846096
0.82082
0.863169
0.78712
0.781376
0.800542
0.858522
0.828939
0.861979
0.793891
0.828443
0.883806
0.831402
0.818477
0.823651
0.8183
0.851535
0.829558
0.816949
0.850475
0.855227
0.870377
0.811987
0.819195
0.810022
0.774886
0.802227
0.813627
0.784259
0.835867
0.828281
0.809989
0.818462
0.833936
0.807779
0.816848
0.818641
0.803321
0.824638
0.825476
0.84034
0.826951
0.791975
0.801664
0.842209
0.806282
0.828828
0.865749
0.811517
0.83124
0.769306
0.848192
0.853289
0.814079
0.81338
0.796142
0.803465
0.769328
0.829481
0.839365
0.831944
0.799833
0.83594
0.810374
0.797506
0.819292
0.827111
0.814202
0.838421
0.815368
0.818435
0.854238
0.826912
0.820417
0.878724
0.788988
0.817264
0.825142
0.811283
0.812461
0.799185
0.798665
0.743044
0.817487
0.8075
0.779105
0.864512
0.833524
0.825325
0.802596
0.80153
0.855912
0.811854
0.847206
0.817217
0.796633
0.846363
0.809687
0.863698
0.818334
0.833349
0.825921
0.818388
0.82358
0.859425
0.841481
0.841543
0.826233
0.833863
0.831399
0.796601
0.793669
0.818837
0.815251
0.819583
0.805026
0.82196
0.846608
0.843309
0.808606
0.883139
0.8325
0.849967
0.809523
0.825942
0.796928
0.844997
0.802412
0.808052
0.813691
0.797805
0.879758
0.819397
0.836839
0.834858
0.839311
0.83229
0.798189
0.823374
0.795525
0.868235
0.806231
0.83575
0.831845
0.784957
0.823617
0.848976
0.850244
0.841301
0.853722
0.842838
0.807821
0.853468
0.849154
0.830234
0.844768
0.834307
0.823062
0.847661
0.807776
0.839174
0.807282
0.797829
0.840109
0.856895
0.813143
0.815088
0.846018
0.837138
0.821092
0.812102
0.808545
0.813308
0.82827
0.833762
0.823344
0.819522
0.810424
0.826534
0.830686
0.815687
0.815694
0.816895
0.855399
0.824969
0.83092
0.803987
0.812913
0.856887
0.798228
0.822813
0.846091
0.830017
0.815551
0.803859
0.835307
0.868221
0.803214
0.796203
0.822051
0.828336
0.855985
0.801764
0.823259
0.844819
0.835968
0.820872
0.827627
0.810626
0.827104
0.805941
0.798296
0.855394
0.870269
0.797967
0.837532
0.847974
0.825079
0.869489
0.792612
0.818384
0.807282
0.804533
0.788607
0.826344
0.845147
0.837458
0.836467
0.814618
0.824451
0.833565
0.821085
0.817643
0.804417
0.823755
0.804149
0.842127
0.817599
0.835448
0.819945
0.787103
0.816078
0.8542
0.822728
0.806982
0.79986
0.793951
0.832362
0.84574
0.83406
0.778582
0.794039
0.793855
0.822286
0.82636
0.853684
0.805475
0.798281
0.805045
0.829177
0.784955
0.86633
0.798521
0.840902
0.838429
0.818636
0.81824
0.87115
0.8393
0.815649
0.821987
0.846081
0.806172
0.829204
0.824767
0.838799
0.802778
0.784499
0.797537
0.830775
0.826798
0.796449
0.819493
0.817259
0.798717
0.82079
0.865132
0.818684
0.799257
0.833216
0.849677
0.808715
0.813798
0.834572
0.857208
0.813114
0.846147
0.856904
0.811691
0.810769
0.819594
0.847881
0.839205
0.779832
0.807679
0.793577
0.80679
0.800301
0.796218
0.844701
0.829045
0.845894
0.85336
0.820293
0.813988
0.830339
0.806552
0.804743
0.820894
0.859402
0.817284
0.810138
0.790522
0.838093
0.838429
0.844978
0.82155
0.772419
0.827671
0.841506
0.805153
0.826194
0.811204
0.798875
0.852251
0.79886
0.813526
0.825211
0.834744
0.80623
0.792896
0.770573
0.822787
0.861308
0.832248
0.805221
0.801336
0.838454
0.831839
0.777883
0.816139
0.861068
0.779907
0.804948
0.827469
0.833401
0.839398
0.849903
0.809304
0.823133
0.862253
0.875562
0.817552
0.811974
0.822837
0.849808
0.808596
0.815119
0.792447
0.844784
0.781454
0.873833
0.807527
0.815744
0.837016
0.800791
0.81609
0.835228
0.803569
0.832998
0.820325
0.793018
0.809975
0.792981
0.789962
0.825626
0.820942
0.804957
0.844315
0.820697
0.83967
0.802254
0.808343
0.822691
0.836878
0.83919
0.867079
0.820876
0.754365
0.801898
0.828102
0.803506
0.814236
0.83595
0.814808
0.841156
0.836622
0.82694
0.86898
0.824672
0.825744
0.835879
0.813237
0.828582
0.802842
0.822408
0.8351
0.814498
0.821174
0.819322
0.783705
0.819609
0.807989
0.850348
0.829316
0.807266
0.842464
0.838511
0.838251
0.835611
0.816386
0.848937
0.82537
0.799719
0.797187
0.833655
0.821959
0.825985
0.82092
0.768564
0.847858
0.807535
0.801415
0.8231
0.844026
0.849106
0.816318
0.822622
0.843983
0.821901
0.842312
0.865415
0.849949
0.830444
0.818744
0.808945
0.793931
0.785307
0.803948
0.795164
0.848427
0.848259
0.802042
0.840963
0.856228
0.823434
0.802348
0.831263
0.810664
0.820504
0.829605
0.793658
0.809745
0.830643
0.816254
0.819211
0.841727
0.832863
0.826839
0.821307
0.829308
0.82201
0.799105
0.819683
0.857827
0.860202
0.866096
0.806875
0.857125
0.798932
0.856956
0.82582
0.84601
0.818117
0.820008
0.819084
0.825568
0.819721
0.820583
0.817066
0.804405
0.825206
0.829569
0.800499
0.855202
0.809316
0.838802
0.810924
0.864867
0.809893
0.825182
0.828511
0.836301
0.815724
0.81446
0.813406
0.812243
0.809394
0.788799
0.78721
0.814252
0.852285
0.817957
0.822076
0.823235
0.838295
0.830019
0.784999
0.846096
0.784485
0.848329
0.858044
0.789958
0.798637
0.820034
0.808227
0.86507
0.83192
0.846435
0.842847
0.825596
0.802196
0.832486
0.861109
0.826591
0.834137
0.884021
0.801924
0.837
0.814931
0.82306
0.831383
0.82686
0.837015
0.833124
0.835136
0.801613
0.817359
0.818164
0.829513
0.845149
0.837719
0.868601
0.809619
0.817749
0.819147
0.826669
0.867272
0.805192
0.868667
0.843989
0.793996
0.814796
0.827718
0.848145
0.806213
0.845119
0.799515
0.831746
0.819587
0.807168
0.858541
0.832305
0.794903
0.820954
0.807458
0.824757
0.811698
0.763486
0.794344
0.814478
0.819452
0.817757
0.81046
0.811368
0.822128
0.844621
0.840107
0.84198
0.833271
0.815213
0.839866
0.830631
0.830695
0.795337
0.79709
0.822823
0.835314
0.848714
0.842522
0.840496
0.847542
0.810503
0.805279
0.808356
0.79186
0.795352
0.862438
0.810216
0.803613
0.811035
0.835936
0.834144
0.819964
0.77669
0.852289
0.823974
0.838072
0.792306
0.834083
0.865453
0.862738
0.808432
0.827488
0.834608
0.793355
0.829354
0.831315
0.809278
0.820641
0.810975
0.80399
0.838417
0.810135
0.886216
0.801776
0.861396
0.839005
0.842318
0.859123
0.838464
0.800046
0.836635
0.825737
0.807016
0.803017
0.827399
0.847072
0.822805
0.802552
0.819439
0.795037
0.822008
0.825374
0.845466
0.778338
0.818273
0.846605
0.780747
0.79645
0.830972
0.842032
0.835983
0.799724
0.789959
0.819018
0.846954
0.831944
0.837151
0.824592
0.822339
0.820144
0.822989
0.806771
0.863011
0.797025
0.846612
0.838507
0.835866
0.778168
0.801097
0.779875
0.852382
0.844086
0.811456
0.773643
0.817125
0.824433
0.795373
0.80771
0.827466
0.846351
0.848738
0.800835
0.794643
0.809341
0.865891
0.838908
0.818623
0.84949
0.818014
0.78657
0.816822
0.802057
0.824393
0.810116
0.803919
0.844257
0.826445
0.823752
0.8157
0.826855
0.819601
0.798129
0.810627
0.853154
0.852566
0.819212
0.830883
0.807165
0.801367
0.797391
0.817476
0.82357
0.81925
0.797631
0.789072
0.855359
0.801206
0.824715
0.81594
0.847403
0.818322
0.861157
0.817801
0.817409
0.806456
0.824521
0.806446
0.820174
0.809636
0.805546
0.82874
0.813925
0.824119
0.823786
0.833013
0.809147
0.833238
0.805372
0.826458
0.795738
0.822104
0.818191
0.831286
0.772299
0.813075
0.842489
0.801782
0.81807
0.816789
0.840678
0.832815
0.813182
0.824806
0.795491
0.824294
0.852195
0.804749
0.818033
0.809828
0.796798
0.82655
0.833393
0.818221
0.832734
0.824302
0.837715
0.78868
0.804119
0.791225
0.818472
0.83817
0.867824
0.817672
0.793782
0.816481
0.845099
0.824052
0.851384
0.848507
0.80131
0.821552
0.848918
0.828773
0.834525
0.848773
0.849137
0.785654
0.823996
0.83141
0.80556
0.803288
0.815131
0.783808
0.821416
0.828372
0.816797
0.828162
0.825123
0.831324
0.807791
0.817561
0.86969
0.817738
0.841361
0.796625
0.817274
0.792863
0.819625
0.847244
0.829819
0.809912
0.856416
0.813859
0.849409
0.792152
0.820724
0.852213
0.855237
0.824936
0.82629
0.80649
0.831722
0.831689
0.840805
0.83768
0.806724
0.830499
0.803105
0.814774
0.828516
0.816219
0.860441
0.804353
0.807457
0.803429
0.857775
0.809937
0.852438
0.799273
0.834962
0.818939
0.83413
0.802429
0.801221
0.790259
0.821784
0.833554
0.856246
0.818292
0.816053
0.805653
0.832776
0.839624
0.824416
0.845811
0.812169
0.798309
0.844166
0.808281
0.834183
0.835694
0.831489
0.830016
0.8543
0.788051
0.842982
0.809301
0.834046
0.808547
0.784961
0.814139
0.867307
0.826504
0.84249
0.80097
0.855176
0.79096
0.825598
0.810291
0.822339
0.835779
0.816992
0.824118
0.848564
0.858157
0.794393
0.825862
0.872159
0.800356
0.823548
0.829384
0.83423
0.812253
0.803701
0.818592
0.842327
0.854028
0.791741
0.80218
0.801532
0.829787
0.801197
0.807869
0.792811
0.817239
0.804895
0.810104
0.844236
0.846721
0.814616
0.813111
0.805057
0.821604
0.787364
0.794167
0.833465
0.825425
0.810128
0.837624
0.828701
0.858488
0.846434
0.855261
0.813123
0.813488
0.795814
0.84384
0.802763
0.811781
0.828738
0.837174
0.818018
0.815627
0.83911
0.806423
0.848087
0.847937
0.832049
0.831645
0.818824
0.837032
0.844802
0.829112
0.824428
0.805366
0.812742
0.853469
0.797402
0.801246
0.798498
0.794353
0.805492
0.793441
0.829967
0.819147
0.821162
0.826832
0.850139
0.817977
0.857502
0.821179
0.804641
0.812686
0.837819
0.804221
0.822736
0.853003
0.834798
0.808798
0.826138
0.883558
0.856454
0.828836
0.793139
0.821991
0.811345
0.820911
0.809614
0.814561
0.84783
0.80267
0.817197
0.803173
0.857694
0.811099
0.857199
0.802039
0.852872
0.823283
0.799487
0.840086
0.794951
0.862963
0.79604
0.794153
0.850488
0.810203
0.822731
0.839308
0.832578
0.833303
0.819044
0.844427
0.793817
0.811675
0.805533
0.841731
0.848155
0.812999
0.87073
0.827342
0.827497
0.813865
0.810624
0.847263
0.833605
0.827313
0.798556
0.830852
0.829863
0.83723
0.852353
0.854821
0.77971
0.81576
0.796109
0.833784
0.829503
0.83739
0.812709
0.822439
0.819185
0.81094
0.827805
0.837772
0.788631
0.858429
0.850096
0.851775
0.83313
0.80758
0.842395
0.824029
0.841437
0.81438
0.823829
0.832128
0.841142
0.821838
0.80007
0.816467
0.816173
0.792594
0.822629
0.84735
0.827526
0.815151
0.791143
0.804255
0.809115
0.829032
0.791625
0.783537
0.811082
0.803367
0.83246
0.793588
0.826022
0.817516
0.802548
0.856713
0.84892
0.847078
0.828503
0.827459
0.835909
0.783091
0.822758
0.857587
0.815317
0.817354
0.814366
0.820841
0.853351
0.835759
0.830493
0.837245
0.828708
0.844292
0.833343
0.811172
0.826994
0.831673
0.816285
0.816001
0.804915
0.811743
0.825021
0.827414
0.818958
0.841332
0.844776
0.828655
0.817228
0.827137
0.790292
0.834254
0.793233
0.838303
0.821602
0.805192
0.81625
0.814705
0.828468
0.851276
0.823156
0.808665
0.794043
0.814512
0.867713
0.80933
0.862253
0.809109
0.826337
0.803661
0.841092
0.827038
0.80582
0.826794
0.812983
0.825039
0.803782
0.79936
0.859095
0.825412
0.811731
0.820788
0.849104
0.845635
0.802635
0.833042
0.813106
0.864173
0.830606
0.807287
0.838139
0.81126
0.81126
0.805029
0.802981
0.80195
0.825709
0.830491
0.832176
0.805811
0.826424
0.800165
0.847491
0.816655
0.832801
0.815565
0.829169
0.798366
0.833846
0.815147
0.803722
0.816853
0.799694
0.843568
0.827259
0.808017
0.825016
0.817699
0.823637
0.835275
0.827227
0.824776
0.804611
0.811914
0.795502
0.852222
0.840221
0.802594
0.871901
0.819803
0.824897
0.848108
0.829706
0.799487
0.807813
0.836313
0.810054
0.798583
0.801308
0.849037
0.817174
0.839902
0.835785
0.852166
0.823565
0.83911
0.801474
0.808439
0.798705
0.807758
0.81492
0.85112
0.792759
0.791302
0.849478
0.795367
0.828061
0.861433
0.846605
0.803808
0.844636
0.849196
0.803818
0.835561
0.801725
0.795144
0.811155
0.824903
0.788123
0.85114
0.807386
0.792683
0.813616
0.800071
0.8329
0.803041
0.813865
0.81348
0.816102
0.823204
0.860736
0.814139
0.8262
0.825999
0.810901
0.817741
0.829826
0.825423
0.808727
0.818928
0.799182
0.823345
0.812004
0.818006
0.830995
0.829725
0.81209
0.77845
0.82134
0.780445
0.853204
0.819416
0.83002
0.821137
0.831752
0.81048
0.804605
0.842632
0.815405
0.815892
0.808458
0.82025
0.822581
0.826195
0.858048
0.830795
0.823605
0.791196
0.830505
0.827197
0.822002
0.823074
0.800518
0.853496
0.783339
0.822858
0.825819
0.803589
0.804948
0.84835
0.834341
0.823865
0.812493
0.800957
0.845305
0.83244
0.801831
0.817054
0.866284
0.808885
0.818242
0.851692
0.80992
0.800465
0.835113
0.812066
0.810529
0.8159
0.820062
0.824126
0.808101
0.814428
0.847378
0.811299
0.812937
0.805013
0.818382
0.789611
0.818429
0.85605
0.809802
0.835575
0.792286
0.835154
0.835961
0.811483
0.828705
0.825284
0.855601
0.823744
0.816277
0.860786
0.838525
0.831816
0.810736
0.859096
0.848021
0.812452
0.822156
0.80965
0.842094
0.835056
0.8115
0.809845
0.855253
0.79907
0.842274
0.818497
0.859173
0.826842
0.834149
0.817426
0.802163
0.812168
0.848751
0.858869
0.82619
0.825615
0.820787
0.825866
0.816423
0.811937
0.823636
0.829967
0.829783
0.827031
0.779199
0.793558
0.807964
0.788782
0.829119
0.815998
0.771156
0.838996
0.816778
0.841914
0.808843
0.807565
0.804913
0.816479
0.823812
0.799598
0.845745
0.851408
0.790895
0.859928
0.827379
0.829989
0.81117
0.815168
0.831379
0.833561
0.835708
0.844189
0.822557
0.839025
0.832112
0.816651
0.798911
0.827587
0.869707
0.827142
0.782617
0.820227
0.813387
0.831544
0.835563
0.810357
0.811771
0.851647
0.814276
0.844394
0.83656
0.826299
0.839842
0.811171
0.820115
0.807329
0.82948
0.815169
0.806137
0.813984
0.826545
0.842721
0.831123
0.799271
0.830682
0.74308
0.79816
0.846876
0.818728
0.820114
0.841706
0.807574
0.813849
0.802434
0.795165
0.804907
0.812066
0.813333
0.80359
0.84678
0.859994
0.84864
0.825938
0.832701
0.820879
0.826824
0.80801
0.801419
0.797543
0.82595
0.82889
0.835368
0.844598
0.834422
0.822079
0.849755
0.8604
0.809376
0.812574
0.831957
0.848418
0.804216
0.826555
0.824711
0.797369
0.826384
0.816234
0.800767
0.805163
0.836528
0.876702
0.82358
0.877934
0.854808
0.857765
0.811999
0.857088
0.848061
0.821045
0.79332
0.818911
0.803451
0.856906
0.822112
0.798759
0.828581
0.859448
0.822431
0.828094
0.811128
0.826397
0.835572
0.817879
0.840482
0.826405
0.822238
0.81395
0.829136
0.838586
0.827669
0.791967
0.85206
0.829199
0.843516
0.800875
0.830536
0.821529
0.795848
0.806304
0.797322
0.823033
0.806298
0.833808
0.848866
0.851189
0.797469
0.828232
0.833433
0.815086
0.851567
0.78395
0.846211
0.839583
0.818172
0.825653
0.811976
0.82577
0.787106
0.791523
0.846598
0.841424
0.836721
0.825478
0.839685
0.829187
0.814423
0.823634
0.813057
0.794222
0.862354
0.841525
0.779457
0.812324
0.835704
0.82568
0.787058
0.798434
0.837996
0.80714
0.864343
0.803184
0.844663
0.853027
0.810744
0.813955
0.831001
0.808785
0.819142
0.787256
0.805396
0.826523
0.800674
0.797456
0.828312
0.80085
0.853141
0.811455
0.788517
0.798942
0.852505
0.833059
0.82961
0.857801
0.836259
0.822014
0.84556
0.847302
0.831686
0.843914
0.807102
0.854059
0.81129
0.831597
0.82939
0.816431
0.813945
0.815273
0.790401
0.807816
0.841739
0.842513
0.805959
0.853695
0.82199
0.825483
0.832318
0.811164
0.817397
0.826385
0.858461
0.798218
0.807029
0.824215
0.841085
0.900819
0.842519
0.83989
0.85812
0.826612
0.798976
0.833012
0.805734
0.843507
0.816817
0.852098
0.817704
0.825406
0.788682
0.847104
0.799703
0.826625
0.795962
0.809345
0.836846
0.820409
0.796352
0.822529
0.823562
0.850084
0.8421
0.800023
0.830077
0.82852
0.824427
0.826621
0.825222
0.851775
0.790593
0.816383
0.820785
0.846081
0.806994
0.81743
0.801324
0.826315
0.808555
0.819586
0.83163
0.792927
0.833755
0.829048
0.801279
0.870798
0.799646
0.811512
0.809491
0.806859
0.829523
0.845683
0.805092
0.812139
0.800713
0.837714
0.803138
0.837004
0.795402
0.814322
0.811748
0.789915
0.811807
0.809884
0.81394
0.842554
0.839332
0.863846
0.842656
0.81873
0.791855
0.807239
0.836347
0.810122
0.804685
0.824599
0.837696
0.842484
0.805349
0.81828
0.819405
0.803339
0.814829
0.797781
0.836362
0.788185
0.855864
0.835883
0.789074
0.808633
0.779315
0.827728
0.823728
0.813776
0.857612
0.813988
0.814327
0.814352
0.832425
0.826068
0.836393
0.843877
0.8225
0.838213
0.796315
0.80102
0.797962
0.810969
0.827577
0.791301
0.759829
0.815829
0.833866
0.804686
0.793309
0.841328
0.803869
0.833593
0.830294
0.816393
0.811387
0.844595
0.76881
0.831725
0.796762
0.779679
0.82399
0.837813
0.826752
0.822931
0.841665
0.818381
0.818884
0.849071
0.826522
0.789905
0.818608
0.842019
0.850708
0.809078
0.842045
0.839419
0.793085
0.799319
0.81975
0.795999
0.831621
0.867754
0.81907
0.804327
0.844236
0.788091
0.800193
0.839637
0.823516
0.826784
0.796675
0.835089
0.831556
0.860962
0.797019
0.846412
0.840762
0.839689
0.799465
0.850583
0.821629
0.83747
0.809801
0.788686
0.844056
0.816462
0.857689
0.817128
0.844707
0.799481
0.838875
0.806914
0.808319
0.85483
0.820985
0.803344
0.846177
0.810406
0.86491
0.85382
0.818484
0.80904
0.862247
0.876782
0.820237
0.808402
0.81478
0.840049
0.828925
0.82334
0.838148
0.827203
0.873323
0.821962
0.831657
0.848069
0.811342
0.849843
0.830601
0.815645
0.839419
0.811718
0.809033
0.815064
0.857806
0.847762
0.830694
0.830712
0.8184
0.835829
0.792492
0.813873
0.841467
0.79398
0.821619
0.787104
0.798018
0.819591
0.816355
0.806254
0.80327
0.824216
0.814987
0.79167
0.808417
0.808569
0.82988
0.794871
0.796331
0.838257
0.835563
0.808715
0.826726
0.861046
0.807997
0.827632
0.795286
0.825278
0.811508
0.842586
0.822751
0.782523
0.797542
0.822233
0.839149
0.830314
0.831357
0.791847
0.802444
0.807695
0.813547
0.823346
0.788582
0.81628
0.826494
0.826546
0.862416
0.81253
0.80601
0.828015
0.798551
0.82005
0.822043
0.80324
0.835695
0.828742
0.819633
0.817066
0.803151
0.821519
0.827092
0.830777
0.823842
0.817215
0.84045
0.848843
0.808026
0.838423
0.799211
0.830156
0.81976
0.825704
0.836737
0.818665
0.808949
0.842499
0.811659
0.858004
0.849276
0.805648
0.801526
0.849942
0.807973
0.847362
0.835836
0.823414
0.81695
0.799169
0.852449
0.803649
0.801128
0.802029
0.817303
0.823412
0.825532
0.831568
0.81638
0.811837
0.820821
0.844023
0.876853
0.819318
0.809355
0.818931
0.82276
0.825561
0.813804
0.835804
0.83438
0.842304
0.79179
0.818686
0.826199
0.861397
0.803428
0.844876
0.856612
0.81374
0.831473
0.820538
0.846677
0.823643
0.799622
0.782697
0.85608
0.824263
0.814585
0.807212
0.814207
0.840066
0.837665
0.835269
0.81928
0.833062
0.817909
0.805226
0.828162
0.839564
0.837942
0.796063
0.839641
0.809211
0.813593
0.827771
0.82298
0.812492
0.816736
0.820558
0.84869
0.858798
0.822094
0.819167
0.821891
0.803467
0.801125
0.779426
0.851163
0.799302
0.82401
0.80723
0.824563
0.802266
0.824651
0.844342
0.85319
0.815503
0.78328
0.818776
0.812188
0.796103
0.804874
0.834051
0.815163
0.802958
0.818657
0.816505
0.803167
0.853575
0.809079
0.820534
0.845859
0.804279
0.879454
0.826698
0.851289
0.813022
0.831008
0.825295
0.78096
0.846748
0.860555
0.825907
0.860039
0.836577
0.835405
0.837343
0.865477
0.842801
0.819349
0.843275
0.838863
0.811777
0.798619
0.789812
0.856082
0.803563
0.828278
0.816029
0.840029
0.820386
0.794262
0.837168
0.776054
0.814067
0.844832
0.808826
0.803837
0.806309
0.772923
0.798662
0.851049
0.84998
0.827927
0.811784
0.803351
0.838873
0.839826
0.795466
0.804985
0.853703
0.861008
0.821863
0.828326
0.807722
0.843422
0.835333
0.810471
0.823582
0.813911
0.844725
0.856809
0.855892
0.777679
0.816867
0.78726
0.827739
0.844695
0.811353
0.820535
0.793746
0.801145
0.802117
0.826116
0.804887
0.804386
0.823549
0.830872
0.84084
0.800071
0.797699
0.802375
0.822644
0.824638
0.801411
0.824525
0.816045
0.796367
0.814323
0.835595
0.815629
0.797729
0.815959
0.80221
0.803381
0.815696
0.842895
0.80365
0.832794
0.834041
0.827303
0.79657
0.814899
0.816403
0.862732
0.840902
0.836515
0.811665
0.825851
0.829136
0.823362
0.802962
0.838197
0.82318
0.8372
0.79852
0.792319
0.818059
0.829224
0.821623
0.825728
0.824598
0.813394
0.843807
0.825178
0.858202
0.789556
0.847659
0.831436
0.809131
0.820463
0.829508
0.852692
0.838697
0.818109
0.847307
0.826206
0.855527
0.799606
0.829463
0.796408
0.789355
0.764697
0.810804
0.860531
0.840665
0.809251
0.853404
0.847171
0.801568
0.79236
0.837742
0.830381
0.802933
0.817149
0.832168
0.837205
0.837785
0.857878
0.8153
0.820681
0.810194
0.830771
0.84456
0.843062
0.805212
0.848144
0.796248
0.795253
0.832697
0.818671
0.792202
0.836497
0.81653
0.817592
0.808207
0.805525
0.823781
0.804196
0.813251
0.829048
0.836685
0.822565
0.821556
0.872928
0.812863
0.830037
0.819976
0.825791
0.817286
0.825458
0.796971
0.811451
0.824392
0.809776
0.81192
0.794459
0.845227
0.841745
0.840135
0.808377
0.799317
0.801449
0.830898
0.828162
0.863507
0.805929
0.821825
0.789809
0.876849
0.832442
0.814449
0.831015
0.803732
0.831777
0.819016
0.84174
0.863143
0.799288
0.800882
0.815046
0.829947
0.824636
0.817072
0.841092
0.82707
0.84851
0.804927
0.795075
0.817337
0.829012
0.816929
0.807622
0.823143
0.808746
0.791368
0.797003
0.841662
0.82304
0.814107
0.801779
0.840326
0.840827
0.839681
0.819291
0.836049
0.788784
0.803924
0.848806
0.858953
0.796861
0.828797
0.819354
0.819149
0.842337
0.841265
0.820135
0.83674
0.816273
0.80227
0.839703
0.789036
0.806748
0.831996
0.787689
0.815508
0.863633
0.796303
0.799761
0.864709
0.796637
0.789736
0.820003
0.805243
0.826875
0.826788
0.791808
0.815025
0.827169
0.823324
0.804467
0.826174
0.819883
0.792204
0.799266
0.807959
0.828064
0.807009
0.814201
0.84166
0.856328
0.84488
0.809638
0.794586
0.79373
0.822224
0.841221
0.821144
0.825331
0.821564
0.852148
0.828905
0.836125
0.821
0.842801
0.796397
0.845081
0.806637
0.839313
0.832431
0.848584
0.835166
0.831307
0.818224
0.895978
0.821795
0.83899
0.829924
0.805281
0.805937
0.836089
0.820144
0.882027
0.811897
0.79615
0.820189
0.838484
0.836576
0.836939
0.840187
0.825058
0.83303
0.8101
0.796066
0.811834
0.802856
0.796186
0.804678
0.784465
0.820231
0.837879
0.813621
0.833244
0.805573
0.816075
0.827544
0.844947
0.834359
0.832867
0.81121
0.824884
0.810272
0.846755
0.813656
0.833383
0.829841
0.853574
0.821927
0.854456
0.837216
0.818257
0.826075
0.838847
0.78786
0.827013
0.826547
0.82118
0.804211
0.818886
0.812375
0.810328
0.833423
0.816095
0.833663
0.830205
0.829856
0.828498
0.839144
0.779834
0.854907
0.836571
0.853329
0.806393
0.8265
0.829974
0.794216
0.803749
0.855497
0.817277
0.846943
0.839276
0.795434
0.789675
0.808318
0.812217
0.840103
0.802937
0.856074
0.830542
0.828734
0.781583
0.868232
0.790378
0.849944
0.838981
0.823566
0.818062
0.842331
0.84153
0.776101
0.809094
0.849043
0.842117
0.830014
0.820396
0.818668
0.817681
0.777267
0.819015
0.803141
0.834465
0.819824
0.81492
0.800393
0.793022
0.842973
0.797859
0.829333
0.804485
0.833319
0.80998
0.796073
0.845588
0.860126
0.815333
0.819848
0.83761
0.830785
0.83055
0.831084
0.825013
0.813768
0.83077
0.824682
0.847931
0.797145
0.809998
0.818444
0.823764
0.826513
0.786126
0.830003
0.81897
0.843878
0.84801
0.79765
0.819355
0.83827
0.807731
0.818102
0.823426
0.79811
0.805722
0.87723
0.817569
0.822082
0.834489
0.847131
0.838796
0.800354
0.819763
0.815945
0.839343
0.806012
0.795059
0.819199
0.827085
0.827235
0.848729
0.823409
0.820693
0.857506
0.847519
0.854297
0.848481
0.821604
0.827386
0.827658
0.783092
0.813823
0.803629
0.847537
0.84119
0.815433
0.835816
0.842459
0.831455
0.839634
0.819511
0.802868
0.864358
0.786392
0.832822
0.817919
0.841335
0.804902
0.836714
0.804728
0.7996
0.840101
0.838025
0.814211
0.865903
0.833934
0.864083
0.836442
0.860124
0.79761
0.863188
0.811743
0.849421
0.813933
0.80757
0.860484
0.793012
0.81427
0.812734
0.848786
0.8586
0.808519
0.835905
0.832622
0.822567
0.848075
0.829005
0.838337
0.823799
0.830297
0.811278
0.807561
0.818105
0.816741
0.840931
0.786985
0.86335
0.823531
0.808638
0.86895
0.81859
0.798086
0.810348
0.81446
0.866019
0.8191
0.797494
0.847573
0.826289
0.81003
0.807673
0.838404
0.838088
0.814099
0.841778
0.811187
0.839171
0.855638
0.843462
0.834493
0.840285
0.833358
0.856209
0.83184
0.815359
0.829377
0.854247
0.824936
0.822811
0.825423
0.798135
0.81961
0.855947
0.846308
0.837342
0.841836
0.834987
0.796725
0.854799
0.789948
0.824838
0.80913
0.846414
0.805007
0.856534
0.807079
0.818147
0.814204
0.826784
0.821608
0.840273
0.802638
0.829368
0.826707
0.830783
0.811396
0.833491
0.798315
0.840465
0.805397
0.82736
0.819086
0.827132
0.797195
0.777481
0.849055
0.814196
0.816158
0.824397
0.821976
0.792451
0.815705
0.775786
0.787
0.828535
0.806085
0.826029
0.824387
0.861562
0.799459
0.813927
0.831109
0.82853
0.822599
0.8262
0.857941
0.806453
0.81023
0.803782
0.782001
0.797059
0.796729
0.842045
0.807895
0.837174
0.806236
0.855936
0.853224
0.772944
0.815484
0.788586
0.809991
0.823937
0.857453
0.821262
0.803453
0.831777
0.794608
0.815969
0.8024
0.796932
0.83339
0.81422
0.821832
0.836546
0.853785
0.804715
0.833199
0.83674
0.819974
0.815193
0.847238
0.8119
0.840258
0.824914
0.813094
0.817196
0.802692
0.832201
0.876522
0.815575
0.784497
0.788006
0.858967
0.822462
0.809198
0.821222
0.791266
0.825889
0.841201
0.810809
0.863894
0.820645
0.824997
0.82322
0.811087
0.839265
0.841578
0.804387
0.824155
0.805015
0.820823
0.812744
0.811384
0.83086
0.775744
0.86728
0.836717
0.793325
0.851409
0.80976
0.813036
0.826411
0.844065
0.811793
0.828699
0.834515
0.814334
0.824968
0.801484
0.822553
0.869625
0.843359
0.813681
0.820656
0.819036
0.846844
0.845157
0.796423
0.818909
0.865479
0.822641
0.833178
0.821428
0.816654
0.816638
0.84024
0.791514
0.820259
0.820197
0.808772
0.858355
0.83615
0.821379
0.825557
0.80533
0.823062
0.838614
0.85227
0.836505
0.854886
0.810789
0.792802
0.81149
0.795316
0.791511
0.803457
0.838061
0.823595
0.847416
0.859851
0.790046
0.803936
0.830503
0.797081
0.824044
0.831792
0.814162
0.803647
0.836723
0.826643
0.826599
0.809353
0.819859
0.831059
0.847788
0.810596
0.839663
0.804435
0.816858
0.800598
0.873301
0.791709
0.833674
0.820097
0.830478
0.808964
0.85337
0.781443
0.837191
0.833907
0.806579
0.857099
0.800253
0.802001
0.785035
0.827308
0.818815
0.847062
0.817205
0.807659
0.864438
0.81638
0.855287
0.806964
0.84535
0.857179
0.83021
0.776958
0.789848
0.827677
0.824717
0.839225
0.856926
0.804687
0.817033
0.798482
0.795923
0.83133
0.807899
0.847209
0.824613
0.814172
0.827936
0.835725
0.816057
0.779682
0.892676
0.818603
0.818709
0.840803
0.825695
0.880221
0.826192
0.845568
0.813467
0.838141
0.842489
0.802971
0.82547
0.8147
0.854235
0.842495
0.821695
0.823245
0.835068
0.794593
0.841427
0.84753
0.81
0.821151
0.835749
0.860972
0.838386
0.815388
0.86045
0.823489
0.806585
0.827786
0.797567
0.808098
0.826118
0.827025
0.839715
0.833183
0.832225
0.844577
0.819519
0.846758
0.816427
0.795499
0.861892
0.807941
0.816922
0.846698
0.849623
0.836643
0.819042
0.819057
0.857701
0.799881
0.850437
0.792809
0.843257
0.805186
0.837291
0.793607
0.815366
0.839196
0.787367
0.806156
0.810907
0.853508
0.830215
0.863098
0.848351
0.851341
0.798373
0.7798
0.83256
0.789557
0.80295
0.849095
0.842729
0.827032
0.856002
0.819386
0.798354
0.85738
0.807294
0.810352
0.854809
0.82208
0.819788
0.791516
0.787763
0.782347
0.788271
0.814666
0.859458
0.812203
0.856586
0.831448
0.818651
0.820869
0.841414
0.827608
0.830094
0.826713
0.793559
0.843769
0.829969
0.820523
0.787047
0.816368
0.838535
0.836139
0.823049
0.834691
0.853948
0.784472
0.830052
0.824393
0.813511
0.806618
0.832114
0.813361
0.821859
0.81654
0.795383
0.848458
0.82649
0.796209
0.801268
0.815715
0.808568
0.836489
0.814684
0.841816
0.798207
0.844574
0.802148
0.791067
0.860334
0.824369
0.806317
0.795056
0.815877
0.82966
0.817047
0.835986
0.813793
0.825173
0.806102
0.845228
0.818548
0.828244
0.821648
0.824783
0.866862
0.800915
0.841317
0.819728
0.806292
0.81638
0.851445
0.822317
0.829173
0.816089
0.825424
0.833302
0.761151
0.784313
0.856197
0.820958
0.828254
0.801417
0.848008
0.831571
0.816831
0.848759
0.817748
0.806252
0.820376
0.844133
0.820185
0.815243
0.795151
0.837687
0.809995
0.819102
0.876798
0.813673
0.799401
0.807013
0.824481
0.813051
0.807926
0.858201
0.856714
0.831718
0.792709
0.80744
0.796643
0.834785
0.827309
0.82109
0.799153
0.834862
0.833178
0.820967
0.831338
0.805269
0.841713
0.833316
0.835648
0.816814
0.830016
0.827384
0.791467
0.876804
0.83262
0.844314
0.787772
0.86686
0.818982
0.84562
0.783641
0.835312
0.808082
0.781081
0.844385
0.852126
0.822102
0.855551
0.812384
0.78254
0.844349
0.827287
0.790252
0.822861
0.826616
0.840797
0.789182
0.825132
0.800688
0.818394
0.823653
0.836541
0.800157
0.868409
0.834488
0.838565
0.833899
0.854865
0.835544
0.7849
0.833256
0.804511
0.785894
0.806497
0.815678
0.81172
0.845439
0.82062
0.820033
0.828257
0.852796
0.811394
0.843093
0.827889
0.786232
0.84577
0.790114
0.812143
0.799586
0.834501
0.86059
0.813284
0.862227
0.83679
0.797887
0.82413
0.825218
0.807463
0.830028
0.834508
0.80253
0.810212
0.783181
0.788206
0.812456
0.834383
0.820929
0.800008
0.814476
0.843879
0.837604
0.864907
0.79388
0.811335
0.788412
0.817657
0.812406
0.807487
0.805734
0.812597
0.872743
0.820739
0.830768
0.804286
0.82889
0.846687
0.812864
0.771644
0.797431
0.836376
0.818754
0.843945
0.791102
0.879836
0.795623
0.853458
0.843419
0.819465
0.829271
0.817301
0.81145
0.804907
0.815553
0.801632
0.816131
0.823141
0.786774
0.809171
0.796643
0.795618
0.760152
0.823773
0.828858
0.834481
0.818855
0.787662
0.809147
0.82841
0.827164
0.833745
0.8337
0.800362
0.840853
0.848822
0.846629
0.774211
0.832029
0.804472
0.815721
0.811763
0.825251
0.802719
0.797534
0.81375
0.80281
0.807701
0.814993
0.814748
0.811257
0.82939
0.804176
0.867695
0.833274
0.814525
0.843875
0.801099
0.842872
0.839694
0.834436
0.789236
0.825737
0.812488
0.838578
0.829021
0.805549
0.86317
0.820702
0.84606
0.80718
0.812929
0.797701
0.815463
0.814906
0.832361
0.805075
0.794927
0.797276
0.827862
0.773254
0.817906
0.78373
0.796667
0.763698
0.847632
0.85968
0.792407
0.842505
0.833721
0.842124
0.794279
0.786843
0.801895
0.820204
0.837986
0.815141
0.852489
0.833199
0.829391
0.805999
0.802657
0.829401
0.809479
0.82024
0.864517
0.830423
0.817444
0.840295
0.816044
0.819143
0.833826
0.838376
0.788463
0.84274
0.802283
0.808746
0.83863
0.819673
0.84317
0.814765
0.847095
0.825493
0.853713
0.850638
0.832106
0.822118
0.836545
0.809343
0.874532
0.829509
0.865238
0.795752
0.798386
0.852189
0.830857
0.819075
0.822727
0.85216
0.828857
0.841787
0.794725
0.828997
0.837391
0.818654
0.804556
0.838293
0.821917
0.820889
0.807455
0.83601
0.827427
0.827327
0.80617
0.827951
0.852546
0.826455
0.854263
0.802297
0.838844
0.846717
0.815405
0.838367
0.823581
0.810429
0.833525
0.805476
0.878336
0.830057
0.81903
0.838321
0.82955
0.817453
0.853322
0.836192
0.821259
0.800419
0.826292
0.793279
0.77728
0.812655
0.832934
0.818511
0.809564
0.852662
0.805081
0.846507
0.841149
0.821294
0.802384
0.775702
0.789785
0.809921
0.799796
0.831754
0.828398
0.818578
0.812509
0.833066
0.834463
0.812347
0.832917
0.801113
0.828277
0.787489
0.818829
0.837142
0.796582
0.822955
0.83733
0.847806
0.833601
0.823139
0.830825
0.837311
0.838781
0.832558
0.832502
0.815596
0.846057
0.804838
0.823062
0.819969
0.816481
0.833321
0.828195
0.845314
0.791393
0.848294
0.789757
0.819302
0.829403
0.829132
0.820423
0.819928
0.842415
0.840864
0.847868
0.802239
0.831273
0.790015
0.818668
0.83901
0.823322
0.819478
0.819533
0.793815
0.809362
0.820494
0.803795
0.828916
0.795621
0.844333
0.884454
0.845155
0.831861
0.816252
0.844773
0.837017
0.820281
0.800413
0.881398
0.81067
0.832459
0.815094
0.802082
0.842005
0.789164
0.839117
0.841725
0.778255
0.777946
0.823934
0.831606
0.811186
0.82641
0.832246
0.851558
0.828739
0.840093
0.820647
0.810789
0.796221
0.830525
0.79345
0.831499
0.878863
0.834889
0.813829
0.875763
0.799015
0.821426
0.826073
0.812121
0.817582
0.795505
0.836425
0.826925
0.848244
0.825392
0.831554
0.850743
0.820523
0.850332
0.81678
0.810205
0.805157
0.842105
0.816154
0.829707
0.814267
0.803125
0.838351
0.841986
0.84035
0.823499
0.819676
0.843449
0.816293
0.82266
0.817485
0.816295
0.830182
0.81488
0.841666
0.83284
0.832146
0.82171
0.858749
0.840355
0.806836
0.830423
0.809183
0.839012
0.829154
0.806358
0.817933
0.812346
0.830131
0.800612
0.828498
0.803371
0.834758
0.865798
0.797471
0.846633
0.805432
0.824957
0.835198
0.821471
0.828053
0.806546
0.807115
0.818079
0.865442
0.843266
0.823384
0.834333
0.837959
0.807798
0.811462
0.818604
0.828437
0.807676
0.768781
0.838323
0.847691
0.798526
0.827649
0.843054
0.816332
0.806332
0.80968
0.820724
0.841453
0.839806
0.788555
0.839495
0.792345
0.864447
0.803628
0.825078
0.814227
0.850309
0.805389
0.835556
0.870986
0.83888
0.827784
0.835923
0.841365
0.818931
0.80739
0.798659
0.817488
0.810462
0.789791
0.82898
0.815865
0.815562
0.847973
0.820977
0.8219
0.792569
0.868612
0.83568
0.836302
0.800234
0.837831
0.811474
0.825369
0.804262
0.804254
0.855085
0.812312
0.838237
0.845906
0.830258
0.799407
0.814861
0.839264
0.796185
0.829354
0.770972
0.811276
0.781868
0.817926
0.807891
0.798603
0.812171
0.828154
0.818638
0.80406
0.797494
0.822937
0.793299
0.81527
0.798136
0.775184
0.840845
0.811836
0.789026
0.827672
0.812448
0.829327
0.807275
0.85396
0.835835
0.839136
0.853852
0.820707
0.81737
0.831013
0.81623
0.832537
0.812421
0.817716
0.856313
0.791877
0.819387
0.778026
0.800848
0.826056
0.827741
0.834497
0.799763
0.84884
0.800183
0.858341
0.836165
0.815589
0.80134
0.846303
0.821018
0.813313
0.879747
0.825907
0.793128
0.830759
0.780749
0.83684
0.8585
0.80476
0.839954
0.823701
0.797244
0.882946
0.858524
0.825375
0.808825
0.833831
0.827026
0.796735
0.874357
0.839887
0.862899
0.826752
0.823982
0.82094
0.848487
0.808514
0.815584
0.849585
0.820404
0.829393
0.860395
0.824398
0.794892
0.802362
0.834241
0.808256
0.829704
0.808668
0.833636
0.825655
0.831395
0.842637
0.831572
0.826301
0.867915
0.82515
0.803572
0.849247
0.830581
0.842433
0.827548
0.85511
0.826722
0.826455
0.809398
0.84652
0.788897
0.877624
0.800356
0.848409
0.811793
0.819446
0.855594
0.862097
0.801643
0.816817
0.864968
0.860719
0.818721
0.832652
0.796303
0.803813
0.840297
0.841563
0.809451
0.826232
0.788774
0.812995
0.827556
0.825748
0.808346
0.772473
0.791338
0.817832
0.809236
0.818491
0.847191
0.88013
0.819003
0.857061
0.785302
0.810029
0.825544
0.80921
0.843496
0.825319
0.809776
0.826629
0.830944
0.848864
0.820965
0.814338
0.831077
0.812658
0.816559
0.815845
0.807686
0.81293
0.797768
0.807985
0.870243
0.795526
0.837863
0.820308
0.841357
0.806893
0.832106
0.812244
0.789302
0.821818
0.805734
0.79931
0.817785
0.825131
0.84479
0.853786
0.803117
0.805411
0.814984
0.831752
0.83887
0.812896
0.810046
0.835247
0.87538
0.799652
0.813752
0.815813
0.83023
0.836771
0.844793
0.806499
0.788642
0.808314
0.821325
0.803442
0.842963
0.841566
0.829314
0.832295
0.806706
0.806468
0.805958
0.851543
0.840317
0.803979
0.843008
0.813838
0.848198
0.815391
0.826411
0.792487
0.832558
0.820434
0.900682
0.80582
0.833373
0.771441
0.782991
0.815917
0.846858
0.834775
0.830966
0.77457
0.790806
0.823823
0.834002
0.814236
0.787914
0.809748
0.802835
0.814299
0.816978
0.828126
0.823291
0.827404
0.839385
0.821401
0.825068
0.797343
0.845808
0.816908
0.831504
0.829771
0.8576
0.824301
0.822631
0.811297
0.860033
0.837892
0.802669
0.839766
0.785384
0.836174
0.832166
0.856925
0.806884
0.789783
0.834077
0.805107
0.843464
0.83961
0.831744
0.818176
0.832296
0.820787
0.876378
0.796725
0.808938
0.83479
0.831124
0.820514
0.784116
0.824871
0.813201
0.8235
0.84773
0.820337
0.805865
0.821809
0.827688
0.858796
0.833149
0.830061
0.843207
0.857991
0.827544
0.822377
0.820327
0.831534
0.810652
0.805484
0.790001
0.796724
0.799045
0.859505
0.81985
0.80329
0.861219
0.856449
0.812894
0.802289
0.833013
0.811513
0.81465
0.854953
0.823187
0.83298
0.815365
0.840182
0.808566
0.764101
0.794675
0.821959
0.805634
0.800644
0.807883
0.818635
0.790669
0.817777
0.836538
0.798778
0.792689
0.830899
0.796166
0.806837
0.812068
0.824851
0.79889
0.813652
0.790312
0.77906
0.834439
0.847274
0.8495
0.787985
0.840824
0.834157
0.824613
0.840106
0.83225
0.842479
0.807693
0.804088
0.816147
0.836167
0.831366
0.827394
0.809616
0.825219
0.844884
0.785695
0.827623
0.83651
0.835472
0.823199
0.825365
0.813856
0.795186
0.781407
0.819787
0.830348
0.795736
0.792461
0.812594
0.830397
0.817986
0.816874
0.844086
0.821716
0.859072
0.811565
0.822716
0.870922
0.858763
0.842136
0.825357
0.820887
0.834739
0.802378
0.834166
0.813406
0.838024
0.794927
0.844561
0.821584
0.884863
0.761019
0.825654
0.823345
0.829848
0.841288
0.77743
0.818943
0.85165
0.828071
0.830868
0.807274
0.851402
0.832685
0.815339
0.845442
0.836718
0.830628
0.819759
0.820783
0.846887
0.818856
0.820093
0.821241
0.797178
0.798461
0.859884
0.814042
0.824397
0.82823
0.822177
0.814883
0.795242
0.797005
0.794218
0.794039
0.840286
0.822273
0.818813
0.864557
0.823395
0.820437
0.80861
0.792012
0.872985
0.844733
0.815475
0.836225
0.792607
0.809304
0.868532
0.845413
0.82184
0.81123
0.831883
0.833196
0.848452
0.83294
0.80718
0.796654
0.829594
0.817681
0.837784
0.840848
0.798579
0.868212
0.870812
0.784181
0.804966
0.806104
0.831431
0.813053
0.787531
0.812603
0.817712
0.844585
0.817528
0.830776
0.80364
0.836545
0.83393
0.81385
0.799284
0.826269
0.824542
0.845688
0.812272
0.790781
0.839243
0.848815
0.830231
0.779758
0.835661
0.838373
0.79224
0.812448
0.814859
0.840609
0.82005
0.856961
0.857827
0.835908
0.821508
0.794599
0.84659
0.802653
0.843341
0.805367
0.8182
0.802423
0.80399
0.845536
0.877049
0.821944
0.815278
0.835417
0.822745
0.822117
0.840128
0.815563
0.842826
0.819252
0.836093
0.842387
0.844979
0.811031
0.827697
0.793451
0.843993
0.823285
0.80673
0.799768
0.7556
0.868539
0.811007
0.834259
0.797813
0.801075
0.852855
0.829647
0.802437
0.815125
0.835896
0.793284
0.830988
0.828207
0.813223
0.818498
0.805961
0.771195
0.815922
0.8044
0.803684
0.801822
0.83027
0.796783
0.797142
0.830378
0.826121
0.806313
0.788776
0.850007
0.813389
0.837932
0.860098
0.830685
0.793876
0.849179
0.814561
0.846154
0.81001
0.83666
0.81758
0.847098
0.832693
0.81505
0.840009
0.858907
0.823557
0.830307
0.828073
0.816718
0.802517
0.791562
0.810562
0.875684
0.812665
0.811786
0.828363
0.853725
0.824283
0.785499
0.814649
0.835218
0.83534
0.819972
0.829541
0.815503
0.797992
0.832154
0.820719
0.818433
0.808623
0.817043
0.860251
0.845426
0.850251
0.787054
0.842503
0.839057
0.805477
0.835087
0.82443
0.83149
0.843861
0.803377
0.792839
0.806916
0.821859
0.823767
0.847465
0.809375
0.827785
0.814765
0.81485
0.832505
0.818525
0.826183
0.819954
0.799508
0.808979
0.843754
0.857693
0.807696
0.78287
0.861538
0.835315
0.853866
0.830096
0.849353
0.805356
0.825956
0.862985
0.776976
0.83951
0.796452
0.830869
0.848493
0.820424
0.836342
0.864952
0.811375
0.854673
0.824025
0.803108
0.819794
0.794816
0.849602
0.803672
0.848653
0.806922
0.824399
0.819243
0.83491
0.802459
0.831467
0.83048
0.825426
0.847217
0.835855
0.861422
0.828692
0.841049
0.816574
0.834103
0.811285
0.80028
0.829008
0.796651
0.80797
0.779593
0.812734
0.813128
0.832916
0.824578
0.805587
0.839408
0.827929
0.82571
0.808745
0.850665
0.846181
0.806468
0.829144
0.834272
0.830691
0.826702
0.832385
0.83879
0.827301
0.852376
0.831975
0.840888
0.842292
0.858048
0.803021
0.825647
0.83099
0.825892
0.81969
0.801901
0.798856
0.814354
0.84592
0.827839
0.828072
0.850968
0.782072
0.82954
0.842208
0.808784
0.794783
0.834768
0.817068
0.779137
0.822316
0.813397
0.811094
0.859468
0.841965
0.858183
0.844065
0.830263
0.833589
0.827171
0.83561
0.871649
0.827459
0.789835
0.819265
0.797864
0.811119
0.818477
0.818561
0.827828
0.788953
0.816449
0.811024
0.830806
0.816997
0.814456
0.844794
0.809116
0.819482
0.845347
0.820001
0.800848
0.82988
0.833828
0.821584
0.841204
0.803983
0.834946
0.822747
0.841346
0.828831
0.850394
0.825518
0.847161
0.815944
0.829252
0.815611
0.806974
0.826954
0.803008
0.828081
0.808891
0.826008
0.820091
0.78815
0.814898
0.827356
0.80873
0.833329
0.805643
0.825333
0.814864
0.80331
0.802451
0.841192
0.846473
0.846673
0.855388
0.781496
0.832028
0.831367
0.807724
0.822123
0.832649
0.815741
0.817039
0.826318
0.801799
0.807378
0.822265
0.790089
0.859473
0.815757
0.848993
0.841842
0.862675
0.836126
0.823917
0.826065
0.803448
0.820709
0.816852
0.811177
0.845184
0.842119
0.811137
0.811293
0.805008
0.82031
0.833065
0.842215
0.848355
0.834106
0.825784
0.814242
0.825649
0.861994
0.804546
0.821138
0.816849
0.837562
0.828312
0.819927
0.831635
0.808286
0.830785
0.823231
0.845119
0.849177
0.835815
0.815402
0.834421
0.852556
0.809492
0.798169
0.831472
0.806575
0.833796
0.819866
0.827833
0.841351
0.814373
0.814737
0.807093
0.796507
0.821146
0.80408
0.80577
0.819738
0.861205
0.805947
0.815826
0.813639
0.853308
0.817804
0.856963
0.844367
0.838491
0.809501
0.832297
0.813838
0.814767
0.795114
0.832401
0.796653
0.799387
0.845615
0.794217
0.825303
0.83871
0.825661
0.821838
0.857253
0.821328
0.849497
0.806011
0.793525
0.773569
0.805283
0.822411
0.821666
0.842873
0.834281
0.824925
0.81775
0.805386
0.81742
0.817239
0.854707
0.822937
0.805643
0.818583
0.837669
0.822271
0.81804
0.79
0.809588
0.832085
0.81622
0.845004
0.847217
0.827127
0.79808
0.833057
0.795562
0.820091
0.846227
0.831972
0.816143
0.79791
0.816271
0.860665
0.837954
0.793493
0.834064
0.805617
0.818794
0.830951
0.800951
0.827422
0.789081
0.846606
0.816228
0.813767
0.839103
0.812807
0.793913
0.840835
0.844222
0.834219
0.82916
0.819661
0.801573
0.838061
0.816691
0.829055
0.81812
0.80077
0.812192
0.833639
0.810185
0.826956
0.831822
0.791844
0.815484
0.879685
0.85228
0.823884
0.791639
0.825206
0.822945
0.84896
0.839871
0.828703
0.828792
0.860387
0.799921
0.843213
0.804517
0.86261
0.830975
0.775637
0.816957
0.844732
0.836687
0.799832
0.829982
0.797724
0.788787
0.84648
0.81842
0.819538
0.796969
0.839371
0.826877
0.794255
0.841248
0.805664
0.767033
0.834955
0.851469
0.817019
0.834497
0.812175
0.79167
0.834582
0.841915
0.819849
0.828983
0.846057
0.839111
0.817614
0.795579
0.819403
0.838445
0.801073
0.825546
0.830345
0.862367
0.772097
0.836922
0.804464
0.851412
0.827631
0.827018
0.782835
0.808515
0.837971
0.813006
0.792994
0.81589
0.861625
0.812754
0.798767
0.815546
0.804302
0.827194
0.819496
0.82568
0.832294
0.835064
0.821421
0.811888
0.816375
0.832962
0.771158
0.83528
0.837956
0.811528
0.815841
0.817456
0.847541
0.787368
0.835338
0.813976
0.814889
0.844715
0.853305
0.830932
0.812851
0.815348
0.837828
0.793916
0.811209
0.828967
0.823196
0.880216
0.849304
0.809094
0.86012
0.790294
0.811519
0.807435
0.817406
0.82379
0.86718
0.809185
0.823991
0.829099
0.773412
0.817846
0.854259
0.808211
0.850585
0.812378
0.810985
0.810851
0.845509
0.827303
0.789119
0.837346
0.818058
0.812172
0.814269
0.825319
0.838941
0.81793
0.857743
0.797368
0.810255
0.848142
0.807879
0.857683
0.797325
0.856917
0.845696
0.791832
0.838124
0.802772
0.789339
0.796483
0.798373
0.865903
0.842556
0.816454
0.825514
0.800419
0.824837
0.835753
0.865089
0.797931
0.829916
0.829766
0.821914
0.859256
0.831994
0.794439
0.855048
0.802857
0.801858
0.802617
0.800832
0.853432
0.819655
0.833274
0.844171
0.81553
0.86801
0.835318
0.826891
0.804645
0.818719
0.780163
0.825165
0.795278
0.776463
0.828119
0.83464
0.783677
0.835778
0.820991
0.83682
0.87152
0.841015
0.845502
0.849557
0.801541
0.779349
0.822283
0.84092
0.81104
0.80739
0.838605
0.780661
0.809069
0.799012
0.827946
0.80789
0.819966
0.804321
0.843712
0.808756
0.80207
0.841417
0.791847
0.839245
0.830086
0.794934
0.830042
0.843318
0.817896
0.803909
0.839371
0.797671
0.825141
0.80871
0.818781
0.852441
0.773297
0.837695
0.794582
0.789515
0.827439
0.822933
0.822105
0.845798
0.802816
0.836801
0.782487
0.816009
0.846474
0.853333
0.820175
0.823084
0.848403
0.780969
0.79787
0.827132
0.824501
0.855708
0.806521
0.804698
0.809085
0.791665
0.827681
0.806252
0.801643
0.810126
0.839083
0.807058
0.787713
0.813146
0.852877
0.830598
0.797072
0.815754
0.810954
0.807557
0.799302
0.833709
0.820179
0.82607
0.823256
0.831739
0.847836
0.826604
0.828963
0.843113
0.823769
0.786972
0.845415
0.864627
0.805136
0.826298
0.837824
0.828574
0.824368
0.821484
0.779003
0.821037
0.801232
0.838255
0.805047
0.830851
0.825145
0.84609
0.831112
0.823398
0.786532
0.805419
0.828385
0.861693
0.816432
0.778878
0.86716
0.835677
0.82519
0.808242
0.80654
0.775382
0.815792
0.838305
0.828537
0.851143
0.792809
0.828286
0.801452
0.792542
0.829574
0.846054
0.79912
0.791937
0.781356
0.836776
0.802886
0.808981
0.830248
0.829092
0.827826
0.830922
0.84294
0.827154
0.818265
0.799656
0.835817
0.838131
0.852805
0.815698
0.830473
0.841441
0.83048
0.805398
0.845557
0.809437
0.856282
0.877622
0.839147
0.797268
0.84479
0.814972
0.821305
0.852762
0.816102
0.807089
0.837719
0.817053
0.830938
0.809109
0.833252
0.821102
0.82943
0.83512
0.832464
0.81608
0.837406
0.820673
0.839389
0.81932
0.822396
0.760524
0.804392
0.838079
0.860694
0.818113
0.794679
0.855703
0.791815
0.835908
0.803204
0.828566
0.823835
0.85036
0.846715
0.826358
0.841603
0.841994
0.849935
0.810756
0.873589
0.827995
0.8102
0.825721
0.81458
0.835804
0.837739
0.834781
0.804011
0.815333
0.808945
0.842435
0.819219
0.811563
0.796678
0.810371
0.836957
0.837661
0.81438
0.81862
0.854917
0.830434
0.813276
0.803221
0.815215
0.835147
0.817394
0.838413
0.821433
0.82567
0.833863
0.807215
0.795464
0.816178
0.803615
0.80137
0.804249
0.794801
0.794056
0.824268
0.900764
0.802293
0.827805
0.810245
0.812883
0.804956
0.828861
0.80746
0.825897
0.805721
0.795953
0.825957
0.83279
0.812521
0.804842
0.785648
0.845217
0.815239
0.820124
0.856568
0.823495
0.833157
0.794592
0.837183
0.848327
0.821503
0.849255
0.814659
0.814928
0.819404
0.800796
0.814371
0.844864
0.808306
0.872317
0.848548
0.816579
0.80603
0.82716
0.818411
0.799712
0.838545
0.791793
0.846916
0.77439
0.823311
0.812878
