0.290081
0.229208
0.418329
0.346521
0.775767
0.249915
0.253863
0.259401
0.2501
0.616993
0.346314
0.70989
0.348585
0.286528
0.171303
0.266842
0.200662
0.299251
0.370307
1.05951
0.187493
0.484635
0.23199
0.166749
0.408906
0.203601
0.364925
0.51268
0.274072
0.274363
0.305889
0.291082
0.202694
0.193194
0.586498
0.398035
0.27293
0.197027
0.424399
0.342303
0.586148
0.291506
0.524718
0.376797
0.599763
2.4797
0.0582839
0.281207
0.263821
0.274349
0.295149
0.392379
0.465877
0.31198
0.348251
0.347872
0.250132
0.306799
0.731186
0.326654
0.139853
0.487061
0.477566
0.39906
0.379127
0.291732
0.275561
170.282
0.312663
0.645958
0.325047
0.871012
0.293393
0.45076
0.401042
0.20056
0.433311
0.225362
0.228421
0.238081
0.239062
0.293643
0.493041
0.526861
0.23483
0.509758
0.242399
0.325038
0.476622
0.176638
0.399252
0.491293
0.296112
0.289779
0.390311
0.459352
0.459917
0.46332
0.105482
0.186733
0.36849
0.204309
0.251521
0.303643
0.168464
1.94736
0.332448
0.273555
0.223662
0.308087
0.392376
0.224408
0.270127
0.441118
0.274751
0.356441
0.958663
0.303451
0.304031
0.602756
0.267872
0.479519
0.127321
0.500381
0.253929
0.324054
0.293862
0.274738
0.185551
0.225994
0.302638
0.451076
0.630517
0.221157
0.185974
0.255855
0.244747
0.181882
0.73075
0.332824
0.605154
0.231472
0.22649
0.651009
0.282396
1.29114
0.657303
0.18057
0.211323
0.316432
0.297889
0.160904
0.398191
0.386471
0.263005
0.410766
0.437021
0.275016
0.330289
0.16773
0.242616
0.15361
0.447918
0.550658
0.312596
0.493424
0.308634
0.409721
0.210177
0.466553
0.556757
0.365104
0.209975
0.202592
0.136593
0.462737
0.621504
0.146771
0.212609
0.812562
0.256413
0.960312
0.597075
0.563599
0.313919
0.659408
0.251727
0.282359
0.241429
0.27192
0.167203
0.244775
0.198113
0.578805
0.302672
0.305568
0.19194
0.280768
0.258066
0.260948
0.319633
0.396778
0.203616
0.262523
0.487435
0.478835
0.141208
0.689052
0.451943
0.820182
0.199066
0.459895
0.427554
0.224715
0.276212
0.32224
0.215675
0.45958
0.255737
0.29419
0.330278
0.198322
0.275052
0.248558
0.419416
0.483195
0.28379
0.464496
0.232852
0.176846
0.411448
0.281485
0.499572
0.454326
0.239893
0.332946
0.326248
0.62775
0.305188
0.260386
0.340998
0.400947
0.2277
0.494336
0.648065
0.359894
0.253765
0.428277
0.239099
0.358333
0.471128
0.28546
1.11615
0.286459
0.46869
0.327724
0.663879
3.4265
0.260229
0.722881
0.217485
0.310515
0.49555
0.34505
0.276583
0.631817
0.382779
0.363142
0.194842
0.242698
0.252506
0.229865
0.217861
0.177591
0.281635
0.310308
0.301546
0.29927
1.25807
0.237352
0.236266
0.327169
0.316099
0.475635
0.277681
0.277014
0.340152
0.320702
0.205988
2.32777
0.342346
0.28083
0.687565
0.58112
0.201157
0.366338
0.18138
0.604374
0.468598
0.208453
0.367568
0.159312
0.263967
0.480955
0.467288
0.383258
0.612071
0.526909
0.166411
0.294202
0.256844
0.645748
0.41094
0.285982
0.377315
0.502424
0.206346
0.30274
0.198332
0.476683
0.129555
0.412773
0.228658
0.321732
0.507221
0.453374
0.470172
1.15668
0.302369
0.23633
0.300668
0.550581
0.193798
0.244043
0.303425
0.268932
0.332298
3.173
0.49237
0.224818
0.178434
0.606225
0.322608
1.40394
0.264809
0.600101
0.284696
0.267402
0.199926
0.313155
0.255478
0.40452
0.300252
0.359883
0.419698
0.260023
0.180008
0.245334
0.191461
0.481535
0.866709
0.265855
0.505203
0.21519
0.277852
0.234413
0.175353
0.316087
0.356629
0.504203
0.51613
0.403861
0.886826
0.50792
0.41629
0.249575
0.453473
0.22713
0.266688
0.788732
0.687252
0.359594
0.267793
1.06244
0.529412
0.36497
0.28494
0.362902
0.317585
0.251236
0.176864
0.224996
0.218243
1.92839
3.98943
0.16748
0.35659
0.330876
0.270351
0.203051
0.240903
0.219895
0.207023
0.168257
0.222489
0.357274
0.260172
0.2835
0.277685
0.535959
0.61309
0.235629
0.299794
0.178436
0.217017
0.710843
0.363687
0.452614
0.511929
0.500943
0.268651
0.155954
0.272619
0.292712
0.222739
0.471362
0.155251
0.292351
0.443838
0.264521
0.566949
0.44632
0.316435
0.353533
0.429838
0.282853
0.418692
0.575611
0.16397
0.336515
0.133367
0.218658
0.186724
0.639768
0.182448
0.530716
0.22295
0.429562
0.235317
0.310491
0.236989
0.47621
0.239971
0.251562
0.365422
0.370635
0.318416
0.240891
0.394367
0.359059
0.490401
0.364626
0.261921
0.209905
0.254028
0.750413
0.17206
0.209472
0.776495
0.350565
0.262524
0.443814
0.278696
0.258506
0.338447
0.413911
0.314919
0.422193
0.486155
0.540278
0.263547
0.509141
0.421651
0.28761
0.218064
0.420603
0.307323
0.245729
0.663067
0.278507
0.203847
0.279124
0.188762
0.865325
0.293083
0.450185
0.224613
0.427304
0.448732
0.209817
0.185944
0.300739
0.611004
0.722914
0.196258
0.331159
0.380013
0.351163
0.29322
0.279625
0.527091
0.93638
0.288265
0.298646
0.29693
0.351643
0.413324
0.253169
0.170687
0.183048
0.360613
0.257279
0.386604
0.520498
0.293945
0.254855
0.219519
0.165591
0.615969
0.496235
0.153332
0.34887
0.172261
0.357006
0.148601
0.301666
0.128061
0.358582
0.206612
0.228684
0.305776
0.415391
0.463295
0.295253
0.393932
0.35335
0.190578
0.775608
0.45435
0.370683
0.44492
0.252755
0.249732
0.372181
0.23607
0.413478
0.787315
0.336026
0.246496
0.759862
0.291047
0.30117
0.4124
0.193175
0.334219
0.291169
2.47324
0.25929
0.273377
0.612878
0.28355
0.662569
0.490513
0.34343
0.355202
0.310441
1.21491
0.199827
0.224663
0.169352
0.187159
0.186387
0.244523
0.184557
0.191418
1.20103
0.891015
0.573455
0.268676
0.266457
0.180973
0.278528
0.257944
0.495052
0.340365
0.63191
0.286099
0.438944
0.312184
0.25401
0.217881
0.504098
0.59365
0.28002
0.610364
0.315184
0.479697
0.326076
0.261545
0.248158
0.199269
0.266507
0.273336
0.293473
0.358247
0.354363
0.374319
0.197553
0.598409
0.35146
0.242809
0.186221
0.293957
0.356014
0.382522
0.384835
0.225841
0.459332
0.547885
0.357716
0.240181
0.518432
0.207126
0.210807
0.224833
0.166625
0.18542
0.24979
0.148088
0.24761
0.255178
0.381217
0.238684
0.527428
0.326126
0.234167
0.210067
0.440867
0.654947
0.240937
0.284951
0.277308
0.38755
0.421245
0.336825
0.149001
0.574737
0.951365
1.39065
0.256683
0.219633
0.190375
0.304077
0.816877
0.19883
0.595527
0.200758
0.390201
0.609084
0.32858
0.640873
0.247673
0.62588
0.498717
0.152153
0.254141
0.363727
0.258157
0.151247
1.00122
0.681033
0.288406
0.189191
0.246203
0.667059
0.36789
0.614932
0.248517
0.363461
0.185272
0.222858
0.452104
0.581172
0.326932
0.381325
0.22508
0.33951
0.389816
0.351781
0.181575
0.242352
0.684048
0.500862
0.256263
0.182937
0.583448
0.583418
0.158779
0.616724
0.212562
0.337098
2.28276
0.359498
0.327987
0.451934
0.260702
0.34659
0.386601
0.319696
0.309096
0.242384
0.176994
0.382327
1.29157
0.390358
0.242827
0.249064
0.354393
0.474225
0.244674
0.369398
0.390885
0.213765
0.290334
0.245988
0.227726
0.324447
0.188219
0.499845
0.647558
0.4289
0.132265
0.187317
0.278749
0.434799
0.262116
0.409128
0.162455
0.114442
0.484061
0.166473
0.315285
0.400442
0.501811
0.321864
0.432842
0.391143
0.337717
0.288531
0.467512
0.288218
0.232711
0.302902
0.163439
0.237312
0.473464
0.305571
0.324662
1.15336
0.79021
0.223245
0.218137
1.41808
0.232778
0.237142
0.319821
0.277177
0.550463
0.521124
0.264042
0.469833
0.144715
0.344259
0.469202
0.197274
0.197594
0.287731
0.235705
0.40968
0.457083
0.524066
0.474265
0.242404
0.626921
0.447452
0.470262
0.189893
0.201064
0.236479
0.329183
0.234972
0.306145
0.320726
0.188791
0.667422
0.33261
0.502674
1.50112
0.209122
0.384526
0.412301
0.704691
0.1879
0.11432
0.825812
0.810844
0.3951
0.243474
0.363587
0.34566
0.304324
0.148313
0.310877
0.53132
0.336902
0.26569
0.274036
0.39878
0.401847
0.302419
0.260649
0.329237
0.28746
0.510413
0.289594
0.40377
0.264758
0.39423
0.325255
0.29023
0.490358
0.303324
1.20909
0.320139
0.308656
0.266131
0.19822
0.31108
0.276557
0.329937
0.235761
0.236463
0.248115
0.155801
0.395266
1.01969
0.186767
0.225484
1.07281
0.244588
0.231261
0.392012
0.552403
0.272498
0.417761
0.178875
0.354809
0.229393
0.265071
0.30179
0.181155
0.281775
0.159698
0.275634
0.335703
0.255467
0.616214
0.23501
0.185475
2.3212
0.137612
0.426991
0.384113
0.145948
0.536488
0.379897
0.595444
0.306601
0.411618
0.399727
0.255249
0.257444
0.25897
0.314703
0.382763
0.630303
0.180316
0.687884
0.306446
0.194157
0.339066
0.332989
0.16792
1.99242
0.509752
0.339827
0.253875
0.287792
0.238361
0.36635
0.318755
0.187504
0.264823
0.501813
0.162969
0.270719
0.597173
0.415051
0.25101
0.695254
0.668152
0.43596
0.143086
0.287653
0.188158
0.18291
0.182654
0.338111
0.170732
0.179096
0.324744
0.217716
0.328281
0.13622
0.16279
0.724673
0.40305
0.214345
0.836894
0.299499
0.239764
0.688138
0.287909
0.31422
0.210868
0.288075
0.348506
0.35262
0.288779
0.26307
0.288308
1.17214
0.367788
0.184889
0.492339
0.225644
0.302323
0.273555
0.226869
0.621952
0.324935
0.549634
0.328348
0.175115
0.390938
0.213921
0.316215
0.306324
1.89145
0.311075
0.601023
0.2203
0.269287
0.39233
0.368493
0.162794
0.25815
0.159189
0.32059
0.284296
0.40217
0.231224
0.337854
0.327546
0.590032
0.415679
0.399087
0.348126
0.59568
0.685604
0.498044
0.210614
0.292163
0.366935
0.19328
0.31869
0.600326
0.291212
0.206958
0.215003
0.238796
0.286806
0.284857
0.287812
0.29576
0.273188
0.420283
0.394408
0.183734
0.734355
0.363329
0.186177
0.252728
0.218889
0.256795
0.279279
0.20472
0.901297
0.250351
0.256536
0.162816
0.263306
0.293836
0.242271
0.336882
0.556547
1.39787
0.355394
0.298902
0.361902
0.392018
1.549
0.252828
0.222873
1.04592
0.217299
0.340641
0.307804
0.362628
0.297964
0.266859
0.277031
0.205077
0.156908
1.01614
0.628252
0.260653
0.293403
0.419106
0.600979
0.275239
0.342719
0.347395
0.196034
0.227485
0.23689
0.423882
0.350906
0.431112
0.45117
0.209217
0.177509
0.355377
0.356799
0.258373
0.222157
0.291902
0.249132
0.22762
0.583937
0.186714
0.210048
0.502586
0.345078
0.212596
0.253138
0.204795
0.457735
0.276751
0.266705
0.537403
0.328975
0.340233
0.27843
0.430033
0.208608
0.253341
0.19239
0.42566
0.184274
0.526054
0.385499
1.02835
0.629917
0.244468
0.451966
0.325988
0.257598
0.162022
0.353096
0.254987
0.402477
0.586219
0.143792
0.307297
0.281914
0.268468
0.261785
0.170614
0.460045
1.93371
0.201337
0.243878
0.321416
0.24041
0.469221
0.162006
0.306484
0.308556
0.265878
0.216205
0.239749
0.476878
0.243047
0.25643
0.236392
0.215315
0.41629
0.554763
0.396805
0.368722
0.252703
1.13854
0.338683
0.45204
0.242673
0.467003
0.231699
0.264552
0.194206
0.161916
0.241693
0.341019
0.0953874
0.248923
0.131323
0.507472
0.319023
0.286547
0.21505
0.730603
0.214847
0.256815
0.312076
0.942178
0.357108
0.30049
0.245481
0.24876
0.278742
0.543576
0.29847
0.391053
0.236766
0.274002
0.435274
0.294663
0.146795
0.301175
0.362891
0.392506
0.200898
0.398923
0.248578
0.201051
0.242737
0.938069
0.258467
0.458957
0.30887
0.16564
0.292651
0.431999
0.221338
0.23051
0.295727
0.43783
0.302191
0.351763
0.196866
0.237776
0.751056
0.228202
0.664959
0.374472
0.121486
0.257779
0.350789
0.161426
0.361435
0.164406
2.1483
0.402793
0.285105
0.281208
0.239848
0.189491
0.232356
0.226875
0.531063
0.314525
0.224267
0.168361
0.808572
0.217847
0.312126
0.373781
0.147129
0.635178
0.219358
0.327903
0.120562
0.135009
0.257667
0.277569
0.440439
0.218109
0.781433
0.289534
0.414462
0.240898
0.217918
0.34605
0.30319
0.208229
0.54061
164.104
0.494508
0.313479
0.219777
0.273969
0.201797
0.257008
0.203781
0.48044
0.231276
0.553265
0.513426
0.229495
0.143461
0.262066
0.233752
0.174522
1.89992
0.586685
1.22476
0.23661
0.212811
0.193903
0.122907
0.331448
0.2445
0.333844
0.398576
0.275503
2.92879
0.400603
0.267291
0.304845
0.33352
0.573197
0.388859
0.392012
0.15832
0.714533
0.203039
0.286642
0.159777
0.314308
0.6048
0.321299
0.226605
1.05178
0.331779
0.250336
0.549057
0.602367
0.2148
0.328283
1.23694
0.289877
0.543491
0.857805
0.368873
0.165247
0.274347
0.382853
0.248117
0.336137
0.71239
0.33771
0.47403
0.117136
0.220293
0.201169
0.239037
0.283688
0.24174
0.680688
0.464829
0.231927
0.335461
0.179946
0.197808
0.225016
0.579511
0.33994
1.07349
0.213764
0.322765
0.335399
0.260086
1.22642
0.160777
0.368743
0.408192
0.398636
0.227685
0.242353
0.266111
0.352697
0.172766
0.463759
0.426053
0.328989
0.234633
0.279284
0.356165
0.32674
0.255876
0.230297
0.274769
0.444365
0.631905
0.476334
1.18617
0.271501
0.689333
0.36192
0.343197
0.630468
0.20885
0.269929
0.247203
0.208614
0.45327
0.235022
1.13986
1.11905
0.202999
0.416541
2.50037
0.288032
0.305211
0.376025
0.211989
0.350749
0.14331
0.233318
0.772542
0.347636
0.304932
0.299711
0.301197
0.393754
0.224902
0.296235
0.252145
0.207591
0.246494
0.317722
0.218949
0.213594
0.239218
0.569652
0.395582
0.438934
0.52483
0.299142
0.525457
0.801135
0.346121
0.585255
0.294487
0.244369
0.552383
0.364002
0.370403
0.369095
0.367956
0.190604
0.195528
0.397683
0.392925
0.441313
0.196731
0.298935
0.38466
0.241607
0.283982
0.469043
0.22932
0.649169
0.332313
0.391557
1.03272
0.169712
0.324079
0.148014
0.372794
0.301737
0.282476
0.193911
0.407463
0.513186
0.36297
0.1851
0.218926
0.274005
0.192829
0.342544
0.366318
0.285859
0.514281
0.243838
0.242848
0.460928
0.497866
0.152484
0.369918
0.326371
0.390727
0.86414
0.187308
0.449475
0.881018
0.232309
0.329177
0.201882
0.241253
0.223726
0.790368
0.204873
0.775404
0.370834
0.382428
0.154538
0.453201
0.138091
0.293761
0.439275
0.180623
0.382436
0.222705
0.403379
0.249123
0.262878
0.31045
0.308503
0.289938
0.495629
0.208237
0.16086
0.276033
0.358822
0.464935
0.172346
0.27686
0.687456
0.218334
0.345294
0.44879
0.202011
0.120651
0.362154
0.275834
0.186667
0.22457
0.320193
0.207251
0.17696
0.521962
0.491749
0.228475
0.16821
0.232596
0.171864
0.545142
0.154357
0.27978
0.48971
0.666496
0.413979
0.299342
0.185539
0.318266
0.178522
0.354672
0.506422
0.16173
0.258492
0.339656
0.246663
0.394154
0.374602
102.618
0.251136
0.251843
0.770165
0.947848
0.323292
0.364367
0.304178
0.261993
0.502222
0.66251
0.290389
0.367074
0.217476
0.207059
0.311581
0.307051
0.200819
0.272352
0.189104
0.565296
0.361717
0.201471
0.308731
0.335112
0.208656
0.324233
0.283626
0.27089
0.375947
0.402876
0.28808
0.903762
0.323027
0.413899
0.376396
0.468809
0.295357
0.60858
0.178233
0.382662
0.332933
0.800485
0.511143
0.395809
0.266375
0.313589
0.351942
0.228124
0.354558
0.312046
0.40215
0.289492
0.808227
0.531394
0.455312
0.159131
0.452314
0.208614
0.325535
0.287496
0.535336
0.250413
0.42845
0.347737
0.201161
0.37037
0.451083
0.190395
0.261043
0.38365
1.07546
0.385422
0.285409
0.264249
0.221738
0.297769
0.323763
0.174515
0.203984
0.225303
0.374815
0.275732
0.250176
0.262554
0.218481
0.258091
0.154151
0.75905
0.157945
0.31128
0.26611
0.335945
0.204421
0.310005
0.497675
0.310454
0.274843
0.200988
0.378683
0.521668
0.836411
0.334682
0.304456
0.401714
0.689695
0.298266
0.319131
0.434428
0.204725
0.382998
0.67632
0.295943
0.123097
0.338858
0.738563
0.206942
0.424873
0.217021
0.334765
0.318438
0.690365
0.14196
0.483641
0.20859
0.24901
0.649556
0.234498
2.43584
0.27781
0.359498
0.85749
0.959035
0.358892
0.563883
0.147103
0.292017
0.242639
0.389038
0.279759
1.49855
0.247429
0.31136
0.220804
0.479663
0.356532
0.238311
0.16942
0.23755
0.691452
0.489929
0.393243
0.229287
0.426378
0.223306
0.275745
0.200576
0.555378
0.213098
0.343115
0.357015
0.377716
0.621145
0.505781
0.294558
0.393722
0.276579
0.224251
0.246204
0.711283
0.23393
0.901144
0.250738
0.27912
0.333582
0.186717
0.265373
0.267297
0.560783
0.409726
0.40237
0.287187
0.258381
0.183509
0.290808
0.185288
0.838605
0.239505
0.151526
0.291608
0.559935
0.320695
0.160832
0.308826
0.293786
0.432586
0.191931
0.466492
0.434112
0.419773
0.339542
0.258173
0.262132
0.361757
0.350857
0.325772
0.540499
0.464199
0.164064
0.215588
0.27179
0.289269
0.202137
0.405714
0.138046
91.5027
0.299266
0.562495
0.329942
0.206803
0.426158
0.3907
0.339267
0.538985
0.188202
0.211873
0.357676
0.265538
0.506077
0.138597
0.385757
0.221279
0.224104
0.910861
0.228343
0.243678
0.577212
0.294586
0.455793
0.535946
0.181353
0.328853
0.841002
0.243005
0.339375
0.379132
0.261784
0.199871
0.195391
0.330485
0.297789
0.408032
0.278208
0.242231
0.169659
0.344159
0.325553
0.21869
0.388953
0.83343
0.274151
0.249894
0.28808
0.389583
0.17298
0.226354
0.480398
0.232089
0.503448
0.393103
0.161335
0.413843
0.218979
0.229804
0.188104
0.387324
0.144657
1.39823
0.787357
0.280046
0.327033
0.339904
0.158629
0.372825
0.557229
0.192024
0.423443
0.131623
0.208433
0.236492
0.802811
0.403668
0.264679
0.254068
0.300601
0.44037
0.392274
0.381335
0.30377
0.168207
0.312093
0.415903
0.287772
0.283591
0.22602
0.664403
0.283843
0.195163
0.177396
0.302918
0.578242
0.274564
0.339741
0.581997
0.436612
0.48886
1.07556
0.151341
0.194619
0.294225
0.653562
0.374527
0.529144
0.249327
0.393992
0.247416
0.357646
0.224997
0.777197
0.222435
0.264238
0.53732
0.182269
0.239724
0.979429
0.185206
0.124735
0.152444
0.349689
0.288302
0.173479
0.273713
0.204478
0.311982
0.418001
0.1947
0.337409
0.196993
0.343523
0.281712
0.275659
0.175508
0.220859
0.303348
0.266969
0.330447
0.383779
0.493023
0.310508
0.286503
0.320734
1.05548
0.385542
0.267846
0.649385
0.449769
0.275894
0.178239
0.507247
0.273739
0.375946
0.196197
0.579962
0.277728
0.424833
0.530024
0.443044
0.235883
0.532979
0.384018
1.53453
0.286079
0.35178
0.639523
0.140201
0.234318
0.48373
0.304693
0.489471
0.25622
0.212036
0.258578
0.36587
0.200459
0.318005
0.259289
0.157758
0.423167
0.707935
0.890762
0.28034
0.171498
0.252655
0.324113
0.365767
0.431519
0.256918
0.314747
0.866556
0.518214
0.327916
0.1472
0.269758
0.202857
0.234741
0.324817
0.13926
0.125494
0.223337
0.431881
0.270542
0.366522
0.313342
0.322518
0.579365
0.318073
0.451343
0.227433
0.332739
0.778199
0.268569
0.620942
0.205136
1.10633
0.168597
0.322335
0.228253
0.386412
0.331007
0.259783
0.223795
0.233053
0.472885
0.206935
0.150247
0.233581
0.405844
0.270501
0.197109
0.253489
0.168071
0.450286
0.268323
0.377266
0.74458
0.326585
0.111034
0.279811
0.234483
0.313661
0.530753
0.438346
0.296627
0.285418
0.168899
0.269568
0.201518
0.325574
0.231918
0.20216
0.465333
0.315533
0.237142
0.252554
0.214332
0.344633
0.426582
0.329242
0.579965
0.294062
0.243524
0.192116
0.24667
0.398837
0.244533
0.321504
0.292182
0.219217
0.370181
0.316445
0.543925
0.442196
0.382018
0.262219
0.647165
0.448866
0.257875
0.591295
1.31725
0.204741
0.271086
0.283329
0.164888
0.270562
0.256803
1.06297
0.244612
0.39491
0.509995
0.328316
0.297338
0.722942
0.679015
0.393945
0.859853
0.59085
0.298697
0.529691
0.3152
0.617011
0.640289
0.185579
0.593769
0.24089
0.212875
0.360151
0.47494
0.328631
0.690685
0.450288
0.598118
0.374546
0.367896
0.110297
0.241357
0.281042
0.34997
0.19683
0.355919
0.254183
2.28694
0.389393
0.264301
0.166016
0.226581
0.416641
0.199647
0.29662
0.273093
0.860599
0.183385
0.147821
0.415976
0.63286
0.297975
0.240523
0.25307
0.290661
0.350982
0.685118
0.370765
0.331696
0.589061
0.326937
0.276931
0.217468
0.263447
0.193939
0.750813
0.308596
0.23673
0.263226
0.49812
0.253345
0.668505
0.342943
0.214726
0.327852
0.202973
1.99791
0.534591
0.464141
0.261167
2.54487
0.725075
0.203343
0.385114
0.278511
0.20467
0.742167
0.41891
0.211494
0.20079
0.487989
0.237275
0.535606
0.415198
0.272852
0.607182
0.293187
0.21657
0.429937
0.734344
0.225544
0.281529
1.00864
0.851891
0.255531
0.385816
0.228475
0.331385
0.252699
0.850093
0.269037
1.06889
1.69018
0.482715
0.252365
0.265461
0.371629
0.239835
0.334339
0.438206
0.337513
0.376556
0.414553
0.260801
0.419766
0.187008
0.259818
0.202674
0.250318
0.272672
3.09203
0.180661
0.383339
0.362861
0.850883
0.496331
0.278581
0.447919
0.309123
0.122492
0.275832
0.153024
0.34842
0.352151
0.177268
0.371937
0.393228
0.266458
0.438767
0.376209
0.262114
0.506532
0.341476
0.465603
0.566012
0.251399
0.812084
0.370424
0.349986
0.503054
0.321158
0.18189
0.177001
0.993271
0.259313
0.30717
0.337815
0.534217
0.503321
0.162777
0.547278
0.209323
0.238618
0.133928
0.170329
0.223195
0.292777
0.304125
0.318665
0.385735
0.158079
0.29798
0.294342
0.488427
0.0580373
0.300639
0.341343
0.582738
0.307269
0.256307
0.408717
0.151027
0.532763
0.115983
0.569989
0.361453
0.485828
0.504022
0.579729
0.356843
1.4957
0.275428
0.234098
0.365699
0.375187
0.304078
1.40341
0.37868
0.204061
0.226746
0.346252
0.444418
0.247625
0.239105
0.312688
0.364136
0.203432
0.28357
0.255301
0.290888
0.315728
0.348549
0.220529
0.189663
0.231077
0.13371
0.337717
0.319586
0.482858
0.332107
0.349285
0.219625
0.283963
0.571006
0.572134
0.314284
0.451072
0.255758
0.517339
0.296315
0.331941
0.487409
150.056
0.221865
0.478185
0.397006
0.229912
0.230464
0.394184
0.229583
0.457314
0.405835
0.302072
0.644486
0.170913
0.57395
0.774898
0.31099
0.192713
0.487155
0.461094
0.252567
0.3187
0.150272
0.307806
0.278739
0.20837
0.653595
0.233035
0.44813
2.96555
0.259763
0.3115
0.624569
0.38838
0.239172
0.276516
0.631699
0.24149
0.934591
0.407999
0.362201
0.321374
0.291137
0.275085
0.373796
0.60445
0.314317
0.467054
0.32663
0.316559
0.185225
0.324947
0.382095
0.2489
1.11798
0.859559
0.268821
0.20838
0.435198
0.182424
0.478956
0.343388
0.390441
0.392531
0.606739
0.245373
0.178473
0.364678
0.214887
0.311774
0.172769
0.486313
0.304472
0.845124
0.681464
0.579683
0.245522
0.292261
1.37577
0.230097
0.362578
0.587453
0.378732
0.191208
0.829847
0.189247
0.602399
0.323911
0.251306
0.217697
0.439131
0.345449
0.316889
0.311426
0.6838
0.286562
0.370102
0.219737
0.217906
0.213668
0.197566
0.457985
0.643285
0.271735
0.435597
0.428683
0.195607
0.607454
0.149697
0.23442
0.311294
0.244952
0.310903
0.278862
0.926536
0.115937
0.385068
0.283481
0.199383
0.205871
0.789406
0.369071
0.225719
0.280852
0.246955
1.07726
0.315858
0.180079
0.190434
0.238095
0.471671
0.223342
0.575005
0.677269
0.296657
0.173636
0.380172
0.382491
1.46837
0.298246
0.868077
0.359914
0.343695
0.34707
0.245958
0.257108
0.444627
0.324524
0.281239
0.206004
0.210385
0.314341
0.480063
2.21136
0.247186
0.61738
0.795181
0.171268
0.588561
0.408965
1.04785
0.27957
1.2652
0.431597
0.205867
0.246191
0.449617
0.2902
0.254185
0.158857
0.250151
0.23173
0.798359
0.220442
0.260663
0.201557
0.642501
0.256865
0.270696
0.184606
0.488668
0.361753
0.339766
0.206121
0.251786
0.263863
0.337247
0.268765
0.655487
0.177306
0.367831
0.326965
2.03525
0.28755
0.54076
0.37303
0.436871
0.337714
0.445204
0.302976
0.210758
0.39618
0.446872
0.211664
0.364948
0.159859
0.772378
0.280211
0.305338
0.147873
0.156819
0.344089
0.26358
0.18653
0.129524
0.212031
0.29479
0.189295
0.166394
0.298804
0.2793
0.266008
0.222286
0.322837
0.276566
0.24227
0.350305
0.50436
0.264946
0.479252
0.245407
0.212966
0.243721
0.415498
0.449059
0.445951
0.375781
0.362724
0.310436
0.748048
0.300974
0.390692
0.241786
0.228362
0.301899
0.516703
0.23083
1.34228
0.322582
0.311781
0.198787
0.274872
0.328472
0.250962
0.21757
0.343202
0.246793
0.205349
0.469577
0.378804
0.143936
0.221676
0.60858
0.231911
0.429062
0.415218
0.324836
0.293845
0.292056
0.427578
0.319665
0.661312
0.396265
0.451748
0.299231
0.307544
0.192588
0.296733
0.344071
0.456738
0.619411
0.176927
0.472404
0.358763
0.431938
0.213986
0.508306
0.166296
0.3064
0.276265
0.379012
0.476797
0.435577
0.336766
0.332078
0.47473
0.389181
0.239455
0.359683
0.260769
0.834577
0.286481
0.480876
0.879629
0.273478
0.340526
0.34536
0.303268
0.141592
0.498797
0.370515
0.759902
0.243162
0.330555
0.404197
0.208101
0.282018
0.245003
0.251774
0.397271
0.352462
0.515101
0.32214
0.250286
0.275975
0.298621
0.339986
0.391365
0.425053
0.303034
0.232306
0.260355
0.50476
0.127744
0.261879
0.533063
0.298904
0.345528
0.143197
0.511237
0.506687
1.20277
0.186194
0.353866
0.182449
0.31509
0.297907
0.482752
0.277522
0.453987
0.287322
0.232611
0.614919
0.136785
0.798648
0.192334
2.44676
0.182688
0.364871
0.428809
0.217584
0.237933
0.332238
0.491793
0.152076
0.230963
0.310554
0.212595
0.18387
0.310063
0.20573
0.592277
0.217777
0.184255
0.529698
0.175744
0.439967
0.375615
0.33088
0.348871
0.355839
0.249015
0.237573
0.408576
0.253491
0.355571
0.199921
0.249358
0.264204
0.478652
0.421292
0.296743
0.143699
0.176857
0.108796
0.224477
0.287545
0.293638
0.562363
0.194884
0.318508
0.202661
0.678052
0.19327
0.161325
0.320338
0.399495
0.467256
0.213123
0.139322
0.202456
0.303099
0.427891
0.339122
0.244886
0.262525
0.447072
1.414
0.207189
0.267766
0.223574
0.274266
0.163317
0.263926
0.273109
0.274795
0.565597
0.11818
0.180275
0.377588
0.251618
0.33677
0.366815
0.8123
0.453427
0.488678
0.407436
0.674333
0.225401
0.376299
0.286597
0.481501
0.22611
0.660328
0.262993
0.209077
0.63336
0.314122
0.17671
0.173777
0.263991
0.371075
0.925742
0.344731
0.363445
0.708976
0.172889
0.525211
0.402505
0.37721
0.435377
0.314089
0.205953
0.683133
0.25844
0.984237
0.248206
0.426641
0.346043
0.312566
0.340117
0.483383
0.272395
0.259459
0.386913
0.28952
0.258156
0.442303
0.298648
0.208965
0.332991
0.203311
0.395609
0.536684
0.197808
0.384343
0.394238
0.341806
0.602446
0.678902
0.290838
0.140966
0.946566
0.728927
0.236444
0.177573
0.262924
0.224152
0.529755
0.300896
1.06517
0.335489
0.263655
0.213926
0.252605
0.651129
0.308368
0.249344
0.334173
0.232539
0.377759
0.286503
0.394143
0.381651
0.212945
0.374067
0.404097
0.625397
0.545422
0.222497
0.407588
0.209485
0.392377
0.269116
0.333276
0.266218
0.822734
0.361024
0.31952
0.615614
0.729357
0.253973
0.342387
0.292904
0.443451
0.960603
0.212384
0.184366
0.295805
0.366147
0.618282
0.258475
0.296376
0.38589
0.213937
0.298432
0.192862
0.148407
0.392724
0.175348
0.258712
0.658424
0.35887
0.196381
0.817393
0.237101
0.38792
0.309564
0.383448
0.253011
0.218286
0.194095
0.929133
0.245612
0.323186
0.526114
0.434177
0.906726
0.382118
0.180108
0.83647
0.242097
0.194584
0.25893
0.152118
0.22497
0.309294
0.663459
0.354408
0.232189
0.554233
0.473037
0.412999
0.192252
0.429708
0.304729
0.249173
0.24785
0.261768
0.480414
0.181386
0.47523
0.356715
0.235976
0.308171
0.529855
0.394783
0.358684
0.321732
0.21958
0.287793
0.215538
0.179599
0.12355
0.4785
0.291405
0.376994
0.241212
0.493098
0.345037
0.365026
0.291475
1.25616
0.313255
0.264744
0.142536
0.224902
0.257577
0.225079
0.904763
0.406841
0.317804
0.210421
0.162447
0.411282
0.211328
0.415775
0.235987
0.362426
0.406199
0.143415
0.335119
0.649554
0.300497
0.313011
0.225625
0.170431
0.403006
0.602577
0.430335
0.305206
0.186583
0.237961
0.144605
0.166812
0.309655
0.258384
0.199046
0.57046
0.279193
0.247839
0.723719
0.47231
0.333958
0.375448
0.500016
0.58147
0.325408
0.147553
0.257289
0.447873
0.321345
0.166845
0.254984
0.549958
0.249155
0.4389
0.257369
0.280785
0.67083
0.195377
0.35907
0.192478
0.155674
0.341201
0.464942
0.366475
0.359389
0.210924
0.330666
0.38177
0.403702
0.256586
0.282418
0.515155
0.229926
0.369884
0.52749
0.812334
0.181061
0.231825
0.186815
0.414351
0.259066
0.844164
0.220742
0.203962
0.517726
0.235043
0.599503
0.190645
0.605103
0.307303
0.194078
0.283252
0.27997
0.349454
0.293959
0.17428
0.506587
0.225494
0.264588
1.42907
0.346224
0.257986
1.03448
0.720714
0.57548
0.642185
0.374797
0.260506
0.161853
0.374288
0.209921
0.336611
0.368416
0.289941
0.186533
0.965664
0.222936
0.179506
0.756132
0.419742
0.462855
0.211876
0.517938
0.21178
0.215765
0.317313
0.300727
0.319105
0.200717
0.210035
0.522582
0.244708
0.394374
0.235521
0.628518
0.199434
0.19571
0.345421
0.240458
0.260239
0.306574
0.366114
0.33212
1.13069
0.370039
0.243513
0.157097
0.29499
0.164537
0.268981
0.278018
0.356188
1.75213
0.322097
0.622542
0.22981
0.542966
0.332348
0.809098
0.586927
0.202984
0.41388
0.299272
0.21056
0.319369
0.272239
0.205733
0.459424
0.244179
0.173742
0.427138
0.207
0.366889
0.66932
0.380939
0.300632
0.358634
0.732098
0.203301
0.347506
0.230194
0.307725
0.219136
0.287253
0.172558
0.218689
0.156495
0.24223
0.219179
0.190761
0.523758
0.367743
0.396711
0.462833
4.40011
0.413723
0.361716
0.284759
1.78107
0.867791
0.351226
0.441167
0.264807
0.349161
0.335093
0.422751
0.257756
0.339563
0.459852
0.710636
0.291261
0.25128
0.287553
0.237227
0.580411
0.80028
0.346362
0.481953
0.236464
0.140244
0.539323
0.177913
0.332189
0.479253
0.276954
0.293806
0.219384
209.361
0.27407
0.196329
0.492363
0.380222
0.495657
0.48048
0.579802
0.135596
0.301433
0.245344
0.301023
0.183884
0.649224
0.486509
0.972077
0.616355
1.30981
0.465783
0.725657
0.27079
0.226482
0.299878
0.344444
0.246272
0.159727
0.400378
0.209543
0.178836
0.212023
0.221049
0.259229
0.371194
0.152
0.268421
0.193316
0.407495
0.287917
0.318862
0.810841
0.202587
0.328051
0.170814
3.60301
0.764174
0.284982
0.427931
0.442391
0.350464
0.136438
1.62972
0.158247
0.301708
0.273118
0.606864
1.29433
0.318968
1.5399
0.338595
0.548851
0.219327
0.317784
0.185828
0.290548
0.374647
0.193282
0.27837
0.699712
0.587822
0.222292
0.375288
0.329499
0.155843
0.276319
0.234704
1.66132
0.273169
0.839027
0.733719
0.326498
1.44171
0.359877
0.228151
0.508492
1.41003
0.384524
0.236141
1.12002
0.524159
0.40049
0.219704
0.180978
0.468028
0.137729
0.466281
0.366363
0.220501
0.732461
0.181154
0.270165
0.36117
0.363397
0.223471
0.325746
0.461203
0.305798
0.242363
0.994176
0.292273
0.275211
0.199646
0.921717
0.270255
0.359207
0.234712
0.90099
0.207583
0.198152
0.539355
1.71093
0.219961
0.51324
0.492264
0.218575
0.268684
0.252756
0.367537
0.179065
0.207638
0.414583
0.143364
0.226088
0.207227
0.293489
0.213237
0.119113
0.263632
0.504253
0.182546
0.248587
0.364066
0.290865
0.181662
0.261409
0.583878
0.311281
0.31878
0.413164
0.228971
0.211965
1.11368
0.186647
0.238333
0.206901
0.386876
0.154861
0.217258
0.253356
0.299062
0.200483
0.480795
0.408468
0.35861
0.355921
0.195647
0.386413
0.318084
0.318611
0.237431
0.447785
0.268003
0.280396
0.510873
1.69461
0.268132
0.529512
0.235757
0.468805
0.232164
0.681061
0.726481
0.433875
0.254361
0.418924
0.265252
0.532023
0.16645
0.261053
0.273815
0.39433
0.366383
0.24117
0.404004
0.259986
0.47361
0.217604
0.275439
0.214025
0.763562
0.633143
0.464522
0.189139
0.248308
0.437696
0.190281
0.269555
0.429961
0.631681
0.167479
1.21158
0.894687
0.400141
0.370947
0.560902
0.19647
0.560342
0.318068
0.407407
0.320387
0.319908
0.387498
0.710444
0.32094
0.238541
0.27741
0.266666
0.193083
0.194033
0.200524
0.472741
0.267039
0.227997
0.262535
0.19943
0.236067
0.774786
0.370168
0.299663
0.284966
0.172638
0.362403
0.343327
0.286245
0.268303
0.298465
0.615099
0.825827
0.445758
0.339277
0.314488
0.287437
0.501339
0.426147
0.349244
0.627284
0.181355
0.460122
0.281309
0.397429
0.279321
0.256058
0.177336
0.665591
0.292985
0.457235
0.159632
0.367377
0.24708
0.224149
0.312989
0.169938
0.205589
0.359145
0.38429
0.274003
0.162685
0.19853
0.32584
0.421707
0.379606
0.270547
0.310402
0.691681
0.151064
0.170701
0.957306
0.301146
0.140737
0.660224
0.413158
0.207281
0.713751
0.637906
0.32719
0.622428
0.243345
0.211531
0.284831
0.366375
0.288648
0.18113
0.281439
0.594263
0.663501
0.481245
0.304156
0.254235
0.156361
0.339106
0.323808
0.485327
0.214589
0.354462
0.254388
0.154386
0.438806
0.275919
0.217609
0.920961
0.245214
0.271963
0.231154
0.316852
0.254243
0.380063
0.551413
0.288535
0.1294
0.447933
0.52148
0.548852
0.298996
0.323656
0.372449
0.398145
0.301492
0.604813
0.432466
2.05463
1.57005
0.361527
0.147491
0.314944
0.453012
0.303876
0.168486
0.325759
0.506265
0.24124
0.282684
0.306457
0.35088
0.285774
0.325774
0.410281
0.505959
0.145335
0.148565
0.405975
0.195242
0.363892
0.657529
0.258463
0.173623
0.728271
0.692574
0.437022
1.659
0.164098
0.341921
0.36274
0.194617
0.344745
0.295113
0.453923
0.329553
0.33789
0.344638
0.155545
0.261005
0.266628
0.23151
0.213181
0.35899
0.393275
0.277852
0.32461
0.358946
0.365487
0.199457
0.236917
0.430904
0.885527
0.591676
0.348435
0.316481
0.228483
0.273571
0.252583
0.299293
1.44992
0.356783
0.248148
0.668839
0.181308
0.276017
0.549843
0.208664
0.668387
0.398033
0.380967
0.50762
0.264252
0.357515
0.15748
0.217998
0.175084
0.888767
1.63055
0.229798
0.384167
0.429373
0.178792
0.13148
0.141626
0.268536
0.219462
0.312096
0.18336
0.177695
0.373078
0.29635
0.410049
0.361806
0.274682
0.421921
0.217641
0.391284
0.218207
0.334176
0.267398
0.365061
0.214113
0.302416
0.183909
0.276367
0.182504
0.336046
0.339074
0.465695
0.354454
0.620928
0.476667
0.256932
0.301626
1.15014
1.79879
0.22853
0.260292
1.10901
0.262971
0.348765
0.841921
0.283964
1.23076
0.280595
0.598951
0.872083
0.163243
0.217995
0.251093
0.117043
0.174519
0.194943
0.225066
0.249155
0.576593
0.411799
0.316055
0.184074
0.801262
0.176209
0.268593
0.200539
0.255399
0.404044
0.32106
0.183167
0.375911
0.283223
0.280474
0.310537
0.314656
0.369541
0.215168
0.3259
0.371903
0.277672
0.283925
0.172929
0.498447
0.299654
0.361685
0.560419
0.251762
0.181417
0.365472
0.392354
0.190624
0.332091
0.246981
0.202405
1.22709
0.537371
0.352419
0.368624
0.226351
0.433009
0.227844
0.458403
0.330737
1.18872
0.753902
0.276846
0.192737
0.25398
0.254455
0.532099
0.173142
0.406393
0.174305
0.174959
0.229458
0.327818
0.236395
0.394081
0.123607
5.00989
0.313919
0.261403
0.240426
0.277087
0.306512
0.556986
0.550174
0.69886
0.227177
0.617124
0.195885
0.296093
0.328958
0.403644
0.533551
0.185919
0.2968
0.338373
0.261912
0.141928
0.356043
0.380854
0.482677
0.163963
1.16792
0.636048
0.255503
0.296935
0.215737
0.34631
0.358269
0.302343
0.294876
0.497437
0.249105
0.331595
0.255495
0.316521
2.60253
0.133339
0.435219
0.376514
1.05086
1.99858
0.555058
0.265821
0.505189
0.610308
0.420874
0.55455
0.460416
0.22418
0.287408
0.598126
0.315623
0.250081
0.137166
0.489536
0.352808
0.319192
0.503876
87.1942
0.299646
0.426981
0.463746
0.220767
0.476442
0.228404
0.573237
0.249255
0.420052
0.399168
0.323853
0.329178
0.311028
0.210796
0.317427
0.566488
0.480234
0.230775
0.348624
0.221211
1.11907
0.297463
0.255945
0.652239
0.990733
0.253747
0.224802
0.387316
0.255426
0.158913
0.257277
0.285342
0.955055
0.193486
0.245179
0.37138
0.197647
0.777647
0.668378
0.406858
0.212162
0.364779
0.336295
0.224288
0.170598
0.266167
0.525824
0.285482
0.323225
0.446108
0.202344
0.275982
0.216314
0.186463
0.484051
0.277825
0.447999
0.503782
0.409823
0.236234
0.217308
0.219294
0.252663
0.247315
0.42822
0.492561
0.25599
0.42838
0.216773
0.2975
0.378653
0.219303
1.1127
0.387134
0.198979
0.19477
0.258726
0.389542
0.449735
0.712548
0.221218
0.314123
0.571487
0.235426
0.169343
0.371593
0.171494
0.362297
0.339455
0.156642
0.384674
0.348451
0.142237
0.384587
0.337464
0.482901
0.240238
0.492038
0.5203
0.218254
0.425149
0.412997
0.248007
0.955304
0.505608
0.682288
0.406606
0.404809
0.437242
0.165758
0.410438
0.258366
0.368746
0.433227
0.299556
0.347867
0.4472
0.255172
0.226535
0.260265
1.03021
0.307789
0.748494
0.661153
0.181374
0.674965
0.475167
0.944287
0.292291
0.199781
0.227308
0.126803
0.1466
0.465682
0.50229
0.393686
0.281518
0.989695
0.272943
0.145345
0.890689
1.31189
0.237959
0.606965
0.294009
0.3848
0.241433
0.186845
0.381613
0.213063
1.07342
0.461942
0.249399
0.298994
0.189296
0.168552
0.148718
0.386622
0.338642
0.351881
0.423601
0.427685
0.273109
0.287891
0.226279
0.181531
0.248929
0.227244
0.199959
0.633084
0.999613
0.875096
0.179163
0.337605
0.451652
0.306675
0.241935
222.695
0.277637
0.415395
0.167541
0.27043
1.46575
0.260514
0.184815
0.445946
0.0956473
0.310696
0.288454
0.273327
0.255959
0.370144
0.205148
0.396023
0.224433
0.763041
0.243073
0.300287
0.268168
0.662588
0.46406
0.44962
0.380573
0.426866
0.271207
0.244837
0.516361
0.30176
0.256407
0.311985
0.181455
0.269225
0.135065
0.279043
0.287199
0.261843
0.225133
0.421749
0.428597
0.929311
0.231426
0.182504
0.199115
0.28014
0.296876
0.229454
0.514767
0.535727
0.167467
0.268634
0.318209
0.0922975
0.315245
0.392945
0.356392
0.415521
0.327527
0.354506
0.263771
0.98493
0.556995
0.469274
0.473851
0.403738
0.167065
0.21162
0.337645
0.367677
0.202235
0.165706
0.344382
0.352326
0.206734
0.939809
0.192263
0.409198
1.21513
0.321825
0.231353
0.593449
0.56116
0.16909
1.05816
0.320133
0.18968
0.243077
0.410447
1.3598
0.318584
0.197474
0.321609
0.320351
0.561061
0.37605
0.420617
0.226719
0.571183
0.376627
0.329479
0.323997
0.316803
0.30505
0.285993
0.243447
0.282565
0.342416
0.393316
0.284231
0.34902
0.428936
0.225462
0.309077
0.19228
0.25054
1.38257
0.337253
0.359491
0.466958
0.287725
0.257945
0.347128
0.196485
0.381384
0.317052
1.20497
0.293666
0.303402
0.170946
0.198531
0.324118
0.794859
0.453471
0.539993
0.486886
0.640609
0.206254
0.276513
0.178076
0.37331
0.523357
0.153295
0.246682
0.113768
0.4525
0.393219
0.578295
0.241508
0.293649
0.631932
0.221459
0.401685
0.727199
0.238357
0.701118
0.440921
0.605041
0.188191
0.329136
0.316913
0.283946
0.313181
0.534754
0.243152
0.708541
0.180443
0.191241
0.214653
0.136847
0.424344
0.587987
0.268957
0.115898
0.28941
0.322559
0.234118
0.363012
0.302738
0.480922
0.485978
0.245923
0.171588
0.153312
0.262502
0.38639
0.451438
0.498379
0.336288
0.495415
0.269185
0.246112
0.402441
0.215012
0.200741
0.351093
0.362002
0.354399
0.179305
1.28737
0.142622
0.538035
0.345653
0.379583
0.404392
0.636462
0.209098
0.344608
0.523875
0.286371
0.477255
0.362124
0.558353
0.330027
0.501125
0.442264
0.326266
0.469332
0.236453
0.632832
0.161597
0.220092
0.888318
0.779844
0.255473
0.27971
0.439255
0.421849
0.333038
0.253552
0.269917
0.128457
0.62088
0.355719
0.420459
0.235677
0.750054
0.306727
0.323043
0.372197
0.426868
0.417464
0.293622
0.350818
0.212299
0.226921
0.558993
0.19804
0.360337
0.420316
0.335039
0.529511
0.180638
0.269251
0.235814
1.37999
0.48096
0.262588
0.340766
0.987841
0.505963
0.264721
0.281941
0.665008
0.113959
0.2251
0.254094
0.741774
0.81193
0.344447
0.207831
0.673824
1.11471
0.33623
0.246863
0.318978
0.741083
0.284056
1.17339
0.20325
0.515208
0.220829
1.77735
0.208517
0.352979
0.730253
0.171206
0.406994
0.325756
0.178283
0.189352
0.366514
0.417831
1.01586
0.19131
0.533167
0.257128
0.256731
0.287797
0.791431
0.488166
1.43771
0.119108
0.299948
1.09052
0.210096
0.223112
0.30481
0.528679
0.343129
0.406108
0.465885
0.94231
0.937
0.653492
0.273541
0.321238
0.316147
0.23652
0.185779
0.162536
0.240243
0.171719
0.422731
0.534077
0.556265
0.386395
0.315656
0.24399
0.201538
0.200584
0.346055
0.348012
0.313639
0.292438
0.262558
0.376974
0.239296
0.430342
0.248504
0.464356
0.942178
3.77805
0.292486
0.253688
0.281829
0.346028
0.248021
0.202252
0.25895
0.420067
0.490804
0.517675
0.281619
0.257427
0.182151
0.373379
0.448688
0.298814
0.236737
0.753431
0.141054
0.734152
0.283461
0.215581
0.234218
0.20333
0.115526
0.473995
0.353297
0.468462
0.193961
0.184532
0.358409
0.142338
0.840526
0.567435
0.53653
0.396751
0.202532
0.321407
0.3986
0.373956
0.610318
0.262976
0.260984
0.474645
0.449573
0.33423
0.987463
0.2663
0.545216
0.196215
0.269903
0.962426
0.319104
0.611229
0.611921
0.362387
0.222507
0.15208
0.354984
0.454287
0.222519
0.263275
0.164839
0.236091
0.184303
0.907617
0.312181
0.780457
0.680363
0.277741
0.392589
0.332227
0.41423
0.195953
0.253491
0.37413
0.427319
0.296453
0.26252
0.14533
0.439187
0.308826
1.38982
0.148548
0.244721
1.48501
0.469117
0.21309
0.362513
0.154615
0.128348
0.213247
0.249214
0.252791
0.354628
0.425546
0.337489
0.158134
1.45059
0.184176
0.18513
0.176513
0.282141
0.352723
0.389032
0.342113
0.213094
0.132756
0.315996
0.25549
0.224873
0.28215
0.311266
0.695847
0.260912
0.251095
0.289461
0.218943
0.178681
0.235074
0.362394
0.285062
0.175328
0.41676
0.441916
0.218711
0.474286
0.317315
0.293556
0.316683
0.24186
0.221939
0.309156
0.192054
0.289019
1.2151
0.752331
0.400218
0.551818
0.536175
0.422073
0.281596
0.331733
0.705467
0.474068
0.190604
0.248891
0.338189
0.236121
0.2185
0.260264
0.24616
0.317023
0.811496
0.209683
0.526304
0.145213
0.164464
0.17538
0.349782
0.3745
0.198256
0.199445
0.356872
0.170857
0.917689
0.327658
0.269299
0.309552
0.756669
0.30935
0.245726
0.286736
0.178666
0.887696
0.250867
0.217663
0.122575
0.790748
0.281269
0.36529
0.187925
0.262275
0.273717
0.240723
0.180808
0.259009
0.278704
0.558711
0.4409
0.362666
0.456421
0.354166
0.286402
0.539691
0.302001
0.351365
0.477929
0.365178
0.213878
0.474586
0.325027
0.170313
0.363451
0.306596
0.176175
0.251737
0.406987
1.00126
0.215713
0.884494
0.298902
0.271019
0.238816
0.334199
0.266038
0.142414
0.491213
0.196095
0.4185
1.01333
0.276856
0.37721
0.26615
0.613556
0.336298
0.516091
0.237001
0.142565
0.586948
0.179715
0.16113
0.243059
0.464174
0.327848
174.46
0.216328
0.20405
0.268617
0.22343
0.281389
0.244172
0.283767
0.245517
0.583946
0.366815
0.160068
0.410724
1.11304
0.22656
0.306332
0.0935664
0.323075
0.24572
0.233931
0.150028
0.263732
0.462895
0.283177
0.308178
0.370843
0.274674
0.51349
0.27147
0.235172
0.218703
0.189332
0.337773
141.585
0.214739
0.248849
0.300976
0.304608
0.315665
0.243878
0.267479
0.145784
0.249231
0.345318
0.213329
0.175044
0.224339
0.309491
0.23103
0.445522
0.673378
0.591532
0.199631
0.26957
0.515576
0.203852
0.702721
0.251417
0.377826
0.458449
0.368111
1.14414
0.341545
0.188197
0.316312
0.321001
0.589241
0.280492
0.268873
0.322624
0.222592
0.410125
0.265085
0.263512
0.46871
0.189322
0.272787
0.187097
0.886436
0.341058
0.310585
0.273248
1.83458
0.310005
0.244195
0.513873
0.38536
0.207158
0.241794
0.24943
0.219992
0.477097
0.309762
0.319461
0.10586
0.247771
0.245018
0.352447
0.407233
0.503962
0.187217
0.256096
0.380705
0.277436
1.51972
1.34519
0.521451
2.20126
0.169143
0.264143
0.187801
0.984949
0.219078
0.44173
0.330856
1.34127
0.605677
0.252825
1.04092
0.225492
0.34629
0.356684
0.270723
0.315492
0.315455
0.315898
0.617747
0.285996
0.882217
0.377761
0.494696
0.301715
0.500778
0.304077
0.269605
0.17546
0.349641
0.330112
0.151305
0.131817
0.256908
0.436303
0.264252
0.516009
0.365391
0.352734
0.268069
0.520765
0.349196
0.402624
0.191791
0.218462
0.225497
0.241192
0.467041
0.235905
0.50951
0.219179
0.275331
0.769724
0.580796
0.326299
0.171308
0.286046
0.921125
0.210076
0.553791
0.55149
0.289112
0.171155
0.28565
0.257738
0.180218
0.108973
0.268465
0.209964
0.25036
0.642588
0.300108
0.544839
0.215159
0.421803
0.302993
0.440826
0.276611
0.421643
0.503047
0.309822
0.205886
0.356219
0.272428
0.427839
0.154079
0.282473
0.728309
0.330144
0.376777
0.176675
0.241789
0.712198
0.208415
0.738941
0.223562
0.261647
0.209459
0.40278
0.157153
0.395988
0.770774
0.254973
0.294293
0.176387
0.397446
0.405106
0.314482
0.356396
0.174472
0.328827
0.487176
0.443869
0.584847
0.491355
0.172652
0.365865
0.357019
0.268904
0.249778
0.482696
1.18344
0.222665
0.355203
0.180208
0.232524
0.518945
0.194492
0.481715
0.234682
0.497778
0.234378
0.178832
0.204146
0.161266
1.73548
0.664439
0.267694
0.824402
0.410927
0.250647
0.313538
0.224023
0.139051
0.449907
0.143807
0.232928
0.303327
1.68068
0.632245
0.291123
0.357531
0.27828
0.993466
0.263866
0.208098
0.347808
0.404537
0.143691
0.211413
0.598515
0.329062
1.20331
0.427431
0.371885
0.380637
0.608288
0.289508
0.219859
0.235674
0.25317
0.20984
0.187418
0.645881
0.231808
0.171061
0.194085
0.715254
1.64064
0.200953
0.171656
0.605475
0.139251
0.231814
0.399597
0.213911
0.509553
0.675018
0.912267
0.301934
0.296751
0.431418
0.320014
0.287803
0.395081
0.318894
0.366963
0.296461
0.127516
0.300379
0.279218
0.214968
0.288188
0.449198
0.181908
0.349934
0.197207
0.355473
0.321912
0.184137
0.38201
0.366049
0.194534
0.218082
0.433643
0.387708
0.368328
0.625889
0.272609
0.392866
0.338213
0.24171
0.186962
0.952052
0.313402
0.578728
1.12141
0.958845
0.297181
0.29291
0.356019
0.443072
0.237099
0.180793
0.137853
0.149527
0.214585
0.270725
0.20032
0.316677
0.423017
0.187196
0.268751
0.358915
0.262446
0.247936
0.308773
0.251624
0.297103
1.83425
0.3869
0.444949
0.443251
0.275005
0.466652
0.233875
0.519693
0.817863
0.288357
0.22988
0.235145
0.253012
0.252139
0.179655
0.462124
0.468256
0.244911
0.21819
0.269143
0.198868
0.281055
0.130281
0.164644
0.381636
0.331438
0.339825
0.199798
0.417809
0.216683
0.291935
0.118749
0.27141
0.349369
0.213411
0.426643
0.500182
0.360783
0.25944
0.253282
0.329721
0.24297
0.543567
0.418509
0.309241
0.289901
0.320536
0.432424
0.324613
1.08313
0.464685
0.752155
0.712638
0.419117
0.341008
0.488159
0.466344
0.178867
0.22859
0.412897
0.237062
0.371239
0.210294
0.250893
0.221756
0.261152
0.306359
0.338978
0.37869
0.682873
0.27794
0.328795
0.346779
0.366322
0.343083
0.33478
0.351874
0.745649
0.24838
0.315949
0.232079
0.166531
0.237277
0.209727
0.21842
0.546868
0.639508
0.284396
0.28991
0.454442
0.191064
0.344887
0.3381
0.303137
0.80988
0.582876
0.266712
0.421651
0.350536
0.355672
0.305298
0.213924
0.28752
0.585052
0.864686
0.178575
0.246578
0.23679
1.21065
0.458502
0.232057
5.04308
0.529088
0.318329
0.266593
0.417639
0.414024
0.313226
0.404112
0.241049
0.21091
0.482409
0.398183
0.356951
1.47865
0.225979
1.26494
0.202492
0.288149
0.338551
0.353703
0.472237
0.426899
0.247027
0.328963
0.217479
0.310513
0.319359
0.625033
0.68102
0.248439
0.433932
0.391078
0.250606
0.183763
0.32269
0.255034
0.328916
0.521253
0.476517
0.306243
0.381471
1.01934
0.299744
0.173353
0.203935
0.280604
0.31915
0.250714
0.311318
0.268601
0.254094
0.438909
0.266834
0.32755
0.331941
0.278673
0.321931
0.171948
0.353293
0.212412
0.580027
0.542464
0.224935
0.275517
0.219264
0.286967
0.299931
0.307169
0.382188
0.938908
0.295043
0.308925
0.370907
0.212577
0.273873
0.727569
0.197239
0.256624
0.408786
0.204188
0.192299
0.287154
0.50568
0.471123
0.341128
0.253935
0.251448
0.758532
0.340373
0.320482
0.422016
0.24566
0.517508
0.243995
0.254038
0.329088
0.444298
0.522807
0.342397
0.379381
0.382746
0.218139
0.3333
0.349287
2.25615
1.08023
0.197507
0.185503
0.528532
0.348503
0.475536
0.213484
0.15995
0.200603
0.317207
0.275353
0.395668
0.409897
0.163394
0.264345
0.260601
0.118992
0.248539
0.200903
0.483163
0.485993
0.197771
0.301078
0.17645
0.178779
0.330288
0.590195
0.151716
0.309974
0.23829
0.371791
0.207522
0.227897
0.333497
0.32397
0.292704
0.294467
0.70527
0.19925
0.327981
0.221883
0.261847
0.287272
1.23757
0.461881
0.277191
0.225122
0.416531
0.237699
0.355608
0.327758
0.512106
0.34633
0.214007
0.345138
0.31656
0.558561
0.294641
0.494856
0.284384
0.683977
0.236809
0.170472
0.255821
0.256393
0.331001
0.307942
0.268747
0.173059
0.248546
0.328066
0.258835
0.277746
0.468413
0.200197
0.219856
0.281657
0.512329
0.295652
0.45437
0.167245
0.250466
0.200999
0.543498
0.304627
0.273977
0.207183
0.425807
0.288253
0.266065
0.194239
0.307465
0.53491
0.313737
0.203014
0.235041
0.239823
0.456364
0.225319
0.311208
0.520243
0.443543
0.281678
0.323571
0.476431
0.305874
0.435072
0.210834
0.275085
0.253729
0.453918
0.205399
0.486567
0.196313
0.327661
0.185466
0.280785
0.450839
1.00906
0.327272
0.404293
0.275474
0.4385
0.439418
0.155686
0.294696
0.285446
0.230709
203.377
0.267596
0.250152
0.38384
0.258857
0.184208
0.455829
0.174934
0.164239
0.302346
0.776405
0.756424
0.212395
0.604164
0.285142
0.298979
0.288542
0.553598
0.548235
0.14119
0.337333
0.492308
0.327913
0.337856
0.436602
0.312856
0.151827
0.349335
0.258258
0.360399
0.209197
0.218052
0.152217
0.173564
0.228041
0.68223
0.27614
0.246359
0.206711
0.572138
0.180762
0.411314
0.789887
0.379749
0.318885
0.511602
0.264152
0.238178
0.309904
0.288303
0.35737
0.493344
0.370155
0.282386
0.388406
0.576453
0.283373
0.15675
0.239253
0.245286
0.368405
0.91715
0.239792
0.235788
0.273709
0.460935
0.22217
0.348397
0.419162
0.464995
0.459719
0.263869
0.224622
0.178588
0.987499
0.174939
0.282781
0.915673
0.286657
0.292424
0.416312
0.322754
0.455391
0.279313
0.158264
0.342076
0.508448
0.499192
0.237743
0.357549
0.453939
0.267626
0.29172
0.843029
0.193647
0.279863
0.172792
0.213024
0.303733
0.143269
0.364959
0.356995
0.178985
0.331273
0.373935
0.32985
0.507618
0.557658
0.289037
0.346014
0.378324
0.615053
0.277446
0.382775
0.275223
0.292293
0.293408
1.08147
0.511214
0.268097
3.21712
0.250652
0.187748
0.197286
0.519297
0.244062
0.343949
0.574846
0.332241
0.160358
0.633088
0.534977
0.341468
0.375132
0.265938
0.188027
0.523373
1.06382
0.107249
0.357506
0.238697
0.21918
0.419193
0.679051
1.3086
0.563986
0.323731
0.461279
0.421332
0.160562
0.317743
0.286869
0.464574
0.305626
0.492929
0.377714
0.239793
0.193913
0.290508
0.320541
0.318564
0.201373
0.279853
0.193155
0.288847
0.713818
0.347527
0.387915
0.358474
0.201793
0.225079
0.203207
0.320295
0.338893
0.444405
0.269825
0.779413
0.234237
0.3136
0.356603
0.510528
0.379497
0.359935
0.491257
0.202538
0.740704
0.307065
0.246659
0.481893
0.23073
0.363192
0.15285
0.469438
0.646144
0.270752
0.245829
0.333089
0.239293
0.336237
0.423423
0.219255
0.35103
0.204029
0.253442
0.262898
0.198117
0.585484
0.62608
0.19136
0.282379
0.269741
0.168596
1.34262
0.225939
0.312252
0.276502
0.274699
0.21707
0.155427
0.241767
0.250897
0.289269
0.218345
0.267589
0.511273
0.338736
0.68085
0.383489
0.180206
0.326066
0.385491
0.258431
0.268593
0.271873
0.336056
0.569568
0.273982
0.292722
0.254673
0.223345
0.425119
0.257308
0.22287
0.41241
0.270664
0.277684
0.278323
0.181995
0.198233
0.431563
0.257671
0.216481
0.471882
0.278698
0.196814
0.418481
0.248969
0.567387
0.39602
0.287721
0.312775
0.180612
0.207363
0.412813
0.231017
0.696819
0.239379
0.303651
0.291304
0.264366
0.246388
0.16348
0.246899
0.62096
0.318821
0.198196
0.571606
0.325232
0.696257
0.785632
0.46578
0.840642
0.671234
0.456786
0.46697
227.176
0.402778
0.435575
0.237211
0.293604
0.26763
0.237312
0.357331
0.297716
0.440151
0.284037
0.388784
0.457045
0.186333
0.626763
0.264589
0.17021
0.199901
0.326645
0.296248
0.572997
0.366659
0.207908
0.176986
0.452184
0.29738
1.23659
0.178534
0.443681
0.238688
0.383529
0.304509
0.314525
0.340961
0.402603
0.415184
0.324035
0.251813
0.140905
0.250861
0.192154
1.07998
0.165002
0.222873
0.408742
0.249504
0.303922
0.223475
0.177142
0.272536
0.814445
0.547428
0.424651
0.439145
0.212123
0.182322
0.259411
0.264039
0.678629
0.187991
0.159067
0.392845
0.209837
0.239591
0.192811
0.416231
0.334846
0.33241
0.226091
0.293635
0.26012
0.252251
0.375071
0.243979
0.222943
0.318257
0.339123
0.34267
0.32892
0.145932
0.491621
0.511021
0.528398
0.316728
0.356783
0.306217
0.294281
0.281314
0.562773
0.254597
0.298436
0.157918
1.12735
0.43682
0.285961
0.26388
0.200765
0.394994
0.247376
0.429045
0.514094
0.235619
0.729106
0.705581
0.490503
0.259316
0.221628
0.139445
0.382454
0.253997
0.479359
0.230971
0.192754
0.300991
0.28826
0.291357
0.937162
0.277167
0.215645
0.311872
0.263104
0.459671
0.249184
0.33135
0.251466
0.18595
0.401151
0.294146
0.321312
0.277731
0.311709
0.186256
3.04128
0.225625
0.307031
1.63864
0.514653
0.426847
0.225732
0.315769
0.188549
0.647493
0.19051
0.390663
0.338191
0.209033
0.182857
0.209831
1.55581
0.32457
0.267825
0.173905
0.218976
0.220671
0.347181
0.188877
0.21433
0.382721
0.253785
0.407152
0.317013
1.90687
0.334552
0.480274
0.331214
0.338694
0.669291
0.288996
0.475855
0.275898
1.278
0.33755
0.19568
0.363615
0.542838
0.190276
0.380562
0.545367
0.592445
0.183745
0.214734
0.20145
0.242539
0.232636
1.46698
0.287952
0.205542
0.570669
0.840547
-187.671
0.488123
0.308066
0.22478
0.134281
0.54817
0.225828
0.384492
0.512492
0.279475
0.365735
0.243771
0.329968
0.496822
0.370889
0.221637
0.363042
0.281759
0.302913
0.229388
0.376514
0.166693
0.187653
0.286674
0.31298
0.550407
0.312672
0.247328
0.391667
0.159911
0.676829
0.254887
0.341859
0.324982
0.411379
0.255844
0.382019
0.37013
0.309209
0.195122
0.450652
0.607437
0.1963
0.562195
0.300907
0.245629
0.342055
0.522069
0.136575
0.221371
1.7718
0.466343
0.186415
0.277939
0.24935
0.265784
0.604991
0.426658
0.28012
0.227539
0.307155
0.904526
0.263669
0.391276
0.21578
0.304099
0.287492
0.37536
0.271952
0.277921
0.373006
0.199863
0.400664
0.226433
0.315331
0.178285
0.585832
0.876599
0.18287
0.28726
0.210663
0.223871
0.265876
0.594414
0.156383
0.265997
0.335044
0.4872
0.225826
0.310771
0.171331
0.17327
0.263631
0.319441
0.339348
0.180316
0.225029
0.153778
0.55943
0.197105
0.355511
0.490504
0.287514
0.22428
0.391023
0.228996
0.340839
0.40647
0.425302
0.242003
1.45641
0.158131
0.284018
0.400967
0.346278
0.544957
0.2755
0.241808
0.474461
0.291802
0.398472
0.425973
0.273737
0.393396
0.816497
0.290573
0.158267
0.330319
0.181597
0.207854
0.24881
0.251516
0.526925
0.301701
0.167329
0.234945
0.199907
0.279976
0.29411
0.557352
0.862069
0.408569
0.168986
0.39795
0.235583
0.509553
0.31918
0.295916
0.320601
0.379685
0.21723
0.16401
4.24576
0.314039
0.483462
0.265351
0.559331
0.176294
0.325119
0.212219
0.248706
0.283346
0.411716
0.203708
0.300273
0.440454
0.265393
0.368109
0.338376
0.243423
0.419468
0.28087
0.366765
0.400109
0.26303
0.492558
0.24218
0.569822
0.596051
0.328423
0.281972
0.64281
0.476781
0.254337
0.35242
0.271762
0.320548
2.90508
0.309906
0.807062
0.275602
0.549954
0.410926
0.262209
0.248518
0.174604
0.412766
0.207134
0.241055
0.217233
0.353059
0.387924
0.411529
0.299925
0.290139
0.255457
0.357094
0.150509
0.213859
0.202022
0.425905
1.2985
0.346931
0.246688
0.448529
0.620176
0.204015
0.322489
0.176624
0.27052
0.396836
0.215093
0.185437
0.598414
0.815391
0.111697
0.255764
0.383886
0.315299
0.252662
0.363027
0.553125
0.265332
0.608269
0.318075
0.248791
0.72545
0.281493
0.283813
0.175096
0.127608
0.96186
0.58198
0.949059
0.414299
0.25806
0.232653
0.488713
0.794455
0.475918
1.68397
0.262919
0.2271
0.364646
0.310548
0.22435
0.202281
0.772772
1.11482
0.515652
1.20125
0.281752
0.239445
0.462997
0.337408
0.197878
0.259596
0.265122
0.330233
0.329204
0.204182
0.38352
0.629837
0.285821
0.48851
0.343713
0.337803
0.135748
0.714415
0.378504
0.419131
0.13319
0.294401
0.231759
0.579898
0.607572
0.659214
0.517395
0.729395
0.282206
0.177277
0.460995
0.206938
0.237237
0.122823
0.432888
0.196451
0.239003
0.37212
0.262288
0.177641
0.288822
0.144701
0.174274
0.495985
0.216054
0.168054
0.164089
0.271385
0.255691
0.519367
0.251187
0.141563
0.275766
0.231962
0.378959
0.414384
1.0377
0.334801
0.353975
0.297394
0.359722
0.471303
0.235863
0.219681
0.40857
0.208116
1.66935
0.260059
0.493638
0.38396
0.250166
0.755364
0.458274
0.390966
0.421147
0.219158
0.282113
0.201408
0.18672
0.228049
0.509555
0.242452
0.514894
0.405588
0.350931
0.19025
0.319495
0.661413
0.366572
0.38672
0.211912
0.215891
0.29227
0.334041
0.363158
0.275872
0.224015
0.545964
0.314203
0.216341
0.313055
0.565629
0.454457
0.136075
0.352212
0.206981
0.511227
0.262835
0.294322
0.539229
0.172237
0.261751
0.153087
0.215746
0.523928
0.519745
0.173534
0.594866
0.51186
0.172835
0.803496
1.59408
1.25158
0.361517
0.434516
0.813922
0.365634
0.217017
0.138257
0.834581
0.277979
0.542873
0.262108
0.21222
0.21741
0.421343
0.192242
0.268851
0.472512
0.211821
0.587854
0.177237
0.299133
0.345548
0.137604
0.526928
0.326889
0.336676
0.182595
0.808649
0.228346
0.3787
0.495384
0.269182
0.246885
0.228713
0.205734
0.196958
0.355538
0.582575
0.298653
0.347278
0.492077
0.353855
0.202007
0.479017
0.231205
0.390517
0.297842
0.66129
0.321034
1.28964
0.200548
0.529919
0.992933
0.200436
0.397376
0.362287
0.398634
0.234742
0.462652
0.437964
0.271832
0.268233
0.385797
0.235147
0.327472
0.250308
0.443631
0.540901
0.154019
0.291002
0.441653
0.170935
0.210418
0.364283
0.233542
0.410865
0.335364
0.429669
0.621044
0.56121
0.208085
0.114767
0.308391
0.320146
0.192963
0.22277
0.365862
0.286009
0.21994
0.304526
0.459492
0.843958
0.788125
0.262116
0.286231
0.273922
0.806675
0.366971
0.471772
0.382266
0.420045
0.680042
0.172294
0.725102
0.393847
0.224354
0.257167
0.372101
0.362883
0.453131
0.459731
0.424144
0.296561
0.364808
0.269546
0.180593
0.317113
0.340847
0.656949
0.228414
0.611616
0.604628
0.399027
0.195468
0.213489
0.233817
0.401246
0.270283
0.228637
0.286566
0.239751
0.694453
0.277628
0.341629
0.532085
0.448538
0.347713
0.203246
0.297428
0.254798
0.23364
0.237082
0.740678
0.449212
0.272952
0.317226
0.202569
0.223074
0.146712
0.356352
0.419458
0.54912
0.97855
0.281663
0.183221
0.285794
0.195869
0.154248
0.388637
0.218659
0.199789
0.215183
0.223217
0.48743
0.29094
0.381856
0.355888
0.224945
0.336532
0.339307
0.452854
0.340089
2.82114
0.471259
1.07035
0.154575
0.226737
0.262938
1.05718
0.340011
0.460684
0.266314
0.448842
0.363317
1.2229
0.301919
0.387192
0.459257
0.577215
0.44055
0.301056
0.319686
0.27361
0.327564
0.381804
0.31095
0.32284
0.317707
0.275142
0.264381
0.289636
0.3867
0.278854
0.15955
0.251733
0.713093
0.282021
0.751752
0.459597
0.329717
0.406088
0.292327
0.172373
0.204766
0.200329
0.147123
0.53499
0.315624
0.515089
0.186352
0.208456
0.328225
0.267405
0.27432
0.624515
0.305312
0.114338
0.388742
0.2874
0.151069
0.399181
0.409621
0.439015
0.238275
0.161725
0.336277
0.321007
0.389531
0.258888
0.33968
0.273657
0.20456
0.185658
0.231473
0.336648
0.282884
0.440093
0.226164
0.387249
0.332329
0.370282
0.2706
0.718086
0.336995
0.197981
1.43175
0.262974
0.19881
0.464029
0.333228
0.812257
0.42538
0.410818
0.23535
0.276959
0.347827
0.471889
0.27716
0.354853
0.398266
0.20474
0.400007
0.35954
0.939067
0.277176
0.390689
0.338613
1.26724
0.175052
0.193114
0.535164
0.233228
0.279816
0.202436
0.285467
0.259295
0.393237
1.01018
0.231683
0.252767
0.205661
0.592492
1.05139
0.170446
1.1161
0.204956
0.369791
0.231089
0.167451
0.258635
0.27123
0.702123
0.410506
0.418203
0.236957
0.237561
1.26817
0.383272
0.209611
0.394175
0.291389
0.172458
0.200898
0.250736
0.291673
0.158904
0.868781
0.247026
0.230291
0.263528
0.217126
0.430805
0.495992
0.312236
0.354654
0.482645
0.24313
0.305692
0.396578
0.480065
0.4926
0.621177
0.704278
0.368595
0.235194
0.311015
0.418016
0.428295
0.377748
0.161422
0.264864
0.449447
0.247818
0.439452
0.47133
0.246733
0.430324
0.423544
0.20606
0.18605
0.281122
0.277526
0.533879
0.260427
0.312844
0.470562
0.3045
0.954132
0.334128
0.471106
0.304498
0.302642
0.221146
0.246414
0.620914
0.201769
0.397149
0.191564
0.467937
0.20781
0.553997
0.357904
0.418945
0.295835
0.350895
0.268969
0.664935
0.302756
0.40961
0.19789
0.430266
0.202967
0.360264
0.376158
0.382084
0.391123
0.30547
0.311091
0.241205
0.32653
0.173888
0.207968
0.203417
0.411668
0.224518
0.585614
0.150985
0.196957
0.811594
0.171366
0.200167
0.303997
0.40347
0.397379
0.735473
0.329041
0.556932
0.25974
0.286472
0.162296
0.236649
0.472511
0.192694
0.373247
0.215981
0.47107
0.270808
0.634273
0.414103
0.841887
0.510043
0.394779
0.415478
0.191315
0.597278
0.262524
0.355876
0.254791
0.220433
0.160688
0.150846
0.281426
0.631165
0.246201
0.343607
0.151206
0.189436
0.321404
0.324164
0.418613
0.611445
0.221698
0.35367
0.551294
1.0872
0.321142
0.733611
0.333874
0.309018
0.191529
0.236779
0.226001
0.164752
0.462502
1.33666
0.515699
0.294376
0.283753
0.292857
0.248634
0.472081
1.23154
0.536923
0.35351
0.339354
0.353911
0.372796
0.240168
0.369804
0.572511
0.510792
0.741818
1.52037
0.368296
0.169
0.462044
0.130059
0.474912
0.244742
0.230441
0.39893
7.45801
0.296982
0.502772
0.266588
0.268344
0.835148
0.233381
0.245745
0.206359
0.591384
0.621134
0.198862
0.212709
0.523174
0.274177
0.224685
0.739795
0.287225
0.393788
0.208102
0.297591
0.221648
0.24156
0.309628
0.175452
0.254289
0.29661
0.496502
4.39574
0.502988
0.335167
0.247523
0.188946
0.620399
0.252806
0.195497
0.296138
0.541426
0.307631
0.248395
0.385117
0.65055
0.546725
0.324452
0.360887
0.181788
0.220038
0.221169
0.222677
0.956556
0.342042
0.204782
0.811441
0.256002
0.291772
0.298152
0.309888
0.237104
0.527738
0.37849
0.25591
0.239241
0.668364
0.353161
0.231743
0.39469
0.550862
0.168175
0.505982
0.259284
0.263651
0.265554
0.25953
0.454888
0.272372
0.500098
0.150781
0.408088
0.373632
0.78841
0.333504
0.910633
0.520915
0.299543
0.409077
0.202473
0.255459
0.450923
0.302153
0.222509
0.572239
0.40789
0.511169
0.477285
0.221507
0.280912
0.230305
0.260041
0.209558
0.657893
0.351575
0.310788
0.40427
0.475676
0.249265
0.400451
0.638123
0.474697
0.421034
2.66467
0.530177
0.231856
0.274498
0.305142
0.265177
0.206818
0.347504
0.198319
0.259672
0.474678
0.208408
0.515865
0.225495
0.893025
0.261395
0.202327
0.426135
0.237538
0.188642
0.294341
0.335885
0.317796
0.37814
0.199382
0.335024
0.228458
0.142029
0.226221
0.315189
0.336889
0.193125
0.269704
0.380529
0.176147
0.2739
0.205971
0.264973
0.53233
0.333605
0.195894
0.334742
0.56883
0.267922
0.35546
0.314404
0.147605
0.200218
0.154419
0.339203
0.332105
0.274635
0.0992639
0.267719
0.342692
0.436579
0.198755
0.534313
0.309243
0.400415
0.484651
0.343062
0.283086
0.554881
0.227546
0.212495
0.242242
0.263215
0.195688
0.238453
0.398981
0.564596
0.360073
0.299147
0.29594
0.222667
0.336135
0.142826
0.231704
0.239018
0.230655
0.198605
0.259645
0.26873
0.234642
0.483541
0.301373
0.253068
0.232369
0.59777
0.163586
0.268574
0.239208
0.287786
0.302103
0.371365
0.237494
0.242103
0.25453
0.120691
0.502073
2.20902
0.202
0.200982
0.247462
0.231779
0.287458
0.284216
0.342931
0.220308
0.279406
0.230154
0.33769
0.412942
0.175412
0.951087
0.233563
0.296624
0.314209
0.450512
0.291442
0.643942
0.351846
0.511705
0.171126
0.266951
0.365891
0.22341
0.437343
0.167009
0.277424
0.890099
0.32659
0.355277
0.21377
0.290884
0.310769
0.287405
0.267976
0.257217
0.241056
0.378851
0.285084
0.482941
0.140774
0.273845
0.489812
0.3493
0.342157
0.250274
0.373791
0.219635
0.592899
0.556386
0.348344
0.270866
0.42515
0.465514
0.207948
0.196178
0.189492
0.213398
0.421492
0.405532
0.299644
0.460135
0.87429
0.207346
0.398085
0.291632
0.490768
0.37222
0.195608
0.28524
0.28851
0.31911
0.496586
0.181761
0.198682
0.475264
0.317535
0.498378
0.359008
0.196593
0.238522
0.188265
0.507263
0.438622
0.442379
0.107889
0.518491
0.238732
0.245115
0.261849
0.569089
0.652386
0.287273
0.22658
0.315532
0.292508
0.34709
0.427062
0.617146
0.221094
0.330623
0.242698
0.388311
0.187697
0.560459
0.214957
0.281228
0.231755
0.744808
0.253163
0.51074
0.616345
0.157577
0.513724
0.263947
0.319962
0.3027
0.37322
0.254981
0.192247
0.294647
0.554584
0.444567
0.176521
0.432622
0.421289
0.431668
0.183448
0.899856
0.517896
0.301463
0.200842
0.233142
0.370442
0.153037
0.153564
0.334002
0.229541
0.170279
0.212493
0.365422
0.415471
0.879263
0.277605
0.200941
0.871401
0.350101
0.408363
0.426879
0.445804
0.345068
0.547249
0.319552
0.490375
0.759567
0.251588
0.519273
0.226032
0.194585
0.21953
0.354741
1.01957
0.187311
0.224998
0.382329
0.197907
0.683856
0.255207
187.254
0.201235
0.363041
0.408445
0.296993
0.452394
0.305055
0.36507
0.202033
0.198128
0.113957
0.294137
0.239879
0.20243
0.409712
0.995873
0.892056
0.20926
0.736911
0.510224
0.15854
0.286447
0.496912
0.452138
0.429796
0.162532
0.149257
0.345202
0.477806
0.354162
0.204167
0.184836
0.34524
0.524106
0.399132
0.466079
0.669158
0.270272
0.50643
0.187672
0.274636
0.216181
0.201013
0.306843
1.41015
0.438813
1.47151
0.33088
0.365462
0.39534
137.759
0.386787
0.366315
0.549521
0.17925
0.428947
134.413
0.268497
0.262756
0.351686
0.211668
0.33173
0.359702
0.262055
0.195105
-0.335147
0.565932
0.545071
0.224213
0.64008
0.404846
0.257036
0.237601
0.679205
0.246248
0.305022
0.372651
0.425009
0.24831
2.31163
0.265813
0.787017
0.26468
0.293815
0.419371
0.525377
0.252807
0.184174
0.689125
0.196003
0.210794
0.441237
0.167599
0.450897
0.200046
0.162307
0.397918
0.234043
0.546273
0.418161
0.339295
0.203503
0.363956
0.133164
0.247832
0.255356
0.395131
0.250524
0.594833
0.344541
0.270075
0.382834
0.238406
0.221059
0.237294
0.133117
0.255099
0.211314
0.178136
0.235573
0.296541
0.360439
0.251533
0.464348
0.11054
0.346461
0.291951
0.335017
0.521471
0.551727
0.337716
0.249502
0.617375
0.216297
0.337334
0.175848
0.582553
0.408961
0.181646
0.312831
0.360478
0.230972
0.259295
0.143032
0.318086
0.159108
0.291914
0.304898
0.20145
0.185868
0.577568
0.213392
0.435148
1.14024
0.34256
0.331142
0.429059
0.363323
0.431393
0.218277
0.247875
0.309941
0.229363
0.23833
0.497944
0.268848
0.120401
0.328252
0.244342
0.254414
0.291516
0.27677
1.27143
0.280338
0.383373
0.261384
0.176887
0.20573
0.196192
0.469805
0.179935
0.418422
0.885819
0.211147
0.23588
0.224691
0.128571
0.320385
0.163378
0.192906
0.146557
0.428984
0.283932
0.436069
0.322524
0.294155
0.207011
0.407692
0.175093
0.208174
1.18723
0.237478
0.489725
0.261603
0.478686
0.317223
0.29091
0.709964
0.162036
0.498922
0.426662
0.537864
0.178852
0.186728
0.291871
0.416957
0.396757
0.342016
0.326478
1.1802
0.366051
0.24495
0.921531
0.523471
0.372104
0.284257
0.233137
0.386668
0.309443
0.271102
2.32746
0.37257
0.316514
0.512249
0.542777
0.659314
0.251694
0.369138
0.177902
0.441199
0.387489
0.375651
0.385831
0.26649
0.173363
0.21489
0.486357
0.338159
0.28065
0.394337
0.264206
0.249555
0.407773
0.319467
0.336097
0.561401
0.905049
0.344683
0.322669
0.635212
0.37859
0.198559
0.853451
0.259571
0.201207
0.201604
0.43146
0.293074
0.392875
0.459581
14.848
0.301979
0.260026
0.26346
0.337928
0.228293
0.261246
0.154877
0.234531
0.294479
0.209592
0.47129
0.327019
0.571482
0.408587
0.332882
0.38932
0.490079
0.269944
0.181944
0.290478
0.249995
0.178273
0.298178
0.305424
0.214957
0.319151
0.608366
0.391212
0.245366
0.29245
0.301719
0.255623
0.253414
1.13816
0.536587
0.490103
0.763819
0.618495
0.302631
0.447522
0.347711
1.2427
0.453316
0.206321
0.388514
0.758363
0.280827
0.208959
0.206016
0.187017
0.181656
0.31011
0.304201
0.498866
0.573468
0.47458
0.170633
0.173099
0.126003
0.367902
0.232403
0.266799
0.583718
0.121312
0.617814
0.417456
0.289213
0.455501
0.234712
0.198909
0.328321
0.233073
0.420105
0.224547
0.368783
0.758499
0.262848
0.302277
1.13715
0.305227
0.22919
0.336263
0.30006
0.158375
0.480471
0.614515
8.5701
0.547604
0.446
0.882931
0.277444
0.271667
0.195173
0.274185
0.52017
0.379339
0.225815
0.193951
0.244518
0.228684
0.356274
0.187293
0.358028
0.557747
0.513053
0.156566
0.158638
0.557703
0.718756
0.286188
0.345605
0.541624
0.458914
0.203949
0.318599
1.3652
0.586901
0.483285
0.316892
1.26749
0.285776
0.379936
0.286259
0.234891
0.301092
0.202372
0.431116
0.158851
0.380352
1.44827
0.44086
0.309863
0.31252
0.419832
0.390934
0.257233
0.50199
0.557697
0.208809
0.275135
0.311599
0.506144
0.328678
0.351136
0.24721
0.260141
0.146126
0.729145
0.293804
0.242759
0.119066
0.412707
0.280401
0.359936
0.425691
0.327588
0.153164
0.229353
0.244989
0.581069
0.413083
0.2868
0.225568
0.396176
0.212137
0.215376
0.820028
0.156386
0.271918
96.6575
0.192391
0.194823
0.596503
0.401856
0.228945
0.200111
0.821681
0.275715
0.683867
0.326976
0.301535
0.487533
0.172507
0.305142
0.399706
0.319359
0.334762
0.427198
0.28512
0.876343
0.338409
0.406453
0.235938
0.285176
0.229867
0.265078
0.236836
0.344701
0.836725
7.48696
0.379357
0.230812
0.511285
0.321354
0.152689
0.736317
3.1365
0.276849
0.429353
0.345635
0.31062
0.285542
198.851
0.332996
0.268339
0.339681
0.385474
0.240814
0.178068
0.502057
0.413541
0.157247
2.53995
0.312248
0.339205
0.221566
0.489344
0.229377
0.320002
0.271755
0.283987
0.211758
0.23626
0.275062
0.204983
0.46437
0.606558
0.378166
0.517935
0.270396
0.318345
0.372329
0.173697
0.259247
0.306141
0.243865
0.297779
0.255319
0.372241
0.440615
0.260797
0.224122
0.462504
0.571106
0.224836
0.302783
0.363829
0.364898
0.942366
0.203096
0.226619
0.247448
0.412116
4.4269
0.173614
0.349514
0.459464
0.200525
0.273397
0.464446
0.213341
0.222194
0.263903
0.349134
0.29731
0.326322
0.307539
0.33071
0.539898
0.502112
0.519716
0.384422
0.219509
0.245583
0.223901
0.289998
0.476546
0.209764
0.381406
0.183817
0.264954
0.444279
0.28413
0.498235
0.245662
1.1301
0.513141
0.569643
0.110593
0.181731
0.273569
0.25741
0.299104
0.180577
0.499794
0.695531
0.233184
0.601579
0.275853
0.683602
0.428335
0.525755
0.342411
0.605347
0.533249
0.459244
0.175329
0.551174
0.300039
0.939305
0.175494
0.313427
0.499616
0.298092
0.210486
0.477967
0.321487
0.278406
0.362563
0.25336
0.706136
0.294833
0.279591
0.363669
0.245352
0.317951
0.584949
0.204876
0.315249
0.211045
0.230246
0.35091
0.507153
0.217082
0.237242
0.172566
0.584683
0.316388
0.221507
1.48522
0.272762
0.34996
0.72833
0.856351
0.806346
0.351355
0.327598
0.13179
0.637448
0.367596
111.696
0.304176
0.21448
0.373713
0.268177
0.224731
0.204901
0.335698
0.272027
0.314938
0.542213
0.252243
0.162614
1.49508
0.2342
0.258658
1.10069
0.226636
0.345026
0.553578
0.183514
0.396267
0.258126
0.542105
0.425292
0.237135
0.350971
0.486871
0.299329
0.27804
0.320098
1.91864
0.406031
0.235185
0.401489
0.187871
0.428756
0.373455
0.293176
0.284716
0.328094
0.412783
0.206394
0.221271
0.277634
0.348241
0.248632
0.263135
0.343516
0.353884
1.00003
0.286556
0.223753
0.261007
0.520488
0.436299
0.289238
0.366987
0.243109
0.766637
0.240559
0.20639
0.227358
0.254098
0.257492
0.460112
0.667463
0.2766
0.274036
0.139749
0.527837
0.319928
0.158963
0.201671
0.333686
0.142614
0.557369
0.393877
0.669699
0.180224
0.329549
0.813706
0.307756
0.585665
0.352513
0.267039
0.25523
1.67404
0.388778
0.499893
0.48005
0.214922
0.288729
0.64246
0.359289
0.451449
0.314922
0.214622
4.47719
0.307379
0.301179
0.239536
0.199685
0.351643
0.37922
0.142652
0.200025
0.253159
0.607664
0.232196
0.311078
0.195248
0.330151
0.138755
0.181765
0.409703
0.220159
0.318234
0.252334
0.359235
0.156669
0.21302
0.306731
0.147634
0.447694
0.20833
0.136638
0.293758
0.219717
0.534107
0.497172
0.552718
0.328478
0.384609
0.758249
0.162889
0.152166
0.297226
0.67716
0.232342
0.342092
0.365612
0.132553
0.265949
0.211144
0.23733
0.294929
0.222935
0.334154
1.55643
0.197831
0.510943
0.672766
0.352971
0.951388
0.376644
0.459339
0.276344
0.373449
0.197164
0.237943
0.947322
0.286988
0.5212
0.174606
0.233485
0.291159
0.38707
0.472026
0.30646
0.315892
0.563625
0.231745
0.57052
1.04344
0.224353
190.884
0.172035
0.153806
0.331531
0.187842
0.322153
0.546233
0.16887
0.283522
0.282973
0.251465
0.202294
0.227347
0.214021
0.5295
0.227479
0.340912
0.311661
0.206064
0.354396
0.221365
0.357581
0.337195
0.393975
0.307437
0.152097
0.387489
0.184236
0.162942
0.386097
0.170248
0.18513
0.27135
1.07525
0.321235
0.469195
0.424881
0.680131
0.357059
0.358281
0.124419
0.172766
0.437718
0.20933
0.360858
0.189661
0.285226
0.509049
0.269633
0.799158
0.410229
0.205376
0.224403
4.34735
0.253926
0.28739
0.290685
1.00533
0.354665
0.207265
0.231925
0.684754
0.344654
0.67056
0.168347
0.280816
0.276422
0.655644
0.129372
0.245252
0.264692
0.188243
0.349339
0.251323
0.838885
1.2713
0.76506
0.136463
0.336266
0.26829
0.956243
0.581569
0.144313
0.394253
1.41975
0.362794
0.18079
0.378439
0.374649
0.779191
0.604933
0.338126
0.272968
0.381975
1.82118
0.389332
0.189564
0.21709
0.273009
0.377744
0.219367
0.689731
0.221303
0.908593
0.374093
0.514609
0.365842
0.105231
0.24071
0.309717
0.529089
0.40595
0.293762
0.481011
0.258695
0.247393
0.218558
0.38554
0.179633
0.886117
0.720242
0.416278
0.414177
0.1833
0.144885
0.177774
0.366585
0.756707
0.47535
0.430946
0.14377
1.1566
0.247143
0.269083
0.392525
1.91137
0.250421
0.268992
0.239601
0.420374
0.408296
0.272813
0.112845
0.140187
0.271926
1.3393
0.289635
0.453186
1.13197
0.2485
0.277308
0.168635
0.261154
0.189964
0.294961
0.212631
0.260381
0.334274
12.9895
0.261067
0.33305
0.413258
0.678491
0.237967
0.598155
0.407726
0.210913
0.293708
1.84636
0.374165
0.143952
0.189931
0.424642
0.184404
0.253404
0.331535
0.180271
0.276096
0.561183
0.253107
0.2903
0.281523
0.291555
0.479289
0.479417
0.388985
0.30119
0.450911
0.883905
0.274036
0.244669
0.690431
0.264332
0.293606
0.27556
0.242928
0.30167
0.257592
0.219224
0.324411
0.523984
0.284095
0.300012
0.217253
0.274201
0.30909
0.293759
0.261643
0.195692
0.299088
0.493732
0.322801
0.736455
0.297244
0.268272
0.249015
0.26842
0.315678
0.222688
0.586264
0.297133
0.225
0.187849
0.229099
0.243366
0.503046
0.407427
0.241921
0.253275
0.825349
0.209825
0.469507
0.438814
0.362467
0.459731
0.418692
1.31119
0.588742
0.348536
0.288367
0.32132
0.291135
0.812728
0.290785
0.170562
0.290298
0.470998
0.255336
0.29118
0.321325
0.292186
0.292781
0.256487
0.3492
0.41063
0.349674
0.767011
0.255772
0.1559
0.26049
0.375476
0.218467
0.654479
0.241255
0.55589
0.206136
0.609992
0.330279
0.190106
0.25612
1.54182
2.33122
0.487398
0.259608
0.458143
0.335867
0.360872
0.281081
0.361213
1.23299
0.192416
0.224688
0.215436
0.295305
0.467307
0.638946
0.241622
0.471859
0.745748
0.377754
0.184264
0.195396
0.924646
0.160698
0.650446
0.778894
0.823182
0.200732
0.510347
0.427668
0.348814
0.372083
0.689164
0.276955
0.714466
0.252257
0.284547
0.476347
0.355841
0.20397
0.314076
0.34298
0.717799
0.986529
0.317451
0.331759
0.239222
0.262578
0.465149
0.227258
0.303605
0.408336
0.296255
0.362356
0.479153
0.171517
0.394756
0.204841
0.268005
0.278431
0.419099
0.536122
0.348558
0.391213
0.225293
0.420131
0.241698
0.131882
0.247346
0.203229
0.413793
0.163512
0.443152
0.487392
0.281258
0.244861
0.425773
0.292626
0.361371
0.262679
0.28657
0.229756
0.274599
0.168835
0.238597
0.244979
0.171473
0.205074
0.21001
0.207962
0.36122
0.855539
0.2674
0.377971
0.332257
0.360672
0.207722
0.347902
0.231929
0.562603
1.38799
0.277394
0.194256
0.279892
0.331466
0.281374
0.193715
0.137207
0.55566
0.663875
0.327473
0.463668
1.37546
1.53885
0.230058
0.258513
0.30336
0.434654
0.286562
0.337525
0.398608
0.49815
0.251014
2.42202
0.515285
0.304806
0.596475
0.323695
0.642775
0.301646
0.32874
0.460609
0.339523
0.268716
0.227179
0.348108
0.647234
0.246244
0.32124
0.405733
1.12702
0.329495
0.723348
3.04193
0.377764
0.41716
0.373223
0.297253
0.5488
0.205975
0.210382
0.340394
0.15555
0.222263
0.182866
0.444118
0.253338
0.299745
0.209554
0.376493
0.390199
0.587321
0.435688
0.247838
0.295735
0.193186
0.241846
0.310008
0.27676
0.713926
0.367164
0.377454
0.167243
0.410015
0.22758
0.361581
0.222611
2.2025
0.383091
0.383627
0.366291
0.224309
0.923577
0.197941
0.21852
1.82875
0.342412
0.286212
0.24271
0.191508
0.269443
0.287202
0.257917
0.259456
0.633843
0.203458
0.216226
0.408572
0.286453
0.395349
0.436127
0.318948
0.400449
0.259605
1.6484
0.13122
0.452228
0.241331
0.292318
0.397924
0.191146
0.219118
0.319956
0.63573
0.244817
0.327948
0.166905
0.264188
0.226609
0.436581
0.252769
0.177929
0.225365
0.288409
0.245461
0.597273
0.366544
0.597236
0.374896
0.187827
0.283318
0.561632
0.284009
0.476275
0.274435
0.423632
0.156471
0.251558
0.259751
0.477015
0.502566
0.24074
1.18942
0.404338
0.139067
0.263158
0.302007
1.14225
0.509981
0.255998
0.523483
0.224148
0.325299
0.355642
0.405564
0.331451
0.463255
0.423015
0.599952
0.502827
0.562242
0.55676
0.792888
0.158436
0.526894
0.156171
0.209847
0.441689
0.253145
0.371808
0.226621
0.635567
0.368806
0.57429
0.321902
0.418259
0.369743
0.544035
0.311906
1.08718
0.337824
0.177169
0.446438
0.318125
0.236048
0.340219
0.292524
0.203699
0.581561
0.781943
0.361569
0.2622
0.51726
0.928935
0.256681
0.524244
0.95413
0.456176
0.52693
0.405623
0.241179
0.14721
0.345476
0.368868
0.210373
0.233404
0.341273
0.355565
0.324252
1.81362
0.16837
0.167105
0.279303
0.629018
0.472151
0.251918
0.267877
0.3789
0.372723
0.201053
0.863427
3.09926
0.17068
0.335034
1.68981
0.245939
0.698065
0.593404
0.514048
0.432521
0.517051
0.246784
0.356345
0.366992
0.37758
0.3862
0.316158
0.417065
0.272893
0.77508
0.293735
0.329623
0.718147
0.386526
0.228615
0.262116
0.202777
0.296258
0.404353
0.294618
0.448003
0.171144
0.352943
0.227922
0.456511
0.250793
0.437166
0.225423
0.331753
0.229671
1.21263
0.224816
0.838252
0.414359
0.529205
0.306685
0.540267
0.405438
0.291453
0.130123
0.215506
0.225319
0.312046
0.222383
1.34518
0.34746
0.359142
0.212327
0.212765
0.155048
0.271296
0.291708
0.41713
0.411826
0.212357
0.207239
0.34851
0.283057
0.289777
0.358369
0.217803
0.13285
0.303355
0.282662
0.292712
0.326018
0.744583
0.240966
0.259634
0.268409
0.244275
0.23561
0.281135
0.410834
0.365547
0.400367
0.259591
0.260274
0.246978
0.283498
0.309982
1.56209
0.20001
0.416567
0.24523
0.398065
0.331904
0.20318
0.581605
0.201002
0.613786
0.16967
0.542685
1.97639
0.980672
0.397833
0.140375
0.276808
0.592598
0.328943
0.328816
0.960136
0.182105
0.619649
0.662473
0.263107
0.490337
0.496724
0.171971
0.443318
0.505937
0.205022
0.254772
0.269732
0.238062
1.31389
0.320691
0.271824
0.241662
0.359887
0.843555
0.361776
0.221471
0.25197
0.44882
0.304942
0.163128
0.658203
0.309864
0.321642
0.159018
0.342333
1.09641
0.459741
0.330587
0.174026
0.204512
0.305194
0.530744
0.285674
0.170421
0.410664
0.406083
0.514063
0.149781
0.386854
0.308074
0.376433
0.236686
0.292812
0.525575
0.338337
0.382081
0.346083
0.205783
0.333783
0.335195
0.247148
0.172044
0.607129
0.173877
0.290827
0.258816
0.59145
0.261972
0.20928
0.382913
0.149101
0.412668
0.24627
0.311329
0.134578
0.299094
0.150371
0.303947
0.345113
0.336875
0.571424
0.25834
0.243486
0.261567
0.551647
0.345208
0.259545
0.330553
0.306998
0.440906
0.40526
0.251125
0.378054
0.424336
0.410598
0.359203
0.353041
0.242099
2.19738
0.364468
0.777979
0.35556
0.273052
0.319681
0.923524
0.431328
0.449203
0.244616
0.66747
0.963235
0.327064
1.29498
0.338175
0.328579
0.38009
1.22348
0.257556
0.195122
0.38492
0.335422
0.242253
0.227007
0.336541
0.206531
0.210882
0.512743
0.328623
0.288731
0.390538
0.593111
0.198562
0.68643
0.564575
0.466771
0.253249
0.262561
0.240325
0.19206
0.158933
0.304844
0.202199
0.982773
0.859366
0.308673
0.246415
0.142936
0.206649
0.333255
0.306703
0.334205
0.164197
0.12743
0.57031
0.479588
0.16658
0.469974
0.460223
0.263842
0.193795
0.393403
0.423567
0.292258
0.35805
0.363057
0.479742
0.290507
0.480634
0.379105
0.720732
0.355905
0.299966
1.0725
0.59841
2.23749
0.346447
0.333469
0.420455
0.516983
0.6211
0.265745
0.253641
0.571607
0.263891
0.259451
0.992343
0.296524
0.355227
0.420585
0.520971
0.247834
0.215663
4.50726
0.821083
0.100244
0.32161
0.333929
0.172941
0.190341
0.291651
0.505356
0.387677
0.268557
0.168105
0.467198
0.42597
0.588588
0.424384
0.558663
0.636613
0.512972
0.335445
0.210469
0.440739
0.175235
0.250942
0.474938
0.256323
0.401365
0.324608
0.348926
0.566629
0.263697
2.13156
0.815204
0.304705
0.343314
0.380526
0.399738
0.323133
0.540133
0.210908
0.199349
0.213867
0.46809
0.44874
0.198195
0.158617
0.430634
0.347126
0.268977
0.35283
0.217775
0.322386
0.816147
1.6797
0.263289
0.581283
0.256475
0.298096
0.233133
0.241437
0.427263
0.400585
0.297694
0.380014
0.157961
0.3949
0.294238
0.210212
0.266269
0.525683
0.348268
0.248632
0.165966
0.360954
0.583823
0.446614
0.258673
0.722313
0.253885
0.258229
0.403075
0.498623
0.234289
0.3552
0.373585
0.246522
0.543034
0.182676
0.41348
0.579217
1.01963
0.213292
0.27293
0.466216
0.25481
1.75392
1.22329
0.242387
1.16623
0.399762
0.16272
0.328348
0.391533
0.210043
0.857685
0.280177
0.224738
0.219756
0.258753
0.326472
0.300117
0.555802
0.271011
0.175507
0.28724
1.71734
0.895499
0.336941
0.358469
0.204055
0.220773
0.647742
0.23655
0.194201
0.278292
0.172814
0.319281
0.261314
0.422344
0.215293
0.179142
0.889037
0.307229
0.26412
0.262019
0.17882
0.345125
0.252121
0.491311
0.18951
0.388426
0.282494
0.194607
0.217596
0.29745
0.574179
0.42615
0.194065
0.362265
0.183711
0.405024
0.430545
0.308467
0.847397
0.310076
0.42502
0.342877
0.575397
0.41769
0.432493
0.384568
0.163097
0.307465
0.357331
0.229882
0.280568
0.571277
0.203863
0.339946
0.188587
0.313794
0.338241
3.26
0.237654
0.129195
0.508464
0.149279
0.346304
0.184296
0.956684
0.236162
0.276458
0.179673
0.662528
0.252123
0.43714
0.269798
0.31397
0.869252
0.561386
0.217234
0.299228
0.35754
0.527851
0.209263
0.15595
0.291993
1.38373
0.281759
0.212742
0.319437
0.259549
0.464482
0.231347
0.230589
0.590441
0.580486
0.634142
0.375038
0.208003
0.239289
0.281351
0.304559
0.368319
0.282928
0.621028
0.209041
0.517216
0.470703
0.300472
0.23365
0.195347
0.340985
0.326001
0.329664
0.417153
0.484599
0.280989
0.211433
0.209103
0.241926
0.389241
0.469634
0.21133
0.179505
0.244097
0.209033
0.270223
0.411279
0.193855
0.314397
1.36156
0.290858
0.188697
0.47984
0.167375
0.378538
0.394573
0.471626
0.359917
0.306712
0.206068
0.295785
0.319054
0.194361
0.30546
0.268389
0.628966
0.30295
0.151916
0.768305
0.363646
0.269829
0.184815
0.345607
0.678378
0.339288
0.375196
0.550999
0.285134
0.17657
0.631451
0.30211
0.23567
0.334193
0.331931
0.188262
0.275199
0.409996
0.264703
0.364423
0.256566
0.796454
0.48021
0.318388
0.218666
0.305831
0.485164
0.260405
0.426121
0.279807
0.703847
0.190826
1.26188
0.289036
1.00687
0.521125
0.330158
0.175098
0.290094
0.15649
0.165691
0.305017
0.320251
0.391217
0.197677
0.179339
0.177543
1.369
0.350686
0.316867
0.160773
0.710757
0.22282
0.248988
0.514808
0.182219
0.31052
0.818087
0.385396
0.298305
0.292976
0.406251
0.238999
0.486494
0.23315
0.217556
0.455936
0.218724
0.413248
0.365613
0.632688
0.195463
0.383776
0.363737
0.58203
0.804367
0.569459
0.191573
0.364958
0.261092
0.325575
0.277892
0.127522
0.274028
0.237232
0.406077
0.385216
0.312169
0.185671
0.131057
0.239719
0.263346
0.237178
0.261783
0.298287
0.40418
0.559381
0.785075
0.252629
0.212086
0.514819
0.228145
0.142028
0.45145
0.621314
0.379184
0.731328
0.258188
0.280195
0.574424
0.353365
0.472568
0.242868
0.448912
0.363232
0.363279
1.02242
0.190147
0.261327
0.347176
0.306083
0.24191
0.240793
0.360169
0.196857
0.207076
0.388761
0.54425
0.282296
0.726239
0.181698
0.330873
0.619057
0.782765
0.576153
0.350169
0.220823
1.04495
0.188628
0.453391
0.442889
0.266594
0.369647
0.39798
0.46599
0.145864
0.266878
0.244879
0.362193
0.0834211
0.362721
0.509729
0.321728
0.266251
0.385173
0.283868
0.646439
0.141256
0.430845
0.484944
0.236547
0.327771
0.250277
0.682352
0.339399
0.275798
4.50616
0.449075
0.137943
0.497423
0.395716
0.509387
0.145226
0.309804
0.492801
0.781345
0.347826
0.254132
0.154472
0.458511
0.188041
0.510501
0.171421
1.20539
0.272039
0.426421
0.64317
0.553877
0.379787
0.269985
0.41331
0.417607
0.409107
0.357214
0.498892
0.139581
0.400641
0.363035
0.135671
0.281628
0.343767
0.221738
0.478325
0.256153
0.248685
0.357069
0.324793
0.847734
0.282069
0.314993
0.166012
0.210559
0.50888
0.397425
0.519455
0.563132
0.180503
0.337676
0.309435
0.178469
0.322412
0.229508
0.200913
0.564336
0.307032
0.467914
0.48059
0.358176
0.178763
0.394523
0.282826
0.359698
0.274085
0.313915
0.368622
0.263499
0.323606
0.583759
0.374859
0.399562
0.288776
0.255645
0.457818
0.199483
0.271131
0.289735
0.195417
0.610276
0.242881
0.191456
0.340427
0.344519
0.796995
0.208565
0.274084
0.445049
0.343157
0.426419
0.285682
0.701837
0.303036
0.756362
0.17239
0.233491
0.374924
0.160825
0.253299
0.353556
0.419479
0.251172
0.235932
0.539674
0.359065
0.383575
0.291147
0.455875
0.47341
0.952251
0.42488
0.37063
0.369858
1.77698
0.356973
0.21369
0.243286
0.230303
0.268466
0.468297
0.38074
0.220557
0.162302
0.21065
0.373898
0.413916
1.02809
178.102
0.625588
0.172224
0.444812
0.186722
0.320579
0.336444
0.256944
0.627617
0.213871
0.33134
0.207367
0.325223
0.206806
0.163079
0.202389
0.704268
0.59037
0.415322
172.607
0.327014
0.26974
0.261639
0.255863
0.347704
0.346502
0.475082
0.404584
0.282594
0.252957
0.175357
0.207514
0.204846
0.838065
0.326424
0.178582
3.27987
0.31108
0.398624
0.341667
0.252925
0.212689
0.265755
0.229771
0.171064
0.247476
0.394428
0.181563
0.189842
0.709859
0.303012
0.388007
1.08826
0.237192
0.297908
0.280152
0.267584
0.31241
0.156597
0.408173
0.232546
0.760656
0.34592
0.26661
0.264789
0.305499
0.285386
0.243246
0.336965
0.35074
0.315871
0.21517
0.24383
0.203523
0.347969
0.395363
0.246555
0.161723
0.430145
0.310692
0.558283
0.426736
0.610953
0.411668
0.316271
0.745128
0.305109
0.199113
0.654536
0.383879
0.220259
0.286618
0.582195
0.23648
0.294955
0.171918
0.34547
0.201088
0.33204
1.21654
0.185942
0.243822
0.301391
0.178685
0.257781
0.429978
0.267268
0.402202
0.36114
0.276972
0.698777
0.188845
0.262205
0.249936
0.302814
0.293783
0.24716
0.220034
0.277395
0.192235
0.522109
0.303563
140.391
0.319434
0.275259
0.295073
0.385967
0.655596
0.301783
0.310825
0.267548
0.326247
0.23781
0.237151
0.37316
0.2428
0.242928
0.178014
0.175245
0.374725
0.334666
0.241648
0.787058
0.20281
0.379764
0.301955
0.242757
2.91717
0.477103
0.275167
0.51488
0.261748
0.206006
0.272493
0.175067
0.354289
0.227916
0.277055
0.234726
0.505501
0.277582
0.504938
0.331968
0.299656
0.124268
0.326592
0.780936
0.200074
0.195412
1.0366
0.755389
0.177779
0.598299
0.304538
3.87817
0.246085
0.586672
0.434288
0.342718
0.283266
0.911144
0.32986
0.249446
0.432916
0.566719
0.415055
0.345167
0.289727
2.24897
0.184335
2.22303
0.640479
0.310879
0.24626
0.196567
0.260346
0.339299
0.183113
1.8842
0.205683
0.257694
0.563627
0.217426
0.207106
0.256791
0.222542
0.205992
0.258383
0.50146
0.202261
0.468474
0.221805
0.160973
0.208743
0.294781
0.687045
0.79816
0.322327
0.184108
0.425248
0.206954
0.701647
0.416846
0.150543
0.264441
1.0087
0.2144
0.243638
0.239467
0.217318
0.232349
0.278819
0.298816
0.349881
0.163571
0.231122
0.17216
0.555694
255.226
0.378448
0.589449
0.18232
0.368751
0.288274
0.45633
0.369943
0.208647
0.34971
0.329761
0.492259
0.63607
0.313153
0.417476
0.41029
1.02066
0.365684
0.443385
0.542188
0.175122
0.431822
0.317753
0.346011
0.504802
0.306911
0.454139
0.238163
0.78674
0.180709
0.220075
0.251026
0.802559
0.359682
0.217038
0.255069
0.423332
0.61354
0.523114
0.355747
0.424213
0.422835
0.350957
0.23032
0.250069
0.24036
0.234855
1.26621
0.285951
0.267664
0.628838
0.726789
0.405038
0.35395
0.821131
0.745926
0.281584
0.21222
1.24293
0.280506
0.259163
0.286797
0.358073
0.331244
0.39234
0.493482
0.296568
0.386355
0.203757
0.353077
0.47466
0.305874
0.343593
0.200363
0.219846
0.371304
0.370188
0.357644
0.623304
0.169425
0.45981
0.521022
0.481389
0.38624
0.262242
0.125699
0.144812
0.141075
0.269338
0.307809
0.538606
0.449533
0.257358
0.269208
0.880874
0.292631
0.170605
0.302398
0.239022
1.6443
0.218803
0.361287
0.716361
0.795295
0.632028
0.619142
0.225576
0.4675
0.204437
0.222656
0.435647
0.945185
0.187359
0.698909
0.255161
0.741251
0.521406
0.269564
0.309412
0.467956
0.426017
0.322664
0.490058
0.341703
0.431863
0.184797
0.260165
0.157781
0.284496
0.202308
0.422937
0.282639
0.356595
203.672
0.172746
0.265444
0.396526
0.518228
0.338498
0.656749
0.298481
0.895884
0.292612
0.259129
0.216272
0.294597
0.363521
0.18039
0.210485
0.417037
0.188813
0.265866
0.844715
0.408316
0.244481
0.257331
0.471523
0.488759
0.230117
0.323422
0.286341
0.246111
0.238432
0.199931
0.280421
0.21607
0.256562
0.225133
0.199242
0.209068
0.25747
0.191924
0.453153
0.531488
0.302678
0.396546
0.615311
0.171055
0.263975
0.854567
0.296087
0.244848
0.222762
0.26512
0.182744
0.230377
6.48177
0.25371
0.19059
0.608288
0.483849
0.247778
0.433331
0.244404
0.34708
0.337765
0.290563
0.406711
0.265172
0.491832
0.228304
0.191196
0.203227
0.446282
0.100074
0.414985
0.130479
0.225596
0.28792
0.353036
0.348661
0.443601
0.361551
0.251495
0.258766
0.256145
0.286228
0.297795
0.17429
0.294695
0.350772
0.396989
0.26184
0.781826
0.454034
0.419001
0.411593
0.349857
0.30802
0.32783
0.155555
0.462324
0.48091
0.177691
0.424937
0.227717
0.309534
0.390866
0.446847
0.241468
0.345747
0.281636
0.209213
0.194833
0.20537
0.214276
0.364543
0.199077
0.865197
0.51435
0.244133
0.218396
0.191403
0.220783
0.213291
0.337152
0.278781
0.402166
0.221725
0.280973
0.210715
0.221549
0.171345
0.257121
0.186742
0.318698
0.255867
0.2474
0.205677
0.449685
0.174849
0.258529
0.458178
0.358911
0.589521
0.211851
0.291845
0.319738
0.49504
0.396395
0.839098
0.39555
0.260238
0.186491
0.180052
0.620433
0.30742
1.62017
0.346838
0.231882
0.497649
1.01678
0.351479
0.288168
0.245347
0.142234
0.240841
0.352704
0.268205
0.418347
0.23762
0.775334
0.531986
0.352903
0.24602
0.391108
0.341975
3.99781
0.512553
0.160865
0.477788
0.926569
0.295485
0.255857
0.497419
0.396645
0.3957
0.263967
0.539879
0.574097
1.02266
0.393341
0.321689
0.171533
0.239577
0.448049
0.184737
0.217973
0.310558
0.26552
0.269245
0.189066
0.308472
0.21004
0.260805
0.272417
0.193329
0.199182
0.245467
0.596119
0.163451
0.24418
0.149778
0.317222
0.374839
0.339844
0.124001
0.196481
0.626053
0.407039
0.163956
0.401749
0.258786
0.345842
0.256662
0.521483
0.286384
0.296764
0.276425
0.353533
0.208478
0.172464
0.37102
0.236301
0.413035
0.807981
1.20338
0.891859
0.312996
0.429191
0.314133
0.16688
0.214255
0.341136
0.524776
0.35233
0.141036
1.69231
0.234324
0.491045
0.267858
0.233184
0.964865
0.229463
0.325946
0.239947
0.222242
0.295593
0.467124
0.325871
0.216564
0.258002
0.358726
0.242964
0.240852
2.38624
0.307636
0.372356
0.24252
0.177886
2.11618
0.634811
0.312932
0.310913
0.417096
0.240027
5.46802
0.418551
0.260947
0.205924
0.265611
0.345559
0.262572
0.327919
0.420647
0.232161
0.265155
0.231983
0.223091
0.180048
0.549446
0.312473
0.648208
0.49935
0.437418
0.29823
213.381
0.260364
0.207788
0.296227
0.374159
0.372373
0.458717
0.19578
0.299049
0.265467
0.305607
0.241955
1.164
0.342592
0.376559
0.222146
0.1518
0.253303
0.679161
0.157544
0.369323
0.672085
0.52785
0.327105
0.297316
0.306491
0.273623
0.36327
0.380427
0.205195
0.268352
0.20833
0.170388
0.42376
1.19659
0.333423
0.688726
0.49218
0.325879
0.417901
0.131424
0.2086
4.23461
0.594011
0.245911
0.39294
0.232782
0.239635
0.351749
0.268646
0.218269
0.442187
0.715665
0.307608
0.19916
0.134998
0.188739
0.208361
0.192888
0.461435
0.251408
0.31253
0.237632
0.36197
0.299121
0.316605
0.292591
0.570975
0.355924
0.314399
0.122375
0.139361
0.269846
2.85729
0.498697
0.196992
1.92541
0.518121
0.20639
0.859318
0.258832
0.249008
0.204743
0.259956
0.323799
0.244948
0.163159
0.326715
0.256351
0.272432
0.391441
0.441573
1.38494
0.486457
0.195317
0.294819
0.280628
0.240694
0.294368
0.329394
169.579
0.4085
0.231061
0.262312
0.316613
0.131744
0.214093
0.255684
0.606939
0.263078
0.381791
0.349293
0.216269
0.17238
0.363637
0.203298
0.406131
0.187904
0.466228
0.288299
0.266318
0.210909
0.284941
0.277528
0.343227
0.183115
0.360259
0.363489
0.303562
0.498612
0.189933
0.244364
0.204863
0.612312
0.558264
0.454651
0.273073
0.306831
0.801283
0.348146
0.199542
0.37594
0.183866
0.456503
0.468008
0.235008
0.243063
0.237495
0.268212
0.489834
0.747631
0.380408
0.350629
0.304994
0.226827
0.36072
0.274862
0.147658
0.16784
0.465415
0.175291
0.329225
0.286398
0.313663
0.203811
0.205495
0.237434
0.361711
0.207874
0.147683
0.729758
0.349686
2.12546
0.182752
0.180291
0.432722
0.379174
1.52419
0.601772
0.321456
0.8197
0.201656
0.325336
0.430485
0.278379
0.261076
0.397686
0.233385
0.50402
0.256046
0.258212
0.267317
0.185069
0.300445
0.257686
0.249316
0.447571
0.0985715
0.40207
0.26912
0.204739
0.350778
0.258279
0.309897
0.234975
0.288863
0.378863
0.24388
0.281713
0.392106
0.273011
