1.00206
1.00242
1.00244
0.993429
0.990195
0.998524
0.996743
0.994977
1.00533
0.985736
1.00459
1.00503
1.01703
0.995221
1.01335
1.00681
1.00426
1.00283
0.988443
1.00801
0.995616
0.994643
0.991292
0.992137
1.02477
1.01042
0.999081
0.987766
0.991968
1.00151
0.994259
0.990055
0.98239
1.00024
0.994007
1.00271
0.994228
1.01683
1.00524
1.00483
1.00878
0.991573
1.00412
1.00408
1.0058
0.992327
1.0118
0.999353
1.00066
0.999334
0.997181
0.987673
1.02273
1.00357
0.995273
0.99421
1.00867
1.00655
1.0183
1.00454
0.990327
1.0033
1.00003
0.998371
0.97881
0.995555
0.997015
0.988246
0.990965
0.998469
1.00109
1.01839
0.992594
0.996261
0.98947
0.993466
1.02748
0.990846
0.994959
1.01014
1.00611
0.984875
1.00691
0.998361
0.990128
1.00489
0.981566
0.999927
0.998367
1.00355
0.996303
1.01015
1.01267
1.00541
0.982445
1.00368
0.98539
1.01213
1.02335
1.01606
1.00506
1.00578
1.0085
0.996529
1.02004
1.00907
0.996895
1.0119
0.972474
0.999078
1.0246
1.0085
1.00981
0.997136
1.00069
1.00539
0.995063
0.994746
0.996697
1.00914
0.979786
1.00005
0.972656
0.997286
0.998824
0.994935
0.987196
1.00149
1.00625
0.996102
0.997969
1.0009
0.999729
1.01342
1.00157
0.998635
0.980244
0.989359
0.997228
1.01108
0.99809
1.00195
1.00859
0.996473
0.992439
1.00707
0.986171
0.987641
0.994599
0.998193
1.00709
0.992806
1.01336
1.01865
1.00306
1.00314
1.01542
1.00301
1.01338
1.01444
0.988427
0.979004
0.981816
0.991523
1.00405
0.994427
0.999101
0.978415
0.999603
0.991961
0.991094
0.994225
0.996496
0.989601
0.993744
0.984613
0.984795
0.999374
0.986224
1.00236
0.994825
1.00047
0.988381
1.00879
1.00291
0.993347
0.997743
1.00359
1.00518
0.988585
0.999357
0.991273
1.01221
1.00452
1.02521
0.983562
0.99002
0.997274
1.00877
0.982527
1.01003
0.995193
1.01665
0.991828
0.990917
1.00346
1.0082
0.988812
1.01149
1.00651
1.00471
1.01088
1.01267
0.98937
0.99025
0.989276
0.998651
0.989252
1.00449
0.999488
0.998293
0.995975
1.00619
0.992376
1.00996
0.992068
1.02394
0.990756
1.00731
0.994704
0.996815
1.02305
1.00647
0.984982
0.986722
1.00119
1.00292
0.99154
1.0159
1.01231
0.996981
0.982446
1.01896
0.997585
1.00481
0.981173
1.00042
1.00731
0.997378
0.996417
0.994897
0.991571
1.00136
1.01135
1.00156
1.00296
0.979838
1.00254
1.01233
0.987884
1.00038
0.990656
0.998644
0.993592
1.00504
0.997825
1.00781
1.00999
0.99652
0.986259
1.0098
0.999149
1.00051
1.00449
1.00483
0.999956
0.996093
1.00766
0.968938
1.01873
1.0033
1.00508
0.998576
0.99103
1.004
0.987559
0.994967
1.01122
1.00518
1.00359
1.01706
1.00227
1.00482
1.00164
1.00634
0.989251
0.998163
1.0131
0.998782
0.981719
0.996014
0.986955
0.996324
0.998785
0.99163
1.00062
1.00023
0.994605
0.988523
1.00126
0.992927
0.987331
1.01057
1.01064
0.991457
1.0103
1.02195
1.00622
1.00973
1.00639
0.989806
1.00762
0.981775
0.996655
1.00846
1.00683
0.990237
0.979563
0.999929
1.01724
0.994453
1.005
1.00306
0.992958
1.01299
1.00908
0.989383
0.999225
0.998101
1.01242
0.998748
1.00536
0.984174
1.0036
0.985364
0.991715
0.990578
1.01578
0.99541
0.996746
0.993652
1.00348
0.99759
0.990931
1.00335
0.99359
0.999119
1.01865
0.981266
1.00545
1.00224
1.00757
1.00361
0.980545
1.0076
1.00322
0.994576
1.01122
1.00094
0.98936
0.987032
0.998861
1.01044
0.999067
0.992806
0.995565
0.989805
0.983313
1.00824
1.01344
1.00821
1.00775
0.975547
0.993655
0.993656
0.992926
1.00233
1.00688
0.985821
1.00713
0.983702
1.00483
0.989704
0.987404
0.999397
0.990398
1.00451
1.00971
1.00534
0.988465
1.00755
1.00151
0.991327
0.981617
0.997746
0.985116
0.98075
1.01275
0.995516
0.996044
1.00566
0.997537
1.00151
0.994366
0.998391
1.00749
1.01177
1.0009
0.993058
0.999587
0.97333
1.00354
0.987312
1.00082
1.01241
1.00014
0.999178
0.999859
0.99997
0.995873
1.01367
1.01377
0.990088
0.996101
0.996861
0.994626
1.00141
1.00069
0.98662
0.998618
1.00741
0.995817
0.992236
1.01224
1.01474
0.990275
1.0043
0.998129
0.998302
1.00641
1.00234
1.0021
1.00183
1.00623
1.01515
1.00918
0.990484
0.997855
1.01048
0.99617
0.994428
1.00254
1.00019
1.00177
1.00902
0.998702
0.999248
1.00376
0.991486
1.01002
1.01719
0.988225
1.00964
0.980407
0.997313
0.988722
0.999793
1.00058
1.00962
1.00676
1.01109
0.992058
1.02337
0.979579
0.99992
0.989609
1.00369
0.999597
1.00453
0.996848
1.00516
1.00486
1.01249
0.999146
0.984695
1.00363
0.995426
0.985405
1.00488
0.998301
0.993724
0.991465
1.00296
1.0117
0.996971
1.00139
0.99696
0.993637
1.00217
0.998649
1.00764
1.00621
1.02037
0.999006
1.01804
1.00458
0.992704
0.997353
0.993265
0.98463
0.99389
1.00076
0.988522
1.01783
0.986821
1.00723
0.993191
0.994551
1.0017
1.00664
1.01458
1.00416
0.991847
0.998421
1.01043
1.0064
0.987289
1.00944
0.994876
1.01668
1.00633
0.995217
1.00509
1.00056
0.998248
1.00369
1.00804
1.00596
0.998355
1.01377
0.998183
1.00233
1.00878
1.00983
1.00806
1.01986
0.995194
0.992337
0.989597
1.00605
1.01059
0.991135
1.01163
1.00391
1.00414
1.00293
1.00029
1.00172
1.00099
0.988204
1.00628
0.992811
1.00346
1.01058
1.00162
0.991559
0.996122
1.00105
0.991185
1.00215
0.983181
1.00259
1.00616
1.0008
0.984377
0.998013
1.00391
0.982168
0.999931
0.983151
1.0041
1.01262
0.985882
1.00022
0.994453
0.988742
1.00417
1.0024
0.998568
0.99304
0.99476
1.0102
0.986222
0.992395
1.00644
0.997115
0.996163
0.993768
1.00177
1.01029
0.994556
0.999897
1.0093
0.998424
1.00413
1.00703
0.997488
0.982629
1.00491
0.98521
0.994878
0.99566
0.990625
1.00295
0.996622
1.0044
0.994359
0.998139
0.97673
1.00177
1.01011
0.991561
1.00043
0.98802
1.0058
0.982114
0.988615
0.985144
0.994449
1.00726
0.991402
0.995808
0.995304
1.00821
0.994824
1.01318
1.01154
0.985261
0.976541
0.998897
1.00362
1.00747
1.00818
1.0227
0.985948
1.01907
1.012
1.00417
0.977613
1.00742
1.00565
0.986561
0.998236
0.99997
0.999445
0.988655
0.976122
0.992901
1.01284
1.01877
0.999347
0.996696
0.99203
0.999166
1.00531
0.992908
1.00997
0.998185
1.00298
1.00915
0.99373
0.99094
0.982459
0.973265
1.02441
1.00948
0.997798
1.00333
0.990105
0.998802
1.00668
1.00318
1.00251
0.986319
0.999916
1.00372
1.0153
0.979755
1.01091
1.00285
0.998789
0.995319
0.997922
1.00407
0.987493
0.97577
0.998309
1.00941
1.01744
1.01274
1.00524
0.980047
0.996921
1.00357
1.00867
0.976355
0.999279
0.998756
1.00826
0.995842
1.0024
0.999703
1.00738
1.00587
0.999074
0.998823
1.00428
0.994922
1.00104
1.01353
1.00535
0.985523
1.00932
1.01983
1.00574
1.00649
0.995297
1.01911
0.989041
0.997175
1.00855
1.00048
0.993804
0.994833
1.01701
0.982447
1.00512
0.997192
0.995178
0.999512
0.985904
1.00216
1.02754
0.991441
0.992406
0.990575
0.991789
1.00611
0.993733
0.999604
1.01126
1.01094
0.991387
1.0016
0.991062
1.00234
0.987349
1.00168
1.00168
1.01077
1.00285
1.00275
1.02143
1.0147
0.993665
1.00761
0.995229
0.998601
0.999623
1.01624
1.00772
1.00193
0.993132
1.00606
0.982837
0.995402
1.00224
0.998179
1.00874
0.998885
1.00551
0.984152
0.997347
0.978658
0.976401
1.0026
0.988649
1.00075
0.99437
1.00763
0.995244
1.00756
1.01106
0.984494
0.992395
1.00404
0.996521
0.99814
1.00084
0.996542
0.998913
1.01243
1
0.982975
0.986934
1.00976
0.997438
1.00149
0.995264
0.977532
1.00194
0.995554
1.0056
0.988875
1.00485
1.0088
1.00097
0.993505
1.02488
0.999417
1.00508
0.985709
1.00834
1.00781
1.00776
0.994299
1.01231
1.00435
1.00417
0.998753
1.00078
0.989062
0.992268
0.99236
1.00699
0.993677
1.00374
0.986186
1.00494
0.976682
1.00011
1.00424
0.994456
1.00017
0.985566
1.00137
1.02697
1.01422
1.0067
1.01236
1.01098
0.987919
1.00471
0.994019
1.0178
1.00278
1.0112
0.993142
0.974987
0.999996
0.988817
0.988196
0.981764
1.00261
0.999346
1.00253
1.01262
0.991779
1.02265
1.01955
1.0015
1.00736
0.991157
0.985032
1.00023
1.00459
0.997285
1.00084
0.983745
0.995862
0.998
0.983097
1.01404
1.01333
1.00703
0.988102
1.00562
0.988369
1.01064
1.00824
0.993342
1.00985
0.988311
1.01281
1.00922
0.99502
1.00937
1.00804
1.00841
0.99697
1.00262
0.986743
0.977648
1.00981
1.00643
0.995842
0.989932
0.997152
1.00092
1.00302
1.00272
0.997911
0.996915
0.993665
0.991115
0.996098
1.00386
1.00239
1.02448
0.995093
0.999294
1.02286
0.98502
1.01148
1.0033
0.999386
0.990914
1.00956
0.992988
1.0116
0.999509
0.982597
0.98772
0.997816
1.00402
0.984761
1.00368
0.995188
1.0199
0.990931
1.01284
1.00019
1.00096
1.00251
1.00374
0.997524
1.00518
1.0047
0.9995
0.996676
0.984557
1.01236
0.996114
0.986399
0.99432
1.00413
1.00371
0.998567
1.00188
0.997571
0.998743
0.977299
0.995709
1.01053
1.00133
1.00025
1.01688
0.984362
0.994707
0.988412
0.997591
1.01236
0.98819
1.01839
1.00326
0.997962
0.993887
1.00186
1.01662
0.991864
1.00225
1.01065
1.00012
0.984977
0.990397
0.994394
1.01841
1.00126
1.00648
1.00945
0.993968
0.993351
1.00926
0.98603
0.999879
0.997957
1.00882
0.99846
1.01461
0.982639
0.999557
0.99785
1.00405
0.983325
1.0042
1.00232
1.00567
0.998174
0.986684
0.998748
0.996883
0.998311
1.00152
0.973974
0.981989
0.974266
1.01503
0.984658
1.01504
0.99087
1.01537
0.996299
0.994767
1.00329
0.998976
0.997246
1.00403
0.992284
1.00513
1.00675
0.980119
1.00006
0.99567
1.0081
0.995085
0.993531
0.999841
0.997374
0.982684
1.00325
1.01427
1.00017
0.977338
0.9923
1.00466
0.996941
1.01085
0.989225
0.999882
1.00289
0.981902
1.00089
0.994414
1.00744
1.01249
1.00034
0.97733
0.999402
1.00878
1.00946
1.00558
1.01308
0.992238
1.01376
0.997276
0.995297
1.00835
0.981494
0.999859
0.998339
1.00866
1.00344
0.997697
0.99325
1.01404
0.994862
1.00808
1.01013
0.97997
0.98819
0.997487
1.00912
0.985032
1.01696
0.983728
1.02033
0.98884
0.981952
0.995606
1.00901
0.994802
0.996499
0.993397
1.00715
0.995735
0.999889
0.998299
0.984016
1.0088
0.998229
0.993592
0.993755
1.02844
1.01604
0.996042
0.986324
0.997433
1.00732
0.999643
0.990844
1.0004
1.00397
1.00574
0.990311
1.00322
1.01962
1.0029
1.00562
0.998517
0.989843
1.00862
0.998379
1.00666
1.00282
1.01026
0.998109
0.990796
1.00503
1.01189
0.990292
0.987152
1.00039
0.995167
1.01219
0.981187
1.00456
0.996852
1.00089
0.993892
0.991647
0.99676
0.99762
1.01446
0.996238
0.994775
0.993418
0.98203
0.988127
0.993476
1.00439
0.996649
1.0072
0.996593
0.990476
1.01065
0.983529
0.988737
1.01191
1.00287
0.997523
0.985534
1.00877
0.997593
1.01757
0.978352
0.99774
0.996702
1.00347
0.998236
0.993366
1.00259
0.992903
1.00354
1.00438
1.00192
1.01932
1.00739
0.990222
1.01754
1.00595
1.00972
1.00026
0.983886
0.992124
1.00128
1.00907
1.01116
0.992394
1.00045
1.00828
1.00861
0.978327
0.990302
1.00595
1.00372
1.00725
1.0118
1.00215
0.988567
0.993283
1.01176
0.984647
1.01228
0.989776
0.983954
0.993902
1.00473
0.989338
1.00261
0.996911
1.00621
1.00204
1.02037
1.00658
1.003
1.00014
0.993822
0.984347
1.00266
1.02557
1.01079
1.00437
1.00467
0.995567
0.998521
1.00445
0.990595
1.00924
1.01536
1.00157
1.00911
0.989969
0.983782
1.00371
0.989704
1.01375
0.99779
0.990208
0.999865
0.995803
1.01338
0.999268
1.00135
0.99641
0.998557
0.976803
0.992392
0.99655
1.00307
1.00456
1.00892
0.998307
0.999875
0.997852
1.00698
1.00131
1.02375
1.01093
0.995504
1.0111
1.00904
0.992064
1.00277
1.00666
0.995859
0.99463
0.997244
0.989047
0.976021
1.00376
0.976193
1.0036
0.993305
0.994099
1.00957
1.00772
1.01263
1.00011
1.00561
1.00588
0.992734
1.00181
0.993072
0.997883
0.998908
0.994189
0.988463
1.00183
1.02173
0.994346
1.01639
0.99132
1.00115
1.0021
1.00371
0.994573
0.993706
0.982806
0.998867
1.00354
0.98777
1.01779
1.00635
0.984595
0.993221
1.00728
0.989331
1.00867
0.992426
0.999871
0.996714
1.00856
0.993767
0.981936
1.00004
0.98281
1.007
0.988555
0.989953
1.00362
1.00053
0.985084
1.01354
0.982965
0.999146
0.992409
1.0066
1.01076
0.988118
0.999755
0.991484
1.00708
0.999987
1.00834
0.98912
1.0101
0.991881
0.980669
1.00205
0.988628
1.00878
0.999454
0.997451
1.0107
0.998916
1.00699
1.00371
0.976725
0.998789
0.986426
1.00345
1.01638
0.988432
0.998242
1.00121
1.00952
1.00877
1.00214
0.993138
1.01238
0.990503
1.00136
0.997922
0.97927
1.01035
1.00814
1.01343
1.00975
1.00665
1.0044
0.978963
0.994633
0.998977
0.995767
1.00328
0.991967
1.00697
1.00774
1.0043
0.994461
1.01138
1.01133
1.0091
0.991883
1.00134
1.00262
0.992553
1.01161
0.990877
1.00035
0.997876
0.996902
1.00959
0.998311
1.00267
1.00702
1.01676
0.994343
0.993381
0.991223
0.993167
1.00015
1.00908
1.00255
0.977747
1.00573
0.993228
1.00178
1.0072
0.987539
1.01231
1.01839
0.99227
1.01193
0.996228
0.995542
1.01005
0.982787
0.980708
0.993286
1.007
0.991318
1.01092
0.992409
0.997891
1.00376
1.01122
0.981265
1.00142
0.997248
0.992748
0.997838
1.00842
0.985744
1.01506
1.00188
0.996456
1.00165
0.999412
0.992576
1.01055
0.999044
0.998985
0.982498
1.00279
0.995654
1.01084
0.991819
1.00084
0.992936
0.989713
1.01937
1.00397
0.993497
0.989144
1.00217
1.01798
1.00282
1.00363
1.01246
0.991617
1.00504
1.00133
1.00221
0.994648
0.996119
0.987538
0.996144
1.00429
0.993195
0.985136
1.00286
0.997015
1.00069
0.98651
0.979394
1.00014
1.00869
0.994618
0.985605
1.00236
1.03128
1.00694
0.994314
1.00343
0.998577
1.01391
0.982602
1.00724
1.01665
0.99055
0.983055
1.00167
1.00727
1.00361
0.989629
1.00647
1.00695
0.999433
1.00978
0.998536
0.995503
0.997333
1.00041
1.00649
1.01251
1.00294
0.983567
0.999535
1.00463
0.997864
1.01032
1.00851
1.01687
0.986359
0.99641
0.990426
0.993826
0.998761
1.02063
1.00169
1.01382
1.00651
1.00316
1.00363
1.00413
0.999336
0.991146
0.989055
1.00331
0.998149
0.99828
0.978587
1.01637
0.975657
0.989426
0.993872
0.99236
0.993294
1.00453
1.00862
0.992578
1.00062
0.993219
0.994961
0.994201
0.995833
1.01025
0.984341
1.01123
0.997293
0.999898
0.994034
1.01355
1.00899
0.987303
1.01126
0.987883
0.996913
1.00482
1.00194
0.997269
0.996828
0.979451
0.997217
1.00007
0.997989
1.00335
1.00103
0.993935
0.996801
0.995822
0.994737
0.989744
0.993203
1.00694
1.01802
1.01027
1.02273
0.997342
0.984551
1.0076
0.997548
0.998585
1.01558
0.999106
0.98949
0.992706
1.00068
0.987121
1.00102
0.995229
1.00239
1.00126
1.01499
0.998434
1.00425
0.994526
1.00109
1.00092
1.00555
1.00372
1.00327
0.98271
1.00907
1.00351
0.996207
1.00429
0.995261
0.985804
0.992722
0.991295
0.998259
1.00707
0.983178
0.990854
0.982579
0.995899
1.00272
0.993724
0.981466
0.994598
0.986635
0.998286
0.993889
1.00743
1.02439
0.993067
1.00384
1.01003
0.996931
0.987998
0.999366
0.99774
0.992554
0.994305
0.988434
0.98847
1.02117
1.00575
0.994442
1.00532
1.00709
0.991579
1.00197
0.977976
0.99365
0.978702
0.996996
1.00589
0.98947
0.997365
0.998159
0.996173
0.991633
0.987587
1.00503
0.992931
1.01633
1.00265
0.97716
0.989961
1.01214
1.00804
1.00142
0.991452
0.99457
1.01219
0.998292
0.998178
0.984148
0.997161
1.01062
0.977012
0.98679
1.01396
1.01856
0.988088
0.997835
0.992731
1.03602
0.987265
1.00274
1.01628
0.994311
1.00236
0.997811
0.992878
1.00158
1.00593
1.02469
1.01784
0.997843
1.00574
1.01187
0.996358
1.0019
0.987632
1.00624
0.999563
1.0111
1.00354
1.00771
1.02208
0.995355
1.00477
0.993356
0.988277
0.999009
0.981992
0.999325
0.99675
0.994348
0.993312
1.0093
0.980825
0.990188
0.99864
0.983529
1.00157
0.992939
0.993858
0.992912
1.00679
1.0055
0.98683
0.992697
1.00493
1.001
1.0119
1.00434
0.995579
1.00254
1.00262
1.01522
0.98543
0.999979
0.999452
1.0032
0.991338
1.01798
0.993821
1.00221
1.00385
0.994852
0.998311
1.00454
1.00131
0.98528
1.00907
1.0007
0.991841
1.00777
1.01952
0.997682
0.996809
0.993925
0.996839
0.978988
1.00053
0.998246
1.01444
0.994046
1.00089
0.977595
0.999829
1.00806
0.995539
1.00285
0.998378
0.996086
1.00324
0.999127
0.992707
1.0024
1.00206
0.994999
1.01335
1.01075
1.00225
0.984991
0.998097
1.00608
1.00484
1.00722
0.995788
1.01004
1.00758
1.01916
1.00164
0.993845
1.00088
0.994298
0.987991
0.999228
1.01116
1.0043
0.992544
1.00411
1.00415
0.991686
0.994562
1.00598
0.999688
1.00887
1.00266
1.00162
0.980126
0.997969
1.00721
1.00625
1.0003
0.979152
0.979399
0.981287
1.00177
1.01197
0.981458
1.00878
0.992957
1.00612
1.00233
1.00033
0.994576
1.01423
1.00154
0.992834
0.985401
1.00727
1.00251
0.999185
0.984485
1.00634
0.992472
0.994693
0.999161
1.00013
1.00888
1.00369
1.00873
1.00867
1.00238
0.990507
1.0013
1.00085
0.997272
1.00314
1.00067
1.00533
0.995764
0.980242
1.01671
1.0024
0.987253
1.02548
1.002
0.986697
1.00612
0.998602
0.988978
1.00913
0.986054
0.995111
0.990562
0.999481
0.994991
1.00756
0.995491
1.0093
1.01863
1.00953
0.990739
1.01212
1.00201
1.01187
0.996004
0.992674
0.993717
1.00603
1.00287
0.995681
0.998277
1.00531
0.985724
1.00311
0.989311
0.978943
0.997074
1.00048
1.00132
1.0014
0.984291
1.00421
1.00592
1.00555
0.99678
0.969359
1.00537
0.998506
1.00538
1.01282
0.996194
0.990174
0.999106
1.01609
1.00249
1.01919
0.988654
1.00377
0.99331
1.01423
0.998637
0.990933
0.996064
0.982441
1.00136
1.00212
1.00094
1.01187
0.989496
0.992023
0.994085
1.00693
0.99699
1.00002
0.998937
0.98728
0.989154
0.998433
0.998106
1.00339
1.00503
0.998582
1.00115
0.978058
1.00232
1.00423
0.991527
0.996531
0.990993
1.0011
1.00713
0.983994
0.996336
1.00175
1.0166
0.998908
1.00631
1.00683
0.99108
1.00546
1.00164
1.00234
1.00156
0.993724
1.01531
0.9854
1.00709
1.00662
0.999012
0.980883
0.984595
0.983604
0.980729
0.989495
1.01978
0.988401
0.987175
0.991199
1.00391
1.01054
1.00626
0.984928
0.990552
0.994297
1.00484
1.01587
0.994504
1.00984
0.998241
1.00201
0.984309
0.988548
0.995118
0.989556
1.01651
1.01039
0.996336
1.0027
1.00256
0.999272
0.994745
0.989626
1.0088
1.01383
1.00988
1.00494
0.989496
1.01033
1.00573
1.01331
0.997782
1.0283
1.00624
1.00204
1.01958
1.00292
0.992901
0.989617
1.00076
0.996452
1.00001
0.987189
1.00185
1.00212
0.989768
1.00086
1.00284
1.01166
1.01237
1.00096
1.00233
1.01522
0.981026
1.00992
0.996229
0.994162
0.999472
1.00174
0.997194
0.991828
1.01446
0.981131
0.992773
0.987272
1.0098
1.00371
0.998517
1.01241
1.00399
1.00831
1.01
0.987875
0.991133
0.980693
0.99991
1.00661
0.978259
1.00463
0.987525
1.00775
1.00145
1.00173
0.995233
1.00661
1.00277
1.00468
0.996358
0.991603
1.00687
1.00006
1.02385
0.995241
0.992052
1.0019
1.00319
0.998444
0.999591
0.98899
0.998755
0.996423
0.994641
1.0003
1.00669
0.998257
0.997102
0.998586
1.00308
1.01279
1.01073
1.00058
0.999957
0.993759
1.0026
1.0059
0.99967
1.01082
0.998512
1.01085
0.999457
1.00523
1.00185
0.98933
1.00158
0.977882
1.00207
0.995557
1.01202
1.00089
0.990577
0.998392
1.00053
1.00447
1.0003
1.01597
0.991189
0.99642
1.00556
0.989839
1.00179
1.01915
1.00505
1.01327
0.997888
1.00188
0.998132
1.00161
0.999476
1.00435
0.987156
0.979076
1.0122
0.989522
1.00607
0.992964
0.994717
1.01162
1.00715
0.996961
1.01936
0.999675
1.0136
0.996522
1.00087
1.01479
0.991816
1.01481
1.00477
0.992917
0.998856
0.995211
0.974968
1.00253
0.988893
1.01216
0.991868
0.988458
1.00625
0.997991
0.98767
0.993338
1.00052
0.997593
1.00332
1.01204
0.99461
0.988028
0.997998
1.00982
0.992495
0.99449
1.01378
1.00691
0.989711
0.99115
1.00994
1.00027
0.997376
0.993642
1.00424
0.973546
1.01282
1.00756
1.00239
0.984783
0.992086
1.0045
0.978731
0.976384
1.00949
1.01479
0.991771
1.00506
0.997477
1.00776
1.00876
0.99949
0.997912
0.998926
0.99937
1.00535
0.992712
0.987529
1.00534
1.00995
1.00916
0.997733
0.989538
1.00118
1.00466
1.00179
0.991028
0.997894
0.996344
0.997821
1.0011
1.00194
0.999773
1.00607
0.996136
0.994976
1.00944
0.992965
1.00878
1.00858
1.01874
1.0089
1.005
0.994052
0.989183
0.979302
1.01411
1.00059
0.985159
0.997294
1.00164
0.991687
1.02144
0.989373
1.00018
1.00861
0.989861
1.00783
1.00677
1.01045
1.00227
0.999487
0.995334
1.00317
1.0076
1.00237
0.997764
0.992697
0.995749
0.993508
0.98
1.00539
1.00352
1.00572
1.00272
0.993842
1.0113
0.994647
1.00246
0.981047
0.996694
1.00603
1.0001
1.00005
0.9928
0.994066
1.00837
0.993818
0.99474
0.998836
0.989513
0.996743
0.973996
0.992051
0.990612
0.9851
0.998574
1.01755
0.999862
0.997315
0.996296
0.993354
0.99117
1.00906
0.986405
1.01131
0.993966
0.994502
1.00398
0.98609
1.01256
1.00845
0.98474
1.01183
1.00323
0.99779
0.994845
0.995772
0.993691
0.988298
0.988757
1.00059
0.997209
1.00496
0.996215
0.993422
0.994304
0.979505
1.01514
1.01169
0.990871
0.976869
1.00138
1.0044
0.991088
1.01317
1.00223
0.996525
0.99697
1.00551
0.996624
0.983353
0.992412
0.991881
0.996546
1.00823
1.00738
1.01585
1.00491
0.985432
1.00538
1.00166
0.993037
1.00394
1.00138
0.997071
0.996701
0.993496
0.999803
0.99237
1.01213
0.983954
0.992195
0.977608
0.973595
0.98583
0.983971
0.997389
0.991449
0.995733
0.972213
0.995335
0.985801
1.00203
0.991801
1.00186
0.994907
0.988999
1.01658
0.996246
0.984917
0.999935
0.982277
0.99334
0.989573
0.999128
1.00478
1.0175
0.998948
0.999939
0.987327
0.997982
1.00695
1.00813
1.01234
0.991464
1.00409
1.01863
0.991654
0.978351
0.991312
0.995396
1.01678
0.998411
1.01209
0.998411
0.996813
1.00382
1.01525
1.00532
1.00831
1.00826
1.00292
1.02033
1.00944
1.00047
0.983427
1.00795
1.01491
1.01048
0.999662
0.979459
0.983538
0.985494
0.98509
0.995182
0.989243
1.01373
1.00136
0.996951
1.00842
0.987726
1.00006
0.974766
1.01239
0.988342
0.98125
0.994104
0.997256
0.994517
1.00876
1.0006
1.0065
0.992544
1.01427
0.999175
1.00478
1.0038
1.00568
1.01322
0.993631
0.996318
1.00812
1.01572
0.989158
0.995893
1.0051
1.00634
0.985413
1.01527
1.0042
0.988582
1.00016
0.983509
0.996397
1.00747
0.989879
1.0009
1.01326
0.99913
0.990589
1.00692
1.00168
1.0169
0.999682
1.00996
0.993849
0.992418
0.980172
0.993112
1.01566
0.991885
1.00044
0.987837
0.985561
0.97333
1.0028
1.00327
0.977188
1.00218
0.991005
0.998534
1.00626
1.0129
0.992453
1.01648
0.991542
1.01068
1.00295
1.00406
1.01565
0.997427
0.99989
0.989077
0.997228
1.00249
0.996324
1.02249
1.01189
0.993863
1.0051
1.00629
0.998784
0.983561
1.00328
1.0094
1.01979
0.99392
1.01873
1.00725
0.995033
0.994534
0.991835
0.99627
1.01013
0.986632
1.01856
0.984493
0.994899
1.01624
1.0035
1.00233
0.99762
1.00775
0.97755
1.00421
0.999601
0.996014
0.999079
0.998531
1.01313
1.00096
1.02185
0.981105
1.01611
0.986041
1.00908
0.974958
0.981611
1.00895
1.00901
1.00636
1.00107
0.999066
0.996383
0.995482
0.987354
1.0005
1.018
0.988646
0.993084
0.994914
0.991967
1.02085
0.997505
0.986535
1.00116
0.995859
1.00156
0.998382
0.986517
0.982056
0.996511
1.00294
0.99225
1.00328
1.00943
1.01541
1.01091
1.00908
0.997481
1.00296
0.983199
1.00034
1.00593
0.995819
0.984999
0.987921
1.01123
1.00315
1.00388
0.989497
1.00476
0.992403
0.999141
0.997787
0.998736
0.987654
1.00496
1.01301
1.0134
1.00351
1.01383
1.00215
0.995109
0.997176
1.00543
0.999237
1.00936
0.996616
0.991779
1.00347
0.985125
1.01046
0.991907
0.995756
0.993296
0.997841
0.990709
1.0019
1.00261
1.00743
0.997385
0.992228
0.993936
0.985288
1.00148
0.996672
1.0081
1.01051
1.01067
0.988988
1.00806
0.983151
0.995337
0.999419
1.00129
0.990794
0.989599
1.02394
1.00184
0.996034
0.983563
0.996466
1.0039
0.99115
1.02695
1.00428
1.00355
1.0019
0.992122
1.00506
1.01346
1.00686
1.00064
0.98819
0.999015
1.00842
1.001
1.00916
1.0164
0.993951
0.994044
0.994927
1.02326
1.01696
1.02126
0.991184
0.995676
1.00266
1.00207
1.01488
1.00412
0.99692
1.00339
1.01021
0.982535
1.00389
1.00335
1.00141
0.996621
0.99638
1.00334
1.0132
0.98654
1.01417
1.01016
1.02816
1.00347
1.00126
1.00705
0.993736
1.00817
1.00799
0.979025
1.00916
1.00971
0.998495
0.9836
1.02436
1.0108
1.00746
0.999835
1.01079
0.969419
0.991552
1.00852
1.02392
0.995387
0.996697
0.9858
1.00036
1.01035
1.01011
1.00229
0.999428
0.979769
1.01599
0.998691
1.00687
0.997967
1.0036
0.981737
1.00419
0.999022
0.989037
0.998471
0.985729
1.00678
0.995876
1.00475
1.0101
1.00603
0.981036
0.991771
1.01698
1.01439
1.00435
0.986836
0.997467
1.01468
1.01497
1.0018
1.00192
0.99265
0.982138
1.00077
0.999784
1.00574
0.992941
1.00193
0.985167
1.00302
1.00468
0.994772
1.00207
0.997469
1.01565
0.992242
0.990637
0.980227
1.01891
1.00903
1.00788
1.00677
1.01092
1.006
1.00814
0.978389
1.0003
1.00872
0.989389
0.977218
0.992254
0.997948
1.00951
1.00101
0.995114
1.00391
1.00151
0.984186
1.01005
0.98741
0.994404
0.990832
1.00333
1.00098
0.996962
1.00355
1.00305
0.997041
1.01503
1.00869
0.983045
1.00844
1.00554
0.996598
1.00222
0.997004
1.02043
1.00491
1.01185
1.01238
1.00216
1.00433
1.00199
1.00818
1.01057
1.00792
0.989154
0.991101
0.996245
1.0099
0.98615
1.01447
1.00826
1.00379
0.993346
0.994165
0.996452
1.01879
1.00034
0.992904
1.00253
0.998814
1.00402
1.00041
1.00159
0.997815
0.996135
0.985803
1.01156
0.994566
0.994206
1.01422
0.992638
0.994031
0.99565
0.995808
1.00853
0.985736
1.00922
1.0117
1.00376
1.00982
1.00837
0.994596
1.0088
0.987039
1.00556
0.991428
1.00499
0.996008
0.987938
0.987923
1.00218
0.997263
1.00943
0.993448
1.00791
0.9827
1.00206
1.01061
0.996242
1.00734
1.00775
0.999092
1.00149
1.01144
0.996839
1.00024
1.01759
0.997817
0.994854
1.00837
1.02805
0.992725
1.02022
0.994693
0.977075
1.00176
1.01682
1.01194
1.01332
1.00014
0.984044
1.00955
0.998863
1.01094
0.994408
1.00814
0.99513
1.00825
0.997008
1.00129
0.992565
1.01192
1.00552
0.994927
0.995868
0.991706
1.00074
0.995164
0.993908
0.988849
0.998055
0.993605
0.98443
0.983594
0.996683
0.994414
0.988097
0.983121
1.02218
1.01953
1.01499
0.993006
1.01849
0.993225
0.982306
1.00777
1.00229
0.994628
1.00425
0.999083
0.98802
1.00494
0.996965
1.00146
0.993224
0.985499
0.989907
1.00499
1.01086
1.00898
1.01808
0.986744
1.00956
1.01477
0.999441
1.00257
1.00125
0.997459
0.981584
0.990247
0.999594
0.998378
1.00025
1.00482
0.998283
1.00007
1.00069
1.00705
0.993176
0.989297
1.00279
0.994278
0.991379
1.01774
1.00793
1.00876
0.991249
0.996839
0.991249
1.00145
1.00116
0.990705
0.970835
1.00148
0.995259
1.00116
1.00765
0.981325
1.01351
0.998101
1.00099
1.0015
0.994616
1.00229
1.00262
1.01624
1.0033
0.999116
0.992223
0.99242
1.00804
0.997574
1.00701
1.01161
0.997352
1.00151
1.008
1.00532
0.997912
0.99047
1.00632
1.00117
0.99964
1.0053
0.972972
0.98938
1.01346
0.978819
0.987606
1.0058
1.01811
0.986883
0.9884
0.989857
1.00671
1.0052
1.0155
1.01368
0.998655
0.999026
0.991395
0.999556
1.00961
0.993819
0.997873
1.00561
1.00606
1.0093
1.00699
0.99206
1.00507
1.00431
1.00299
0.999856
0.978569
0.991054
1.00104
0.984307
1.00043
1.00391
1.00985
0.995324
1.00038
1.00864
1.00464
1.00192
0.994548
0.995524
0.991037
1.01087
0.991762
1.0214
1.00664
1.01462
0.998511
1.0022
1.00029
0.996674
0.998646
1.00274
0.998914
0.99614
1.00237
1.00526
0.999935
0.985212
0.998312
0.991306
0.990659
1.01548
0.99246
1.0088
1.00728
0.994811
1.00815
1.00564
0.998719
0.992677
1.01708
0.988437
0.989983
0.986941
1.00103
0.984087
1.0031
1.00524
0.991806
0.99248
1.0159
0.988929
1.0074
0.986809
0.997936
0.986409
1.00716
1.01311
0.998708
1.00086
1.00457
0.979248
0.992842
1.00341
1.00606
0.995267
0.999364
1.00278
0.989058
1.01586
1.01215
1.00496
1.00585
1.01035
0.998887
1.00896
1.01478
0.999784
1.00149
0.988764
1.01523
0.968553
1.01154
0.988099
1.0206
1.00758
0.992163
0.996347
0.980171
0.989981
0.99819
0.998952
0.989798
0.995157
0.980298
1.01448
1.00351
1.02238
0.999133
1.00751
0.995455
0.995908
0.990788
0.999197
0.999495
0.987302
0.997738
1.01674
1.02142
1.0026
1.00216
1.00567
1.01143
1.00538
0.993769
0.990347
0.986112
1.02393
1.00828
0.981994
0.985324
0.996602
1.00959
1.01538
0.987112
0.984942
1.00963
0.999816
1.0006
1.00254
1.0137
0.994548
1.00891
0.999661
1.02204
0.99901
0.997672
1.00261
0.994263
0.996739
1.00622
1.00685
1.00679
1.0053
1.00323
0.997434
0.994427
0.992155
0.995715
1.0108
0.994685
0.982698
0.99408
1.00073
0.999141
1.01644
0.998681
1.0007
1.00226
1.00157
1.00779
1.01122
0.999408
1.01084
0.997489
0.992091
1.00983
0.990067
1.00606
1.0041
1.00548
1.01293
0.996956
0.999398
1.00212
0.999861
1.01673
0.988965
0.985985
0.99778
1.01265
1.00621
1.00442
1.01007
1.00782
0.995642
0.992157
0.98565
0.998293
0.991028
0.982453
1.02401
0.999093
1.00569
0.990899
1.01539
1.00499
1.01147
0.998248
0.99564
0.983915
1.0028
0.982618
0.993976
1.02547
0.996246
1.00297
0.98529
1.01252
0.997261
1.00624
1.00272
1.00222
0.994485
1.01309
0.991601
0.997517
1.00179
0.999402
1.00617
0.991882
1.00982
1.00156
1.00256
1.00381
1.01469
0.982479
1.00398
1.00346
1.00329
0.999752
0.985459
0.994473
1.01355
1.00372
1.01058
1.00564
1.01231
0.981643
1.00447
1.00557
0.999924
0.990246
0.994608
0.998214
0.996079
1.01501
0.994227
1.01276
0.98292
1.00338
1.00481
1.00999
1.00432
1.00867
0.984881
0.996413
0.999606
1.00686
1.01332
0.992228
0.992207
0.999418
1.00157
0.999875
0.977051
0.998461
1.00963
0.980104
0.986551
1.00837
0.991367
1.00288
0.994604
1.00173
0.987495
0.993604
0.989499
1.00872
1.00464
0.996023
1.0086
0.996115
1.0045
1.00554
1.00018
1.01228
1.00425
0.991044
0.9825
1.00064
0.996454
1.00101
1.00443
1.00047
1.0176
1.00588
0.994531
1.00501
1.00665
0.999182
0.99253
1.00576
0.999458
0.992677
0.997136
1.01557
0.999142
1.02729
0.980796
0.994461
0.996516
0.992678
1.00536
0.999933
1.0065
0.99506
1.01162
1.00246
1.01293
1.0056
0.99048
0.999944
1.01281
0.970986
0.998263
0.987656
0.998169
0.997171
1.00885
1.01645
0.987248
0.986124
1.00712
0.990117
0.991962
0.990342
0.982534
1.01571
1.00149
1.0043
0.999896
0.998539
1.00544
0.987861
0.98723
0.99524
0.998613
1.00279
1.01843
0.981873
1.00324
0.988022
1.0077
1.01953
0.999067
0.987279
0.998866
1.02298
1.00687
0.992606
1.00828
0.984981
0.997557
1.00374
0.993367
0.991381
1.00888
0.982128
0.997285
1.00508
1.00019
0.999211
0.995616
0.997699
1.00048
1.00282
0.998275
1.00651
1.01301
0.99594
1.00658
1.00035
1.01002
0.985797
0.998005
0.982373
0.983684
1.01984
1.00793
0.992173
0.990704
1.00248
1.00565
1.00189
1.0031
0.991093
1.01168
1.00821
0.999316
1.0047
0.991619
0.975439
0.99433
1.00884
1.01493
1.00895
1.01469
0.99241
1.00256
0.988348
1.00762
0.981702
0.992051
1.00064
0.992351
1.01551
1.00197
1.01301
1.00807
0.99439
1.00822
0.995217
0.994164
1.01633
1.01057
1.00077
0.999311
1.00736
1.00733
1.01199
0.983845
1.00025
1.00429
0.980665
0.998975
1.00369
1.00171
1.00122
0.989146
0.994275
0.992552
0.998502
1.01631
0.990443
0.981212
1.00637
1.01163
0.98636
1.00312
1.01204
1.0048
0.992192
1.00651
0.992745
0.998972
1.0148
0.992906
1.006
1.01045
1.00429
0.996777
1.01416
1.00512
0.996874
0.995228
1.00054
0.998055
1.00514
0.985522
1.00535
1.00563
1.00761
1.00956
0.988447
0.991007
1.0006
1.00875
1.00146
1.01545
1.01373
1.01359
0.996903
1.0178
0.99156
1.00346
1.00301
1.01623
0.997957
0.988291
1.00522
0.995014
1.01231
1.00825
0.996862
0.992161
0.996677
0.996671
1.00894
0.99894
0.990163
0.996596
0.981968
0.997351
1.01433
1.00225
0.990924
1.01903
1.01031
1.00093
0.997137
1.00677
0.997041
1.00334
1.00273
1.01213
0.98231
1.01134
1.01039
1.00968
1.01174
0.988458
0.995096
0.996376
0.994813
0.989801
1.00456
1.00629
0.98995
0.989825
1.00439
0.992153
1.0056
1.01283
1.0125
0.991703
0.986889
1.00113
0.992817
0.998582
1.0099
1.01015
0.996394
1.0058
0.993174
1.00774
0.984494
1.00282
0.997788
1.01075
1.00082
0.997521
0.997011
0.99644
0.976775
1.00235
1.00109
0.999853
0.990369
0.97679
0.985548
1.01677
0.997137
1.00568
0.991564
1.01804
1.00461
1.00147
1.00025
0.999047
0.979691
1.01524
0.998197
0.993137
0.994887
1.00219
0.999339
1.01044
1.01495
0.997475
0.987179
0.999
1.00474
1.02465
0.983516
0.999842
0.995177
1.00163
1.02226
1.02332
1.00769
1.01378
1.00764
0.987973
1.01138
0.996172
0.996872
1.01977
0.991348
1.00403
1.007
0.990439
1.00136
1.01064
0.998307
1.00499
1.016
0.999013
1.00537
1.00516
0.98767
0.993692
0.990012
0.991377
1.00615
0.984865
1.00488
0.987172
0.993499
1.00648
0.999577
0.985415
1.00544
1.00917
0.987684
0.979814
1.00197
1.0004
1.01302
0.997091
1.01087
1.0024
0.997884
1.00621
0.990303
0.990302
0.99086
0.994701
0.974866
1.00993
1.00049
1.00175
0.993195
1.0114
0.980797
0.997684
0.996368
1.02411
0.983212
0.987106
0.99443
1.00609
1.01039
1.00004
1.00241
1.00758
1.01189
1.01149
0.994442
0.992958
1.0166
1.00464
1.00986
0.991541
1.00089
1.00302
0.999411
1.00148
1.00261
0.997664
0.9879
0.998308
1.01706
1.00617
0.996181
0.990368
1.01557
1.00616
0.999114
1.00391
1.00981
1.02047
1.0052
1.00411
0.996454
0.990772
1.00836
0.997716
1.00886
0.997724
0.990476
1.0022
1.00463
1.00158
1.01108
1.00571
0.99271
0.994175
0.992262
1.00346
1.01659
0.992969
0.992721
0.993133
0.998078
1.00418
0.990987
0.995803
0.982355
1.00268
1.01113
1.00536
1.02107
0.996215
1.00345
1.00522
0.995712
0.988103
0.994837
0.995196
1.02071
1.01155
1.00086
0.987304
1.01246
0.994812
0.994022
0.977799
0.997779
1.00864
1.01293
1.00105
1.00686
0.995883
1.03187
0.993623
0.986785
0.992856
0.998005
0.995614
1.01744
1.00622
0.993299
1.01045
1.02105
0.987044
1.00191
1.00437
0.999326
1.00516
0.993227
1.0131
0.993669
0.996501
0.995312
0.986364
0.997933
0.995369
1.00491
0.983136
1.01144
1.01073
0.998043
0.998203
1.00879
1.01169
0.98955
1.00212
1.01451
1.02871
0.997507
0.994822
1.01779
0.991207
0.991989
1.00856
0.997534
0.998336
1.0105
0.986531
0.998655
1.00215
1.01164
0.976989
1.0013
0.992519
0.988164
1.02315
1.01082
1.01616
0.994561
0.996318
0.994422
1.01137
1.00316
1.00564
1.01301
1.00105
1.01341
0.997243
0.994717
0.999672
1.01366
0.995959
0.988963
1.01155
0.983157
1.00975
1.00757
1.0014
1.00092
1.00552
1.00839
1.0076
0.996862
1.01107
1.00514
0.99561
0.999372
1.00316
1.00603
1.01234
0.983648
1.00515
1.01323
1.02396
1.00292
1.00426
1.006
1.00541
1.00406
0.990424
1.00004
1.0042
1.00489
0.996988
0.998098
1.01045
0.988369
0.99977
1.00016
1.00333
0.995831
1.01267
1.00031
1.00821
0.997532
1.00736
0.990778
1.02551
0.998888
0.992251
1.00215
0.99958
1.02824
0.997218
1.00303
1.01468
0.996188
1.00305
0.996398
1.0243
0.981393
1.00087
0.99107
1.00394
0.996631
0.991601
1.00621
0.996275
1.01675
1.00414
0.99576
1.00539
0.998636
0.988904
0.993919
0.999384
0.995825
1.01333
0.995546
0.985269
1.01846
0.9966
1.00952
0.991062
1.02023
0.986301
0.976516
0.982677
1.00301
1.00389
1.00742
1.01781
1.00403
1.00474
0.995035
0.998475
1.00117
1.00951
1.00333
0.98925
1.00042
1.00367
1.00756
1.01496
0.996565
0.999322
0.994969
1.00785
1.00247
0.994322
0.992826
1.00842
1.01355
0.995543
0.983124
0.997879
1.00702
1.00072
0.977856
1.00933
1.01494
0.987827
0.997574
0.987215
0.994355
0.998638
0.982563
0.998175
1.00952
1.0033
1.02784
0.994049
0.993921
0.993845
0.999432
0.994433
0.994908
0.984539
1.00321
0.986735
1.00631
0.990159
0.994124
0.995813
0.992943
0.985759
1.01332
0.995466
0.998132
1.00646
1.01072
0.982811
1.00205
1.00245
0.983433
1.00616
1.00566
1.0034
1.00243
0.994088
1.00155
1.0046
0.98716
1.00967
1.00776
1.00182
1.01908
0.996749
1.00192
1.01007
0.993712
0.984366
1.00588
1.01159
0.990976
1.01599
1.00686
0.99361
1.00722
1.01107
0.994141
0.99432
0.972722
0.999432
1.00526
0.998858
0.998008
1.01347
1.00515
1.00011
1.01568
0.99654
1.00326
1.00009
1.00054
0.997462
0.985219
0.985401
0.997831
0.992768
0.995967
0.982611
0.996525
1.00699
1.0055
1.00491
1.01091
1.01014
0.993102
0.990112
1.00058
0.973596
0.994331
0.999017
1.01733
0.986073
0.973236
1.00119
1.01284
1.00154
1.00217
0.998509
0.999534
0.995852
1.0131
0.998059
0.986073
0.996001
0.997521
0.994658
0.993435
0.987373
1.00753
0.991559
1.0032
0.987734
0.993275
0.994323
1.00296
1.00173
0.985118
0.965203
1.00398
1.00845
0.9985
0.996619
0.983142
0.996286
1.0088
0.973194
0.99631
1.00314
1.00196
1.01563
0.98689
1.00518
1.02157
1.00013
1.00615
1.00989
0.998589
0.993466
1.01301
0.994616
0.98879
1.00064
1.00012
0.98228
1.00166
0.981944
1.01134
0.999341
0.990035
1.0035
1.00102
0.994421
0.996883
0.991155
1.00296
0.991916
1.0006
0.986099
1.01299
0.997282
1.01206
0.981613
0.997623
0.994837
1.01065
0.998689
0.992217
1.01206
1.00966
0.989351
0.992821
1.00542
1.01387
1.00015
0.986422
1.00022
0.996564
0.990093
1.00365
1.0046
0.999384
1.00215
0.997939
0.99726
1.00827
1.00217
1.0043
0.994728
1.00673
0.991283
1.00846
1.00104
1.00144
1.00972
1.02189
0.98525
1.00844
0.993023
0.995281
0.997363
0.990118
0.991988
1.01078
1.00363
1.00185
0.992553
0.987708
1.00666
0.992796
1.02195
1.00074
1.0139
0.985688
0.998072
0.98698
1.00367
0.993721
1.00261
1.00563
0.997406
0.982187
0.986693
1.00166
0.989737
0.999918
0.997912
0.995473
1.01699
0.980316
0.990577
1.00535
1.00477
1.0053
1.00136
0.987342
0.993552
1.01468
0.99937
1.00024
0.987506
0.997949
0.993076
1.02129
1.01587
0.99846
0.996296
0.994914
0.990662
1.00168
1.00464
0.980001
0.997349
1.00754
0.997477
0.992498
1.02157
0.9929
0.995608
1.01796
0.987697
1.00006
0.990588
0.995129
0.991741
0.993908
1.00565
1.00841
0.997607
1.00736
0.996015
0.977497
0.982101
0.996704
0.997637
0.99598
1.00251
0.997341
1.00397
0.993749
0.997232
1.00655
0.996149
0.988674
0.989153
0.99413
1.00402
1.00282
0.992301
1.00941
0.991055
0.995074
1.00601
1.00606
1.00953
1.01129
1.00946
1.01207
0.988399
0.993323
1.0115
1.00667
1.00763
0.984635
1.00822
1.02066
1.00316
1.01007
1.00869
1.00384
0.999234
1.01023
0.992906
0.995334
0.990022
1.00396
0.995162
1.00282
0.998687
1.00048
0.996819
0.985915
1.00026
0.987391
0.982882
1.00362
1.00929
0.99089
0.99778
1.00171
1.00006
0.981708
0.998497
0.99262
1.00925
0.996376
0.996456
1.00305
0.995068
1.00046
1.0029
1.01618
1.01779
1.01337
0.997779
1.00628
1.00738
0.990732
1.00456
0.986121
1.00663
0.978468
0.989299
1.0046
0.9886
1.01083
0.989444
0.995513
0.997933
0.993766
1.00321
1.00889
0.993882
0.992699
0.997671
1.00222
1.00901
1.00771
0.993931
0.999193
0.991
1.01601
0.995157
1.00895
0.990244
0.991358
0.98948
0.976882
0.999776
0.99709
0.998992
1.01568
1.01276
0.994771
0.994296
1.00217
0.992643
0.995483
0.99133
0.99669
0.994298
1.00729
0.98757
0.994717
1.00832
1.00165
1.0125
1.00235
1.00298
0.992048
1.00864
1.00284
1.00654
0.996375
1.00479
1.01189
0.990304
0.993119
0.988989
1.00233
0.994556
0.993539
1.00121
0.997136
0.997524
0.98305
0.992603
0.985634
0.985259
1.0005
0.983858
1.00888
1.00231
0.991633
0.99046
1.00122
1.00431
0.985406
1.01413
0.990337
1.00268
0.989567
1.00453
0.983528
1.00527
0.995289
1.00377
1.00154
0.99791
1.0055
0.984649
1.00354
1.01105
1.00351
1.00137
1.01195
0.991662
1.00485
0.991161
1.00158
1.00141
0.99981
1.00609
1.00865
0.984093
0.997141
0.997946
0.995209
1.00438
1.00759
1.01585
1.00557
1.00821
0.984878
0.999924
0.992625
0.993769
0.997562
1.00947
0.990721
0.974541
0.998259
0.998486
1.01373
1.01792
0.999724
1.0073
0.995125
1.00182
0.99623
1.01614
0.985191
0.998238
0.989952
0.993971
0.996407
1.0007
0.991965
0.998735
0.982562
1.01263
0.985034
1.00489
0.987365
0.987518
1.00311
0.988454
0.997593
1.02426
0.994309
0.983335
0.984307
0.997621
0.985891
1.00241
0.998276
0.99077
0.996715
0.986012
0.997286
1.02576
1.01198
1.00448
0.98983
1.0015
1.01164
0.995296
1.01108
0.989508
0.991442
0.995071
1.01031
0.995505
1.0003
0.98554
0.993366
0.998189
1.0136
0.994804
0.982436
0.990898
1.00897
0.979189
1.00358
1.01467
1.00318
1.00548
0.991335
0.990669
0.999554
0.989431
1.01947
0.988032
0.990694
1.0035
0.991437
0.988261
1.00348
0.996954
0.983014
1.01347
1.00255
0.99613
1.00294
1.00739
1.01468
1.01237
1.009
1.01966
0.986142
0.994648
1.00886
1.00393
0.997886
1.00339
0.991349
1.01288
1.00882
1.01738
0.992799
0.995593
1.01367
1.00568
1.00125
1.00155
1.00321
0.990697
0.995298
1.01933
0.983966
1.00284
0.998464
0.988339
1.00266
0.992024
1.00847
1.00289
1.00901
1.00483
0.985777
1.01844
1.01328
1.00605
1.00599
1.00496
0.988137
1.00975
1.00714
1.00541
1.00565
1.00931
1.00526
0.998606
0.9987
1.01736
1.01325
0.989627
0.999916
1.00033
1.02298
1.00055
0.984777
0.997959
0.994909
1.01384
1.02203
0.992202
1.00624
1.01167
1.00516
1.00112
0.998986
0.985535
0.981459
0.992719
0.998181
0.997747
1.01041
1.02046
0.985478
0.993656
1.01085
0.990315
0.989953
1.00991
0.980473
0.998154
1.00721
1.01577
0.996064
1.00472
0.99008
0.984297
1.008
1.01969
0.996686
1.00952
1.00877
1.00386
1.00722
1.00171
0.994587
1.01469
1.00946
0.988455
0.99959
1.00691
0.993108
0.996077
0.99158
0.9922
0.988285
1.00873
1.00456
0.998995
0.999732
0.986972
1.00288
0.995726
1.00193
1.00051
0.99013
0.998616
0.996138
1.00182
1.01216
0.995792
1.00867
1.00776
1.00601
0.996726
1.00108
0.985392
1.00253
1.00175
1.00508
1.00648
1.01535
0.99143
0.988965
0.995603
1.00317
1.02313
1.00812
0.992323
1.0159
0.988676
0.999503
0.994258
1.0055
1.00788
0.998152
1.00195
0.994136
0.990977
1.00009
0.993606
1.01115
0.993909
1.01227
1.00406
1.00807
0.993855
1.00374
0.988321
1.0097
0.984737
0.993591
1.00906
1.01462
0.989468
0.993183
1.00143
0.999032
1.0053
1.01023
0.992996
0.999323
0.991555
1.00692
1.00169
0.993195
1.00648
1.00874
1.00569
1.01345
1.01318
1.0183
1.00648
1.00826
0.992508
0.992409
1.01111
0.996587
0.991131
0.98414
0.99049
1.00282
0.982387
1.01457
1.00131
0.998364
1.00714
1.00825
1.00153
1.00394
1.00588
0.990193
0.98229
1.00719
0.998629
0.998643
0.98959
1.00424
1.00321
1.00166
1.00111
1.01528
1.01102
1.00376
0.996084
1.00214
0.996745
0.997745
0.996147
0.996902
0.992088
1.00292
1.01292
1.00649
1.00554
0.990522
1.02029
1.0071
0.990899
1.0095
0.994031
1.00616
0.989144
1.00137
1.0029
0.991557
0.989853
0.982153
0.981528
1.00663
1.00648
1.00331
1.01536
1.00598
0.996489
1.00285
0.981787
1.00267
0.993312
0.990631
1.0053
0.988615
0.998405
1.00446
0.992172
1.00651
0.984262
0.993384
0.999644
1.00527
1.00706
1.00223
0.996141
0.999563
0.980436
1.00533
1.01653
0.991996
1.0022
1.00393
0.994635
1.01246
0.983812
1.00444
1.00879
0.986028
1.00444
1.00414
1.00621
1.00653
0.995333
0.991658
1.00252
0.989621
0.988189
1.00761
0.996942
1.0111
0.985743
1.00349
0.990832
1.02081
1.0012
0.995512
0.982385
0.99536
1.00488
0.993863
1.00019
0.982785
0.982393
0.998566
1.00624
0.990929
0.991681
0.99061
1.00651
1.00133
1.00402
1.00656
0.987851
1.00779
1.00521
0.996503
1.00754
1.00056
0.998113
1.01622
1.00215
1.01368
1.01886
1.01629
1.00233
0.988236
1.00842
0.980815
0.995701
0.986875
0.998386
1.00582
1.00157
0.994785
1.00902
0.9902
0.995714
0.988159
1.0017
1.00877
1.01119
1.0112
0.988673
0.986561
1.00284
0.989182
1.0149
0.993199
1.01466
0.992562
0.998368
0.99341
1.01739
1.02039
0.98954
0.983544
1.00038
1.00326
0.983288
0.976902
1.00467
1.00395
0.982157
1.01169
0.998782
1.0067
0.980273
1.0221
1.01507
0.988766
1.01524
0.99032
0.989529
0.998184
1.0051
1.01025
1.00532
0.999937
1.01152
1.00772
0.984843
0.996036
1.0004
1.00176
1.00511
0.990965
0.989591
0.992366
1.019
1.02615
0.994436
1.00419
0.986861
0.999406
1.0026
1.01024
1.01131
1.01224
0.996772
1.00575
1.00587
0.996153
1.00089
0.983204
1.0037
1.00304
0.997906
0.991475
0.991974
0.990029
0.993179
0.996013
0.989946
0.994187
0.985074
0.993748
1.01521
1.01041
0.997923
1.00045
1.00282
0.992691
1.00597
1.01138
0.998993
1.00991
1.00678
1.00156
1.00023
0.984243
0.997001
0.998737
1.01178
1.00995
1.01473
0.998202
1.01149
0.98296
0.996063
0.997843
1.0073
1.00597
0.978636
1.00603
0.987991
0.988918
0.989913
1.00632
1.00418
1.00281
0.974206
1.00135
0.987663
0.990338
0.986846
0.992805
1.01359
0.991149
0.993844
0.966471
0.983418
0.983323
1.01065
1.00659
1.00663
1.00823
0.995355
1.00898
0.996357
1.00561
0.99548
1.00727
0.994047
0.996087
1.00147
1.00962
1.01021
0.992586
1.00172
1.00273
0.997571
0.996831
1.00012
1.00028
1.01672
0.99321
1.00598
0.998603
0.991791
1.01291
0.997538
0.99449
0.985701
0.987665
0.997942
0.997968
1.0141
0.99155
1.00948
0.98604
1.00232
1.00393
1.00224
1.00407
1.01111
0.988052
0.989936
1.00278
0.986688
1.00103
0.981443
1.01408
1.02244
1.00942
0.983223
0.998238
0.980164
1.01316
0.998772
0.971073
0.995929
1.00026
0.998717
1.00213
0.985927
1.0002
1.00153
0.988784
0.981699
0.976272
1.00519
1.00561
1.00526
1.02315
1.00892
1.00382
1.01701
0.992201
1.00019
1.0034
1.00124
0.997496
1.00592
1.00464
1.00132
1.00897
0.995299
0.99945
0.989892
0.993955
1.01236
1.00741
0.989446
1.00639
0.995779
0.982836
1.00489
0.995739
1.02553
0.986574
0.986915
1.00609
1.00187
1.01193
1.01059
1.02324
0.997812
0.990678
0.997012
1.01163
0.99264
1.00618
1.01221
1.00336
0.994933
1.00218
0.992825
1.00208
0.998354
0.984275
1.00051
0.999237
0.976456
1.01413
1.00237
0.992787
1.00325
1.00602
1.01416
1.01205
1.04184
1.00141
1.00647
1.01942
0.984334
0.995882
0.996962
1.01142
1.01
0.985251
1.00264
0.986382
1.00437
1.01138
0.989407
1.00577
0.979396
0.999653
0.993133
1.00011
1.00116
0.996439
0.982562
0.993093
0.98908
0.99782
0.995397
0.997392
1.00894
1.01382
1.00134
1.00286
1.00008
1.00509
0.998032
0.989283
0.989864
1.00556
0.972926
0.998478
0.988634
1.00643
0.993995
1.01312
0.990518
1.00837
1.00517
1.00402
1.01023
0.977859
1.00627
0.992782
0.992577
0.993598
0.994677
1.00989
0.9991
1.01476
0.98025
1.0083
0.992877
0.99603
1.01693
0.996901
0.990043
0.988432
0.994272
0.984119
0.994113
1.00577
0.987007
0.989732
0.993569
0.988562
0.995182
1.00125
0.987198
1.00575
0.993615
1.00507
1.01028
0.992333
0.985413
1.00677
0.999081
0.987708
0.992799
1.00019
1.00533
1.00623
1.00445
0.997339
0.992696
1.00295
0.998744
1.00345
1.00012
0.996548
1.00381
1.00332
1.00103
0.985249
1.00031
0.995245
1.01053
1.00406
0.98385
1.00909
0.994608
0.989204
0.997047
1.00307
1.00836
0.995913
0.981084
1.00898
1.00879
0.999835
1.0013
0.982873
1.01248
0.999681
0.988012
0.996553
0.999307
0.997398
1.00551
0.998691
1.00818
1.00984
0.982657
0.978246
1.0094
0.992206
0.987291
1.00231
0.979772
1.01752
1.00411
1.00498
1.00615
1.01457
0.997595
0.989777
0.993531
0.996867
1.00468
0.997212
0.992322
1.00173
0.997796
1.00719
0.999228
1.01107
0.989716
1.00395
0.996338
1.0029
1.01843
1.00284
0.985143
0.997248
1.00436
1.00902
1.01191
0.996445
0.985645
0.995538
1.02334
1.01309
1.01202
0.997673
0.997027
0.985602
1.00615
1.01017
1.01193
0.996257
1.01776
0.976481
1.0088
0.991967
0.989939
1.00147
1.00044
0.978537
0.99038
1.00724
0.998975
0.989717
1.00535
0.997246
1.001
0.99275
1.00977
1.01797
1.01291
0.995173
1.00052
1.01137
0.997324
1.00137
1.00807
0.999517
0.979384
1.00073
1.00975
0.992849
0.989505
1.00281
1.00462
0.995573
0.981923
1.00412
0.990014
0.985906
1.00583
1.00635
1.00215
0.98738
0.991533
1.01857
1.00543
1.01519
1.00712
1.0095
1.01158
0.98892
0.994725
0.989627
0.983926
1.00058
1.00345
0.996433
1.00795
1.00921
0.998195
0.985132
1.0019
1.00364
1.01489
0.993114
0.994074
0.988367
1.00103
1.0223
0.996654
0.991829
1.00975
0.997338
1.00768
1.01109
0.981817
1.01054
1.00344
0.995395
0.996236
1.00818
1.01363
1.02229
1.00027
0.98322
0.995501
1.00669
1.00944
0.990106
0.993414
1.0205
1.00151
0.982692
1.02137
1.00732
0.997051
0.996924
0.991142
0.989674
1.00458
0.997935
0.98281
0.975197
1.00447
0.99847
0.99898
0.986238
1.0031
1.00307
1.013
0.99052
1.01868
0.977346
1.00786
1.00387
0.994
1.01031
1.00237
0.991984
1.00987
0.997677
1.00137
1.01341
1.00431
1.01224
1.01608
0.995275
0.999629
1.00759
0.990439
0.999639
0.993257
1.00692
1.00718
0.999306
0.990654
0.991354
0.979493
1.00137
1.03128
1.00972
0.995321
1.00971
1.00211
0.996124
1.00104
0.995316
0.994516
0.997955
0.979104
0.998499
0.999277
0.994501
1.00134
0.996239
1.01016
1.00315
0.993033
1.00197
0.999772
1.00002
1.01814
0.996923
1.00458
0.990628
0.993313
1.0071
0.989968
0.991803
0.996
0.993698
1.00278
0.989304
0.995571
1.00969
1.01412
0.995781
1.00121
0.997711
1.00131
1.0272
0.987121
1.00541
1.00772
0.998964
0.991599
0.988295
1.00516
1.00039
0.992263
0.999516
0.98958
0.980019
0.986599
0.996973
1.00365
1.00868
1.01562
1.01871
1.01021
1.01583
0.987087
0.991226
1.00835
0.992918
0.986508
0.999895
1.00892
0.994063
1.00266
0.999979
0.997529
1.01322
1.00438
0.996096
1.00463
1.00103
0.992933
0.994266
0.996001
0.998034
0.99695
0.99916
1.00885
1.00133
0.984689
0.979885
0.978473
1.00387
0.981313
1.01213
0.984804
0.999183
0.988821
0.99875
1.00054
0.998706
0.999558
1.00142
0.998254
1.00376
1.00932
0.998622
0.997234
1.00958
0.988493
1.00437
0.992839
1.00713
0.982565
1.00246
0.997975
0.995268
0.991069
1.00283
1.00002
1.00284
1.00522
1.00952
1.01337
1.01357
1.00411
0.985114
0.999124
0.997788
0.998285
0.990009
0.994274
1.02054
0.988414
1.01916
0.98843
0.982863
1.01482
1.00998
1.00224
1.00742
0.981118
0.99488
0.986652
0.989482
0.996616
1.00889
0.995707
0.982972
0.995677
0.992955
0.969804
1.0078
0.995687
1.0024
0.996571
0.999911
0.99738
0.994784
0.994194
0.995276
1.01262
1.00373
1.00374
0.999925
0.991032
0.993675
0.978857
1.00553
1.00416
1.00074
0.997791
0.982977
1.00794
0.980289
0.991562
1.01343
1.00384
0.996502
0.989394
1.00534
0.989083
1.01371
0.993903
1.00187
1.00747
0.982356
0.992359
1.01354
1.00289
1.00973
1.00022
1.00323
1.02623
1.01257
1.00349
1.00236
1.0025
1.00353
1.00297
0.997646
0.989439
0.992561
0.992363
0.996068
1.00372
0.9942
0.995058
0.998112
1.01405
1.00922
1.00007
0.991169
0.98763
0.989063
0.989896
0.988448
1.00249
1.00853
1.00312
1.01002
1.01215
0.982815
1.00236
1.00976
1.0029
0.991161
0.996396
1.00496
1.02543
0.986811
0.997579
0.992331
1.00872
0.996005
0.980677
0.980047
1.00803
0.999426
0.993998
1.01033
0.99429
0.996066
1.00917
0.999257
1.00492
1.00887
0.992439
1.00345
0.974629
1.00734
0.981384
0.993022
0.990089
0.980019
0.991771
1.01103
0.993709
0.999641
1.00712
1.00747
0.998269
0.987646
0.999094
1.00597
1.00005
1.01275
0.998019
1.00029
0.990752
1.01964
1.00175
0.992977
1.01949
1.00968
0.995116
0.989342
0.992663
1.00895
1.01767
1.004
0.989454
0.994884
0.994755
0.996448
1.00151
1.00158
0.999969
1.00707
0.982123
1.01354
0.988764
0.994165
0.994041
1.01921
1.00857
1.02233
0.988337
0.990628
1.00619
1.02414
1.00109
0.996504
1.01217
1.00869
0.994651
0.990249
0.987428
1.00882
1.01277
1.00447
0.979893
0.994288
1.00143
0.983897
0.999621
1.01543
1.00531
1.01059
1.00038
1.00653
1.00993
0.989752
0.997922
0.995724
0.999312
0.999033
1.00242
1.00963
1.00083
0.986526
0.986818
0.999277
0.996439
1.00691
1.01008
1.01389
1.00323
0.999406
0.999401
1.01032
1.01617
0.984144
1.00732
0.998647
1.00375
0.986744
1.00094
0.983644
1.00212
1.00192
1.00487
0.998445
1.00774
0.99966
1.00613
1.01054
0.994955
0.999529
0.998313
0.999643
0.993826
1.00661
0.993331
1.01054
0.996947
1.01278
0.998699
1.00168
0.993146
1.02503
1.0055
0.989814
1.00645
1.00149
1.00315
0.993256
0.994975
1.00661
0.997648
1.01373
0.998939
0.985751
1.00707
1.00249
1.00627
1.00975
0.999346
0.997205
0.998439
0.992084
0.998391
0.993213
1.01763
1.0086
1.01249
1.00034
0.994243
0.980191
1.00076
1.01435
0.99899
0.989268
0.997451
0.988971
0.990475
1.00824
0.999791
0.987096
0.99672
0.99651
0.988987
0.985738
1.0191
0.998172
0.99543
1.00662
1.00867
1.00527
1.01629
1.00048
0.994997
1.00387
0.997267
0.996896
1.00017
1.00673
1.0015
0.979186
1.00124
0.993621
1.00959
1.00496
1.0137
1.00211
0.990249
0.996862
1.00265
0.984225
1.00533
0.991189
1.01578
0.998418
0.983205
0.985388
1.00024
0.996447
1.00477
0.994788
0.994266
0.991976
0.994022
1.00723
0.994233
1.00672
1.00271
0.994851
1.00286
0.986171
1.00847
1.0068
1.00733
0.984062
1.00648
0.986263
1.01252
0.993794
1.00006
0.994149
1.00837
1.01093
1.01317
0.999323
0.993346
0.983061
1.00182
1.00077
1.00849
0.997666
0.992975
0.9992
0.990839
1.00311
1.00974
0.991728
1.00835
0.993195
0.996793
0.998956
0.995534
0.984758
1.01326
0.992053
1.00675
0.993105
1.00744
1.01691
1.00313
0.976728
0.995943
0.991654
1.00948
0.984863
1.01775
0.998264
1.005
0.998546
0.992569
1.0047
0.998882
0.988632
0.985356
1.01353
1.00107
0.979186
1.00963
1.00264
0.996712
0.993664
1.00519
1.01188
1.00112
0.990152
0.988546
1.01419
1.00854
1.01088
0.997147
1.01113
1.00389
1.01431
1.00043
1.00589
1.00802
0.989347
0.989433
1.00213
1.00535
1.00575
1.00066
1.0124
1.01075
0.994328
0.995382
1.00278
0.996195
0.996777
0.983613
0.990776
0.985511
1.00449
1.00139
1.01246
0.988958
1.01005
1.00387
1.00025
0.993251
1.00047
1.00341
0.990599
1.00715
0.987409
0.986607
0.993366
0.997395
1.00443
0.990378
0.986886
0.996984
1.00091
1.00703
1.00733
0.983504
1.01199
1.00657
1.01025
1.0152
1.0117
1.01483
0.996829
1.00013
1.00031
0.997803
0.986592
1.00217
0.981143
1.00208
1.00993
1.00509
0.991768
1.00921
0.998975
0.986835
0.991327
1.00312
0.998234
0.973847
0.98415
1.0006
1.01291
0.999414
1.00336
0.999462
1.00682
1.00426
0.988588
1.00734
1.00332
1.00762
0.983931
1.00471
0.983896
1.0078
0.985748
0.999673
1.01045
0.992098
1.01057
0.981253
1.01062
1.01309
0.985888
1.00329
0.998941
0.992551
0.997496
0.993912
1.00187
0.987908
1.01355
1.00218
1.00883
0.990069
0.989029
1.00471
0.980251
0.999187
0.997657
1.00288
1.00652
0.986147
0.99564
0.997072
1.00833
0.995968
0.996086
0.992016
0.986504
0.984384
1.01663
1.00391
1.01291
0.995199
0.998872
0.991096
1.00426
1.00162
1.00178
1.00692
0.998118
0.994787
1.01424
0.980549
0.989604
0.983802
0.994788
1.00751
0.991888
1.00019
0.991349
1.00401
0.998098
0.99507
0.994759
0.995266
1.01289
1.00499
1.00427
1.01484
0.998266
0.987518
0.998432
1
1.01308
1.00954
1.00461
0.999441
1.01537
1.01768
1.00508
1.00723
0.992165
1.01232
0.998149
1.00088
1.0091
0.98726
0.987178
0.987549
0.996681
1.0002
0.995657
1.02186
1.00317
0.98386
1.00207
1.00382
1.0058
1.00259
0.985742
0.993457
0.997593
0.992605
0.996033
0.992699
0.996184
1.00489
0.994568
0.995541
1.00309
1.00207
1.00662
1.0061
0.999565
1.00026
1.00309
0.992462
0.991831
0.99767
1.00376
0.996342
1.01376
0.992129
1.01134
0.991731
1.00083
1.00599
1.004
1.00232
0.998191
0.985894
0.997489
1.00761
1.0112
0.999691
0.977949
1.00634
0.98196
1.00344
0.9979
1.00974
0.986577
0.996702
1.00958
0.998124
1.00443
1.00018
1.00757
1.01249
0.983082
0.998439
1.00315
0.999573
0.989619
0.986077
1.01001
0.994896
1.00447
0.981223
0.993861
1.00618
0.991879
1.00352
1.00512
1.00945
1.00525
1.00835
0.999526
0.995672
0.994943
1.00764
0.99733
1.00938
0.987663
1.00378
0.994151
1.00533
0.997634
1.0099
0.996548
1.00095
1.00869
1.00098
1.00897
0.992481
0.99713
1.00528
0.994554
1.00035
1.00089
0.993849
1.00192
0.998528
1.00782
1.0046
1.0128
0.984682
0.992864
1.00972
0.977585
0.998065
0.999399
0.989444
0.995749
1.01089
1.0061
0.994388
1.00309
1.0109
1.01196
0.98988
1.00101
0.990878
0.990199
0.985307
0.998441
0.991309
1.01082
1.00982
1.01192
1.00908
1.00399
0.986855
1.01445
1.01536
0.988415
1.01172
0.997298
0.980751
0.99174
1.00619
0.990828
0.988071
1.01303
0.994837
1.00769
1.01489
1.00641
1.00145
1.01656
0.98923
1.00619
1.01041
1.00464
1.00836
0.994197
1.00811
1.00583
1.00188
1.00435
1.00162
0.98107
1.00082
0.998084
0.997521
1.0055
1.00675
0.994048
0.995412
1.00582
1.00155
1.01361
1.0007
1.00531
1.00165
0.995433
0.999859
1.0058
1.01969
0.999429
1.02097
0.986659
1.00283
0.994075
1.00532
0.9948
1.00561
1.0079
0.994552
1.00413
1.00265
1.00628
0.998932
1.00365
0.997874
0.986746
0.994192
0.99834
1.01126
0.995925
0.996924
1.00019
1.00207
1.01035
0.989193
1.01678
0.998826
0.997281
1.00851
1.0091
0.988563
0.994247
1.00054
1.00281
1.01006
0.988219
0.99709
1.00963
1.0057
0.977202
1.00672
1.00319
0.987402
1.00373
1.00818
0.991894
1.00169
1.0053
1.00342
1.00058
1.0004
1.00762
1.00465
0.991252
1.00617
1.00278
1.00765
1.00402
1.01649
1.00236
0.983342
1.00089
0.992994
1.01566
0.993926
0.995805
1.00698
0.994047
0.99698
0.9859
0.999798
1.00067
0.985426
0.993097
0.997022
1.00582
0.980332
0.989415
1.00722
1.00195
1.00502
0.99327
0.995071
1.00448
1.00718
0.984602
1.01031
0.989144
1.00261
0.983965
0.997302
0.994614
1.00114
1.00915
1.00649
0.991349
0.981106
0.996809
0.997111
0.999786
0.996947
1.00541
1.00682
0.999243
0.998452
0.994343
0.998586
1.02103
1.01214
1.00355
1.01411
0.998026
1.0033
1.02062
0.991674
1.00197
0.991445
1.00698
1.00925
1.00793
1.00478
1.00103
1.01047
0.990054
0.985631
1.01739
0.983193
0.995276
0.996366
1.00796
1.00187
0.992656
0.994515
0.992597
0.990662
1.00067
0.992176
0.994943
1.00055
1.00837
0.997875
0.976597
1.00085
1.01526
0.998769
1.0047
0.997502
0.99348
1.0034
1.00407
0.989733
1.00406
0.988445
0.995323
0.997563
0.994474
1.00415
1.00008
1.00448
0.998834
1.00188
1.00187
1.00263
0.997488
0.991923
0.99385
1.00865
0.995311
1.03823
1.00955
0.984487
0.999645
1.0039
0.986426
1.00592
1.00648
1.00794
1.01377
1.00918
1.00581
1.00096
1.00898
0.989968
0.981297
0.990175
0.999251
0.995128
1.00146
0.997115
1.00389
1.00621
1.01332
1.00194
0.995242
0.994678
0.988431
0.994564
0.999558
0.987974
0.981956
1.00642
1.00408
0.992211
0.98854
1.00985
0.997008
1.00056
1.00966
0.996258
1.00121
1.01179
1.00801
0.995494
0.975748
0.998485
0.97419
0.988772
0.985361
1.00633
0.986349
0.986319
1.00366
1.0125
1.00245
1.01028
0.983009
1.0022
1.0101
0.997635
0.986765
0.999204
0.995614
1.0069
0.997328
0.997045
1.00222
0.991018
0.996161
1.00115
1.00513
0.998301
0.992407
0.996151
1.0106
0.984685
0.996196
0.991323
1.00754
0.995695
0.998199
1.01122
1.00664
1.01125
0.996891
1.00596
0.991854
0.989649
0.988549
1.01392
1.00103
0.994538
1.00281
0.984591
1.01621
0.986901
0.993081
1.00411
0.995512
1.00462
1.00017
1.01663
1.01558
0.988738
0.988526
0.992488
0.999479
0.990587
0.996116
1.00222
0.998199
1.00858
1.01314
0.982571
0.992442
1.01696
1.00311
0.989704
1.00165
1.01837
1.01442
0.990244
1.00574
0.979144
1.0098
0.986282
0.988182
1.00368
1.00521
0.994412
1.0043
0.998911
1.01962
1.00672
0.999237
1.00908
1.01198
0.99716
1.01083
0.987811
1.00468
1.0185
1.00821
0.988023
0.996613
0.995293
0.987045
0.99285
0.999441
0.991175
0.99008
0.995987
0.989754
1.00959
0.983825
1.00489
0.996269
0.998241
1.00167
1.00378
1.00321
1.01583
1.00663
0.990615
0.990159
1.0072
0.988028
0.99838
1.0024
0.995241
1.00156
1.00289
0.997167
0.984992
1.00979
1.00656
0.995365
0.992338
0.964368
0.991585
0.992944
0.98389
0.996432
1.00825
0.994381
1.01018
0.987277
1.00162
0.986184
1.0056
0.997801
1.01492
0.987797
1.00811
0.999849
1.01345
1.00579
0.991687
0.999002
1.01228
0.998807
1.00055
0.986811
0.993262
1.01135
0.995117
0.997917
1.00033
0.996677
0.993207
0.983315
1.01563
1.00425
1.00306
0.989464
1.00574
1.00406
1.01122
0.996588
1.00444
0.999725
0.994135
1.01134
0.994294
0.994475
1.00784
0.979597
1.01102
1.00429
1.00429
1.00763
0.996891
0.993979
1.00783
1.00466
1.00985
0.99166
1.00723
0.993917
1.01421
1.0041
1.00214
1.01361
1.00696
1.00356
1.00354
0.991393
0.99125
0.984903
0.992112
1.00052
1.01191
1.00388
0.995273
1.00573
1.00727
0.997454
0.992306
0.994944
1.00399
0.998846
1.00539
1.00953
1.00267
1.01095
0.992412
1.01558
0.986404
0.996806
1.01857
1.00523
1.0208
0.995693
1.00108
1.00166
0.983723
1.00265
1.00666
1.00487
0.995222
1.00025
0.993579
0.987761
0.999611
0.99381
1.01546
1.00937
1.00997
1.00575
0.998085
1.01505
1.02803
1.00266
0.995254
1.00662
1.01192
0.990793
1.00498
0.991423
0.998814
1.00188
1.00396
0.987232
1.02572
0.997973
1.00953
1.01944
1.00007
0.996496
0.999119
0.997867
0.99423
1.00179
1.0008
0.985975
0.997876
1.01492
1.00483
0.994256
0.98212
1.0067
0.991125
0.992814
1.01503
1.00807
0.998117
1.01283
0.995646
0.981566
1.00005
1.00754
0.987592
1.01786
1.01271
0.990179
1.00021
0.999717
1.01443
0.995352
0.996431
0.984428
1.00676
0.988222
0.992441
0.989154
1.00905
0.987738
1.00177
0.995226
1.00392
1.01306
0.991635
1.00351
0.985184
1.00449
0.989683
1.01047
0.992985
1.00935
1.00514
0.986025
0.999226
1.00727
0.988845
1.00793
0.979106
0.987177
1.00394
1.00517
0.986115
0.976504
1.00269
1.00619
1.00093
0.994581
0.9965
1.00109
0.993718
0.998847
0.97721
0.998788
0.996598
0.990202
1.00687
0.989073
0.995232
1.00406
0.992449
1.00354
1.00895
1.00144
0.982554
0.992852
0.99579
0.994976
1.00553
0.995629
1.01211
1.0047
0.989686
1.01101
1.00151
1.01652
1.00906
1.00045
1.0044
1.00716
1.0076
1.00202
1.00432
1.01591
1.00538
1.00477
1.00079
1.01487
1.01069
0.991301
0.993672
1.00807
0.996026
0.98327
1.00795
1.00038
1.01193
1.00022
1.00583
0.989153
0.996763
1.02076
1.012
1.00056
0.992589
0.996115
0.994337
1.01604
1.00977
1.0005
1.0014
0.99879
1.01494
1.00131
0.998244
1.00051
0.980106
1.00422
1.00762
0.996483
1.01274
0.997349
0.99779
1.0073
0.994768
0.997996
1.00164
1.00057
1.00455
0.998964
0.996633
0.995403
1.00133
1.00364
0.991814
0.987395
1.0085
0.989895
1.012
0.992757
1.0011
0.998265
0.993095
1.00389
1.00958
0.988765
1.00712
0.985296
0.987307
1.00918
1.00911
0.986102
1.00509
0.988205
0.993277
1.00027
1.00218
1.01017
0.988156
1.01283
1.01141
1.01238
1.00257
0.999787
0.997627
0.99797
1.00129
1.00318
0.999798
0.989151
0.976072
0.998278
1.00726
1.00163
0.999154
0.998594
1.00312
0.99334
0.997065
0.984812
1.01678
1.00169
0.999311
0.98241
1.00748
0.989937
0.987804
1.0022
0.995102
1.00052
0.989503
0.996413
1.00878
1.02101
0.983444
1.00206
1.00068
1.00721
1.00124
0.991776
0.993708
0.99151
1.00162
0.996605
1.00317
1.01038
0.997898
0.99025
0.993858
1.00817
0.994272
1.00332
0.998615
0.995894
1.00015
1.00788
1.00105
1.00228
0.988826
0.980372
1.00255
1.00128
1.0005
1.00872
1.01239
1.01898
0.98799
1.01104
1.0011
1.00773
1.00012
1.01054
0.997451
0.988008
0.987267
1.00162
1.02031
1.00397
1.00864
1.00923
1.00783
0.996485
1.00581
1.00505
1.00308
1.0022
1.00882
0.985973
1.00526
0.999819
0.993074
1.00775
0.975566
0.99785
0.984885
1.00427
0.997172
0.99761
1.01939
0.991912
0.980356
0.997236
0.980548
0.991895
0.995184
0.993632
0.981461
0.990187
1.00251
0.993436
0.988276
1.00546
1.00937
1.01286
0.98685
1.00729
0.997342
1.004
0.994195
0.99913
1.01548
0.995788
1.02047
1.00366
0.991135
1.00576
1.01016
1.00831
1.02122
1.01063
0.985711
0.986647
0.995849
1.00168
1.00782
0.989545
0.992693
1.0132
1.005
0.988636
0.983636
0.998144
0.995327
1.00648
0.990438
0.992852
1.00676
1.00022
1.0015
0.992829
0.985712
0.982602
1.02126
1.00588
1.01282
1.00116
0.99001
1.00422
0.99865
1.01459
1.00803
1.00778
0.999188
1.00799
1.00851
1.00036
0.996586
0.989194
1.01141
1.00838
1.00893
0.999029
0.995783
1.01246
0.997459
1.00446
1.01154
1.00185
0.995401
1.00171
1.01323
1.00189
1.01166
1.00796
1.00486
0.990629
1.0109
0.995818
0.993507
1.00065
1.01018
1.00228
1.00499
0.98159
0.993919
0.996864
1.00385
1.00038
0.995608
1.00141
1.00761
0.990845
0.998549
0.997376
1.01394
1.0145
1.00185
1.00127
1.00093
0.998197
0.994636
1.00121
0.989767
0.997402
0.983034
1.01421
0.983885
0.995789
1.00657
0.999842
0.995884
0.989334
0.995795
1.00389
0.988786
1.00074
0.986658
1.01227
0.998614
1.01092
1.01718
1.02969
1.00271
0.985949
0.99427
1.00693
0.985136
0.98626
1.01019
1.01164
0.989282
0.995513
1.01251
1.00448
0.995345
0.994213
0.990196
0.984559
1.00192
0.999456
1.00457
0.994425
0.988601
0.989886
1.01272
0.988794
1.01046
1.01302
0.995582
1.00283
1.01741
0.994024
1.00121
1.00165
1.00566
1.00577
0.997015
1.00822
1.00035
0.993802
0.993323
0.999544
1.00092
0.981653
0.999629
0.991973
1.00077
1.00199
1.00178
1.00064
1.01233
1.00804
1.0006
1.00399
1.00396
1.01103
0.991628
0.990213
0.988416
1.00628
1.00966
1.00934
0.996493
0.996619
0.984282
1.00656
1.00123
1.01578
0.970828
0.995695
1.00077
0.996834
1.01013
0.997575
1.00614
0.990765
0.983164
1.00919
1.0099
1.00761
0.996288
0.999152
1.00381
0.993178
0.998424
0.988916
1.00888
1.01434
1.00492
0.998926
1.00117
1.00574
1.00053
1.0082
1.0161
1.01058
0.992416
1.00027
1.00134
1.00787
0.994733
0.988717
0.991431
1.00338
0.992533
1.01512
1.01309
0.989024
0.980807
1.01048
0.999032
1.00036
0.996287
0.987798
0.992542
1.00333
0.99316
1.00022
1.01144
0.99268
1.01518
1.0079
0.99038
1.0149
1.00091
0.983791
1.01062
1.0087
0.980936
1.01545
1.0131
1.00113
1.00624
0.99922
1.00019
1.01453
1.00406
0.996372
1.00111
1.00957
1.00047
1.00025
1.01164
1.01128
1.00653
0.994638
1.00576
1.0047
0.992494
0.982433
0.99142
1.00766
1.00989
1.01157
0.999834
0.992515
0.998785
0.997878
1.00066
0.988201
0.998108
0.994842
1.00105
0.993071
1.00927
0.989486
1.00955
0.990598
0.997024
0.988307
0.992317
0.994783
1.00356
0.968719
1.0031
0.992267
0.999391
1.00952
1.00767
0.990701
0.99951
0.973517
1.00508
1.01735
1.004
0.991838
0.994876
0.992579
0.994372
1.00163
0.994078
1.00529
1.01195
1.00352
1.00781
1.01457
1.00917
1.02209
1.0037
0.994719
1.00402
0.996454
1.00217
1.0019
0.998031
0.986242
0.996782
0.995903
1.00702
0.999889
1.00425
0.992211
1.00235
0.994534
0.99441
0.985571
1.00197
0.984484
0.99346
0.999573
0.995318
0.991515
1.01423
0.995698
0.998179
1.00198
1.0115
0.999635
1.0014
1.00485
0.996879
1.00132
0.997109
0.996828
0.997509
0.999955
0.994216
1.01525
0.980618
0.993591
0.986259
1.00726
0.999634
0.992718
1.01345
1.01004
0.981068
1.00082
0.989716
0.990076
1.0139
1.01375
1.0061
1.003
0.99346
1.00791
0.983379
0.996614
0.996949
1.02192
0.979153
1.01614
0.986697
0.990582
0.999144
1.00364
0.989442
0.987879
1.02456
1.00529
0.988377
0.992562
0.994767
1.00415
1.00181
1.00203
1.0159
1.00173
1.00443
0.992241
1.00087
1.00266
1.01048
1.01294
0.988407
1.01328
0.99369
1.00867
0.997119
1.00383
1.00998
0.991096
0.987504
1.0035
0.99879
0.993097
0.998605
0.994285
0.998034
0.998489
1.00568
0.992701
0.996565
0.983906
1.01374
1.00382
1.00072
0.998925
0.9984
1.0157
0.997672
1.00075
0.992033
0.988872
1.01115
1.00217
0.991806
1.00909
1.00158
0.997944
1.01207
1.01121
0.973546
1.00263
0.997726
0.991232
0.98599
0.991818
1.00734
0.999253
1.00669
0.993629
1.0034
1.01207
1.00235
0.996031
0.994646
0.989531
1.00076
0.99816
0.983783
0.989724
0.985832
0.990085
1.00112
0.996856
0.999293
1.02122
1.00043
1.00876
0.99037
0.990501
1.00514
0.995821
0.99226
0.995193
0.992695
1.00167
1.01068
0.980718
1.01538
0.99308
1.00098
0.988925
1.00659
0.98981
1.00539
1.00869
0.994802
0.995222
1.00385
0.976628
0.994548
0.980273
0.99296
0.981662
1.01009
0.981808
1.00321
0.990742
1.0014
1.00243
0.981759
1.01457
1.00245
1.00251
0.986936
0.985376
1.00651
0.994953
0.995135
0.99844
0.98925
0.995098
0.990526
0.999233
0.9988
1.00413
1.00406
1.00027
1.00297
0.990475
1.01597
0.983233
1.00221
1.00564
0.978357
1.00064
1.01017
1.00504
1.0037
0.977117
1.00219
1.00895
0.988684
0.996617
1.00901
1.00441
0.994265
0.994823
1.00592
0.989612
1.00339
0.992594
0.98493
0.99333
0.993878
0.992507
0.994142
0.983519
0.997321
1.00021
0.99747
0.982125
0.997552
1.00213
1.00144
1.00948
1.00178
0.984322
0.989663
0.989504
0.992405
0.994333
1.00869
0.984683
1.02193
1.00308
1.00472
0.988407
1.00849
0.985167
1.00453
1.00311
1.00305
1.00051
1.00128
0.990986
1.0044
0.998272
0.998853
0.995131
1.00566
0.995014
1.00783
0.992738
1.00845
0.995176
1.0009
0.997985
1.01037
1.01909
0.988406
1.0013
1.00601
1.00126
0.9978
1.01074
1.00484
1.02317
1.01804
0.9957
1.00883
1.00111
0.998963
0.97946
1.01224
1.00581
0.99484
0.997194
1.00001
0.99683
0.982003
1.007
1.00648
1.00681
1.01953
1.01269
1.00957
0.992964
1.0041
0.995589
1.00662
0.979009
0.985398
1.02189
1.00224
1.01086
1.00562
0.997767
0.984411
1.00473
1.01189
0.99726
1.01191
1.00303
1.00983
1.0069
0.993978
1.00341
1.00104
0.994806
0.984362
1.00872
0.992907
0.995217
1.00512
1.00148
0.988648
1.00399
0.992105
0.998099
1.0084
1.00005
1.00895
0.993305
0.977479
1.00044
1.01585
1.01519
0.982698
1.0013
1.00319
1.00062
1.01535
0.996836
0.991123
1.00942
0.982359
1.00394
0.998457
0.997879
1.00499
0.990273
0.989218
1.00439
0.996553
1.00873
1.00032
1.0064
1.00333
1.00017
1.02124
0.980917
0.99362
1.01112
0.985204
1.00438
1.00299
0.997838
0.993168
1.00449
0.998875
0.996335
1.00634
0.998527
1.00635
0.999538
0.979052
0.989714
1.00586
1.00116
1.00036
0.987012
0.992604
1.01288
1.00624
0.979373
1.00053
0.996627
0.999768
0.998783
1.00171
0.989614
1.01465
1.0012
0.99856
1.00835
0.985983
0.993024
0.995438
0.996889
1.0085
0.999796
0.990048
0.987154
0.991866
0.985247
1.00803
1.01273
1.00413
1.01211
1.01527
1.00929
0.992516
1.00069
0.991347
0.981799
1.01623
1.00705
0.996272
1.01061
1.00126
0.995051
1.00313
1.00592
0.992979
1.00016
0.996098
1.00562
0.998766
0.997604
0.986409
1.00549
0.992444
1.01104
1.00022
1.01331
0.976396
1.01463
0.998154
1.00185
0.996369
1.0082
0.985292
1.02418
0.994307
0.995238
1.00643
0.986696
1.00815
1.0105
1.0221
0.998884
0.999234
0.991044
1.00012
1.00564
0.979971
1.00285
0.984489
1.00575
0.992742
0.987317
0.994437
1.01967
1.01202
0.995622
0.995466
0.99195
0.983843
1.00869
1.00426
1.0115
1.01188
0.99552
1.00701
0.98735
0.999339
1.00306
0.997439
0.995247
1.00454
1.01974
0.968289
0.999769
0.997469
0.988417
1.00042
0.973291
0.999202
0.987738
1.00587
0.994038
0.987555
1.00804
0.998924
1.00298
0.987909
0.991449
1.0007
0.9995
0.991328
1.01127
0.991141
0.986277
1.00538
0.999298
0.992854
0.982667
0.989991
1.00299
0.980892
0.998223
1.0078
0.99388
1.01194
1.00461
0.995364
0.998635
0.991292
0.996265
0.995177
0.991242
1.00209
0.991568
1.00671
1.0121
0.980379
1.00612
1.00585
0.987036
0.99143
0.992505
1.00523
1.00425
0.98353
1.00875
0.985832
1.0132
0.991247
1.00484
0.989949
1.01272
1.00139
0.992047
1.01938
1.00722
1.00422
0.984777
0.994576
0.982919
0.988372
0.986949
1.01225
1.01864
0.995728
1.01439
1.00992
0.990567
0.991778
0.997599
0.98389
1.00283
1.00985
0.985286
1.00363
1.00702
0.984236
1.00178
1.00266
1.01464
1.01289
1.01953
1.01517
1.00347
0.99117
1.00485
0.98543
0.997611
1.00289
1.00072
0.990251
0.997416
0.994769
0.998175
1.01199
0.991109
0.995284
1.00047
1.01836
1.00289
0.995624
0.997406
0.997908
0.995988
0.985115
1.01683
0.997205
0.99779
1.00365
1.005
0.995993
1.00365
1.00089
0.998229
1.01148
0.985902
1.00056
1.01354
1.01135
1.00429
1.00601
0.990881
1.00596
0.992611
1.01365
0.992207
1.00975
1.01438
0.981333
0.996603
1.00715
1.01277
1.00309
0.99854
1.00118
0.994265
1.00339
0.997955
1.00893
0.991498
1.00418
0.995491
1.00501
0.999285
0.976632
1.00781
0.993313
1.00359
1.00908
1.00247
0.988458
0.996075
0.995634
1.00461
0.998011
0.990855
1.02868
1.01782
0.985361
0.996951
0.997109
1.00939
0.989347
0.996628
0.999797
0.987034
1.0011
1.00518
1.00255
0.989783
0.997248
1.00409
1.01276
0.992651
1.00262
1.00222
0.977048
1.0017
1.01176
1.0054
0.996117
1.00081
1.00583
0.985161
0.980008
0.994103
1.01259
1.00514
1.01404
0.997387
0.997746
1.00004
1.01246
0.996203
0.993209
0.999208
0.993992
1.00451
0.991669
0.995968
0.996996
1.00603
0.996876
0.99676
1.01584
0.976469
0.995954
0.990528
1.01699
0.982008
0.9999
0.990237
1.01559
0.99391
1.0064
1.02179
0.990712
0.987188
1.00112
0.98446
1.00161
1.01655
0.991381
0.995845
1.01286
1.00136
1.00155
0.990941
1.01606
0.998607
1.01451
1.00256
0.998903
0.995964
1.01101
0.981386
0.991561
0.993525
0.996392
0.986609
0.994693
1.01624
0.993934
1.00726
1.01512
1.00704
1.0017
1.00409
0.988331
1.00136
0.998744
0.998532
0.987126
1.0072
0.990681
0.999339
1.01254
0.986752
1.01475
1.00502
1.01055
0.996038
0.979665
1.0056
0.980251
0.992121
1.01342
1.00002
1.00062
1.00894
0.996005
0.994298
1.00781
1.007
1.0177
1.01331
1.00424
0.995783
1.003
1.0099
1.00394
0.992951
0.994552
0.98126
1.01267
1.0039
1.01445
1.00247
1.00259
1.00473
1.00674
1.00616
0.975737
1.0035
0.99609
1.00643
0.998255
0.987499
1.00367
1.02254
1.0129
0.993639
1.00326
0.992309
1.01411
0.973749
1.00875
0.981636
0.992823
1.00382
0.994707
1.00245
1.00338
1.00686
1.00171
1.00621
1.00306
1.00491
1.0191
1.00235
1.0156
1.01012
1.02895
0.997104
0.997271
0.99208
0.999877
1.01797
1.00668
1.00036
0.995448
0.99831
0.994478
1.00668
0.995035
0.989027
0.98713
1.02238
0.998021
1.00724
1.0025
1.00256
0.996957
1.00656
1.00742
1.00586
1.01034
1.00911
1.00298
1.00043
1.00393
0.998306
1.00656
0.982575
0.992998
1.00337
0.987315
1.01084
0.98722
0.991404
0.995068
1.01498
1.00093
1.00752
0.990629
0.996467
1.00896
0.981741
0.998123
0.990391
1.00552
1.00522
1.00884
1.00407
1.00298
0.993771
1.00794
1.0148
1.01259
0.998039
1.02217
1.00275
1.01785
1.01421
1.03102
0.989605
0.981985
1.01454
0.995886
0.992134
0.991879
1.01408
1.01764
1.00795
0.99961
0.993545
1.00338
0.985697
0.994221
0.99746
1.0094
1.008
0.994475
1.00679
1.00187
0.979304
0.998821
1.00059
0.992338
1.00252
1.00247
0.99259
0.994496
1.0157
0.989809
1.00637
1.00929
0.991465
1.00018
0.989416
1.0038
0.987212
0.998608
0.984637
0.993168
0.996036
0.998768
0.993316
1.00136
0.977933
0.994171
0.979736
1.00992
1.00862
0.986006
0.994552
1.00347
0.999085
0.985224
0.997228
0.990667
1.01236
0.998639
0.995423
1.0025
1.00931
0.992005
1.00075
0.999751
1.0042
0.995364
0.994739
0.996728
1.00801
0.995389
0.987329
0.995398
0.98252
1.00766
0.993602
0.987701
1.00051
0.995018
0.998484
1.00282
0.992461
1.00978
0.975177
0.99586
1.00328
0.989885
0.998291
1.00048
0.988749
0.994669
0.9991
1.00895
0.996506
1.0167
1.02245
1.00426
0.993976
1.00073
1.0081
0.988351
1.00664
0.985961
0.992476
0.998522
1.00915
1.02277
1.01646
1.00483
1.01104
0.995486
0.998844
1.00321
1.00353
0.993318
0.993659
1.00219
0.99703
1.009
0.999571
1.01682
1.00053
0.991611
1.012
1.00037
0.992467
0.989122
0.991418
1.00177
0.995358
0.993062
0.992489
0.997255
0.996885
1.00515
0.985845
1.00985
0.999213
1.00157
1.00721
0.9955
0.995834
0.991015
1.01262
0.986488
1.01305
1.00234
0.997603
1.00119
1.00147
1.00015
0.990896
0.9936
0.991107
1.01027
0.993356
1.01726
1.00209
0.993251
1.00246
1.00188
1.00236
1.01122
1.00336
0.998783
1.01276
0.997408
1.01367
0.994601
0.971337
0.98829
0.995269
1.00474
0.989142
0.988205
1.0035
1.01128
0.976963
1.00707
0.99614
1.00273
1.00567
0.984617
1.01485
0.993222
0.99383
1.01964
1.01945
1.00002
0.995251
1.00414
1.00111
0.996275
0.987968
0.997925
0.992166
0.998745
1.00568
1.01135
0.999594
1.01472
0.995731
0.973388
0.991758
1.00464
0.978153
1.01199
0.999463
0.998447
1.00444
0.997167
1.0116
0.992374
0.997184
0.98803
1.00008
0.999052
0.984159
1.00081
0.988614
1.00206
1.00543
1.00859
0.988572
1.00441
0.997244
1.00104
1.00608
0.990987
0.988544
0.995028
1.00064
1.00352
0.992646
1.00397
1.00033
0.999764
1.00198
0.997703
1.00399
0.993326
0.997354
0.994704
1.00196
0.982659
0.9921
1.00589
0.997562
1.00625
0.992722
0.999483
1.0065
1.00201
1.00329
0.996029
1.01169
0.993381
1.01078
0.997222
0.980591
1.01335
0.985946
1.00904
1.00149
0.993621
1.00049
0.998551
1.01004
1.00806
0.998489
0.979591
0.989387
0.995832
0.993305
0.995586
1.00313
1.00627
1.00107
0.996773
1.00621
1.02691
0.994237
0.991066
1.01122
0.997507
0.989299
1.00302
1.00655
1.00404
0.998875
0.991067
0.989231
1.01629
0.991479
1.01623
0.985047
1.00873
0.999026
1.00565
0.989039
1.00613
0.991176
0.979216
0.993765
0.994117
0.992778
0.99218
1.00359
1.00336
1.01086
1.00291
1.00497
1.0156
1.0009
1.00185
1.00284
0.986369
1.00051
0.999907
1.01273
0.979544
0.996909
0.993584
1.00979
0.990691
1.00316
0.999183
1.01115
1.01058
0.987202
1.00662
0.990526
0.987838
0.997576
1.00927
1.00754
0.991255
1.01111
0.994506
1.02509
1.00638
1.01799
1.00149
1.0076
1.00974
1.0038
0.997285
1.00092
1.00754
1.01037
0.998697
1.01558
1.00373
1.0145
1.02678
0.991497
1.0028
1.01632
0.997563
1.00438
0.998615
1.00425
0.983724
0.995327
0.991727
0.985647
1.00006
1.00381
0.998663
1.00385
0.99549
1.00433
1.00441
0.985426
1.01564
0.999616
1.01897
1.01137
0.997633
0.996534
0.997842
1.01076
0.987354
1.00995
0.98627
0.996831
1.00262
1.00927
0.989811
1.0006
1.00552
0.977757
0.999672
1.01521
0.994742
1.0162
0.99346
0.987211
1.00614
0.991214
0.996463
1.01178
0.96902
0.984431
0.998669
1.01229
0.991592
0.996073
1.01072
0.973153
0.990077
0.982393
0.997239
0.997275
1.00098
0.987064
1.00986
1.00259
0.98781
1.00353
0.995564
0.986811
1.00184
1.01311
1.01082
0.991225
1.00384
0.998141
1.00805
0.994508
0.998756
0.994906
0.989943
0.995762
1.00036
0.979822
0.999868
1.00665
0.98737
0.99618
0.990024
0.997539
0.984015
0.995799
1.00003
1.00656
0.987762
1.01619
0.973819
1.00878
0.989768
1.00193
1.0015
0.988421
0.98132
1.00978
1.00318
0.985352
0.981079
0.999513
0.997458
1.01057
1.00938
0.992217
0.990423
1.00403
0.997606
1.01598
1.00498
0.997463
0.997404
1.00654
1.02192
1.01134
1.00281
1.00458
1.00132
0.987609
0.974141
0.998886
0.985526
1.01658
1.00555
0.995458
1.00504
0.989847
0.994519
1.00507
1.00013
0.994613
0.986494
1.00351
1.00204
0.994221
1.00305
0.999171
1.00061
1.0075
1.00694
1.01308
1.00384
0.979511
1.00983
0.990519
1.00186
0.992721
1.00703
0.993053
1.00559
1.01173
1.00132
1.00769
1.0115
1.00115
1.00022
0.990422
0.986376
1.0093
1.00771
1.00052
0.993555
0.987615
1.00638
1.00533
0.992972
0.97505
1.00916
1.00428
1.00691
0.997004
0.994352
0.989338
1.00595
1.01479
1.00346
0.999061
1.00793
0.992598
0.987499
0.996158
0.995178
1.00919
1.00369
1.00461
0.987639
0.988929
1.01125
0.993752
1.00594
0.988676
1.00334
0.996943
1.01335
0.996644
1.00054
0.96994
1.00754
0.995126
1.02347
1.01691
1.00337
0.988275
0.98936
0.996204
1.0207
1.0121
0.997543
0.997685
1.00491
1.01622
1.00551
1.00939
1.00228
1.00253
0.99774
0.997695
0.999635
0.992953
0.997003
1.00098
1.01104
0.988592
1.00372
0.992036
0.995779
0.985853
1.00085
0.999234
1.0025
0.981741
0.992453
1.01044
0.992107
1.01676
0.99582
0.99641
0.981036
1.0099
1.01438
0.995088
1.00827
0.991015
0.993003
1.00041
1.00235
0.99672
1.00189
0.974273
1.00822
1.00805
0.99498
0.990907
0.998861
1.0177
0.999957
1.00305
0.999849
0.991987
1.0026
1.01012
0.999054
0.999892
0.984413
0.992907
0.998202
0.992398
0.983939
0.995673
1.0011
1.00244
0.999885
1.00486
1.00567
1.01479
1.01312
1.01426
0.98305
0.998226
1.00963
0.984986
0.984431
1.00328
1.00936
0.993772
1.00649
1.00344
0.985547
1.00051
0.995783
0.998288
0.994302
1.00585
1.02554
1.0138
0.998214
1.00866
1.0103
1.00748
0.998676
1.01553
1.00113
0.993288
1.01117
1.01377
0.994489
1.0125
1.00977
1.00411
0.992572
1.01208
1.00647
1.01017
1.01909
0.996304
0.98837
0.985113
1.01515
0.992801
0.995064
1.00062
0.989166
0.995005
0.991966
1.00336
1.01026
1.00439
0.992273
0.995308
0.999178
1.00601
0.996902
0.990996
1.01737
0.998567
0.994598
0.993287
1.0001
0.999084
1.00064
1.01182
1.0187
1.00094
0.997434
1.0168
1.01158
1.00417
0.998404
0.999163
1.00283
0.992526
1.00134
0.983219
1.00748
0.997486
0.976156
0.982397
0.990792
1.00191
1.00048
0.995431
1.01109
0.992386
1.00035
0.994325
1.01367
0.989307
1.00089
0.974335
1.03099
1.00007
0.997311
0.99614
0.991259
1.02003
0.999913
0.989625
0.995219
0.99366
1.00597
0.988079
0.993163
1.0018
0.986865
0.996227
0.995216
1.0022
1.00288
0.988347
0.998759
0.998691
1.00012
1.01064
1.01202
0.984114
1.00619
0.996571
0.997589
1.00169
1.00413
1.01141
1.01144
1.01375
1.01109
0.990819
0.998894
0.99785
0.983809
0.998313
1.00346
1.00396
1.01479
0.981107
0.992065
0.999906
0.992021
1.01353
1.00659
0.978118
0.990201
1.00182
1.00483
0.995428
0.999254
0.986702
0.994447
1.0065
1.01321
0.995335
1.0035
0.994396
0.9919
1.00651
0.981223
0.977577
1.01671
1.00763
1.00962
0.996299
1.00311
1.01704
1.00614
1.00208
0.990942
1.00175
0.99429
1.01096
0.992847
0.995488
1.005
1.01009
0.998868
0.999196
0.98673
1.00373
1.01306
0.990656
0.991378
0.999073
1.01998
0.996077
0.993246
1.01402
1.00214
1.0048
0.992677
1.00059
0.986012
0.984326
0.994716
1.00158
1.01659
0.987602
1.00582
0.991317
1.00668
0.999793
1.01051
1.00778
0.987986
0.977765
0.99796
1.00451
0.994408
0.997764
1.00075
0.990024
1.00353
0.99188
1.0028
0.992371
0.990058
0.989406
1.00419
0.997135
1.01601
0.989988
0.998092
1.00746
1.01253
1.03188
0.977011
1.00703
0.999064
1.01399
1.01233
0.986646
0.99396
1.00818
1.00454
0.992619
1.01189
0.994499
0.997798
1.00486
1.00457
1.00812
1.02315
1.00228
1.0096
1.00988
1.00865
0.997849
1.01274
1.01495
0.995428
0.999425
1.00856
1.01468
0.989019
1.00521
0.991392
0.984923
0.994247
1.00985
0.987005
1.00349
0.98629
1.00387
0.995364
0.999865
0.98994
0.997866
1.00099
0.991902
0.981933
0.997704
0.999543
0.998495
1.00319
1.00875
1.0141
1.00675
0.974758
1.00705
1.00569
0.997837
0.984862
0.998135
1.01716
1.00225
0.995047
0.995668
0.999803
1.00019
1.00182
1.00724
0.996262
1.00154
1.00226
1.00358
1.00275
0.987111
0.9903
0.986852
1.01588
0.992746
0.989558
1.00658
0.993766
0.999748
0.993017
0.990967
1.0067
1.01562
1.00738
0.999559
0.99639
0.992466
1.00478
0.997557
1.00409
1.0017
0.9969
0.999686
0.995299
1.00039
1.00852
1.00763
0.992254
0.98646
1.00689
1.01941
0.981771
0.992189
0.983403
0.999733
0.987537
1.00841
0.999389
0.981507
1.02123
0.993759
1.01137
0.995194
0.986981
1.00068
0.995923
0.983684
1.00484
0.984305
0.997104
1.01059
1.00141
1.01407
0.986922
1.00786
0.990366
1.00725
1.00061
1.00468
0.993338
1.01332
0.996508
0.995087
1.00017
0.987788
0.994211
0.982895
0.995922
0.989796
0.997604
0.996062
1.00629
1.01291
1.00008
1.00891
1.0046
1.02094
1.00664
1.00836
0.998139
0.997448
1.00803
0.993277
0.993208
0.997279
1.00493
0.989614
0.989837
1.0063
0.998045
0.991832
0.995767
0.998324
0.996673
0.996327
0.997681
0.984662
0.991673
0.99123
0.993442
0.985967
1.01111
1.00086
0.999158
0.998679
1.00188
1.00764
1.01054
1.004
0.987144
1.00074
0.997651
0.985522
1.01817
0.997352
0.989666
1.00625
1.00971
0.99473
1.00087
1.0206
1
1.00343
1.00272
0.981322
0.993563
0.986983
0.990763
0.996907
0.994151
0.997688
0.993633
0.980822
1
1.01374
1.00128
1.01059
1.00395
1.00411
1.00558
0.997932
1.0181
1.00314
1.00554
0.997779
1.00372
1.00237
0.991825
1.00328
1.00089
0.988565
0.997597
1.01372
0.995223
0.991962
0.999449
0.99407
1.00875
0.992724
1.00192
0.989099
1.00052
0.988073
0.997769
0.990285
1.00305
0.994726
1.00165
1.00738
0.995496
1.01133
0.995544
1.00613
0.998277
1.00115
1.01481
1.00371
0.997287
1.00705
0.993761
1.00879
0.998901
1.00199
1.00841
1.00656
0.98977
0.989292
0.986837
0.983964
1.0248
0.997782
0.995697
1.0061
0.996438
0.997447
1.00384
1.00172
0.998522
1.01123
1.00435
1.00086
1.0109
0.981663
1.00063
0.989105
0.99257
0.982773
0.992343
0.99892
0.997279
1.00739
1.00019
1.00233
1.00603
0.988653
0.996004
1.0048
1.00759
1.00687
0.999872
0.993639
0.988705
0.986791
0.993895
1.00034
1.0046
0.9973
0.981907
1.00961
1.00365
1.00165
0.990923
0.996184
1.00057
0.995749
1.00519
0.995894
0.998827
0.989448
0.987454
0.996506
1.00296
0.993324
0.987904
1.00969
1.01021
0.996407
1.00564
0.996041
1.00426
0.996095
0.990451
1.0062
1.0046
1.00712
1.01433
1.00164
1.00867
1.00791
1.00236
0.981517
1.0078
0.99974
1.00528
0.984677
1.00463
0.983117
0.98989
0.9925
1.00556
0.995965
1.00523
1.00346
1.01603
0.994686
1.01312
1.01138
0.989547
1.01092
0.997618
0.993539
0.996162
1.00089
0.985537
1.00119
0.986815
1.00997
1.01941
1.02342
1.00866
0.998289
1.00002
0.990907
0.9952
0.997566
1.00127
1.01249
1.00246
0.997479
0.986308
0.998699
1.00758
1.00043
0.993097
1.00125
1.00255
1.01195
1.00353
0.995637
1.0017
0.989463
0.986926
0.995428
1.01102
0.992966
1.00954
1.00008
0.988014
0.99733
1.0051
1.01316
1.00173
0.983095
0.991362
1.01332
0.994155
1.00768
1.00131
0.997828
1.01046
1.00005
1.0165
0.987885
1.00235
1.00312
0.993907
1.00443
1.01266
0.991496
0.991743
0.995132
0.998981
1.00258
1.00917
0.99379
1.00227
0.998796
1.00291
1.00926
1.00542
0.993439
1.00307
0.998934
0.995992
1.0163
1.00185
0.974903
0.98927
1.0007
1.01468
0.997647
0.999176
0.988832
0.989815
0.995799
0.996025
0.984575
1.01134
0.990515
1.0053
0.978602
0.996676
1.02166
1.00254
0.990361
0.993046
1.00934
0.999356
1.01321
1.01764
0.985563
1.00505
1.0025
1.01113
0.993462
0.99973
1.01633
0.992047
1.00589
1.02216
0.992769
0.984462
1.00399
0.995589
1.00389
1.01717
0.993786
0.991292
1.00342
0.995434
0.989903
0.99179
0.999957
1.01135
0.997398
0.990546
1.01033
1.00043
0.995421
0.979463
1.02402
0.991324
1.00936
0.990082
0.99618
1.00142
1.01885
1.00325
0.991141
0.998729
1.01502
1.00243
0.98389
1.00273
1.01274
0.99965
1.00627
0.994867
0.999979
0.997746
0.99393
0.99477
1.00058
1.00254
1.00401
0.992572
1.02376
0.994748
0.994608
1.00398
1.00219
1.00303
0.985941
1.01588
0.994008
1.00432
1.00714
0.988373
0.986184
0.994463
1.00107
1.00374
0.994779
1.01513
1.00789
0.997291
0.995709
0.971912
0.990057
1.00222
0.985119
1.01207
1.00312
1.00425
1.00454
0.999075
0.980459
1.00934
0.999488
0.99894
1.0242
1.00089
0.989437
1.00778
0.987486
1.00712
1.00212
1.00446
0.988366
0.999158
1.0164
0.994037
1.00287
1.00539
1.0054
0.996745
0.993173
1.0021
0.984373
1.01195
1.00484
0.987918
1.00789
0.983016
1.0113
0.984213
0.990248
1.01402
0.991506
1.01048
1.01674
1.00886
1.00878
0.978307
0.99272
1.00546
0.995125
1.01013
1.00111
0.993301
0.982428
1.00965
0.995441
0.995367
0.997154
0.984826
0.995905
1.01092
0.985939
1.00549
1.00742
1.00913
1.00974
0.985932
0.999726
0.994445
0.98998
1.00178
0.980592
0.993235
0.99576
1.00599
1.00141
1.0202
1.00022
1.01557
1.02032
1.00061
0.992603
1.0188
0.992576
1.00369
0.992291
0.976521
0.991695
0.989617
0.988157
1.01403
1.01805
0.99547
0.988654
1.00566
1.00852
0.991441
1.02206
1.00648
1.01006
1.00104
1.00843
0.999329
1.0057
0.988505
1.0054
1.00945
0.992989
1.01224
0.989449
0.995158
1.01389
0.994248
0.989419
1.00133
1.00717
0.99015
1.01361
0.998469
1.00404
1.00309
0.987129
1.01942
0.996057
1.01115
1.01412
0.998014
0.998696
0.998689
0.989831
1.00871
0.992632
1.01668
1.00378
0.990859
0.986755
0.999798
1.00053
0.990162
1.01777
1.00795
0.999353
0.9978
0.983668
1.00725
1.00622
1.00525
1.01368
0.997454
1.00374
1.00802
1.00479
0.988915
1.0081
1.01614
1.0063
0.98849
0.997944
1.01316
1.00573
1.00343
1.00488
1.00998
0.993682
0.998702
0.997574
1.00005
0.991229
0.989479
0.997421
0.999248
0.992149
0.999138
1.0186
0.988386
0.979009
1.00665
0.999852
0.993377
0.997064
1.00303
1.0035
1.01994
1.00158
1.0092
0.992113
1.00701
0.995123
0.996599
0.983564
0.994287
0.99805
1.01424
1.00793
0.996339
0.982663
1.00315
1.0182
0.979708
0.995204
1.00076
1.01128
1.00655
1.02102
1.00155
0.994913
1.00024
0.985388
1.01505
0.998059
1.01042
1.01613
0.996784
0.987143
1.01264
1.01327
1.01607
0.990186
1.01019
1.00384
0.996104
0.99962
0.997024
0.994193
0.989118
0.998061
1.00249
1.00831
0.990883
0.990851
0.985772
1.00513
0.995337
0.989305
0.996109
1.00854
0.990948
1.0066
0.981579
0.975278
0.991325
1.01078
0.98935
1.00356
1.00228
0.9837
0.999962
1.00893
0.99186
1.0039
0.992523
1.0054
0.995187
1.00201
1.00148
0.99419
0.994825
1.00384
0.992419
0.998822
0.990475
0.996692
0.99764
1.0297
1.0085
0.99079
0.980579
1.00631
1.01362
0.984411
1.01461
0.994543
1.01108
0.997007
0.997984
0.988914
0.986538
0.997373
0.993311
0.990633
0.988759
1.00662
0.973779
1.00021
1.00665
0.999795
1.00644
0.993055
0.995016
0.99746
1.01004
1.00152
1.00868
0.989549
0.998781
1.00663
1.01642
1.0066
0.990401
0.993537
1.00427
1.00156
0.987866
0.998961
1.00334
1.00984
1.00236
0.993137
1.00191
0.993398
0.99688
0.99759
0.99732
1.00839
1.01165
1.00331
1.0065
1.00948
1.00751
1.01085
1.00984
0.999377
0.964866
1.00952
0.995368
1.00539
1.00181
1.00707
0.998931
1.00464
0.99915
1.0076
1.01036
0.999541
0.996048
1.00745
1.00784
1.0159
0.991304
1.00364
0.998848
0.982743
0.998964
0.993101
1.01332
0.993255
0.989586
1.00341
0.991805
1.00002
1.00038
1.00018
1.01131
1.00366
0.988096
1.00486
0.974918
0.985721
1.00259
1.01045
0.996485
0.998335
1.0098
0.992118
1.01287
0.988025
1.02342
1.00138
1.00319
