1.00052
0.987986
0.994787
1.01767
0.995278
0.98844
1.01482
1.00857
1.00033
0.996409
0.995087
0.995774
1.00589
0.99245
1.01215
1.00848
0.990705
1.00455
0.995183
0.995465
0.993463
1.00287
1.00096
1.00171
0.994395
0.99317
1.00892
0.992072
1.00191
1.00762
0.98709
0.988902
1.00607
1.00388
1.01497
1.01592
0.984836
0.993055
0.997819
0.995677
0.998884
1.00368
1.01185
1.00816
0.998625
0.988107
1.01539
0.991142
1.00379
1.00812
1.00636
0.98782
1.00597
1.01818
1.00959
0.988734
0.994087
0.996817
1.00905
0.998736
1.01886
0.98956
1.00989
1.00879
0.984379
1.01693
1.00337
0.993264
0.998973
1.00539
0.99157
0.995644
0.997984
1.00952
1.00083
0.998026
1.00681
1.01065
1.0114
1.01809
1.00252
0.996403
0.992796
1.00171
0.996213
0.9992
1.00024
0.990775
0.990111
0.994681
0.98932
1.00097
0.983139
0.996295
1.00844
0.993723
1.01226
0.986357
0.997955
1.00481
1.00048
0.986692
1.01024
0.999842
1.00728
1.00542
0.991116
0.999385
0.98438
1.00102
1.00434
0.992156
0.998106
0.996859
1.02012
0.999085
1.00341
0.987039
1.00556
1.01828
1.01011
0.995826
1.00915
0.978443
1.01763
1.00492
1.00723
1.00007
0.995573
1.00335
0.984278
1.00551
0.989385
0.998768
1.00179
0.999653
0.999733
1.00233
0.996803
0.992014
1.01328
1.01505
1.00035
0.990523
0.999521
1.00157
1.02471
0.990716
0.998566
1.02376
1.00605
1.00789
1.01593
0.99688
1.00043
1.0004
1.00382
1.00938
1.00451
1.00947
0.996783
0.971033
1.00173
1.00482
1.00615
0.994859
0.997567
0.993328
1.00437
0.995652
0.995031
1.00219
0.980177
0.990946
1.01667
0.993543
1.01003
0.994349
0.98798
0.995854
0.998198
0.993415
1.00573
0.990385
0.989055
0.999168
1.005
0.985022
1.00498
0.995443
0.991857
0.999924
1.00373
0.98624
1.00084
0.987803
1.00142
1.00036
1.00756
0.989092
0.995143
0.989557
1.00442
1.00995
0.997264
0.995956
1.00163
0.988924
1.00785
0.994681
0.993973
0.991558
0.995389
1.00908
1.00956
0.997283
1.00757
1.00726
1.00794
0.995841
1.00631
1.01369
1.00534
0.998181
0.986825
0.99224
1.00137
1.01045
0.996941
1.00537
0.993924
0.976987
0.991746
1.0143
0.965716
1.0118
1.00744
0.994487
0.998427
1.00132
1.00475
1.01393
0.98455
0.995196
1.01896
0.981393
0.993188
0.98717
1.01315
1.03067
0.993333
1.01116
0.998992
1.01155
1.00003
1.00893
0.997159
1.01288
1.00435
0.999614
0.982674
1.00867
1.00649
0.990414
0.990323
1.00882
1.00262
1.01492
0.991967
0.983215
0.979125
1.00876
0.989841
1.00567
0.995585
0.996117
1.00505
1.01701
1.01367
1.0027
1.00191
1.00347
0.980216
0.99537
1.01874
1.01295
0.997367
1.02001
0.992435
1.01634
0.995627
1.01365
0.987609
0.984694
0.992317
1.00817
1.0153
0.994161
1.00359
0.998041
1.00397
1.00527
0.994247
1.0167
1.01448
1.01751
1.00022
1.00228
0.996882
1.00525
1.01063
1.00166
1.00014
0.994935
1.00506
0.990254
1.00547
1.00545
1.00102
0.991068
0.985608
1.00212
0.981227
0.969676
1.00658
1.00493
0.99809
1.0032
0.991457
1.01262
1.01226
0.996997
1.00807
1.00518
1.00495
1.00432
1.01181
0.994993
0.996672
0.99675
0.995664
0.99451
1.0112
0.986164
0.983049
0.989553
0.993772
0.996075
1.00217
0.999387
1.01935
0.997259
1.00131
0.999252
0.992393
0.995129
1.00065
1.01105
0.995154
0.997058
0.996101
0.99875
1.01816
0.98735
0.988946
1.00073
0.996269
0.995899
1.00294
1.0043
0.996497
1.0091
1.01729
1.00406
1.01674
0.993978
0.993988
0.999467
1.00353
1.00474
0.997713
0.993339
0.991506
0.98321
1.01104
0.991215
0.992562
1.00008
1.00219
0.991728
0.996577
0.991645
1.00484
1.00721
0.983968
0.991816
0.983855
0.988793
1.00416
0.989069
0.995211
1.01038
1.01268
0.988362
1.003
1.00734
0.994881
0.996835
0.993841
1.00437
1.00946
0.979279
0.993025
1.00848
0.993787
1.00835
1.0021
0.995012
1.00306
1.00121
0.984256
1.00582
0.991767
0.985713
0.994962
0.988149
1.00483
0.99261
1.0088
0.998544
1.01375
1.01276
1.00627
0.996363
0.999083
1.00001
0.991356
0.997961
1.00119
1.00251
0.999526
0.985506
0.995124
0.991057
0.986897
1.00145
0.989065
0.995917
1.02985
1.00631
0.981096
0.996866
0.997702
1.00691
1.01421
0.999411
1.00478
1.01329
1.00681
0.994418
1.00809
1.00297
1.00283
0.99819
1.00309
0.993232
1.00026
1.01004
0.98947
1.00364
0.995959
0.998502
0.989211
1.00991
0.99431
0.995716
1.00555
1.0124
0.996358
0.981679
0.999371
0.998557
0.997913
0.987988
1.00859
1.00894
0.993002
1.00939
0.997434
1.00136
1.00748
1.00148
0.983145
1.02145
0.994514
0.990663
1.00429
1.00274
1.00124
1.0163
0.981703
0.992117
1.00053
0.98735
0.989199
0.989475
0.990968
1.0067
1.00659
1.00261
0.98967
1.00315
0.979389
1.00951
1.00443
1.00602
0.99473
1.00028
0.994309
0.997598
0.994382
1.00411
0.995478
0.985157
1.00357
0.999673
1.00982
0.995378
1.00606
0.997703
1.0141
1.00301
1.0091
1.00119
1.00174
0.998666
1.00293
0.999448
0.992015
1.00368
1.00527
1.02128
0.993749
0.98469
0.999734
1.01325
1.00511
1.00415
1.01003
0.995573
0.986807
0.994999
0.990404
0.98829
0.995263
1.001
1.02006
0.997898
1.00717
0.99708
0.99744
1.01278
0.993596
0.992748
0.997591
1.00554
0.994794
0.998609
1.01073
0.990443
0.988366
0.993849
1.00449
1.01586
0.988964
1.01478
1.01194
1.00672
0.996822
1.01565
1.00408
0.999841
0.988558
1.00686
1.00444
1.00668
1.00628
0.986227
0.998563
1.00981
0.99813
1.00871
1.00978
0.998428
1.0139
0.992334
0.990742
1.02899
1.00044
0.996674
0.986793
0.994205
0.993788
1.00314
1.00965
1.01442
0.979674
0.995266
0.991009
0.988016
0.995158
1.0177
1.00185
1.00246
0.983123
0.999475
0.999393
0.990754
1.00501
1.00113
1.00872
1.00041
1.01182
0.997945
0.9994
0.994025
1.00479
1.00972
0.983258
0.99806
1.0055
1.01056
0.988458
0.994808
1.01935
0.98691
1.0007
0.992471
0.993679
1.00436
1.00589
0.98142
1.01283
1.00064
0.991234
0.999264
1.00837
0.995956
0.991449
0.995059
0.996867
1.00388
0.991525
0.991496
1.022
0.999297
0.997979
1.00748
1.01383
1.00292
1.00232
1.00566
0.980671
1.00721
1.01982
0.991346
1.00184
0.994137
0.998247
0.994029
0.984472
1.00179
1.0085
1.0044
0.995328
0.988152
1.00581
0.987707
1.01952
1.00672
1.00402
1.00373
0.991714
0.984997
0.988383
1.00115
1.01308
0.997795
0.989354
1.02505
1.00126
1.00702
0.992788
1.00168
0.982885
1.00903
1.00551
0.997232
1.00236
0.998163
1.00859
1.00433
1.01131
0.985054
1.00327
1.00521
0.999302
0.999368
0.991999
0.991241
0.997139
1.01655
1.00809
0.985005
0.992755
0.985138
1.00223
0.998443
0.998853
0.996428
1.00436
0.990974
1.006
0.978414
1.00332
1.00774
1.01335
0.991581
1.0093
0.996397
1.00701
1.01177
0.996075
1.01275
1.00309
1.0114
1.01558
0.989398
0.986295
0.996751
0.995055
0.996075
0.997147
1.00823
0.997757
0.993885
1.00669
1.00243
1.00803
0.992904
0.988983
0.993395
0.993877
0.989687
1.02572
1.00988
1.00351
1.00465
0.976907
1.00908
0.988434
0.99258
0.999817
0.98932
1.00016
1.00032
0.989299
1.004
0.994909
0.998762
1.0007
1.00863
1.01638
1.00961
1.00435
0.998128
0.991436
1.00945
0.995974
1.00124
0.999338
0.978898
0.997015
0.992241
1.0101
1.00882
1.00191
1.00763
0.990181
0.998952
1.00327
1.00381
1.00069
0.991878
1.00342
0.998286
0.998846
1.0005
0.983685
0.991363
0.985995
0.990811
0.984051
0.987755
0.997288
0.986479
0.99849
1.00598
1.00379
0.992046
0.990355
0.98257
0.987132
1.01229
0.989115
1.01223
0.990917
1.01608
1.0144
1.00889
1.00402
1.00052
0.979597
0.99979
1.00819
1.0006
1.00874
0.993061
0.985912
1.00895
1.00136
0.99178
1.001
1.02256
0.992251
0.984148
1.0013
1.00461
0.992796
0.9977
0.985149
0.986685
0.998388
1.00536
1.01468
0.994721
0.987122
0.997837
1.00054
1.00564
0.992842
1.00082
1.00226
1.00707
1.01061
1.0016
1.00929
0.989231
0.995345
1.00767
0.984633
1.00268
0.989515
1.0223
1.00328
0.979284
1.00234
0.994172
1.00298
1.00711
1.00402
1.00288
1.01696
1.00606
1.00213
0.998399
0.9884
1.00883
1.02822
1.00969
1.0054
1.00425
1.00468
1.00029
0.992604
0.982086
0.986853
1.00919
1.00443
1.00994
1.0116
0.9796
0.996474
1.01407
0.99236
0.986865
1.00226
1.00957
0.999712
0.995083
0.998247
1.00262
1.00729
0.989495
1.00002
1.0061
1.0001
0.994596
1.00927
1.00597
1.00498
1.01458
1.00153
0.995688
1.00389
0.994767
0.990935
0.985762
1.01239
1.00029
1.00999
0.995133
0.992875
0.999326
1.00597
1.00166
1.01016
1.01809
0.999933
0.996479
1.00961
1.01912
1.01193
0.98799
1.00713
0.99403
1.01337
0.991153
1.0009
0.997787
0.987137
0.997481
1.00037
1.0046
0.992853
0.9989
1.00253
0.988935
1.00673
0.984519
0.988912
1.00192
1.01392
0.968843
1.01152
1.00519
0.979229
1.00391
1.01491
1.01258
1.0213
0.979972
1.00314
1.00244
0.997535
1.00192
0.995591
1.00296
1.0058
1.00861
0.994811
1.00481
0.986175
1.00237
0.998136
0.989583
0.99847
0.996248
0.968538
0.999222
0.985658
0.995515
1.007
0.98381
1.0046
1.00441
1.0023
1.00809
0.984062
1.0018
0.996388
0.994043
0.9908
1.00906
1.00574
1.00947
1.01499
0.993863
1.00516
1.00597
1.01566
0.990779
1.02165
1.00867
0.98774
0.994662
1.00389
0.980167
1.00169
1.00832
0.991325
0.99388
1.007
0.974013
0.990812
1.00645
0.975762
0.995566
1.0056
0.996906
0.998354
1.00609
1.00524
0.98572
0.989752
0.983372
1.00598
1.01386
1.00119
1.00019
1.00373
1.00697
1.00305
0.99539
0.99305
1.00711
0.998942
0.98943
1.0112
1.00342
0.988601
0.996732
0.995288
1.00035
1.01264
0.989094
1.00291
0.993836
1.00536
0.993105
0.994276
1.003
0.982487
0.994101
0.99638
1.0063
1.01433
1.00535
1.00784
0.996088
1.00123
1.00085
0.993083
1.006
1.00727
0.991022
0.999683
1.00872
1.00384
0.979131
1.00563
1.00355
1.01504
0.994171
1.00801
0.993294
1.00422
1.00831
1.01098
0.989901
0.99446
1.00225
1.00998
0.990875
0.999388
0.983099
0.98994
0.998047
0.993531
1.01439
1.00087
0.988111
0.997847
0.989843
1.00174
1.00212
0.989
1.00912
0.995815
1.00612
0.995434
1.01194
1.01331
0.984034
1.01188
1.00564
0.995633
0.998896
1.00892
1.00208
0.995264
0.988877
0.99709
1.0013
1.00551
1.00638
0.978163
1.018
0.99183
0.996263
1.00756
0.999577
0.99779
0.978383
0.978863
1.00701
0.993612
0.98164
0.993696
1.00497
0.988878
0.995487
1.01892
1.00354
0.998657
1.00094
0.995067
1.03351
0.998799
0.996928
0.99476
0.993185
0.995909
0.993259
1.00697
1.00484
0.990073
0.983756
1.00008
1.00922
1.00212
0.991067
1.01141
0.992473
0.993038
1.00469
1.00779
0.981779
0.988822
0.990698
1.00193
0.994612
0.994063
1.00955
1.00008
1.00169
0.998193
1.00847
0.987725
0.997883
0.984183
0.986603
0.999399
1.00379
1.00641
0.992374
0.992473
1.01308
1.00033
0.981379
0.994569
1.00534
1.0089
1.02893
0.986851
0.9833
1.01151
0.990309
1.01476
1.00002
1.00192
1.00103
0.99347
0.993182
0.988171
0.99798
1.00337
0.992826
0.997492
0.987094
0.999822
1.00774
1.00372
1.00192
1.00212
1.00928
0.983998
0.986443
1.00338
1.00288
0.999497
1.01682
0.995497
1.01171
1.00257
1.00797
0.997222
0.998932
0.999839
0.993064
0.993371
1.00304
0.982989
0.996933
0.994179
1.01032
1.00614
1.01036
0.996403
0.982113
1.00528
0.992737
1.01545
0.990651
1.03412
0.982411
1.00432
1.00476
0.999724
1.01141
1.00773
1.00675
1.01375
0.991178
1.00755
1.01251
0.996002
1.00771
1.00917
1.01642
0.997737
0.990051
1.01198
0.995162
1.00051
1.01448
1.00433
1.00271
0.989068
0.991546
0.992636
0.995368
1.01896
0.992803
0.992159
1.01162
1.00762
0.990313
0.998788
1.02375
1.00738
1.00651
1.00642
1.02004
1.01209
0.998325
1.00854
0.9958
1.00035
0.993796
1.00796
0.996525
0.997092
1.00279
0.984081
1.00503
1.00125
0.99333
1.02143
0.994769
0.990631
1.01295
0.98902
1.01211
0.996895
0.991996
1.02214
1.00928
1.01017
1.00078
0.978743
0.993299
1.00374
0.999316
0.98583
1.00593
0.98521
0.997948
1.00212
1.02968
0.988322
0.995003
0.980514
1.00489
1.01884
0.993719
0.998562
1.00744
0.986001
0.99931
0.996939
1.00108
0.999231
0.994526
1.01142
1.0088
0.996829
1.01536
0.997508
1.01059
1.00663
0.999872
1.02154
0.99175
1.00808
0.994312
1.00308
1.00561
1.00687
1.00016
0.99164
1.00862
1.00609
1.01194
0.98866
1.00263
1.00613
1.00228
1.0001
1.01016
1.00355
1.00576
0.995934
1.00552
1.00168
1.00335
1.00206
0.994499
1.00165
1.01428
0.999874
0.995446
1.02188
1.01382
1.00187
0.991704
1.02523
0.985218
0.996619
0.985903
1.00092
0.98924
0.99708
0.996293
0.993361
0.991571
1.00045
1.02454
1.00808
1.00637
1.00055
0.999938
0.998097
0.985567
1.0037
0.98984
0.993694
1.00476
0.99773
1.01603
0.983865
0.99312
0.998688
0.997557
1.00612
1.01064
1.00795
1.00361
1.00646
1.00149
0.991023
0.996361
1.01251
0.999888
1.01354
0.993351
0.998827
1.01511
1.0063
0.994639
1.01689
1.00876
1.01071
1.0258
0.983547
1.00951
1.01867
1.014
1.00005
1.00566
0.9986
1.00185
1.00089
1.00256
0.997508
0.992656
1.01507
0.995898
1.00644
0.987498
1.01544
0.976752
0.988418
1.0047
0.989313
1.00951
0.99504
0.99382
1.0022
0.991003
0.991583
0.988319
0.998326
1.00874
1.01048
1.01125
1.01375
1.00831
0.997871
1.00667
0.987556
0.974393
1.00383
0.9957
1.00488
0.991752
0.995871
0.984052
0.98859
1.00843
0.991659
1.00314
1.02062
0.996846
1.0102
0.979597
1.00392
0.99568
0.998771
0.992143
1.01114
0.99874
0.992504
0.986048
1.01722
1.00042
0.98651
1.00029
0.994128
0.993955
0.990591
0.999778
1.00941
1.00241
1.00412
0.986841
1.00243
0.995997
0.992809
0.991244
0.994596
1.01299
1.00775
0.996684
1.00831
0.994484
0.986875
1.00691
1.00729
0.973847
0.999763
0.998749
1.00384
1.00163
0.991018
1.001
1.01091
0.995702
0.987346
0.993604
1.00635
0.993617
0.99088
0.999139
0.993812
0.999175
0.998118
0.999909
0.975181
0.998061
1.00048
0.996202
0.992332
1.03167
1.01137
0.987949
0.996937
0.989457
0.996756
0.993036
0.989973
0.977076
1.00945
1.01911
0.999636
0.998597
0.985869
0.991304
1.00158
1.00773
0.998813
0.993632
0.999015
0.99506
1.00998
0.997293
0.994092
0.985398
0.994122
1.00644
1.02108
1.01715
0.98714
1.00025
1.0018
1.00642
0.998772
1.00131
1.01989
1.00556
0.994638
1.00574
1.00085
0.997192
0.98543
0.998682
0.987732
0.998236
0.97797
1.00906
1.01364
0.998707
1.01103
1.00664
1.02036
1.00506
1.00371
0.999224
1.00253
0.998526
1.00525
0.9936
0.981922
0.996995
1.00291
0.997943
0.988581
0.994885
1.00387
0.984338
0.998167
1.00165
1.00537
1.00759
0.988724
0.998909
1.00889
1.0029
1.00532
1.01502
1.00832
1.00382
1.01397
0.999485
0.996433
0.98844
1.00097
1.00403
0.993282
0.994555
1.01103
0.985535
1.00323
0.986991
1.00597
1.01171
0.989683
1.0106
1.00155
1.00523
1.00005
0.990325
0.988918
1.00415
0.979491
1.00696
0.98237
0.99176
0.98898
0.984872
1.00338
0.988038
1.01718
1.0075
1.00216
0.99796
1.00814
0.972126
0.992751
0.98826
0.993528
1.02139
1.01133
0.993999
0.99294
0.991057
1.01862
0.988929
0.997982
0.992574
0.999389
0.990569
1.01503
1.00444
0.981416
0.997666
1.0051
1.00192
1.00011
0.993229
1.00235
1.00945
1.00429
0.999662
0.987044
0.998104
0.992952
1.01436
1.00465
0.997743
0.981366
1.00678
0.996508
0.987843
1.00172
0.995501
1.01464
0.998618
1.01336
1.01768
0.994597
1.00176
1.00133
0.98469
1.00077
0.98415
1.00869
1.01627
0.992416
1.01087
1.01563
1.00129
1.01315
1.00591
1.00888
1.0088
0.997897
1.00739
1.00411
0.993727
1.00632
0.984281
1.00681
0.997356
0.987892
1.01286
1.00161
0.999765
1.01092
0.997113
0.999576
0.997603
1.00389
0.999261
1.01898
0.999437
1.02098
0.997492
0.991502
1.00564
0.994843
0.985052
1.00271
0.972229
0.984222
1.01656
1.00296
0.999354
0.999112
0.984959
0.999244
0.987166
1.01242
0.982946
0.994569
0.999705
0.993921
0.992574
1.01617
0.983048
0.989934
1.01315
1.01003
0.978951
1.00529
1.00395
0.988175
1.00011
0.99873
0.994603
0.999532
0.999307
1.01482
0.994653
0.99947
1.00572
0.991242
0.996833
1.00227
0.982019
0.996708
0.996973
0.990655
1.00819
0.991233
0.998669
1.01279
1.00563
0.993531
0.993358
1.00819
1.00113
0.991415
0.993739
1.01687
0.99364
1.00411
1.00197
0.987546
0.997721
0.999256
0.994125
1.0068
0.999758
1.01732
1.00177
0.995814
0.99566
1.02254
0.986719
1.00664
0.997235
0.997699
1.00656
0.983975
1.00754
0.997572
1.00225
1.01292
0.965511
1.01091
0.994852
1.00928
1.01959
0.994488
1.00899
1.0005
0.996747
0.985316
0.991984
1.00309
0.992118
0.996184
1.00204
0.989209
0.996132
1.00458
0.995535
0.990227
1.01059
0.999307
1.00588
1.00244
0.983137
0.998979
1.00815
0.986287
0.993908
1.00328
0.992752
1.00387
1.00484
0.978257
1.00848
0.989741
0.99706
1.00496
1.00954
1.00709
1.00371
1.01624
0.999699
0.996043
1.00611
0.988704
0.984871
0.996433
0.991298
0.991459
1.00091
0.99638
0.988078
1.01192
0.989488
1.00203
1.00256
1.01631
1.01434
0.991386
0.986702
0.988792
1.00869
0.999291
0.989832
1.00225
0.993109
1.00781
0.991911
1.00834
1.00495
1.00445
0.992452
1.00562
1.00144
0.997509
1.01389
0.987589
0.997589
0.992219
1.01
0.993366
1.01409
1.00701
0.992647
1.00001
0.984217
1.00256
1.0034
0.977882
0.987245
0.999495
1.01214
1.00224
1.00582
0.984479
1.00012
0.997153
0.995398
1.00289
0.983637
0.998326
0.99717
1.01027
1.00376
0.995602
0.999707
0.980485
1.00283
1.00602
1.00917
0.989317
0.991832
1.0016
0.998443
0.99147
1.0037
0.982822
0.994115
0.99414
0.994671
0.992092
0.99921
1.00214
0.990478
1.00224
0.970724
0.999301
0.995615
1.0021
1.00014
0.99383
1.00309
0.992616
0.98961
1.0098
1.01193
0.991342
1.01251
0.999996
0.972631
1.00221
1.00163
1.00255
1.01095
1.01795
0.993279
1.01913
1.01052
0.985004
0.991406
1.00161
1.00759
0.999577
1.0018
0.999935
0.986647
0.989722
1.00187
0.989889
0.998745
1.00486
0.98663
0.99059
0.999797
1.01156
1.00256
0.998301
1.00965
1.00675
1.02301
0.990002
1.00335
0.992006
0.99175
1.00419
0.993443
1.00525
1.00601
1.00022
1.00854
1.0052
0.999288
0.99644
0.996731
1.00187
1.00153
0.993589
1.00745
0.998474
0.995749
1.00495
0.990678
0.996412
1.00138
0.993555
0.995241
1.00306
0.990367
1.00568
1.00218
1.02064
0.996981
0.990948
1.01237
0.976081
1.00029
1.00131
0.998272
1.01416
0.991918
0.978256
0.986472
0.997079
1.01258
1.01774
0.981025
1.00789
1.00686
0.986466
1.02035
0.998307
0.993429
1.0015
0.998512
1.01257
0.999193
0.99611
0.995402
0.995354
0.98616
0.989946
0.991104
0.995062
0.986601
1.00198
1.0103
1.00939
0.994255
1.01065
0.975515
0.997125
1.01049
1.00431
1.01472
1.00332
0.988951
0.989001
1.00522
0.988773
0.992901
0.997106
1.00813
0.979066
0.987525
0.999496
0.997391
0.993787
0.991199
0.988081
1.01407
1.00012
1.00271
1.00539
1.00977
0.984679
1.00104
0.999968
0.997364
0.998228
1.01081
1.01262
0.997964
1.00069
1.0015
1.00293
0.994458
0.992653
1.00143
0.993238
1.01347
1.01339
0.996581
1.00573
1.00498
0.993902
1.00404
0.998228
0.995401
1.01309
0.986593
1.01062
1.01289
1.00032
0.977777
0.992166
1.01568
1.00669
1.00674
0.995327
0.998222
1.00848
0.999576
0.998876
0.996528
1.00518
1.00346
1.01588
1.00642
1.00185
0.990055
0.999147
0.9836
0.98776
1.01139
0.986819
1.01398
1.01543
1.00764
1.01187
0.99128
0.996219
0.996029
1.00428
1.00423
0.989754
1.00812
0.994546
0.993949
1.01483
0.994269
1.00931
1.00495
1.01606
1.00246
1.01024
0.999598
0.991491
0.99495
1.00518
0.997953
1.00449
1.01471
1.00715
1.01468
0.981719
1.00029
1.00553
1.00469
0.987213
1.00735
1.00759
0.98736
1.00781
1.01373
1.00799
0.995202
1.00571
0.999258
1.01143
0.988987
0.985839
0.995287
0.993446
0.975332
1.01218
0.993359
0.995911
0.992736
1.00101
1.01068
0.994954
0.994869
1.01753
1.00692
1.00259
1.00926
1.01299
0.976255
1.00231
0.999231
1.01365
0.99851
0.984556
1.00452
0.993083
1.00257
0.988142
1.00217
1.00438
0.990242
1.01416
1.01483
1.01127
0.998179
0.999022
1.00247
1.00347
1.00281
0.988348
1.0056
0.994109
0.988592
0.990288
0.985562
0.998095
0.99703
1.00196
0.999985
0.996462
1.01017
0.975619
0.999572
1.00413
0.979231
0.991367
1.01488
0.996965
0.999377
1.01026
0.994095
1.00664
1.00634
1.00808
0.997106
0.997852
0.990663
1.00886
0.989881
0.996299
0.997211
0.99564
1.00798
1.00164
1.01984
0.990846
0.99137
0.996745
0.996681
0.998013
1.01565
0.992992
0.995646
0.985415
0.991119
1.00675
0.991669
0.99784
1.00177
0.999306
1.00197
0.993485
0.988852
1.00278
1.00347
1.00313
1.0056
1.00119
1.01281
0.978705
0.989785
1.01137
0.990955
0.980714
1.00912
0.994479
0.994918
1.01623
1.01179
0.995036
1.00969
1.00814
1.00061
0.993778
0.986544
1.0152
1.0077
1.0023
1.01092
1.00772
1.00333
1.01306
0.991943
1.00081
0.999332
0.98649
0.995302
1.00447
1.00593
1.00851
0.996127
1.01022
0.996504
1.00434
0.974094
1.00825
1.0005
1.00397
0.990583
0.983765
1.00411
1.01782
0.998303
1.00333
1.0017
0.980333
0.999603
1.00303
0.986733
1.01192
0.997177
1.01107
0.996245
0.994886
0.984909
1.00149
1.00546
1.00769
1.01262
1.01033
1.01153
0.991799
0.985998
0.997111
0.988428
1.0081
1.01471
1.01842
1.013
1.00903
1.00892
0.990606
0.99004
1.00404
0.997154
0.986385
0.984716
0.998527
1.0018
0.999988
0.987213
1.0004
1.01357
1.0143
1.01745
0.983523
1.01627
1.01389
1.00527
1.01073
0.987702
1.00258
1.02829
0.997145
1.01286
1.00196
1.0056
0.995968
1.00189
1.01435
0.992426
1.00865
1.00171
0.983112
1.00086
1.00024
0.997965
0.990717
1.01789
1.00282
0.997832
0.994457
0.990641
0.992256
1.00129
1.00501
1.01567
0.994871
1.00334
1.00755
0.986206
0.991375
1.01337
1.0075
0.991481
1.00818
0.994411
0.9841
0.990296
1.00189
0.989512
1.0095
1.00331
0.996907
0.993055
0.99642
0.997291
1.00525
0.995121
1.01161
0.996122
0.998297
0.994357
1.0065
1.00341
1.01516
1.00688
1.02069
1.0153
0.998912
0.999511
1.01112
1.01185
1.01595
0.997714
1.00987
1.00803
0.999383
1.02145
0.987111
0.987292
0.989592
0.995994
1.00687
1.00866
1.02112
0.983297
1.00915
1.00652
0.997904
0.991011
1.01038
0.99035
0.994282
0.990191
1.00737
1.00184
0.991267
0.999922
0.992129
0.99909
1.00116
0.992797
0.991345
0.999776
1.00113
0.981241
0.98808
1.00812
1.00692
1.01106
1.00087
0.988319
1.00087
0.982493
1.00066
1.00542
0.997421
0.992345
1.00734
1.00496
1.03031
1.00826
0.991284
1.00676
0.986861
0.99212
0.985237
1.00267
0.986099
0.991918
0.993619
0.997466
1.00235
1.00383
0.994749
1.00572
0.991116
0.995486
0.991321
0.980237
1.01407
1.00413
1.01808
0.995364
1.00407
0.995139
1.00577
0.996417
1.00075
1.00671
1.00527
1.00231
0.989213
0.991111
0.993653
0.999238
1.01388
0.973199
1.01278
1.00131
1.00197
1.01174
0.991432
0.986027
1.00008
1.01178
1.0171
0.995842
1.00581
0.983624
0.997846
0.999387
1.00715
0.985127
0.997721
1.00093
1.00277
1.00866
1.00718
1.01539
1.00988
0.983401
0.9827
0.994705
0.990563
0.983924
0.987554
1.00129
0.994649
1.00555
1.00684
0.993755
1.00172
1.00067
1.0033
0.992827
0.993425
1.00147
0.996099
0.989637
0.994643
0.997739
0.999695
0.992679
0.981528
0.999205
1.00558
0.992671
0.996916
0.999251
1.01194
0.995621
1.00213
1.00506
0.993663
0.995379
0.991725
1.00372
1.00965
0.998138
1.01637
0.993145
0.974818
1.01001
0.983475
0.995666
0.991947
0.997551
0.995127
1.00827
1.01536
1.01394
0.97658
1.00778
1.00767
0.997012
1.0057
1.00246
1.00576
1.00272
0.991428
1.01572
1.00363
1.00126
0.999532
0.994993
1.00591
0.997235
0.987194
1.00927
0.984614
1.00336
1.00254
1.00223
1.00238
1.00557
1.00948
1.00104
1.01744
0.992656
0.979686
1.00418
1.00288
0.98019
0.997848
1.00629
0.996435
1.00545
1.01354
0.992481
1.00663
0.995483
0.993612
1.00398
0.996319
1.00371
1.01452
1.00458
0.998598
0.983606
1.0089
0.999478
1.00107
0.99386
1.00579
1.01645
1.0062
0.994834
0.996079
0.989374
1.00803
0.995067
1.00534
1.00727
1.00264
0.993108
0.99691
0.995312
0.983409
1.00041
0.987005
1.01188
1.0045
1.00343
0.98479
0.988939
1.00325
1.00056
1.00825
0.998315
0.996758
1.00352
0.97377
1.00179
1.01012
1.00019
1.00621
0.993211
0.979012
1.01692
1.01082
0.994755
0.980827
1.00166
1.00587
1.00019
1.00749
1.01111
0.990722
1.00175
1.01884
0.98047
0.987853
1.00576
0.988453
0.994124
1.00779
0.994084
1.00599
0.992378
1.01072
0.999276
0.997909
1.01643
1.00518
0.991874
1.01514
0.993582
0.998468
1.00343
1.00975
0.992465
0.997886
1.00019
1.01356
0.996919
0.990537
1.00036
1.00668
1.00048
1.00094
1.00076
0.976163
0.997641
1.00223
0.986215
1.00528
0.990923
0.998697
0.99501
1.01829
0.999361
1.00801
1.00603
1.01201
1.00748
1.00195
0.989897
1.00319
1.0074
0.994758
1.01233
0.996503
0.99826
1.00784
1.00608
0.998823
1.00414
0.996132
0.996604
1.00534
0.978868
0.996298
1.01419
0.981631
1.01094
0.996777
1.00301
0.990694
0.99603
0.998142
1.00265
0.985223
1.01097
1.00123
1.01757
1.00025
1.00501
0.996087
1.00258
0.990048
1.00945
1.00447
0.994843
0.994742
0.994852
1.00291
1.01385
0.983502
1.01814
1.01208
1.00286
1.00613
0.974055
1.00212
1.00317
1.01279
0.997519
0.997816
0.997927
0.992465
0.990065
0.998433
0.998032
1.02117
1.00613
1.00508
0.993528
0.995293
0.980203
0.991909
1.01274
0.998693
1.01255
0.995232
0.990331
1.01772
1.01192
0.984718
0.996617
1.00633
1.00159
1.01037
1.01196
0.987218
0.993681
0.997156
0.993532
1.00391
0.999662
1.00626
0.980982
1.00688
1.01895
0.988703
1.00356
0.988434
1.00724
1.00341
1.00245
0.990574
0.993303
1.00243
0.996552
0.983028
1.01106
1.00722
0.993668
1.00114
1.00671
0.990681
1.00846
0.993673
0.989993
0.996551
1.00048
0.999682
1.00507
1.00336
1.02025
1.01241
0.99948
0.99614
1.01053
0.99505
0.984922
1.01989
1.00234
0.993104
0.989955
0.999848
1.00524
0.996755
0.994837
0.996805
0.989383
1.01843
0.97449
0.987086
0.984643
0.983018
0.994401
0.995711
1.01056
1.005
1.00702
1.01061
1.01244
0.974547
1.00567
1.00585
1.00147
1.0076
0.979921
0.993812
0.977064
0.997441
1.01104
0.993481
0.994336
0.987906
0.991242
1.01189
1.01735
0.995055
1.01931
1.00895
1.00307
1.00277
1.00282
1.00054
0.993409
0.997941
1.01167
0.993349
0.997384
1.00745
0.99767
1.00923
0.99722
1.00468
0.984451
1.01511
1.009
1.00388
0.994569
0.998748
1.00549
1.0003
0.998768
0.995078
0.988665
1.00874
0.99158
0.996826
0.9887
0.982743
1.01876
0.993805
0.992583
1.01179
1.00801
1.01275
1.01582
1.00712
0.985446
1.00922
1.01115
1.00611
0.998411
0.988632
0.988284
0.995818
1.00728
0.990631
0.978151
1.00691
1.00255
0.997785
0.994206
0.986839
0.999323
1.01171
0.990276
0.990057
1.01742
1.00335
1.00787
1.00299
1.00327
0.99233
1.01024
1.00496
0.988683
0.988025
0.991092
0.980235
1.00087
1.00164
1.00588
0.994651
0.990086
1.00242
0.992685
0.99738
1.00412
0.994183
1.00513
0.98258
1.0074
1.0046
0.989107
0.999553
1.00224
0.993186
1.01417
1
0.995753
0.982234
1.01658
0.996215
1.00387
1.00455
0.999952
1.00172
1.00234
1.01363
1.00345
0.999232
1.03292
1.00182
1.00209
1.00588
0.983385
0.997231
1.00406
1.01106
1.00369
0.99982
0.994088
0.9963
0.989718
1.01033
1.00202
1.00443
1.01304
0.995464
1.01586
1.00548
0.989806
0.995745
1.00879
1.00142
0.978917
1.00819
0.994729
1.00277
0.974599
1.00096
1.00151
1.01336
1.01033
0.990213
0.992193
1.00809
1.0045
0.998716
0.980282
1.00238
0.991218
1.00638
1.01278
0.997782
0.996109
1.02352
0.992568
0.979564
1.00804
0.984108
1.013
1.00858
1.01502
0.999984
1.00184
0.998455
0.999846
1.00039
0.993702
0.989265
0.986849
1.0055
0.994037
0.994071
1.00723
0.998477
0.99426
0.991346
0.990081
0.997885
1.00838
0.996044
0.996699
0.988942
1.01153
1.00751
1.00651
0.991141
1.00734
0.995652
1.0007
1.00601
0.98951
1.00411
1.01175
0.993942
0.999739
1.00795
1.00571
0.977807
0.986319
1.00463
0.978963
1.00697
1.00306
0.981295
1.00534
0.996104
0.981004
0.991701
0.98969
1.00625
1.00252
0.977639
0.98511
0.992757
1.00895
1.0003
1.0015
0.987555
0.991315
0.991128
0.994593
0.989647
1.00587
1.00044
0.989332
0.979725
1.00567
0.975133
0.985408
1.01496
0.992109
0.993763
1.00093
0.986708
1.00192
1.0153
1.00242
0.993562
0.992259
1.00375
0.994039
1.00223
0.999668
0.990885
1.00911
1.01779
0.994206
1.00747
0.998163
0.986801
1.00536
0.979095
0.984774
0.999193
0.986376
0.988141
0.992527
1.00557
0.985919
1.00709
0.997093
0.995942
0.996976
0.984574
0.991563
0.996534
1.00457
1.01183
0.989904
1.0033
1.00464
1.00744
0.995147
1.00711
1.00949
0.987042
1.00925
1.00627
1.01914
0.98379
1.00457
0.992534
1.01485
1.00622
1.009
1.01738
0.995987
1.01018
1.00522
0.994753
1.00673
0.977861
1.01398
0.991747
1.00719
0.993689
1.00344
0.998079
1.00439
0.995038
1.00471
1.0085
0.982947
0.985837
1.01396
1.00523
1.00776
0.981716
1.0048
0.992755
0.992603
0.997
0.984216
0.997947
0.996746
1.01048
0.975718
1.00163
1.00232
0.991625
1.00351
1.00065
1.01722
0.982656
0.998805
0.992978
0.979754
1.00072
0.995514
1.03076
1.00345
0.992784
0.986629
0.996903
1.01487
0.992758
1.00446
1.00189
0.994772
1.00941
0.991592
1.00893
1.00478
1.0042
0.987486
0.988196
0.997441
0.973805
0.993632
1.00313
0.980133
1.00692
1.00011
0.996474
1.0032
1.00449
0.997008
0.98823
1.02032
0.994593
0.997948
1.01049
1.01929
0.993981
1.00021
0.982839
1.00413
0.99714
1.00086
1.01408
1.00813
0.998106
0.993841
0.986853
1.00772
1.00695
1.00065
0.996312
0.999265
1.01413
1.00092
0.997636
0.984525
1.0006
0.978054
0.992515
1.01228
1.01102
0.991423
1.00466
0.986154
0.999894
1.00761
1.00345
1.00171
1.00624
1.00241
0.979847
1.00333
0.997577
1.00717
1.00382
1.00778
0.999487
0.998877
0.999192
0.992095
0.999551
0.989444
0.996561
0.989752
1.0072
1.00188
1.0062
1.01305
0.997153
0.998806
0.988471
1.00158
1.02465
0.976834
1.00523
1.00892
1.00611
0.994221
0.993859
0.997552
0.996844
1.01091
1.0112
1.00028
0.99036
0.997832
1.00052
1.01356
0.993053
1.0022
1.00524
0.987244
1.01435
1.00355
1.00805
0.996023
1.00469
0.995068
0.999239
1.00023
1.02022
0.984964
1.00725
0.993182
0.989966
1.00036
1.00099
1.00883
0.988709
0.994195
1.00023
1.00296
0.995436
0.989552
0.990504
0.996813
1.00721
0.985076
1.00436
1.00766
1.00096
1.00714
1.01594
1.0052
1.01016
0.998106
0.986341
0.980554
0.999631
1.00489
1.00875
0.989827
1.01013
1.00194
1.02612
1.00146
1.00086
0.976661
0.993958
1.00205
0.997392
1.00007
0.998106
0.978732
0.997733
1.00853
1.00348
1.00308
0.985174
1.00501
1.00054
1.00126
1.01486
1.0068
1.00984
0.987222
0.978784
0.989041
1.00342
0.999353
1.00286
1.02251
0.993712
1.0003
0.998131
0.987881
0.995205
1.00844
1.00522
1.00815
1.00177
0.98802
0.981391
1.00265
0.988189
0.999665
0.982425
1.00418
1.00055
1.00462
1.00219
1.00686
0.998238
1.00649
1.00508
0.987175
0.989889
1.02447
1.00296
1.00126
0.999525
0.994682
0.981411
0.998844
1.00245
1.01279
1.00584
0.987602
0.997871
0.99739
1.0007
0.999151
0.989679
0.999814
0.9887
0.993633
0.996953
0.979629
0.997012
1.00178
1.00082
0.99718
1.01034
1.00753
0.991799
1.01322
0.983519
0.995802
0.989146
1.00723
0.996437
0.991429
1.00638
1.00543
1.0056
1.00762
1.00471
0.993866
0.968911
1.01089
0.995611
0.996023
0.989382
1.00237
0.981624
1.01026
0.999546
1.00562
0.999565
0.993661
1.00751
0.984711
1.02889
0.997498
0.999745
0.9824
1.01918
1.0041
0.999758
0.990558
1.00462
1.00214
0.996983
1.00458
1.00229
1.00082
0.995347
0.996755
0.990046
0.987927
1.0224
1.00467
1.00476
1.00123
1.0066
0.987951
1.00695
0.994443
1.00871
0.998359
0.997628
0.994512
0.991447
1.01135
0.990327
0.999707
0.989754
0.982532
0.986415
0.999249
0.988956
0.999007
1.0094
1.00854
0.999733
0.992892
1.00372
1.00064
0.988186
0.997085
0.981142
0.987725
1.0121
0.999926
1.00897
1.0131
1.00977
0.987756
1.00502
1.00179
0.987242
0.984443
0.992636
1.00169
1.00196
0.9886
1.01651
0.990814
0.997159
0.987433
0.999687
1.01648
1.01914
0.998079
0.998495
0.994457
1.0036
1.00657
1.00251
1.00449
1.01236
0.993828
1.00562
0.9953
1.00291
0.997356
1.00569
0.998384
1.0063
1.0007
0.989157
1.00601
1.00469
0.99475
1.00033
1.01441
0.992778
1.00757
0.995501
1.0021
0.98509
0.988771
0.993624
1.00652
1.01125
0.997711
1.00697
1.0154
0.987431
0.996951
0.996111
0.995619
0.992638
1.00723
1.01032
0.995274
0.998642
0.999009
1.00022
1.01069
1.00111
0.995657
0.986977
0.995563
0.997194
1.0032
0.996378
1.0162
1.00346
0.990923
1.01489
1.02111
1.0014
0.996807
1.00309
1.0158
1.01778
0.990247
0.990503
0.99663
0.986956
1.00471
0.994769
1.01031
1.00255
0.997534
0.997963
1.00846
1.00213
1.00917
0.987016
0.996932
0.982973
1.01194
1.0154
0.994673
1.00297
1.00717
1.00245
0.993091
1.00063
0.97964
1.00817
0.997884
0.988569
0.999336
0.994236
1.00762
0.997593
0.991838
0.986908
0.992834
0.981454
1.00104
1.01399
0.991839
1.00325
1.00428
1.00195
1.00143
1.01781
0.978864
0.998392
1.00033
0.991466
0.984794
1.0147
1.0132
1.00646
1.00231
0.996675
1.00918
0.982934
0.995623
1.00917
1.00105
0.982508
1.00281
0.997309
0.987522
0.985406
0.992074
1.00926
0.997094
0.976706
0.980461
1.00366
1.01156
0.984866
0.985021
0.996834
0.984
0.985605
0.987388
1.00596
0.989425
0.98669
0.992164
1.01699
1.01242
0.988008
1.00685
1.00628
1.0037
1.00384
0.999102
0.998721
1.00606
1.0132
0.99408
1.02008
0.996966
0.989354
0.989839
0.999976
0.973714
1.00026
1.00812
0.976332
0.989726
1.00194
0.993057
0.996251
0.998146
1.00144
0.99862
0.994445
0.988529
0.998544
0.998985
0.990131
0.996355
0.995084
0.997282
0.989131
0.994263
0.999714
0.999309
0.987313
1.00019
1.01657
0.991943
1.01918
1.00017
1.0061
1.01152
1.00256
1.00031
1.00542
0.995103
0.969365
1.00668
1.00085
1.01123
1.00351
1.00192
0.989946
1.00779
1.00363
1.00773
0.97678
0.998202
0.981564
1.01401
0.999103
0.988508
0.991399
1.00157
0.982589
1.01538
1.00203
0.992075
0.989766
0.996849
1.007
1.0083
0.998961
1.00162
1.0027
0.999072
1.00326
1.00211
0.994122
1.00286
0.995076
0.994592
1.0033
0.993037
1.00487
1.00585
0.989579
0.996124
1.01902
1.00949
0.99403
1.0106
0.98044
1.00528
1.00457
0.985117
1.01067
0.999965
1.00641
1.01347
1.00905
0.995569
0.998132
1.00066
1.01279
0.997259
0.995066
1.02002
0.9841
1.00536
1.00934
1.00408
1.00814
0.99159
0.994079
1.00428
1.00654
1.00121
0.998267
1.00128
1.00909
1.00175
0.9971
0.997031
1.01031
1.00461
0.995141
0.985803
0.99218
1.00117
1.0126
0.990015
0.989714
0.986973
1.00291
1.00806
1.00884
1.01118
0.992358
0.999038
0.997724
0.996581
1.00283
0.99519
0.994956
0.996561
1.01388
0.992009
0.985681
0.990109
0.994309
0.999684
0.996343
0.998697
0.995532
1.00308
1.00828
1.00291
1.0017
0.998022
0.987043
1.006
0.997029
0.988113
1.01525
0.981867
1.00623
1.00809
0.995435
0.993621
1.0188
1.01012
0.993622
1.01711
0.994481
1.01748
0.998982
1.00633
0.998224
1.00197
1.00825
0.998486
1.00663
0.98466
1.00079
1.00938
0.99445
1.00534
0.996023
1.00002
1.00579
0.990163
1.0109
0.999075
0.985084
1.01678
0.99708
1.01946
1.00032
0.969652
0.991058
1.01771
1.00427
1.00439
1.01518
1.00214
1.00869
1.0077
1.00839
0.994741
1.01211
1.00587
1.00208
1.00343
1.0109
1.00016
1.00556
0.983583
0.994292
0.971128
1.00452
0.996512
0.993265
1.00475
1.0038
0.999264
1.00586
1.00159
0.990317
1.00526
1.0067
1.0017
0.975638
0.98113
0.975028
0.986683
1.00373
1.00343
0.998535
1.02064
0.987623
0.998899
0.992572
1.01319
1.00355
0.998496
1.00271
1.00115
1.00007
0.983254
1.01561
1.00702
1.00367
1.01466
0.984988
0.991156
0.99434
0.986821
1.01272
1.00407
0.986846
1.00716
1.01044
1.00013
1.00526
1.00471
0.995498
0.987861
0.992111
1.0143
0.98786
0.977799
1.00629
1.00869
0.994492
0.991723
0.990106
0.984529
0.996958
1.00783
0.994938
1.00339
1.00097
0.995227
1.01006
1.00492
0.998217
1.01251
1.005
1.0005
1.00163
1.02471
0.981348
1.00449
1.02522
0.992553
0.996117
1.00113
0.986657
1.01057
0.998169
0.997487
1.00637
0.996954
1.0022
1.00318
0.984814
1.01117
0.995504
0.989175
0.997815
0.987817
1.00308
1.00363
1.00845
0.986445
1.00794
0.997062
0.986101
1.01011
1.00161
1.01205
0.987823
1.01402
1.00358
0.979842
0.993744
0.994342
0.991885
0.984159
1.00541
0.999412
1.00524
1.00357
1.00837
1.01634
1.01187
1.0043
0.994997
0.989549
1.00137
0.99726
0.995547
0.999499
1.00652
1.00734
0.986154
0.993954
0.987237
0.998578
1.0052
0.996274
1.01161
0.977619
1.01496
1.00794
0.998532
1.01576
1.00634
1.01171
1.01421
0.998392
1.00171
1.00552
1.00192
1.00211
0.998413
0.982029
0.992213
1.0018
0.994277
0.996077
0.987692
0.992986
1.01415
0.997357
0.987707
1.01576
1.0037
0.988441
0.999616
0.993572
0.986631
0.993324
1.0042
1.00187
1.00155
1.00183
0.994499
1.00665
0.996159
0.988704
1.00095
0.996283
0.993826
0.980751
0.994923
1.0143
0.996935
0.998732
0.9825
0.997656
0.987927
0.992969
0.985141
1.01613
0.98993
0.999077
0.986307
0.98191
0.998394
1.01154
0.995474
1.02479
1.01262
0.981614
0.98375
1.00389
1.02431
1.00434
1.00046
1.00097
1.00046
1.01706
0.978001
0.989118
1.01749
1.0085
1.00956
1.00002
1.0066
1.00122
1.01184
1.00092
1.011
0.99851
1.00378
0.992446
1.00565
1.00123
1.00662
0.99402
1.00031
0.993249
0.979707
1.00158
1.00299
0.988268
1.00166
1.00515
1.00324
0.99375
0.998386
1.01203
0.998683
1.00592
0.994867
0.991352
0.997006
1.00472
1.0167
0.999507
0.997447
1.00348
0.999267
0.998965
0.990844
1.0032
1.00074
0.992127
1.00368
1.0003
1.00925
1.01168
1.01281
0.994677
0.992287
1.00016
0.987286
1.01006
0.999014
0.999493
1.00778
0.991046
1.0046
0.999181
0.998479
1.00233
1.01105
1.0011
0.997815
1.0021
1.00451
1.00595
0.994229
1.01237
0.984746
1.00889
1.00012
0.994415
0.997646
1.0017
1.00466
1.01332
1.00408
0.990382
1.00017
0.998915
1.01039
0.995311
1.00009
1.00539
1.00424
0.982705
1.0067
1.016
1.01179
1.01448
1.00044
0.99061
1.00695
0.995051
1.00998
1.00643
0.99485
0.997614
0.999027
0.996512
0.972192
0.997054
1.01353
1.00811
1.00613
1.01072
1.00319
0.995144
1.0074
1.00306
1.00094
0.999939
1.00583
0.996117
0.986036
1.01347
1.00299
0.993129
1.0142
1.00754
1.01207
0.987321
0.996715
1.00159
0.990312
0.970545
1.00109
1.02161
1.00176
0.99136
0.998288
0.990763
0.99416
0.997921
1.00251
1.00056
1.01105
0.997477
1.00642
1.00513
0.977152
0.989464
0.991642
1.0022
1.0001
0.989841
0.987268
1.01946
1.00375
1.0198
0.985736
0.994403
1.01391
0.999022
0.983375
0.999258
0.993622
1.01278
0.998588
0.998381
0.994341
1.0137
1.01299
0.995697
1.01247
0.989519
0.997762
0.983361
0.993624
0.992456
1.00951
0.989809
0.994425
1.01929
1.00628
0.989873
1.0041
1.00459
1.00648
0.993459
1.0018
1.00132
1.01174
1.01963
0.995763
0.995016
0.989713
1.00203
0.995999
1.01036
0.998305
1.00945
0.979923
0.998837
0.988251
1.01432
1.00298
1.01655
1.00234
0.994069
0.999334
0.989612
1.01939
0.987609
0.999949
0.995285
1.0102
0.991117
1.00596
0.990723
1.01506
0.991128
1.00567
1.00599
1.00774
0.998504
0.994032
0.999031
1.00412
1.00065
1.00127
1.01204
1.00673
1.01275
0.995792
1.00202
0.991762
1.00762
0.987833
1.00475
1.00066
0.999264
1.02443
1.00484
1.00083
1.00907
0.978823
0.997714
1.01026
0.998106
0.995057
0.988934
0.995617
0.999719
1.01121
1.00896
1.01945
1.00722
0.980983
1.02225
0.990038
0.988303
1.00102
1.00005
1.0084
0.991765
0.988926
0.98386
0.995291
1.00253
1.01207
1.01138
1.00709
0.984571
0.993787
1.00048
0.984501
1.00165
0.999761
0.995053
0.993567
0.995531
1.00439
1.01705
1.00345
1.00333
0.993065
0.999859
0.999563
0.995591
1.00748
0.987341
0.997392
0.989133
1.00794
0.99346
1.00123
0.996791
0.997981
1.00661
0.990214
1.01107
0.996293
1.00393
0.988297
1.00438
0.998488
1.01767
0.995314
0.996891
0.992935
0.996536
0.988212
1.00656
0.998631
0.993173
1.00392
1.01147
0.969862
0.996335
1.01105
0.995704
1.01367
0.991695
1.00052
0.998566
0.993118
1.00608
1.00193
0.994361
0.995873
1.00635
0.999907
0.995146
0.977485
0.997022
0.986543
1.01278
1.00465
1.02049
0.994547
0.993815
0.997926
1.00002
0.990984
0.98322
0.987457
0.99468
0.997191
0.988036
1.01813
1.00939
0.991779
1.00285
1.00998
0.993646
0.993416
1.01004
1.01371
1.00997
1.00013
1.00078
0.990985
1.00099
1.00085
1.0195
1.01348
1.00461
0.985505
0.998793
1.00095
0.996845
0.995718
0.986918
1.00635
1.01966
1.00157
1.00372
0.987292
1.00609
1.01836
1.00932
0.994224
1.01036
1.00999
0.988863
1.02219
0.984863
0.980382
0.994245
1.00999
1.00252
1.00069
0.984567
1.01046
1.00914
0.992152
1.00129
1.00442
0.99975
0.981802
0.994523
1.00774
1.00742
0.976568
1.00791
0.993005
1.00008
1.00084
0.997469
0.998852
0.998505
0.986318
1.0133
0.994969
0.997562
1.00261
0.988619
1.01405
1.00687
0.994012
0.992712
1.00183
1.03312
1.0123
1.0058
1.00843
0.99143
1.00097
1.01741
1.00717
1.00742
1.00297
1.01586
1.00796
1.01238
0.998761
0.994634
1.00435
0.999432
1.0148
0.980672
1.00945
1.00392
1.01769
1.00517
0.996846
0.979111
1.00549
1.00953
1.01028
1.00179
1.01459
0.998488
1.01766
1.01027
1.01293
0.97852
1.00974
1.00219
0.996294
1.00204
0.990611
0.995779
1.00104
1.0045
1.01485
1.00064
0.998382
1.00037
0.995416
1.00033
1.01491
1.00468
0.999428
1.01015
0.988125
0.970266
1.00423
0.995472
1.00135
1.01789
0.998599
0.993039
0.997709
1.00331
1.00281
1.00391
1.01017
0.991279
0.999652
0.992752
1.0182
0.994154
0.994877
0.992538
0.989507
1.00288
1.01282
1.00244
1.00325
1.0058
1.00582
1.00609
1.00224
0.987725
1.00113
0.987168
1.00953
1.00593
1.00241
1.00341
0.999827
1.01201
0.998405
0.998898
0.987608
0.991346
1.01066
1.00152
0.998709
0.969507
1.02165
0.997295
0.998699
0.997573
1.00413
0.99396
0.993841
1.00359
1.00684
1.01024
1.00058
0.984613
0.998165
1.00326
1.00245
0.996891
0.997352
1.02451
0.979617
0.975712
0.991875
0.993309
1.00083
1.01629
1.00865
0.993459
1.00423
1.01176
0.992232
1.01668
0.987977
0.989358
1.00703
0.99262
1.00074
1.00389
1.00921
1.01331
1.01861
0.988367
0.988224
0.980956
1.00155
1.00195
1.00358
0.994245
1.00701
1.00454
1.00553
1.01473
1.0056
0.98833
0.982028
1.0032
1.00781
0.999767
1.00027
0.991193
0.998101
0.976292
0.99759
1.02838
1.00059
1.00449
0.986303
0.995703
0.986797
0.994722
0.998545
0.994338
1.00589
1.01272
0.989046
0.994098
1.00376
0.996428
1.00985
0.985118
0.994483
1.0228
0.994994
1.01504
0.987712
0.996329
1.00735
1.01387
0.98917
0.998321
0.990153
0.996847
0.996682
1.00265
1.00428
1.00308
1.00916
1.01344
0.995432
1.00662
1.01437
1.00117
0.99204
1.01147
0.99491
0.989421
0.990538
0.99982
0.988332
0.993749
1.00509
0.999728
1.01238
1.0107
0.990824
0.988393
1.0041
0.992707
0.998953
1.00441
0.986209
0.988783
0.986498
0.99876
0.988822
1.0008
0.986808
1.01348
0.998135
0.989327
0.985324
0.986087
0.977719
0.993166
1.01724
0.995001
1.01945
1.01133
1.01477
0.987896
0.993506
0.999915
1.01351
0.990767
1.00081
1.00155
0.996524
0.99162
0.977791
1.01201
0.99017
1.02419
1.01242
0.99358
1.00592
0.993947
0.992075
1.00435
0.995874
1.00784
0.993758
1.00975
1.00826
1.00922
1.02347
0.999575
1.00652
1.01067
0.989423
1.01184
0.997213
0.984559
0.991319
1.00696
0.993441
1.00383
0.991829
1.00624
1.01144
0.998324
1.00049
0.998514
1.00773
0.992934
1.00911
1.00712
1.00955
0.986157
0.987762
0.993017
0.999886
1.01415
1.01312
0.98886
0.986092
1.00201
1.01107
1.0055
0.99669
0.998939
0.991452
1.0101
0.995019
0.991825
0.998997
0.999054
1.00221
1.00281
0.995202
0.992682
1.00032
0.992896
0.997837
0.978078
0.991427
0.989743
1.0097
0.989851
0.998426
1.00266
0.996186
0.993778
1.00105
1.01608
0.982824
0.998084
1.00609
1.0047
0.998662
0.994054
1.01769
0.994904
0.996956
0.998964
0.98942
0.993311
0.994071
0.991789
1.00053
0.998928
1.02558
1.00351
1.01451
1.00749
1.00239
0.99843
1.003
1.00784
0.994612
0.983643
0.992925
0.992318
1.0069
1.02261
1.00311
1.01787
0.997782
1.00213
1.02828
1.0005
1.01556
0.993458
1.0009
0.988037
1.00316
0.993063
0.988419
1.00951
0.98491
1.01281
0.988749
1.00644
1.00014
0.990108
0.992405
1.01793
1.02005
0.992587
0.999693
0.994747
1.01043
1.00458
0.999764
1.0066
1.01657
0.994506
0.993391
1.00695
1.01086
1.00038
0.994703
0.992079
0.991508
0.993669
0.991267
1.00432
0.983386
0.983199
1.00489
0.996112
1.003
0.982312
0.988162
1.01703
0.995997
1.00597
0.987859
1.00479
1.00066
0.999179
0.993423
0.998338
1.00281
1.00567
1.00322
1.00929
0.98166
1.01316
1.00068
0.999531
0.998709
1.01043
0.997034
0.976434
1.00659
1.00995
0.992324
1.00413
0.997453
0.992445
1.01135
0.995501
1.00068
0.998173
0.999186
1.00372
1.01046
1.01492
1.01134
0.989914
0.998859
0.999806
0.998748
0.995601
1.00419
1.00335
1.00296
0.992287
0.989533
0.991625
1.00896
0.9976
0.997124
1.01905
0.987885
1.00125
1.00297
0.987516
1.00454
1.0037
0.993143
1.00615
0.99578
0.992698
1.00669
0.992208
0.998732
1.0177
0.997792
0.991608
1.00383
1.01687
1.01112
0.99069
0.996229
1.01065
1.00163
0.994013
0.998483
0.979916
0.999177
1.00208
0.999214
0.979219
1.01243
0.985571
0.988939
0.983979
0.986191
0.994938
0.984343
1.00272
1.00338
1.00304
1.00596
0.992786
1.0004
1.01399
1.00748
1.00013
0.995
1.00553
1.00086
0.98242
0.985784
1.00725
1.01171
1.00133
1.01308
0.993706
0.997455
0.9872
1.00416
1.01856
1.01449
0.980983
1.01244
1.00149
0.993902
1.00439
1.00935
0.992842
0.989224
0.994529
1.02001
1.00301
1.00074
0.994663
0.998945
1.0053
1.01437
0.993633
1.00539
1.00158
0.99865
1.01065
0.990517
1.0042
1.00212
0.992611
1.00123
0.988148
0.995711
0.990196
1.00141
0.983039
0.998486
1.00876
1.00176
1.01025
1.01223
1.01675
0.976525
1.00113
1.00501
0.994315
0.980886
1.00654
1.00424
0.981967
1.00826
0.967346
0.985771
1.00232
0.999811
0.992757
0.998731
0.999238
0.998225
0.996273
1.01054
1.01174
0.988833
1.00734
0.992395
0.994938
1.00287
0.992441
0.992413
1.00897
1.00551
1.01079
1.00346
1.0245
0.995953
1.00221
0.995393
0.987751
0.999374
0.998284
0.998442
0.991506
0.999414
1.00553
0.992209
1.00127
0.991206
1.00038
0.994078
1.00195
1.00505
0.995881
1.00206
0.991318
0.992445
1.00673
1.0077
1.00405
1.00317
0.998061
0.995968
0.996282
1.00703
1.00876
1.00856
0.990624
0.976408
1.0064
0.998938
1.00419
0.99782
1.00011
0.993116
0.977516
1.00502
1.0063
1.00017
1.00367
1.00039
1.00833
0.993757
0.991972
0.999731
0.993475
0.992783
0.987587
0.995481
0.991448
0.999197
1.01039
1.03062
1.01923
0.981666
1.01273
1.0176
0.991618
0.998962
1.00717
1.00462
0.99892
0.998457
0.999821
1.00834
1.00613
1.01199
0.999395
1.00113
1.00011
1.00455
1.00096
0.987021
1.00294
0.99214
0.974827
1.00586
0.987189
0.990179
1.00214
0.99507
0.998724
1.00171
1.00673
0.992251
0.997033
1.00298
1.00013
0.979326
0.994917
0.990697
0.989295
0.994389
0.992042
1.00437
0.987161
1.00294
1.02046
1.01036
0.98589
1.02059
1.00081
1.00556
0.982835
1.0101
1.01117
1.01032
1.00133
1.01072
1.00125
1.01253
0.995282
1.00216
1.00869
0.993418
1.01225
0.978645
1.00343
1.00749
1.00792
1.00691
1.01469
0.982487
1.01411
1.00931
1.00134
1.01724
0.980598
1.01097
1.00475
1.01203
1.00385
0.984283
0.991236
1.00973
1.01808
1.00582
1.00255
0.998072
0.990248
0.99175
1.00335
1.00497
1.00024
1.01064
1.00516
0.992416
0.988805
0.992052
0.992634
0.994492
0.995715
1.01062
0.997441
0.990171
0.995026
0.990509
1.00713
1.00517
1.00438
1.00818
1.01928
0.98695
1.0051
1.01869
0.988783
0.989979
1.00773
0.982034
1.00507
0.995635
1.00772
0.98067
1.00003
1.00246
0.995886
1.0224
1.0049
0.991689
1.00903
1.00346
1.01121
1.00901
1.00828
0.992206
1.01714
0.994934
1.01566
0.99832
1.01126
0.98817
0.997238
0.980846
1.01343
1.00998
0.995992
1.00034
0.990009
1.00577
1.01185
1.01046
1.00123
0.982744
0.990576
0.994533
1.00313
0.992421
0.999389
0.982059
0.993713
0.9922
0.993936
0.984176
0.99364
0.988097
0.999904
0.988477
1.02661
1.00102
0.990394
1.00358
1.00525
0.995601
0.999627
0.999476
0.993033
1.02198
1.00245
0.98971
0.999599
0.997152
0.999739
0.993849
1.01339
0.994235
0.990729
0.987218
0.991329
0.99703
0.998569
0.994761
0.999365
1.00364
1.00854
0.997582
0.996421
1.01022
0.998145
1.01199
0.992948
0.994192
0.978994
1.01381
0.989945
1.00411
0.990413
1.00701
0.999844
0.997891
0.99868
1.01134
1.01716
1.00908
1.0178
1.01568
0.975641
1.00312
1.00427
1.01406
0.995125
1.00647
0.989687
1.00517
1.003
1.00428
0.992581
1.01841
0.998153
0.985988
1.01677
0.985086
0.994164
0.992027
0.980195
0.988873
0.994593
0.998836
0.998625
1.00082
0.998621
1.00902
0.993294
1.00881
1.00724
1.00219
0.997859
0.99272
0.99958
1.00527
1.00203
1.01031
0.998431
1.01407
1.00293
0.993456
0.987968
0.993865
0.986293
0.991747
0.998383
1.01233
1.0019
0.990111
0.998596
0.989098
0.998473
1.00083
0.984006
0.992748
0.984394
0.997507
1.00696
1.01047
1.01233
1.00357
1.0126
0.997253
1.01282
1.00989
1.01611
0.999658
0.975785
0.99128
0.999059
0.978796
0.989924
1.00973
0.987245
0.994848
1.01327
1.00972
1.01383
0.996532
0.991185
1.01288
0.971227
0.988219
0.985724
0.998492
1.00798
0.993835
0.997648
0.999254
0.992238
1.01112
0.998093
0.978023
1.00371
0.983717
1.01569
0.994828
0.998934
1.01461
0.984199
1.00455
1.00138
1.00223
1.01534
1.00167
1.00172
1.00575
0.993893
1.00051
0.990426
1.00829
1.01723
1.00501
1.00764
0.98276
0.988157
1.02397
1.00996
0.99115
1.01556
1.01047
1.00889
0.988116
1.00622
1.00112
1.00943
1.01565
1.00929
0.997751
1.01055
0.995801
1.01128
1.01475
1.01329
0.984101
0.996557
0.998978
1.02032
0.996107
1.01327
0.99098
1.01109
0.98907
1.00412
0.991126
1.01765
1.00735
0.9892
0.992556
0.993347
0.990213
0.995773
1.01811
1.0032
0.983563
0.997627
0.977526
0.991093
1.00968
1.00846
0.991113
0.997035
0.990243
1.00638
1.0066
0.994121
0.992432
0.995633
0.986531
0.998968
0.99257
1.00285
1.01457
1.00129
0.984418
0.998535
1.00624
0.99478
0.99539
1.00078
1.00381
1.00892
0.992003
0.999881
0.991686
1.00036
1.00364
0.990465
1.00108
0.992924
0.996835
0.986511
1.00414
1.0082
1.00583
1.01543
0.986347
0.997354
1.00453
1.00038
1.00111
1.0144
0.999619
1.00955
1.00608
1.00458
1.00427
0.974582
0.991439
1.00967
0.996495
1.01806
1.00452
0.992146
1.00081
1.01233
0.990116
0.997852
0.994766
0.985733
0.988738
0.987057
0.984441
1.00504
0.977219
1.00912
1.02146
1.00008
1.00607
1.00442
1.00643
1.00988
0.995639
1.01867
0.986424
0.999652
1.00543
1.00136
0.994555
0.987161
0.974316
0.994748
1.00949
1.00767
1.00935
1.00449
1.01365
0.993645
0.989297
1.0191
0.997291
1.02132
0.986452
0.995625
1.00099
0.987024
0.976832
0.993985
0.999804
0.995104
0.985518
0.997384
0.995404
0.998208
0.987051
0.995887
1.00217
0.991629
1.00302
0.988668
0.995078
0.999828
1.01336
0.994291
1.01036
1.00286
0.995205
1.0086
0.997925
1.00917
0.994979
0.991407
1.00279
1.00295
1.00167
0.981941
0.996172
1.00253
1.01221
0.986519
0.994341
1.01754
1.00445
1.00042
0.993724
1.01284
1.00467
1.00517
0.999932
1.00636
0.982184
0.994828
1.01568
1.00667
0.999976
0.999716
0.994356
0.991448
0.997528
0.998108
0.996705
0.998717
0.996109
0.998808
1.0082
0.997629
1.00239
0.993743
1.01662
0.999505
1.01763
0.98994
1.00114
0.993529
1.00214
0.994534
1.02055
1.00223
1.0168
1.00157
1.00977
1.0123
1.00041
0.998496
0.992273
1.00923
1.001
1.00273
1.00925
1.00823
1.00254
1.00062
1.0037
1.01305
0.999892
0.983324
1.01661
0.99284
0.99084
1.02119
0.986762
1.00231
1.01129
0.996362
0.993725
1.00091
1.00075
1.00556
1.01977
1.00487
1.00772
0.994802
0.99047
0.99925
0.989627
1.00857
1.00921
0.997643
0.983215
1.00613
0.996747
0.986735
1.02116
0.996033
0.996874
1.01422
0.99743
1.00026
1.01398
1.01379
1.00527
1.00456
0.984517
0.999593
1.01536
1.00198
0.996962
1.01067
0.994436
1.00803
1.00001
1.00369
0.995102
1.0074
1.00562
1.00627
0.983605
1.00227
1.00056
1.0141
0.986851
1.01174
1.01275
0.995623
0.991183
1.00117
1.01068
0.991151
0.992494
1.00213
0.991207
0.999005
1.01058
0.982619
0.98726
0.994731
1.00338
0.997237
1.01224
0.989232
1.0035
0.997131
0.997593
1.00449
0.99473
1.00376
0.992722
1.01612
1.01322
1.00954
1.01307
0.990627
1.01855
1.01178
1.00812
0.986546
1.00285
1.00274
0.989588
0.995319
1.00228
0.988387
1.0106
0.99729
0.999797
0.988223
1.00417
1.00592
1.00096
1.01017
1.01322
0.99623
0.987948
0.995612
0.982128
0.98533
0.99375
0.993333
0.994972
1.01314
0.999364
1.01586
0.991808
1.00033
1.01805
1.01144
0.994466
1.00045
1.00427
1.00648
1.0046
1.00687
1.00715
1.00704
0.994846
1.00963
0.997037
1.00594
0.986815
0.994868
1.00647
1.00757
1.00438
1.01028
0.997347
0.985289
1.01744
0.998213
1.00158
1.01047
0.992534
1.00215
0.997133
0.996708
1.00758
1.00429
0.983267
1.00316
1.0104
1.00862
0.997286
0.996493
1.0143
1.03061
0.987976
0.998429
1.01239
1.0097
0.997385
1.01085
0.990721
1.008
1.00514
0.987382
1.00824
1.00785
1.00281
1.01658
1.00449
0.995347
0.988278
1.00267
1.00144
1.02192
0.993324
0.995731
0.999297
1.00508
0.997561
1.01655
0.994986
1.00143
1.02236
1.00186
0.996961
0.974977
0.983506
0.995054
1.00959
1.00365
1.00572
1.00198
0.984635
0.987801
0.995217
0.995197
0.990652
1.00785
0.989202
1.00002
1.002
0.996445
0.995931
1.00634
0.988515
1.00282
0.998555
1.00187
0.986413
0.997842
1.0058
1.01505
1.01008
1.01505
1.01538
1.00027
0.995753
1.00517
1.01186
0.994661
0.997497
1.00317
1.00432
0.999339
0.995849
0.987927
1.01581
0.991123
1.00356
1.00162
1.01545
1.00173
1.00089
0.989616
0.982872
0.991173
0.998292
0.998465
1.01835
1.01339
0.99736
1.00262
0.997954
1.01598
0.991404
1.01048
1.00108
1.00027
1.01758
0.979352
0.997815
0.997564
1.01016
1.00926
0.997113
1.00873
0.99458
1.00796
1.00139
1.01047
0.998545
0.995384
0.988673
0.990634
1.01303
0.988736
0.983619
1.00641
0.994345
1.01247
1.00959
0.999331
1.01405
1.00533
0.997189
0.994564
0.991228
0.996891
0.994447
0.991556
0.991278
1.01058
0.982001
0.996289
1.00396
0.997503
0.994588
0.995389
0.990871
0.985634
0.99851
1.00344
1.01052
1.00021
1.01783
1.00097
0.989893
0.995344
0.997213
0.995304
0.995427
0.984885
0.989803
0.981722
0.999969
1.00102
1.00131
0.992344
0.994644
0.987965
0.995793
1.01281
1.01827
1.00689
0.98263
0.99341
1.00087
0.988947
0.996611
1.01465
0.987209
0.991225
1.01054
0.984639
0.987886
0.998135
1.00181
1.00489
1.00308
0.999888
1.00269
1.00587
0.99177
0.977598
0.976214
1.00004
1.00619
0.995274
0.989852
0.98625
1.00056
0.999607
0.987093
1.0004
1.02338
0.997953
1.00628
1.00463
0.995132
1.00365
1.01096
1.01606
0.998149
0.988717
1.01462
0.980634
0.991979
1.00412
0.980645
1.01925
0.9959
1.00365
1.01622
1.01308
0.987789
0.983079
1.00199
1.00157
1.01625
0.981322
0.992986
0.993865
0.986824
1.01258
1.00391
1.00219
1.00494
0.99661
0.996712
1.0049
1.00904
0.997613
1.01661
0.99664
1.00595
1.0181
0.992911
0.980604
0.985865
0.988351
0.982988
1.00904
0.992349
1.00452
0.999758
0.992183
1.00379
1.00023
1.00333
0.995268
0.996092
0.988183
1.00402
0.986366
1.01959
0.984518
0.990999
1.00728
0.988956
0.98468
0.992797
0.988018
0.997638
1.01022
1.00093
1.00341
0.986638
0.988983
0.996349
1.0011
1.00403
0.982249
0.980056
0.999958
1.01016
1.00733
0.987915
1.00099
1.00826
0.998127
1.00652
1.01256
0.989561
0.999606
1.01071
1.00541
1.00924
0.989893
0.996094
0.989994
1.01266
0.98177
1.00985
0.991116
0.99604
1.01635
1.00464
0.994237
0.998206
1.00716
0.998626
0.997395
0.983967
0.999541
0.980469
1.00906
1.02028
0.997856
0.983969
0.996116
1.01127
1.00733
0.993636
1.01305
0.999395
0.99893
0.998749
1.01583
1.01295
0.993859
0.991327
1.00066
0.988858
0.994081
1.01258
1.00659
0.993333
0.986073
1.01183
1.00941
1.00746
0.994553
0.991312
0.989878
0.979552
1.00459
1.0108
0.997171
1.01185
1.00545
0.992209
0.989519
1.00693
0.999707
0.998431
0.989043
1.00447
1.00286
0.991493
0.991219
0.999214
0.999134
1.01008
0.990135
1.00318
0.992904
1.00547
1.00513
1.00499
1.00127
1.01094
1.00184
1.01352
1.00557
1.00882
0.991699
0.998121
1.00921
0.99355
0.996752
1.00422
1.00434
0.986616
1.01308
1.00805
0.992091
1.01111
0.977269
0.989893
0.994106
1.00301
0.997
0.996278
1.00324
1.01997
1.00171
1.00231
0.981232
0.998489
1.00501
0.991781
0.98975
0.995953
1.02269
1.00101
1.01298
1.01162
0.99078
0.980578
0.984513
0.99367
0.994056
0.993643
1.0031
0.990794
0.999808
0.994947
0.990316
1.00077
0.992311
0.998481
1.00254
0.997335
0.991176
0.996916
1.00956
1.00294
0.995561
0.993089
0.983656
1.00746
1.0079
0.991623
0.994362
0.998565
1.00573
0.985798
1.0053
0.985848
0.993766
0.998939
1.0047
1.00035
1.00403
1.00484
0.996989
1.01474
0.98634
0.98217
1.00364
1.01007
1.00607
1.00759
1.01795
0.999791
1.00911
0.997636
0.997153
0.994321
1.00294
1.00078
0.986986
1.00159
1.00609
1.00112
1.01129
1.00462
1.00117
0.992611
1.00393
1.01167
0.992607
1.00871
1.00386
0.994244
0.99026
0.997862
0.977195
1.00703
1.00606
0.992666
1.01584
1.00527
1.01093
1.00606
0.99422
1.01284
0.985285
0.987044
1.0112
0.995551
0.997707
0.989121
1.00616
0.995482
1.00112
0.994783
1.01243
1.00848
1.00546
0.997217
1.00463
1.00555
1.00386
0.990445
0.993268
1.00878
0.992697
1.01014
0.971145
0.986913
0.999313
1.02607
1.00406
0.992727
1.01326
1.00424
1.01403
1.00363
1.00316
1.00928
0.983404
1.01694
0.994256
1.00251
0.993691
1.00701
0.992007
1.01
0.999827
0.989787
0.992818
1.01774
0.999634
0.998799
1.00413
1.00548
0.996171
0.995368
0.99823
0.991059
0.986051
1.00924
1.00386
0.99491
0.986301
1.00227
1.00187
0.995609
0.986601
1.00213
1.01139
0.981233
1.0036
1.00922
0.986748
1.01089
0.996963
0.999987
1.00732
0.998251
0.995963
0.994326
0.982031
0.984546
0.989236
1.01825
1.00598
0.984618
0.992989
0.996216
0.998523
0.996472
1.01036
0.991133
0.995439
0.995494
1.00225
0.988303
0.996796
1.00794
1.00391
0.987923
1.00676
0.993959
0.998555
1.00028
0.990141
0.981864
0.997138
0.991213
1.00378
0.998236
0.992704
1.01984
0.99875
0.989834
1.00338
1.01179
1.00776
0.987682
0.994181
0.987399
0.996292
1.00287
1.00207
1.00744
1.00383
1.00941
0.993771
0.993524
0.998468
1.00329
1.01167
1.0071
0.977523
0.996348
0.992364
1.00469
1.0002
1.00284
1.00973
1.01387
1.01033
1.0063
1.00196
1.00863
1.0051
0.992587
1.01437
1.005
1.00092
0.994266
0.990478
0.989549
1.0018
0.998394
1.00843
1.0041
1.00025
1.00354
1.01245
0.999343
0.98755
0.993096
0.991168
1.00317
0.98622
0.997201
1.00672
1.0107
1.00625
0.999283
1.00097
0.986298
0.992888
0.996742
1.00582
0.9937
0.98541
0.98071
0.978352
0.982949
0.990067
1.00936
0.975647
1.00403
1.00833
1.00328
0.995583
0.999163
0.998681
1.00115
0.99957
1.01109
1.00132
1.01653
1.01001
1.00941
0.977358
0.992214
1.00558
1.01179
0.995955
0.995794
1.00717
1.00856
0.998539
1.01179
0.994237
1.00698
1.01438
0.999945
0.984115
1.0039
1.00564
1.00423
1.01633
1.001
1.0166
0.992921
1.01231
1.00734
1.01781
0.991463
0.991493
0.986383
0.998529
1.00397
0.99956
1.00823
0.992616
1.00252
0.983056
1.00529
1.00439
0.995897
0.982176
0.995393
1.00863
1.01337
1.01273
0.994272
0.987478
0.992888
1.00524
1.01337
0.989482
1.0006
0.979195
0.988246
1.00799
0.988064
0.99276
1.01491
0.987412
1.00243
1.0021
1.00307
0.985988
0.99736
1.01425
1.00985
0.998556
0.995947
1.00212
0.999304
0.99335
0.989465
1.0077
1.00199
1.00699
1.01224
1.02601
0.977596
1.00441
1.00657
1.01486
1.00554
1.00132
1.02646
1.01332
0.996566
1.00143
0.999915
1.00802
0.987323
0.997113
0.999796
1.00448
1.01913
1.00851
1.00851
0.992088
1.0005
0.998871
1.01184
1.01239
1.01629
0.979409
0.986479
1.00624
1.00914
1.00082
1.00898
0.99577
0.99661
0.986202
1.01394
0.991021
1.00644
1.00958
1.00527
1.00255
0.984868
1.01353
1.01142
0.989738
0.998642
1.00329
0.980724
0.993884
0.983052
0.984122
0.994781
1.00423
0.997444
1.00279
1.00039
0.991356
0.987548
1.00091
0.985508
1.0007
0.998855
1.00097
1.00935
0.981634
0.99495
1.00636
0.990314
0.986621
1.00088
1.01318
1.02115
1.00259
1.01843
1.00052
0.9997
1.01667
1.00957
0.987727
1.0023
0.995295
0.985653
0.991147
1.0038
1.00456
1.00527
1.01424
0.996363
0.992969
1.00341
1.00808
1.01685
0.998823
1.00083
1.00348
0.976253
0.988138
1.00569
0.996119
1.00159
1.00608
1.00022
0.995657
1.00263
1.01692
0.990128
0.996611
1.00168
0.990074
0.99066
1.01084
0.99017
0.995182
1.01215
1.01078
1.01144
0.997273
1.01126
1.00662
0.993059
1.00796
1.0061
0.988187
0.981155
1.00645
0.997012
0.98023
0.995136
1.00323
0.998001
1.00021
1.01089
1.00843
0.992251
1.01927
1.00823
1.00899
0.986526
0.997077
0.994483
0.999698
1.01964
0.986123
1.00599
0.998243
1.00708
0.987015
1.0071
0.991122
1.00678
0.9995
0.97617
1.00582
1.00908
0.998574
0.991323
0.997954
1.00795
0.999142
0.990792
0.992321
1.00993
0.993117
1.0103
0.988531
0.981858
0.994998
1.00389
1.01127
0.993244
1.00688
0.995291
0.987962
0.997596
1.00583
1.00838
1.00658
0.995633
0.986601
1.00575
0.997567
0.990136
0.992117
0.986008
1.00285
0.989958
0.993234
1.01074
1.00727
1.00156
0.999867
0.990488
0.991625
1.00569
1.00281
0.998946
0.998082
0.998028
1.01233
1.00485
0.99246
1.00028
1.00706
1.00243
0.992638
0.993793
0.991611
0.991037
1.00543
1.0099
1.01998
0.987882
1.01013
0.989761
0.986987
0.986044
1.00764
0.992021
0.992637
0.987562
1.00438
0.991482
0.995877
1.01387
0.992426
1.00206
0.994835
1.017
0.985326
1.00584
0.984477
0.978641
0.982103
0.996998
1.01393
1.0057
0.990223
0.980551
0.993386
1.00064
1.00756
0.99301
1.00097
1.00165
1.00332
1.01666
0.996115
0.989274
1.00342
1.00508
1.00127
0.988779
0.988939
0.980358
1.01687
1.00836
1.00558
0.979705
1.00147
1.00942
1.00509
1.01621
0.99574
1.00701
1.00816
1.01372
1.01591
0.999808
0.987663
1.00152
0.981437
0.989267
1.01996
1.00384
0.991479
1.00763
1.00162
0.992382
0.998407
0.995558
0.988934
0.992266
1.00409
1.01014
1.00953
0.99142
0.989097
0.996815
1.01875
1.0131
1.00209
0.981652
0.999709
1.0169
1.0072
1.00182
0.982806
1.01227
0.981668
0.988325
0.992377
0.983763
1.0016
1.01255
0.992693
1.00091
0.984211
0.999976
0.989694
0.998001
1.00847
1.01705
0.980439
1.00946
1.01756
0.981844
1.018
0.986974
1.01512
0.997939
0.998219
0.999587
0.986129
0.999198
1.00036
0.994691
1.0007
0.998557
1.00841
1.00663
0.991338
0.997432
0.994364
1.01321
1.01583
1.0058
0.988958
0.99639
0.996479
0.991884
0.998731
1.00653
1.0014
0.991426
1.01492
0.986268
1.01383
1.00967
0.987939
1.0013
0.982091
0.990049
0.998528
0.997451
0.999525
0.969867
1.00527
0.99557
1.0031
1.00224
1.01208
0.998939
1.00028
0.997934
0.994118
0.992389
1.00045
0.999746
0.99753
1.01107
0.993908
1.00119
0.995081
1.00561
1.00379
1.00262
0.988626
1.00598
1.00014
1.01498
0.998027
1.00255
1.00915
1.00036
1.00926
0.99491
0.99637
1.00115
1.00188
1.00735
0.999919
1.00188
1.00448
0.998058
1.01664
0.994592
1.0025
1.00389
0.997853
0.996437
0.984834
0.982981
0.983378
0.998079
0.997675
1.0117
0.999034
1.0009
1.0085
1.00509
0.995194
1.00153
1.00229
0.996618
0.99129
0.994481
1.0026
1.00432
0.991765
0.987637
1.00009
1.01159
0.997898
1.01549
1.00803
0.990121
1.00473
0.991466
1.01079
0.984454
0.995358
0.999011
1.00505
0.991045
0.983869
1.00186
1.01673
1.00111
0.994851
1.00052
0.983979
1.00644
1.0058
1.00176
0.996459
1.00659
1.00461
1.00455
0.998329
1.01744
1.00496
0.990171
1.00381
1.01247
1.00733
0.993296
1.03015
1.00651
1.01209
0.994139
1.00589
1.00448
1.00187
0.985772
1.01709
0.986587
0.996136
1.01737
1.00264
0.9922
0.991999
0.998989
0.998413
0.988554
0.983087
1.00786
1.01734
0.991562
0.992081
0.996088
0.987963
1.01239
1.00839
0.998557
0.98748
0.997665
0.996023
0.998423
0.989917
0.995813
1.00555
0.998341
0.999559
0.99093
0.988996
0.996691
0.987677
1.01134
1.00054
0.998921
0.997528
1.00148
0.998077
1.00309
0.994282
0.981343
1.01265
1.00813
1.00116
1.00125
1.01463
0.987687
1.00223
0.992988
1.0043
1.01566
1.01391
0.991522
0.999698
1.01567
0.994175
1.00677
1.00127
0.991413
1.00128
0.981064
1.0011
1.01528
0.985649
0.992477
0.995923
1.00157
1.0073
1.00281
0.99074
1.00572
1.00455
1.00089
1.00371
1.00664
0.992901
0.991475
1.00643
0.980243
1.0016
0.996403
1.0096
1.00131
1.01752
1.00031
0.996389
0.994366
0.992215
1.01174
0.986236
0.989408
1.00393
1.00094
1.01223
1.00569
0.996438
0.99297
0.995798
0.993459
0.990258
1.01032
1.00985
0.988846
1.0114
1.01065
1.00063
1.00733
0.998976
0.98901
0.993446
1.01847
0.98053
1.0077
0.984925
0.990266
0.998991
1.00153
1.00266
0.995383
1.00036
0.995613
0.989335
1.00616
0.975542
0.993594
0.975471
1.00681
0.978871
1.01805
1.01402
1.00161
1.01178
1.00505
0.996949
0.991233
0.988796
0.997754
1.00549
0.992283
0.997547
0.992517
1.00136
0.978395
1.0149
0.991453
1.00656
0.999828
0.994321
0.997908
1.00037
1.02091
0.997225
1.00329
1.01624
0.990768
1.00369
1.0054
1.0028
0.985336
0.985731
1.00689
0.990569
1.01562
0.992132
0.999645
0.996927
1.00575
1.0161
0.976395
1.00313
0.985685
1.01227
1.0124
1.00554
1.01726
1.00636
1.00478
1.01109
0.990075
0.997863
1.00662
0.990084
0.98265
0.999365
0.985729
0.990532
1.00945
0.991316
1.00258
0.993582
1.00949
0.977094
0.998312
1.00644
1.00258
1.00273
1.00801
0.995103
1.0078
0.99014
0.991284
0.995371
1.0164
0.997315
0.990612
1.00122
0.998648
1.01295
0.997728
0.990417
0.975976
0.994881
1.00229
1.00111
1.0131
0.995747
1.00216
0.985311
0.992636
1.00826
1.02103
1.01311
0.986629
1.00764
1.01522
0.99034
1.00349
0.991323
1.00465
0.996635
0.990028
1.01106
1.0192
1.01436
0.984909
1.00997
0.99374
1.00151
0.997218
0.994535
1.01939
1.00828
0.97585
1.00626
1.00548
1.00534
1.00812
0.997944
1.00294
1.00534
0.995327
0.99153
1.00155
1.00244
1.00152
1.00942
1.00085
1.00394
0.991225
0.987468
1.00933
1.00012
0.996812
1.00421
1.02454
1.00229
1.02516
1.01544
1.00634
1.00613
1.00353
1.01136
1.00914
1.03045
0.993515
0.998462
0.998095
0.995008
1.00359
1.00959
0.996376
0.993293
1.00002
0.997717
0.988635
0.999534
1.0162
1.00195
1.01008
1.00095
0.998279
1.00139
0.988853
0.99699
0.998551
1.00557
1.00096
0.990691
1.00594
0.98681
1.00624
0.990752
0.996584
0.992716
1.01777
1.00009
1.02217
0.999617
1.00106
1.01336
1.01061
0.991419
1.01447
1.00378
1.00984
0.993268
1.00611
1.00568
1.01181
1.01482
0.987213
1.00035
0.983377
0.992605
1.01055
0.991753
0.996153
0.995189
0.988483
1.02193
1.00422
0.992562
0.995284
0.998601
1.00126
0.990265
1.00064
1.00749
1.00292
0.996233
1.00971
0.981011
1.00727
1.00779
1.00115
0.991253
0.999786
1.00331
1.0206
0.987285
1.00102
0.996969
0.99622
1.00742
0.998001
1.00867
0.979385
0.993304
1.01145
1.00374
1.01824
0.988149
0.987814
0.999803
1.01097
0.99673
0.993658
0.994475
1.01245
1.00289
1.00046
1.00246
1.00722
0.993323
0.998463
1.02237
1.00086
0.993171
1.00744
0.98818
1.0012
0.993558
0.997424
0.99835
1.01655
0.991562
1.01622
1.00012
0.98573
1.00272
0.985358
1.00755
0.988374
1.01097
1.00249
0.989195
1.0076
1.00038
0.995132
1.00378
1.00009
1.00669
0.99985
0.99549
1.01219
1.01379
0.998031
0.997926
1.0085
0.991392
1.01018
0.991386
0.992646
0.994019
0.996012
0.989688
0.987076
0.991231
0.995768
1.01208
0.996204
1.00975
0.988175
0.991107
1.01233
1.02007
0.994969
1.00395
1.00735
0.992474
0.997822
1.00556
1.00508
1.01731
0.99601
1.00192
1.00238
0.994757
1.01399
1.01196
1.00585
1.00869
0.985569
0.996691
1.00918
0.995417
0.98454
1.02118
1.00577
0.994483
0.984739
0.99795
0.980393
0.99589
1.00663
0.985406
0.99876
1.0171
0.992852
1.01551
1.02097
0.985936
0.984289
1.01173
1.01424
0.982355
0.982081
0.993311
0.994921
1.00725
1.00319
0.985691
1.00697
0.994398
0.984195
0.998424
0.987184
1.00073
0.965373
0.984442
0.98026
1.00137
0.996835
1.00719
0.996986
0.989674
1.00555
0.981789
0.987224
0.99656
1.00772
1.00557
1.00108
1.00868
1.0027
1.00435
0.999547
0.994643
0.997333
1.01183
1.00017
0.994102
0.985411
0.983154
1.01427
0.987485
1.00785
0.994289
1.019
1.00331
1.00735
0.995328
0.992702
1.00806
1.00537
1.00819
0.997084
1.00174
0.988853
1.00563
1.00304
1.01442
0.989455
0.993726
1.00369
0.984805
1.00786
1.00192
1.00261
1.01024
0.988841
0.986317
0.995384
1.0162
0.992656
1.00769
1.00416
0.978624
1.00155
1.01219
0.989101
0.983789
0.99153
1.00185
0.994794
1.01288
0.989239
1.01554
0.990202
1.01
0.997836
1.00878
1.00871
1.02028
0.977109
1.006
1.01467
0.983559
0.994293
0.976915
1.00344
0.981705
1.0071
1.00518
1.00018
1.00614
1.00566
0.995508
0.998911
1.0021
1.01446
0.991798
0.997835
1.00492
0.999301
0.984064
0.998255
0.992682
1.00402
0.988794
0.999772
1.00295
1.01912
0.987815
0.992621
1.01382
0.981673
0.990438
1.01121
0.985208
0.985257
1.00476
0.992832
0.999469
1.00521
1.00031
0.995469
0.997428
1.01245
0.99773
1.00702
1.00135
0.997543
1.00855
0.993359
0.998765
0.996828
1.01767
1.00984
0.997593
0.989164
0.999787
0.995526
1.01784
1.00402
1.01198
0.997277
0.991251
1.00492
1.00154
1.00061
0.980392
0.997212
1.01283
1.01388
0.988197
0.990942
1.00298
1.00494
1.00074
1.00073
1.00361
1.01125
1.01483
1.01052
1.02604
0.989221
0.997437
0.998018
1.00775
0.982299
0.990569
0.995999
0.98988
0.979183
0.984258
1.00282
1.01083
1.00538
0.993617
0.980639
0.987621
1.00457
1.00067
1.01359
0.998883
0.990948
1.00337
0.992105
0.996819
0.976975
0.998862
0.980062
0.99423
1.01007
0.978261
1.01406
0.996546
0.989506
0.987079
1.01908
1.00446
1.00303
0.997792
1.00142
1.00075
0.993255
1.00595
0.988754
0.992339
0.991388
0.989052
0.99613
1.00437
0.984136
0.996823
1.01433
1.0094
1.01934
0.989609
0.993797
1.00842
1.00358
1.01361
0.973731
0.997918
0.994268
0.985949
0.998369
1.00384
1.00811
0.995199
1.00518
0.995748
0.997741
0.990034
0.999015
0.987179
1.01398
1.01032
1.01602
0.990548
0.977069
0.998987
1.02136
1.01825
1.00495
1.00826
0.991633
1.01456
1.00308
0.998713
1.00881
1.00533
1.00313
0.99646
1.01767
0.995525
1.0024
0.998066
1.00705
1.00737
1.00271
1.00597
1.00956
0.992372
0.999683
0.992404
1.019
0.998698
1.00604
1.00011
1.00217
1.00653
1.00976
0.999855
1.00994
1.01989
0.995434
1.00649
1.01013
0.984819
1.014
1.0133
1.01656
1.00091
1.01213
0.996525
1.00246
0.998673
1.00171
1.01283
1.01488
1.00261
1.00239
0.995538
1.00538
0.993118
0.997519
1.0066
1.01179
0.995727
1.01436
0.997
1.01374
0.998783
1.01053
1.01041
0.993003
1.01258
1.01153
1.00766
0.999229
1.00276
0.98881
0.98666
1.00435
0.994817
0.986927
0.997779
0.995212
0.994666
0.9941
1.00659
1.00531
1.01263
0.977275
0.998997
0.987288
1.00632
1.00832
0.996968
0.995244
0.985816
1.00066
0.991758
1.00475
1.01439
0.999198
1.01022
1.00733
0.994388
0.990141
1.02287
1.00401
1.01836
1.01071
0.999517
0.999319
1.00675
0.998075
0.997402
1.01105
0.998267
1.01023
0.992258
0.978285
1.00913
1.01552
1.01787
0.983831
1.01035
1.01196
1.00344
1.00195
0.989086
1.00121
0.988876
1.00687
0.997721
0.996061
1.00244
1.01072
0.987946
1.01597
0.983059
1.00472
1.00056
1.00982
0.993076
1.00025
1.01244
0.980615
0.99448
1.0076
1.01037
0.993874
1.00442
1.0102
0.988297
1.00135
1.01453
0.996739
1.01504
1.02084
0.991158
0.984848
1.01752
0.996982
1.01541
0.999722
0.991423
1.0151
1.00492
0.997963
0.996414
1.01019
1.00177
1.00439
0.987775
1.00257
0.990018
0.992043
1.00868
1.01109
1.00616
1.00532
0.989166
0.990911
0.995873
1.00132
0.9792
1.00596
0.982061
0.995247
0.992976
1.00198
1.00081
0.999376
0.984059
0.992763
1.00127
1.01089
0.999944
0.989323
0.998239
1.01839
1.01228
1.00414
1.00998
1.00673
0.999311
1.01325
0.985332
1.00025
0.99766
0.996287
1.00523
1.0115
1.00569
1.00404
1.00075
0.990544
0.986287
1.01471
0.998792
0.999438
1.00278
1.00734
0.984536
0.988446
0.998878
1.00537
1.0119
1.00466
1.00865
0.998752
1.00499
1.01209
1.00649
0.987826
0.992117
1.00438
0.998645
0.994266
1.01117
0.997433
0.997798
1.0044
1.01262
1.01003
1.00634
0.997116
0.99596
1.00159
0.991898
1.01933
0.999374
1.00218
1.00302
1.01331
0.993099
0.99517
0.995265
1.00968
0.994807
1.00515
0.998329
1.01788
0.999474
0.99902
0.994012
1.00795
0.994723
1.0016
1.02043
0.992059
0.991406
1.00054
0.984543
0.992907
0.990803
1.00677
0.994239
0.999945
0.991259
1.00536
1.01145
0.990715
0.984137
1.01147
0.996896
0.99748
0.993517
1.01385
1.00849
1.00128
0.997462
0.9968
1.00775
1.01226
0.998162
0.984911
1.0121
0.988105
0.993919
0.984901
1.00048
1.01012
1.00455
0.986711
1.02547
0.986193
1.00947
1.00191
1.00696
0.992054
0.994179
0.990546
0.999068
1.00068
0.992189
1.00645
0.989078
1.00749
1.00602
1.00267
0.976104
1.01412
1.00759
0.99103
0.994417
0.98924
1.01073
1.00152
0.997375
0.983769
1.01291
0.98655
1.0045
0.977916
0.98248
0.994588
0.992064
0.981829
1.01176
0.992261
1.00953
0.979401
0.981352
1.01072
1.00558
1.00477
1.00163
0.985544
1.00996
0.991689
0.991387
0.996868
1.00946
1.01672
0.994898
1.01844
1.01203
0.989215
1.01192
0.999019
0.988073
0.990763
0.994805
1.00561
1.00978
1.00703
1.00189
1.005
1.01409
1.00337
0.995799
1.01492
1.00825
0.995902
1.00328
1.00873
1.00102
1.01868
1.01388
1.00113
0.99964
0.993199
0.986472
0.993435
1.00389
0.996558
1.0043
1.01018
0.999741
0.98651
0.984398
1.00521
0.988885
0.999405
1.01813
1.00714
0.992724
0.99353
1.004
1.01352
1.01121
0.99328
0.98545
1.00458
1.01262
0.999566
0.997084
1.00531
1.00232
0.986277
1.01268
1.01806
1.01266
0.992371
0.993148
1.00938
0.988842
0.994155
1.00236
0.989403
1.00378
1.01091
1.00153
0.990418
0.989068
0.99714
1.00197
0.993881
0.990526
1.00516
0.9937
1.00057
0.994057
0.99027
0.987676
0.994351
0.998094
1.00958
1.00644
0.996391
1.02727
0.998656
1.00592
0.996289
1.00835
0.984829
1.01151
0.984275
0.988594
0.99988
0.9947
0.989215
1.00259
1.00013
0.983648
1.00491
0.997499
0.994239
1.01181
0.999946
0.998421
0.998849
0.988153
0.992425
1.0106
1.00867
1.00248
0.986618
0.998471
1.00227
1.00146
1.00749
0.993023
1.00941
1.00713
0.998575
0.992214
0.997452
0.995177
0.984943
0.99877
1.00672
1.00546
1.00725
0.995106
1.00285
0.986954
0.998531
1.00964
1.00257
1.01175
1.00099
1.01157
1.00071
1.00986
1.00612
1.0094
0.985209
1.01481
0.995812
1.02202
1.01415
0.991941
0.999146
0.981727
1.00833
0.992311
1.00411
0.994332
0.999827
0.999376
0.991323
0.990512
1.0109
0.999921
0.997972
0.988614
1.02014
0.998783
0.992118
0.999348
1.00161
1.00708
1.01118
0.999198
0.998892
1.00176
1.01184
0.986644
1.00052
0.989564
1.00224
1.0016
1.00554
0.982114
0.998846
1.0052
1.00736
0.998015
0.981824
1.00557
0.995989
0.993511
0.990013
1.01192
0.9999
0.995548
0.998478
1.00181
0.987148
1.01532
1.01039
1.0194
0.988864
1.00971
0.996344
1.00454
0.995207
0.994497
0.997857
0.986923
0.998147
0.993125
0.993049
1.01029
0.995974
1.01608
0.989255
1.01058
1.02308
1.0102
0.987387
1.01173
0.996382
1.00135
1.00493
1.01536
1.00301
0.990273
0.999565
1.00282
0.993525
0.996643
0.999781
0.988181
0.990819
1.0076
1.01169
0.997317
1.01617
1.00103
0.99635
0.993913
0.992657
1.01401
0.992392
0.988472
0.980298
0.993853
1.0061
1.00521
0.999193
1.00487
0.987873
0.991095
0.985381
1.0182
1.01594
0.996215
0.993455
0.998872
0.995837
1.01256
0.999379
1.00599
1.00608
1.00402
0.994315
0.991131
0.994587
0.984822
1.00928
0.987235
0.988605
0.997796
1.01956
0.998119
1.00628
1.00858
0.993467
0.997198
1.01288
0.998924
0.996443
0.987496
0.997841
1.0096
1.00612
1.02017
1.00103
1.01192
0.987346
0.997823
0.987883
0.999058
0.993038
0.994424
0.996027
1.00062
0.994884
1.00116
0.982606
1.00162
1.00266
0.99292
1.00063
1.00049
1.00285
1.00908
0.994525
0.97457
0.990263
1.01089
1.00354
1.00786
0.999538
0.99275
0.998308
1.00706
0.993567
0.988619
0.987298
1.00358
1.00268
0.999462
1.00143
1.01213
1.00816
1.0004
1.01179
1.00792
1.00211
0.993056
1.00102
0.99842
0.997119
0.994502
0.995708
1.00903
1.00057
1.004
1.00289
0.981687
0.983091
0.976772
1.00429
1.0177
0.981936
1.00522
1.00259
0.98359
1.00577
0.998904
0.993964
0.98006
1.01021
1.01588
1.00139
1.01365
0.996883
0.985748
1.00414
0.985371
1.00663
0.986609
1.00655
0.997134
0.986711
1.00187
0.991095
0.997184
0.990547
1.00816
0.992939
0.996137
1.00222
0.989767
0.991482
1.0082
1.00802
0.987192
1.01871
1.00799
1.00757
0.998166
1.01459
0.992125
0.999363
0.99827
0.985304
1.01332
1.00936
0.998813
0.992773
0.977982
1.00883
1.01175
0.996426
1.00706
0.992439
1.01303
0.983586
0.995876
0.99689
1.00043
0.997973
1.01177
1.01131
0.999943
0.996223
1.01055
0.997953
0.976023
0.992559
1.0014
1.00138
0.988225
0.981898
1.01623
0.977092
1.00491
1.00434
0.994378
0.980545
0.999452
0.988569
1.0054
1.00337
0.977663
0.990594
0.997051
0.99423
0.996877
0.984618
1.00664
1.00205
1.02408
1.01397
1.00498
0.990178
0.995533
0.97769
1.0011
1.00721
0.985109
0.999841
1.00181
1.00095
0.990386
1.00812
1.01824
0.994506
1.00441
0.994223
0.99124
1.00214
0.972487
0.994866
1.00774
0.999297
1.01096
0.993969
0.980111
0.991148
1.00118
1.00751
0.98692
0.990037
0.99334
0.990587
1.00914
0.997255
1.00448
0.991378
1.01135
1.00512
1.01443
1.00418
0.989322
0.998898
0.99101
1.01027
1.00162
1.00695
0.99266
0.993666
0.992973
1.00141
1.00821
1.00397
1.00114
1.00292
0.999177
1.00734
1.0013
1.00883
1.00018
0.999667
1.00667
0.997191
1.00158
0.997375
0.996934
1.01279
0.995722
0.999964
0.990226
1.00379
0.994867
0.999766
0.997237
1.00164
0.999894
1.01007
1.00763
0.996366
0.999226
0.991237
1.00079
1.01812
0.989399
1.00316
1.00743
1.01496
1.00458
0.997431
1.00203
1.01157
0.99837
0.995909
0.973371
0.99121
0.990461
0.988306
1.00304
1.00741
1.00467
0.996898
0.99426
1.00091
0.999457
0.976158
1.00604
0.99581
0.995091
1.00978
1.00418
1.00489
0.98413
1.01827
1.00295
0.985967
0.988922
1.0151
0.993489
1.0059
0.995325
1.00902
1.00052
1.00389
0.988242
1.00142
0.992112
0.995178
0.998964
0.997985
0.993298
1.00658
0.991047
0.990475
1.01102
0.996144
0.993213
1.00544
0.998278
1.01087
0.97037
0.993056
0.996897
0.998652
1.01651
1.00371
1.00119
1.00195
1.0059
0.999599
0.983955
0.990131
0.982225
0.989989
0.993785
1.02059
0.995454
1.01461
0.984962
1.00953
0.998649
1.01197
0.991122
1.01518
0.997278
0.994307
0.995613
0.989682
0.999867
1.00191
0.990939
1.00182
0.990252
0.993694
1.00208
0.998705
0.994415
1.01922
0.992286
0.999447
1.00465
0.995217
1.00829
1.0119
1.00192
1.0075
0.999038
1.00678
1.00893
0.996719
0.994552
1.00334
1.00358
0.99845
0.998676
1.00636
1.01276
1.00206
1.00915
1.0049
0.983369
1.01083
0.999813
1.00034
1.00475
1.01272
1.01177
0.991105
0.992698
0.993164
1.0082
1.0052
1.003
0.999099
0.996565
0.998657
1.01166
1.00188
0.995505
0.994522
1.00708
1.00266
1.00484
1.0046
1.00034
0.999791
1.00513
0.989858
1.00485
0.996036
1.01287
0.999952
0.992026
0.999619
1.00802
0.998324
0.997874
1.01085
0.990713
1.00299
1.0049
0.98679
0.995686
1.00025
0.996528
1.00681
1.01274
1.00369
0.995584
1.00967
1.00077
1.0245
0.982907
1.00797
0.99346
0.995174
0.9729
1.01683
0.99898
0.994842
0.997184
0.994902
0.993534
1.00509
0.999374
1.00508
0.997792
0.977359
1.00851
0.989858
0.991682
1.00584
0.995375
1.00692
1.00719
1.0168
1.01408
1.00146
0.997511
0.987601
0.999528
1.0027
0.977004
1.00376
0.996354
0.978531
1.00933
0.992983
0.991027
0.980275
0.99081
1.01351
0.987383
1.00921
0.991738
0.997727
1.00309
0.994539
0.98907
1.00573
0.996992
1.01217
0.999099
0.997155
1.00732
0.998605
0.982883
0.988364
0.991603
0.987737
0.996934
0.996286
1.00548
1.00734
1.00061
0.987215
0.994246
1.00585
0.99479
1.00826
0.999789
1.02211
0.999662
1.00287
0.991809
1.01677
1.01967
0.986491
0.990634
0.990107
0.992309
0.9955
1.00804
1.00929
1.01478
1.00246
1.00825
0.992299
0.993178
0.983968
1.00177
0.99315
0.997136
0.99807
1.01595
1.00515
0.995812
1.00178
1.00239
0.989544
1.00337
1.02078
0.999073
1.00695
1.0076
0.997757
0.996555
0.988639
0.994261
1.00846
1.0078
0.996694
0.997443
1.00514
0.981652
1.0034
0.998766
0.996863
1.00643
1.00431
1.01019
1.01449
0.986952
0.994899
1.00222
1.00102
1.00452
0.997824
1.01262
0.992806
0.98932
0.990519
0.992976
0.989255
1.00632
0.981771
1.015
1.01012
1.01857
1.00004
1.00357
0.989653
0.991992
0.992241
1.00177
0.99567
1.01107
1.0185
0.988276
1.00823
1.01088
0.994485
1.0092
1.00009
0.995835
1.00664
0.984188
1.01495
1.00245
0.999752
1.00609
1.00148
1.01273
0.99076
1.00759
1.00529
0.990602
1.00836
1.00912
1.0001
0.995711
1.00226
1.0141
0.994369
1.00009
1.01003
0.984304
1.03122
0.98844
1.0075
0.998019
0.996487
1.00928
1.01975
0.995329
0.990982
1.0064
1.00495
0.997433
0.994713
1.00051
1.00559
1.00451
0.982193
1.00411
1.00777
0.999623
0.993829
1.00537
0.990787
0.995428
0.981176
0.993049
0.96452
0.996208
1.00104
1.00358
0.991328
1.00633
0.992905
1.00138
0.990897
1.00107
1.0102
0.986416
0.982722
0.987627
1.00039
1.00173
1.00011
1.00782
1.00819
0.986554
0.984854
1.02421
0.969852
1.00246
0.986222
0.999527
0.9848
1.01538
1.00944
1.00896
0.993567
1.00793
0.992917
0.997323
0.976192
0.99596
1.00576
1.0046
0.998404
1.00106
0.991307
1.00186
1.00122
1.0143
0.996233
0.983861
1.00686
1.00238
0.988415
0.985991
0.994204
0.995885
0.983476
1.00763
1.0098
0.985668
0.992654
0.993957
0.996551
1.00942
1.00888
0.999204
1.01959
1.00324
0.978383
1.00437
1.00424
0.997538
1.00557
1.00606
1.00277
0.995719
1.01109
1.02058
1.0036
0.996955
1.00302
1.00302
1.01016
1.01076
1.00469
0.986907
0.99699
1.00245
0.987337
0.993752
1.01882
1.00571
1.00229
0.975967
1.00478
1.00887
0.992732
0.994579
0.997263
0.998429
1.01159
0.993319
0.999477
0.999938
0.99443
0.999862
0.999447
0.994931
1.00258
0.993396
0.996608
1.00822
1.00471
1.01683
1.00225
1.00623
0.990284
1.02511
1.00686
0.978762
1.01508
1.00588
1.00173
0.991652
1.00026
0.983559
1.00024
1.02131
0.996873
0.995114
1.00503
0.983974
0.974016
0.992523
1.0029
0.989366
0.979075
0.995334
0.997947
0.987707
0.986131
0.999694
0.993834
0.99537
1.01385
0.999045
0.984877
1.00134
1.00558
0.990984
0.997103
1.00611
0.991827
1.00727
1.01339
0.996766
0.987154
1.002
0.999991
1.01274
0.99831
1.00561
1.00482
0.995457
0.995572
1.00375
1.00841
1.00568
1.00535
0.995932
0.988948
1.00396
1.00852
0.987176
0.986975
0.994846
1.01368
0.990739
0.990126
1.00542
1.00694
0.994839
1.00078
0.978372
1.01401
0.992711
0.99367
0.985512
0.97544
1.01113
0.999711
1.00478
0.996288
0.987979
0.997319
0.986538
0.99172
0.998276
1.00525
0.97975
0.992539
0.990748
0.999354
0.986398
0.997416
0.999025
1.00664
1.01749
1.00858
0.984489
1.00369
1.01022
0.987752
0.996556
0.982937
0.987836
0.997788
1.00597
0.996322
1.01054
1.00343
1.00412
0.980865
1.00116
1.0161
0.996883
1.00618
0.984017
0.996236
0.99796
0.999567
1.01167
0.999034
1.01029
0.992875
1.01135
0.992257
0.991572
0.983339
1.00246
0.992784
1.00683
0.993268
1.00397
0.99936
1.00851
1.00758
0.994402
0.994878
0.985223
0.984786
1.0082
1.00115
1.0055
0.997289
1.00641
0.993563
0.995104
0.988627
1.02874
1.00194
0.984247
1.007
0.999609
0.997334
1.01426
1.00141
1.00708
1.0019
1.00967
0.992465
0.995855
1.00026
0.997491
1.00085
1.00781
1.00015
0.98176
0.994534
0.988887
0.989244
0.995291
1.00481
1.00932
1.00055
0.996994
0.988632
1.00255
0.998146
1.00624
1.00309
0.98657
1.02208
0.977497
0.993864
0.99151
1.00144
1.00184
1.00659
0.997865
0.990661
1.00809
1.00698
0.992562
1.0136
1.01946
0.999275
0.992189
0.996939
1.00605
0.99435
1.02091
1.01493
1.00969
0.997734
0.999239
0.99026
1.00409
1.00181
0.988037
0.980805
1.00993
1.00264
1.00035
0.99823
0.988288
0.991455
1.00482
0.985355
0.99553
1.00457
0.994211
0.988664
1.00404
0.99427
0.997204
1.00492
1.00733
1.01786
1.00024
0.994332
1.00454
1.00458
0.98766
0.974418
1.01644
0.996453
0.997513
1.00687
0.997195
1.00269
1.00072
0.976495
1.0039
0.995611
0.999607
1.00632
0.982404
1.00313
1.02376
0.996818
0.99921
1.0167
1.01365
0.989682
0.993622
1.00753
1.00751
0.984642
1.005
1.01736
0.992284
0.992754
0.987405
0.986266
1.00173
1.00463
0.995967
1.00468
0.992006
1.00748
0.998775
0.995135
1.00214
0.998994
0.992493
0.986506
0.982174
1.00134
0.987958
0.990909
0.997087
1.00118
0.996698
0.994929
0.985971
0.999519
1.0025
0.999815
1.00621
0.988405
0.995695
1.01905
0.98886
1.00796
1.00135
1.0008
0.994459
0.982302
1.01515
0.993903
0.989833
0.994397
0.984142
1.00638
1.0117
0.993092
1.00972
0.999502
1.00296
1.01999
1.00572
1.00831
1.00134
1.02518
1.00426
0.988686
1.00821
1.03322
0.995184
0.985405
1.00355
1.00135
0.999943
1.00126
0.984136
0.965123
1.00324
0.998532
1.01744
1.01639
0.998122
1.00527
1.00697
1.01428
1.00709
1.01335
1.00923
1.00975
1.01002
1.01376
0.992607
0.997308
0.99856
1.00027
0.988552
1.01503
1.00733
1.01872
0.998119
1.0058
1.00589
0.980961
0.97855
0.99822
0.994403
0.984474
0.992957
1.01116
0.989331
0.980517
1.00297
0.994139
0.997122
1.00635
1.00769
1.01166
0.997958
1.0036
0.983908
0.987405
0.992472
0.995545
1.00066
0.988997
1.01417
0.993869
1.00167
1.0028
1.01429
0.993405
0.994805
0.991762
0.99693
1.00509
0.981129
0.999728
0.992279
1.00841
0.994598
1.01833
1.00451
0.997255
1.00552
0.982581
0.968969
1.01135
0.967988
0.989499
1.00228
1.00334
1.00953
0.986973
1.01943
0.996615
0.998687
1.00475
0.996717
0.991044
0.994287
1.00696
0.990736
1.0066
1.00307
1.00164
0.987642
1.00855
1.01089
0.988661
0.984056
0.99312
0.987482
1.00982
1.00921
1.01051
1.00489
0.999166
1.00107
0.996272
0.990668
0.998432
1.00759
1.01578
0.986399
0.992033
1.0038
0.999808
1.00428
0.999309
0.985477
0.990696
0.98911
1.00643
1.01452
0.987629
1.0118
0.997692
0.986644
1.0046
1.00918
0.998756
1.00116
1.00014
1.00831
1.00199
0.984855
0.993946
0.987331
0.985509
0.985074
1.00625
0.992353
1.00505
0.983878
0.995349
1.00238
1.01729
0.99747
0.987697
0.984649
0.970406
0.998242
0.994968
1.00585
1.0108
1.0025
0.974465
0.999559
1.00573
0.996972
1.00218
1.00312
1.00765
0.997425
1.00152
1.00084
1.01612
1.01039
0.978413
1.0088
1.00734
0.988846
1.01008
1.00088
1.00333
1.00519
0.997637
1.01111
1.00279
1.00804
1.00641
0.982862
0.982331
1.00846
0.99553
1.00684
1.00819
1.01348
0.997552
1.01308
1.01478
0.989102
0.979468
1.01212
0.987059
0.990348
0.990891
0.984649
0.996365
1.0004
1.00379
0.995943
1.00056
1.00081
1.00521
1.01155
1.00327
1.01083
1.0067
1.01213
0.993634
1.0035
1.00415
1.00642
1.00046
1.00047
0.991266
0.993849
0.994469
0.992309
0.997309
0.993469
0.991233
0.992563
1.00733
1.01806
0.989593
0.998987
0.993503
0.991302
1.00361
0.999418
1.02917
1.01032
0.998095
0.98975
1.00464
1.00569
0.989837
0.996616
0.983677
1.00807
1.02233
0.990335
0.99455
1.009
1.00368
1.00843
0.997673
0.991245
1.00099
0.998495
0.998463
1.00195
1.01013
1.00235
1.01492
0.992576
1.00424
0.998402
0.9974
0.995442
0.991001
1.00549
1.00781
0.994188
1.00153
0.991774
1.00231
0.998265
0.993329
0.996247
1.01022
1.00987
1.02037
1.01519
1.00667
0.999867
0.993659
0.998235
1.00283
0.99283
0.981791
1.01592
1.01191
1.00046
0.998798
1.01455
1.02358
0.988371
1.00954
0.989845
0.997868
1.02153
0.984221
0.998192
1.00202
1.00875
0.980381
1.00452
0.984643
1.00506
0.987014
0.994303
1.00187
1.01157
1.00621
1.0074
0.984137
0.995158
1.00187
0.998524
0.997476
1.01445
1.00926
0.99854
0.988188
0.995286
0.99947
1.01984
1.00668
1.00923
0.989918
1.00007
0.99511
0.99739
1.00831
1.01349
1.00688
1.00058
1.0067
1.00308
0.995675
0.99254
0.998716
0.999705
1.00434
1.01156
1.00617
0.994124
1.01671
1.00409
1.00266
1.01368
1.00465
0.985353
0.973686
1.01162
0.984138
0.997285
0.998908
1.01336
0.994934
0.992922
1.00256
0.998445
0.996138
0.981385
1.02429
0.998839
0.993299
1.00724
0.993655
0.998758
0.992622
1.00016
0.99423
0.992194
0.99225
0.980187
0.993495
0.999237
0.994225
0.99141
0.990774
0.996602
0.991667
0.99584
1.01607
1.00867
0.996441
1.00032
1.01393
0.987392
0.999461
1.00945
0.989146
1.011
1.02187
0.998733
1.01485
1.01285
1.00153
0.998538
1.00954
1.00072
0.998886
1.0014
1.00472
1.01457
1.01161
0.99779
0.995067
0.997095
1.01011
0.999493
1.01157
0.999138
1.01274
1.01445
1.00362
1.00153
0.996922
1.00877
0.999762
1.00373
0.993599
0.998821
1.01616
1.00339
0.996772
0.992551
0.988618
1.00705
1.00772
1.00743
0.991416
0.986867
0.999406
1.00245
0.992597
0.993565
1.00508
0.975094
0.998328
0.992835
0.999404
1.00648
1.00006
1.00574
0.997936
0.99953
1.00487
1.00726
1.00126
1.00411
1.00096
0.994664
1.00345
0.992635
1.00924
0.996499
0.999565
1.00514
0.996171
1.00669
1.00965
1.00247
1.01118
1.00815
0.99449
0.992457
1.0046
0.998849
1.00517
0.995576
0.991514
0.994203
1.00063
0.991653
0.99073
0.9913
1.00278
0.996421
0.997727
1.00292
0.989804
1.00705
0.990038
0.995581
0.995329
0.999684
1.01804
0.987641
0.998198
0.995663
0.990945
1.00107
0.997415
0.999058
0.998671
0.99473
0.995771
1.01388
0.992895
0.992011
1.00513
0.995882
1.01069
1.00021
1.01105
1.02104
0.988948
0.984127
0.996043
1.00833
0.991953
1.0176
1.00821
0.993837
0.989551
0.997162
1.00032
1.0188
1.0054
0.990526
0.999004
1.01049
1.00816
0.97658
0.999075
1.01988
1.00259
0.996576
0.995098
0.992848
1.00386
1.01495
0.996709
0.997324
1.00349
0.980119
0.98399
1.01954
1.00582
0.992917
1.01432
1.007
0.995454
0.996878
0.996371
0.99864
1.00656
1.00637
1.0055
1.00734
1.0111
1.00502
