29.7347
29.8413
30.1578
29.8891
30.1369
29.6902
30.3257
29.9831
30.1221
29.9424
30.0759
30.298
29.3462
30.183
30.4285
30.2133
30.3371
30.0831
29.7038
29.8574
29.8522
30.0219
30.0614
29.84
29.9648
30.3327
29.7987
30.1648
29.4145
29.4088
30.3121
30.3005
29.9338
29.978
29.7566
30.0729
29.7467
29.8905
30.2616
29.8546
30.1685
30.1493
29.9083
29.9917
30.2724
29.9539
30.7391
30.2716
30.0306
30.1007
30.0612
30.0521
30.5767
30.4645
30.3748
29.7551
29.8008
29.7466
29.4855
29.8324
29.957
29.9605
30.1317
30.1834
30.4335
30.0255
29.7639
30.0183
29.8079
30.1385
30.2458
29.8006
29.5353
30.1748
30.0977
30.0986
30.2358
29.7595
29.8039
30.0707
29.8132
30.1038
30.1137
29.666
30.0446
30.2509
30.3351
29.9956
29.9887
30.2496
29.9425
30.1229
29.7772
29.6567
29.836
29.5093
29.9922
29.8656
29.8473
30.2541
29.7585
30.1073
29.6913
30.0776
29.8278
29.9462
30.0955
30.2816
30.0647
29.9598
30.0237
29.5757
29.611
29.9448
29.8761
30.0606
29.9935
29.8095
29.5514
29.9338
29.9603
30.0203
30.1239
30.1982
29.4893
30.1953
30.5249
29.8197
29.9691
30.0374
29.8396
30.3552
30.4399
30.3193
29.6855
30.2722
30.5526
30.2143
29.7243
29.684
30.0491
30.0593
29.9597
29.8943
29.8978
29.7454
30.2783
29.6084
30.0669
30.1658
30.4799
30.1416
30.2996
29.8321
29.3734
30.048
29.9566
30.4158
30.1943
30.0941
29.7986
29.9093
30.2781
30.083
29.9952
30.0121
29.8712
30.352
29.984
30.2299
30.255
30.2514
29.9688
29.8792
29.696
29.8029
29.7487
29.6049
29.8074
30.2721
29.9668
30.0966
29.6448
29.9432
29.5612
29.4313
29.9177
29.8921
29.7935
30.139
29.7042
30.0843
29.845
29.7446
29.7994
29.924
29.9641
29.674
30.0894
30.0194
29.6693
30.1528
29.7494
30.313
29.7415
30.3436
30.0723
30.1631
29.7368
30.4194
30.2188
29.5687
30.4797
29.9081
30.1623
30.1099
30.3884
29.7546
30.015
30.403
29.8676
29.5285
29.8764
30.0047
30.0403
30.2292
30.3363
30.0904
29.8694
29.7933
29.8265
29.8053
30.0381
30.2556
30.1463
30.3084
29.9596
29.9509
29.6824
30.0717
30.4976
30.1586
29.9269
30.0984
30.1778
29.9678
29.935
30.3101
30.5276
30.1818
30.1149
30.0209
30.0678
30.0488
29.7521
30.3896
29.8588
29.678
29.6419
29.8956
29.9859
30.0825
29.8357
30.1276
29.8063
30.3925
29.9669
30.2755
30.2466
29.6691
30.0238
30.1175
29.9507
30.3041
29.961
29.9891
30.3963
30.2835
30.0778
30.2928
29.6802
30.339
30.1879
29.7797
30.0842
30.5397
30.228
30.1183
29.8788
29.8138
30.0665
29.5978
29.6746
30.1606
29.8596
29.8174
30.3137
30.8295
30.1768
29.9957
30.1086
29.7973
29.9591
30.055
30.3208
30.0855
29.8818
30.1748
29.4969
29.9112
30.35
29.859
30.1925
30.0746
29.8767
29.627
30.3895
30.0489
30.0818
29.6099
30.0919
30.0243
29.6559
29.7253
30.1322
29.9944
29.6987
29.4745
30.4342
30.096
29.8624
29.9037
29.7687
30.4125
30.3712
30.1376
30.3059
30.4352
29.6828
30.3185
30.1799
29.8214
29.8453
29.53
29.7198
30.0284
30.1163
29.8663
30.3009
29.8623
30.2104
30.2117
30.0142
29.9969
29.8049
30.3841
29.9039
29.777
30.3388
30.2264
29.7958
30.5301
30.1059
29.5972
30.119
29.8986
30.0075
29.901
30.2418
30.0488
29.6689
30.1671
30.2403
30.1698
30.1064
29.6233
30.0026
30.0711
29.7409
30.3049
29.5322
29.8961
30.1629
29.9261
29.7693
29.8626
29.8862
30.0131
29.8854
29.7568
29.8445
29.5591
29.7372
30.5467
29.9549
29.9087
29.8906
30.0678
30.0012
30.2379
30.1765
30.1493
30.3565
30.0595
30.0674
30.0373
29.9681
29.724
30.1532
29.7684
30.269
30.0911
30.032
30.1965
29.8318
29.7078
30.2385
29.8496
30.0425
30.1589
29.9814
29.8623
30.5017
29.9122
29.8551
30.2124
30.0071
30.1524
29.7781
29.7059
29.8398
29.8199
29.6084
29.812
29.9273
29.8669
29.9336
29.7016
30.1314
30.2469
30.1515
30.1807
30.2945
29.8173
30.184
30.0463
30.0339
30.177
29.668
29.9839
30.1227
29.8024
30.0643
30.4487
30.5737
30.0479
29.9052
29.9091
29.7859
29.7352
29.9595
30.3601
30.0051
29.8237
30.2469
29.7833
29.6291
30.1479
30.3533
30.0037
30.1871
29.698
30.3964
29.3337
30.1368
30.18
29.9554
30.2183
29.9373
30.3873
30.2716
29.5636
30.2155
30.401
30.0473
29.9434
29.9677
29.8208
29.9438
29.9496
29.8423
30.5269
29.9536
30.0142
30.3971
30.1096
29.7582
29.9459
30.2674
29.5068
29.8646
29.6427
30.2268
30.2711
30.2842
29.7476
29.8202
30.1008
30.2348
29.4445
30.3014
29.9354
30.1081
30.3569
29.9476
30.0712
29.763
29.6256
30.2067
30.3991
29.8045
30.0239
30.1656
29.8817
30.3471
30.5073
30.1401
30.0262
29.8812
30.2649
29.9778
29.5813
30.0232
29.717
29.7637
29.7973
30.0418
30.0956
30.2198
29.6363
30.4897
29.9979
29.9406
29.9965
29.8686
30.1368
29.9493
29.478
30.0777
30.1387
30.1389
29.4504
29.8945
30.3289
29.84
29.9086
30.5415
30.4533
30.199
30.4558
29.5889
30.2872
29.7246
30.0771
29.7697
30.0496
30.1375
29.9408
30.0219
30.3872
30.3213
29.8858
30.0497
29.9626
29.7698
30.1456
30.3111
30.2181
30.0847
30.3995
30.044
30.4155
30.0379
29.8545
29.5021
30.1529
29.955
29.8248
29.8388
30.3725
30.0948
29.9401
29.791
29.5263
29.9979
29.7887
30.1301
30.0034
29.9959
30.2962
30.0363
30.2141
29.9365
30.0417
29.8364
30.0538
29.7106
30.3127
30.0352
30.0094
30.0717
30.0426
29.802
29.993
30.2387
29.9036
30.1038
30.3922
29.7401
29.8317
29.9099
30.1638
30.2998
30.1725
30.1236
29.8266
29.9003
30.1735
30.1838
30.3204
29.8946
29.5627
29.9582
29.7581
30.154
30.3145
29.9304
30.09
30.3477
30.0245
30.1267
29.9298
29.4984
29.7003
30.0327
30.3041
29.9889
29.7883
29.9936
30.5065
30.1957
29.5373
29.9514
30.063
30.0125
29.6247
29.7025
30.0596
30.0648
30.1026
30.1481
30.0537
30.0039
29.6429
29.9339
29.9743
30.4454
29.9004
30.0938
29.7652
30.0369
30.0788
30.1014
30.0222
29.9158
30.413
30.0764
29.8742
30.0697
30.3866
29.7633
29.4978
29.7322
29.811
30.2372
30.1135
29.5103
30.0823
30.5932
29.7578
29.7907
29.7925
29.8993
29.9572
30.0082
29.8336
29.7572
29.7117
30.0316
30.359
30.2308
30.3357
29.9903
30.2336
29.9168
29.9225
30.1672
29.9106
30.0478
29.6315
29.6821
30.0908
29.9456
29.865
29.79
29.617
30.6404
30.2823
30.4316
29.8045
29.9234
30.1479
29.9956
29.9467
29.6938
30.2116
30.2744
30.1446
29.7878
30.3548
30.0622
29.9366
30.4656
30.0622
30.5586
30.1425
29.7374
30.09
30.1408
29.9852
30.2932
30.1193
30.0443
29.9932
29.7862
29.795
30.0891
30.0717
29.966
29.9628
29.7111
30.3734
30.0034
30.0715
29.8879
29.8094
29.9969
30.0584
30.2551
29.8303
30.0572
30.0046
30.0626
30.0314
30.1145
29.986
29.5233
29.7974
30.267
30.0173
29.8867
29.9862
29.8466
29.638
30.0385
30.5527
30.0119
29.7945
30.2923
30.1074
29.9832
29.9913
29.4017
29.6233
30.0712
29.8822
29.5545
30.0725
29.7915
29.8888
30.0949
30.0256
30.4224
29.9851
30.0469
30.1768
29.7954
29.5005
30.0912
29.7503
29.8575
29.2052
30.2832
29.9127
30.0721
29.9645
29.8495
30.01
29.7968
30.1231
30.1402
29.6392
30.1738
30.003
29.9948
30.3694
29.9837
30.1194
29.9298
30.2233
29.6656
29.8355
30.0907
30.2832
29.9731
29.6601
30.4681
29.8625
30.549
29.8276
30.2422
30.5152
30.259
29.7439
29.946
30.5972
30.2227
29.9386
30.3669
30.027
30.2189
29.9275
29.1751
29.9312
30.0477
30.5984
30.1841
29.9844
30.1948
29.731
30.1955
29.6911
30.0027
29.7846
30.2767
29.6156
30.3929
29.8775
29.4799
30.257
29.8353
30.1824
29.6913
30.107
30.0356
30.2178
30.1677
29.7701
30.3348
30.2631
30.4373
30.1501
29.4196
29.5651
29.7933
29.9064
30.4881
30.0336
30.2738
30.0711
30.0528
30.1773
29.9947
29.768
30.1406
29.8782
30.152
29.9228
29.596
29.6196
29.6379
30.5516
30.0125
30.2545
29.8132
29.9681
29.8813
29.9088
29.8468
30.0073
30.1453
30.1029
30.0243
30.0753
30.0927
30.2134
29.9972
29.8695
30.3047
29.9861
29.5994
29.6573
30.06
30.0686
29.9995
30.0292
30.498
30.5791
29.9027
29.9632
29.4951
29.9168
29.9868
30.3389
30.3338
30.0238
30.079
30.0956
29.7613
30.6237
29.5361
29.7722
29.8811
29.7289
29.99
29.8117
29.89
30.2657
30.0276
29.8012
29.8732
29.9328
30.0197
30.1912
29.8395
29.973
29.9836
30.0011
29.89
29.6245
30.0952
30.0019
29.9358
30.0821
30.0649
29.8093
29.9255
29.9937
30.3669
30.1933
29.7218
30.2288
29.7185
29.8124
29.8277
29.7065
30.5818
30.5436
30.0263
29.9901
30.0384
30.2224
29.7646
30.3728
29.8725
29.9755
30.3999
30.636
29.4756
29.5829
30.6174
29.8779
29.9513
29.8784
30.067
30.337
30.4975
30.3736
29.7173
29.9738
30.0776
29.8698
30.2438
30.0973
30.2616
29.9598
30.1378
29.475
29.8509
30.0312
30.0365
30.2463
30.0676
30.2197
30.7367
30.2463
29.5272
29.5658
29.9152
29.7762
29.8844
29.7797
30.1731
29.6205
30.0893
30.512
29.7897
30.4943
29.5405
30.0229
29.8639
29.7326
29.5227
29.9947
29.8209
30.0292
29.7631
29.9239
30.1518
30.0446
29.6042
29.7372
29.8333
30.0115
30.1751
29.7093
29.8956
29.9607
30.0518
30.6282
30.0162
30.6143
29.9792
29.8683
29.8182
30.0628
29.6491
30.0698
29.9561
29.8491
29.6474
30.147
30.3413
30.3214
29.9522
30.0534
30.2139
30.1882
30.367
30.0935
30.2228
30.1492
29.7299
30.1392
29.9431
30.7039
29.3547
30.2187
29.8952
29.9908
30.2782
29.8107
29.5021
30.1506
30.0283
30.3148
30.1393
29.677
30.1755
29.8748
30.1024
29.8431
29.8331
30.0087
29.7906
29.8867
30.1162
30.2605
30.0421
29.6395
30.1607
29.7835
29.6302
29.6517
30.0572
29.8253
29.6465
29.9735
30.0765
30.3913
29.9527
29.6364
30.0756
29.8851
30.2586
29.6466
30.0924
29.8838
29.7713
30.0748
29.7972
29.8241
29.7181
30.077
30.021
29.746
29.7552
29.875
30.161
30.1689
29.7394
30.2042
30.0323
29.9395
29.7642
30.1548
30.2014
30.0645
29.6282
30.2079
30.3746
30.5579
29.8934
30.1307
30.1342
30.2608
30.2748
30.1316
30.1948
30.2093
30.303
29.9034
30.6075
30.3281
30.216
29.6733
30.2348
29.7452
29.8311
30.3326
30.0025
30.2901
29.7985
29.7749
30.5457
29.8579
29.7993
29.9654
29.5517
29.9003
29.9675
30.1288
30.0846
29.6609
29.8746
29.7161
29.942
29.3817
29.9946
29.5936
30.1824
29.5388
29.8948
30.1387
30.3024
30.151
30.0274
29.9893
30.0397
29.67
30.3138
30.5543
30.2691
29.8961
29.666
30.1672
30.0114
30.2804
29.6722
29.92
29.4679
30.1546
30.0772
30.0687
29.9498
29.6977
30.2426
29.9042
29.1771
29.9015
29.5612
29.766
30.486
30.0777
29.8707
29.9036
30.1018
29.9274
29.9167
30.1468
29.5042
30.1828
30.022
30.2552
30.1115
29.9835
30.1458
29.8215
30.1012
30.4511
29.7355
29.8642
30.0271
29.4842
29.7944
30.1059
29.9211
30.4373
29.6533
30.0077
30.2057
30.1826
29.6723
29.5956
29.9127
29.8435
29.8882
29.9732
29.7226
30.1688
30.0947
30.0828
30.0366
30.1412
30.0537
30.3792
29.968
29.5689
30.337
29.9038
30.0927
30.1583
29.7055
29.7662
30.1226
30.1334
29.8167
30.3656
29.7317
29.6319
29.9348
30.1492
30.0284
30.106
30.1239
29.4836
29.9157
29.7682
30.0614
29.939
29.8982
30.6517
29.9859
29.966
29.8332
29.7773
30.0655
29.3964
29.5818
30.1816
29.9539
30.0205
29.4283
30.0498
29.8269
29.7374
29.7422
29.6005
29.8512
29.7223
29.7782
30.0202
29.993
29.8971
29.9911
30.1057
29.7783
30.272
29.9065
29.8433
29.9721
30.2311
29.8055
29.769
30.3696
30.426
29.9132
29.9942
30.2197
30.0964
30.2072
29.8977
30.039
29.8408
30.0571
30.5754
30.1871
30.1078
30.2198
29.6698
29.9769
29.7795
29.7957
30.3532
30.0605
30.1823
30.0407
30.1451
29.5892
30.0097
30.0393
30.2918
30.1028
29.961
29.4523
30.1226
30.1015
29.3164
30.0227
29.8877
30.0993
29.8746
29.7277
30.4472
30.0183
29.8837
30.0206
30.0961
29.9222
29.9604
30.1967
29.8844
30.1026
30.2519
30.0661
30.0202
30.2215
30.1493
30.1002
30.1059
29.7561
29.5064
29.9919
30.116
30.0354
29.7283
30.3957
29.7363
30.1242
29.5973
30.1355
30.0981
30.0974
29.9583
30.1348
30.1052
30.4027
29.9086
29.9737
30.0732
30.5264
30.1152
29.9209
30.243
30.0152
30.2282
30.4004
29.7734
29.9933
29.9992
29.66
29.793
29.749
29.3884
29.7454
29.6686
30.2896
30.0119
29.843
29.7457
29.8982
30.1029
29.7598
29.7667
29.773
30.3424
30.0284
29.9502
30.1752
30.302
29.9736
30.0341
30.1012
30.3141
30.1123
30.1117
29.8775
30.0101
30.1695
30.1814
30.0142
30.0649
30.7375
30.0027
30.5258
29.9594
30.2444
30.3047
30.1356
29.9162
30.4646
29.9505
29.9348
30.0105
30.1138
29.8393
30.2619
29.7896
29.785
30.3224
29.9488
29.6425
30.2639
30.3515
30.313
29.7909
30.182
29.85
29.7836
29.7703
30.2751
30.2777
29.5976
30.5734
29.7821
29.8629
30.2127
29.8643
30.2484
30.3437
29.5801
29.9328
30.2814
30.1125
29.7911
29.8378
30.137
30.0218
29.7284
30.3053
29.6531
30.4035
30.2585
29.6936
30.6859
29.8118
30.0467
30.002
30.4675
29.9816
30.1784
30.1921
30.6852
29.797
29.7694
29.8765
30.1829
30.2704
29.7527
29.8963
29.9357
29.7869
29.7209
29.7126
30.3595
30.2635
29.9192
30.077
29.4752
29.8119
29.9035
29.9594
29.7483
29.4897
29.8087
29.3482
29.5279
29.5591
29.507
30.3461
30.2452
29.9532
30.0582
29.805
30.3824
30.5029
29.7567
30.1108
30.0364
29.9596
30.0124
29.6939
29.6357
30.5086
30.4905
30.002
29.9285
30.3866
29.8093
29.8011
30.0713
29.8775
30.3751
29.4141
29.7544
29.9375
29.8297
30.1731
30.0819
29.7929
29.6864
30.4705
29.6442
30.0765
29.856
30.8216
29.7029
29.9416
30.0976
29.997
29.9363
30.2852
29.7835
30.3338
29.7749
29.8518
30.1004
29.922
29.8578
29.6342
30.5428
30.0201
30.3924
30.0868
30.285
29.9449
29.9147
29.7543
29.4856
30.3061
30.3536
29.7965
29.9624
29.6915
29.8652
29.9983
29.576
30.321
29.794
29.4437
30.0756
30.3674
29.8837
30.046
29.9258
30.0807
29.8462
30.4442
29.5789
30.1762
29.9058
29.9779
30.1589
30.489
30.0084
30.0609
30.1041
29.9831
29.2515
30.2436
30.0061
29.97
29.7585
30.5238
30.0678
29.3504
30.2961
30.3162
29.9172
30.0234
30.1163
30.1249
29.7817
29.9013
29.7497
29.9134
29.9108
30.2319
29.9766
29.8254
29.5954
29.6064
30.2628
30.224
30.3367
29.8564
30.1564
30.2725
29.7163
30.1701
29.524
30.1453
30.2601
30.166
30.0691
30.4703
29.8461
30.0552
30.169
30.5473
29.8254
29.6992
29.6602
29.9142
29.869
30.2461
29.7917
30.4913
29.9309
29.8137
29.8665
30.1017
29.7948
29.8982
29.8622
29.8144
29.5971
29.9884
30.1137
30.2302
30.2337
30.2025
30.2573
29.6248
29.7487
30.135
30.0739
30.3176
29.9861
29.7722
29.5264
30.4745
30.1249
30.234
30.0822
29.9747
30.0085
30.3494
29.9359
29.8691
30.2615
30.3808
29.9984
29.9493
30.7805
30.7093
30.0806
29.4506
29.8563
30.3936
30.2115
30.276
30.2853
29.9296
30.0028
30.075
29.7984
30.4419
30.3942
30.5282
29.6792
29.2653
29.8327
30.3227
29.823
30.0538
29.8405
29.8845
30.0669
29.686
30.2692
30.174
29.5643
29.623
29.7129
29.7633
29.7448
30.0528
30.3697
30.24
29.7641
30.3478
30.1094
29.6425
30.0258
30.0097
30.577
30.0207
30.12
30.0352
29.7144
29.8651
30.0192
30.0465
30.06
30.2069
29.7529
29.4552
30.2869
30.4685
30.1613
29.9251
30.4763
30.4145
29.828
30.2669
29.6641
29.7259
29.9361
30.0089
30.1824
30.1322
30.0453
30.2717
29.6081
29.7668
29.756
29.8931
30.1598
30.0417
29.8868
30.5295
30.3163
29.9368
30.3972
30.2397
29.9384
30.1762
30.0646
29.7552
29.8919
30.3196
29.9906
29.9045
29.9382
29.4618
29.7348
29.8592
30.4161
30.3364
30.1734
30.3856
30.5641
29.8263
29.716
30.0133
29.9235
30.2109
29.7764
30.1075
29.9541
30.03
29.6977
29.8622
29.6634
30.4312
30.3792
29.8229
30.2045
30.0095
30.4072
29.735
29.5091
29.8087
29.8256
29.9654
29.4276
29.7811
30.139
30.4662
29.8811
30.392
29.5437
30.0699
29.9554
29.8784
30.3002
29.7044
29.8599
30.146
29.5523
29.9329
30.0503
29.9461
29.7252
29.7898
30.2649
29.8881
29.7841
30.0176
30.1234
30.123
29.483
30.0411
29.482
30.4913
30.2924
29.9317
30.0122
29.6319
30.153
29.7743
30.2035
29.8751
29.4533
29.9628
29.794
30.1377
30.0018
29.9112
29.918
30.0306
30.045
30.3963
30.3414
30.0981
29.8377
29.9526
30.3003
29.8907
30.0625
30.1164
30.2827
30.1788
30.0873
30.0836
30.213
30.0767
30.2004
29.2669
30.2802
30.6908
29.9662
29.768
29.922
29.5076
29.598
29.6874
29.8399
30.0836
29.6505
30.5173
30.4208
30.1469
29.6843
29.9398
30.2424
30.0594
29.9514
29.9702
30.2711
29.7888
29.997
29.8949
29.9013
29.6806
30.4181
29.9022
29.5039
29.7475
30.179
30.2034
30.28
30.2449
29.7374
29.905
30.1862
30.3553
30.0697
30.439
30.2102
29.7318
30.0417
30.211
30.154
30.0334
29.9768
30.0293
30.0393
30.3872
30.0198
30.1942
30.2087
30.1322
29.8713
29.7769
29.7535
29.8409
30.1744
29.7588
29.8138
29.7911
30.3373
29.3052
30.0248
29.4576
29.989
30.1727
29.8817
29.9213
29.7378
29.639
30.0473
29.9487
29.6111
30.2796
29.365
29.875
29.9961
30.1076
29.8987
30.1207
29.581
29.7899
30.2747
29.8632
30.0691
30.0223
30.0712
30.0122
29.6305
29.705
30.0965
30.3455
29.9991
29.5441
30.2175
29.7256
30.0926
29.9799
29.9516
29.9725
30.0122
29.8407
29.8738
29.7397
30.0712
30.07
29.6463
29.8121
30.342
29.3501
29.967
29.97
29.8512
30.3326
30.2142
29.7814
29.8345
30.1207
29.6399
29.3089
29.8922
30.494
30.3561
29.9908
29.6593
30.1801
29.7324
29.7477
29.4697
29.6569
30.1656
29.6543
30.5203
29.8045
29.5847
30.2141
29.7334
29.8467
29.7483
29.5831
29.5362
29.9041
29.9276
29.8934
30.2302
30.0042
30.7152
30.0888
30.0851
30.1146
30.0235
30.2185
29.8321
29.9924
30.3812
29.6006
30.3763
29.8555
30.2251
29.452
29.9032
30.2055
30.1637
30.3318
29.8321
29.8184
29.3948
30.0992
30.1518
30.2653
30.5496
29.673
29.5155
29.8527
29.7034
29.9929
30.0998
29.9598
29.9361
30.2279
29.7878
29.9047
30.3081
30.1974
30.1887
29.975
29.9793
29.8205
29.8751
29.7774
30.2695
30.0244
29.9823
29.9226
29.8641
29.815
30.261
30.0564
29.9928
30.0471
29.9922
29.9225
30.0098
29.641
29.9748
29.8185
29.6791
29.8551
29.8762
30.3862
30.4644
29.8408
30.3385
30.1138
29.8017
30.5705
30.3289
29.6723
29.3761
29.8607
30.0232
29.8671
29.807
30.082
29.6519
30.1323
29.6851
30.3366
30.231
29.7696
30.0107
29.8134
29.8607
29.7736
29.5389
30.1349
29.786
29.8079
29.8725
29.5737
29.6823
29.626
29.6637
30.0334
29.4562
29.8886
30.2474
30.2733
30.0697
30.1079
30.0657
29.8271
30.247
29.8154
30.3962
29.9436
30.4926
30.3894
30.3855
29.7726
29.8725
30.0822
30.0303
30.0941
30.121
29.8308
30.113
30.4484
30.4493
30.1238
30.2807
29.8654
30.1342
29.8369
30.0114
30.1387
30.0312
29.6159
29.9665
29.8098
30.0982
30.6626
29.4189
30.0623
29.8263
29.6035
29.726
30.1578
29.9931
30.0616
30.1469
29.9635
29.6375
29.7066
30.1453
30.1859
30.0576
30.0931
29.5073
30.0448
30.3508
30.1126
29.7885
29.7645
30.7046
30.5827
29.8938
30.3449
29.8766
30.0524
30.1875
30.8814
30.0674
29.9606
30.2045
29.8289
30.0906
30.1939
29.9491
29.8552
30.3066
30.1743
30.2458
30.2452
30.1445
30.138
30.0735
30.1631
30.336
29.6879
30.3735
29.9089
29.848
29.7863
29.6898
29.8481
30.0829
30.4307
29.5643
30.3161
29.7446
29.9087
29.9387
29.6151
30.1491
30.1221
30.0864
30.238
29.727
29.9106
29.8277
30.2624
29.6193
29.6912
29.8436
30.1567
30.1899
29.8494
30.0624
29.9027
30.003
29.7521
30.1975
30.5725
29.8675
30.4137
29.9231
29.9099
29.7549
29.7282
30.0478
29.9553
30.1103
30.2999
30.175
29.9196
29.602
30.2404
30.2239
30.6205
30.2156
30.4575
29.8693
29.6771
29.7989
29.962
30.2558
30.2969
30.3493
30.2184
30.0942
30.2656
30.3937
30.3465
29.9582
29.6748
29.4225
29.9261
30.2809
30.0003
30.2116
29.7095
29.9429
29.6906
30.0085
30.2162
30.0875
29.7107
29.8337
29.8922
30.497
29.9057
30.2055
29.8072
30.2852
29.8446
29.9785
30.2227
29.7618
30.1336
30.0699
29.8088
30.0631
29.8634
30.2571
30.2696
30.2745
29.8169
30.2498
29.2804
30.0943
29.8048
30.1684
30.0199
30.1386
30.4194
30.2485
30.1038
30.1477
30.2199
29.5368
30.0151
29.8997
29.8405
30.3143
29.9991
29.9994
30.2053
30.4522
30.0528
30.0457
30.3022
30.4593
30.3732
29.7834
29.7376
29.6587
29.7822
30.0229
30.418
30.2697
29.7346
30.3683
30.1683
29.7359
30.039
29.6985
30.3208
30.1989
30.2934
30.1811
30.299
30.6646
29.7489
30.1134
30.0353
29.9616
29.9905
29.8758
30.0149
30.138
29.705
30.0548
30.2941
29.7853
29.7643
30.0934
29.7356
29.8856
29.5151
29.7347
29.7944
30.0573
29.9262
29.8536
30.3654
30.1526
29.6696
29.8227
29.6941
29.7786
30.1137
29.8034
29.7826
30.2502
30.1218
29.7827
29.8779
30.0881
30.3468
30.0962
30.2227
29.8201
29.6095
30.3954
30.2192
30.0452
29.6856
30.5178
30.3241
29.8605
29.9158
30.2389
29.8256
30.3182
30.1548
29.9081
30.0555
29.7893
30.1483
29.7978
30.3672
30.1137
29.7152
30.3842
30.2538
30.0311
30.6145
29.495
30.2458
30.7
29.7884
29.8199
29.9239
29.9431
30.0966
30.1742
30.0349
30.2675
29.9686
30.1675
30.2944
29.8143
30.1457
29.9577
29.7657
30.1294
29.9903
29.7777
29.4457
30.0407
29.9033
29.65
30.3039
29.8948
30.0164
29.683
30.4662
30.2517
30.3284
29.8561
29.8702
29.8932
30.1811
29.9473
30.4793
30.0688
29.3803
30.3303
29.502
29.8851
30.1636
30.0606
29.6558
30.138
30.1723
29.8809
29.8448
29.5259
29.724
30.0014
29.8521
30.0115
29.7191
30.1333
29.9992
29.7694
29.9582
30.3823
29.8997
29.9808
30.1233
30.6003
30.2801
30.2683
29.5491
30.2485
29.9141
29.7912
29.5613
29.964
29.5945
29.8467
30.3576
29.9956
29.7263
29.6
29.9726
30.0761
29.8738
30.0873
29.9568
30.2021
30.0891
30.0917
29.642
30.4286
29.9934
29.8496
29.79
29.9565
29.6647
30.4242
29.8867
29.899
30.792
30.3957
30.0572
29.9874
30.031
30.0292
30.4758
30.0425
30.0124
29.6217
29.8556
30.023
30.5201
30.0763
29.9823
29.7681
30.2713
30.1581
30.7166
30.1173
29.5859
29.9351
29.7478
29.5229
30.3554
30.0176
30.0782
29.9592
29.9798
29.5972
30.058
30.0295
30.0893
30.536
30.1552
30.0427
30.1774
29.9239
29.9593
29.7798
30.0888
30.3332
30.0752
30.4979
29.8807
30.0726
30.2501
29.9103
29.8583
30.4704
29.9986
30.2821
29.5146
30.2347
29.9087
30.4722
30.1329
29.1866
30.2359
29.7732
29.7336
30.1946
29.9728
29.6164
29.671
30.1222
30.0228
29.6627
29.9357
29.9856
30.0792
29.7973
29.7124
30.0012
30.5118
30.1718
30.0612
30.267
30.1983
30.1292
30.2262
30.1985
30.005
30.3879
29.7483
30.103
29.8738
29.9895
30.2672
30.2186
30.189
29.9811
30.0286
29.7974
29.9777
30.4802
30.2771
30.146
30.0219
30.0654
29.9235
29.8921
29.8114
29.9843
30.1672
30.2049
29.9091
30.2381
30.1822
30.0249
29.9509
30.1204
29.8408
29.8865
30.0954
30.2066
30.1489
30.1507
30.3534
30.0076
29.7795
29.8948
29.667
30.0989
29.9635
29.8709
30.2541
30.3159
29.4763
30.0303
30.2703
30.134
29.8826
30.2069
29.6631
29.9876
30.1859
29.7287
30.3691
29.6979
30.2137
30.6047
30.1661
30.1232
29.889
29.8528
30.4257
29.9768
30.3398
29.9442
30.0313
30.1818
30.2565
30.3168
30.1571
29.5695
30.586
30.1161
30.1429
30.2071
29.9091
29.9329
30.2156
30.1881
29.7696
29.8502
29.8304
29.4822
29.8517
30.1237
30.1249
29.9732
29.4222
29.8654
29.7664
29.9911
30.1446
30.212
30.2493
29.8065
30.1275
29.9819
29.8122
30.1036
29.5398
30.063
29.9115
29.7772
29.9117
29.9161
30.3526
29.909
29.8674
29.8107
30.0813
30.0802
30.1841
29.7895
30.2541
29.8126
30.0158
29.9331
30.1288
29.8569
30.2467
29.7423
29.8733
30.1334
29.9908
29.9999
30.4498
29.5724
29.8928
29.9122
30.124
29.7347
29.8128
30.0749
29.755
30.0695
30.4802
30.0559
29.5791
30.1755
30.4958
30.6886
29.9879
30.2688
30.0167
29.632
30.321
30.1976
29.7205
29.9789
30.44
29.7961
30.0767
30.5007
29.7526
30.6206
29.9608
30.0223
29.9367
30.1429
29.9454
30.4476
29.7873
30.0904
30.0552
29.9902
29.783
30.1397
30.2817
30.2512
30.3981
30.0685
29.7143
30.1535
29.4716
30.2806
29.8219
29.7573
29.8625
29.9546
29.8376
29.8552
30.223
30.0774
30.0391
30.4396
30.1797
29.9894
30.0455
30.1806
29.806
30.0691
30.3675
30.4158
30.0417
30.3724
29.9273
29.9328
30.0244
30.0515
29.9585
29.7869
30.2784
30.0373
30.354
29.4608
30.2305
29.8001
30.0958
29.8683
30.1928
29.981
30.5523
29.7212
29.972
29.9639
30.2822
29.6931
30.3277
29.7831
29.6417
30.4596
30.215
29.968
29.5132
29.7167
29.8181
30.1574
29.7293
30.138
30.8308
29.9219
29.7763
29.6688
29.9063
29.7175
30.0651
30.2437
30.2889
30.0043
30.0654
30.229
29.8858
29.7435
29.5738
29.9704
30.0312
29.8575
30.2012
29.6392
29.8899
29.9776
30.0007
30.6447
30.0674
30.3976
29.9496
30.2887
29.8756
30.1102
29.6132
30.1216
30.3284
30.3215
30.0684
29.9575
30.1521
29.76
29.8039
30.0816
30.1688
29.4947
29.5799
29.3753
30.1366
29.8964
30.2331
30.0639
30.3299
30.2365
29.9809
30.2919
30.0129
29.8344
30.2361
30.2076
29.7577
29.9261
29.8803
29.6369
30.3267
30.1463
29.9832
30.0592
30.0445
30.6158
29.9374
29.4285
30.0567
30.0461
30.2907
29.6914
29.8449
30.4984
30.1935
30.5826
29.7578
29.8767
30.0922
30.3137
30.295
30.3429
29.8353
30.0543
30.1839
29.7537
30.3379
30.2973
30.0101
29.8113
30.3083
30.0436
30.0192
29.8276
30.0504
29.7077
30.0182
30.318
30.1845
30.1333
30.4927
29.9525
30.1419
30.4066
30.2716
30.0902
30.2265
29.6343
30.1309
29.872
29.902
30.0751
29.9092
29.9553
29.8487
30.1943
30.1098
29.6398
29.6381
30.3509
29.9562
30.2355
30.1508
30.0993
29.9053
30.2324
29.939
30.3594
29.8094
30.621
29.7363
29.9353
30.1836
30.2464
29.6119
30.1611
29.8058
30.0067
30.0097
30.1769
29.8461
29.7745
30.1738
30.4069
29.8697
29.6071
30.573
29.6896
30.1252
29.9587
30.2594
29.5769
30.1635
29.525
30.0793
29.684
30.4255
30.3825
29.7415
29.9259
29.4655
29.9959
29.9971
30.3456
29.5317
29.9779
30.0318
29.7279
30.3369
30.4195
30.3769
30.4699
30.2183
29.8781
29.8539
29.8121
29.7314
30.0631
30.1478
29.922
30.2833
29.8488
30.317
30.1553
29.7456
29.9681
30.2404
29.6158
29.8349
29.2751
29.7277
30.4509
29.9325
29.7946
30.08
29.8104
29.8744
29.7897
29.9954
30.4262
30.0445
29.8903
30.1834
29.5111
30.2037
30.0189
30.1966
30.139
29.6833
29.7896
30.2478
30.0015
30.1345
30.0557
30.3591
29.8558
30.2188
29.7523
29.9483
30.0998
29.7915
29.8636
29.8242
29.1965
29.8226
29.7421
30.2556
29.6777
30.0998
30.0816
30.1771
29.9727
29.971
30.0283
29.68
29.8329
29.1811
29.9445
30.3799
30.1529
30.1358
29.4386
30.0498
29.7863
30.0971
30.1847
29.9221
29.3578
30.0766
29.7354
29.4112
29.7737
30.1833
29.868
29.8308
30.0753
30.3269
30.0645
30.3043
29.6154
29.8288
29.7804
29.8245
30.1483
30.0706
29.899
30.1168
29.5745
30.4144
30.3415
29.977
29.8996
30.2143
30.2352
30.2222
29.969
30.0228
30.3506
30.1178
29.2802
30.4543
30.4309
30.3003
30.1691
30.008
29.8215
30.2493
30.1099
30.0784
29.7423
30.0863
29.7787
29.655
30.2921
29.9275
29.8246
29.8681
30.0964
29.9743
30.3117
30.1338
29.149
29.6998
29.8427
29.9178
30.0213
30.372
30.0821
29.7782
30.2189
29.8053
30.0423
30.1576
29.4693
29.9756
30.2315
30.1565
30.109
30.0506
29.845
29.4736
30.2937
29.8835
29.9255
29.9667
29.6037
30.1735
29.8989
30.287
29.8705
30.1041
30.163
30.0923
30.111
30.1527
29.5724
29.7619
29.8101
30.1031
30.3696
29.7916
29.6089
29.5755
29.4082
30.3633
30.1062
29.8591
30.1611
30.1886
30.0582
30.0993
30.062
30.3725
30.4154
30.0643
29.6536
29.7864
29.5758
30.1619
29.5333
30.3237
30.2485
29.9909
29.7002
30.0858
29.8278
29.8913
30.075
30.1969
29.9825
29.9798
29.544
30.2752
30.2758
30.056
29.7558
30.1235
29.5843
30.3199
29.7528
29.9516
29.8814
30.2482
29.5944
29.8746
29.5864
29.7887
30.0158
30.196
29.6458
29.9272
30.1527
30.2418
29.869
30.3399
30.0342
29.7412
29.7489
30.0042
30.0173
30.0189
29.9547
30.1446
30.1119
30.3314
30.1484
30.1055
30.1983
29.8539
29.7504
30.3303
30.3454
30.0635
29.85
29.3639
29.8407
30.0348
29.8043
29.6196
29.8941
30.2796
30.4144
30.3825
29.9066
29.8913
30.0653
30.1221
30.342
30.0552
30.1154
30.0603
29.7964
30.4024
30.1299
29.9209
30.0044
29.787
30.1253
29.9889
30.168
29.9175
29.8537
29.7453
30.5365
29.9712
29.6554
29.9822
30.1404
30.4484
29.8548
29.4423
30.348
29.8333
30.1044
30.2911
29.94
29.5408
29.7914
29.7076
30.0751
30.2227
30.0094
29.6434
30.0567
30.0088
30.1612
29.8182
30.0518
30.4619
29.8618
30.3548
30.0463
29.8633
30.5699
29.7233
29.811
29.7733
29.9027
29.6988
29.546
30.1674
30.1947
29.3291
29.8818
29.6336
29.8011
29.9626
30.094
29.6857
29.9708
29.9161
30.0923
29.8045
30.0964
30.0349
30.3957
29.7268
29.7479
30.1438
29.7776
30.1036
29.6691
30.5105
29.7857
29.6018
30.1867
29.725
29.7815
29.7836
30.2538
30.662
30.237
30.025
29.7326
29.3067
29.8789
30.1446
30.0803
29.9726
29.8624
29.9994
29.7902
29.6009
30.0771
29.8017
29.7568
30.2633
29.5559
30.4374
29.6705
29.9475
29.9531
29.8989
29.7887
29.6394
29.7611
29.899
30.2093
30.044
30.0665
29.9904
30.0934
30.186
29.8518
29.8789
29.9038
29.8803
30.2537
30.4549
29.7409
29.9423
30.3253
29.7951
30.0693
29.7962
29.9742
29.9934
30.0081
30.2256
29.6284
29.9695
30.2645
30.0549
30.0933
30.0626
29.4903
30.3896
30.0404
30.0905
29.5006
29.4611
29.5435
29.8821
30.3198
29.9922
29.5248
30.2687
30.2897
29.7821
29.6565
30.3552
30.2685
29.9083
30.1094
30.1379
30.8028
29.7105
30.0305
30.0236
30.0084
30.5237
29.6075
30.4029
29.8164
30.1806
29.9664
30.4988
29.6117
30.1359
29.9861
30.0131
29.7237
29.7636
29.8607
30.417
30.1919
30.0838
29.9735
30.2422
29.5814
29.5697
29.5259
30.1703
30.1364
29.6719
30.0342
30.0989
30.1157
29.8295
30.0009
29.9562
29.9703
30.1572
29.9462
30.2275
30.0222
29.6751
29.6019
30.173
29.704
30.0394
29.9517
29.6733
29.7504
30.1004
30.0265
30.0209
29.4242
29.8193
29.4433
29.9226
30.156
30.2303
30.0183
29.9193
30.3252
29.9171
29.8803
29.9126
30.3517
30.0529
30.2579
30.0017
30.2712
30.2381
29.9941
30.3348
30.1679
29.4734
29.8156
30.7784
30.1516
30.0677
30.0651
30.0564
29.4797
30.3304
30.0465
30.2297
30.0643
29.8328
29.4519
30.0241
29.7458
29.9485
29.9058
30.035
29.9375
29.8711
29.831
29.9362
29.4686
30.3692
29.6369
29.9499
29.8549
30.1603
29.9705
30.1358
29.7689
29.887
29.7939
29.9529
29.8345
30.0409
29.7603
29.6885
30.0359
29.85
30.0539
30.0871
29.9484
29.5289
29.7728
29.9097
29.6335
30.2448
29.4589
30.0672
29.7209
30.083
30.0858
29.6895
29.7974
29.9794
30.3545
30.3101
29.8392
30.0159
30.7666
29.5905
29.8099
29.9121
30.0541
29.993
30.4378
30.1038
30.0755
29.509
30.1064
30.1702
29.9687
29.8601
30.1906
29.8962
29.5218
30.2953
30.1444
30.1347
29.7441
29.5186
29.9191
29.9492
29.787
29.7208
30.0361
29.8239
29.993
29.6792
29.9861
30.211
30.1223
29.9347
29.9171
30.246
30.3521
29.9404
30.1795
30.2244
30.418
30.3946
29.8957
29.8857
30.1423
29.8051
29.7568
29.8915
30.0889
29.4359
30.3531
29.9646
29.8903
30.0849
30.2472
29.9766
29.9877
29.7778
30.4649
29.8479
30.2164
30.0612
30.244
29.8175
29.8425
29.9275
30.1994
29.9704
30.4433
30.2056
30.2906
30.3677
30.1622
30.1625
29.8278
29.9704
29.7403
29.8549
30.3347
30.2527
29.9948
30.0929
30.1368
30.0548
30.096
30.3689
29.8134
29.7485
30.2101
29.8125
29.6852
29.5738
29.9086
30.1923
29.933
29.6564
29.9386
30.328
30.7397
30.0495
29.8613
30.0247
29.6229
29.9791
30.2138
29.7389
29.8889
29.9297
30.0317
29.7906
30.1647
30.4278
30.096
29.669
29.8342
29.6362
29.9541
30.2293
30.032
29.8686
29.5777
30.3401
30.6113
29.7702
29.7945
29.7247
30.2835
29.987
30.0011
29.9052
30.4782
30.1231
29.6608
30.2201
30.1793
30.4011
29.8376
29.4242
29.8967
30.2207
30.5002
30.4615
29.7842
29.8389
30.3368
30.4816
30.3978
29.7947
30.0599
30.2629
30.2012
30.3299
30.3147
30.0256
29.7665
29.6841
29.7495
30.259
29.9497
29.8184
29.9943
30.0363
30.0036
29.8893
30.229
30.2988
30.0157
29.0745
30.1059
29.7628
29.8293
30.111
30.2772
30.3339
29.7415
29.8524
30.4168
29.8787
30.1663
29.6659
30.3256
29.6197
30.2524
29.945
29.8636
30.3224
30.0343
29.4695
29.9292
30.054
29.9549
29.8596
29.5864
30.0864
30.0166
29.8896
29.6451
30.2952
29.6837
30.4841
29.9635
29.7808
30.2056
30.0454
29.7312
29.6319
29.699
29.6248
29.7118
30.3991
29.5021
29.7744
29.9208
29.6555
30.1207
30.4754
30.3329
30.307
30.1877
30.1681
30.1192
30.1689
30.3278
30.1789
30.3893
29.7704
30.0185
30.2362
29.5941
29.6065
29.6853
29.8613
30.1367
30.4627
29.7141
29.6653
30.0167
29.9307
29.7754
30.1119
29.86
30.6041
29.9995
29.8331
29.3017
29.7981
30.2807
30.1808
30.2011
29.8338
29.567
30.0225
30.5904
29.6019
30.018
30.1045
29.8067
30.0243
30.1445
29.9741
29.7133
29.908
29.8557
30.0135
30.2174
30.3255
29.9963
30.0051
30.5379
30.1216
30.2337
30.2076
29.9791
30.1234
30.3606
30.3807
30.2683
30.0935
30.187
29.8605
29.7608
29.9974
30.2733
29.809
30.0348
30.0038
29.8806
30.0247
29.6347
29.8957
29.7748
30.1308
30.4966
29.3932
29.6784
29.8673
30.1815
30.1355
29.4742
30.6089
30.2532
29.8809
30.0108
30.1677
30.0159
30.0905
29.6914
29.8804
30.2124
29.863
29.6968
29.6131
30.2617
30.5434
30.2055
30.153
30.0458
30.0196
30.3262
30.0631
29.9286
30.2081
30.4681
30.3691
30.3313
29.9921
30.0388
30.0614
29.9042
29.8741
30.1481
30.1627
30.0315
30.2651
30.1201
30.1161
30.8182
30.2625
30.4595
30.3114
29.8802
29.9806
30.2881
30.0168
29.5332
30.1858
30.5776
30.1538
30.2156
30.1462
30.1153
29.6745
29.7085
29.9435
30.0571
29.6852
30.1773
30.4052
29.7197
30.1092
30.1007
30.1768
29.9256
29.7705
29.8823
30.2329
29.8381
30.4006
29.7874
29.4486
30.1689
29.9261
29.9106
29.9294
30.2958
29.8669
29.7586
29.7834
30.3539
29.7493
29.9293
29.9843
30.5118
29.7317
30.3597
29.6987
30.4927
29.64
29.6749
30.2095
30.2123
29.8061
29.9118
29.5019
30.0933
29.8345
29.8356
29.4011
29.7772
29.5209
30.174
29.929
29.7858
29.9065
29.501
29.8187
30.2902
29.8288
30.009
29.9062
30.0004
29.6914
29.8953
29.6655
29.9924
29.9461
29.5656
30.2452
29.7621
30.2452
29.9354
29.9973
29.905
30.2669
30.5483
29.8973
30.1494
30.0437
30.4159
29.807
30.4061
29.6476
29.959
30.0687
30.2151
30.1968
29.6703
30.1517
30.226
30.112
30.5289
29.9599
30.0904
29.7859
29.6554
29.8882
29.6238
29.9562
29.8441
29.9994
29.741
29.7598
29.8145
30.2751
29.9125
30.227
30.2236
29.6634
29.4962
29.5602
29.6999
30.2012
29.4255
29.8994
30.1189
29.8612
29.9384
29.8838
29.945
30.2896
30.1247
30.3008
29.6352
29.5559
30.9231
29.9725
30.1102
29.9167
29.7538
30.013
30.3608
29.7201
29.6781
30.2522
30.1133
29.9263
30.4544
30.0228
30.5536
30.2353
30.0586
29.9029
29.7311
30.0821
30.0345
29.9266
30.4194
29.6211
29.5339
29.5406
29.962
29.8678
30.125
30.0915
29.6381
29.8349
29.9537
29.9659
30.1353
29.8721
29.867
30.2766
30.122
29.8942
30.2257
30.4047
30.0714
29.7364
29.77
30.0563
29.4497
30.1372
30.0833
30.0174
29.8385
30.1174
30.2368
30.4325
29.9357
29.6524
30.0262
30.2116
29.794
29.9097
29.8277
30.3792
30.0013
30.0866
29.838
29.9631
29.86
29.7326
29.6595
30.0554
30.0729
30.1755
30.3306
30.1408
29.9551
29.667
29.6049
29.7129
29.9569
29.9882
29.7413
30.0755
30.3614
29.8562
29.9418
29.8943
29.9131
30.1498
30.3715
30.3395
30.0467
29.8545
30.0196
29.9573
30.0567
29.7082
30.0939
29.8997
29.9811
30.0616
30.1563
30.3821
30.0502
30.195
29.8867
30.2832
30.0183
30.0779
30.0079
29.9569
30.1525
30.1167
29.669
30.3983
30.1569
30.1742
29.666
30.6005
29.8766
29.7821
29.6445
29.9171
30.0441
29.8738
29.8083
30.2064
30.3014
29.6859
29.8616
30.1985
30.2105
30.2501
30.2229
30.2736
30.1753
29.3949
30.1371
30.0523
29.7773
30.1414
30.0175
30.123
30.1316
30.3126
30.4143
30.0408
29.8482
30.5487
30.1071
29.8474
30.1027
30.5525
29.9204
29.7992
29.5225
29.8461
30.1977
29.7569
30.4244
30.1418
30.0581
30.2407
29.729
29.8454
30.0021
29.7403
30.057
30.2037
29.9766
30.186
30.4266
30.6144
30.0284
29.9027
29.6629
30.2213
30.108
30.0656
29.6277
30.1421
30.2187
30.0212
30.2989
30.1419
30.143
29.6474
29.8288
30.2812
30.4768
30.1415
29.8135
29.7157
30.4016
30.4036
30.2805
30.226
29.9146
30.4387
29.9824
29.9269
29.8778
30.3914
29.811
30.0758
30.0404
29.5394
29.8717
30.1536
29.9667
30.3438
30.0901
30.1168
29.9331
30.4463
30.0446
29.6828
30.075
30.3028
30.2068
30.3668
29.9578
29.6839
30.2899
30.3122
29.4287
30.2171
30.5015
29.9858
29.934
29.8043
29.8177
29.9525
30.3608
29.9376
29.8214
29.7853
29.8539
30.6676
30.0994
29.826
30.4091
29.7299
29.7227
30.1473
30.3547
30.0542
29.7331
30.1909
29.8953
29.8941
29.7464
29.6636
29.5794
29.8891
29.9316
29.8156
29.9248
30.7387
30.3786
30.092
30.1508
29.8264
30.1583
29.8053
30.5287
29.6614
29.8746
30.0894
30.0896
29.9757
29.9003
29.9131
29.8639
30.5271
30.0234
30.035
29.5898
30.4629
29.7661
29.9194
30.1064
30.1405
29.7813
29.9124
29.6889
29.6802
30.0202
29.9348
30.3358
30.1213
30.0421
29.431
30.5948
29.8306
30.324
30.1389
29.6599
29.9535
30.5495
30.2722
30.2585
29.9882
30.1522
30.2301
29.6923
30.4004
30.0263
29.7691
29.7003
29.866
29.7697
29.5988
29.9287
29.8775
29.6324
29.7888
30.128
29.7498
29.9788
29.8593
30.0948
29.857
29.8785
30.4771
30.1951
30.1875
30.6354
29.7991
30.4079
30.0395
29.9907
29.2535
30.2974
30.022
29.7942
29.704
29.7779
29.8535
30.4201
29.4029
29.846
30.2338
29.7497
30.2483
29.8994
30.4014
30.0223
29.9888
29.8311
29.7541
29.9758
29.8586
30.2693
29.9373
30.3101
30.2791
30.317
30.0345
29.5786
29.7461
30.7178
29.9872
30.1098
30.0098
29.9695
29.8697
30.2295
30.1301
29.7316
30.3539
30.2045
29.8149
29.5873
29.81
30.1902
30.0111
29.6744
30.4791
29.7278
29.8006
30.1214
29.9721
30.7918
29.5654
30.2741
29.4809
30.3926
29.8982
29.3697
29.853
29.9573
29.8614
29.9086
30.2865
29.2406
29.6242
29.5701
30.1913
30.4286
29.8791
30.0285
30.5103
29.817
29.9528
29.5821
30.1778
29.9208
29.718
29.8636
30.0419
30.0045
30.4557
30.2222
30.4451
30.2943
30.0856
30.1159
29.6776
30.0926
30.0962
30.1248
29.7115
29.8247
29.9893
30.254
30.3036
29.8498
29.9107
29.9251
30.3598
30.1609
30.655
29.9483
29.4339
30.1805
29.5229
29.3033
29.8249
30.4125
30.1516
30.2024
30.1251
29.9909
30.2988
29.6117
29.7949
30.2107
29.8877
29.9122
30.0767
30.1213
30.5837
30.0065
29.9363
29.9652
29.5783
30.0128
29.9273
30.149
29.6885
30.2426
29.8407
30.3937
30.1661
30.0038
29.9915
30.0998
30.3272
30.1265
30.129
29.9708
30.1347
30.0543
30.261
30.2812
29.3216
30.1055
30.0236
30.0945
30.1972
29.7104
29.3551
30.3009
30.0122
30.3348
30.1471
30.1843
30.0962
30.4244
29.9134
29.9273
29.3796
30.2034
29.9739
29.851
29.8981
30.0627
29.6339
30.3591
30.5119
30.3904
30.1334
30.2912
29.8122
29.5665
30.0687
29.5676
29.8044
30.3054
30.466
29.9767
30.109
29.6395
30.2838
29.979
30.336
29.6098
29.722
30.3171
29.7024
29.5902
30.0788
30.2381
29.9095
30.4812
30.118
30.1582
30.224
29.6387
30.0073
30.2145
30.0473
30.0765
30.1139
30.3348
29.8749
29.9771
29.9559
29.8045
29.9709
30.0829
30.1264
30.1314
30.1824
30.0227
29.642
29.9655
30.1406
29.732
30.2135
30.0745
29.9415
29.7953
30.0526
29.6331
29.7092
30.3821
29.7768
30.2271
29.8146
29.4874
30.2894
30.0998
29.8919
29.4781
29.9422
30.009
30.0062
30.3049
29.4738
30.2722
29.7001
30.0632
30.424
29.8023
30.0333
29.7001
29.9953
29.9195
30.0159
30.219
29.8489
30.249
30.0388
30.2596
30.012
29.4604
30.0105
30.0656
29.8198
29.7104
30.312
29.8426
30.0796
30.4361
30.2752
29.8346
29.7956
30.062
29.8911
30.0851
29.9894
29.7437
29.9445
29.4911
29.9613
29.6746
30.1367
30.1007
29.5412
30.1239
30.1177
30.0436
29.8148
30.1073
29.9923
30.118
29.8596
30.062
29.8232
30.2483
30.0343
30.0256
30.2609
30.0845
30.1358
29.8591
29.6758
30.2474
30.1926
29.794
30.166
29.7315
30.3257
29.98
30.1673
30.2121
30.1013
30.0021
29.8765
29.9665
29.9793
30.3782
29.7015
30.1044
30.0328
30.6178
29.7429
29.8296
30.019
30.2188
29.8446
29.9765
30.1206
30.0793
29.9247
30.0495
30.0945
30.1753
30.0554
29.7298
29.7641
30.1151
30.5568
29.7505
29.7427
29.9219
30.2974
29.7941
29.4661
30.2201
29.7094
29.9156
30.107
29.9531
30.4534
30.0837
30.0998
30.1123
29.7005
29.9465
29.8262
29.7083
29.7701
30.1474
30.196
29.9898
29.851
30.178
30.1929
29.9794
30.5716
30.0876
29.8533
30.0402
29.9819
30.1354
30.0757
29.82
30.0143
30.0275
29.9591
30.3119
30.2044
29.8581
30.132
29.8575
29.9969
29.7228
30.2172
29.7581
29.7779
29.8828
30.0893
30.3443
30.0232
29.9231
30.2609
29.874
29.8204
29.9085
30.0842
30.0744
30.1249
29.8697
30.0444
30.1798
29.5274
29.9408
30.1057
30.2002
30.2375
29.5859
30.1548
30.1685
30.0633
29.7505
29.4733
29.7558
30.0539
29.9254
29.8308
30.4466
29.5039
30.2107
29.8736
29.9922
29.8687
30.3691
29.9263
30.1112
30.3388
30.033
30.0093
29.833
29.9934
29.9401
30.1601
30.1095
30.5931
30.4259
29.865
30.2416
30.0286
30.4291
30.2003
30.0336
30.0728
29.8353
29.6303
29.7088
29.6926
29.7423
29.7969
30.0184
30.1912
29.9693
30.1599
30.1149
29.9849
30.0666
30.0042
30.0557
30.0732
29.8588
30.4451
30.0479
29.8763
29.8151
29.8052
30.21
29.8701
30.2326
29.9243
29.8243
30.274
30.6981
29.4697
29.763
29.8503
30.421
30.3397
30.2972
30.4232
30.6279
29.8601
29.4641
29.7863
30.3341
29.8431
30.1014
30.2363
30.112
29.8944
29.7281
29.7653
30.217
29.819
29.7777
29.8595
29.9646
29.7558
29.954
29.821
29.9604
30.4223
30.0284
30.1541
30.112
30.2393
29.7989
30.0368
29.788
30.318
30.2122
29.8072
29.9121
30.0706
30.3306
29.7401
29.8358
30.1027
29.5006
29.9267
29.9391
29.8984
29.737
30.0154
29.7373
30.2076
29.8791
30.0123
29.8343
30.0311
29.9719
30.1685
29.9366
29.9294
30.1304
30.0684
29.8842
29.9571
29.7112
29.8973
30.0319
29.8408
30.0442
29.8609
30.2381
29.8626
30.0463
30.1566
29.7527
30.2508
30.2581
30.3022
29.8658
30.0612
29.6668
29.9847
30.2001
29.7871
29.3379
30.388
29.8157
29.7589
29.7888
30.1474
29.4389
29.7624
29.6493
30.3196
29.6516
30.1364
30.2413
29.7777
30.4629
30.1538
29.9527
29.7734
29.8486
29.8171
30.0907
30.0954
29.9096
29.9745
29.5845
29.6134
30.1132
29.9383
30.4633
30.0251
30.1314
29.7775
29.8383
29.8049
30.1477
30.1434
29.9206
29.5993
29.8566
30.0802
30.347
29.9222
30.2837
30.1645
30.2248
30.3129
30.4239
29.7037
29.8693
29.8465
29.7245
29.9161
30.1604
29.6338
29.7356
29.3122
29.9561
30.187
30.6823
29.5378
30.0467
30.4362
29.8848
30.3541
29.8054
29.8927
30.0415
29.7695
29.8978
29.873
30.2203
30.2026
30.3583
29.8667
29.952
30.0024
29.8496
30.6359
30.4445
30.1208
29.7551
29.5206
29.8886
29.843
29.5914
30.1084
29.8315
30.1421
29.7671
29.9016
30.2061
30.4985
30.0295
30.409
30.0174
29.6814
29.9486
29.7885
30.0234
30.5114
30.2104
29.901
29.8037
30.4191
30.174
29.8602
30.0794
30.3604
30.1346
30.2026
29.8282
30.0382
29.9424
29.5977
29.7746
29.905
29.7871
30.0979
29.8308
30.2698
29.8168
29.9381
29.9505
30.17
29.9843
29.7474
29.6464
29.5842
29.6194
30.0677
30.2258
30.2517
30.105
29.9764
30.1641
30.2341
29.693
29.7678
30.2761
30.0068
29.9412
30.0135
30.3517
29.9121
29.6978
30.1296
30.2634
29.7528
29.8439
30.1968
29.9286
29.6988
30.0119
30.1421
30.4943
29.1138
30.3482
30.1002
29.8801
30.3885
29.8242
29.8301
29.8732
30.348
30.1189
29.7938
30.1635
29.6202
30.1095
29.6081
29.9253
30.0965
29.7585
29.7848
30.6421
29.8823
30.0848
30.3143
30.1541
30.2108
30.0597
29.9502
29.699
30.4102
30.0382
30.0962
29.9023
29.7142
29.8049
29.9199
30.2016
30.0537
30.5379
29.5596
29.9281
29.9975
29.8154
30.1279
29.6786
30.2844
30.2895
30.2363
29.9203
30.5433
29.8842
30.1213
30.0541
30.0901
30.2446
29.9882
29.7393
29.9143
30.0096
29.7798
29.9085
29.7299
30.0131
29.4105
29.5723
30.1706
29.8913
29.9256
29.9886
30.1712
29.8937
29.7066
30.0993
29.8855
29.67
30.2699
29.7686
29.6118
30.4266
30.6087
30.0504
29.9302
30.1399
29.7146
29.8741
29.8975
29.6113
30.1037
30.1346
29.8282
30.1228
30.4005
29.9473
30.1403
30.1352
30.0369
30.0709
30.2659
29.6247
30.7049
29.6768
30.2124
30.3198
30.4498
30.1279
29.9302
30.4237
29.554
29.8802
30.5455
30.3121
29.9626
29.8413
30.4119
30.2094
29.6216
29.7747
30.2347
30.0039
30.1331
30.2069
29.8865
30.6208
30.0865
30.1439
29.8331
29.7436
30.0134
29.8269
30.2594
29.8323
29.999
30.0537
29.9728
29.7934
29.4654
29.8659
29.9066
30.3415
30.062
29.5939
30.5133
30.0943
30.3075
30.2726
29.9728
29.7291
30.1867
30.4812
29.8729
30.1661
30.5663
29.5292
29.14
30.3816
30.2257
30.0302
30.2437
30.0201
30.1137
29.9083
29.9917
30.0134
30.1587
30.0496
30.1594
29.7346
29.9855
29.508
29.9704
30.5736
30.05
29.5849
30.1228
30.0233
29.9563
30.5098
30.1778
30.0129
29.817
29.6059
29.645
29.392
29.5165
29.7859
30.0816
29.5918
30.5367
30.3386
29.9319
29.7992
30.2759
30.21
29.932
30.0581
29.9713
29.9742
29.8948
29.6447
30.0896
30.1093
29.4844
30.0468
30.0426
30.3943
29.7553
30.1894
29.6759
30.1203
29.9061
30.1819
29.9086
30.1425
30.0893
29.7727
29.8949
30.1397
30.1105
29.7907
29.8237
29.9017
30.2064
30.1732
29.9843
30.1757
30.1307
30.1086
30.2656
30.3189
30.1743
30.0573
30.2012
29.9072
30.0713
29.8887
30.182
29.8638
29.6369
30.0257
29.7225
30.4607
29.8955
30.0035
30.2452
29.9563
30.3392
30.0917
29.805
30.3623
30.4651
29.5176
30.144
29.9944
29.7697
29.7225
30.0035
30.2295
30.1627
29.8372
30.1041
30.0294
29.6324
30.0014
30.3028
30.3203
29.7944
29.8396
30.3854
29.9826
30.1401
29.8791
29.5893
29.8668
29.7858
29.9435
30.3557
30.267
29.9974
29.7405
30.1488
30.2159
29.8482
30.0669
29.7978
30.3998
30.1837
29.428
30.4613
30.0209
30.1115
30.1261
30.3287
30.4025
29.7076
30.3711
29.6804
29.9175
30.0613
29.4787
29.8319
30.1328
29.889
29.6361
30.2188
30.1474
29.9395
30.1722
30.1627
30.1681
30.0029
30.211
29.9588
30.1335
30.0398
30.2037
30.1613
29.45
30.1682
29.7931
29.697
30.1667
30.1368
29.934
30.0599
29.8388
30.2985
29.4542
30.1002
30.3777
30.2176
30.0054
29.8125
29.5307
30.0251
29.9699
30.1309
30.0695
29.7662
29.6168
30.1854
29.719
29.6171
29.7378
29.6467
29.6928
30.1648
29.9443
29.6715
29.8733
29.9072
29.8471
30.1429
30.2285
30.1821
30.3791
29.8864
30.2361
30.0108
29.6358
29.287
30.0831
29.7414
30.3428
30.1389
30.0993
30.2396
29.6562
29.7761
30.1157
30.0831
29.9891
29.847
29.666
29.7918
29.7853
29.6906
29.9135
29.6832
30.2098
30.1054
30.061
29.6298
29.682
29.7391
30.1326
29.4275
30.0141
29.9569
30.2183
30.1589
29.7285
30.1752
29.6114
29.7916
29.9166
30.1815
29.9529
30.1719
29.9006
29.2229
30.3886
30.8284
30.099
30.0026
29.84
29.8383
29.9911
29.8897
30.1849
29.8575
30.119
29.8886
30.0605
29.9882
30.2781
29.3245
29.4182
29.5468
29.5837
30.1538
29.8713
29.7375
30.3011
29.9847
30.1312
30.2429
30.3177
29.9415
30.1766
29.9502
30.0243
30.0313
30.3472
30.0099
30.051
29.8553
29.7478
29.7681
30.0725
29.9535
30.0149
30.2525
29.9538
30.0226
30.0688
30.0277
29.8991
30.0252
29.9726
30.3621
29.8708
30.4429
30.0744
30.0811
29.971
30.0833
30.068
30.1856
30.0754
30.3581
29.9288
30.1412
30.09
29.9557
29.8199
29.7898
30.0548
30.0345
29.9544
30.3424
30.0452
30.0022
29.757
29.8894
29.2578
29.9447
29.5933
29.1104
29.7033
29.7937
29.8085
30.2241
29.8836
29.7643
29.7543
29.8789
30.431
29.5879
30.3575
29.8991
30.266
30.1482
30.5779
30.1974
30.7615
29.8825
30.0505
30.263
30.3107
29.9771
29.7183
30.2893
30.2341
30.1927
29.6422
29.8325
30.225
29.9958
30.8428
30.2841
29.9504
30.2925
30.0371
30.0112
30.5011
29.6479
29.2905
29.7919
30.031
29.801
29.9057
29.97
29.7104
30.0369
29.7958
30.2405
29.8645
30.164
29.8528
29.9849
29.8557
29.9041
29.9243
29.7805
30.0011
30.0789
29.7443
30.241
30.267
30.0143
29.8847
29.7182
29.4886
30.008
29.975
29.9972
29.4279
30.0437
30.2684
29.4908
30.0356
29.5289
29.7918
29.9694
30.2782
30.2907
30.4375
29.9841
29.7675
29.993
29.9111
29.4577
29.7327
30.1959
29.8347
30.4607
29.9431
30.0398
30.1253
29.6817
29.7848
29.9044
30.364
29.6274
29.7814
29.9895
30.1593
29.7085
30.1911
30.2492
30.1007
29.9506
29.8914
29.6711
30.0733
29.4495
29.924
30.2759
30.0884
30.1984
30.2493
30.4646
30.3316
30.1465
30.0737
29.944
30.2576
29.7887
30.0012
30.1649
30.2502
30.065
30.1736
30.1204
29.9778
29.817
29.9432
29.7084
29.9273
29.9158
29.6647
29.8155
29.5863
30.1856
30.0787
30.1353
29.8015
30.3555
30.1695
29.513
30.1175
30.1381
30.056
29.8514
30.0123
30.1431
30.1589
30.1966
30.0215
29.7434
29.8377
30.3444
30.2887
30.0686
29.8802
29.9755
29.8953
30.0171
30.1226
30.5145
29.9712
30.3547
30.1645
29.7095
29.8514
30.0229
30.3849
30.2496
29.9272
30.2618
29.4527
29.7837
30.0678
30.6872
29.9225
30.4543
30.3174
30.448
30.4628
30.2277
30.426
30.2389
30.4095
30.0817
29.702
30.394
30.2635
29.8171
29.8859
29.9451
30.1864
29.8968
30.3399
30.1172
29.8207
29.765
29.853
29.5195
29.3389
29.7367
29.9394
29.9502
30.1703
29.9772
29.6097
30.0598
29.75
29.7123
29.528
30.1542
30.0486
29.8533
30.1172
29.8076
30.392
30.4959
29.8823
29.7397
30.2262
30.0271
29.452
29.6224
29.7938
29.9581
29.8728
30.1869
29.9587
30.0675
30.2671
30.1626
30.0648
30.4955
30.2112
30.0813
30.1583
29.7361
30.4484
30.4931
29.8682
30.151
30.183
29.9352
29.9131
29.817
29.9913
29.9
30.4667
29.9693
30.312
29.7894
30.3441
29.9418
30.087
29.3609
29.8973
29.9603
29.7682
30.2785
30.2175
29.7607
30.1248
29.7825
30.3871
29.3865
30.1693
30.0154
30.6922
30.0116
30.0531
30.0374
29.781
30.2262
29.8371
30.1274
29.9936
30.2257
30.0815
30.3809
29.8541
29.8201
30.2065
29.4737
29.5114
30.7893
29.6726
30.0292
29.8543
30.3464
30.1609
30.2735
29.9693
29.9147
30.2663
30.3958
30.0541
29.7407
30.2577
29.8879
30.2203
30.0159
29.8372
30.135
29.6174
29.654
30.3772
29.862
29.8263
30.0261
29.9146
30.0164
30.1252
29.7531
30.6247
29.6774
30.0403
30.0412
29.8344
29.9451
30.0876
29.5823
29.982
29.6531
30.0374
30.2317
29.7704
29.947
29.9814
29.7799
30.4196
30.1781
30.1479
30.5951
29.7533
30.1045
30.2856
30.2171
30.1004
30.044
30.0192
29.9431
29.8995
30.0463
30.1409
29.852
29.9734
29.7725
30.1406
30.4711
30.0892
30.1625
29.7882
30.0661
30.16
30.6007
29.4384
30.2435
29.5977
30.1669
30.4769
30.1828
29.8372
29.9762
30.4813
29.482
30.3254
30.2272
29.7612
29.9624
29.6811
29.9728
29.9032
29.8133
29.8388
29.8727
30.1638
29.7667
29.8735
29.7609
29.6715
29.9931
30.0437
30.4795
30.314
29.6578
29.8505
29.6454
29.682
30.2528
29.8659
29.8055
30.3064
29.599
29.683
30.0157
30.2529
30.0866
29.9033
29.9863
29.802
30.3677
29.9917
29.8198
30.0753
29.9993
29.7077
29.5744
29.8869
29.5878
30.1565
30.1395
30.3317
30.1467
30.1421
29.9236
29.7716
29.9717
30.4033
30.1704
30.1706
30.0018
29.7566
30.0917
30.0953
29.8379
29.9692
29.8369
29.8964
29.4485
30.3081
29.763
30.0684
30.0431
29.4579
29.9371
30.4309
30.0064
29.7444
30.0314
30.1315
29.5308
29.8454
29.9932
29.6969
30.0425
30.3192
29.8223
29.9797
29.4904
30.0197
29.8426
29.74
29.9627
30.1595
29.9221
29.718
30.2683
29.9172
30.0841
30.0912
29.7878
30.1133
30.0763
30.2691
29.6577
29.68
30.7108
30.0288
29.8481
29.7158
30.5691
29.8323
30.2535
30.0014
29.7801
29.9868
30.4345
30.3358
29.9174
29.9961
29.968
30.1834
29.9518
30.164
29.8511
29.8173
30.0228
30.0283
30.2047
29.878
29.6611
30.3417
29.9666
29.3894
29.6782
29.8891
30.0955
29.7634
29.7943
30.0841
29.7031
29.9427
30.0359
29.7607
30.0712
30.2562
30.0789
29.6149
29.8087
30.7343
30.1259
29.8518
29.6169
30.2442
30.406
29.9359
29.7546
30.0673
30.1625
30.2483
30.0592
30.2367
30.0372
29.9808
30.0819
29.7806
30.2188
30.3373
30.5504
30.0457
30.1751
30.0839
29.62
30.2075
30.2626
29.7401
30.1526
29.6357
29.7876
30.1199
30.2786
29.7904
30.2508
30.2577
29.6308
29.88
29.6349
30.1581
30.2243
30.0529
29.7132
30.1406
30.1813
30.0893
30.004
30.414
30.0682
29.8793
30.2466
29.7471
30.2307
30.2388
29.7118
30.4858
29.8794
29.8303
29.9458
30.3457
30.1714
29.7854
29.7238
30.2524
30.2304
29.7802
29.8079
30.1576
29.6735
29.9304
30.0884
30.3057
29.4525
30.0889
30.0447
30.1564
29.8334
30.2765
29.9191
29.9066
29.785
30.2719
29.6516
30.1646
30.0708
29.9235
30.2079
29.7922
30.0844
29.7514
30.1594
29.6532
30.0585
29.8631
30.2611
30.1413
29.849
30.1821
29.9495
30.1066
30.5719
29.9224
29.9562
29.9717
29.9248
30.1731
30.161
30.0822
30.3334
29.6173
29.451
29.796
30.2268
30.1234
29.8351
29.6089
30.2288
29.6794
29.9549
30.6541
29.917
30.0008
29.9889
30.0732
30.1004
29.7333
29.7256
29.905
30.4239
29.6403
29.8257
30.0247
29.7869
29.6634
30.5712
29.9722
29.8861
30.0227
29.6245
29.9146
29.8788
30.0916
30.0485
30.5377
29.9288
30.4167
29.7488
30.2512
29.5911
29.2547
29.7733
29.9141
29.9542
29.6899
29.7323
29.9381
30.5938
30.0888
30.1685
29.5006
30.2729
30.026
30.0208
30.2531
29.9411
30.2068
29.8746
29.8382
30.3855
29.7977
30.1637
29.6704
29.8903
29.9202
30.0316
29.8033
29.9815
30.1974
30.0184
30.1792
29.9858
30.0775
30.0728
29.6507
30.2078
29.6697
29.9888
29.6061
30.2006
29.9045
30.2986
29.9279
29.7465
29.5046
30.2282
30.2008
30.1951
30.233
30.2071
30.0707
30.1379
30.1788
30.249
29.5729
30.1726
29.8083
30.1084
30.5955
30.125
29.8638
30.689
29.8546
30.1101
29.8803
30.1236
29.5521
29.6052
30.3393
29.2841
30.0771
29.8559
29.9905
29.8247
30.3805
29.7394
29.5172
30.0501
30.1024
29.8231
29.8589
29.9239
29.8597
29.9062
30.0161
29.5692
30.1977
30.1824
29.7699
29.9861
29.8208
30.1101
30.3246
29.2447
29.9806
29.481
29.885
30.5091
29.7162
29.9013
29.6847
29.8257
30.4373
29.9238
30.0793
30.0376
29.6782
29.5294
30.2117
30.0455
30.1985
30.1845
30.0439
29.9591
29.4875
29.9623
29.8904
29.7916
30.2978
30.2338
30.2561
30.0379
29.8066
30.1552
29.7815
30.6167
30.1788
30.3873
29.9417
30.2637
30.03
29.7384
29.8166
29.9605
29.9979
30.0268
29.8547
29.8573
29.9815
29.863
29.7488
29.7738
29.6784
29.8963
29.8011
30.0785
29.9233
29.7937
30.0954
29.4347
30.174
29.9155
29.7432
29.9572
29.9436
30.4974
30.2898
30.1771
29.8899
29.4881
30.0915
29.8968
29.9797
30.1194
30.7388
29.9789
30.3324
29.7401
29.3844
30.1743
29.9986
29.9011
30.2053
30.3285
30.0531
30.085
30.1703
30.0509
29.9635
29.8733
29.6665
30.2666
29.9398
29.9722
29.9069
29.7633
30.196
29.653
30.0767
29.7547
29.7688
30.1796
30.0985
30.0327
30.2196
30.8333
29.687
30.4329
29.514
29.8755
30.0326
29.9462
29.8808
29.9955
29.9474
29.7905
30.183
30.033
30.0404
30.3406
30.0561
29.6799
30.0831
30.0084
30.1782
30.0954
29.9578
30.4755
29.5964
30.1622
30.2742
29.6261
30.1616
29.626
30.708
30.1504
29.8734
30.0382
29.6638
29.956
30.0299
29.9696
29.7998
29.7914
29.8287
30.1047
30.4701
30.093
30.0974
29.8259
30.4624
30.2519
30.1358
30.385
29.9635
29.8769
29.9147
29.5925
30.1855
29.8902
30.1205
30.1378
30.174
29.764
29.7567
29.8403
30.1125
30.0384
30.0315
30.0365
30.1825
30.0707
29.7031
29.6741
30.1977
30.2711
30.1306
29.9143
29.7429
29.8728
29.9983
30.2402
29.975
29.86
30.1429
30.1518
29.7251
29.6621
29.6568
30.0729
30.0312
29.7592
29.6369
29.8051
29.9209
30.1671
29.7384
29.9092
29.6931
29.9517
29.8068
30.0284
30.4641
30.0432
30.2253
30.5567
29.8149
29.7584
30.0643
29.8535
30.4836
30.482
30.0053
29.8293
29.5482
29.9372
29.6439
29.51
29.7957
30.1238
30.1341
29.9832
29.9718
29.9768
30.0449
29.5796
29.8615
30.0218
30.3719
29.9626
30.0877
29.9374
30.0807
29.9044
30.4482
30.1825
29.888
29.9254
30.2472
30.031
30.1263
30.0167
30.3446
30.1243
30.0032
30.2332
30.27
29.96
30.5652
30.1051
30.3879
30.4496
29.892
30.3001
30.0941
29.7689
30.1746
30.1648
29.7953
30.3339
30.1823
29.7928
29.5158
29.9818
29.9521
29.8988
29.8794
29.7928
30.3589
29.3448
30.2055
29.8974
29.7754
29.9637
29.9008
29.9662
30.4089
30.1807
29.8338
29.6998
30.2043
29.7079
30.4653
29.7476
29.3908
29.7618
29.6103
30.1183
29.9157
29.8859
30.156
29.8083
29.5871
30.2118
30.3321
29.8864
29.9329
29.8715
30.2892
30.155
30.3781
29.6882
30.4098
30.1591
30.3743
30.2535
30.4513
30.2925
29.689
29.8222
30.9262
30.0357
29.873
30.0946
30.0586
29.8666
30.1277
29.9665
29.9328
30.2301
29.5661
29.8527
29.9798
29.788
30.0038
29.809
29.5982
30.0783
29.8405
29.77
30.1822
29.8025
29.7041
30.1067
30.0648
30.2017
29.8976
30.3758
30.1323
29.7947
30.1572
30.3225
30.0129
29.7569
30.0174
30.1511
29.9829
30.3764
29.9588
29.6826
29.6268
29.8857
29.9625
29.843
29.9204
30.1782
29.8965
30.5501
30.0188
30.0422
30.0473
30.4163
30.0113
30.3405
29.7297
29.6114
29.718
30.1159
29.574
29.6945
30.1254
29.8997
30.2653
30.4077
29.782
29.9302
29.5358
29.5905
29.89
29.6543
30.1153
29.6529
29.9359
29.9643
30.0386
30.076
30.3121
29.8428
30.2422
29.9379
29.5508
29.7329
30.1688
29.3033
29.7889
29.5881
29.906
30.0436
30.3044
30.1019
30.1398
29.7493
30.24
29.9846
29.8007
29.9104
30.4543
30.5664
29.9693
29.6629
29.8864
30.1135
29.9424
29.9042
29.8186
30.1696
29.8155
29.9387
29.9785
29.9734
29.6145
30.6616
29.3345
29.9623
29.628
30.0679
30.3629
30.3158
29.7059
30.4169
29.7891
30.4272
30.0751
29.8001
29.7084
30.3655
29.7375
30.3331
30.2987
30.0063
29.9147
30.2526
30.1104
30.3155
29.9563
30.4445
30.1829
29.8718
30.3143
30.0351
29.8352
29.9207
30.1634
29.8723
29.3263
30.0145
29.9567
30.4069
29.8878
29.8297
30.0187
30.2333
29.8023
29.4695
29.9859
29.8609
30.3091
30.5293
30.1079
30.0752
30.1538
29.8895
29.9244
29.9404
29.7677
30.0456
30.2597
30.402
30.1093
30.6742
29.967
29.7207
29.886
29.9058
29.7646
30.4866
30.3619
29.9605
30.0726
29.8468
30.2241
30.3455
29.9691
29.9901
29.9528
29.8809
30.0497
30.2509
29.9853
29.991
30.0341
29.9683
29.7417
29.8673
29.975
29.7629
29.8832
30.3518
30.3392
29.8038
30.0295
30.1147
29.8568
30.1734
29.9749
29.5838
30.3163
30.3682
30.0233
30.0558
30.1134
29.9207
30.0032
29.2805
29.8364
30.0371
29.835
29.8006
30.4435
29.9326
29.963
30.186
30.0624
29.9664
29.7824
29.426
30.1263
29.586
30.2066
29.3642
30.0166
29.8725
30.0815
30.2741
30.1937
29.9226
30.196
29.7806
29.7763
29.8221
30.1447
29.9878
29.8022
29.9874
29.6867
29.9189
30.4864
29.9034
29.9924
30.01
29.961
30.2434
30.3428
30.2205
29.7967
29.9585
30.223
30.1508
29.7379
30.1485
30.0303
29.7764
30.2003
30.387
29.0717
29.5977
29.9101
30.5227
30.1081
30.1717
29.9061
30.3251
29.9
29.8383
29.7427
30.0587
30.0848
30.2964
29.8761
29.4703
29.9182
30.1735
30.0364
29.7243
30.1065
29.8699
29.9198
30.0114
29.8782
29.8114
30.7967
30.1541
29.9951
30.0112
29.8128
29.7992
29.6773
29.5172
30.0473
29.8273
29.7276
29.5237
30.3245
29.9062
30.3139
29.8832
30.468
30.3179
30.0571
30.5538
30.0691
30.1316
30.1492
30.1681
30.0685
30.2323
30.1878
29.8729
30.0588
29.7042
30.0545
29.7173
30.0006
30.4016
30.4439
29.7651
29.7507
29.8449
30.2272
30.3383
30.4107
29.7523
29.8626
29.9363
30.1581
30.3188
29.9937
29.5992
30.1314
29.5986
29.5539
29.8408
29.46
29.8706
29.9461
29.9709
30.0033
30.2874
29.7265
30.0935
30.0667
29.9695
29.7466
29.8447
30.2333
30.124
30.0339
30.0954
29.8505
29.7914
30.0252
30.035
30.5098
30.649
30.4107
29.8938
29.698
30.0243
30.101
30.4068
29.6242
30.0823
29.5064
29.5676
30.0447
29.9378
30.1241
30.2714
30.192
29.6822
29.9024
29.771
30.1114
30.0926
30.0431
30.3679
30.1871
30.0184
29.9068
29.9679
30.0385
30.0159
30.1576
29.7067
30.0445
30.3898
29.9609
30.2899
29.7969
29.9702
29.7995
29.7945
29.7906
30.1132
29.91
30.2891
29.8428
30.5208
29.8333
29.7971
29.7219
30.3545
29.9409
30.177
29.9508
29.9995
30.5264
30.1081
29.9408
30.1313
30.308
29.7653
30.2928
29.7165
30.2856
29.6745
30.3987
30.0349
30.2029
30.6045
30.5668
29.7922
29.7289
29.8922
29.6018
30.1178
29.956
29.7319
29.8353
30.07
30.1284
30.1859
30.247
29.9857
30.0624
29.2643
30.1187
30.0684
29.7032
29.5051
30.173
29.9894
30.1365
29.7755
29.6193
29.9251
30.0007
29.8716
30.1379
30.0604
30.0701
29.9932
29.815
29.6951
30.087
29.6729
29.5217
29.9711
29.8001
30.01
29.3871
29.8258
29.1493
29.904
30.2317
30.0064
30.0286
30.0543
29.9213
30.022
30.0386
30.0985
30.5649
29.5476
30.181
30.0814
30.1689
30.0293
30.3344
30.0594
29.6467
30.0001
29.7429
30.2345
30.3538
29.7943
30.2977
29.5797
30.0062
30.3929
30.0839
29.8091
30.4807
30.3521
29.6998
29.8669
29.64
29.8243
29.9515
30.0045
30.1052
29.9377
30.3337
30.4012
29.9647
30.3947
29.7827
29.8984
30.2628
29.8513
30.0287
30.0152
30.2852
30.0274
30.2174
30.0437
30.0563
30.1717
29.6639
29.8535
30.0456
29.6716
29.9524
29.4566
30.114
29.7201
30.0515
29.8659
30.3317
29.7008
29.9367
29.6013
29.2518
30.506
29.5836
29.5206
29.6641
29.5616
30.3417
29.9728
30.02
29.9118
30.0042
29.9335
29.9408
29.759
29.5679
29.9361
29.8912
30.1329
29.401
30.1478
29.9489
29.4332
30.0164
29.8914
29.8869
30.2223
30.1109
30.4365
30.112
30.186
30.1078
30.0222
30.2848
30.082
30.2785
30.2842
30.0343
29.7361
30.1813
30.1817
30.0132
29.7144
30.1
29.7573
29.9404
29.9117
30.2805
29.5859
29.992
30.0342
30.0218
30.2224
29.9616
29.8063
30.1
29.7143
30.2555
30.3705
29.9
30.0349
30.114
29.9633
29.8294
29.8858
30.1398
30.5916
30.1773
29.9305
30.3478
30.1297
30.0767
29.7521
30.0629
29.8506
30.0333
29.8808
30.2633
30.1629
30.001
29.7573
30.2242
30.1857
30.3322
29.7535
29.6183
30.0079
29.977
30.5092
30.2606
30.2927
30.2008
30.229
30.2264
30.2306
30.0211
29.9749
30.0524
30.0282
30.159
30.1866
30.2123
30.3859
29.9864
29.8843
30.0079
29.9777
30.3183
29.7716
29.9496
30.107
29.5578
30.1608
29.7414
30.358
29.8289
30.3546
29.6664
30.1789
29.7172
29.8029
30.3225
29.8635
30.1273
29.7944
30.0576
30.1366
30.5049
29.8773
30.3505
30.0773
29.7128
30.2987
30.1292
30.1011
30.3773
29.4597
29.9313
29.7933
30.1268
30.1799
30.0166
29.4151
29.9602
29.9056
29.8711
29.7502
29.9339
30.3266
30.2192
29.6517
30.4005
30.3332
30.0173
30.0986
30.4201
29.7699
30.1143
29.7961
30.028
30.2514
30.11
30.2102
29.9377
30.4935
30.0285
30.1163
30.2993
30.0722
30.0443
29.931
30.2408
30.4499
30.4546
30.092
29.8872
29.9664
29.6797
30.1886
29.8418
29.771
30.38
30.1615
30.4427
30.0565
30.0172
30.5688
29.9601
30.0447
30.5956
30.1084
29.6749
30.2516
29.749
30.2286
29.5839
29.905
29.7898
30.1916
30.1575
30.1456
29.8651
30.0454
30.1696
30.3734
29.4402
29.8434
30.5097
29.7139
30.2375
30.0637
29.4711
30.3936
29.6893
30.4872
29.8515
30.0876
30.2907
29.8462
29.9881
30.4198
29.9194
30.1354
30.2345
29.5463
29.4822
29.7627
30.1369
29.8457
30.1682
30.2047
29.9657
30.0506
30.3618
30.164
30.1143
30.0084
30.1598
29.8769
29.7994
30.0314
30.429
30.0833
30.2825
29.9333
30.4469
29.7858
29.9802
30.3519
29.5049
30.0121
29.527
29.5684
29.776
30.2621
29.8646
29.908
30.0145
30.2404
29.8992
29.6954
29.4889
30.1374
30.0509
30.3295
30.2338
30.1991
29.6006
29.8584
29.9016
29.8534
29.9766
30.2286
29.8431
30.1841
29.9897
30.2378
30.089
29.8728
30.1456
29.8482
29.9735
29.7817
30.1286
30.2716
30.4354
29.6688
29.5511
30.1912
29.557
29.7265
29.911
29.7435
29.641
29.807
29.9081
29.9545
30.2646
30.3517
30.0121
30.5355
29.7548
30.4063
29.8209
29.9446
29.6379
29.8118
30.1369
30.3031
29.9517
29.3563
30.1542
30.11
30.1876
30.0253
30.3447
30.1082
29.9991
30.1986
30.3472
29.9078
30.2095
29.7532
30.1077
29.8289
30.2597
29.8388
30.1818
29.8487
29.6183
30.375
29.6858
30.0308
30.15
30.3064
29.4365
30.0479
29.5015
29.5903
29.6739
30.1325
30.2949
30.0204
30.1895
29.911
30.0198
29.6929
30.4481
29.3942
30.3537
30.0291
30.3876
30.4009
30.2583
29.9551
30.4363
30.426
30.5958
29.5908
30.07
30.1213
30.1484
29.9984
30.0006
30.0404
30.3739
29.7447
29.9113
30.1464
30.0489
30.2281
29.6658
30.165
30.1665
30.1485
30.1241
29.9206
29.4879
29.4376
29.6706
30.0258
30.134
29.9107
30.2524
30.7089
30.0586
30.0462
29.4716
30.2092
29.9917
29.9778
30.3108
30.0478
30.5731
30.0445
29.8076
30.2313
29.3764
30.2423
29.8078
30.102
30.0849
30.1028
29.9646
29.8242
29.7687
30.1445
29.6703
30.1366
29.9492
30.6165
30.1995
30.0266
30.4148
29.796
29.4678
29.7718
29.9516
29.8403
30.558
29.9326
30.1628
30.0535
29.6068
29.859
29.5588
30.0086
29.7586
29.6812
29.7886
30.1581
30.3068
29.695
30.0312
29.5822
30.036
30.0228
30.1792
29.732
30.1751
29.8571
29.9455
29.9337
30.0908
29.6381
30.4168
30.5452
30.4192
30.5403
29.7987
30.0821
29.7364
30.5297
29.8111
29.892
29.7817
29.7981
30.5443
29.9483
29.9763
29.7475
29.4551
30.4542
30.146
30.0445
30.4577
30.0794
30.2374
29.9917
29.6006
29.8458
29.7501
30.2984
30.071
30.2833
29.81
29.7976
30.1579
29.7526
30.0231
30.4306
29.9877
29.9986
29.8743
29.8546
30.083
30.2823
30.2263
30.0501
30.3941
29.7626
30.2363
30.4687
30.0701
29.6654
29.9131
30.3443
29.8299
30.4497
29.5416
30.2281
29.7622
30.5151
29.7615
29.8252
29.2917
30.2906
29.8644
30.5257
30.1089
29.498
30.2205
29.9647
29.7811
30.0486
30.388
29.8708
30.3828
30.0807
29.9871
30.3507
29.9112
29.7925
30.3806
30.3616
30.0232
29.7736
29.9678
30.3622
29.9214
29.7701
30.3105
30.1998
29.7939
29.2416
29.8643
30.3837
29.5534
30.2926
30.2965
30.1559
30.4328
29.6954
30.1108
30.2488
29.9727
30.0899
30.0882
30.2249
29.9948
29.8548
29.9766
29.7688
30.063
29.9339
30.2365
30.007
30.0007
29.9309
29.9299
30.2126
29.4809
29.5456
30.1646
30.1241
30.3162
30.1075
30.5082
29.9942
30.0421
29.9304
29.4747
29.6486
30.2961
29.9216
30.5887
30.2316
29.4832
30.2829
30.3264
30.1321
29.8342
29.9997
29.7583
29.7114
30.1923
29.8017
29.8457
29.4005
29.6721
29.9461
29.5397
29.966
30.0809
29.834
30.5327
30.1736
29.9353
29.6397
29.8173
29.9664
30.1567
30.5331
29.4822
29.6906
30.1924
29.9556
30.2776
29.9962
30.0311
30.2449
29.8494
29.9511
30.2224
30.1211
29.9361
29.8552
29.6558
29.6788
30.0248
30.3745
29.6516
29.6535
30.0752
29.7593
30.1545
29.9866
29.837
30.3572
30.2742
30.5068
29.2509
29.8373
30.0611
29.9102
29.5006
30.0527
30.0518
29.9756
30.0157
29.9052
30.3075
29.9153
29.7164
30.0022
30.0365
30.1281
30.0014
29.8641
29.892
30.212
29.8049
30.0415
30.0924
30.0845
30.1404
29.4833
29.9008
29.7238
30.0088
29.8964
29.9182
30.1802
30.2302
30.3232
30.4822
29.8971
29.9615
30.1498
30.0796
30.2557
29.7255
29.8393
30.3999
30.0741
29.8927
30.4605
29.9243
30.2562
30.0581
29.7694
30.372
29.7951
30.1354
29.9664
29.9173
29.7562
29.9637
30.3817
30.257
29.6279
29.9967
30.0768
30.1506
30.0613
30.1515
30.0157
29.7838
30.0985
30.4707
30.1112
30.1141
30.0927
30.4538
30.1906
30.4285
29.9861
29.9411
29.7655
30.2495
30.2291
30.2252
29.6506
29.7358
30.1196
30.2228
29.7574
29.9135
30.3794
30.064
30.1308
29.9763
29.5831
29.6266
29.7839
30.2074
29.65
30.179
30.3601
29.679
30.1183
29.9612
29.8223
30.2177
30.6009
29.7648
30.2327
29.6044
30.2959
29.6617
29.7148
29.7727
30.3028
29.7845
30.1418
30.2244
29.9716
30.2768
29.6125
29.8516
30.1331
29.9375
30.0315
29.345
30.1192
30.4008
30.6629
29.7432
29.4224
30.3694
29.4979
30.2684
29.8719
30.3627
29.9588
30.0591
30.1252
30.3932
29.8644
29.1271
29.9231
29.6611
29.8607
29.947
30.5041
29.8868
29.6824
30.1491
30.1627
29.6022
29.9779
30.2566
30.3131
30.1684
30.0742
29.8229
30.2056
30.0322
30.2506
30.0376
29.5646
30.3198
29.6284
29.9558
29.779
30.2232
29.9351
30.077
30.2652
29.9533
29.7951
30.2578
30.1717
30.1943
29.655
29.7469
29.9588
29.3794
29.6113
30.0572
29.978
29.8576
30.2279
30.1132
30.1781
30.1985
29.985
30.1338
29.7676
29.9911
30.3083
29.8988
29.8861
30.2525
29.3378
30.4358
30.2512
30.152
30.063
29.7443
29.9136
30.1146
29.7514
29.847
30.1756
30.044
30.1519
29.7699
30.1961
30.192
30.3583
30.3858
29.8896
29.81
29.8557
29.4888
30.1104
29.8653
30.4338
30.0891
29.4673
29.7364
29.9772
29.9857
29.5758
30.5568
30.5131
30.4551
30.0737
29.9338
29.9012
29.9364
29.8392
30.0449
29.8476
30.4828
29.904
30.2689
29.9758
29.2801
30.0615
29.7497
29.9026
29.973
29.9116
29.7942
29.6621
30.2105
29.9725
29.616
30.0975
29.9592
30.3897
30.0654
29.907
30.1092
29.5292
29.9463
29.9288
30.0619
30.1689
30.4023
30.2254
29.9572
30.0818
29.8343
30.187
30.1962
29.4841
30.0068
30.1575
29.8681
29.5619
29.9909
29.6617
30.2346
30.1028
29.9942
30.2092
30.3731
29.8695
29.6107
30.2998
30.3587
30.0432
30.0746
29.6282
30.0635
30.0852
29.9459
30.2591
29.7664
29.6756
29.861
30.1547
29.3255
30.0411
29.7925
29.9974
30.346
30.0923
29.865
30.0434
30.2893
29.8961
30.0821
30.2109
30.0929
30.3788
29.8836
30.0029
30.2998
29.863
29.9202
30.2078
30.051
29.8636
29.9127
29.997
29.8405
30.2862
30.2744
30.0945
30.064
29.4726
29.6102
30.3376
30.0586
29.8838
30.302
29.6315
29.9965
29.8085
30.497
29.7951
30.1291
30.0345
29.5751
30.3626
29.6375
30.0512
29.4631
30.5676
29.9626
29.6598
30.0714
29.5432
30.2338
29.7117
30.3646
30.0464
30.3197
30.1155
29.6585
30.0623
29.7378
29.8436
29.7638
29.8317
30.0858
30.0736
30.2389
30.6143
29.7268
29.9126
29.2648
29.9625
30.0221
30.1343
30.2538
30.3069
29.4709
29.9036
30.0296
30.0798
29.7714
29.7598
30.0047
29.839
29.958
29.741
30.0822
29.7227
30.09
30.1361
29.9928
29.9572
29.9356
30.1968
30.2101
30.3688
29.6078
30.3825
29.9443
30.1735
29.9631
30.0221
30.0646
30.0154
30.0059
29.5857
29.848
29.9591
29.2727
29.5773
30.1506
30.4767
30.0886
30.0018
30.1291
29.7652
29.8631
30.4535
29.642
29.7003
29.9436
29.8609
30.4657
30.4869
30.1125
29.8209
29.9815
30.2215
30.0884
30.0315
30.1936
30.3398
29.6753
29.9476
30.0276
30.044
29.9359
29.7266
29.8559
30.2222
30.0115
30.2509
29.8446
29.5669
30.0735
29.6178
30.1389
29.897
30.1145
30.2123
29.9131
29.5986
30.2194
30.22
29.8305
30.0036
29.8637
30.0172
29.9575
30.1226
29.8753
29.9459
30.2371
29.5721
30.2525
29.8833
30.0416
29.8392
29.595
29.6418
30.3937
29.7238
29.7609
29.8275
29.956
29.9497
30.1323
29.9092
30.2691
29.7448
29.8883
30.0767
29.877
29.7502
30.0053
29.6247
30.0875
30.0431
30.0292
30.2076
29.5961
30.0873
29.8843
29.5403
30.3551
30.2157
30.0081
29.8728
30.2755
29.8889
30.6014
29.8055
30.1337
30.1687
29.507
29.2386
29.9054
30.0211
29.7653
29.8815
30.2915
30.2133
30.1613
29.8459
30.0532
29.8204
29.6184
30.143
29.8066
30.361
30.0136
30.253
29.85
30.244
30.2091
30.1398
29.751
29.6835
30.3823
30.2427
29.7549
29.9529
30.1079
29.9062
29.8305
29.9966
30.0951
29.5569
29.9982
30.396
29.8143
29.6817
30.8396
30.0234
30.1363
29.6541
29.7593
29.5606
29.8422
30.018
30.0544
30.2424
30.0504
29.6837
29.7911
30.2857
29.8726
29.854
29.7728
30.045
29.9296
29.581
29.9934
30.0362
29.9247
30.2942
30.4245
30.2826
30.4671
30.0269
29.7905
30.4369
29.8251
29.8944
29.8284
30.0194
29.8748
29.704
30.2535
30.0472
30.1184
29.9082
30.419
30.195
29.7731
30.182
29.8252
29.6223
29.824
30.327
29.7773
30.0804
30.2385
30.0587
29.9929
29.9653
30.3655
29.9861
30.2509
29.8145
29.3988
29.98
30.4026
29.9663
30.406
29.7154
30.4928
30.0379
30.0663
30.1412
29.8993
30.0388
30.0402
30.0627
29.8669
30.0128
30.6897
29.6101
29.7038
29.4359
30.2674
29.7474
29.8027
29.4612
29.9711
29.9367
30.2509
29.8756
30.0942
29.5637
30.1121
29.8537
29.6765
30.0344
30.0988
29.8628
30.0532
29.3263
29.9018
29.9004
29.7299
30.0453
29.5692
30.1519
29.8196
29.8242
30.2386
30.0074
29.7894
30.3488
30.3238
29.7177
30.242
30.0375
29.5297
29.9245
30.4526
30.2975
29.8884
30.1573
30.2188
29.9418
30.5245
29.9662
30.2526
30.1195
30.3202
30.2638
29.7502
30.4863
29.7698
30.1622
30.4262
30.1448
30.099
29.5178
29.8117
30.2911
30.1492
29.9327
30.0959
30.0462
29.7245
30.5644
30.0791
30.2569
30.4052
29.4753
30.0957
30.1899
30.207
29.7944
30.1614
29.8678
29.7404
30.246
29.9145
30.4208
29.9441
29.7991
30.0783
29.8932
30.3781
29.8115
29.7443
29.8581
29.7731
30.1076
29.7943
30.156
30.1263
29.8548
30.0515
30.2217
30.2085
29.9456
29.9581
29.8386
29.9262
30.3529
30.0784
29.8873
30.0676
29.5103
30.0277
29.6828
30.1382
30.1208
30.6176
30.3208
29.9608
30.1509
30.084
30.2366
30.2195
30.1917
30.5923
30.1146
29.3616
30.0236
30.2991
30.0778
29.9455
29.9178
30.2003
30.5688
30.2479
30.0609
29.8185
30.1168
29.8903
29.8444
30.4098
30.1147
30.2431
29.8685
30.0565
30.1683
29.8369
29.7257
30.5248
29.593
30.1665
30.1532
30.0875
30.1914
30.3658
30.3242
30.472
29.9388
30.2371
30.2144
30.1809
29.846
29.4181
29.8975
29.9356
30.1859
29.735
30.2228
29.852
29.3442
29.9794
29.9895
30.3251
30.5471
29.9936
29.7131
29.7193
30.0498
30.3379
29.9391
30.0182
29.7518
29.5282
29.7074
30.0389
29.5736
30.2349
30.3492
30.1654
30.4256
29.8238
30.1139
30.1499
29.8309
29.8981
29.9664
29.7871
30.0006
30.2498
29.7506
29.8034
30.0364
30.0812
30.0123
30.3343
29.6999
29.9311
30.2582
29.924
30.1829
29.8879
29.9456
30.191
29.7497
29.8591
29.9745
30.2186
30.307
30.2504
29.9173
30.07
29.4939
30.2
30.3495
29.9453
30.0352
30.1308
29.3282
29.7027
30.3649
30.313
29.9194
29.7587
30.0084
29.9163
30.09
30.1634
29.8501
30.0266
29.7103
30.4103
29.0198
30.0941
29.987
29.6146
29.8345
30.2107
30.0567
30.524
30.0629
30.0518
30.0929
29.7203
29.9869
30.2937
29.6879
30.379
30.0222
30.2617
29.7026
30.0248
29.6384
30.1755
30.0115
30.0063
30.2124
30.4101
29.8103
29.9502
30.0005
29.9395
29.9243
30.4111
29.9534
30.3145
29.8562
30.1942
30.158
29.7595
29.721
30.2026
30.2042
29.5244
30.2867
30.3621
30.1163
30.3185
30.3958
29.8035
30.184
30.0977
29.7341
30.3516
29.9177
30.6638
29.7446
30.0772
29.9398
29.9676
30.3933
30.4713
29.5463
30.1427
29.4937
30.0093
30.1915
30.4858
30.1869
29.6897
29.8762
30.2152
29.9397
29.4837
30.1826
30.0765
29.5039
29.7659
29.8988
29.667
30.1578
29.959
29.9721
29.7814
30.1971
29.8823
30.4047
29.8827
29.2413
29.9661
29.8205
29.8518
29.7872
30.5217
29.7815
29.4332
30.1755
29.928
30.2138
29.5692
29.8381
30.1384
30.0905
29.8089
30.2547
30.2347
30.1731
30.3019
30.7182
29.133
30.217
29.961
30.0184
30.3492
30.1212
30.0754
30.3387
29.68
29.9466
29.8004
30.2645
29.9367
30.2965
29.7129
29.5427
29.9255
29.9872
29.4051
29.3787
29.8207
29.9047
29.712
29.8734
29.825
30.3212
30.1949
30.2283
29.6396
29.7285
29.8317
29.6551
30.2625
30.1274
29.7124
30.1085
30.2304
30.0139
30.3107
30.1447
30.5866
29.3976
29.5091
30.2271
30.1565
29.7824
30.1093
30.223
29.9238
30.0488
30.227
30.1881
30.298
30.4163
30.2468
29.9693
30.1068
30.4475
29.9276
30.1138
30.1806
29.8232
29.9813
30.1893
30.1611
29.883
29.8295
29.8813
29.8684
30.2594
29.8454
29.906
29.5991
30.0697
29.5661
30.4167
29.9427
29.9661
29.8434
30.0277
30.0702
29.7739
29.7362
29.4569
30.4131
30.2423
30.3107
30.1929
29.8856
29.9102
30.1171
29.9293
29.8618
29.7582
30.4195
30.2003
30.6348
29.9869
29.5968
30.2211
29.7694
29.9087
30.1852
29.8327
30.4508
29.7324
30.3444
29.9949
30.0769
30.4058
30.2858
29.4867
29.771
30.0592
29.9352
29.9905
30.278
30.2989
29.653
29.6484
29.7342
29.9234
30.0081
30.2003
29.5007
30.3174
29.7053
30.0189
29.6995
30.2583
29.7914
29.9546
30.0142
30.229
29.5318
29.9219
30.126
29.9646
30.2496
30.5614
30.6068
29.9669
30.0535
29.9291
29.5936
30.0096
30.1953
30.0034
30.2515
29.972
30.3642
29.9014
30.0409
29.9073
30.4251
30.107
29.9342
29.8641
29.9327
29.8756
30.4341
30.2197
30.0623
30.1971
30.3426
30.027
30.1231
29.507
29.8739
30.0521
30.1078
30.3812
30.0891
30.2484
29.7247
30.2206
30.0145
29.9959
29.9391
30.263
30.0137
29.8402
30.2042
29.7945
30.0408
29.7851
30.4039
30.3528
30.1567
29.8865
29.9626
30.234
30.202
30.1639
29.9779
29.7663
30.0481
30.3826
29.9341
30.0085
29.9408
29.8782
30.204
30.2178
30.1746
29.7473
30.3223
30.3106
30.0585
30.0512
29.7482
29.8672
30.5935
30.4111
29.7387
29.8649
29.9282
29.92
29.836
29.5308
29.8558
30.3348
30.1175
29.8385
30.1009
29.7574
29.4656
30.0326
29.8476
29.8944
29.8884
29.6572
29.9821
30.4074
30.0006
30.1012
29.9673
30.1676
30.4756
29.9324
30.1913
29.9315
29.8984
30.2886
29.7082
29.9688
29.9007
30.4709
30.3849
30.203
29.5819
29.997
30.218
29.7771
30.4453
30.1292
30.215
30.0225
29.6431
30.1259
29.672
30.3632
29.977
30.1641
29.6995
30.4187
30.0768
29.7848
30.0137
29.8656
29.57
30.2858
29.6773
29.9256
29.8148
30.0014
29.9926
29.7647
29.7902
29.8569
29.7433
30.3812
30.3799
30.1072
30.0907
29.6384
30.0898
29.8454
29.7842
29.8837
30.1731
30.2531
30.0914
29.4623
29.6004
29.7815
30.0651
29.8379
30.2122
30.1474
29.9847
30.4939
29.6234
29.6826
30.7405
29.981
30.1118
30.228
30.0648
30.2278
29.9687
30.2166
29.7842
30.2338
30.171
30.2605
29.8719
30.1366
29.8245
30.2203
29.6198
29.9032
29.8907
30.3928
29.8092
29.5648
29.7585
30.0512
30.3562
30.0147
29.4745
30.2658
30.0102
30.1051
30.2479
29.7418
29.6122
30.0612
29.8671
30.3257
29.6352
29.9015
29.803
29.8688
29.9374
29.77
29.6827
29.9189
29.9302
29.7639
30.2306
30.159
29.855
29.7262
30.2416
30.3605
29.6772
29.8744
30.0205
29.757
29.7662
30.1915
29.7827
29.881
29.5078
29.6394
30.0611
29.8848
30.2758
30.2685
29.6397
30.2701
29.7657
29.9279
30.1884
30.1492
29.7584
30.1663
29.789
30.3129
30.1562
30.1063
30.3284
30.4291
30.0844
30.2467
29.948
29.781
29.7442
29.8505
30.2106
29.8213
29.866
29.9204
29.7801
29.6577
29.881
30.3399
30.1
30.2378
30.0317
30.0689
30.0969
30.2144
29.9938
29.732
30.2111
29.8415
30.0652
29.7775
30.2583
30.0142
29.6105
29.5652
29.9314
30.0338
29.867
30.4409
30.0409
30.1524
30.3552
30.009
30.7521
29.6385
29.7905
29.7611
30.3219
30.1141
29.7812
30.1562
29.7968
30.094
30.1122
29.8286
29.9423
30.222
29.9109
29.9029
30.1677
30.5019
29.5926
30.2277
30.0302
30.1682
29.748
29.8844
30.119
30.0614
30.0929
30.0782
30.0687
29.6022
29.5811
30.206
30.312
30.4042
30.1943
30.5416
29.9507
29.8531
30.2425
30.0684
29.8313
30.0784
30.0132
29.9674
29.9379
29.9348
30.0085
29.7518
29.5827
29.8672
30.9099
29.7158
30.3187
30.0662
30.0248
30.1599
30.1027
30.0814
30.0645
29.9949
29.5492
29.9317
30.1969
30.0336
30.2688
30.5012
30.1415
29.8345
29.7364
29.7921
29.6523
29.4728
30.2614
30.1409
30.5585
29.8797
29.7266
29.8682
30.2293
30.1627
30.3456
30.2223
30.1373
30.2248
29.9829
29.9061
30.0697
29.6166
29.9693
30.5491
30.2329
30.0337
30.226
29.7748
29.896
29.9475
29.7841
29.9077
29.657
29.8442
29.9903
29.9392
29.9694
29.8069
30.0381
29.6904
29.8619
30.0079
30.5189
30.0365
29.7871
30.5313
29.9529
29.8315
30.1781
29.8149
29.4839
30.2324
30.0423
29.7615
30.2527
30.067
30.3094
29.9499
30.255
30.5138
29.9001
30.5821
29.625
29.4596
29.9227
29.757
30.1132
30.2227
30.1918
30.2318
29.993
29.8062
30.0213
30.1065
29.9041
29.8729
30.0635
30.2819
29.8103
30.2143
29.6452
30.6616
29.9734
29.6565
29.8523
29.9495
30.166
29.7884
29.7777
29.8918
29.8964
30.2214
29.2956
29.8672
30.2122
29.6436
30.12
29.7341
30.0616
30.1888
30.0914
29.8243
30.2883
30.0076
30.0269
29.9488
30.6543
30.0433
30.4518
29.9971
30.0735
29.7942
29.6242
29.7397
29.8977
30.3639
29.9667
29.8983
30.248
30.1051
29.3701
30.012
30.0407
30.1709
30.1784
30.0685
30.0277
30.1023
29.7169
30.3355
30.0538
30.2549
30.2733
30.034
30.4049
29.9626
29.9985
29.859
30.5297
30.3206
30.2645
29.7013
29.823
29.9263
29.7136
29.9865
30.0084
29.932
30.0246
29.84
29.891
29.7989
29.8382
29.9883
30.134
30.4403
29.5053
29.7983
30.1963
29.7476
30.0101
29.6687
30.6847
29.7095
30.1481
29.5307
29.9854
29.7207
30.0962
30.0473
30.2298
30.3279
29.9843
30.0571
29.9569
30.1567
29.6306
29.959
30.0251
29.9929
29.9039
29.9653
29.7303
29.834
30.3889
29.9442
29.8158
29.9772
30.0682
30.3042
29.8442
30.1589
30.1005
30.4197
29.9362
29.9737
30.1561
30.0272
30.3481
30.0059
30.0215
29.8815
30.456
29.5087
30.0646
30.0004
30.5321
29.9784
29.8189
29.9389
29.8072
29.7643
30.5062
29.6934
29.9811
30.5125
30.458
29.5131
30.1359
29.7137
29.6559
29.6964
29.7109
30.1925
29.9463
29.973
30.3726
30.257
29.4908
30.0328
29.8465
29.655
30.465
30.246
29.6117
30.2365
30.0341
29.943
29.9791
29.7074
30.6669
29.9367
30.0043
29.7392
30.0883
29.9957
30.3981
29.8562
29.9157
29.5659
30.1451
30.2805
29.9021
30.08
29.597
29.9634
30.4712
29.988
30.221
30.1972
29.9315
29.8876
30.3652
30.0135
29.5702
30.1158
30.0815
29.7813
30.1642
29.9096
29.9381
30.0501
29.4598
29.9807
29.928
30.2446
30.2399
29.8726
29.7313
29.5579
30.3578
30.0147
30.2408
30.2807
30.2316
29.7324
29.9418
30.1835
30.3332
29.8398
30.1362
29.9219
29.4785
29.656
30.1188
30.0602
30.1352
29.989
30.2537
29.9814
29.9291
29.7824
29.9496
29.9692
30.3037
30.1045
30.1323
30.0764
30.0905
30.4255
29.9646
30.2419
29.9045
29.7251
29.7622
29.9518
29.8226
30.1349
29.93
29.578
29.3426
30.5599
29.9237
29.738
29.585
29.8409
29.5339
29.7464
30.0357
30.1053
29.811
30.2952
30.0873
29.9224
29.7192
30.0953
29.8387
30.1896
29.764
29.6298
30.0127
30.2858
29.7554
30.0248
30.2707
29.6167
29.8621
30.0749
29.8499
29.629
29.8447
29.7599
30.2387
30.3953
29.708
30.5754
30.2586
30.0072
29.5996
29.5635
30.144
29.8339
30.3072
30.3573
30.2605
30.4588
30.2343
29.948
29.7242
29.9009
30.1372
29.8333
29.9226
29.348
30.0771
30.0634
30.0349
30.6271
29.9046
30.1477
29.6459
30.5942
29.6224
29.8004
30.0842
29.8567
29.9931
30.1228
29.7796
29.5228
29.8819
29.9182
29.6353
30.2891
30.3416
30.0422
30.1142
29.9265
29.7099
30.0535
29.9255
30.0794
29.9273
29.4653
30.252
29.7376
30.0643
30.2391
30.0338
30.0753
29.4799
30.496
29.8838
29.6446
29.8879
30.3805
29.9196
29.9496
30.2197
30.2558
29.8768
29.8877
30.3647
29.8015
30.023
29.6706
30.2347
30.1829
30.2284
29.6013
29.8343
30.512
30.339
30.4599
30.3659
30.1332
29.7063
29.6876
30.0637
29.8644
29.6068
29.9872
30.1431
29.9867
29.6757
30.5829
30.0148
29.8018
29.9894
29.8606
29.5122
30.3109
29.7525
30.495
30
30.2999
30.3957
30.0366
30.3152
30.4772
29.6319
29.9632
29.9187
30.3745
29.6506
30.0875
30.1014
29.9829
30.0861
29.9821
30.062
30.0173
29.8209
30.2424
29.9461
30.5382
30.056
30.2643
29.8919
30.0458
30.2434
30.0927
29.8365
30.1684
29.3435
30.0798
30.6896
30.0074
30.2442
29.5326
30.1779
29.6466
30.2349
30.3734
29.478
29.6505
30.0431
30.5313
29.7682
30.3443
29.6404
30.0194
30.0558
29.9928
29.6283
29.9999
30.249
29.8485
30.2895
30.0562
30.2794
30.0462
30.6615
30.4391
30.1406
29.8246
30.2781
30.1059
30.0733
29.8246
30.4117
30.1911
29.9365
29.9122
29.9691
29.6534
30.0291
30.1749
29.9072
29.9129
30.2451
30.5973
30.3644
30.3015
29.5063
29.8381
30.3985
29.9399
30.4908
29.8606
29.7047
30.0462
29.9108
29.7701
30.15
29.7974
30.2275
30.0937
29.9528
30.0072
29.9657
29.859
30.0612
29.3926
29.9408
29.9669
30.0818
30.2637
30.4455
29.7402
30.4024
29.893
29.4043
29.8882
30.4422
29.9724
29.9858
29.9317
29.8312
30.2296
30.1822
30.2756
29.8458
29.8238
30.0036
29.9108
29.8359
29.7977
29.8986
29.844
29.8501
30.078
29.5722
29.8715
29.9928
29.8218
30.1163
29.9035
29.7878
30.3035
30.0929
29.7413
29.9257
29.9703
30.2442
29.6575
30.2579
29.9141
30.408
30.3815
30.241
29.7867
29.982
30.1471
29.9072
29.903
29.8131
29.8207
29.5865
29.7998
30.0786
29.4507
30.2777
30.0677
29.8155
30.2152
30.4403
30.0922
30.1187
29.9295
29.6155
30.0132
29.9639
30.3787
29.9174
30.0007
30.2979
29.9913
30.1063
29.5752
29.7566
29.9802
30.0521
30.2598
30.3109
29.8988
30.0183
30.558
29.839
30.4755
30.1112
29.9
30.2379
30.1839
29.9518
29.8528
30.1875
29.4231
30.0069
29.9673
29.7478
30.0563
29.9795
29.8039
30.2362
29.7041
29.5914
30.1602
29.7592
30.1734
30.6071
29.5951
29.8399
30.0837
30.2167
30.3592
29.4794
30.1424
30.125
30.1424
30.4894
29.7684
29.8564
30.0787
29.8824
30.0175
29.9509
29.9976
29.8556
29.8602
29.8157
30.0028
30.0973
29.718
30.2174
29.7775
29.7807
29.9196
30.0204
29.7783
29.9346
29.8689
30.3851
29.487
30.6565
30.0111
30.4036
29.6933
29.8501
30.2509
30.2832
29.5035
29.6459
30.1651
30.3259
30.1614
29.6579
29.9743
29.6027
29.9959
30.4842
30.3091
30.121
30.1918
29.9466
30.5475
29.9557
29.9841
29.8651
30.0769
30.3191
30.0742
30.0455
29.7787
30.0029
29.8972
29.5532
30.0985
29.7919
30.1828
30.7181
30.0259
29.8006
30.3705
30.481
30.0307
30.2477
29.7281
30.4819
29.6012
30.1187
29.911
29.8036
30.1917
29.7147
29.8747
29.5092
30.0241
30.3102
29.8671
30.063
30.4634
29.4235
30.3893
30.113
30.1062
30.0372
29.7556
30.1679
29.6696
29.711
29.9042
29.8696
29.9575
30.2477
29.6754
30.0281
30.1415
29.8265
30.0933
29.9344
30.4036
30.4467
30.2692
30.0844
29.8485
30.5379
29.7856
29.8253
30.296
30.2201
30.0803
29.4288
30.5733
29.3349
30.3457
30.1187
30.1298
30.1819
30.2242
29.7538
30.2215
30.2742
29.5853
29.969
29.79
29.9705
30.3256
30.398
29.7294
