9024.62
9169.44
9118.79
8817.14
9137.46
9155.36
8878.67
8959.78
9036.73
9092.52
9180.68
9074.44
8936.36
9149.98
8942.87
8906.41
9176.4
9018.61
9081.8
9096.39
9129.6
8967.72
9070.93
9011.07
9080.68
9181.14
8987.06
9157.12
9010.19
8888.82
9177.38
9193.63
9017.28
8987.42
8799.14
8845.65
9254.67
9150.58
9137.92
9058.8
9088.61
8992.6
8911.42
8986.3
9070.68
9168.67
8886.8
9170.04
9057.24
8973.72
8960.56
9190.14
9004.67
8834.69
8967.23
9210.35
9117.43
9128.31
8935
9069.98
8759.39
9159.31
8986.81
8946.06
9199.34
8851.63
8982.12
9180.91
9016.87
9007.99
9148.69
9074.84
9023.67
8957.13
9085.22
9077.59
8995.35
8962.92
8910.24
8811.03
9017.8
9106.99
9097.96
8988.87
9064.85
9091.49
9034.62
9179.09
9207.24
9143.8
9163.05
9030.82
9271.07
9043.47
8943.86
9104.9
8893.01
9189.47
9031.38
8981.87
9019.56
9265.25
8911.41
9052.05
8957.85
9011.19
9160.77
9090.6
9170.25
9011.41
9009.32
9106.86
9035.44
9055.73
8777.18
9079.32
9052.28
9200.03
8948.69
8811.25
8908.91
9115.39
8955.48
9300.85
8823.65
8982.32
9059.68
9077.78
9062.47
9010.16
9222.34
8975.61
9237.02
9065.7
9011.24
9079.28
9144.63
9058.95
9063.3
9144.1
8910.47
8826.61
9034.26
9154.42
9079.09
8996.37
8799.13
9211.22
9083.14
8762.78
8978.41
8939.74
8809.4
9077.64
9027.11
9023.78
9046.08
8990.1
8979.94
8923.08
9038.71
9409.35
9029.93
8966.7
8968.15
9104.57
9096.07
9149.54
8949.38
9101.34
9105.82
9044.42
9338.78
9085.32
8842.46
9080.94
8943.06
9072.45
9167.66
9151.01
9032.96
9117.14
8986.32
9142.01
9166.62
9088.51
8950.28
9194.74
8996.46
9102.05
9151.46
9081.26
9019.79
9216.69
9013.83
9149.56
9030.09
9026.02
8943.8
9234.08
9088.51
9152.18
8987.14
8943.99
9075.59
9184.76
8981.73
9159.49
8941.74
9131.49
9168.94
9141.51
9144.52
8904.75
8895.28
9105.92
8983.97
8917.35
8980.06
9097.54
9005.91
8879.08
8984.15
9060.43
9193.5
9193.37
9040.13
8933.95
9064.68
8943.74
9115.11
9365.06
9136.01
8868.16
9449.92
8939.06
8964.27
9154.2
9045.83
9059.17
9000.91
8893.83
9190.08
9127.8
8835.46
9306.69
9074.27
9252.37
8909.09
8644.92
9150.12
8907.31
9059.89
8936.94
9009.11
8963.62
9091.75
8880.33
8936.56
9068.24
9236.54
8939.72
8954.43
9161.21
9178.29
8980.02
8991.04
8851.7
9181.21
9259.79
9312.99
8934.23
9162.78
9031.89
9114.39
9080.42
9026.67
8854.18
8858.55
9043.16
8994.36
9055.35
9380.58
9084.28
8882.14
8939.92
9104.21
8844.7
9120.64
8795.06
9072.2
8893.72
9187.52
9237.23
9152.79
8957.01
8879.9
9174.86
9047.4
9049.76
9013.23
8956.05
9135.19
8846.41
8933.92
8831.15
9052.08
9039.72
9047.76
8932.2
8959.02
9018.19
8997.51
9108.92
8997.03
9153.42
9021.78
9016.16
9044.36
9123.66
9236.7
9004.59
9284.32
9372.9
9019.9
8967.09
9040.76
9006.63
9184.19
8862.9
8947.03
9036.83
8937.78
9024.88
9063.41
8972.24
8879.78
9115.76
9073.54
9076.44
9117.3
9131.22
8902.55
9206
9186.82
9214.45
9159.26
9055.58
9037.67
9091.07
8824.07
9065.21
8997.19
8999.81
9135.48
9132.5
9039.81
8916.4
9145.77
9063.57
9063.08
9111.08
8927.25
9194.91
9224.42
9033.74
9099.37
9138.52
9011.38
9044.33
9077.35
9012.41
8873.7
9055.83
8828.93
9134.64
9140.86
9043.38
9010.64
8987.42
9073.35
9094.64
9149.03
9222.19
8876.63
9158.42
9116.48
9035.58
9026.29
9133.11
9057.99
9124.16
8996.06
9050.55
9256.2
9165.4
9241.87
9211.1
8992.14
9183.46
9058.55
8906.72
8913.38
9250.29
9032.31
9011.06
9117.17
9067.01
9163.29
9001.36
8952.98
9293.27
9098.43
8957.45
9110.25
8960.79
9071.83
9100.1
9036.62
9037.46
9246.74
8967.36
9192.37
9245.15
9080.52
9178.16
8980.94
9142.24
8932.82
9068.05
8890.92
8894.57
8960.81
9118.05
9060.28
9062.05
9165.99
9104.36
9072.74
9051.04
9103.88
9217.95
9154.41
9157.13
9219.91
8998.95
9184.25
9152.88
8689.65
8971.99
9338.32
9141
9084.09
8970.86
8902.91
9096.28
8993.44
8887.77
8979.36
9123.72
8938.15
9097.7
9026.93
9062.98
8962.38
9169.85
9001.04
8942.73
9239.68
8980.62
9129.08
9062.23
9215.4
8884.92
9142.42
9128.23
9040.95
8932.03
9112.66
9282.25
9067
9059.77
9044.68
9238.75
8925.65
8951.96
9126.09
8917.26
9099.39
9009.76
8969.9
9006.46
9255.01
8764.33
9042.5
9181.53
9012.81
8999.57
9034.23
8817.27
9255.54
9124.14
9021.91
9270.16
9193.56
9160.04
9151.51
8938.08
8987.48
8993.63
9175.5
9040.58
9298.69
8979.09
8960.21
8982.03
9138.93
9063.32
9148.09
9122.82
9079.68
9012.09
9090.17
9279.4
9016.95
9010.85
8902.59
9127.15
8967.44
9102.99
8881.69
8993.39
8932.4
8995.4
8998.61
9044.21
9034.48
9092.76
9135.69
8956.23
8996.75
8813.97
9158.35
9186.42
9016.17
8855.13
8982.51
8976.75
8913.43
9123.19
9216.44
9076.6
9143.9
9159.88
9107.61
9052.01
8865.2
9104.69
8994.73
9093.45
9082.72
8947.46
9085.57
9137.36
9016.61
8949.87
9121.64
9098.84
8943.36
9228.73
9244.23
9084.14
8955.64
8866.47
9229.3
8850.69
8941.84
8998.37
9166.97
8893.58
9027.43
9058.99
9183.65
8943.33
8994.76
8971.31
9016.11
9237.33
9109.94
8999.24
9066.8
8932.32
8947.74
9018.96
8891.14
9113.73
9156.94
8686.25
9030.92
9101.9
9181.59
9092.88
9159.34
8973.54
8962.43
8895.48
9285.66
9137.51
9190.21
9224.93
9139.6
8832.74
8981.65
8973.5
9230.07
9049.18
9051.01
9196.82
8991.22
8983.15
8976.39
9034.35
8900.06
9040.05
9094.64
9142.25
8971.07
8966.34
9265.9
9170.97
8970.21
8929.56
9180.91
9143.3
8815.73
9228.08
9088.54
9149.31
9109.59
8987.25
8950.58
9272.85
8904.42
9022.13
9191.14
9072.87
8963.28
9117.96
9171.75
9100.51
9094.32
8959.14
9150.7
9145.05
8804.02
9025.95
9055.34
8938.62
8938.11
8972.7
9036.81
8977.71
9257.9
8944.47
8794.6
9137.63
9050.31
9076.41
9066.11
9091.4
9227.55
9065.73
8955.51
8982.93
9115.6
9202.43
8973.82
9189.75
8859.99
9005.9
8979.68
9029.81
9174.18
9239.76
9206.51
9008.24
8902.41
9076.77
9247.22
8745.31
8980.95
8989.2
9157.12
9038.92
9242.93
8914.93
8972.42
9033.81
9013.05
9070.87
8908.96
8981.08
8900.68
9240.32
8952.72
8913.78
9078.33
9054.28
9164.87
9107.04
9069.02
8870.28
8950.96
9225.12
9105.34
9223.05
9091.49
9073.44
9096.07
9106.95
8981.73
9153.53
8991.37
9269.1
9006.41
8973.97
8863.8
9182.43
8946.24
9157.64
8935.91
8903.15
9154.5
8883.77
9034.46
8894.34
8844.35
9203.17
9214.75
9106.03
9137.69
9091.63
9093.86
8964.26
9026.02
9070.43
8999.46
9037.03
9010.81
9108.33
9142.93
9114.58
9148.24
9157.05
8731.42
8927.83
9020.6
8979.8
9328.57
8909.38
9195.73
9114.93
9107.27
9206.21
9095.82
9055.9
9124.72
8999.99
9117.71
9077.43
9021.73
8993.18
8843.06
8907.18
8988.14
9098.29
9180.97
8912.97
9111.08
9025.92
9043.47
9313.48
9004.17
9149.71
8905.69
8905.75
8979.88
8960.92
9130.33
9029.48
9046.54
8989.47
9043.45
9093.34
8971.14
9045.3
9077.32
8980.8
9235.47
9182.3
9229.01
9117.16
9258.03
9191.24
9146.75
9211.42
9110.25
9002.96
9012.91
9132.92
9222.33
9229.53
9227.17
8878.54
9152.1
8929.1
9140.77
8881.96
8828.77
9025.51
9000.38
9031.34
9310.64
9117.71
8939.91
9026
9030.52
9145.41
9239.15
8922.49
9047.85
9178.8
9089.41
8784.91
9132.03
9252.25
9036.58
8965.59
9129.07
9075.18
9230.61
9218.34
8989.5
9006.49
8851.41
9154.48
9214.3
9068.22
9001.2
8931.61
9168.06
9062.26
9021.7
8963.99
8938.61
8984.1
8936.52
9198.63
9087.78
8994.45
9209.28
8989.33
9157.67
8827.79
8940.44
9283.77
9025.73
9138.79
9044.69
8962.41
9004.06
9003.08
8827.72
8933.01
9026.58
9047.18
9183.47
8923.83
8714.75
8928.33
9042.05
8998.54
8996.28
9024.83
9120.4
9313.23
9255.19
8934.05
8985.35
8928.2
8914.17
9314.41
9080.11
8919.12
9122.36
9152.07
9057.23
8936.49
9051.44
9123.66
9082.89
9015.89
8955.72
9164.82
9049.57
9010.51
9047.83
9130.34
8963.34
8997.02
8955.37
8854.56
9060.21
9099.08
8999.95
9088.85
9170.28
9224.94
8883.87
9048.84
8907.91
9091.62
9099.89
9018.37
9005.04
9094.64
8915.49
8841.75
9032.7
9115.04
8896.98
8769.46
8901.03
9148.54
9005
9165.02
8886.14
9172.26
9059.71
9038.64
9152.48
9094.69
9090.65
8986.18
9129.9
9058.03
8998.25
9184.87
8934.68
9195.22
9207.47
9044.61
8896.3
9532.5
8915.15
8925.62
9305.05
9009.59
8861.72
8939.2
8818.78
9308.66
9002.04
8998.75
9106.01
9007.38
9105.97
9034.54
8969.94
8949.64
9117.76
9011.97
9222.77
9026.09
9064.15
9146.12
9093.01
9142.28
9396.03
9036.83
9319.89
9108.28
8947.44
9234.7
9038.47
9026.91
9053.94
8972.89
9207.56
9053.05
9109.11
9047.18
9183.09
8919.13
8981.68
8938.13
8887.28
9083.06
9019.87
8988.45
8834.32
9190.93
8811.44
8996.99
9272.68
9151.73
8930.17
9278.17
9013.05
8921.76
9170.86
9118.8
8957.67
9364.74
9149.93
8998
9310.03
9123.75
9013.73
9111.85
9027.55
8943.4
8966.32
9233.27
9186.17
9282.22
8952.07
8879.48
9049.78
9080.1
8989.22
8909.36
8971.61
9122.32
9146.52
8921.55
9089.63
9166.77
8929.55
9040.07
9158.48
9135.55
9139.96
9056.78
8868.05
9207.42
9010.73
9154.68
9011.06
9167.65
9086.02
9006.99
9263.1
9108.75
9059.95
9032.29
8888.52
9014
8992.28
9061.39
9051.87
9052.44
9095.02
8978.51
8944.23
9198.11
8967.88
8982.32
9021.82
9317.47
9015.16
8976.11
8830.55
9159.86
8949.66
9137.46
9037.73
8921.03
8916.99
9154.09
9112.32
9046.99
8934.49
9126.48
9049.6
9215.38
9157.08
9063.11
9110.6
8851.85
9061.48
9206.4
9031.86
9164.54
9041.48
9002.51
9143.54
8940.84
9171.3
9032.93
9070.06
8864.75
8948.21
9218.26
8917.88
8998.73
9107.64
9046.58
8929.1
8999.78
9118.39
9203.84
9085.02
9020.69
9003.82
8990.32
9323.95
8787.69
9140.68
9091.39
8981.13
9026.12
9084.61
9337.59
9284.56
8966.55
9112.18
9277.42
9090.15
8994.89
9211.79
9194.2
8834.17
8988.59
9077.69
9017.46
9115.26
8669.98
9075.76
9101.27
9124.2
9108.98
9111.19
9140.23
8999.82
8990.12
9201.64
9279.86
9035.5
8944.37
9032.31
9147.73
8923.15
9121.38
9178.7
8944.91
8932.61
9229.86
9165.84
9180.12
9033.89
9100.96
9091.71
8926.82
9010.78
9015.14
9074.89
8891.96
9154.71
9043.29
9247.28
9148.68
9027.28
8981.24
8970.38
9136.63
9124.59
8882.2
9066.73
9243.35
9193.16
9049.85
9045.97
8685.82
9185.56
9199.72
8917.46
9209.41
8842.72
9030.26
8985.82
9042.78
9153.44
9190.36
9155.23
9048.19
9003.82
9130.51
9051.41
9156.93
9067.88
8947.23
9048.42
9017.42
9004.36
8950.11
9244.99
9212.94
9000.13
8999.91
9000.85
8877.71
9103.03
8913.77
9049.91
8986.2
9083.52
9055.9
9057.6
9136.06
9126.99
8976.87
9245.93
9065.98
9129.81
8963.94
8938.26
8916.21
9087.06
9257.98
9001.53
9117.45
8829.3
9134.58
8674.19
9293.43
9004.84
8991.67
9036.16
8905.74
8957.47
8985.88
8941.55
9190.79
8964.53
8913.04
9060.94
8953.08
8976.93
8853.09
9115.13
9183.49
8924.85
9105.57
9001.41
8885.73
9003.84
9034.39
9152.1
9105.58
9135.8
9109.67
8851.87
9106.71
9172.55
8857.93
8958.97
9150.24
9129.99
8777
8988.06
9000.44
8974.26
8871.44
8930.46
9035.36
8961.08
9090.4
9071.19
9174.49
8929.31
9100.22
9079.72
9068.6
9208.59
8927.09
9034.62
9072
8803.1
9094.88
9151.42
8911.98
9213.63
8939.05
9075.58
9163.83
8761.53
8968.64
8902.89
9011.08
9310.29
9148.38
8955.61
9061.76
9239.45
9028.57
9222.88
9043.11
9022.74
8717.86
9203.11
9138.6
9298.99
8982.5
8832.52
9172.7
9106.42
8945.08
9243.78
9096.85
9120.71
9044.69
9055.6
9093.19
8924.04
8939.31
9123.24
8840.37
9036.28
8903.64
8985.26
9071.03
8778.34
9116.43
8888.07
9127.95
9039.88
8966.9
8948
9064.13
9142.75
8895.08
8930.15
8962.79
9174.7
9006.1
8976.33
9004.4
9061.09
8952.98
9002.49
8973.33
9138.11
8984.64
9029.76
8994.66
9073.95
9082.89
9040.36
8880.75
9054.92
9115.24
8808.5
8907.84
9009.52
9140.6
8733.95
9202.77
9114.45
9173.56
9095.74
9174.28
9119.22
9142.63
9122.69
9127.88
9124.92
8810.3
8949.51
9032.46
9128.55
9049.35
9110.53
9231.57
8986.21
9153.09
9166.91
9020.36
9110.17
8864.01
9245.8
9102.23
9024.12
8999.09
8937.08
8884.55
8911.63
8974.1
8968.89
9009.06
9176.72
9078.97
8887.36
9065.03
8920.35
9142.47
9059.06
8885.72
8951.02
9113.15
8780.24
8968.31
8936.18
8741.02
9311.3
8939.01
8855.9
8863.59
9085.8
8967.57
9061.24
9019.21
9018.91
9048.42
9111.72
9087.51
8892.81
9112.03
8921.28
9215.19
8947.41
9294.58
9194.19
9026.89
9182.21
8910.16
9118.87
9096.04
8971.76
9171.63
9147.04
9165.41
9100.26
8937.24
8936.83
8907.89
8898.66
8908.86
9097.84
8948.1
9215.6
9398.43
9015.26
9160.36
8981.14
9125.68
9113.35
9280.07
9193.08
8955.43
9168.07
9014.97
8809.42
9100.43
8906.07
9245.05
9025.46
9093.86
9049.62
9148.4
8920.77
9123.93
9134.25
9184.78
8885.52
8994.09
9232.33
9063.83
9129.75
9160.01
9186.03
9032.91
8967.93
9008.7
8991.23
9209.9
9064.37
9102.67
9139.5
9154.9
9070.23
8895.62
8942.36
9147.09
8950.9
9187.23
9213.17
9011.76
8941.56
9347.13
9022.61
9019.18
8992.18
9012.06
9178.11
9034.23
8872.41
9096.33
9161.12
9134.44
9002.43
9156.83
9190.16
9042.85
9161.31
9103.97
9056.33
9055.63
9390.8
9063.38
8991.16
9091.89
9159.2
8708.54
8902.02
9173.62
9078.15
9167.67
9093.98
9143.75
9185.97
9331.79
8942.67
8742.76
9032.74
9050.52
9211.14
9176.14
9038.56
8945.75
9020.92
9186.62
9016.22
9072.6
8948.33
9161.8
9086.95
9241.14
9137.03
8950.07
8775.9
8893.82
9206.55
9036.34
9010.94
8934.68
9100.31
9012.42
8775.29
8913.13
9099.66
9032.59
9082.97
9062.29
9266.37
9071.26
9157.46
9070.67
9266
8879
8919.79
9047.32
8914.82
8928.65
8821.05
8957.77
8970.13
9033.33
8975.58
9016.73
8980.82
9161.12
9284.38
9071.89
8946.42
9064.17
9194.02
9140.87
8978.32
9232.76
9037.05
9025.77
9029.83
8946.67
9234.2
9069.54
8974.25
9007.59
8906.94
8880.1
8940.31
9028.49
8850.16
9131.95
9076.36
9184.77
9042.09
8989.71
9099.9
9148.07
8923.39
9178.02
9031.17
9167.97
8971.34
8881.82
9193.47
8979.96
9080.6
9007.56
9029.72
9146.08
9243.81
9004.49
9352.38
8954.05
9270.16
9161.72
9181.75
9283.55
8925.71
9189.03
8925.99
8923.85
9079.39
9096.23
8924.97
9432.45
9122.69
9250.37
9099.96
8764.84
8911.88
9093.66
9155.51
9182.24
8826.27
9236.91
9052.65
9160.02
9084.89
9175.03
8839.89
9024.19
9268.1
9121.89
8996.69
9005.91
9072.94
9132.07
9028.12
8952.33
9005.8
9058.18
9185.02
9119.61
9121.2
8876.95
9030.43
9076.86
9209.67
9038.87
9113.29
9210.94
9044.58
9109.14
8895.8
9076.32
8891.91
8847.09
9099.31
9060.57
9046.95
9256.68
9088.12
9282.58
8969.22
8842.5
9120.57
8955.94
8864.87
9005.88
8961.38
8964.48
8955.38
8962.06
9040.21
8989.78
8967.8
9110.44
8927.39
9184.75
8946.22
9083.5
9165.21
8911.45
9033.14
9043.13
8930.58
9089.96
9021.48
9067.14
8953.59
9057.26
8788.89
9012.97
8777.6
9078.86
9156.22
8979.93
9121.16
9291.26
9053.67
9438.95
9231.32
8865.98
9039.37
9081.07
9042.26
9221.09
9047.36
9183.59
8965.68
9263.47
9161.87
9055.89
9091.02
9091.66
8918.09
9233.59
9210.38
8887.5
8992.04
9354.74
8914.24
9019.28
9196.76
8996.48
9070.9
9090.61
9078.84
9074.8
8877.99
9160.95
9016.41
9000.21
9185.74
9072.48
9011.57
9259.72
9073.61
9084.61
9236.83
8937.81
9189.19
9085.72
8942.31
9005.34
9186.03
9105.64
8944.07
9011.95
9128.17
9088.12
8859.4
9089.83
9009.04
8985.66
9233.28
9138.69
9096.41
9141.1
8997.19
9059.8
8860.27
9029.52
9174.88
9053.73
8759.38
9218.71
9009.18
9120.82
9008.4
8969.43
9219.82
9012.5
9116.33
9014.67
8936.3
9469.22
8902.6
9073.34
8921.42
8818.08
9096.03
8971.14
9013.37
9080.27
9264.59
9214.6
8979.16
9185.48
9042.44
9031.65
9112.95
9124.02
8986.98
9064.99
9197.79
8946.14
9030.17
8977.2
9020.54
9255.11
9064.33
8931.54
9276.26
9126.9
9001.95
9138.04
8968.48
9046.54
9297.86
8937.82
9144.63
9096.07
9010.21
8914.98
8973.62
8945.26
8852.86
9024.65
9051.05
9005.27
9090.67
9243.28
9062.43
9139.12
9153.82
9040.21
9044.27
9221.93
8913.58
9179.36
9056.37
9078.28
8853.64
8923.8
9184.57
9175.37
9137.07
8977.88
9105.04
9236.75
9036.84
9089.05
8943.15
9144.14
8937.66
8954.78
8996.91
9161.98
8956
9046.07
9050.55
8879.57
9143.86
9094.61
9092.91
8904.58
9109.33
8926.91
9001.07
9136.47
9011.34
9237.74
9068.45
9005.78
9308.57
9223.12
9053.95
8878.05
8967.84
8953.46
9244.48
9016.29
9054.54
9110.74
8936.45
9230.5
9086.78
9122.8
8985.34
9011.17
9061.21
9059.16
9299.65
9019.97
9002.14
8931.34
9188.25
9186.75
9048.05
9097.58
9083.37
9009.99
9224.28
9102.91
9129.18
9127.4
9122.78
9029.45
9063.42
9157.18
9011.2
9404.68
9094.75
9031.87
9041.05
9026.68
9134.87
9010.23
9141.21
9170.4
8907.93
8889.31
9171.08
8908.66
9002.99
9404.44
9002.61
8995.57
9088.8
8950.86
8780.48
9178.5
8791.09
8881.72
9216.32
9159.32
9028.15
8967.76
9059.48
9031.82
9049.22
9183.29
9214.91
9036.02
9159.96
9060.61
9010.85
9164.43
9156.95
9104.08
8882.5
8987.42
9074.46
8918.29
8950.38
8759.52
9122
8978.5
9153.39
9137.62
8987.72
9114.17
8990.68
8979.4
9051.51
8932.32
9041.89
9039.03
9083.67
9127.62
9009.17
9059.43
9124.06
8953.71
9041.42
9098.5
8970.8
9144.62
9072.85
9058.09
9168.45
9143.54
8985.32
9148.55
8909.54
9022.54
8826.23
9043.22
9203.71
8829.01
9355.62
9045.86
9002.88
9066.02
8915.4
9117.44
9245.04
9196.86
9084.5
8937.62
8836.49
9352.24
9002.88
8949.24
9200.04
8865.11
9106.56
9164.13
9036.15
9063.78
8905.89
9023.35
9161.52
9076.03
9088.68
9223.79
9227.16
9140
9096.26
9230.85
9051.77
8977.02
8932.38
9147.53
8866.76
9376.95
9110.18
8966.02
9068.3
8842.15
8965.4
9248.52
9155.01
8973.92
9202.87
9182.87
9053.12
8967.99
9299.63
9190.86
9100.43
9118.54
9107.85
9175.98
9166.64
8912.88
9002.91
8994.86
9001.9
8923.85
9235.03
9020.03
9019.97
9098.55
9075.37
8920.25
8859.19
9099.52
9035.98
9035.39
8983.82
9093.88
9177.25
9018.13
9118.51
8849.33
8875.88
9161.66
9038.69
8946.54
9139.23
9043.1
9071.71
9178.95
8901.93
9196.29
8883.82
8859.05
9032.94
9303.71
9147.35
8859.39
8962.06
8949.25
9109.53
9133.53
8944.18
9072.97
9060.73
9104.92
9018.88
8999.72
8808.67
8971.29
9006.44
9117.48
9049.47
9195.23
9194.31
8900.27
9141.76
8952.8
8827.08
8946.12
8898.57
9186.02
9120.22
9110.32
8992.62
9003.54
9195.86
8877.75
9143.67
9155.62
8893.01
9105.82
8899.15
9006.01
8916.32
8985.82
8907.61
9113.28
9211.24
9085.85
8995.33
9078.41
9028.37
8902.13
9011.92
8857.58
9319.74
9018.18
9011.64
8975.36
9247.51
8979.48
9000.6
9170.37
8984.85
8923.91
8934.56
9118.32
8980.95
9051.59
8912.58
9179.04
9163.84
9127.83
9147.4
9352.73
8878.72
9123.43
9130.46
9181.3
9040.22
8992.41
9068.47
9137.03
8817.24
9013.45
8978.97
8864.33
8959.49
9330.77
8979.08
9059.71
8890.35
9093.29
9203.91
9051.23
9171.69
8979.77
9221.93
9044.43
9011.98
9178.84
8914.97
8880.99
8917.96
9122.49
9065.66
9061.85
9034.3
9057.53
9158.39
8986.01
9103.99
9171.63
9183.3
9225.76
9057.31
9075.07
8995.84
9115.72
9143.85
9005.02
9318.11
9086.24
8992.48
9305.83
9168.62
8817.01
9090.13
9009.41
8900.51
9156.4
8940.42
8977.35
8949.77
9103.52
9043.22
9124.03
8967.41
9183.36
9079.68
9118.88
9099.16
8921.94
8980.57
8802.1
9239.14
9170.26
9083.14
9122.29
9091.16
8849.45
9145.12
9098.02
9214.15
9136.91
8959.21
9179.22
9060.46
9036.4
9003.18
9029.42
9112.82
9222.39
9003.51
8991.17
9010.73
8966.41
8956.15
8899.76
9309.11
9189.19
8932.44
9167.17
9271.53
8889.84
9142.28
9142.83
8830.96
8898.57
9046.15
8903.13
8988.61
9038.71
9217.88
9179.15
8821.78
8962.24
9051.71
8903.58
8980.31
9013.49
8924.61
9114.59
9011.87
9041.66
9255.51
9102.02
9048.92
8947.22
8921.04
9092.37
8911.33
9086.87
8981.48
9412.33
8978.44
9016.56
9029.74
9148.67
9228.39
8966.21
8918.5
9044.75
9002.23
9024.79
9328.77
9048.37
9018.44
9238.74
8915.65
9109.51
8934.44
9083.98
9046.16
9233.37
9059.37
9003.85
9004.81
8900.34
8923.37
8894.69
9148.24
9201.49
9114.5
9155.37
8970.98
8876.83
8826.08
8912.75
8929.49
8904.77
9181.15
9195.26
9003.84
9090.05
9259.45
9259.03
9055.32
9008.02
9016.74
9202.01
9041.68
8911.07
8874.15
8909.69
9254.65
8884.71
8890.57
9011.37
8941.49
9145.91
9007.5
8740.4
9066.69
8895.88
9025.85
9002.89
9058.68
8978.91
8851.05
9147.46
8951.85
9014.16
9224.26
9065.56
9020.19
9051.44
9157.98
8877.2
9037.36
9040.7
9094.59
9168.21
9131.31
9010.36
8991.61
8864.07
9139.29
9027.35
8971.58
9196.22
9202.85
8888.69
8982.15
9192.07
8949.33
9093.03
9280.12
9205.94
9030.4
9124.87
9008.39
9042.88
9057.2
9135.09
9102.06
9136.66
8985.76
9081.77
8893.89
9170.71
9045.26
9082.37
8913.18
9039.18
8856.01
8949.15
8766.21
8909.14
9071.94
9063.24
8862.33
8975.58
8880.77
9096
8905.64
8965.13
9063.89
8871.9
9243.93
9203.66
9252.19
9081.16
8975.01
8938.33
8776.17
9289.56
8946.94
8985.04
9051.58
9183.89
8927.61
9110.1
9140.94
9171.67
8914.58
9055.66
9169.32
9075.91
9158.37
9070.07
9025.24
9140.99
9152.59
8997.23
9000.33
9246.24
9191.03
8980.56
8962.19
8953.28
9042.92
9155.98
9040.69
9223.6
9066.55
8975.36
9086.55
9158.66
8962.24
8988.91
8705.08
8956.71
9162.46
8921.63
9247.27
9134.52
9240.06
9013.42
9155.79
9170.52
9164.8
9113.88
8988.43
9025.02
9149.65
8979.46
9159.03
9034.98
9159.97
9355.24
8840.65
8965.05
8872.09
9068.76
8964.26
9120.09
9002.36
9047.58
8995.12
8971.35
8959.03
9035.46
9222.02
9134.1
9097.37
9061.74
8862.24
9369.74
8944.84
8968.67
9085.83
8907.94
9186.22
9206.51
9107.32
8878.99
8851.36
9142.17
8976.37
9243.22
9058.28
9075.93
8928.38
9227.22
9081.72
9067.11
9005.48
8976.17
8966.62
8933.33
8984.75
9227.59
9282.3
9124.28
9217.13
9292.58
9249.67
8987.59
9085.04
8984.44
8955.38
9133.01
9017.06
8990.42
9030.12
9155.4
9129.08
9044.4
9072.4
9194.59
9093.91
9078.58
9072.18
9150.19
9322.51
9033.28
8982.1
9123.56
9149.92
9122.75
8950.87
9106.13
9015.52
9014.98
9127.44
9114.88
9185.93
9040.56
8973.55
9080.42
8910.54
9133.18
9403.47
8953.71
9218.14
9118.87
9114.58
9035.54
9050.77
8964.05
8862.6
8873.17
9349.34
8960.93
8980.05
9097.05
8929.45
9016.56
8972.07
8990.8
9103.81
8908.88
9048.52
9017.08
9059.33
9136.47
8968.1
9097.61
9255.68
8926.04
9188.65
9009.46
9054.36
9019.84
9026.77
9009.9
8923.09
9026.3
8843.19
9137
9277.43
9000.95
9060.18
9287.05
9072.17
8970.81
9092.85
9004.08
8845.57
9139.28
8943.26
9087.47
9162.38
8973.15
9112.91
9024.83
8885
9033.1
9052.32
9236.56
8937.42
9098.91
9011.36
9098.86
8986.37
8914.79
9008.58
9126.69
9038.85
9143.45
8958.55
9132.42
8996.72
8945.91
9022.32
9110.61
9092.48
9100.72
9247.9
9007.48
9208.94
8941.09
8988.83
9009.32
9203.42
9170.49
8978.54
9038.04
8972.01
9035.9
9053.82
8939.7
9356.95
9046.86
8942.92
9021.87
8953.31
9134.08
9320.05
8839.48
8889.75
9053.47
9264.57
9041
8982.39
9042.87
8989.75
8851.53
9125.73
9037.98
8860.61
9267.34
9181.98
8984.35
9064.19
9114.46
8958.3
9102.31
8967.05
9081.82
8961.42
8998.3
9057.1
8837.46
9007.31
9158.5
8842.4
9128.36
9066.76
9001.01
8907.13
9102.02
9070.88
9000.29
8888.55
9074.02
9190.94
9028.49
8964.04
9038.18
9016.7
9035.75
9351.07
9084.54
9039.46
9271.63
8995.1
9130.85
9042.49
9112.84
8822.33
9048.81
9006.39
8922.15
8915.99
8971.35
9018.76
9218.55
9017.92
8935.39
9126.61
8945.12
9105.37
9082.44
8972.43
8962.14
9080.78
9027.3
9096.37
9074.53
8961.46
9356.52
9102.77
8882.95
9300.25
8919.32
9090.84
9022.28
9125.92
9093.08
9092.7
9042.23
9271.58
8941.99
9057.42
8773.21
9102.25
8969.76
9152.55
8994.15
9162.94
8926.48
9075.13
9100.59
9147.58
9085.77
9029.35
8871.86
9303.17
8840.8
8902.19
9012.07
9005.39
9331.14
9038.61
9031.96
8943.1
9088.52
9032.13
9059.7
9099.55
9160.8
9056.88
9057.07
8826.11
8994.02
8987.65
9146.46
9106.69
9290.32
9161.17
8909.14
9079.23
8939.02
9114.65
9188.75
8863.97
8854.51
9179.92
9070.96
8965.57
9103.16
8972.02
8878.05
9194.31
9171.82
9040.1
9156.81
8976.43
9060.35
8957.84
9256.97
8967.54
8880.34
9153.26
8988.45
9186.63
9011.57
9014.06
9073.18
9189.58
9105.75
9024.16
9104.85
9246.94
8881.44
8970.66
9070.56
9046.15
8973.27
9221.76
8945.38
9111.76
9107.7
9066.83
9059.41
9016.26
8995.37
8983.08
8808.22
8899.55
9071.4
9120.94
8942.67
9075.13
9237.62
8822.05
9037.01
9120.31
9188.05
9039.06
8980.11
9077.93
9122.46
9095.17
9153.57
8839.9
9355.96
9237.09
9228.39
9251.61
9054.22
9110.93
8920.01
9063.38
8984.15
8920.34
8909.96
9346.82
9016.34
8949.14
9064.7
8936.19
9254.44
9092.64
9350.77
9064.79
8938.86
9072.13
9106.86
9202.41
9122.08
8916.95
8871.54
9072.76
8845.98
8965.81
9027.28
8982.63
9011.7
9068.2
9137.24
9077.48
8901.46
9156.14
9074.43
8986.24
9090.7
8901.15
9063.47
9019.61
9252.89
8853.46
8965.76
9047.82
9119.51
9105.1
8965.71
9032.87
9068.1
9108.24
9198.06
8961.22
9107.07
9162.31
9179.75
9261.69
8795.05
9164.4
9146.97
8878.44
8924.18
8917.97
8833.72
8964.33
9220.53
8939
8944.89
8989.97
9060.19
9163.47
9212.3
9085.53
8979.14
9155.15
9303.8
9030.47
9063.73
9091.36
9156.47
9200.89
9022.1
8896.23
9109.9
9146.49
8825.46
9025
8960.56
9003.45
8935.33
9172.72
8950.31
9032.9
9212.85
9207
9175.79
9297.25
9024.3
9065.82
8969.1
9139.04
9088.14
9014.43
9164.72
9137.14
8974.32
9132.48
8984.7
9282.23
8939.26
8995.63
9190.47
9081.32
8999.12
9119.44
8905.82
8977.84
9137.46
9252.55
8866.49
9079.21
9052.97
8931.7
9081.5
9057.36
9041.37
8834.06
9059.7
9046.75
8647.95
9003.7
9015.3
9006.43
9237.07
9097.4
9005.08
8902.35
9055.75
9077.75
9178.19
9115.29
9203.52
8955.11
9038
8981.67
8884.51
9057.18
8863.39
8981.89
9109.29
9131.03
8970.24
9052.67
9318.27
8966.09
9059.54
9007.92
9352.82
9039.92
9009.29
8851.11
8977.69
9200.76
9160.97
8911.45
9036.88
9070.56
9290.38
8999.34
9123.16
8958.87
8890.86
9048.41
9082.7
8738.34
9198.52
9298.55
8972.44
9297.42
8862.02
8911.37
8903.98
9047.99
9034.49
9073.66
9057.9
9059.07
9122.03
9144.62
9235.79
8981.67
9099.02
9105.38
8998.56
9022.75
9086.9
9153.6
9165.12
9058.97
8970.18
9090.43
9076.61
9199.53
8947.81
9012.67
8945.75
9157.89
8925.37
9096.48
9125.14
8974.26
9209.3
8952.77
8957.45
9113.21
9093.91
9001.49
8972.66
9291.67
9128.75
8946.63
9279.72
8903.59
9006.01
9289.24
8985.9
9113.63
9272.29
9164.55
9172.87
8935.17
8999.49
9313.37
9242.23
9112.73
8900.59
9044.42
9077.39
9186.99
9159.36
9218.69
9104.2
9177.99
8966.33
9056.56
9184.58
9310.79
8963.81
9385.28
9199.91
8816.43
9187.33
9140.88
9076.89
9192.72
9042.35
8850.2
8998.25
9139.84
9151.98
8971.73
9141.7
9041.25
9028
9234.44
8949.96
8818.9
9136.14
8995.53
9048.83
9264.57
9003.23
9245.37
9170.79
9064.71
9205.23
9228.13
9202.69
8965.8
9161.45
8982.77
9142.76
9065.53
9113.39
9207.79
9158.7
9089.22
8984.71
8891.53
9149.93
9003.03
8960.37
8986.61
9106.28
8976.23
8909.95
9211.21
8960.16
8977.36
8820.05
9256.99
8984.8
9153.77
8836.82
8970.21
8918.29
8808.58
9032
8912.16
9027.32
9163.46
8961.18
9279.13
8818.85
9083.5
8973.22
9175.15
9000.72
9078.23
9020
9089.79
9031.87
9000.65
9220.84
9208.06
8845.8
8977.1
8955.49
9240.63
9018.16
9152.65
9178.98
9087.67
9191.42
9065.35
9076.93
8915.81
9310.23
9092.48
9043.42
9126.27
9001.75
9015.21
8906.61
9310.87
9050.47
9167.85
9289.43
9026.34
9102.24
8665.23
9020.46
9105.05
9192.66
9066.08
8855.03
9071.48
8962.99
9071.07
9162.8
8917.16
9176.8
9001.58
8980.6
9006.36
9199.89
9166.61
9095.65
9375.34
9120.74
9027.45
9299.79
8974.61
9089.31
9148.77
9055.83
8994.7
9091.08
9133.37
8784.79
9118.84
9010.29
8926.76
8824.58
9075.99
9027.26
9265.6
8989.13
9041.16
9007.92
8909.1
8975.43
9113.64
9169.73
9183.99
8921.65
9017.05
9072.47
9088.01
9064.08
8914.12
9039.66
9062.17
9273.99
9023.47
9309.72
9122.65
8901.96
8922.54
9205.64
8991.97
9205.39
9017.57
8948.67
9055.26
9025.87
8975.27
9011.28
9321.4
9017.84
9131.45
8950.48
9034.69
8941.57
9067.79
9089.11
9065.66
9072.05
9001.33
9113.67
9053.26
9198.3
8987.62
9029.07
9006.56
8878.6
9071.66
9050.91
9170.74
9052.44
8768.69
9290.07
8985.6
9002.34
9051.4
9079.3
9119.25
9060.26
9066.84
8886.28
8913.48
9082.65
9161.35
9078.57
9050.26
8847.3
9133.19
8996.88
8974.35
9221.18
8887.77
8971.38
8965.72
9058.54
8985.26
9120.83
9078.93
9036.88
8804.51
9282.98
8929.38
9123.35
9215.81
9102.76
9046.08
8907.23
9216.56
9052.17
9077.43
9007.98
9084.08
9168.73
9189.7
9047.03
8904.65
9188.32
8995.75
8956.54
9117.28
8932.65
8867.16
9023.15
8893.18
9077.96
9205.15
9253.87
9101.65
8975.12
8910.07
9216.71
8864.51
9032.22
8786.86
9041.93
9085.56
9286.85
9167.51
9004.67
9144.53
9020.73
9060.35
9305.43
9083.82
8915.99
8952.59
8969.03
9243.21
8986.6
9075.76
9166.44
8863.13
8949.1
8921.62
9195.91
9273.3
9146.05
9001.71
9058.64
9002.73
8782.57
9066.65
9102.67
9121.63
9189.84
9180.05
8910.9
8956.11
8957.31
9052.06
9205.53
9243.48
9011.87
9169.94
9036.92
9253.37
9007.06
8971.21
9048.36
9071.98
8979.97
9011.43
8996.09
9037.06
9167.32
9161.47
8793.59
9064.28
8957.1
9053.75
9178.46
9271.08
9094.1
8976.33
8972.48
8971.84
9159.2
9042.08
9103.74
9061.82
9082.39
9204.66
9046.46
9194.89
9115.2
9018.33
9324.05
9122.28
9007.74
9032.57
9114.15
8922.06
8970.35
9124.73
8893.49
9230.78
9108.3
9195.26
8962.86
9065.45
9183.04
8983.48
9016.08
8998.07
8921.53
9004.25
9086.49
9397.51
8879.18
9043.66
9128.63
9113.99
9013.5
9228.39
8923.97
9011.39
8976.85
8994.24
9139.59
8950.16
9262.74
8700.72
9006.74
9108.65
9300.06
8848.46
9018.11
9035.55
9154.99
8941.28
9040.02
9113.96
8941.6
9024.57
9010.15
9079.68
9095.25
9118.44
9205.87
8796.85
8937.23
8965.82
9044.16
8986.42
9181.67
8950.94
9088.49
8922.69
9040.67
9094.92
9112.7
9109.96
8878.25
9190.27
9051.19
9178.72
9286.45
9230.84
9048.49
9160.27
9068.48
8913.9
8968.56
9033.53
9146.56
8926.23
9039.31
9154.31
9076.23
9243.42
9274.97
8923.42
9031.34
8906.55
8899.42
8958.11
9222.22
8955.19
9037.17
9237.49
9205.65
9089.42
9054.2
9016.21
9145.44
8852.77
9186.09
9091.18
9213.48
9006.8
8845.87
8807.39
9068.91
9095.96
9073.13
9002.87
8985.42
9013.15
9015.12
8909.7
9083.91
9021.78
9052.85
8981.53
9062.51
8984.82
9061.43
8962.97
9016.47
9178.04
8932.24
8970.38
9138.52
9002.18
8844.02
9167.43
9013.98
9037.59
9039.82
9264.42
9199.88
9114.92
8923.34
8896.59
9065.45
9012.92
8870.16
9206.79
9054.84
9085.13
9062.72
9150.08
9039.03
8965.1
9111.5
9044.91
9083.54
9056.44
8914.2
9029.28
9140.9
9212.67
9159.02
9073.6
9026.14
9100.03
8842.24
8995.07
9155.59
8882.77
8764.69
9050.38
9089.48
9037.2
8784.93
8875.76
9144.72
9178.91
9035.63
9234.01
8993.12
9063.13
8976.18
9008.88
9069.19
9039.51
8947.61
8990.17
8961.33
9225.03
9071.91
9243.48
8935.19
8875.5
9131.57
8960.05
8972.16
9018.22
9091.95
9090.46
9311.14
8958.06
9054.32
9238.38
9050.67
9130.38
8995.14
9094.72
9115.73
9262.41
9118.38
9276.7
9032.37
8920.51
9150.77
8953.56
8977.93
9016.18
9034.44
8857
9336.7
9059.4
9041.88
9081.75
9221.59
8875.4
8893.79
8962.09
9053.99
9074.08
8892.67
9249.32
9145.1
8953.43
9023.66
9248.74
9001.9
9079.92
9223.24
9182.2
9176.64
8926.51
9124.16
9370.49
9297.24
8956.76
8902.5
9251.5
9242.47
9119.1
9236.59
9239
9216
8936.83
9158.31
9165.02
9163.48
8870.03
8911.11
9237.29
9001.52
9009.27
9061.51
8997.68
9051.5
9069.66
9001.89
8886.66
9149.47
8797.95
9124.05
9164.93
9203.8
9069.1
9376.8
9039.36
8927.7
9308.77
9177.38
9040.45
9128.59
9082.72
9064.85
8995.89
9096.5
9130.91
9158.97
9115.7
9021.41
9185.38
9058.6
9125.36
9100.71
9143.23
9147.19
9029.12
9086.89
9250.55
9045.71
8866.95
9147.27
8838.71
9026.11
8941.97
8871.54
9003.86
9057.92
8954.17
9124.48
9350.98
8984.56
9030.55
8893.3
8999.49
9034.26
9110.75
8967.48
9016.4
8952.08
9261.3
9101.33
9256.83
8858.53
9047.79
9177.16
9154.64
8995.57
9274.11
8842.09
9054.07
9136.2
9127.61
9107.35
8924.62
8960.52
9115.52
9026.16
9067.43
9123.97
9040.57
9027.06
9122.51
9085.46
9142.29
9171.27
9034.06
9155.42
8950.34
8979.34
9158.19
9055.22
8805.45
8942.39
9138.33
8906.42
9266.15
9057.37
9004.36
9222.22
8916.54
9047.72
8943.52
8946.45
8939.97
9071.33
9006.42
9033.24
8860.24
9124.63
9120.3
8799.43
9205.73
8999.06
8984.33
8980.51
8920.8
9147.56
9055.06
9008.15
8955.3
9072.51
9019.88
8988.31
8952.93
8999.53
9045.73
9123.97
8911.88
9013.38
9168.5
9233.71
9177.98
9003.02
8948.01
9217.79
9177.36
9212.65
9049.5
8959.59
8962.68
8917.67
9167.83
9055.57
9121.89
9075.24
8998
9077.35
9059.71
9109.47
8827.98
9177.5
9220.15
9152.88
9173.38
9050.71
9048.38
9063.24
9091.67
9029.8
8936.12
9007.45
9036.4
9054.52
9190.63
8964.38
9096.17
9192.12
8892.9
9289.29
8952.11
8942.27
9076.11
9084.73
8816.18
8954.95
9102.24
8901.43
9168.96
8853.14
9071.75
8971.11
9066.39
8971.73
8974.69
9073
8988.18
9231.22
9071.59
8946.36
9118.37
8970.57
9110.55
9057.27
8942.01
9175.46
8917.74
9040.7
9289.08
8880.65
9116.95
8891.14
9007.78
9423.66
9141.71
8834.19
8972.43
9028.88
8916.5
9029.04
8915.11
9004.02
8943.63
9088.43
8849.61
8954.21
9063.32
9011.1
8924.22
9067.33
8972.32
9270.01
9114.04
9417.32
8974.51
9064.84
9118.15
9036.62
9036.93
9051.21
8965.38
9019.57
9172.59
8959.54
8993
9011.04
9399.6
9274.27
9334.03
9163.11
9043.62
8999.01
9030.57
8855.25
9182.44
9013.51
9178.49
8859.33
9034.24
9072.01
8983.84
9047.95
9060.02
9210.05
8855.92
8917.38
9011.25
8879.2
9161.45
9106.55
9080.2
9222.62
8954.62
8988.29
9235
8927.17
8897.26
8994.84
9041.28
9016.91
9067.27
9220.4
9149.12
8888.4
9170.05
9301.65
8960.39
8946.52
9085.06
9189.12
9166.52
9203.24
9070.25
8937.65
9141.69
9023.48
9051.27
9115.28
8920.45
9005.22
9059.92
8896.17
9006.58
9023.4
9017.03
8718.91
9313.28
9014.13
8764.3
9161.18
9100.52
9045.62
9242.38
8959.83
9064.5
9013.04
8932.19
9052.59
9027.12
9030.89
9226.06
8953.59
9081.34
9178.09
9092.25
9178.38
9025.58
9052.35
8968.86
9230.12
8908.93
9069.13
9199.07
8885.41
8944.85
8877.02
9208.27
8834.93
9022.56
9315.46
9095.84
9147.58
9129.45
9281.52
8925.73
9043.74
9048.63
9003.23
9012.7
8851.05
8900.48
8999.31
9140.56
9156.72
8999.41
9110.09
9172.17
9025.9
8999.23
8949
9247.81
9160.65
9199.86
9021.93
8953.87
9126.54
8912.37
9296.93
8923.93
8950.57
9055.13
8877.35
8991.44
8915.5
8856.41
9050.58
9030.8
8981.12
9020.85
9032.73
9082.43
9238.33
9165.98
9074.55
9113.95
9084.94
9201.07
9162.01
8868.54
9017.9
9185.83
8825.77
9002.07
9229.45
9021.35
9121.97
9197.88
9183.89
9026.74
9059.17
9030.66
8980.08
9111.95
8995.27
9052.65
9206.21
9025.53
9159.93
9157.98
9235.62
9085.17
8880.88
9080.9
9046.01
9242.58
9082.62
9215.46
9148.37
9250.36
8882.91
9148.45
9039.38
9159.38
9262.92
9112.35
8904.43
9111.06
8723.44
8931.62
9282.2
9262.42
8986.44
8780.76
9033.26
9056.75
9075.27
9041.41
8852.89
9289.72
9167.86
8876.83
8902.41
8921.88
8969.36
8974.01
9010.82
8850.02
9087.09
8943.07
9053.24
8989.12
9105.5
9000.88
9052.96
8954.73
9189.3
9061.37
9132.89
9217.42
9017.9
9037.7
9185.47
9018.2
9038.37
9018.72
9131.78
9060.3
8916.42
9049.61
8971.86
9133.58
9180.79
9146.53
8969.9
8853.12
9041.79
9034.9
9015.14
9081.62
9085.44
9191.84
8941.61
9033.79
9109.88
8975.75
9071.04
8927.07
8986.54
8877.42
9165.73
9149.53
9047.76
9190.91
8950.33
9042.62
9061.18
8996.13
9168.82
8989.29
9041.81
9040.37
9065.86
8868.61
8996.57
9074.83
9048.87
8985.34
9015.12
9102.08
8914.37
9222.38
8967.89
8980.86
9185.11
9036.18
9080.71
9034.46
8935.19
8998.31
9162.83
9037.5
9110.6
8935.96
9109.54
9024.5
9020.78
9021.59
9289.85
9038.52
8838.72
8889.56
8872.25
9009.82
9225.83
8998.55
9168.5
8941.92
8918.87
9129.23
9084.06
9070.26
9071.06
9392.86
9125.56
8875.52
8979.07
9004.39
8967.02
9010.61
9086.89
8952.79
9005.38
9019.49
9077.62
9015.02
9104.88
9235.01
8877.82
8993.73
9161.46
8889.01
8961.74
8893.8
9191.28
9152.26
9022.05
9145
9390.67
9034.07
8825.12
8979.73
9175.56
9097.56
9187.89
9153.88
9064.74
8971.63
9074.7
8932.35
9089.97
9037.62
8962.91
9336.97
9209.3
9108.8
8980.63
9042.52
9155.4
9154.83
8824.79
9016.92
8814.11
9241.6
9148.34
8905.2
9080.11
9233.54
9014.56
9102.67
8872.47
9021.42
9058.64
9136.08
8940.73
8936.88
9097.9
8875.95
9222.32
9108.63
9230.12
9128.75
9090.41
8927.21
9164.38
9161.88
8792.66
8989.56
9162.01
8998.55
9051.96
8971.78
9128.98
9023.34
9088.38
8905.01
8876.71
9126.64
9108.2
9134.97
9036.14
9104.89
8964.09
9052.06
8946.43
9355.78
9080.22
9175.44
8862.67
9055.95
8841.84
9044.89
9136.29
9017.35
9183.75
8843.37
9210.25
9026.75
9126.7
8947.54
9203.88
8960.99
9153.58
8869.49
9129.36
8950.24
8967.05
8899.5
9058.62
9131
9086.67
8932.54
9014.68
9006.83
8914.04
8960.07
8880.51
9095.63
9035.11
9152.45
9029.07
9210.14
8969.87
9020.86
9039.52
8780.08
9012.24
9046.73
8870.56
9289.04
9091.44
8916.48
9006.51
9062.64
9145.79
9113.47
9009.09
8917.53
8932.32
8896.98
8959.66
9326.6
8797.91
9107.84
9147.98
8978.04
9016.56
8962.46
9173.95
9211.74
9239.04
9088.45
9018.23
8922.69
8899.67
8948.56
9222.22
9138.29
9020.38
9253.61
9027.57
9053.26
9114.03
9111.75
9067.39
9012.15
8956.42
8988.49
9012.47
9111.88
9052.35
9071.67
9079.42
8941.7
9215.89
9023.19
9215.69
8926.36
9141.22
9094.43
9083.09
9051.2
8966.8
9206.79
8924.97
9083.85
8985.64
9190.74
8991.85
9061.07
8908.69
9025.68
9074.12
9087.07
9123.32
9244.86
8943.73
9064.19
9121.8
9014.11
8901.44
9367.2
9152.73
8924.93
9081.5
8888.65
9159.86
9075.3
9105.03
9121.31
9022.45
9043.64
9132.04
9120.54
9013.03
9009.38
9114.51
9339.48
8999.22
9225.89
8917.87
9029.09
8792.98
9113.07
9088.77
9067.92
9061.78
9161.83
9335.14
9234.15
9066.1
9113.77
9156.29
8808.26
8974.02
9178.67
9029.73
8938.47
9149.06
9127.05
8953.68
8886.38
8914.14
9085.8
9049.1
9156.92
9055.22
9038.79
8869.28
8880.68
9023.81
9213.16
9051.58
9012.66
9098.73
9146.15
9178.82
8997.36
8794.58
9060.69
8997.36
9283.38
8962.31
8821.84
8968.08
9139.51
8908.68
8933.67
9187.12
8799.92
9240.58
9354.01
9129.59
8972.27
9071.37
9044.18
9281.56
8866.96
8900.82
9131.34
9010.41
8956.62
9054.22
9292.09
9118.05
8958.13
8963.54
9311.55
8971.57
9119.46
9076.93
9026.31
9031.13
9118.93
9032.52
9254.56
8927.95
9141.99
9055.66
9018.38
9165.99
8820.92
8962.81
9158.93
9096.95
9045.38
8696.7
8886.36
8979.68
8910.85
9187.57
9074.85
8837.04
8952.06
8942.66
9050.11
8849.95
8883.34
8958.53
9063.26
9092.92
9052.96
9062.93
8861.4
9308.06
8923.62
9001.41
8864.67
8985.02
9098.07
9306
9030.62
8906.9
8960.27
9072.21
8974.29
9081.82
8924.5
8940.04
8865.18
9346.48
8981.6
8991.49
9099.23
9045.86
9144.42
9094.54
9018.44
8958.14
8835.29
9031.04
9098.79
9017.33
9110.24
9053.13
8929.99
8995.96
9045.62
8963.5
9216.66
9411.61
8984.22
9086.72
9024.25
8866.44
9116.72
9074.06
9065.73
8991.83
9002.89
9017.42
8888.37
9186.5
9073.59
9142.14
8811.99
9100.2
9134.8
9124.1
9194.57
9066.55
8897.47
9043.92
8991.27
8987.75
8969.11
8934.23
8994.44
9202.62
9062.84
9190.56
8919.29
9019.16
9009.58
9024.62
9056.65
8861.5
9067.49
9071.65
9172.13
9138.41
8869.7
9046.76
9060.83
9385
8818.93
9063.94
9044.42
9083.95
9016.83
9121.63
9081.96
9091.37
8981.72
8911.98
9075.17
9217.51
9075.07
8966.6
9034.42
9084.34
9116.56
8743.4
9292.81
9301.92
9161.03
9125.11
9028.44
8841.81
8942.67
9192.14
9030.96
8956.63
9196.76
8851.48
9200.18
9134.71
8932.49
9175.54
9054.45
8966.51
8960.36
8909.15
8878.66
9130.83
9186.59
9295.21
9035.24
9001.14
8999.71
9100.27
8952.19
9014.31
9005.45
8878.25
8950.28
9189.39
9259.59
8981.13
8952.16
9007.46
9028.03
9122.35
9081.25
9353.35
9075.4
8672.64
9061.63
8998.3
9212.79
9142.15
9231.39
9095.53
9081.38
9111.98
8924.82
8818.22
9139.61
9119.07
8977.08
9149.66
8955.67
9249.15
9098.28
8776.53
9168.07
8898.08
9131.76
9159.12
8965.48
8902.02
9190.77
9102.52
9141.39
9055.95
9086.1
9024.09
9055.71
8995.91
8931.66
8932.07
9123.34
8990.85
8823.02
9010.36
9131.44
8873.63
9107.67
9157.78
9150.32
9076.8
9191.56
9102.99
8996.5
9078.8
8865.22
8903.58
9143.25
9246.83
9003.77
9150.31
9028.91
8975.52
9167.24
9151.95
9265.35
9082.12
9169.64
9056.45
9211.96
8907.17
9080.82
9186.01
9229.88
9213.95
9319.56
9142.54
8781.93
9125.67
8836.91
8945.3
8887.76
9214.44
9163.25
9034.84
8925.76
9159.53
9051.87
9026.89
9105.6
9140.66
9324.6
8910.76
9158.41
8791.36
8924.42
9184.48
9000.75
9141.82
9178.35
9023.34
9130.59
8966.39
9070.04
8957.87
8962.87
8930.74
8740.08
9084.06
8931.36
8877.8
9165.51
8928.89
9130.56
9279.77
9219.08
9005.39
9143.23
8996.04
9113.33
9023.54
8857.02
9105.19
9039.72
9013.43
8976.39
9111.56
8944.28
9023
8952.16
9238.79
9210.72
9174.44
9045.64
8905.4
8884.95
9112.47
9302.21
9028.01
8936.23
9013.15
9108.72
9090.15
9146.93
8928.25
9139
9151.46
9046.03
9080.04
9073.4
9028.66
9072.68
9073.91
9061.64
9134.12
9003.73
9323.64
9155.28
9149.83
8910.93
9171.04
9035.04
8993.54
9131.65
9167.45
8999.99
8910.65
9222.62
9114.45
8985.22
9004.93
9050.55
9093.21
8815.74
9142.37
9138.86
9035.69
9156.73
9137.27
9075.32
9113.84
9012.08
9061.05
8777.78
9044.86
8859.16
8962.59
9005.53
9043.47
9000.41
8977
9129.18
9275.13
9130.37
9133.75
8974.79
8794.11
9017.17
8809.82
9069.71
9022.97
8729.25
9010.26
8851.46
9093.28
9040.23
9182.58
9027.65
9146.25
9187.65
8941.93
9239.19
8916.44
9177.54
8972.09
9049.96
9126.56
9190.24
8848.46
8777.76
9167.15
9043.8
9091.54
8863.11
9008.79
9006.75
8939.43
8842.53
9148.09
9100.14
8990.73
8910.64
9056.5
9168.27
9117.69
9175.23
9125.32
9084.52
8994.81
9239.62
9230.79
8999.42
9080.04
9006.06
9225.31
9196.19
8879.68
9097.34
9047.26
9171.47
8955.25
9046.67
9016.58
9150.93
9050.65
9020.03
8970.06
9012.15
8918.84
9296.67
8869.68
9088.33
9063.87
9017.26
8903.32
9154.25
9371.41
8972.37
8947.8
9107.84
8995.1
9101
9128.03
8934.91
9056.08
9009.15
9039.46
9139.49
8986.54
8949.99
8908.34
8853.9
9153.96
9045.03
9029.51
9097.38
9071.94
8974.44
9029.62
9071.08
9163.89
9213.29
9164.57
8905.4
9065.42
9076.93
8884.09
9235.46
9018.76
9025.13
9196.69
9004.31
8970.81
9118.23
8980.52
9070.34
9210.13
8962.98
9163.21
9117.06
8866.42
9092.08
9180.93
9031.74
8889.42
8917.05
9162.37
9088.76
9001.82
9048.08
9153.3
9071.36
9295.75
9065.12
9022.21
9018.19
9344.26
8892.16
9191.33
9196.57
9247.28
9186.1
9069.88
9227.45
8977.18
9001.95
9018.7
8942.72
9151.11
9053.41
8901.42
8943.74
9053.84
9119.3
8963.35
9018.18
9185.28
9238.73
8955.09
8906.6
9039.97
8903.42
9120.95
9067.43
9215.99
9014.15
8857.89
8866.94
9292.32
8913.56
9026.58
9152.68
8977.23
8901.03
9176.35
9167.66
9060.41
8831.71
9051.69
9023.51
9102.52
9079.37
9044.67
8871.29
9099.44
9002.17
9006.71
9055.16
8935.64
9150.64
9047.67
9016.14
9178.46
9034.57
9175.07
9102.42
9143.51
9043.68
9215.21
9050.86
8903.64
9030.82
8938.78
8897.52
8857.27
9343.47
9089.25
9008.41
9118.36
9293.06
8976.4
9025.19
9243.83
8952.62
9429.43
9228.18
9007.27
9042.07
9117.63
9108.36
9058.31
9130.49
9036.54
8887.59
8874.44
9137
8984.2
9167.49
9116.82
9043.63
9145.68
9148.49
8935.33
8992.07
8922.1
9011.86
8749.24
9111.35
9047.1
9088.95
9152.04
9070.55
9065.24
9088.83
9140.98
9060.43
8949.96
9104.72
9086.01
9125.24
9047.76
9183.65
9016.84
9002.01
9099.21
9088.16
9113.92
9122.52
8994.81
8908.44
8997.41
9032.73
9090.47
9126.09
9113.14
8981.52
8948.65
8963.75
9133.38
9287.15
9014.49
9113.33
9017.86
9055.89
9075.25
9093.38
9312.17
9021.47
9038.32
9075.17
8997.62
8989.63
9004.58
9136.59
9145.74
9053.46
9183.76
9145.4
9161.21
9145.25
9144.12
9071.62
8911.02
8728.59
8824.82
9231.62
8948.01
8874.36
9156.68
9092.5
8968.6
8999.18
9050.56
9080.7
9055.61
8944.56
9002.35
8918.59
9014.37
9008.6
9055.86
8998.82
9092.18
9180.08
9016.46
9156.94
9309.65
8969.55
9176.15
9124.27
9029.54
9114.21
9097.07
9004.71
8973.87
9195.75
9112.03
9043.6
9027.09
9290.96
9167.67
9174.84
9127.82
9135.99
9168.99
8946.74
9150.31
9050.24
8822.75
8921.8
9245.09
8784.21
9039.67
9003.56
9211.54
8989.1
8921.11
8916.28
9027.83
8888.55
9013.93
8902.06
9091.4
9025.46
8967.23
9116.91
8906.89
9345.59
8975.95
9004.16
8955.56
8947.09
8878.94
9218.35
8860.68
8918.37
8999.35
8895.38
9286.49
8902.46
9011.92
8926.78
8978.17
9215.92
9175.69
8943.15
8825.1
9000.18
8980.28
9054.86
9179.08
9164.52
9013.66
8962.94
8984.3
8894.91
9016.22
9186.05
9157.24
9127.55
9104.16
9182.54
9083.48
8960.19
9070.67
9198.77
9118.22
9156.54
8957
9034.84
9012.45
8922.28
8842.58
9202.38
9004.47
8825.6
9186.3
9141.23
8965.9
9252.37
9005.66
9105.84
8965.91
9315.12
9091.64
8986.67
9081.56
8800.72
8998.35
9122.68
8937.42
8976.45
8886.52
9007.85
8911.26
9226.85
8878.41
9099.95
8874.44
9112.95
8905.3
9207.22
9084.34
9293.97
8880.77
8951.08
9113.69
9028.5
9159.02
9045.25
8921.62
8954.79
9077.13
9275.61
9147.1
9108.51
9034.81
9151.56
9079.31
9254.68
9159.32
9126.7
9102.47
9215.51
9087.8
9206.12
9050.75
9157.86
8771.23
8984.16
9187.06
8978.44
8943.98
9134.28
9046.23
9014.44
9066.72
8806.37
9009.42
9120.65
9107.48
9072.34
9050.86
9153.68
8942.67
9151.03
9180.31
9271.78
9103.54
9037.8
9071.03
9114.48
9057.08
8981.03
8947.11
9011.81
9123.1
8943.52
9106
8963.55
9126.62
9127.35
9354.12
8903.65
9194.91
9001.94
9135.95
8990.73
9073.52
9045.28
9086.5
8929.16
8874
8927.68
8891.6
8800.92
9433.52
8974.35
9096.45
8873.37
9138.36
8985.68
9223.52
9037.95
9010.8
8940.85
9089.41
8828.14
9113.14
9269.59
8882.6
9263.26
9132.96
9152.63
9278.48
9143.48
9104.71
9092.16
9086.98
9025.41
9046.88
8914.3
9117.23
8943.98
8963.62
9016.04
9098.97
9126.11
9030.29
8999.5
9009.53
8939.27
9094.86
8879.14
8971.9
9158.97
9193.87
9101.67
9253.01
9175.11
9012.59
8905.79
9014.79
9152.48
9099.58
9141.52
9027.88
8975.38
9210.02
9102.47
9213.26
9106.15
8957.45
8902.76
8867
8994.16
8915.29
9138.45
8887.74
8941.17
8868.73
9026.77
9388.37
9156.15
9108.17
9284.19
9174.21
8944.87
9223.18
9057.36
8892.37
8912.36
8805.2
9107.62
9155.82
8893.91
9432.03
9201.89
9212.83
9047.08
8939.39
9158.93
9058.45
9060.57
9168.23
8950.17
9121.94
9350.85
8976.9
9184.73
8850.76
9112.13
9034.85
8932.21
9197.43
9040.75
9007.75
9035.23
8891.8
9018.07
9032.29
8977.64
9084.89
9057.84
9149.52
8961.97
8838.83
8979.89
8959.21
9277.47
9191.29
8739.79
8900.22
9191.5
8908.8
8946.34
8953.21
9160.82
8986.77
9051.61
8917.63
8882.94
8947.19
8981.68
8964.27
9107.26
8913.9
8844.23
8881.62
9286.78
9084.31
9118.59
8803.73
9107.48
8902.48
9161.69
8952.12
9186.94
8943.63
9152.12
8862.48
8963.29
9225.12
9182.99
9153.28
9172.28
9102.02
8794.58
9052.28
9207.62
9007.95
9286.15
9164.15
8956.79
8978.6
9104.88
9119.58
9152.06
9026.71
8987.62
9088.45
9195.3
9044.55
9260.97
9073.11
9150.03
9040.13
8931.46
9074.56
9256.02
9007.64
8957.98
9181.57
9146.18
9111.54
9030.91
8943.28
9177.89
9025.66
9157.15
9054.56
9063.63
9183.71
9022.88
9163.38
9085.31
9215.83
9016.48
8968.12
8941.95
8926.93
9189.9
9079.79
8947.75
9021.6
9041.19
8845.61
9030.84
8950.56
8985.97
8973.15
9016.5
9373.06
9132.56
8961.67
9074.07
8850.5
9018.02
9115.51
9000.6
8930.41
9197.2
9073.65
9150.22
9235.11
9159.15
9193.63
9226.79
8960.61
9321.88
9006.28
8825.3
9015.94
8973.28
8995.3
8991.49
8918.18
9130.23
8830.5
9217.34
9027.8
9003.89
8997.56
9115.97
9186.94
9331.29
9126.71
8946.01
9003.32
8928.17
9016.71
8874.88
9097.26
9119.15
8806.01
9082.83
8809.13
9181.12
9099.44
9033.71
9151.53
9359.51
9133.44
9085.83
9114.25
9206.37
9075.32
9080.72
9025.45
9221.17
9111.21
9055.9
9128.92
9068.62
9218.33
9114.49
9009.7
8870.47
9111.76
9038.43
8965.97
9115.69
8967.6
9109.98
8936.13
9116.98
9159.12
9002.53
9041.91
9044.44
9272.69
9069.44
9025.25
8892.57
9219.86
9114.93
8860.37
9021.46
9087.72
9127.6
8873.59
9019.77
9009.63
9070.7
8967.35
9300.03
9104.52
8915.75
8976.91
9042.34
9054.48
9099.66
9100.9
9061.38
9105.26
9111.92
9096.92
9060.89
9069.82
8977.57
9028.97
9045.03
9194.61
8825.51
9062.63
8839.63
9135.88
9044.13
9120.55
9051.52
9106.21
8799.63
9072.99
8816.53
9025.99
8923.95
8952.38
9051.1
9062.81
9179.54
8997.06
9044.27
9035.6
8931.61
8926.37
9030.57
9062.82
9049.14
8911.57
9040.88
9196.1
8884.63
9134.23
9153.65
8796.07
9238.37
9002.76
8884.94
9055.21
9115.86
9030.71
8946.46
8933.13
8866.89
8930.97
8922.75
9100.48
9102.92
9117.09
9230.43
8976.22
8905.72
9073.89
9274.94
8985.46
9110.11
9196.53
8778.67
9152.25
9089.7
8889.73
9085.77
8977.08
8851.94
8849.44
8955.93
8936.91
9240.88
9081.96
8871.07
9018.51
9130.64
8941.05
9144.7
8968.89
9049.94
9019.12
9132.16
8933.53
9001.21
9011.86
9240.13
9005.94
9068.12
8886.45
9190.93
8923.24
8917.11
9099.14
9236.12
9007.5
8892.81
9156.14
9167.77
8979.16
9170.92
9042.62
8892.79
9251.76
9223.19
9119.37
9039.16
9057.18
8888.88
9175.2
9013.63
9096.53
9107.12
9039.98
9180.35
9058.7
9146.34
8905.63
8843.29
8965.98
8899.93
9151.42
8797.83
8935.32
8924.05
9226.11
9102.75
9039.71
9147.95
9070.43
9038.63
9199.6
8946.97
9048.85
9069.63
9244.2
8979.53
9006.46
9078.13
8892.31
8910.28
9124.63
9236.72
9146.73
9301.22
9168
9110.73
9132.78
9072.66
8917.82
9075.44
8842.56
9160.51
9048.78
8867.7
8890.39
9122.62
9035.2
9014.13
8998.92
9052.23
8947.78
8988.41
8942.17
9074
8890.47
9063.37
8987.73
9141.14
9041.22
8942.79
8987.41
8953.35
8914.86
9091.94
9228.25
8888.7
9081.78
9093.25
8971.74
9165.9
9032.15
9101.53
9066.63
8955.82
8998.69
9227.41
9050.84
8907.57
8963.16
9066.96
9057.17
8877.44
8680.3
9193.63
9058.75
8894.19
8922.09
9045.26
8885.86
9183.25
8964.03
8963.86
9212.9
8908.61
8992.4
9038.78
8909.69
8996.19
9143.33
9229.96
8978.42
9140.35
8787.38
9159.81
9087.15
9065.02
8981.14
9082.03
8845.49
9090.83
8991.48
8818.65
9043.16
9041.87
9318.97
9311.7
9092.01
8950.01
9024.1
9042.02
9046.48
9215.08
9222.18
9119.85
9101.59
9147.91
8953.7
9182.94
9043.79
9021.48
9082.3
9122.51
9015.26
9233.22
8999.1
9086.83
9053.84
9220.89
9061.95
9030.8
8893.55
8902.61
8874.98
8856.64
8985.81
9133.5
8962.37
8909.2
9146.45
9110.54
9045.91
8951.18
9050.78
9150.14
9222.85
8864.88
9119.84
8988.99
9053.24
8862.03
9030.32
9047.12
9144.17
9258.46
9098.49
9113.91
9044.43
8855.66
8942.06
9008.44
9014.79
9081.8
8897.19
9145.51
8949.62
8969.91
8996.46
8815.19
9299.21
9096.51
9069.09
8927.8
8941.84
9065.45
8976.48
9114.18
8954.24
9022.26
8884.44
9107.27
9090.19
9224.53
9216.05
8910.97
9189.7
9254.47
8975.06
9148.02
8872.32
9017.18
9035.29
8842.66
9001.49
9064.3
9089.87
9120.31
9136.79
9081.63
9186.68
9162.72
8938.5
9305.03
9115.48
9019.55
9067.66
9085.2
9099.81
9139.76
9212.01
9093.46
8955.23
8947.71
9092.74
8867.91
9041.23
9165.02
9031.57
9089.36
9112.71
9078.4
9197.01
9172.52
9275.38
9044.31
9046.7
9059.65
9144.97
9111.99
9219.92
9077.37
8928.84
8865.54
8946.62
9271.52
9090.7
9104.31
9178.01
9101.53
8887.41
9250.45
9164.45
8936.64
9262.21
9168.4
9039.84
9039.24
9024.29
9041.67
9014.7
9017.33
8996.46
9109.14
9376.9
9379.9
9093.62
8985.6
9097.85
9174.83
9166.43
9053.59
9086.47
9136.07
9044.19
8742.96
9126.78
9000.82
9025.86
9100.13
9015.57
8896.77
8859.57
9128.52
9170.82
8896.35
9314.11
9192.08
8990.88
9304.6
8853.55
9088.61
9024.65
8891.33
8891.46
9180.65
9248.7
9007.76
9048.27
8889.47
9255.8
9177.41
9094.71
9163.74
8910.78
9037.69
8997.94
8986.01
9065.13
9133.37
8998.86
8972.1
9074.55
8824.77
9090.54
9000.54
8813.55
9125.24
9247.73
9280.39
9170.12
9215.12
8939.05
9135.82
8979.34
9039.54
9103.32
8978.86
9037.14
9007.73
9104.88
9099.48
9191.8
8984.29
9214.97
8806.35
9232.51
9143.77
8987.51
9194.3
9234.95
9174.96
9163.81
9109.53
8918
9049.65
9044.08
9212.29
9180.19
9087.84
9031.62
9011.52
9268.78
9318.97
9013.54
8897.8
8944.72
9178.55
9012.28
8999.6
9087.89
8971.21
8900.18
9175.57
9029.55
8937.93
8959.93
8930.54
9188.16
9027.06
9219.48
8860.19
9260.54
8949.04
9151.13
9067.71
8858.84
8999.24
9098.71
9029.23
8945.69
9044.8
9059.97
9224.42
9044.2
9289.54
8901.23
8783.27
9086.86
9267.12
9072.33
8919.07
8991.81
9182.42
8880.61
8959.36
9048.97
9102.74
8862.52
8865.87
9065.92
9134.33
9094.31
9173.85
9158.65
8852.54
8973.58
9137.8
9235.34
8917.23
8976.49
8956.53
9106.36
9169.72
9168.33
9260.01
8990.56
8909.72
9043.19
8939.85
9019.91
9104.97
9164.67
8964.31
9068.66
9041.13
9192.26
9020.47
9023.05
9117.07
9183.06
9062.24
9058.83
8887.89
9174.35
9022.85
9155.43
9044
8917.61
8937.25
9068.9
8939.68
9022.47
8920.36
9037.93
8906.62
9134.26
9025.76
9019.97
9048.69
9069
9019.08
9046.17
9201.83
8856.24
8984.21
9227.05
8891.26
9337.51
9235.26
9130.62
8990.64
9074.93
9102.97
8935.51
8869.08
9056.56
9007.03
9282.5
9161.57
9003.56
9168.51
9213.29
9082.31
8797.51
9027.33
8900.86
8915.52
9164.79
9306
9219.06
9100.51
9148.85
9093.73
9013.7
9151.36
9096.21
9103.31
9117.04
9055.57
9061.08
9022.3
9040.73
9082.14
9166.48
9080.87
8911.49
9003.7
9081.06
9126.18
9274.5
8994.91
8932.15
9146.88
9141.7
9066.65
9013.15
9185.29
9017.14
9218.93
9133.36
9035.29
9018.39
9097.41
9001.07
9053.58
9073.17
8871.69
9211.59
9241.2
9039.14
8920.95
8955.84
8916.32
8867.89
9026.76
8918.14
9088.95
9087.28
9115.32
8967.06
9028.45
9197.36
9017.24
9001.55
9038.45
8922.15
9017.97
9022.54
9175.98
8974.07
8922.11
9103.89
8976.41
8995.17
9183.83
9214.6
9036.11
9302.42
8947.2
8957.83
9130.51
8876.09
9008.1
8872.88
8984.8
9137.6
8902.75
9266.76
9237.88
8916.01
9133.58
9089.38
9159.43
9021.42
9061.41
8971.01
9174.61
8932.18
8934.36
9025.31
9059.89
8983.8
8969.64
8994.15
9172.22
9190.27
8986.9
9129.86
8912.12
9428.23
9190.8
9011.64
8739.89
8983.19
9176.41
8942.41
9023.28
8856.68
9068.86
9062.97
8951.36
9261.16
8794.19
9105.8
9007.14
9153.56
8955.3
9146.46
8931.88
9061.43
9183.9
9170.19
8840.07
9037.59
9077.76
8974
8978.41
9042.21
9112.16
9075.08
9185.92
9228.15
8883.54
9024.76
9122.13
9221.74
9062.76
8982.42
9096.8
9216.82
9013
8888.57
9217.88
9028.7
8972.09
9233.62
8865.98
9039.18
9028.87
8955.05
9083.02
9106.7
9121.27
9243.16
9263.17
9161.55
8829.15
8975.02
9248.09
9083.32
9084.94
9062.47
9096.07
8941.64
9131.25
9103.9
9113.71
8982.16
9161.86
9064.75
8987.08
8980.66
9213
8976.68
9151.85
9048.1
9021.46
9150.67
9237.26
9083.74
9139.48
8993.11
9078.23
9153.11
8817.57
9111.47
9194.07
9023.19
8948.8
8931.02
9237.51
9083
9157.26
9127.29
9053.63
9040.64
8941.7
9036.15
8912.64
9153.44
9105.67
9119.03
9003.41
8909.64
8939.9
9344.11
9064.4
9131.88
9074.06
9071.02
8989
8889.82
8878.15
8961.37
9008.7
9036.39
8915.2
8959.07
9093.14
8930.2
8966.3
9053.09
9083.14
9107.09
9182.4
9036.61
9038.54
8961.37
8960.44
8996.19
8957.46
8897.11
9110.2
9240.97
9199.35
9157.24
9054.35
9227.34
9167.64
9024.9
8914.85
8995.05
9086.05
9026.01
9250.84
9152.9
9109.87
8976.33
9173.47
9267.22
9322.22
9302.49
9296.94
9183.13
8940.71
9385.24
9032.34
8978
9036.25
9097.26
9104.66
9023.44
8997.43
9066.49
8901.96
9041.23
8841.41
8902.93
8961.09
9329.21
9147.07
8973.85
8899.09
9094.57
9094.76
8967.67
8919.73
9059.97
8880.54
9131.91
8988
8897.61
8980.48
9223.46
9024.31
8902.33
9016.07
8855.27
9018.54
8856.66
9091.71
8896.02
9014.11
8865.6
9154.95
9156.47
9161.62
9046.78
8991.13
9042.28
8957.45
9113.03
8978.02
9277.14
8998.93
9000.98
9118.84
9299.53
9117.28
8956.42
8951.48
8935.9
9085
9206.37
9190.15
8966.71
8834.08
9146.71
9049.19
9269.02
9178.88
8971.82
9174.17
9141.75
8823.4
9179.35
8968.3
8995.83
9046.06
9252.14
9058.05
8885.13
8933.65
9039.13
9153.55
9045.68
9124.87
9148.37
9156.73
8983.8
9076.95
8914.59
8896.12
8763.64
9374.03
9013.61
8999.72
8881.08
8919.99
9042.13
8741.79
8925.57
9042.86
9000.7
9037.44
8942.25
9203.73
9069.25
9070.45
9006.59
8810.59
8995.48
8965.4
9102.71
9030.46
9116.57
8922.63
8938.04
8829.43
9274.81
9213.09
8957.97
8941.16
9033.42
8931.63
9118.89
9102.62
9257.58
8854.76
9145.01
8952.8
8921.71
8996.27
8997.31
9192.02
8847.56
8931.54
9145.81
9030.39
9002.37
9353.2
9057.98
9306.37
9218.5
9085.88
8974.4
9156.54
8973.84
9037.68
9137.48
9193.23
9104.6
9256.88
9029.03
9059.58
9040.91
8891.47
9237
9100.54
8991.88
9228.07
9246.52
9078.58
8913.4
8819.55
8969.94
8813.95
9044.57
9087.02
8840.08
8927.89
9179.67
9056.49
9133.06
9186.65
9174.48
8974.47
8969.68
8945.83
8918.17
9084.79
9149.41
8998.44
8985.4
8797.16
9096.01
9082.5
9060.89
9331.07
9223.16
8957.26
9094.19
9084.21
8980.16
8996.83
9147.37
9066.17
8877.26
9170.24
9148.21
9077.67
9102.45
9195.39
8877.56
9148.67
9129.61
8869.05
8914.82
8879.03
9085.18
8922.88
8931.11
9127.47
8961.65
8997.49
9263.65
9244.78
8935.37
9055.96
9263.95
9097.36
9031.82
9082.82
9087.6
8948.66
8928.74
9171.51
8791.09
8913.95
8943.93
9203.26
9074.9
9106.3
9086.02
8832.38
9218.82
8959.27
9045.15
8960.82
9238.77
8996.19
9167.41
8970.64
9055.43
9345.1
8998.27
8925.86
9056.31
9142.9
9104.28
8951.39
9108.54
9136.4
9155.14
8949.31
9171.08
8912.27
9208.65
9302.43
9090.08
9030.79
8978.85
9093.01
8940.16
9103.04
9220.78
9042.19
8965.79
8941.97
8973.06
9120.84
9197.23
9008.55
9068.71
9149.26
9143.59
9219.98
9016.57
9150.87
9139.82
8900.17
8940.52
9010.23
9050.38
9195.2
9151.45
8980.87
8982.5
9002.89
8987.24
9091.33
8888.91
9040.86
9123.82
9046.46
8935.71
9064.55
9156.21
9135.18
9194.8
9183.07
9020.05
8925.71
8786.15
9171.86
8964.22
9163.87
9178.9
9182.39
8991.33
9185.08
9126.22
9248.35
9023.16
9145.09
9087.8
8924.57
9148.43
9046.67
9132.54
8819
9235.56
8966.43
9215.25
9321.2
9268.89
9102.57
8891.85
8940.88
9144.97
9262.26
9159.71
9003.98
8977.54
9074.57
9078.28
9007.3
9020.19
8857.1
9092.63
9161.97
9025.36
9054.35
9044.07
9158.44
9155.49
9374.89
8803.56
8961.51
8977.38
9302.07
8995.37
8960.09
9009.01
8856.19
9094.45
8995.72
8962.24
8853.86
8854.53
9008.4
9157.9
9057.9
9244.07
9167.15
8784.04
9062
9154.71
8986.78
9059.56
9135.42
9055.76
9078.39
9197.69
9128.65
8974.25
8910.02
9001.57
9165.96
9170.74
9150.2
8747.03
8877.83
8983.47
9291.19
9069.4
8831.52
9001.46
9046.13
9271.54
8886.67
9280.59
9210.89
9131.05
9299.29
9003.38
8913.93
9087.18
9032.78
9232.13
9031
9163.9
9086.54
8943.43
8835.55
9244.89
8939.7
8847.84
9243.81
8868.06
9151.94
8871.59
9107.66
9086.46
9072.18
9210.77
9054.16
9057.58
9126.78
9043.91
9063.69
8942.98
8965.42
9170.72
9079.15
9167.79
8899.99
8946.66
9039.3
9181.98
9075.3
9126.92
9174.72
9113.7
8921.73
9035.91
9120.52
8843.56
9241.59
8880.55
8949.34
9232.68
9051.38
9251.14
9169.56
9055.77
9095.15
9060.33
9410.7
8972.13
9142.24
9045.41
9028.39
8907.09
9082.41
9019.07
9074.9
9073.94
9120.02
9024.65
9011.05
9097.64
8862.23
9157.55
9028.08
9109.87
8948.84
9010.1
9022.93
9183.01
8957.73
9043.31
8872.55
9090.19
8996.86
9002.99
9084.66
8960.04
9127.54
9056.86
9047.03
9065.59
8988.62
9036.78
9051.52
8994.35
9074.35
8841.76
9116.84
9026.35
9023.46
9046.49
9088.48
9257.48
9322.61
9215.33
9067.4
9092.36
8905.52
9112.76
9033.67
8949.27
8940.03
9118.35
9071.56
9017.03
9055
9115.11
9153.64
8948.14
9006.57
9091.56
9146.23
8987.3
8895.5
9075.98
8862.12
8910.9
9115.98
8977.75
9211.77
8901.54
9246.81
9109.1
9089.77
8944.45
9135.89
9242.34
9002.08
8844.04
9010.38
9118.37
9049.62
9242.55
8954.62
8941.83
8964.62
9103.12
8984.15
9014.16
8994.54
9075.73
8854.71
8974.26
9158.23
9026.97
8923.58
8955.43
9131.22
8683.91
8995.21
8931.24
9132.36
9036.92
9014.07
8983.15
9250.81
8890.99
9218.18
9040.8
8876.57
8980.7
9126.08
9196.67
9006.43
9074.09
9174.27
9269.97
8929.43
8838.54
9132.03
9147.95
9142.34
9207.25
8946.79
8925.79
9097.61
9247.15
9012.74
9136.12
9044.28
9180.92
9116.72
8952.02
9044.84
9052.63
9193.12
9182.92
9131.65
9235.41
8901.44
9044.72
9083.47
9109.02
9047.13
9037.92
9027.58
9082.75
9280.51
8889.52
8946.71
9043.68
9093.05
8874.48
9246.69
9015.39
9054.42
9024.25
8847.94
8851.91
9145.17
8994.63
8892.69
9150.25
8946.6
9023.8
9198.98
9024.44
9225.53
9032.71
8870.77
9259.68
9170.87
9076.48
8981.15
9036.68
8999.21
9100.23
8964.35
8994.67
9078.74
9028.76
8998.75
9155.56
9170.7
8984.42
9273.62
8994.49
9119.41
8868.16
9016.9
8871.75
9074.27
9050.02
9095.92
9134.64
8870.58
9155.43
9202.48
8969.77
9002.47
8930.15
8994.02
9027.11
9121.28
9157.68
9142.79
9170.43
8948.65
8928.32
9163.5
8915.64
8896.24
9038.64
8978.03
9053.97
9213.9
9150.31
8835.29
9317.85
8982.98
9232.56
9128.08
9076.08
9070.78
9051.23
9104.97
9012.68
9173.6
9165.35
8952.98
9339.88
9101.93
9364.25
8984.5
9279.8
8850.35
8922.53
9025.8
8869.37
8948.65
9023.26
9205.55
9256.41
9107.7
9034.79
9135.48
9091.76
9094.61
9071.79
9305.83
8849.32
9128.15
8977.09
9038.81
9113.45
9059.44
9065.76
8807.04
9053.48
9008.7
8871.39
9178.12
8999.73
9019.72
8994.56
9191.8
9238.14
9002.83
9199.85
8844.41
9167.28
9062.14
9145.03
8960.98
8877.69
9350.93
8949.28
9178.16
8854.4
8861.6
9025.5
8895.56
8957.38
8984.53
8908.99
9139.37
9096.14
8980.21
9151.4
9345.97
9033.8
9235.33
9122.05
8907.41
9135.68
9046.17
9104.23
8936.17
9283.49
9104.76
8938.72
9048.02
9031.25
8973.98
9096.55
8958.46
9175.81
9124.78
9075.3
8902.29
9039.95
9156.86
9035.88
9065.39
8882.07
9112.64
9129.17
9328.13
9094.83
9023.05
9002.78
8921.02
9115.99
8984.5
9239.62
9163.15
8932.06
8788.29
8902.87
9212.38
8906.12
8876.72
9229.67
9015.91
9109.33
8994.39
9101.94
9153.39
8951.72
8774.71
8884.69
9236.44
8963.53
9119.11
9040.9
9082.88
9089.52
8808.14
8957.8
9334.25
8948.44
8951.64
9020.8
9011.2
9086.97
9046.53
8979.43
9099.75
9157.88
9010.56
8994.99
9072.32
8897.7
9065.65
8978.19
9089.15
9238.83
8989.17
9040.75
9002.92
9018.55
8745.54
9042.51
8746.39
8923.8
9053.21
9025.06
9000.12
8935.38
8932.3
8671.54
9119.87
9101.97
9102.58
9107.36
8987.43
8914.71
9095.14
9106.22
9057.85
9101.37
9184.38
9027.83
8845.82
8997.42
8929.64
9046.52
9089.6
9051.86
9226.02
9059.72
9072.35
8995.83
9014.99
9135.48
8915.2
9160.63
8978.49
9159.32
9073.25
9170.41
8841.58
9048.68
8810.72
9031.01
8994.76
8922.42
8884.38
9183.26
8885.34
9020.19
8893.15
9106.02
8966.07
8975.97
8973.84
8891.32
9161.32
9059.57
9234.99
9127.56
8935.98
9154.47
9172.13
9075.28
9173.17
8819.55
8994.52
9119.56
9163.75
9029
9003.74
9203.36
9012.6
8944.45
9027.14
9091.64
8874.2
9284.74
8990.84
9005.61
9008.31
9215.33
9083.92
9033.99
8870.28
9193.05
9048.54
9118.75
9095.09
8945.25
9108.3
8981.81
9304.79
9102.49
8948.18
8975.39
8856.44
9246.09
9160.76
9082.05
8974.33
9141.64
9136.91
9139.68
8885.05
9027.55
9039.29
9039.27
8961.21
9116.98
9066.14
8777.31
9064.34
9169.06
8934.84
9201.1
9081.82
9154.61
9059.26
9055.66
8807.66
9099.68
8839.28
9037.27
9207.23
9050.68
9232.1
8950.59
9185.51
8930.55
9034.97
9144.92
9012.66
8990.14
9108.04
9014.91
9058.75
8970.91
9053.01
9096.26
8890.57
8808.21
9051.81
9099.34
8926.49
9171.57
8910.08
9147.04
9159.21
9112.49
9070.03
9188.7
9206.09
9180.19
9047.98
8918.16
9106.08
8908.61
9205.89
9187.38
8897.56
8757.28
9093.76
9029.19
8954.97
9103.18
9061.99
8977.32
8999.8
8852.39
9073.75
9083.62
9072.38
9138.8
8904.82
8897.55
9005.59
8990.61
9167.39
9079.48
8861.91
9142.55
9227.38
8789.66
8987.7
9054.88
9177.49
9074.01
9306.74
9104.53
8977.03
9251.49
9087.33
8919.07
9145.49
8851.42
8872.02
9202.92
9240.95
8916.76
8933.18
9243.68
9303.45
9130.34
9100.82
8988.26
8946.19
9261.75
8985.46
9135.33
9280.58
9047.59
9174.37
9050.98
9455.24
9221.04
9269.92
9023.86
9109.48
8952.88
9134.2
9126.07
8951.09
9256.19
9213.21
9058.08
8993.38
8935.14
9066.19
8977.2
9085.53
9022.5
9021.35
9102.15
9064.56
8985.86
9049.92
9095.12
9196.25
9242.83
8943.31
9196.84
8948.6
9119.29
8844.1
9010.35
8984.95
9108.74
9186.85
8947.12
9038.72
8957.64
9027.14
9026.89
9156.64
8973.5
9030.17
8890.19
9151.03
9105.57
9029.01
9180.02
8945.46
9073.99
8971.39
8944.11
9161.2
9201.11
9147.22
8853.77
9153.43
8968.93
9019.56
9308.64
9072.01
8911.35
9155.54
9219.57
9141.01
9071.89
9100.4
8917.75
9106.06
8914.95
9174.62
8962.59
9047.14
8974.89
8904.74
8865.18
9377.52
9032.51
8870.25
9211.66
9097.98
9310.98
8988.49
9252.61
8956.71
8981.87
9070.18
8986.48
8972.09
9166.27
9051.47
9022.56
8902.08
9156.25
9115.43
8932.07
9005.97
9222.93
9078.67
9094.45
9012.04
9213.52
9020.11
8994.26
8822.34
9210.7
9088.2
8912.42
9267.88
9161.27
8885.48
9219.94
9203.66
8998.99
9127.47
9032.16
9005.2
8995.64
9098.71
9053.39
8895.48
9091.51
9004.43
8997.77
9050.41
8976.49
9127.31
9084.67
9085.88
8810.57
8862.07
9023.03
9209.01
9082.86
9095.58
8851.43
9021.43
8914.01
9056.49
9144.53
8954.89
8965.86
9097.34
9231.68
9149.5
8933.92
8864.63
9244.61
9200.33
8971.66
8990.78
9048.76
9072.52
8976.39
8935.74
8846.58
8897.78
8699.29
9174.27
9011.9
9057.64
8928.26
9265.76
9172.14
9114.35
9208.98
9302.25
9196.97
9008.08
8962.66
8983.96
9125.74
9349.97
9167.61
9058.76
8967.94
8890.72
9094.46
9195.87
8992.84
9111.43
9118.03
9356.95
9035.01
9291.25
9076.64
8884.79
9272.46
8889.75
9106.25
9141.29
9197.23
8844.38
8966.15
9071.26
9090.17
9037.89
9022.84
9153.84
9005.84
9174.6
9131.8
9134.08
9174.8
9076.93
9003.49
9237.87
9106.13
8909.86
8922.75
8829.54
9149.76
9098.06
8968.64
9001.01
8924.75
9380.75
9094.53
9115.42
9259.08
9083.67
8963.37
8936.08
9106.47
8973.75
9057
9034.4
9164.69
9064.19
9226.08
8861.86
8982.97
8862.36
9111.19
9377.19
9046.73
8819.64
8847.25
9007.69
9011.13
9155.78
8891.96
9043.07
9057.96
8883.29
9044.18
9022.46
9145.39
8869.41
9092.71
9051.4
9095.56
9005.37
8951.27
9015.73
9012.69
8910.39
9167.02
9092.57
9124.09
8856.89
9065.09
9025.99
9049.09
9044.02
8971.73
8933.32
9063.4
8972.62
8851.41
9114.87
9019.64
8967.11
9262.71
8913.75
8932.14
8827.35
8989.54
8954.28
9101.69
9027.17
9007.25
9019.87
8936.9
8916.43
9016.49
9051.92
9134.7
8971.72
9114.94
9045.49
8970.79
8909.47
9072.17
8883.4
9056.21
8903.38
9065.74
8905.85
8921.77
9148.26
8878.38
8945.51
8994.97
9090.2
9032.43
9128.67
9278.76
9013.59
9085.74
9172.98
9125.18
9097.11
9134.74
9108.15
9000.71
9026.27
8831
9347.66
8999.39
9183.32
8979.89
8931.76
9085.81
9159.83
9303.74
8984.47
9132.99
9050.97
8889.44
9063.53
8935.92
9031.87
9109.4
9165.32
8852.12
8992.05
8846.17
8869.07
9053.13
9038.73
8966.14
9093.69
9082.06
8922.84
9064.75
8917.35
9138.55
9265.55
8944.73
8876.49
8894.38
9300.95
8925.06
8825.77
9076.61
9049.17
9206.25
9066.34
9193.85
8997.31
9000.01
9088.93
8991.49
8953.39
9152.25
8877.13
9298.52
9008.52
9043.69
8906.91
9143.06
9030
8874.1
9287.1
9132.34
8893
8890.41
9186.66
8940.69
8953.05
9226.61
9032.36
8871.17
9121.98
8925.65
8817.57
9146.83
9235.12
8871.24
9091.71
8851.86
9079.8
9156.45
8896.98
8986.65
9037.65
9135.26
8913.72
9026.25
8978.27
9172.3
9019.64
9181.69
9156.87
8963.1
8929.65
8963.87
8991.83
9166.3
9176.91
9068.05
9038.33
9252.76
8944.08
9318.22
9095.49
9174.78
9008.9
9060.72
9052.92
9210.25
9131.26
9008.94
8969.37
9079.4
9173.98
9089.68
8825.17
8938.38
9009.43
8936.62
8968.58
9055.3
8930.49
9228.12
9046.87
9075.23
9076.42
8976.38
8886.78
9008.17
9005.5
9088.15
9201.63
9198.33
8862.61
9044.42
9032.4
9013.3
9037.26
9288.22
9219.72
9077.65
8950.79
8910.19
9009.71
8900.81
9088.34
9038.66
8960.2
9003.61
9196.19
9125.12
9006.27
9071.62
9128.12
8888
9057.45
9051.28
8956.38
8871.17
8964.04
8952.52
9119.49
9109.11
9014.53
9181.63
8881.68
9083.07
9022.65
9006.24
8899.95
9163.9
9139.09
9144.45
8947.48
9089.36
8984.51
9129.03
8812.45
8978.41
9029.33
9119.97
8939.14
9103.16
8987.37
8789.82
9161.58
9182.58
9024.34
9244.09
9157.92
9141.9
8955.29
9120.75
9065.55
9168.38
8979.6
8901.29
9195.08
9284.32
8979.21
9090.33
9071.03
9116.62
8913.52
8974.06
9085.51
9118.99
9101.22
8949.45
8917.63
9052.03
9166.84
8930.06
9181.32
9081.07
9229.83
9024.07
8922.47
9006.68
9209.35
8742.31
9206.55
8925.2
8994.3
8995.07
9095.26
9112.49
9122.96
9083.72
9068.38
9184.56
8994.2
9133.56
8978.48
8935.7
9028.72
9314.85
8897.86
8999.61
9149.3
9121.92
9118.94
8924.72
9040.71
9082.64
9294.55
8884.99
9267.5
9019.39
9264.89
9285.24
9040.78
9137.43
9239.88
8931.05
9140.62
8937.74
9275.7
9288.33
8953.92
8966.41
8974.01
9000.4
9247.37
8970
9168.04
9172.43
9101.98
8857.4
8843.85
9099.17
8857.91
8908.43
9184.08
8855.1
9037.82
9258.22
9190.96
9152.74
8996.08
9002.67
8987.4
9052.73
8992.22
8860.98
9058.5
9094.25
8893.41
8939.07
9044.72
8984.74
8933.14
9037.28
8827.65
8872.31
9035.85
8995.93
9168.97
9253.84
9122.28
9013.27
9067.81
8979.87
8956.88
9071.55
9232.51
9276.53
9009.94
9170.13
9047.08
8795.14
8994.23
9166.66
9100.33
8996.17
8899.43
8880.27
9136.63
9204.44
8953.14
8892.05
9107.7
9102.73
9008.38
8970.34
9226.14
8896.39
8850.91
8889.62
9162.76
9156.66
8925.34
9164.61
9129.83
9024.47
9168.84
8973.16
8911.78
9013.7
9168.25
9167.64
9055.86
9005.21
9101.17
9124.9
8959.8
9088.17
9009.36
9114.51
9116.65
9169.9
9109.2
9050.3
8885.68
8930.16
9132.94
8722.97
9078.54
8969.99
9156.14
8931.84
9252
8982.81
9268.19
9176.1
9089.08
9135.4
9179.8
8996.67
9068.72
9232.64
8977.65
9094.63
9106.65
8915.12
9071.69
9022.13
9077.36
9270.96
9196.86
8924.63
8986.67
8974.4
9212.72
9051.65
8975.91
9023.41
8961.24
9092.65
8942.14
8982.16
9072.53
9143.47
9094.61
9103.67
9265.92
9028.72
8944.72
8932.97
8941.22
9132.49
9019.9
9175.44
9050.19
8964.58
9070.61
8930.37
9043.85
8920.19
9067.25
8971.28
8950.58
8984.04
9230.97
8866.21
9130.67
8817.21
8869.38
9140.1
9050.9
9252.05
8944.67
9168.82
8991.02
9117.99
9058.58
9019.06
9095.39
9124.88
8920.79
9091.32
9146.15
9201.38
8803.25
9040.32
9168.1
9107.6
9037.17
8988.01
8911.15
9062.4
9051.28
8995.58
8901.07
9222.67
9077.89
9180.17
9042.47
9018.15
9018.04
9266.29
9094.27
9005.82
8902.31
9129.45
9286.17
8961.08
9067.9
9103.48
9174.89
8936.75
9051.22
9109.77
9098.09
9025.21
9176.71
8846.12
8909.29
8774.85
9178.92
8999.56
9083.36
9041.43
9132.29
9112.56
9088.66
9155.5
9083.68
9165.48
9139.93
8900.92
9040.35
8841.05
9193.04
8843.25
8857.29
8946.65
9230.64
8941.76
9110.33
9018.47
8948.35
8866.21
9008.9
9198.3
9047.12
9021.14
9154.45
9067.17
9058.86
9104.09
9147.93
8902.8
8883.44
9053.6
8865.6
9058.18
9085.94
9081.39
9130.44
8853.09
9120.57
9240.99
9254.13
9143.16
8913.17
8956.19
9024.07
8964.45
9189.85
9146.75
9236.8
8806.28
8857.9
9111.43
9176.11
9080.02
9109.49
8917.44
9076.81
9003.35
9025.71
9042.68
9134.95
9168.03
9059.48
9247.71
9002.48
9238.5
9218.95
9076.03
8842.57
9077.55
9013.17
8955.77
9118.28
9113.88
8941.39
9076.3
9072.2
9253.57
9033.05
9046.38
9020.38
8759.79
9095.21
8864.74
9149.9
9112.27
9216.3
9054.7
9114.49
9110.05
9078.1
9097.64
9104.73
9031.45
9289.21
9002.35
8979.94
9128.15
9033.52
9031.31
9009.64
8967.27
9140.88
9344.48
9181.96
8928.05
8951.99
8965.1
9024.39
9150.4
9099.29
8928.77
9169.9
9175.17
9175.59
8985.44
8963
9090.95
9018.91
8895.48
8970.46
9058.86
8906.12
8901.02
9020.8
9141.76
9074.25
9100.44
9089.83
9100.31
9059.7
8927.92
9072.6
9032.62
9048.37
9286.88
9322.92
9316.01
9033.17
8801.39
9309.03
9015.27
9026.58
9288
9025.31
9065.72
9098.85
9320.84
8951.72
8863.44
8995.98
8884.43
9088.63
9238.26
9008.66
9261.8
8938.3
9203.36
8973.38
9085.71
9291.54
9070.2
9157.12
9083.64
9130.15
8947.07
9168.72
9061.64
9006.93
9140.41
9168.58
8977.87
8971.74
9213.53
8843.46
8961.06
9013.34
9078
8931.36
9183.21
9114.92
9065.21
9236.94
8870.27
8899.31
9083.81
9101.37
9314.56
8970.27
8880.99
9065.79
8964.17
9164.42
8905.29
9238.49
9055.3
9135.26
9074.37
9096.44
8893.92
8933.87
9065.73
9072.47
8891.66
9078.33
9272.09
9198.29
9075.87
9055.79
9259.41
9257.25
8885.69
9352.42
9010.44
8971.51
9073.89
9219.44
9098.48
9176.8
8983.61
9028.22
9300.34
9162.96
9102.9
9168.78
9029.17
9194.49
8975.81
9076.96
8757.35
8889.18
8982.38
9149.48
9090.37
9347.22
9044.03
8915.63
9251.72
9040.44
8990.39
9070.45
9193.95
8943.6
8899.33
9118.64
8958.61
9100.92
9062.46
9008.64
9403.49
9138.12
8985.58
9042.95
8900.28
9125.51
9341.58
9128.14
9064.72
8928.17
9204.55
9191.74
9064.81
9121.7
8935.31
9048.94
8940.79
9186.99
8924.15
9021.78
8861.53
8979.83
9140.78
9030.76
9135.81
8951.48
8997.35
8956.41
9186.88
9124.82
9102.72
9008.91
8956.55
9024.64
9025.11
8967.12
9089.11
8971.48
9050.14
8901.04
9015.76
9074.8
8967.49
9115.63
9008.97
9065.86
9050.55
8946.03
9134.09
9036.65
9175.97
9007.42
9121.98
9031.58
9113.1
9043.97
9072.91
8968.52
9018.06
9130.66
9079.38
9169.75
9003.76
8850.55
9166.75
9033.96
8952.83
8923.51
8959.21
9093.52
9057.22
8953.71
9087.51
9106.27
9364.63
9144.3
9176.69
9202.27
9029.14
8932.98
8993.18
9074.66
9092.05
9022.86
9078.72
9328.85
8934.93
9115.7
9062.49
8906.27
8986.59
9008.19
9234.02
8798.08
9028.37
9171.53
9249.54
8883.87
9077.02
8987.16
9090.47
8952.84
8983.55
9033.85
9196.24
9081.17
9186.57
9099.58
9073.35
9037.04
9120.3
9001.23
9160.29
9132.45
9010.15
9051.93
9140.83
8995.36
9048.53
8875.64
9421.28
9073.78
9117.39
9107.82
8859.51
8962.88
9089.93
9001.07
8985.11
9009.8
9260.38
9201.54
9272.54
9157.52
9077.7
8831.18
9067.96
8885.99
9185.74
8917.78
9039.9
8880.01
9110.3
8874.7
9154.23
9177.4
9103.52
9136.87
9007.12
9038.99
9176.84
9097.68
9142.33
9100.86
9014.26
9134.94
9134.83
8856.41
9163.77
9116.97
8935.67
9106.25
8955.88
8913.45
8991.46
8964.69
9086.48
8939.4
8912.09
9127.72
9146.44
8992.1
9083.65
9085.07
9032
8954.27
8893.77
9013.93
9000.44
8975.01
9195.24
8964.74
8983.77
9084.13
8996.78
8867.66
8925.12
9128.46
9148.13
9096.08
8973.8
8984.51
9041.71
9039.76
9082.04
9076.76
8856.8
9026.97
9107.74
9145.61
8981.09
9017.96
8953.63
9075.59
9049.67
9064.42
8973.17
9145.16
9023.51
9115.58
8843.11
9008.95
9147.87
9052.31
8946.57
9141.76
9029.67
8906.08
9199.84
8977.59
9016.24
9265.67
9104.49
9068.06
9083.42
8973.55
8902.39
9027.19
9121.54
8927.2
9032.23
8743.03
9243.78
8924.81
9124.79
9100.64
9399.65
8843.89
9009.06
9138.27
9087.94
9107.25
9187.14
8982.68
9092
9028.25
9086.16
9258.53
8954.49
9212.39
9162.92
8994.03
9139.87
8946.61
8938.51
8863.69
8916.42
9055.23
9100.92
9233.54
9094
9031.21
9325.55
8939.16
9094.65
9336.21
8941.09
9151.76
9186.73
9233.74
9140.91
8904.61
9200.77
8926.38
9164.21
9074.05
9013.99
9138.07
9196.11
9007.06
9084.93
8897.42
9071.71
9134.79
8953.87
9081.25
9261.13
9172.91
9198.44
9167.6
9087.13
9126.49
8994.67
8917.73
9060.62
9210.35
9096.48
9025.49
9198.25
8896.78
9096.13
8815.05
9035.31
9005.61
9122.69
8843.48
8810.12
9244.05
9153.78
9114.16
9153.78
9112.07
8949.79
8917.83
8860.34
9031.56
8974.68
9132.25
9190.28
9234.3
9034.6
9154.85
9094.98
9136.84
8855.97
8952.75
9170.2
9016.31
9000.14
9188.81
9001.81
8831.63
9141.9
8975.52
8927.99
9073.41
9071.92
9146.15
9108.83
8946.8
9024.29
9054.15
9089.86
9009.04
9243.21
8982.99
9075.77
9084.09
8952.52
9031.29
8897.8
8863.02
9227.48
9087.66
9043.09
9011.36
8933.89
9093.46
8883.49
9173.53
9213.68
9150.77
9114.88
9182.83
8942.17
9254.26
8916.13
8991.66
8819.31
8995.28
8982.74
9183.71
9115.19
9120.63
9060.08
9144.14
8911.02
8811.25
9197.1
8955.04
8950.95
9085.01
8941.37
9045.45
9155.97
8972.48
9294.46
8891.02
9001.86
9017.01
8986.14
9028.4
8893.88
9211.65
8961.08
8975.14
9109.01
8947.09
8930.66
9060.21
9118.54
9013.96
8891.49
9152.44
9064.72
8925.44
9205.14
8642.73
9162.76
9004.97
9142.34
9076.54
8958.62
8798.3
9106.22
9176.81
8967.44
9051.18
9080.56
9112.24
9040.4
9001.3
8989.4
9336.17
9004.37
9002.5
9083.27
9125.84
8972.66
9117.38
9133.93
9274.2
9142.18
9512.94
9119.46
9056.65
9006.92
9106.5
8952.91
9114.32
8986.93
9141.56
9040.68
8915.02
9205
9241.65
9173.56
9082.27
9054.72
9024.01
8969.87
8972.13
9228.07
9182.01
8759.04
9386.52
9037.59
9201.88
9125.41
9184.61
8902.91
8907.2
8899.62
9168.79
8936.57
9123.66
9077.06
9345.58
9085.93
8980.71
9041.05
9066.42
8983.12
9178.03
9034.67
9036.85
8890.52
9028.55
9252.05
8964.83
9027.04
9165.98
9192.88
9071.64
9104.65
9295
8976.25
8914.37
9249.92
9144.78
9115.4
9093.29
8973.41
8964.84
9058.58
8835.38
9057.86
9284.62
8966.39
9044.43
9043.56
8956.18
8987.47
8975.35
9103.66
8910.73
8825.41
9036.17
9067.69
8966.45
9038.91
8903.04
8969.58
8965.84
9146.75
9090.17
9023.28
9215.78
9143.86
8863.17
8965.19
9037.05
9365.31
9022.1
8871.03
9147.49
9144.07
9092.99
9078.04
8925.16
9139.83
9029.13
9056.01
9112.76
9057.71
9015.94
9128.92
9041.03
9106.5
9086.52
8934.46
9017.23
8807.42
8969.03
8957.57
9192.9
8754.59
8955.71
9316.45
8887.13
8976.98
9020.87
9184.98
9051.7
9270.67
9073.71
8818.22
9069.28
9163.8
8956.65
9225.68
9344.34
9168.27
9015.63
9130.19
9301.97
9119.5
9080.75
9177.65
9226.94
9090.93
9106.24
9118.85
8924.56
9069.06
9224.88
9089.85
9028.3
9151.48
9083.24
8973.9
9140.71
8969.9
8919.99
9045.61
9217.6
9002.01
9045.42
8921.29
9084.97
8924.19
9024.96
9059.17
9115.43
9038.24
8938.5
8980.41
8994.05
9095.26
9162.51
9000.86
8919.57
9152.28
9229.79
9082.15
8889.55
9219.83
9169.24
8976.31
8947.99
9103.32
9008.07
9232.37
8903.36
9118.77
9156.85
9215.88
9322.56
8938.01
9084.59
8980.13
9113.07
9143.43
9054.19
9247.85
9122.73
9075.86
8986.26
9276.36
9150.7
9181.37
9086.62
9191.36
9022.87
9038.46
8964.32
8796.93
8965.05
9235.12
9021.12
8913.37
9220.81
9049.87
9242.72
9188.92
9059.11
8948.49
9065.71
8879.37
9030.78
9002.9
9258.39
9070.7
8868.76
9083.95
8958.56
9209.72
9066.98
9089.66
9082.9
8874.29
9071.9
8918.13
9127.94
8897.87
9118.82
9183.22
9282.2
9075.3
9061.14
8948.95
9121.85
8988.29
9065.21
8929.6
9035.53
9156.66
9093.48
9162.17
9219.62
8980.75
9039.04
8976.17
9057.16
8985.67
9130.68
9148.96
9255.82
8821.52
9049.56
9190.03
8943.06
9034.67
9074.79
8889.63
9016.81
8983.6
9019.05
8912.31
9080.53
9080.32
9086.31
9030.02
9042.1
8970.4
9110.71
9293.82
9089.31
9123.59
9223.25
9068.33
8980.59
8936.28
9038.09
9082.81
9209.51
9033.88
9039.56
8914.08
8940.1
9211.67
8807.5
9369.32
9142.13
9220.39
8998.49
9003.29
8967.43
9090.43
9162.11
8971.26
8953.36
9126.9
8845.41
8787.05
9044.15
9129.82
9060.81
8999.3
9124.32
8815.29
8927.06
8943.36
9112.32
9061.56
9156.67
8996.4
9068.49
9159.81
9278.89
8900.01
9014.25
9016.14
9138.38
9215.47
9156.08
9010.97
9235.17
9126.85
9009.09
9099.78
9171.2
8978.57
9086.24
9073.43
9010.19
8948.92
8805.11
9058.18
9109.1
9003.03
9031.11
9166.6
9350.77
8848.43
9111.87
9074.87
9014.97
9167.26
9043.31
9037.78
9290.24
9022.33
9117.76
9043.15
8962.81
9223.51
8991.49
8758.96
9011.67
9035.94
8876.49
8905.84
9168.46
9141.26
8968.59
8954.15
9231.21
9009.92
8810.1
9135.21
9144.13
9220.8
9180.57
9030.57
9011.82
9120.71
9017.4
9138.53
9014.4
9018.19
9101.4
8985.18
9057.23
9113.94
9211.29
9276.81
8995.67
9241.77
9242.89
9086.86
9021.48
9119.77
9105.97
9198.49
9099.56
9011.73
9066.25
8913.89
9168.34
9118.29
8800.36
9193.11
8983.15
9065.47
9013.55
9128.56
9273.89
8820.25
9217.62
9209.84
9057.16
9258.12
8939.99
8936.71
9151.83
8891.03
9117.57
9017.2
8840.58
8950.96
8927.2
9030.03
8787.78
8991.15
9197.59
8946.35
8638.89
9148.52
9229.61
9006.33
8965.54
9064.6
9057.98
9235.28
9535.64
9040.42
9043.54
8837.03
8956.61
9066.78
8953.47
8959.64
8845.09
8917.65
8869.03
8966.34
8926.86
8969.76
8878.33
9147.62
9105.42
9041.51
9059.7
9154.65
8857.41
8926.92
8902.47
9089.76
8983.78
9016.32
9308.48
9298.19
9089.16
9131.74
9253.77
9160.32
8913.31
9181.68
9280.05
8949.25
9152.19
9095.38
8959.24
8934
8944.18
9068.53
8985.31
9186.64
9172.05
9159.34
9145.11
9056.24
9187.89
8905.59
9107.23
8997.67
9038.8
8910.87
9073.4
9043.25
9141.25
9051.55
9011.97
9287.85
9023.21
9158.96
8892.28
9182.26
8822.96
8994.89
9042.85
8983.02
9247.31
9418.91
8940.09
9442.79
9148.99
9027.01
8960.06
8959.23
9132.78
8831.93
9066.77
9088.48
8971.8
9101.51
9158.43
9148.08
8952.08
9140.19
9020.57
8990.55
9044.91
9178.96
8939.12
8895.76
9208.9
9233.39
9155.43
9245.3
8921.05
8983.85
8946.44
8945.65
9036.37
8993.08
9106.09
9150.04
9042.61
8985.39
8884.07
9223.89
9129.27
9039.25
9028.66
8968.39
9109.69
9256.31
9146.58
9197.42
8995.66
8870.31
9192.92
8930.28
9093.94
9224.51
9036.2
8936.66
9060.43
8975.98
9051.53
8889.83
9031.41
9262.69
9119.58
9146.94
9261.99
9204.57
8954.49
9140.3
9008.87
9210.1
9141.34
8986.66
8851.89
9104.7
9172.51
9298.34
9422.81
9002.96
9104.04
8968.31
8967.4
9024.86
9373.51
9074.86
8985.36
9148.01
9076.19
9010.02
8945.94
9091.02
9037.47
9014.24
8874.34
8956.31
9293.57
8942.65
8985.3
9168.73
8922.91
9060.39
8998.67
9018.51
9119.63
8915.93
8994
8999.5
8969.06
9238
9288.82
8947.18
9074.43
8883.95
8932.12
8865.29
9038.4
8933.58
8900.73
9193.49
9261.08
8975.45
9209.91
9123.34
9226.59
9241.04
9050.05
9041.7
8999.12
9150.88
9017.19
9060.85
9032.14
8925.6
8979.96
8930.5
8935.28
8861.31
9141.14
9055.53
8977.1
8993.84
9071.08
9109.35
9148.96
9095.91
9148.51
9161.72
9077.36
9139.17
9134.95
9139.81
8973.25
8860.36
9200.46
9053.91
9153.04
9074.89
8998.2
9076.46
8666.33
8908.2
9149.96
9157.48
9018.03
8964.42
9189.78
9084.88
9253.31
8961.94
8793
9160.56
9107.19
8999.71
9008.75
8938.21
9098.15
9162.57
9081.66
9007.68
9063.85
9006.39
8957.97
8970.1
8872.69
9157.35
9020.24
9091.55
9132.26
9138.11
9140.05
8939.34
8960.7
9149.99
9033.35
9130.62
9034.47
9091.83
9165.61
9108.93
8879.3
8955.89
8815.29
8837.78
8984.79
9038.7
9117.93
9129.88
9016.42
9113.29
9259.76
8868.42
8921.14
9049.59
9117.6
8847.18
8759.71
9187.05
8910.98
9144.91
9078.7
8776.01
9245.01
9133.71
9003.37
8939.65
9330.94
8974.46
9271.12
8988.67
9194.07
9140.59
9074.99
8940.79
8979.7
8949.99
9245.35
9107.93
9007.61
9082.18
9095.38
8860.02
8931.66
9111.31
9209.95
9086.81
9093.35
8813.66
8950.23
8952.05
9200.22
9037.88
9081.22
9073.14
8983.48
8919.73
8939.38
9046.93
8966.18
9015.92
9091.34
9148.57
9104.42
9059.74
9012.13
8978.81
9002.06
9115.17
8855.06
8976.9
9030.43
8865.18
8975.77
9210.75
9380.23
8926.56
9285.55
9074.75
9031.34
8908.28
9142.6
9160.28
9040.79
9024.51
9045.37
9232.27
8789.33
9045.36
9133.11
8936.46
9146.1
9084.97
9164.1
9067.92
9121.73
9117.32
9087.86
9313
9115.73
9058.13
9073.14
9143.27
9239
9060.08
9196.21
9060.14
8842.57
8954.61
9074.88
9083.46
8908.09
9193.08
9067.69
8948.52
9191.65
8933.64
8775.3
9040.91
8905.65
8839.39
9022.81
9027.2
8925.21
8976.78
9035.24
9059.97
8951.61
8855.97
8926.54
9066.14
9120.87
9095.59
8908.16
9071.49
8908.09
9120
8932.51
8859.55
8967.21
9057.3
9107.63
8944.48
9038.2
9011.84
9141.44
9092.11
8895.38
9020.04
9077.76
9143.69
9152.21
8950.7
8960.23
8999.5
9180.35
9181.06
9088.18
9019.67
9202.21
9115.31
8996.8
9377.71
9095.04
9114.03
9114.66
8936.21
9024.35
8993.65
9092.64
9001.93
9027.66
8940.69
9070.28
8985.63
8993.72
9124.38
8978.69
9089.05
8932.35
9128.92
9055.57
8965.58
9096.98
9001.18
8912.27
9052.52
8945.15
8982.81
9140.83
9177.55
8979.28
9104.81
8977.42
9068.37
9163.51
9111.05
9064.26
9179.03
9177.7
9116.43
9020.71
9107.4
9076.19
9072.97
9139.68
9032.17
9217.28
9094
9091.86
9146.74
8856.06
9171.2
9069.37
9067.85
9184.42
9003.69
9105.59
9067.47
9116.47
9156.68
9053.45
8862.58
9061.18
9162.11
9042.94
9085.27
8946.85
9124.55
8882.18
8814.45
9139.91
9227.62
9110.1
8944.42
9115.34
8867.92
8972.02
9170.54
9180.89
9118.43
9041.45
8793.6
8978.74
9172.47
9065.41
8890.41
8971
9376.16
9074.58
8819.15
9045.57
9083.66
9155.86
9144.51
8994.92
8947.66
9014.7
9078.2
8990.45
9341.59
9151.76
8895.68
8974.59
9136.63
8926.09
8965.29
9102.69
9112.48
9077.17
9049.49
8942.58
8960.3
8953.13
8952.19
8929.9
8971.13
