0.820588
0.846126
0.8316
0.782298
0.834403
0.844413
0.789413
0.806673
0.819898
0.830202
0.842395
0.823784
0.808167
0.837834
0.798388
0.796285
0.841938
0.815232
0.832269
0.830294
0.837939
0.809078
0.823731
0.816521
0.828597
0.842227
0.812501
0.840014
0.820902
0.801534
0.843984
0.845649
0.815992
0.812322
0.782051
0.78749
0.860411
0.840962
0.83235
0.827316
0.826948
0.810409
0.798312
0.809349
0.823958
0.843735
0.788089
0.840992
0.821354
0.806736
0.806313
0.847098
0.808301
0.782282
0.80327
0.852572
0.837088
0.836247
0.806228
0.825586
0.774437
0.842529
0.808485
0.802357
0.847114
0.787404
0.812245
0.842411
0.819406
0.812347
0.838374
0.829079
0.823304
0.802959
0.825184
0.826284
0.810015
0.807687
0.799118
0.78124
0.816482
0.831059
0.832247
0.814623
0.825132
0.826293
0.81645
0.843842
0.848953
0.836215
0.843247
0.818721
0.862653
0.825657
0.80594
0.834992
0.79575
0.849112
0.821403
0.808065
0.819355
0.857355
0.800572
0.820855
0.807334
0.814912
0.839371
0.825717
0.844306
0.816712
0.814209
0.837515
0.824035
0.822338
0.775605
0.826657
0.821018
0.849284
0.808308
0.782413
0.797492
0.834202
0.804293
0.864736
0.786673
0.80769
0.817503
0.827511
0.827164
0.816036
0.856106
0.806002
0.849705
0.822873
0.818615
0.824759
0.83104
0.821972
0.827436
0.840919
0.796234
0.783582
0.819865
0.841693
0.828523
0.815789
0.773017
0.852104
0.826
0.771153
0.80442
0.801849
0.779469
0.829954
0.8227
0.818181
0.820531
0.806517
0.808346
0.799547
0.824753
0.887285
0.817271
0.807807
0.80754
0.832669
0.829469
0.836406
0.805835
0.830261
0.830728
0.818488
0.873322
0.831961
0.788418
0.829868
0.805181
0.830645
0.844753
0.835456
0.819824
0.833689
0.814116
0.839526
0.847183
0.832488
0.806642
0.850467
0.813544
0.828654
0.841625
0.82559
0.817332
0.853806
0.817912
0.844048
0.818381
0.819984
0.804475
0.852229
0.832692
0.840106
0.81327
0.800609
0.829326
0.840323
0.809827
0.840581
0.805491
0.832931
0.841242
0.841672
0.833805
0.799314
0.794152
0.830094
0.806576
0.802187
0.808599
0.82835
0.813709
0.795963
0.811782
0.823721
0.847133
0.843505
0.816196
0.801195
0.825192
0.805138
0.834035
0.87741
0.836344
0.790538
0.893447
0.799318
0.807256
0.840337
0.823773
0.82147
0.81044
0.794599
0.847385
0.83417
0.783186
0.86772
0.828617
0.855505
0.793418
0.753029
0.837288
0.797038
0.821408
0.800048
0.818137
0.803701
0.832246
0.79379
0.806284
0.825042
0.854884
0.801849
0.806573
0.84121
0.84516
0.805222
0.812992
0.785604
0.841476
0.86214
0.869699
0.800915
0.842848
0.814379
0.83341
0.827077
0.813309
0.784821
0.789372
0.819163
0.815238
0.817415
0.875957
0.829451
0.790396
0.795727
0.829212
0.783986
0.836749
0.782764
0.826844
0.797405
0.850172
0.855169
0.841207
0.806892
0.790176
0.836332
0.818084
0.822456
0.813342
0.808816
0.838064
0.785083
0.797585
0.78264
0.821644
0.816199
0.826909
0.80248
0.802097
0.817698
0.812794
0.830799
0.813633
0.84427
0.812288
0.814338
0.819971
0.840485
0.853859
0.813063
0.866186
0.884161
0.815247
0.807959
0.8243
0.819214
0.841879
0.78908
0.804191
0.82091
0.805275
0.81211
0.817492
0.807554
0.791944
0.828751
0.829342
0.823742
0.832458
0.836788
0.797759
0.85393
0.851113
0.850616
0.838457
0.8254
0.817806
0.829523
0.779727
0.823233
0.81421
0.81603
0.840455
0.832226
0.822131
0.800121
0.835277
0.823473
0.826313
0.828438
0.798489
0.851052
0.851089
0.818693
0.831517
0.837051
0.812893
0.819569
0.829726
0.810252
0.788621
0.819529
0.784211
0.83824
0.839252
0.820878
0.817702
0.809227
0.830208
0.830481
0.839337
0.855073
0.796532
0.843797
0.836658
0.820125
0.819018
0.839109
0.825948
0.839399
0.814943
0.815628
0.858809
0.843633
0.857552
0.848736
0.81229
0.8442
0.823988
0.795544
0.795017
0.854396
0.818342
0.812122
0.832482
0.826935
0.839193
0.815953
0.800656
0.865701
0.832508
0.804524
0.834727
0.808787
0.823423
0.831634
0.817528
0.819459
0.858065
0.809847
0.842272
0.856408
0.830378
0.845024
0.810632
0.838476
0.804075
0.828252
0.795527
0.79579
0.809801
0.834485
0.824928
0.824331
0.843471
0.832736
0.822809
0.819845
0.829068
0.851073
0.835857
0.84365
0.849234
0.813998
0.844629
0.836952
0.762297
0.808173
0.870397
0.8386
0.826571
0.804914
0.789912
0.828849
0.811745
0.795461
0.811434
0.836334
0.802075
0.82402
0.818769
0.825838
0.805132
0.844534
0.817813
0.801918
0.84975
0.810125
0.832131
0.826058
0.848582
0.799762
0.835697
0.831766
0.81828
0.799339
0.833164
0.859277
0.822764
0.826883
0.820749
0.850231
0.800021
0.804889
0.835773
0.801091
0.829154
0.816107
0.809801
0.810429
0.857265
0.773443
0.821446
0.845373
0.817584
0.81596
0.817952
0.786743
0.862309
0.838579
0.814683
0.857646
0.844484
0.845156
0.841294
0.802544
0.807756
0.817016
0.840188
0.819743
0.864291
0.804521
0.808822
0.809845
0.837503
0.826349
0.836534
0.829437
0.828923
0.814901
0.827815
0.86129
0.812869
0.812951
0.796562
0.83412
0.810178
0.828356
0.794274
0.816228
0.802786
0.817111
0.815054
0.823554
0.818
0.827768
0.836709
0.810903
0.810382
0.779623
0.839725
0.847927
0.819504
0.787845
0.811063
0.813117
0.798238
0.832745
0.850498
0.830261
0.840518
0.838996
0.832496
0.824111
0.783472
0.82646
0.810138
0.824742
0.831267
0.798953
0.831764
0.837106
0.819943
0.805788
0.834199
0.830936
0.802496
0.84924
0.851514
0.831004
0.806352
0.791481
0.855576
0.786223
0.801034
0.811023
0.839099
0.791537
0.816866
0.821915
0.844818
0.80434
0.816107
0.807358
0.816317
0.855665
0.831433
0.808046
0.825421
0.802014
0.805184
0.822924
0.793563
0.835879
0.840233
0.760458
0.820135
0.828678
0.847396
0.829034
0.840982
0.810307
0.8066
0.794266
0.867188
0.834019
0.845864
0.853168
0.835619
0.784019
0.813066
0.809998
0.854785
0.822612
0.820624
0.843142
0.814279
0.812242
0.809206
0.81709
0.794277
0.820916
0.82786
0.839693
0.809269
0.804327
0.858523
0.838216
0.808871
0.803296
0.845055
0.839978
0.780553
0.851425
0.827039
0.83913
0.829885
0.810933
0.804766
0.862363
0.799889
0.818745
0.845736
0.822522
0.806829
0.834129
0.84295
0.826697
0.827254
0.810844
0.839312
0.839083
0.77896
0.82181
0.824569
0.803648
0.800531
0.808835
0.817833
0.808793
0.860426
0.806018
0.778868
0.837932
0.817498
0.82819
0.824607
0.833296
0.853428
0.822195
0.804224
0.81072
0.8331
0.845663
0.808717
0.848076
0.786226
0.811296
0.812393
0.820729
0.845208
0.857061
0.846941
0.812705
0.799851
0.826412
0.850484
0.771848
0.812326
0.812509
0.842225
0.820309
0.856217
0.799693
0.81044
0.824093
0.816032
0.822847
0.796527
0.809093
0.796381
0.853786
0.807988
0.80134
0.824983
0.824156
0.842102
0.836656
0.827967
0.790008
0.804466
0.854984
0.832829
0.856575
0.821747
0.823516
0.82675
0.833018
0.810661
0.840941
0.810399
0.86318
0.816974
0.806669
0.787581
0.843006
0.805199
0.835473
0.802816
0.797203
0.835731
0.793226
0.81338
0.793285
0.788522
0.848926
0.850744
0.831468
0.834434
0.828297
0.82777
0.806799
0.819445
0.82866
0.812373
0.81873
0.810975
0.83437
0.842785
0.831896
0.837146
0.840958
0.767155
0.802752
0.81574
0.809551
0.870598
0.799694
0.847683
0.835507
0.830485
0.847212
0.827213
0.823745
0.841301
0.816083
0.829862
0.826813
0.818783
0.811409
0.788258
0.801742
0.811533
0.826256
0.844598
0.798903
0.829297
0.817839
0.821613
0.868858
0.821089
0.84281
0.796273
0.799173
0.816017
0.806443
0.839905
0.820968
0.818704
0.811864
0.816941
0.83107
0.809138
0.821341
0.828653
0.814212
0.853911
0.846404
0.853977
0.840314
0.856778
0.847598
0.837192
0.852545
0.830855
0.812362
0.817326
0.836334
0.850087
0.858425
0.851234
0.793743
0.842628
0.795855
0.839149
0.790905
0.786805
0.812894
0.81607
0.819859
0.867363
0.829216
0.804386
0.820998
0.811574
0.837834
0.850245
0.802101
0.81899
0.837983
0.825825
0.777654
0.838006
0.853398
0.818759
0.809486
0.832396
0.826221
0.853099
0.852813
0.82081
0.814739
0.787849
0.83396
0.848678
0.82609
0.812862
0.804592
0.839179
0.827198
0.815756
0.809326
0.800673
0.814114
0.799945
0.849975
0.833294
0.810708
0.852287
0.810355
0.844226
0.781854
0.805151
0.861785
0.815754
0.838546
0.817625
0.804166
0.810282
0.813754
0.786568
0.806556
0.818952
0.824018
0.842477
0.799503
0.761443
0.80076
0.817935
0.813083
0.812502
0.818547
0.834675
0.868454
0.855516
0.802766
0.815072
0.803898
0.800763
0.863374
0.826617
0.795382
0.83513
0.842333
0.822928
0.803393
0.823762
0.833707
0.825728
0.816005
0.805567
0.842888
0.821954
0.812274
0.821307
0.836678
0.804492
0.814133
0.80938
0.791458
0.822289
0.831547
0.814313
0.828618
0.840294
0.847435
0.794129
0.823794
0.801044
0.83091
0.830841
0.814351
0.809759
0.827561
0.798623
0.786726
0.821195
0.82759
0.799454
0.777786
0.797936
0.843847
0.812381
0.842168
0.7943
0.840104
0.821858
0.822668
0.842581
0.830155
0.82786
0.808439
0.837799
0.824147
0.81467
0.846363
0.803425
0.853338
0.849027
0.821659
0.795602
0.904622
0.798593
0.803542
0.870333
0.814055
0.786558
0.800679
0.783093
0.866814
0.816565
0.815399
0.832616
0.817556
0.828013
0.814624
0.807777
0.80486
0.835174
0.813292
0.85315
0.81509
0.824331
0.839921
0.826015
0.830999
0.890239
0.823014
0.860802
0.833751
0.805115
0.85615
0.818288
0.81458
0.816904
0.804034
0.852286
0.823304
0.831989
0.823186
0.842015
0.798327
0.807157
0.80101
0.792292
0.833346
0.817672
0.809945
0.785056
0.843724
0.780025
0.81006
0.852534
0.838332
0.806618
0.866404
0.816312
0.801355
0.844501
0.839495
0.804474
0.881048
0.839176
0.807392
0.870609
0.8298
0.817688
0.832058
0.820375
0.807412
0.812369
0.856086
0.846671
0.861424
0.808011
0.793322
0.819864
0.826708
0.815285
0.801544
0.809761
0.834739
0.837568
0.801977
0.828589
0.843884
0.798725
0.815533
0.841359
0.830965
0.836581
0.82393
0.792954
0.846851
0.816533
0.83799
0.814793
0.843665
0.831827
0.813827
0.858118
0.830596
0.826203
0.818004
0.791598
0.81429
0.806982
0.823968
0.818743
0.820672
0.83406
0.807815
0.803825
0.842488
0.815916
0.80779
0.816691
0.870651
0.812543
0.812626
0.788831
0.838282
0.803687
0.835972
0.817659
0.801562
0.798182
0.841138
0.832469
0.82166
0.802259
0.837045
0.824185
0.853614
0.840413
0.823363
0.832134
0.792099
0.822047
0.85061
0.822678
0.846019
0.82013
0.815296
0.842526
0.80303
0.840454
0.814899
0.826088
0.793922
0.801183
0.854167
0.795946
0.814548
0.829349
0.823549
0.802849
0.813986
0.83533
0.850117
0.829683
0.8165
0.812833
0.813395
0.8725
0.778211
0.836646
0.828104
0.811694
0.817672
0.827701
0.872228
0.866003
0.806247
0.831717
0.862583
0.832955
0.809795
0.846331
0.841319
0.785529
0.810241
0.824244
0.814365
0.830498
0.755723
0.824376
0.828867
0.83061
0.834442
0.827389
0.836101
0.811115
0.814986
0.846105
0.864611
0.821255
0.799897
0.818575
0.837392
0.800585
0.839214
0.838457
0.807567
0.804311
0.855529
0.847085
0.846022
0.81929
0.831936
0.829835
0.802816
0.817823
0.818032
0.825853
0.801539
0.842759
0.824341
0.855352
0.845754
0.819815
0.808625
0.804476
0.835742
0.833884
0.79506
0.8243
0.860883
0.842563
0.815503
0.816082
0.75873
0.849343
0.848675
0.797968
0.846587
0.789814
0.81893
0.817554
0.819516
0.839408
0.844753
0.842007
0.82471
0.81146
0.837455
0.829477
0.843364
0.829299
0.805699
0.816265
0.816838
0.816331
0.805587
0.856707
0.850845
0.813514
0.811699
0.818488
0.790096
0.832642
0.796851
0.82028
0.809277
0.826613
0.824959
0.822068
0.833916
0.838197
0.810848
0.858033
0.829637
0.838002
0.804759
0.804623
0.794791
0.831825
0.859595
0.810551
0.832925
0.786185
0.841726
0.75811
0.866005
0.814908
0.811626
0.82376
0.796471
0.804693
0.80986
0.801073
0.844195
0.805664
0.794422
0.827436
0.808289
0.804341
0.789105
0.831917
0.843557
0.801873
0.834848
0.814272
0.793133
0.814237
0.815791
0.844129
0.835392
0.838913
0.830026
0.785225
0.83203
0.842887
0.794559
0.807664
0.842201
0.835281
0.774393
0.811077
0.807265
0.808506
0.789316
0.802698
0.821354
0.804434
0.835651
0.828887
0.840269
0.801952
0.830783
0.831951
0.822963
0.852455
0.804289
0.821093
0.8314
0.780465
0.832519
0.843
0.798712
0.849216
0.801646
0.826783
0.841927
0.774398
0.802871
0.797671
0.817716
0.868484
0.837791
0.808987
0.82536
0.851196
0.813121
0.85267
0.821217
0.815337
0.763094
0.849146
0.836895
0.866824
0.811459
0.784712
0.838772
0.828338
0.804493
0.854384
0.832195
0.833318
0.822716
0.824783
0.82616
0.799838
0.800862
0.834762
0.786084
0.823576
0.795492
0.809419
0.822563
0.774767
0.833562
0.800445
0.832611
0.818064
0.812599
0.805023
0.824191
0.837954
0.797978
0.805139
0.801243
0.845056
0.81522
0.808272
0.813943
0.825022
0.804269
0.813193
0.810404
0.834743
0.808818
0.818602
0.81119
0.823028
0.829012
0.819593
0.792134
0.823518
0.837896
0.780547
0.795255
0.814063
0.840507
0.763864
0.852931
0.831548
0.84926
0.828456
0.843999
0.831098
0.837775
0.834799
0.835501
0.829375
0.77879
0.804258
0.816399
0.828277
0.820244
0.832283
0.851663
0.811612
0.838586
0.838191
0.816905
0.831551
0.789693
0.860646
0.833418
0.81993
0.820625
0.805548
0.79742
0.796208
0.807566
0.808901
0.815666
0.84589
0.8279
0.795806
0.826674
0.801437
0.836644
0.823123
0.793608
0.803107
0.832163
0.777839
0.807123
0.800566
0.766902
0.864328
0.800899
0.787597
0.790929
0.825133
0.806112
0.82352
0.815042
0.811633
0.820538
0.828846
0.830639
0.79272
0.831293
0.799111
0.851611
0.798684
0.866861
0.847592
0.817744
0.842682
0.798712
0.832479
0.833794
0.811915
0.84139
0.840378
0.846536
0.828037
0.798674
0.798918
0.798498
0.793665
0.800143
0.831369
0.80483
0.850012
0.881994
0.817666
0.834796
0.812338
0.837187
0.832934
0.863637
0.845831
0.802529
0.844341
0.816579
0.777472
0.829894
0.800814
0.860711
0.814781
0.8292
0.823327
0.837934
0.802365
0.830694
0.835754
0.850952
0.786773
0.815184
0.854553
0.82562
0.831267
0.840221
0.843119
0.818405
0.80116
0.816515
0.813084
0.850876
0.820906
0.828435
0.839343
0.841125
0.826881
0.796996
0.806909
0.840251
0.802053
0.84259
0.851233
0.814397
0.807996
0.878969
0.818285
0.818072
0.815001
0.819113
0.845876
0.824928
0.794705
0.835323
0.84835
0.83369
0.812317
0.841146
0.846664
0.822355
0.836514
0.827797
0.825651
0.820917
0.881885
0.826316
0.813965
0.831692
0.8434
0.758475
0.793449
0.844753
0.829287
0.840038
0.831165
0.83914
0.844974
0.873191
0.797496
0.776317
0.82246
0.822981
0.853615
0.842204
0.819214
0.805506
0.821428
0.840977
0.820642
0.826301
0.80392
0.831601
0.83201
0.85558
0.834199
0.805233
0.775723
0.789915
0.851345
0.817101
0.818043
0.804213
0.828574
0.815859
0.777144
0.801961
0.827008
0.815977
0.82315
0.825127
0.85598
0.825176
0.842339
0.827448
0.868291
0.79119
0.795932
0.823308
0.798467
0.805678
0.782019
0.807191
0.813194
0.816283
0.812983
0.82267
0.809637
0.83738
0.864716
0.826839
0.805096
0.824773
0.848244
0.833082
0.813742
0.853062
0.821027
0.819086
0.816015
0.801197
0.853379
0.824496
0.807886
0.813754
0.804576
0.790346
0.803214
0.819222
0.789116
0.830448
0.828203
0.851313
0.818208
0.809665
0.831436
0.837994
0.801178
0.845287
0.819822
0.845576
0.811426
0.792647
0.84852
0.804615
0.825269
0.814121
0.822406
0.842878
0.853492
0.81185
0.870687
0.806955
0.857917
0.839952
0.848472
0.860026
0.807069
0.845516
0.794164
0.799523
0.825474
0.826079
0.802716
0.888519
0.832709
0.851006
0.832996
0.77733
0.8015
0.828771
0.840762
0.842097
0.784657
0.84994
0.823212
0.842518
0.827546
0.843532
0.788623
0.817431
0.861478
0.835268
0.81649
0.814173
0.824292
0.836085
0.816438
0.802223
0.812476
0.827127
0.849147
0.83297
0.834194
0.789343
0.816776
0.828026
0.856172
0.813868
0.83281
0.847743
0.818088
0.831978
0.794097
0.823361
0.795058
0.789208
0.8294
0.820769
0.822716
0.859134
0.820548
0.857355
0.807217
0.79082
0.837166
0.801582
0.787615
0.813736
0.802607
0.807875
0.804972
0.80591
0.822287
0.806821
0.805402
0.830065
0.80452
0.853209
0.806034
0.825356
0.84579
0.79629
0.820397
0.821144
0.799776
0.832524
0.814935
0.8235
0.808734
0.827178
0.779726
0.819391
0.777906
0.827091
0.838212
0.807325
0.83615
0.859523
0.822161
0.893821
0.852943
0.78924
0.816621
0.827264
0.820366
0.852274
0.824556
0.847683
0.805163
0.860815
0.839725
0.820843
0.831607
0.834917
0.795145
0.852484
0.848792
0.793072
0.805809
0.871536
0.802318
0.812655
0.851212
0.815926
0.826515
0.830029
0.825561
0.825049
0.791231
0.837931
0.819743
0.814214
0.84609
0.827669
0.81549
0.860807
0.826454
0.823265
0.850386
0.802714
0.840932
0.825584
0.801524
0.810922
0.846612
0.834035
0.804486
0.812232
0.836154
0.830116
0.788944
0.835742
0.816312
0.813465
0.849741
0.832487
0.827503
0.83367
0.806724
0.825961
0.790675
0.817457
0.842127
0.823404
0.77549
0.850624
0.81436
0.832791
0.81755
0.809633
0.855571
0.81196
0.830666
0.817182
0.798113
0.897978
0.794648
0.830228
0.803422
0.782592
0.83266
0.807172
0.821627
0.82916
0.858489
0.84619
0.810559
0.842835
0.825585
0.817994
0.835087
0.836015
0.809369
0.828249
0.849323
0.803043
0.821727
0.810017
0.817212
0.85874
0.825014
0.803646
0.857571
0.835696
0.815326
0.837614
0.807672
0.8202
0.870836
0.801119
0.844852
0.826361
0.811453
0.799684
0.808819
0.807823
0.787168
0.819121
0.822248
0.814923
0.836289
0.855451
0.826275
0.836657
0.840734
0.82066
0.82307
0.852535
0.798046
0.8418
0.819863
0.824819
0.787877
0.798514
0.842828
0.846207
0.838854
0.806795
0.827961
0.851955
0.819302
0.829299
0.801535
0.838715
0.801556
0.811599
0.810529
0.836412
0.805627
0.823309
0.823933
0.796327
0.844409
0.831988
0.832206
0.797287
0.834334
0.794147
0.809292
0.835553
0.819333
0.854785
0.821871
0.814503
0.869381
0.853072
0.820288
0.794892
0.809775
0.806803
0.856829
0.819616
0.81977
0.831793
0.809097
0.857646
0.827179
0.831102
0.807672
0.811197
0.826713
0.823576
0.865485
0.814096
0.812414
0.797348
0.844698
0.848247
0.821736
0.827393
0.827735
0.814217
0.853961
0.831304
0.835149
0.831617
0.836443
0.819032
0.821677
0.839806
0.815543
0.887813
0.829948
0.821919
0.817703
0.820469
0.837228
0.817906
0.836347
0.849149
0.799138
0.799445
0.843235
0.796226
0.816053
0.885415
0.815004
0.815738
0.824738
0.803623
0.779616
0.840257
0.784124
0.795682
0.852589
0.839461
0.820066
0.80546
0.828403
0.821535
0.819828
0.847058
0.848706
0.820028
0.841182
0.824006
0.815737
0.847058
0.839288
0.827648
0.794076
0.81532
0.823233
0.802194
0.803415
0.77119
0.836785
0.811064
0.838143
0.83864
0.81341
0.836109
0.811676
0.809907
0.824187
0.803677
0.817145
0.826141
0.827105
0.834466
0.816393
0.819802
0.832879
0.805279
0.822319
0.828833
0.81166
0.844747
0.827002
0.819958
0.839113
0.836514
0.814018
0.838452
0.801973
0.819172
0.786463
0.823561
0.846904
0.788735
0.872062
0.822191
0.818883
0.822503
0.799828
0.836498
0.861054
0.852128
0.832627
0.8018
0.785302
0.875615
0.811051
0.80436
0.843761
0.787645
0.830816
0.840544
0.818823
0.821969
0.7967
0.818996
0.837138
0.829902
0.827114
0.852929
0.848661
0.842096
0.830449
0.852038
0.820232
0.805108
0.802828
0.840358
0.796391
0.878755
0.82996
0.804955
0.818517
0.790332
0.812905
0.85582
0.844258
0.809662
0.847754
0.844193
0.824015
0.805086
0.868392
0.847718
0.827027
0.831776
0.830519
0.843685
0.844565
0.797819
0.816421
0.814795
0.809625
0.800555
0.854449
0.816895
0.818835
0.832068
0.824009
0.798992
0.789877
0.828895
0.819158
0.82019
0.80967
0.832744
0.84379
0.817953
0.836286
0.789425
0.793374
0.836931
0.814251
0.80689
0.834573
0.817199
0.828119
0.838352
0.794524
0.85123
0.798233
0.79061
0.818958
0.870022
0.840629
0.787796
0.808214
0.802663
0.834759
0.830927
0.801803
0.827739
0.824489
0.833456
0.816035
0.816855
0.786378
0.806318
0.816787
0.837072
0.822928
0.85384
0.850161
0.799382
0.842925
0.803002
0.78747
0.804812
0.793614
0.843042
0.832672
0.831107
0.812373
0.815562
0.844755
0.796263
0.834478
0.840468
0.789982
0.829016
0.792628
0.814567
0.797807
0.810786
0.79791
0.830136
0.846628
0.829147
0.812287
0.823989
0.814029
0.794709
0.812397
0.789595
0.866069
0.8201
0.815442
0.808153
0.857192
0.812404
0.8125
0.845632
0.808476
0.793449
0.806215
0.834473
0.810815
0.825181
0.800909
0.842875
0.843461
0.834736
0.838203
0.87606
0.795774
0.838337
0.834375
0.84292
0.819001
0.80789
0.829439
0.836557
0.778489
0.813597
0.811598
0.793229
0.7997
0.866881
0.813159
0.820305
0.794452
0.828344
0.849916
0.813516
0.842876
0.810975
0.85012
0.822708
0.813364
0.842538
0.797939
0.792059
0.796899
0.831926
0.825428
0.821367
0.81685
0.820048
0.842525
0.810492
0.829139
0.846289
0.84323
0.853744
0.824388
0.828631
0.816312
0.832123
0.83683
0.807358
0.876528
0.825236
0.814327
0.86911
0.842244
0.786813
0.826533
0.815223
0.796385
0.836646
0.806922
0.809184
0.805901
0.829477
0.824478
0.838738
0.807477
0.843654
0.826162
0.834395
0.82998
0.801063
0.810598
0.780042
0.852748
0.837928
0.829112
0.833059
0.828039
0.78845
0.840357
0.833343
0.852114
0.838678
0.805057
0.841216
0.82291
0.819428
0.818974
0.81639
0.832386
0.84744
0.811939
0.808835
0.817105
0.810482
0.808633
0.796661
0.866706
0.843456
0.797734
0.842181
0.860499
0.793861
0.834279
0.834816
0.785583
0.799504
0.828387
0.7971
0.806902
0.819633
0.84586
0.848714
0.785134
0.809109
0.822068
0.794793
0.808035
0.817628
0.801131
0.835647
0.812261
0.820935
0.855448
0.831656
0.817818
0.805692
0.801275
0.827786
0.798568
0.827117
0.809651
0.886989
0.807916
0.81728
0.815681
0.838554
0.852233
0.809132
0.794692
0.827108
0.81321
0.820146
0.870488
0.822243
0.815656
0.851205
0.797431
0.831331
0.798725
0.826892
0.825811
0.854103
0.824162
0.81474
0.811266
0.795296
0.799038
0.792768
0.835784
0.849409
0.83147
0.838901
0.804366
0.788994
0.785294
0.799612
0.802969
0.799923
0.84449
0.844725
0.812076
0.830854
0.854448
0.858421
0.827283
0.815165
0.819512
0.845309
0.819712
0.795989
0.790262
0.792593
0.850716
0.795012
0.793016
0.814607
0.803373
0.841412
0.815569
0.76829
0.824847
0.79783
0.817074
0.810436
0.827656
0.813141
0.78734
0.841358
0.805409
0.820507
0.857075
0.825111
0.817856
0.823687
0.843801
0.787042
0.818394
0.824232
0.832226
0.845719
0.838852
0.815537
0.811603
0.792138
0.834887
0.815241
0.808786
0.850479
0.846537
0.790605
0.809237
0.844061
0.805347
0.834146
0.858488
0.846077
0.819927
0.838665
0.809277
0.818235
0.825368
0.837562
0.82902
0.837888
0.807314
0.826275
0.796346
0.840267
0.823301
0.827408
0.802101
0.816076
0.788134
0.807898
0.770441
0.793247
0.82473
0.819663
0.794384
0.804749
0.786518
0.831027
0.79831
0.807636
0.824466
0.786299
0.853295
0.850054
0.853265
0.828413
0.807922
0.800024
0.776244
0.864265
0.803323
0.811413
0.820538
0.844786
0.804056
0.839454
0.83684
0.844032
0.803614
0.821095
0.843989
0.825631
0.842849
0.821113
0.815128
0.835237
0.84078
0.814441
0.81584
0.855723
0.847676
0.805295
0.80563
0.809931
0.818926
0.847001
0.819603
0.852556
0.823382
0.810884
0.827032
0.83913
0.806351
0.812561
0.765312
0.806872
0.842136
0.802074
0.857113
0.839678
0.854427
0.814612
0.844198
0.842808
0.838364
0.834995
0.812795
0.81569
0.834287
0.808107
0.840233
0.823651
0.839346
0.874543
0.788454
0.811096
0.789244
0.830143
0.809305
0.831625
0.813194
0.823849
0.815914
0.809427
0.806423
0.820688
0.850193
0.838285
0.829885
0.824211
0.790574
0.881235
0.79957
0.809656
0.828457
0.799389
0.844576
0.853499
0.825607
0.792711
0.787429
0.831135
0.806872
0.855853
0.823357
0.824967
0.801554
0.850753
0.826939
0.824171
0.817002
0.807975
0.807463
0.796344
0.80735
0.854365
0.864992
0.832883
0.848734
0.859022
0.855101
0.815163
0.830227
0.812393
0.808964
0.833669
0.81639
0.81218
0.818519
0.838634
0.839542
0.820939
0.825974
0.845414
0.826776
0.826172
0.823885
0.836459
0.870838
0.821003
0.811277
0.834579
0.835796
0.831378
0.799327
0.833652
0.815184
0.81319
0.835523
0.835431
0.841573
0.820008
0.804656
0.830201
0.79361
0.837388
0.87894
0.803966
0.860053
0.830649
0.835363
0.822582
0.821309
0.807814
0.792524
0.792426
0.874663
0.805408
0.811996
0.829698
0.802378
0.81548
0.811083
0.816041
0.832938
0.792438
0.820282
0.815859
0.821805
0.835015
0.805963
0.828788
0.855664
0.800672
0.846542
0.818242
0.820555
0.818133
0.818327
0.8121
0.798575
0.817465
0.785991
0.837551
0.865228
0.813287
0.818564
0.861792
0.823945
0.807244
0.82871
0.813969
0.788444
0.83869
0.803288
0.827137
0.839349
0.81039
0.83001
0.816217
0.793006
0.819338
0.823098
0.856513
0.803243
0.829368
0.813707
0.830273
0.809814
0.793909
0.812702
0.837785
0.823095
0.842793
0.803817
0.836253
0.813555
0.802086
0.813035
0.836986
0.830733
0.829305
0.857584
0.81657
0.847623
0.805265
0.810685
0.812142
0.853816
0.84156
0.812687
0.818874
0.802051
0.819882
0.821241
0.805045
0.878658
0.817534
0.803232
0.815159
0.806646
0.836675
0.867167
0.78247
0.791675
0.823421
0.862966
0.815046
0.810313
0.819939
0.808235
0.790031
0.836451
0.817163
0.787078
0.863505
0.847958
0.811133
0.833719
0.833951
0.804431
0.831668
0.807254
0.833472
0.807927
0.817383
0.824255
0.784346
0.812513
0.838542
0.787488
0.834434
0.82547
0.816034
0.796054
0.837606
0.825009
0.81556
0.796855
0.827993
0.846621
0.817206
0.80828
0.821771
0.81914
0.818258
0.87643
0.826568
0.821979
0.859078
0.813282
0.837018
0.821629
0.833023
0.783448
0.820623
0.813906
0.801773
0.797823
0.808129
0.816914
0.848847
0.82098
0.803011
0.836578
0.80086
0.83285
0.827817
0.808016
0.809749
0.82814
0.813934
0.830026
0.830529
0.805761
0.870098
0.824138
0.792453
0.862876
0.798702
0.833066
0.814481
0.836337
0.83242
0.829619
0.816668
0.861129
0.801396
0.819119
0.778207
0.825115
0.809716
0.838401
0.813622
0.841087
0.801317
0.819674
0.83264
0.838178
0.828117
0.817846
0.792259
0.863838
0.783754
0.794372
0.81226
0.811868
0.875266
0.818586
0.821973
0.79917
0.82891
0.822271
0.825173
0.83251
0.843938
0.824794
0.822956
0.78279
0.810986
0.80729
0.837186
0.831991
0.865083
0.840165
0.79683
0.826875
0.798201
0.829389
0.846006
0.787782
0.789672
0.847368
0.826654
0.805449
0.828845
0.808104
0.79029
0.8477
0.839214
0.825979
0.837582
0.811376
0.823098
0.806504
0.857579
0.80761
0.785844
0.84293
0.812346
0.846708
0.812202
0.81595
0.821675
0.847261
0.834068
0.813041
0.829471
0.858532
0.79662
0.809351
0.829992
0.821124
0.811264
0.849268
0.796976
0.835011
0.835349
0.829113
0.824517
0.819362
0.81172
0.808533
0.779087
0.795725
0.824231
0.83196
0.802959
0.829159
0.860194
0.782748
0.819175
0.835288
0.844406
0.825382
0.810279
0.828088
0.834991
0.824951
0.840369
0.781575
0.876299
0.853985
0.856744
0.857126
0.829281
0.830979
0.797082
0.819475
0.810125
0.798788
0.795401
0.87852
0.817686
0.805195
0.822599
0.806861
0.86416
0.834906
0.875992
0.825673
0.799361
0.826656
0.829181
0.847927
0.834268
0.796287
0.790337
0.826343
0.784031
0.80546
0.819534
0.812303
0.816003
0.827106
0.833419
0.826004
0.796544
0.840186
0.826553
0.805529
0.829676
0.802339
0.824917
0.815302
0.854784
0.789655
0.807157
0.816344
0.831685
0.825148
0.809518
0.819659
0.823507
0.83193
0.844415
0.803072
0.834402
0.839293
0.843682
0.861976
0.776495
0.837675
0.83886
0.795045
0.798879
0.797715
0.785384
0.807384
0.852408
0.805949
0.80273
0.809384
0.823025
0.842535
0.847141
0.829091
0.806923
0.836983
0.865444
0.815108
0.819573
0.833004
0.839205
0.848812
0.819713
0.794165
0.835013
0.840859
0.784753
0.814766
0.805454
0.81786
0.808326
0.840057
0.804295
0.816278
0.84888
0.849961
0.845016
0.862925
0.819509
0.820564
0.810048
0.832972
0.833708
0.815173
0.841267
0.83394
0.81264
0.835294
0.814085
0.862892
0.803442
0.810397
0.848112
0.827927
0.811905
0.830095
0.79571
0.81316
0.831647
0.86161
0.789245
0.828362
0.818642
0.806651
0.826959
0.825389
0.819487
0.788325
0.818533
0.818439
0.755113
0.814942
0.820787
0.814182
0.855327
0.827569
0.818012
0.798575
0.821872
0.827323
0.8396
0.828872
0.844964
0.801353
0.817796
0.812714
0.79344
0.826623
0.791412
0.811107
0.834737
0.835736
0.805538
0.822591
0.868032
0.806728
0.828513
0.81566
0.874743
0.824703
0.816445
0.794253
0.810307
0.843517
0.841793
0.800393
0.817339
0.826847
0.865866
0.81571
0.835437
0.80293
0.792868
0.824573
0.826433
0.772493
0.84538
0.865204
0.806719
0.863354
0.792596
0.799771
0.791862
0.822314
0.817166
0.825291
0.820111
0.824513
0.832839
0.841231
0.854322
0.809597
0.833272
0.833419
0.813727
0.824333
0.831909
0.841515
0.839001
0.825699
0.80688
0.830228
0.82623
0.848941
0.803321
0.812861
0.807077
0.843843
0.808118
0.831053
0.828761
0.806671
0.848361
0.810196
0.803743
0.834355
0.827385
0.811263
0.809363
0.871501
0.837735
0.805973
0.870624
0.801845
0.813019
0.866783
0.812207
0.831181
0.861221
0.841748
0.841071
0.806426
0.816201
0.869957
0.856717
0.831571
0.796687
0.821764
0.824118
0.849824
0.837428
0.84728
0.832369
0.845304
0.805248
0.820089
0.845102
0.868414
0.807748
0.879118
0.848364
0.788734
0.842243
0.834218
0.822965
0.846461
0.819818
0.789817
0.811112
0.837012
0.838565
0.811481
0.838847
0.822238
0.821682
0.851625
0.80477
0.783524
0.838057
0.809389
0.822998
0.854672
0.81191
0.86697
0.848128
0.827003
0.851541
0.852958
0.844246
0.806311
0.844213
0.808077
0.839004
0.824786
0.829106
0.855013
0.841572
0.826169
0.809292
0.794028
0.839867
0.814734
0.811269
0.807423
0.833446
0.808723
0.797656
0.854117
0.804479
0.810508
0.78032
0.859965
0.810329
0.838723
0.786338
0.807524
0.798859
0.784379
0.822856
0.800264
0.815591
0.838488
0.809909
0.867284
0.787256
0.833114
0.80531
0.841954
0.813755
0.82476
0.81469
0.828925
0.816044
0.810587
0.85065
0.846985
0.7861
0.811394
0.806091
0.860599
0.814366
0.843736
0.840304
0.827323
0.847978
0.825983
0.826044
0.798118
0.869687
0.826991
0.819673
0.836409
0.813601
0.821359
0.792606
0.862951
0.821714
0.843226
0.862929
0.822305
0.829038
0.758703
0.817476
0.832461
0.845837
0.829067
0.789009
0.831332
0.808773
0.8241
0.840559
0.802344
0.844818
0.810363
0.809247
0.815119
0.845497
0.842611
0.832069
0.882133
0.83454
0.816214
0.866168
0.80921
0.826028
0.838128
0.819784
0.810233
0.829354
0.836768
0.776715
0.835998
0.814532
0.797738
0.782452
0.829795
0.823146
0.860149
0.810317
0.825072
0.817671
0.797914
0.806417
0.826937
0.839441
0.847832
0.800749
0.814101
0.823965
0.82664
0.824774
0.79638
0.820334
0.826035
0.857347
0.815685
0.870027
0.836025
0.798858
0.798486
0.847494
0.811035
0.851162
0.818097
0.805809
0.816823
0.817374
0.811774
0.81528
0.868352
0.81283
0.835305
0.809802
0.815529
0.805378
0.824878
0.824352
0.825538
0.832918
0.817191
0.837508
0.823001
0.846454
0.810589
0.821442
0.81268
0.792642
0.825108
0.823703
0.843139
0.817946
0.773138
0.862238
0.811072
0.81326
0.814998
0.830354
0.834726
0.825382
0.826763
0.796835
0.800545
0.826577
0.840036
0.832683
0.822415
0.789633
0.839196
0.813762
0.806881
0.854978
0.794547
0.808986
0.80521
0.827712
0.8111
0.833417
0.823381
0.822853
0.780925
0.862104
0.80471
0.833528
0.851069
0.82547
0.823529
0.800535
0.848189
0.825775
0.828633
0.81709
0.826557
0.837778
0.843984
0.821983
0.800151
0.852939
0.813113
0.804877
0.831321
0.802739
0.791822
0.81495
0.79807
0.829835
0.849322
0.863841
0.830395
0.807206
0.802264
0.847287
0.794723
0.819218
0.774951
0.820775
0.828216
0.867073
0.842985
0.816567
0.835015
0.817824
0.824838
0.866579
0.827292
0.797499
0.807747
0.809411
0.856713
0.811385
0.824268
0.834823
0.791686
0.805488
0.798426
0.850134
0.861825
0.840905
0.813998
0.824626
0.814722
0.773725
0.830079
0.829574
0.831642
0.845683
0.842835
0.797753
0.810641
0.802347
0.819145
0.848786
0.861489
0.819958
0.84903
0.821212
0.855527
0.813724
0.813946
0.817483
0.822937
0.810003
0.819489
0.809899
0.815596
0.845456
0.841635
0.776
0.816623
0.809487
0.821772
0.844095
0.862429
0.823342
0.814021
0.802757
0.809968
0.840759
0.822872
0.826133
0.825755
0.826515
0.848287
0.822287
0.849626
0.835448
0.818688
0.864831
0.831648
0.815396
0.820816
0.831492
0.802794
0.811284
0.840238
0.793185
0.852911
0.834611
0.846663
0.805356
0.824045
0.846302
0.810191
0.816081
0.813382
0.799548
0.813955
0.828675
0.884893
0.795452
0.826811
0.832791
0.836981
0.816212
0.855208
0.801142
0.817585
0.809006
0.814869
0.836227
0.809402
0.859022
0.766796
0.818838
0.82942
0.863304
0.785409
0.816622
0.818026
0.842009
0.805351
0.819785
0.830016
0.80458
0.815315
0.815749
0.825902
0.827304
0.836113
0.846512
0.77577
0.809295
0.808655
0.815527
0.80921
0.845798
0.803893
0.82973
0.803508
0.818949
0.827749
0.83099
0.834197
0.794198
0.850946
0.822805
0.846542
0.8651
0.85563
0.820877
0.842186
0.825948
0.800357
0.808098
0.824394
0.83624
0.807741
0.821205
0.842589
0.825436
0.860087
0.857512
0.800779
0.820734
0.799971
0.795211
0.807449
0.852173
0.80703
0.821707
0.853671
0.851692
0.830767
0.821131
0.8151
0.843528
0.7905
0.846124
0.83129
0.848675
0.81963
0.785889
0.782005
0.825215
0.828483
0.830095
0.814224
0.810041
0.812456
0.813744
0.798078
0.828964
0.809246
0.827689
0.811791
0.826279
0.809216
0.824816
0.803537
0.814863
0.843883
0.806501
0.808774
0.835812
0.81527
0.789195
0.839939
0.816814
0.824796
0.817994
0.859177
0.847877
0.835984
0.804778
0.796227
0.824771
0.815759
0.792906
0.848766
0.824464
0.828922
0.827392
0.840056
0.816386
0.804075
0.832173
0.822422
0.82576
0.819836
0.798838
0.817004
0.834107
0.847439
0.83646
0.827738
0.81799
0.829893
0.787311
0.814773
0.842805
0.792771
0.777657
0.820001
0.83062
0.819816
0.777827
0.788477
0.839672
0.845071
0.82372
0.850224
0.81387
0.824806
0.807031
0.813823
0.827349
0.822753
0.80292
0.81046
0.806714
0.848223
0.824929
0.854212
0.798572
0.790479
0.83538
0.808013
0.80778
0.819954
0.832194
0.824126
0.866411
0.806411
0.823154
0.85115
0.82216
0.834891
0.8096
0.830406
0.836671
0.856401
0.83638
0.866398
0.82205
0.79865
0.838118
0.80855
0.81318
0.817251
0.816698
0.782512
0.872019
0.824491
0.821142
0.832521
0.852736
0.789459
0.795366
0.80784
0.823611
0.826768
0.797411
0.857298
0.83344
0.803674
0.821404
0.860508
0.816058
0.827446
0.848504
0.8478
0.843166
0.804953
0.83019
0.87283
0.86788
0.807653
0.798961
0.854284
0.856078
0.832511
0.85561
0.850862
0.849755
0.805961
0.839907
0.841793
0.837568
0.791766
0.801368
0.854925
0.811178
0.810116
0.819577
0.81489
0.823757
0.821891
0.809304
0.790559
0.840298
0.777544
0.831395
0.840483
0.845787
0.822337
0.879098
0.823325
0.802157
0.871361
0.842378
0.819796
0.837536
0.829245
0.823972
0.815433
0.828911
0.834138
0.840408
0.830721
0.825014
0.843379
0.826105
0.835655
0.829021
0.837383
0.835057
0.822143
0.828206
0.853418
0.822431
0.788861
0.842959
0.781589
0.821467
0.802345
0.79172
0.814282
0.820069
0.805236
0.837885
0.878448
0.80986
0.820135
0.795969
0.817944
0.817426
0.834211
0.807584
0.818094
0.803022
0.864336
0.825313
0.859314
0.790324
0.821577
0.844833
0.842871
0.815892
0.864968
0.789178
0.822679
0.835481
0.840763
0.833707
0.80191
0.808609
0.829825
0.815533
0.819966
0.830917
0.816824
0.817044
0.835452
0.824285
0.834611
0.840372
0.814959
0.842055
0.806461
0.806815
0.845017
0.826479
0.78206
0.803691
0.835715
0.793472
0.862759
0.823671
0.812814
0.853668
0.801242
0.820623
0.805482
0.798134
0.803596
0.82827
0.822606
0.82068
0.787848
0.83245
0.832149
0.778935
0.854079
0.812843
0.805221
0.812384
0.799683
0.8396
0.826054
0.813387
0.805159
0.82525
0.820924
0.814445
0.806061
0.814016
0.81979
0.831591
0.797417
0.815091
0.835033
0.851514
0.841799
0.812679
0.803721
0.847197
0.8406
0.848807
0.818906
0.804658
0.803309
0.798115
0.843765
0.823572
0.831878
0.82809
0.812456
0.827909
0.826507
0.831596
0.787016
0.845172
0.854395
0.839636
0.837618
0.827457
0.82479
0.826528
0.827357
0.818752
0.806395
0.810159
0.817962
0.824127
0.847517
0.806025
0.829579
0.848204
0.79708
0.864078
0.804587
0.804371
0.829776
0.832724
0.779215
0.800583
0.83111
0.794271
0.841268
0.788324
0.824281
0.808598
0.825802
0.80935
0.804001
0.8231
0.807428
0.854536
0.825118
0.802681
0.835655
0.810143
0.830986
0.823281
0.802853
0.841304
0.798822
0.820091
0.855284
0.78847
0.828572
0.789149
0.817933
0.89
0.834954
0.785061
0.81251
0.816654
0.793085
0.816232
0.797808
0.809956
0.802987
0.831622
0.792288
0.806658
0.82223
0.817699
0.798329
0.821553
0.811005
0.859308
0.832191
0.886424
0.810599
0.828541
0.836156
0.817005
0.819688
0.819439
0.810559
0.820143
0.842286
0.808575
0.811208
0.815758
0.880727
0.86348
0.874841
0.844927
0.815691
0.815379
0.82109
0.785723
0.842589
0.818092
0.84106
0.791758
0.813765
0.829054
0.814522
0.819294
0.821983
0.853024
0.788233
0.803951
0.815213
0.793553
0.845486
0.838184
0.829954
0.856841
0.80241
0.81137
0.856458
0.801036
0.800145
0.815317
0.817224
0.81647
0.825419
0.852358
0.839674
0.795694
0.845286
0.870706
0.80555
0.802972
0.832593
0.843805
0.845207
0.848535
0.82636
0.802582
0.838003
0.813535
0.817648
0.833777
0.798786
0.811804
0.820865
0.79708
0.810462
0.821021
0.817556
0.766545
0.865112
0.812604
0.774542
0.841122
0.829033
0.820128
0.851595
0.805169
0.82393
0.818881
0.804899
0.823651
0.819315
0.818314
0.854234
0.803549
0.830842
0.845922
0.82966
0.842247
0.818457
0.821537
0.804398
0.856878
0.801797
0.828879
0.852252
0.792965
0.809695
0.794452
0.847994
0.787026
0.818141
0.868813
0.829754
0.837324
0.836242
0.859191
0.804905
0.825485
0.812003
0.813946
0.813655
0.787284
0.798118
0.812691
0.833401
0.843598
0.816994
0.827958
0.839776
0.82093
0.808637
0.804479
0.850329
0.83927
0.847696
0.818932
0.808558
0.832422
0.797017
0.867153
0.793934
0.808133
0.827266
0.793878
0.811495
0.798739
0.788429
0.82192
0.822159
0.81153
0.817328
0.819966
0.8288
0.856665
0.842764
0.821464
0.832495
0.830466
0.846808
0.838232
0.790654
0.819979
0.850953
0.783094
0.817825
0.852854
0.816766
0.836088
0.849332
0.842522
0.815648
0.819289
0.819438
0.813952
0.834645
0.808277
0.82563
0.850531
0.82012
0.836902
0.838994
0.856617
0.830208
0.793184
0.828394
0.823956
0.859929
0.827654
0.851089
0.838285
0.856471
0.79207
0.838595
0.824154
0.846047
0.861779
0.831928
0.796172
0.835681
0.764798
0.797855
0.864124
0.860491
0.811899
0.774852
0.817451
0.820734
0.822603
0.820986
0.788966
0.86607
0.844112
0.788764
0.799084
0.799955
0.809797
0.807949
0.816495
0.787206
0.823482
0.801762
0.821988
0.814042
0.830392
0.812926
0.820486
0.805228
0.844138
0.821621
0.834934
0.857879
0.812584
0.817838
0.845584
0.819425
0.814083
0.818021
0.837982
0.827682
0.798344
0.82241
0.809839
0.83776
0.842464
0.834366
0.811889
0.788075
0.819796
0.820059
0.814741
0.825873
0.825577
0.844143
0.809112
0.816629
0.834014
0.810626
0.824188
0.799289
0.807189
0.791832
0.839727
0.834498
0.820181
0.848625
0.798656
0.821189
0.824777
0.810978
0.838185
0.812298
0.822533
0.824854
0.823616
0.791051
0.814048
0.824186
0.820248
0.810464
0.814149
0.833278
0.798722
0.853011
0.809464
0.810434
0.842322
0.82183
0.824924
0.813608
0.794827
0.812645
0.842108
0.822693
0.830175
0.801127
0.832339
0.820975
0.815194
0.813772
0.863783
0.815086
0.785201
0.793176
0.79269
0.81673
0.849171
0.807913
0.840809
0.805229
0.802216
0.832549
0.824616
0.823391
0.824358
0.884451
0.831155
0.79314
0.80956
0.814468
0.804221
0.81707
0.827841
0.804923
0.818683
0.818782
0.823775
0.814601
0.829445
0.853041
0.791327
0.813704
0.835641
0.79359
0.808951
0.794614
0.844528
0.836445
0.81459
0.840201
0.887278
0.816664
0.780726
0.814702
0.843343
0.82625
0.845886
0.837989
0.827297
0.811934
0.826421
0.798912
0.830164
0.820557
0.809175
0.874648
0.843058
0.833124
0.812725
0.816179
0.842123
0.845538
0.780314
0.813128
0.780939
0.857046
0.837528
0.796964
0.827516
0.858337
0.819772
0.836285
0.792163
0.819917
0.825546
0.837747
0.795316
0.798525
0.829618
0.791559
0.852562
0.828941
0.855634
0.831905
0.834245
0.800907
0.840209
0.839951
0.778074
0.812277
0.84222
0.812982
0.815609
0.806409
0.834338
0.820957
0.824264
0.799133
0.791386
0.833633
0.831045
0.840048
0.82015
0.833689
0.807447
0.82368
0.804159
0.873821
0.826192
0.843719
0.793382
0.817385
0.787775
0.818022
0.834599
0.819472
0.846078
0.782628
0.847139
0.817218
0.834234
0.802877
0.845437
0.808796
0.837085
0.790237
0.839276
0.80859
0.808277
0.799284
0.827765
0.836906
0.828232
0.806582
0.819224
0.814315
0.800445
0.807087
0.793802
0.828802
0.821573
0.841223
0.812761
0.848391
0.807808
0.811857
0.820968
0.772033
0.81333
0.820513
0.799073
0.862987
0.830218
0.800137
0.818123
0.825979
0.84108
0.829795
0.822145
0.801652
0.79941
0.794954
0.803584
0.869896
0.774542
0.835397
0.839987
0.811929
0.818788
0.806795
0.844405
0.848558
0.856783
0.826707
0.814684
0.797551
0.795884
0.808338
0.85502
0.830925
0.817596
0.855979
0.818691
0.822937
0.835952
0.831909
0.8264
0.817269
0.79951
0.810523
0.815367
0.837172
0.823183
0.823441
0.827652
0.806232
0.846427
0.821817
0.85206
0.801281
0.838097
0.821659
0.832258
0.819976
0.81089
0.846007
0.799353
0.834563
0.812321
0.847846
0.812338
0.825393
0.793543
0.826953
0.828657
0.832973
0.831736
0.852945
0.805017
0.824751
0.830021
0.815921
0.797051
0.883984
0.835905
0.801521
0.83065
0.794225
0.840379
0.825272
0.826829
0.832024
0.81191
0.818302
0.834901
0.834132
0.815584
0.815602
0.83283
0.872462
0.818525
0.855168
0.797299
0.814563
0.775856
0.83276
0.830354
0.82716
0.821328
0.839808
0.864287
0.853555
0.83151
0.83126
0.846462
0.785624
0.809802
0.840909
0.81667
0.801195
0.837405
0.836825
0.802839
0.79625
0.800279
0.824315
0.822004
0.839734
0.822311
0.81848
0.783205
0.792788
0.816363
0.850785
0.825167
0.817397
0.830884
0.835459
0.848158
0.810001
0.77906
0.820342
0.812718
0.860256
0.806799
0.782349
0.803929
0.836827
0.797205
0.802865
0.844905
0.777464
0.854173
0.87086
0.841568
0.806865
0.823987
0.819947
0.860901
0.793259
0.801943
0.835509
0.814934
0.804546
0.821662
0.863594
0.83208
0.801079
0.8076
0.870153
0.812092
0.833788
0.825597
0.820092
0.820754
0.831641
0.82183
0.854769
0.796573
0.834342
0.822731
0.813821
0.844578
0.788528
0.807815
0.84426
0.834593
0.817922
0.755833
0.792707
0.807879
0.802276
0.842427
0.825512
0.782918
0.808006
0.806296
0.818868
0.790112
0.79844
0.802741
0.821952
0.828552
0.816463
0.822313
0.787427
0.865948
0.802498
0.813257
0.788417
0.810849
0.828568
0.867279
0.81574
0.798058
0.804857
0.826085
0.80709
0.827069
0.797196
0.801227
0.789981
0.872353
0.809855
0.815445
0.830742
0.819394
0.841441
0.827175
0.814964
0.80589
0.786997
0.818507
0.831049
0.819661
0.829681
0.824484
0.798283
0.813828
0.824779
0.804085
0.850616
0.887891
0.81502
0.830405
0.81823
0.788889
0.829561
0.833745
0.822612
0.813983
0.812798
0.813537
0.796328
0.844624
0.827051
0.837805
0.783222
0.831888
0.833616
0.837016
0.84519
0.823511
0.792404
0.821464
0.815011
0.810614
0.807163
0.804049
0.816019
0.844634
0.825887
0.849108
0.797162
0.813821
0.816591
0.818308
0.823011
0.791171
0.823645
0.824134
0.84586
0.839163
0.795342
0.821267
0.826009
0.882379
0.780411
0.828529
0.821211
0.82776
0.815574
0.836571
0.828283
0.825646
0.80766
0.79936
0.824862
0.852976
0.824348
0.808488
0.818926
0.826152
0.831638
0.767071
0.867602
0.869821
0.838636
0.835988
0.819455
0.784183
0.805831
0.84271
0.816613
0.80304
0.843764
0.786345
0.848498
0.839873
0.802954
0.844856
0.818974
0.81069
0.80603
0.795694
0.786921
0.841026
0.848383
0.86704
0.817871
0.815221
0.814844
0.830443
0.805239
0.815892
0.812963
0.791073
0.803031
0.846663
0.861883
0.812253
0.803515
0.811397
0.820306
0.837345
0.828453
0.873604
0.828383
0.762278
0.822208
0.815507
0.850923
0.836697
0.853906
0.827362
0.826396
0.831852
0.80292
0.786279
0.840227
0.835851
0.81285
0.840171
0.803005
0.855439
0.831314
0.775283
0.839954
0.793406
0.838125
0.836487
0.806799
0.797351
0.84627
0.830549
0.838048
0.823666
0.830581
0.818111
0.822184
0.813027
0.799071
0.798948
0.837023
0.808985
0.784377
0.816508
0.838511
0.789435
0.834876
0.843638
0.841783
0.824856
0.845032
0.830778
0.811506
0.824927
0.790529
0.798113
0.839833
0.853572
0.81234
0.837035
0.82058
0.808619
0.843327
0.84549
0.857876
0.826117
0.840717
0.82044
0.854496
0.796007
0.825838
0.845179
0.855098
0.856677
0.872649
0.838924
0.777594
0.836548
0.781323
0.805732
0.791471
0.851455
0.840161
0.820966
0.796526
0.840596
0.820433
0.814337
0.830976
0.837842
0.87132
0.796421
0.841492
0.774897
0.799117
0.839137
0.809144
0.839003
0.840906
0.816038
0.832082
0.805714
0.827163
0.804048
0.807191
0.80402
0.77248
0.82971
0.804887
0.793548
0.843116
0.798238
0.83497
0.861361
0.848167
0.814286
0.836828
0.811153
0.833809
0.816716
0.791836
0.826857
0.820009
0.818391
0.811046
0.83394
0.803001
0.817168
0.802468
0.855066
0.852187
0.841382
0.816846
0.800054
0.795408
0.836157
0.860175
0.816533
0.798632
0.811965
0.826567
0.829802
0.84478
0.803531
0.834739
0.840185
0.822318
0.826205
0.822688
0.819335
0.829353
0.829088
0.821729
0.839103
0.818448
0.871331
0.841611
0.841847
0.799025
0.846005
0.821211
0.809497
0.835707
0.841078
0.813261
0.794461
0.855261
0.831771
0.811314
0.810256
0.82127
0.83209
0.782572
0.837433
0.83445
0.8222
0.842153
0.835283
0.832985
0.83477
0.81723
0.824265
0.776604
0.821083
0.791054
0.804111
0.815139
0.822069
0.814103
0.809317
0.834627
0.858769
0.837147
0.837477
0.807116
0.776631
0.816724
0.781377
0.828674
0.819551
0.765226
0.81797
0.78829
0.832094
0.819011
0.846036
0.817505
0.836728
0.847695
0.800655
0.852587
0.795732
0.845323
0.806893
0.823449
0.837147
0.843513
0.788196
0.781838
0.838348
0.821852
0.832583
0.793141
0.812105
0.820503
0.805255
0.789448
0.837173
0.832708
0.808824
0.795591
0.825114
0.838144
0.833592
0.844379
0.837303
0.831914
0.813646
0.856521
0.853241
0.813118
0.828082
0.816844
0.857608
0.845329
0.79094
0.825992
0.818062
0.842837
0.809995
0.822309
0.819986
0.83787
0.82042
0.816361
0.81059
0.815813
0.799778
0.861979
0.79245
0.82387
0.823561
0.815543
0.794818
0.834412
0.881267
0.809143
0.803626
0.83622
0.814221
0.829397
0.839817
0.803322
0.830207
0.8153
0.820434
0.82896
0.814983
0.804309
0.792721
0.791545
0.837601
0.821362
0.818845
0.829036
0.827219
0.810372
0.820187
0.822944
0.840418
0.846467
0.842629
0.797319
0.82428
0.827744
0.785747
0.849482
0.815354
0.818973
0.85361
0.814975
0.810722
0.838693
0.808781
0.827995
0.846985
0.809342
0.842154
0.829572
0.78567
0.827812
0.840532
0.818173
0.794935
0.799395
0.843293
0.829172
0.806126
0.819126
0.840239
0.827351
0.862449
0.824015
0.81716
0.816494
0.871851
0.793929
0.847362
0.850259
0.857298
0.848205
0.830195
0.856543
0.811583
0.815595
0.814059
0.806637
0.83672
0.824545
0.795605
0.803026
0.820815
0.834249
0.809322
0.819555
0.850435
0.859246
0.804413
0.795896
0.816208
0.795748
0.835527
0.82454
0.848725
0.8174
0.788796
0.789117
0.864176
0.798693
0.818129
0.836834
0.811094
0.799003
0.84111
0.840715
0.828729
0.784353
0.82139
0.818465
0.833969
0.8261
0.817519
0.787043
0.838894
0.809558
0.814027
0.822605
0.79711
0.842337
0.821575
0.816619
0.840016
0.818142
0.846093
0.830536
0.842293
0.819205
0.856758
0.823228
0.796598
0.820717
0.803938
0.788569
0.7893
0.872012
0.823895
0.811949
0.833828
0.864634
0.810261
0.818437
0.85419
0.805155
0.890613
0.856064
0.818441
0.823784
0.835787
0.828264
0.82244
0.830055
0.826081
0.795681
0.792478
0.839921
0.809388
0.844619
0.831094
0.818338
0.838642
0.840391
0.796722
0.811624
0.800248
0.814779
0.76963
0.830007
0.819409
0.832037
0.842162
0.825825
0.82641
0.829378
0.841357
0.823501
0.809426
0.835195
0.824858
0.838984
0.823292
0.843045
0.816856
0.81424
0.832955
0.826835
0.834817
0.836565
0.809161
0.800973
0.816179
0.81524
0.82246
0.8353
0.833526
0.809325
0.807135
0.808056
0.839324
0.867775
0.814003
0.830819
0.8164
0.82331
0.820942
0.831043
0.868503
0.814982
0.81832
0.824183
0.811109
0.815523
0.805679
0.83963
0.838059
0.820049
0.838783
0.837458
0.841979
0.834181
0.843584
0.827198
0.794649
0.762149
0.782749
0.857119
0.799335
0.789952
0.843659
0.829087
0.804552
0.812548
0.821587
0.825485
0.823868
0.797144
0.812159
0.799346
0.818165
0.81778
0.822067
0.812941
0.8263
0.848453
0.814062
0.840204
0.870335
0.810508
0.850198
0.838779
0.819239
0.830391
0.829295
0.816903
0.805126
0.845856
0.830983
0.817101
0.819017
0.867125
0.839019
0.840139
0.837873
0.835084
0.837513
0.810065
0.848455
0.817755
0.780538
0.798582
0.853351
0.776059
0.819776
0.813277
0.853003
0.809523
0.798862
0.799218
0.817045
0.797976
0.816868
0.800617
0.829378
0.813079
0.806461
0.83797
0.796769
0.874361
0.810263
0.808226
0.803803
0.803202
0.79216
0.856681
0.791449
0.805287
0.817718
0.794056
0.862022
0.799219
0.810977
0.797584
0.810534
0.852741
0.842367
0.801464
0.783429
0.812252
0.812549
0.82397
0.844592
0.84383
0.814392
0.807775
0.816611
0.795602
0.812927
0.842132
0.844703
0.834792
0.835713
0.842703
0.828064
0.803665
0.827873
0.845615
0.831641
0.843157
0.808208
0.81667
0.813718
0.801771
0.787442
0.85032
0.81249
0.781222
0.844709
0.83868
0.805817
0.858373
0.810937
0.830176
0.806505
0.867127
0.825979
0.811425
0.82757
0.77963
0.809812
0.837164
0.805819
0.809364
0.794784
0.808073
0.800781
0.850705
0.789645
0.831135
0.786552
0.831358
0.798883
0.847665
0.82307
0.867247
0.79193
0.804591
0.833453
0.821226
0.841583
0.816185
0.800166
0.805735
0.823388
0.861925
0.841776
0.833772
0.816907
0.835881
0.826442
0.860905
0.836594
0.835443
0.831037
0.853148
0.833221
0.849738
0.823991
0.842954
0.769707
0.810558
0.845608
0.812672
0.804208
0.834114
0.822571
0.816934
0.829251
0.776285
0.814242
0.841209
0.827322
0.826267
0.821018
0.837097
0.798826
0.835491
0.846215
0.856428
0.835526
0.821714
0.826113
0.837085
0.824833
0.810596
0.806389
0.819177
0.831702
0.80061
0.831528
0.803193
0.834455
0.834114
0.874607
0.79394
0.847214
0.811317
0.837648
0.808502
0.823141
0.826982
0.825755
0.801036
0.793592
0.801205
0.791222
0.781426
0.887139
0.811584
0.82611
0.796012
0.835268
0.807634
0.849844
0.817835
0.815828
0.808808
0.830617
0.784215
0.830831
0.858596
0.792638
0.862352
0.834914
0.841819
0.866121
0.841626
0.834786
0.832034
0.827161
0.816957
0.824275
0.800276
0.835206
0.803914
0.806433
0.81408
0.829556
0.831777
0.819647
0.809929
0.813929
0.804633
0.834712
0.791701
0.812242
0.838753
0.844826
0.830296
0.85491
0.846054
0.819746
0.796109
0.81442
0.841498
0.830667
0.841425
0.820353
0.81308
0.852922
0.834231
0.855327
0.829451
0.804857
0.796401
0.792938
0.814679
0.799301
0.834735
0.798278
0.803787
0.79055
0.817437
0.879162
0.84187
0.829886
0.867388
0.84486
0.803449
0.850899
0.825481
0.793091
0.800416
0.787577
0.828283
0.832461
0.794069
0.889533
0.84987
0.853521
0.821969
0.802415
0.839057
0.825203
0.822711
0.842863
0.803688
0.833123
0.872663
0.816622
0.852339
0.791034
0.836928
0.820598
0.801405
0.850936
0.816705
0.815914
0.817101
0.792551
0.812607
0.819516
0.809644
0.828928
0.823104
0.840275
0.803396
0.784789
0.809476
0.806175
0.865256
0.849423
0.768769
0.796527
0.844733
0.79319
0.803997
0.804267
0.841425
0.809611
0.823582
0.798811
0.792714
0.799973
0.815254
0.802674
0.830078
0.797484
0.787647
0.793379
0.860958
0.826538
0.832677
0.777327
0.832286
0.794267
0.84088
0.804944
0.847592
0.806648
0.841456
0.789558
0.806901
0.849681
0.842797
0.840019
0.845044
0.832163
0.785173
0.822172
0.853979
0.823375
0.867472
0.844252
0.806688
0.806956
0.833598
0.834875
0.842894
0.819083
0.806464
0.83357
0.84329
0.822971
0.855651
0.82424
0.833946
0.817761
0.793418
0.826624
0.858418
0.813792
0.804828
0.843911
0.839306
0.828015
0.815919
0.801148
0.845582
0.819172
0.838925
0.822762
0.816605
0.842799
0.817809
0.838245
0.827889
0.851695
0.811908
0.809131
0.809069
0.800326
0.847628
0.828959
0.806993
0.818418
0.822374
0.787476
0.821039
0.802922
0.812078
0.807834
0.816712
0.878433
0.837373
0.806229
0.827863
0.788396
0.814949
0.834252
0.817526
0.798043
0.845638
0.826318
0.839054
0.8558
0.846257
0.846984
0.855508
0.805767
0.875746
0.811799
0.780568
0.819548
0.808498
0.815966
0.813554
0.799794
0.832778
0.781795
0.848234
0.818783
0.814759
0.814931
0.834474
0.851511
0.874687
0.833388
0.803309
0.808732
0.800846
0.815307
0.792278
0.832738
0.838564
0.781875
0.825598
0.783171
0.846598
0.831341
0.818097
0.844331
0.874593
0.833115
0.826215
0.834576
0.851178
0.829207
0.827219
0.824696
0.8534
0.830474
0.821896
0.834665
0.820263
0.846779
0.831313
0.812997
0.790152
0.834856
0.81469
0.808391
0.833721
0.80612
0.828821
0.801329
0.831355
0.839791
0.814725
0.820829
0.821366
0.865111
0.827779
0.82001
0.797928
0.852958
0.83486
0.787025
0.815721
0.828132
0.836347
0.789742
0.814082
0.818264
0.824334
0.806659
0.864484
0.833414
0.795339
0.807276
0.819466
0.819361
0.831496
0.835983
0.826094
0.827789
0.828787
0.829559
0.826838
0.825817
0.808263
0.818333
0.818075
0.840676
0.783936
0.820751
0.785042
0.841387
0.822808
0.834577
0.819398
0.830539
0.77902
0.821048
0.787867
0.819248
0.799225
0.798502
0.822623
0.81985
0.8415
0.807568
0.817567
0.818071
0.798595
0.798885
0.814246
0.822309
0.824038
0.793589
0.820153
0.851296
0.792698
0.835951
0.83904
0.779507
0.851313
0.814213
0.795584
0.826809
0.835024
0.821553
0.812274
0.805358
0.790047
0.802955
0.800175
0.833156
0.836131
0.831341
0.853934
0.810508
0.801042
0.82476
0.859641
0.811699
0.830758
0.849914
0.772174
0.834683
0.830682
0.796329
0.825634
0.811722
0.793349
0.790981
0.809032
0.803345
0.85624
0.825576
0.790388
0.816086
0.832171
0.800793
0.8362
0.80321
0.819213
0.815291
0.833297
0.805395
0.808749
0.810095
0.857085
0.812767
0.823426
0.794538
0.849302
0.800897
0.798271
0.831258
0.848452
0.815677
0.793682
0.843669
0.83952
0.811549
0.841795
0.826386
0.795625
0.85851
0.853469
0.832624
0.81754
0.825983
0.793669
0.84594
0.8133
0.833151
0.830774
0.818424
0.837957
0.821603
0.838014
0.793147
0.790613
0.804592
0.797867
0.839916
0.779776
0.799691
0.80053
0.848327
0.829726
0.821612
0.838215
0.830842
0.823862
0.84193
0.806331
0.823171
0.825612
0.8531
0.809454
0.812359
0.826127
0.79555
0.794603
0.8305
0.854155
0.839353
0.863039
0.845377
0.831456
0.83558
0.828165
0.797231
0.829917
0.788388
0.837556
0.822536
0.79135
0.795078
0.834986
0.819548
0.814219
0.813802
0.816429
0.808787
0.809979
0.803983
0.827577
0.796624
0.824049
0.813611
0.839073
0.825422
0.80428
0.808871
0.808013
0.799667
0.830026
0.854764
0.789151
0.827025
0.825663
0.801309
0.843122
0.817602
0.827991
0.824708
0.803334
0.81208
0.854847
0.822295
0.798731
0.806765
0.823825
0.825819
0.792261
0.760464
0.845568
0.820237
0.793972
0.797475
0.824219
0.795159
0.843064
0.801248
0.812211
0.849014
0.800744
0.809301
0.815295
0.795503
0.81275
0.837795
0.849728
0.815912
0.831331
0.77667
0.841923
0.829288
0.827237
0.810201
0.827129
0.787623
0.831972
0.813497
0.77888
0.821589
0.822034
0.872882
0.870167
0.828985
0.804201
0.812217
0.817066
0.823555
0.852687
0.855004
0.838576
0.830114
0.841252
0.807458
0.843135
0.824211
0.818695
0.828633
0.832284
0.814822
0.852625
0.813226
0.829656
0.819754
0.852861
0.826034
0.81659
0.794515
0.79899
0.794726
0.789459
0.815921
0.833893
0.804478
0.795301
0.836411
0.830878
0.821824
0.806636
0.82101
0.837182
0.849978
0.788096
0.835519
0.812711
0.821257
0.787748
0.819891
0.821528
0.840315
0.860117
0.838534
0.830116
0.823951
0.786835
0.801309
0.82232
0.816916
0.824432
0.795091
0.839818
0.804103
0.80958
0.817608
0.782728
0.864783
0.830577
0.825908
0.796637
0.804018
0.825406
0.812025
0.833777
0.805223
0.820272
0.794035
0.830665
0.831097
0.854545
0.847167
0.797548
0.845787
0.858453
0.81025
0.837615
0.792727
0.811661
0.822395
0.787926
0.805962
0.826243
0.831003
0.837991
0.831327
0.830341
0.843779
0.841657
0.803362
0.866918
0.829972
0.812638
0.826138
0.829524
0.831291
0.837266
0.85118
0.827525
0.80663
0.805816
0.828177
0.789907
0.819119
0.844465
0.824205
0.826393
0.833002
0.832678
0.852606
0.844026
0.862446
0.821976
0.822351
0.822039
0.841501
0.833207
0.852628
0.82975
0.800483
0.786714
0.803955
0.864544
0.832196
0.822753
0.842488
0.832759
0.795293
0.854293
0.837481
0.803183
0.862163
0.844041
0.819866
0.818221
0.817106
0.818399
0.817223
0.816358
0.811915
0.835842
0.87731
0.876807
0.824206
0.810616
0.828882
0.843521
0.84793
0.819579
0.825668
0.841201
0.819832
0.773999
0.835061
0.812388
0.815109
0.832222
0.813701
0.794356
0.79339
0.834903
0.847423
0.793206
0.866533
0.846753
0.81363
0.865161
0.785349
0.827871
0.817915
0.790041
0.793592
0.847147
0.855679
0.818096
0.819021
0.790741
0.861139
0.838782
0.833223
0.844591
0.798349
0.81565
0.812221
0.812756
0.827986
0.83269
0.810622
0.809133
0.827977
0.781653
0.832261
0.813733
0.780672
0.831922
0.863383
0.860692
0.843214
0.851407
0.805177
0.835803
0.810546
0.821583
0.834942
0.807784
0.823367
0.812365
0.831195
0.830197
0.844921
0.813929
0.851126
0.782713
0.852728
0.842346
0.809859
0.850123
0.852792
0.841802
0.843698
0.829219
0.799711
0.820434
0.815122
0.851734
0.846942
0.828523
0.820399
0.812423
0.860802
0.868724
0.813606
0.799845
0.808906
0.848477
0.814788
0.810354
0.83052
0.812393
0.793757
0.846216
0.819056
0.796115
0.806585
0.800927
0.847601
0.819467
0.84969
0.791838
0.862317
0.804523
0.836602
0.8287
0.788905
0.811594
0.833322
0.823306
0.80093
0.822483
0.82561
0.852394
0.825463
0.865596
0.798367
0.775051
0.827566
0.855103
0.826504
0.796312
0.814822
0.84171
0.793797
0.814253
0.825005
0.831385
0.788745
0.793303
0.82922
0.836695
0.823193
0.843273
0.837893
0.792616
0.806064
0.83799
0.854729
0.796753
0.808334
0.802628
0.832114
0.844
0.838802
0.862581
0.810252
0.801281
0.823476
0.803161
0.81386
0.8348
0.843263
0.806643
0.825304
0.82137
0.845967
0.815384
0.816834
0.837091
0.842973
0.826434
0.822717
0.797657
0.841809
0.817596
0.835993
0.819817
0.803204
0.807634
0.82243
0.799984
0.816512
0.796404
0.817021
0.796727
0.836498
0.817971
0.81201
0.828388
0.82646
0.816554
0.817718
0.84456
0.788294
0.810282
0.845205
0.796005
0.872421
0.854724
0.83489
0.816948
0.829792
0.82778
0.810441
0.788185
0.822934
0.815893
0.864955
0.835797
0.815718
0.846593
0.850454
0.826515
0.778648
0.818545
0.797528
0.798178
0.841937
0.866022
0.857011
0.829354
0.838527
0.831601
0.816391
0.841889
0.826086
0.829258
0.842506
0.822653
0.831183
0.819383
0.814407
0.829072
0.842146
0.830662
0.797957
0.811047
0.82964
0.836712
0.860755
0.813764
0.806282
0.836907
0.836594
0.823635
0.81314
0.846978
0.816307
0.855128
0.837173
0.822177
0.816777
0.826113
0.811058
0.819046
0.826726
0.792243
0.848912
0.857919
0.81382
0.798321
0.803957
0.800994
0.787209
0.819446
0.801514
0.829982
0.829573
0.834457
0.809167
0.81916
0.848413
0.817807
0.813964
0.821728
0.800945
0.817061
0.817433
0.843887
0.807677
0.799708
0.834262
0.807294
0.817476
0.841916
0.850575
0.823097
0.869956
0.805505
0.802508
0.833483
0.789344
0.815511
0.796752
0.809908
0.837666
0.79719
0.857601
0.848402
0.800647
0.832505
0.830793
0.846984
0.813691
0.824851
0.811296
0.841299
0.797847
0.801678
0.816005
0.822875
0.811072
0.808554
0.814276
0.845959
0.84371
0.808118
0.837089
0.79881
0.889486
0.846887
0.819393
0.768061
0.813249
0.844736
0.801242
0.815673
0.788837
0.821854
0.818969
0.806828
0.856722
0.78329
0.833989
0.813364
0.839906
0.807226
0.83809
0.802322
0.825116
0.843554
0.842779
0.785608
0.819112
0.826048
0.813131
0.809743
0.821849
0.831376
0.825364
0.845728
0.849808
0.797423
0.81584
0.832075
0.855889
0.821332
0.815516
0.82493
0.851205
0.815982
0.793988
0.855211
0.817445
0.806982
0.85204
0.792716
0.824403
0.820375
0.804442
0.823708
0.831018
0.834899
0.858668
0.856794
0.84036
0.783608
0.805981
0.85678
0.831129
0.829474
0.826693
0.828825
0.80296
0.835915
0.830344
0.830059
0.813659
0.845369
0.826079
0.809718
0.810481
0.849922
0.808545
0.837561
0.82257
0.821358
0.841963
0.854804
0.82621
0.83688
0.813848
0.829971
0.840242
0.78153
0.829453
0.846489
0.817399
0.803176
0.801691
0.85676
0.832516
0.844588
0.8343
0.821185
0.821454
0.806705
0.819594
0.799336
0.839363
0.833686
0.834967
0.815966
0.797617
0.805808
0.873641
0.820923
0.837189
0.821668
0.820092
0.813152
0.796817
0.79078
0.806746
0.808507
0.815989
0.799648
0.809074
0.835247
0.800485
0.809397
0.824966
0.830002
0.832825
0.845427
0.820852
0.822604
0.806664
0.807785
0.818083
0.809227
0.79493
0.828852
0.854689
0.846686
0.841659
0.821247
0.854352
0.836244
0.814687
0.798752
0.812969
0.825113
0.817144
0.855578
0.840005
0.82858
0.806424
0.841594
0.858756
0.868435
0.867649
0.858872
0.844661
0.798124
0.876986
0.819524
0.805925
0.81926
0.834238
0.828548
0.817686
0.816623
0.82261
0.79405
0.822494
0.790638
0.796778
0.807007
0.872171
0.840131
0.811621
0.793944
0.835781
0.828302
0.808597
0.801855
0.823689
0.794629
0.836256
0.807496
0.792148
0.812426
0.857003
0.815239
0.802271
0.810687
0.789967
0.821856
0.789122
0.833412
0.794317
0.815108
0.789724
0.838798
0.841414
0.847782
0.820239
0.808545
0.821247
0.806042
0.834431
0.807686
0.862047
0.81052
0.815418
0.830709
0.863586
0.830662
0.80272
0.797839
0.799635
0.831494
0.852442
0.838981
0.808831
0.787903
0.838941
0.822468
0.863463
0.84497
0.808523
0.845583
0.83717
0.78644
0.846844
0.809588
0.81557
0.819605
0.857441
0.826986
0.792147
0.803865
0.821948
0.837312
0.822287
0.834487
0.837965
0.840566
0.809388
0.827239
0.797073
0.793517
0.773372
0.878013
0.812653
0.813549
0.792669
0.801447
0.818504
0.768516
0.795714
0.823094
0.817288
0.821813
0.80462
0.849496
0.82612
0.825618
0.813167
0.782112
0.808131
0.80624
0.83285
0.819274
0.828534
0.800226
0.798291
0.786985
0.866423
0.85239
0.804284
0.80617
0.823016
0.799457
0.834837
0.829563
0.854399
0.790592
0.839817
0.80829
0.802817
0.812978
0.816537
0.846589
0.790666
0.801568
0.84127
0.82045
0.81378
0.872421
0.827833
0.863669
0.854037
0.832919
0.810378
0.836721
0.816088
0.822794
0.840548
0.848263
0.829016
0.855072
0.818419
0.822709
0.822505
0.792204
0.855842
0.832295
0.812049
0.849466
0.851362
0.826139
0.799929
0.782331
0.809079
0.782549
0.821273
0.830141
0.783754
0.802843
0.846337
0.822874
0.835421
0.850991
0.83811
0.814791
0.808025
0.809573
0.797281
0.824628
0.835782
0.816058
0.805774
0.781537
0.826
0.826562
0.824469
0.875937
0.849053
0.809228
0.826645
0.824898
0.80952
0.81411
0.834705
0.820972
0.78817
0.845186
0.833627
0.823221
0.834207
0.843329
0.793347
0.840738
0.835127
0.788622
0.798811
0.799093
0.828527
0.799307
0.79922
0.83642
0.807486
0.811931
0.855659
0.858657
0.808269
0.824506
0.861733
0.827737
0.813741
0.825568
0.826198
0.800334
0.801608
0.843683
0.777971
0.800579
0.802325
0.847093
0.822603
0.831882
0.82238
0.783686
0.853945
0.80782
0.822838
0.807104
0.850121
0.808864
0.843159
0.807556
0.824333
0.873249
0.810035
0.799378
0.821772
0.839052
0.832204
0.804029
0.828233
0.838867
0.840207
0.803462
0.843526
0.799801
0.8499
0.866395
0.831444
0.81832
0.80578
0.827858
0.805501
0.829693
0.85098
0.821943
0.806365
0.802122
0.812028
0.831334
0.84594
0.813473
0.825165
0.838573
0.838178
0.852136
0.822819
0.841671
0.836728
0.797904
0.804505
0.811745
0.822661
0.84715
0.837866
0.809724
0.811699
0.818119
0.818434
0.828669
0.798249
0.817722
0.842814
0.821244
0.80295
0.822696
0.838106
0.835718
0.845704
0.843676
0.817897
0.802
0.778359
0.843614
0.806457
0.842522
0.8465
0.849751
0.811113
0.839735
0.836623
0.856509
0.816792
0.838987
0.828629
0.795906
0.836475
0.822479
0.835941
0.78071
0.853256
0.80932
0.849882
0.871272
0.861799
0.829606
0.790437
0.811791
0.841859
0.860527
0.837513
0.814378
0.807953
0.828446
0.82237
0.817135
0.816993
0.791456
0.829668
0.842664
0.816276
0.821428
0.824634
0.843525
0.840648
0.877535
0.78184
0.80432
0.811725
0.867843
0.813192
0.806608
0.816106
0.781324
0.828582
0.811249
0.8069
0.79083
0.788459
0.818889
0.845278
0.823304
0.859375
0.845971
0.780096
0.820387
0.841812
0.806937
0.82267
0.83286
0.821815
0.827022
0.843598
0.836519
0.808305
0.797243
0.809957
0.841825
0.842188
0.835097
0.772771
0.79241
0.814592
0.863505
0.827636
0.783832
0.810348
0.817073
0.863326
0.795102
0.865135
0.849112
0.834508
0.861947
0.816964
0.798434
0.829948
0.817517
0.852188
0.81784
0.845604
0.827355
0.806853
0.787721
0.859101
0.805118
0.788361
0.857503
0.790172
0.841418
0.787378
0.832
0.827436
0.825326
0.851023
0.824957
0.824964
0.833823
0.820151
0.824948
0.802065
0.808496
0.845044
0.826189
0.840565
0.793194
0.795893
0.815645
0.846274
0.829108
0.834592
0.843035
0.826789
0.804791
0.817698
0.839786
0.789168
0.855166
0.792211
0.803067
0.851356
0.82156
0.860557
0.844592
0.824212
0.829032
0.821544
0.885498
0.805099
0.836535
0.819562
0.820776
0.79802
0.825387
0.816167
0.824923
0.830085
0.83407
0.814833
0.816941
0.828868
0.792066
0.83935
0.821191
0.833803
0.807399
0.815134
0.817221
0.843488
0.808428
0.817025
0.791475
0.830289
0.815087
0.808985
0.826876
0.803482
0.835124
0.823703
0.816471
0.821742
0.810673
0.818975
0.818247
0.813249
0.824059
0.788304
0.831085
0.819993
0.813799
0.822115
0.827614
0.853838
0.862594
0.855249
0.826212
0.831951
0.799127
0.82917
0.818617
0.807846
0.80655
0.833286
0.823105
0.814268
0.821571
0.834835
0.837773
0.812428
0.81297
0.831071
0.842513
0.81664
0.794063
0.8263
0.788678
0.800383
0.837871
0.810787
0.849118
0.796689
0.856639
0.831198
0.829073
0.803478
0.839075
0.859229
0.813786
0.78836
0.81829
0.834045
0.823509
0.856157
0.810183
0.805149
0.817194
0.832803
0.808782
0.815193
0.812733
0.826412
0.78858
0.809111
0.840007
0.816589
0.795997
0.810127
0.834899
0.759438
0.811732
0.79995
0.832983
0.816653
0.816536
0.812632
0.857857
0.791875
0.849819
0.823801
0.789164
0.814046
0.83748
0.843087
0.815905
0.826502
0.840934
0.858071
0.803461
0.786152
0.840201
0.83904
0.836932
0.849371
0.801289
0.801747
0.827533
0.852
0.81828
0.831765
0.82473
0.845436
0.831802
0.808294
0.822733
0.821862
0.844117
0.845839
0.834166
0.853421
0.795314
0.819825
0.830028
0.832964
0.82135
0.823893
0.817607
0.833435
0.861685
0.796434
0.804403
0.821664
0.824851
0.793667
0.857371
0.818491
0.831222
0.812809
0.791738
0.792044
0.841625
0.816343
0.791058
0.839156
0.802736
0.818405
0.846611
0.818104
0.856016
0.822115
0.794107
0.85918
0.843994
0.825937
0.816838
0.816737
0.813547
0.837283
0.807404
0.813805
0.826989
0.815264
0.811449
0.83541
0.840176
0.807745
0.862486
0.81418
0.832465
0.793177
0.814341
0.787921
0.826424
0.824818
0.829737
0.835794
0.792017
0.84493
0.846985
0.812485
0.814508
0.800134
0.80783
0.823245
0.83447
0.838773
0.835743
0.841173
0.803952
0.802838
0.84252
0.801216
0.793113
0.817115
0.810387
0.822838
0.848634
0.839139
0.785592
0.869609
0.808726
0.850102
0.83601
0.825801
0.821531
0.819924
0.831303
0.818572
0.841402
0.843752
0.805519
0.874871
0.829971
0.876771
0.810386
0.866172
0.784977
0.797237
0.815066
0.793335
0.808336
0.819586
0.846444
0.851911
0.830435
0.815586
0.836248
0.827522
0.829911
0.823132
0.86875
0.787838
0.837185
0.808384
0.819073
0.831341
0.82229
0.822243
0.780475
0.823995
0.815512
0.789169
0.840485
0.815598
0.815987
0.812212
0.852321
0.854209
0.815072
0.845066
0.787479
0.839638
0.824865
0.834406
0.808253
0.793208
0.873612
0.807764
0.846136
0.790996
0.79113
0.813849
0.789556
0.806881
0.807902
0.796755
0.841498
0.827644
0.807261
0.840185
0.870028
0.823872
0.856036
0.836355
0.797871
0.835448
0.818599
0.837632
0.802156
0.867044
0.830263
0.806678
0.821221
0.815746
0.807435
0.83354
0.803785
0.842742
0.835299
0.827245
0.790924
0.824371
0.840211
0.818525
0.823783
0.79138
0.829897
0.833908
0.871748
0.825532
0.816984
0.814846
0.796435
0.832921
0.812687
0.856232
0.840001
0.79875
0.774311
0.795939
0.851492
0.798942
0.793036
0.851307
0.817659
0.835484
0.808033
0.830799
0.8383
0.80236
0.774631
0.789041
0.856724
0.806253
0.828766
0.818376
0.829198
0.827365
0.781861
0.803293
0.876755
0.804567
0.806093
0.81496
0.811996
0.827126
0.820395
0.808
0.828801
0.838405
0.820482
0.816355
0.819783
0.799328
0.821708
0.810143
0.837195
0.851316
0.811752
0.815701
0.818044
0.815515
0.768017
0.821122
0.768579
0.794412
0.819861
0.813273
0.811318
0.804286
0.805024
0.759307
0.832403
0.830902
0.829247
0.830412
0.811597
0.79808
0.827413
0.830389
0.822728
0.830041
0.845379
0.820733
0.788804
0.812683
0.798096
0.819491
0.826229
0.822209
0.849094
0.82696
0.825058
0.809588
0.82039
0.838795
0.803351
0.846739
0.811611
0.840007
0.82863
0.843372
0.785941
0.819923
0.780028
0.822044
0.81706
0.796808
0.793511
0.841049
0.791301
0.814209
0.79961
0.832746
0.807298
0.810617
0.806314
0.792418
0.844659
0.822247
0.856553
0.834989
0.800562
0.840145
0.840375
0.827252
0.844644
0.783478
0.811431
0.833068
0.836419
0.822125
0.817745
0.847144
0.820663
0.805616
0.819697
0.829741
0.79503
0.865606
0.810916
0.81253
0.813773
0.84618
0.826925
0.816029
0.789777
0.844703
0.822239
0.83432
0.832709
0.805212
0.832042
0.806046
0.86878
0.837786
0.802244
0.807814
0.78494
0.853886
0.840071
0.825447
0.807028
0.836331
0.833302
0.839167
0.793983
0.81938
0.820526
0.820808
0.80378
0.834819
0.822007
0.776174
0.827326
0.838181
0.805091
0.847716
0.825762
0.837426
0.828712
0.822248
0.784875
0.8352
0.78894
0.818144
0.849023
0.819319
0.854191
0.805882
0.84602
0.802651
0.815274
0.845034
0.809445
0.81169
0.829516
0.8114
0.820321
0.808642
0.820123
0.826631
0.790475
0.7863
0.82107
0.829521
0.799775
0.842324
0.797103
0.838529
0.837768
0.835532
0.827721
0.845897
0.850328
0.841982
0.825657
0.796601
0.83012
0.797703
0.847733
0.846733
0.799858
0.777909
0.832267
0.816132
0.80417
0.83339
0.821615
0.80415
0.812331
0.78778
0.829732
0.824203
0.825833
0.837002
0.794903
0.794319
0.809692
0.809061
0.845296
0.825735
0.797244
0.835073
0.855532
0.77524
0.810025
0.824496
0.847077
0.829185
0.869142
0.829559
0.812974
0.856107
0.827827
0.791072
0.836139
0.787148
0.785738
0.851797
0.860765
0.800725
0.799837
0.858215
0.863255
0.835995
0.830677
0.810546
0.807832
0.86074
0.812633
0.837046
0.864009
0.824816
0.847607
0.820717
0.892988
0.855633
0.86075
0.820966
0.830198
0.803861
0.833251
0.839178
0.803731
0.862198
0.852587
0.824641
0.809494
0.806533
0.820882
0.803545
0.823959
0.812753
0.819517
0.831075
0.826481
0.804385
0.824916
0.833132
0.850765
0.858939
0.796897
0.848966
0.804709
0.836718
0.79025
0.810498
0.810057
0.831884
0.842014
0.803739
0.815881
0.805486
0.82245
0.818964
0.844029
0.807308
0.818026
0.791247
0.842558
0.83375
0.816819
0.849164
0.802466
0.821987
0.810281
0.803677
0.843249
0.849688
0.837534
0.785014
0.837861
0.806386
0.813842
0.870688
0.823784
0.794974
0.841566
0.855917
0.838023
0.821482
0.833118
0.794603
0.836875
0.795243
0.847007
0.801885
0.824188
0.811377
0.80333
0.785666
0.880121
0.812587
0.790738
0.854852
0.830405
0.870794
0.815569
0.858032
0.803635
0.811105
0.820262
0.810709
0.807668
0.836798
0.823079
0.818578
0.792284
0.836563
0.831357
0.804826
0.81768
0.851664
0.828163
0.834452
0.812516
0.847342
0.820302
0.819453
0.783886
0.846655
0.833695
0.79529
0.858308
0.841313
0.790506
0.854698
0.84868
0.811416
0.836994
0.819221
0.812444
0.812132
0.83082
0.824146
0.795812
0.8323
0.813344
0.81566
0.821438
0.80828
0.836975
0.828017
0.828336
0.780341
0.793022
0.822233
0.849534
0.82588
0.828406
0.786961
0.812593
0.79889
0.823968
0.839533
0.810836
0.812863
0.82707
0.857307
0.833007
0.799311
0.79401
0.853386
0.844884
0.807119
0.813283
0.822233
0.827072
0.811583
0.799403
0.788005
0.796853
0.765996
0.846745
0.818679
0.827426
0.801215
0.859595
0.845241
0.828235
0.847847
0.866229
0.854452
0.816202
0.804874
0.809697
0.830727
0.879689
0.84736
0.821144
0.809997
0.793246
0.829149
0.847208
0.812265
0.83564
0.832951
0.874971
0.819665
0.86723
0.830171
0.79641
0.864727
0.79272
0.828753
0.840678
0.853011
0.783868
0.810105
0.822762
0.829271
0.819976
0.814643
0.836831
0.809152
0.850924
0.839199
0.836788
0.844504
0.830965
0.813014
0.854819
0.831723
0.796412
0.802359
0.781121
0.840538
0.832368
0.807425
0.811874
0.798106
0.880726
0.830852
0.833992
0.856563
0.82954
0.806177
0.800761
0.830798
0.807214
0.827745
0.821343
0.843243
0.823182
0.85365
0.789862
0.807056
0.788246
0.832594
0.875134
0.823344
0.78092
0.783898
0.812968
0.810206
0.841511
0.7948
0.816502
0.822589
0.795595
0.815622
0.817747
0.835733
0.788447
0.832221
0.818897
0.82999
0.813657
0.804116
0.815452
0.816985
0.799696
0.839121
0.82597
0.837623
0.786042
0.823705
0.815217
0.820987
0.818491
0.807713
0.803636
0.822153
0.804445
0.785332
0.833514
0.814418
0.802778
0.85727
0.795118
0.800482
0.784037
0.814546
0.801657
0.828507
0.817693
0.819757
0.819047
0.800974
0.795139
0.818495
0.821107
0.833759
0.808412
0.834071
0.822972
0.811011
0.800088
0.828859
0.791965
0.826204
0.794531
0.822224
0.799862
0.798812
0.839167
0.793101
0.80086
0.808399
0.829193
0.815854
0.841302
0.858935
0.817593
0.831499
0.846426
0.831903
0.832257
0.836779
0.831646
0.81296
0.81485
0.789952
0.877275
0.816035
0.847434
0.8097
0.806967
0.826763
0.836142
0.85764
0.813603
0.840932
0.817306
0.797115
0.821809
0.803414
0.813055
0.833823
0.842195
0.784824
0.808048
0.785976
0.799101
0.821127
0.822651
0.808087
0.828059
0.824714
0.800173
0.827301
0.797953
0.837451
0.865492
0.803653
0.789957
0.790974
0.863405
0.798831
0.786504
0.823963
0.822069
0.846805
0.823751
0.851323
0.808329
0.817531
0.830587
0.816847
0.801713
0.841335
0.790611
0.862925
0.814895
0.822892
0.796019
0.837515
0.818041
0.794605
0.866104
0.836792
0.802117
0.798719
0.844199
0.803661
0.805316
0.850107
0.818039
0.789418
0.832771
0.798768
0.781224
0.841257
0.855923
0.786658
0.831841
0.789687
0.823669
0.846716
0.790834
0.807982
0.819151
0.836151
0.80057
0.818678
0.809422
0.846506
0.817644
0.843388
0.841198
0.806486
0.801798
0.805711
0.809595
0.839141
0.841224
0.826564
0.821579
0.859338
0.80791
0.866855
0.831727
0.840146
0.814662
0.828071
0.824142
0.851864
0.837415
0.817995
0.802803
0.822074
0.841672
0.82911
0.783793
0.801121
0.815537
0.803536
0.805981
0.824016
0.795455
0.854244
0.819956
0.826605
0.834433
0.809611
0.795162
0.813592
0.814478
0.82799
0.850917
0.852611
0.788664
0.821612
0.82341
0.816112
0.818727
0.859172
0.849112
0.826707
0.805624
0.800514
0.814694
0.797128
0.826804
0.818943
0.801018
0.812837
0.84809
0.836248
0.816429
0.824519
0.835223
0.796802
0.82524
0.822688
0.808398
0.795019
0.806181
0.809393
0.830831
0.829597
0.816079
0.841976
0.788006
0.827576
0.821333
0.810813
0.792254
0.840695
0.836705
0.840026
0.802636
0.828395
0.811048
0.830165
0.783707
0.814771
0.820171
0.83355
0.808907
0.83023
0.81461
0.77812
0.837943
0.844323
0.817909
0.856801
0.838996
0.840981
0.804445
0.832924
0.822793
0.839816
0.810639
0.797376
0.844598
0.862757
0.807757
0.825683
0.825659
0.835845
0.797351
0.807829
0.827014
0.830331
0.828194
0.804488
0.798495
0.826553
0.848775
0.798026
0.844876
0.828724
0.850689
0.820544
0.800097
0.815416
0.846079
0.769479
0.850006
0.799592
0.816639
0.809539
0.834829
0.832742
0.84069
0.822389
0.823395
0.846182
0.811621
0.842972
0.806704
0.80644
0.815689
0.869108
0.791803
0.81112
0.84192
0.833641
0.838058
0.802612
0.820436
0.828781
0.863114
0.793335
0.857129
0.810963
0.863973
0.863661
0.829223
0.838027
0.856877
0.800422
0.836179
0.79923
0.866133
0.865025
0.804088
0.805783
0.811759
0.816935
0.857539
0.808577
0.842102
0.845464
0.829548
0.793894
0.784894
0.831759
0.787442
0.799085
0.847176
0.787489
0.81912
0.854193
0.850068
0.836346
0.813442
0.81103
0.811516
0.822182
0.811257
0.789399
0.822425
0.834399
0.793542
0.803591
0.83023
0.815663
0.801657
0.815579
0.782645
0.792107
0.818032
0.815244
0.843732
0.851793
0.837963
0.816486
0.826149
0.811571
0.802254
0.823268
0.852987
0.862276
0.81476
0.841196
0.821598
0.778287
0.809417
0.838669
0.83445
0.812921
0.794864
0.793706
0.836816
0.853629
0.807413
0.792098
0.830622
0.829056
0.815766
0.813253
0.852147
0.796108
0.785065
0.796228
0.840959
0.839379
0.801024
0.845891
0.835675
0.815498
0.84447
0.809993
0.799473
0.816721
0.843735
0.841785
0.826442
0.815012
0.829879
0.840272
0.803977
0.831922
0.815772
0.834457
0.839829
0.847171
0.830308
0.822929
0.797029
0.802787
0.835643
0.766182
0.825839
0.808105
0.835888
0.804711
0.857492
0.808416
0.860347
0.847585
0.826342
0.839008
0.843024
0.813903
0.825124
0.85459
0.813131
0.828878
0.833735
0.801363
0.822574
0.816857
0.826848
0.859507
0.84168
0.799274
0.80579
0.812372
0.851339
0.822055
0.814103
0.823752
0.808729
0.830566
0.804652
0.811123
0.823403
0.83669
0.828636
0.83249
0.859609
0.820639
0.807251
0.802703
0.806357
0.832766
0.816707
0.842806
0.822726
0.803466
0.823244
0.799293
0.822916
0.801639
0.820638
0.804655
0.806875
0.809377
0.853108
0.791192
0.837947
0.782219
0.790597
0.841072
0.823287
0.857036
0.803884
0.844896
0.805394
0.833865
0.823608
0.820776
0.833181
0.841778
0.801621
0.827931
0.835904
0.845815
0.779688
0.823042
0.843822
0.828321
0.820384
0.81228
0.7995
0.824811
0.823975
0.81618
0.797062
0.85245
0.827472
0.8426
0.817589
0.815503
0.812393
0.860724
0.83013
0.809709
0.799332
0.834325
0.865088
0.808029
0.828748
0.835069
0.841676
0.800107
0.821918
0.832619
0.825565
0.816034
0.847495
0.786863
0.799211
0.778869
0.846117
0.809637
0.829438
0.817747
0.834067
0.832622
0.828941
0.842518
0.824292
0.841557
0.83745
0.799653
0.827554
0.785614
0.84433
0.789372
0.782295
0.804635
0.849075
0.801491
0.832458
0.816233
0.803853
0.790396
0.812871
0.846029
0.823142
0.815538
0.834454
0.828455
0.82469
0.838437
0.837719
0.799002
0.793491
0.828069
0.789648
0.823806
0.826453
0.831176
0.837389
0.792247
0.834674
0.855995
0.862406
0.837395
0.798395
0.805495
0.816328
0.810924
0.849095
0.84124
0.857783
0.780856
0.791942
0.830885
0.845018
0.827651
0.828738
0.797592
0.828913
0.810582
0.813206
0.822067
0.835766
0.842253
0.829605
0.858325
0.808463
0.850912
0.851966
0.825295
0.78255
0.827808
0.81039
0.805945
0.831976
0.831895
0.798621
0.823719
0.828771
0.85188
0.822467
0.818176
0.811871
0.771328
0.8266
0.793741
0.842866
0.828255
0.851081
0.822708
0.833464
0.831684
0.830928
0.824504
0.83136
0.816192
0.860067
0.81927
0.810007
0.835155
0.817879
0.820757
0.813848
0.80748
0.837831
0.872586
0.846431
0.79743
0.80694
0.805752
0.816745
0.840685
0.82672
0.803642
0.844124
0.845542
0.847301
0.809981
0.810391
0.827515
0.815369
0.795816
0.807687
0.822064
0.796417
0.799138
0.817547
0.839081
0.825918
0.826903
0.828992
0.831704
0.823986
0.806177
0.824439
0.820746
0.820214
0.862836
0.864297
0.867956
0.818444
0.778055
0.866674
0.812677
0.815797
0.862021
0.812226
0.824239
0.836295
0.870507
0.801777
0.78794
0.814085
0.794117
0.828037
0.849919
0.810607
0.856503
0.804127
0.847041
0.808849
0.829213
0.858792
0.822789
0.838417
0.828301
0.837176
0.802476
0.843166
0.825143
0.811396
0.842579
0.840406
0.808674
0.80594
0.848658
0.782284
0.803622
0.810486
0.828189
0.797689
0.843479
0.830521
0.825694
0.859653
0.792641
0.796471
0.825489
0.833909
0.866926
0.808074
0.799043
0.826243
0.807341
0.836871
0.792102
0.856496
0.826678
0.837663
0.824403
0.829047
0.794769
0.800375
0.826376
0.829018
0.797223
0.826667
0.866436
0.845281
0.821723
0.820674
0.854394
0.861504
0.792988
0.875561
0.815841
0.809635
0.828466
0.856101
0.829077
0.842324
0.812601
0.81915
0.868214
0.842181
0.830802
0.838538
0.821355
0.85128
0.807167
0.825592
0.77057
0.795037
0.811409
0.838851
0.832283
0.875344
0.821814
0.797383
0.855085
0.81735
0.813505
0.823462
0.84931
0.801367
0.790503
0.83435
0.805768
0.830922
0.833384
0.817771
0.881578
0.834375
0.810033
0.823338
0.796538
0.835211
0.871862
0.836141
0.824422
0.800057
0.852258
0.842986
0.834483
0.835353
0.801591
0.824977
0.806248
0.844741
0.798759
0.8123
0.788959
0.809445
0.838683
0.822722
0.837864
0.800855
0.815674
0.802229
0.844932
0.83253
0.834651
0.815041
0.80879
0.814783
0.817258
0.808924
0.82674
0.803588
0.823296
0.798176
0.816451
0.825723
0.808384
0.831403
0.815371
0.823425
0.824274
0.800586
0.835053
0.821192
0.846669
0.813173
0.833575
0.823442
0.828961
0.817792
0.825149
0.804071
0.810902
0.838608
0.823848
0.842131
0.817138
0.782907
0.844169
0.812744
0.807841
0.797005
0.806823
0.828984
0.819428
0.799536
0.832787
0.83004
0.883355
0.838215
0.842608
0.843799
0.817721
0.804471
0.813849
0.824186
0.831287
0.820909
0.824507
0.871559
0.805892
0.835372
0.8264
0.799049
0.810118
0.813381
0.85436
0.780896
0.816932
0.845966
0.852299
0.793319
0.835016
0.81079
0.830716
0.806402
0.81423
0.814122
0.850314
0.829364
0.843075
0.831841
0.825575
0.824303
0.835673
0.811049
0.840712
0.839166
0.809531
0.821963
0.836495
0.810281
0.817421
0.800019
0.887084
0.828275
0.834437
0.827831
0.786463
0.806894
0.824042
0.815469
0.811287
0.818793
0.857135
0.848976
0.859204
0.844954
0.832369
0.783644
0.82606
0.797374
0.852535
0.800565
0.821181
0.796866
0.835048
0.7923
0.835925
0.841102
0.830116
0.84115
0.818718
0.820849
0.845793
0.827373
0.838502
0.83384
0.815062
0.832669
0.837625
0.783961
0.840683
0.828374
0.80894
0.834914
0.801678
0.797515
0.814813
0.806757
0.826553
0.803771
0.798581
0.832538
0.835189
0.809652
0.822111
0.825308
0.820649
0.80467
0.791131
0.81626
0.810247
0.807555
0.850643
0.805621
0.810694
0.826091
0.813343
0.793181
0.799577
0.838172
0.836399
0.832108
0.80709
0.814866
0.819336
0.824328
0.824626
0.827006
0.790573
0.819124
0.833399
0.838185
0.810402
0.818084
0.809607
0.8208
0.820322
0.820925
0.80869
0.84057
0.817421
0.831688
0.789369
0.816775
0.841526
0.818535
0.80243
0.831921
0.82039
0.800763
0.843785
0.813009
0.815013
0.856437
0.832823
0.821336
0.830347
0.805651
0.79548
0.816096
0.830789
0.797906
0.823446
0.771264
0.856384
0.801683
0.833996
0.827239
0.880444
0.789655
0.820675
0.837816
0.829015
0.833282
0.843733
0.814379
0.825679
0.819547
0.828287
0.86287
0.803197
0.851387
0.841941
0.812659
0.834907
0.807588
0.80252
0.787064
0.79658
0.819948
0.825445
0.849517
0.828717
0.818094
0.870954
0.807341
0.828721
0.870094
0.803053
0.83691
0.845312
0.85376
0.838712
0.796383
0.849238
0.797806
0.83965
0.826361
0.816915
0.837742
0.848664
0.809043
0.825718
0.795573
0.822652
0.831365
0.805275
0.824831
0.863993
0.844872
0.845634
0.843555
0.82516
0.835162
0.809636
0.802405
0.821407
0.848908
0.83211
0.815231
0.842731
0.797291
0.829525
0.778517
0.822238
0.815415
0.836926
0.78269
0.777842
0.853463
0.843005
0.835303
0.837766
0.830372
0.802695
0.798585
0.792343
0.818161
0.805478
0.837614
0.845413
0.856449
0.818521
0.837788
0.828752
0.833331
0.789805
0.802486
0.838179
0.815063
0.812239
0.847733
0.814032
0.778499
0.8326
0.810107
0.803045
0.828243
0.827315
0.841638
0.836823
0.805339
0.813355
0.823829
0.829772
0.814472
0.858779
0.815544
0.826355
0.828892
0.806017
0.818933
0.799014
0.789165
0.849508
0.830017
0.817964
0.815992
0.801617
0.825003
0.794069
0.841052
0.850696
0.839887
0.830467
0.847306
0.804096
0.858267
0.792649
0.80672
0.779975
0.817496
0.811473
0.842972
0.835958
0.831627
0.820673
0.836271
0.797164
0.782946
0.846316
0.807567
0.800955
0.828309
0.801444
0.824199
0.836669
0.808561
0.866061
0.793645
0.815006
0.821111
0.807343
0.821582
0.794358
0.851373
0.805408
0.809012
0.834959
0.804356
0.802072
0.825129
0.831388
0.81144
0.793198
0.838817
0.826912
0.798962
0.852813
0.755143
0.843858
0.810529
0.833679
0.826876
0.809761
0.782626
0.833052
0.84406
0.808547
0.818995
0.826015
0.833715
0.816968
0.815643
0.812823
0.864702
0.813527
0.811112
0.825577
0.83385
0.806003
0.836383
0.835249
0.86453
0.836423
0.904441
0.829632
0.824198
0.813901
0.83325
0.802646
0.836202
0.81217
0.838783
0.816698
0.80089
0.855023
0.858638
0.844556
0.822612
0.823504
0.822462
0.804753
0.807174
0.851253
0.844744
0.772696
0.887416
0.81899
0.85246
0.831366
0.850421
0.797169
0.799645
0.796102
0.842548
0.804606
0.837516
0.826085
0.876813
0.830255
0.807072
0.818981
0.825865
0.813367
0.841057
0.816479
0.821759
0.793445
0.820646
0.861262
0.807691
0.815389
0.844254
0.849845
0.831542
0.833815
0.862073
0.809267
0.797348
0.855754
0.841334
0.831451
0.831767
0.807035
0.803931
0.82123
0.785423
0.820409
0.864619
0.805985
0.819449
0.820752
0.803254
0.807819
0.809898
0.830254
0.799497
0.784272
0.820624
0.825179
0.806839
0.820946
0.798088
0.807802
0.809477
0.843494
0.829347
0.816112
0.851066
0.835973
0.789021
0.807763
0.818893
0.876712
0.816406
0.795177
0.836383
0.838582
0.829613
0.828484
0.797953
0.837457
0.821383
0.825413
0.833765
0.822543
0.816642
0.832684
0.820317
0.830546
0.826065
0.801707
0.809148
0.785072
0.809414
0.809105
0.843855
0.76946
0.806285
0.869081
0.794618
0.809712
0.815602
0.846621
0.823057
0.858646
0.826083
0.781346
0.825764
0.835613
0.809615
0.851606
0.875907
0.839398
0.81712
0.838869
0.865863
0.832154
0.824969
0.844523
0.853057
0.831622
0.836611
0.831286
0.796146
0.822247
0.852805
0.822341
0.817073
0.841151
0.827102
0.807071
0.840504
0.806117
0.797326
0.822961
0.852315
0.814831
0.822423
0.801084
0.830699
0.802132
0.809595
0.826739
0.830732
0.818335
0.80216
0.810156
0.810142
0.82916
0.842489
0.813602
0.803662
0.843142
0.853709
0.828369
0.791316
0.846393
0.841451
0.811149
0.8059
0.833024
0.818058
0.860979
0.79307
0.83475
0.835708
0.854002
0.874111
0.802785
0.825272
0.807754
0.829888
0.838189
0.822694
0.853898
0.837083
0.826877
0.81039
0.866265
0.83948
0.839176
0.824075
0.84837
0.81901
0.823061
0.807694
0.78015
0.807376
0.854746
0.81833
0.798548
0.852403
0.824128
0.857301
0.848941
0.822874
0.807745
0.826621
0.793062
0.814243
0.813239
0.862771
0.819479
0.790892
0.829631
0.804359
0.853159
0.829838
0.827141
0.826103
0.796075
0.823492
0.798759
0.833449
0.796333
0.83275
0.839521
0.86349
0.820735
0.82976
0.807564
0.83508
0.814113
0.824136
0.801158
0.81579
0.83735
0.830588
0.845884
0.8528
0.807391
0.81958
0.810647
0.822916
0.808315
0.837667
0.837822
0.858653
0.773359
0.821973
0.850781
0.804621
0.819141
0.824545
0.795443
0.818939
0.808658
0.818351
0.796965
0.835199
0.829103
0.826159
0.822562
0.820131
0.809413
0.829625
0.863129
0.82837
0.838937
0.848864
0.82553
0.811381
0.801333
0.814828
0.828168
0.84614
0.817961
0.821399
0.800922
0.807442
0.852729
0.779653
0.875917
0.838202
0.850765
0.812971
0.814349
0.812641
0.829237
0.840604
0.805271
0.804393
0.833599
0.787849
0.775855
0.823984
0.833616
0.824588
0.809643
0.8315
0.780097
0.797066
0.803076
0.832131
0.826646
0.836357
0.809275
0.822039
0.84513
0.863047
0.797623
0.817817
0.816772
0.834929
0.851566
0.84035
0.816011
0.856808
0.837048
0.815918
0.831289
0.843263
0.805999
0.832899
0.828397
0.812134
0.806802
0.782856
0.825845
0.825965
0.815526
0.816178
0.847492
0.876795
0.788973
0.832663
0.827832
0.812722
0.837351
0.819816
0.820501
0.865394
0.815104
0.836772
0.82208
0.806596
0.855092
0.812648
0.771854
0.819458
0.821756
0.786954
0.797083
0.844372
0.838551
0.80682
0.80326
0.855193
0.812564
0.780507
0.834854
0.83981
0.851333
0.844451
0.818889
0.812684
0.833605
0.815165
0.839864
0.811664
0.821494
0.830714
0.812072
0.819039
0.834185
0.851783
0.86194
0.815055
0.855406
0.848288
0.83103
0.818286
0.829845
0.828884
0.85544
0.828399
0.81761
0.827807
0.80342
0.845234
0.83151
0.779975
0.84728
0.80648
0.823214
0.820518
0.83526
0.862982
0.784994
0.844499
0.847117
0.828719
0.858444
0.802202
0.801108
0.840066
0.797159
0.828525
0.817944
0.784647
0.807937
0.800404
0.819104
0.771506
0.81311
0.847935
0.806653
0.750137
0.834732
0.85478
0.814594
0.811907
0.826038
0.818752
0.854895
0.907246
0.818663
0.821749
0.785573
0.800322
0.824667
0.809224
0.806663
0.785805
0.802662
0.789471
0.806462
0.800852
0.806233
0.797293
0.839178
0.831716
0.820215
0.822386
0.842455
0.791885
0.803735
0.790971
0.827751
0.8087
0.812725
0.866181
0.869124
0.828
0.833381
0.854458
0.841765
0.798074
0.846096
0.868359
0.808948
0.837911
0.829566
0.806927
0.802387
0.801086
0.825803
0.812262
0.850126
0.84485
0.840948
0.836348
0.820787
0.845815
0.796823
0.8327
0.809319
0.818802
0.795041
0.829068
0.824026
0.840861
0.823155
0.816606
0.864493
0.81849
0.843682
0.80163
0.840274
0.783029
0.81584
0.825951
0.811081
0.859748
0.89242
0.802017
0.891589
0.841481
0.814413
0.807569
0.806014
0.842069
0.784387
0.827275
0.826983
0.809273
0.834426
0.841779
0.835721
0.807777
0.837922
0.812634
0.813776
0.822369
0.844783
0.805243
0.799239
0.851636
0.856865
0.837855
0.852121
0.802666
0.804452
0.801444
0.805612
0.822496
0.816645
0.830984
0.840599
0.82113
0.807384
0.789868
0.849765
0.836084
0.818108
0.822106
0.809687
0.829517
0.858606
0.840623
0.85136
0.810527
0.79092
0.848376
0.794492
0.830334
0.850905
0.822507
0.798914
0.827778
0.812366
0.821115
0.797262
0.817721
0.857634
0.836158
0.845544
0.859826
0.850534
0.807832
0.836115
0.811652
0.850983
0.837138
0.811299
0.788327
0.831034
0.844782
0.863484
0.888753
0.819689
0.830878
0.809358
0.806259
0.815082
0.879238
0.822739
0.81466
0.834078
0.825307
0.817833
0.806038
0.82649
0.820636
0.817048
0.790613
0.803678
0.865659
0.803268
0.807932
0.843313
0.799851
0.824832
0.812208
0.812855
0.831392
0.803062
0.814952
0.807264
0.803749
0.852043
0.859416
0.803416
0.830174
0.797636
0.803074
0.792034
0.824429
0.800406
0.793805
0.846833
0.862163
0.801717
0.849968
0.837698
0.850815
0.856744
0.827929
0.817033
0.814516
0.834155
0.818487
0.819844
0.813752
0.798233
0.807912
0.795946
0.805382
0.791529
0.839142
0.817561
0.813595
0.8116
0.8235
0.830351
0.838472
0.832524
0.837663
0.84072
0.827166
0.834945
0.839293
0.833653
0.806984
0.785721
0.849206
0.822575
0.836117
0.828661
0.815867
0.825143
0.761523
0.795791
0.831515
0.841851
0.814214
0.81133
0.845027
0.831037
0.856338
0.804655
0.780624
0.843788
0.831682
0.808162
0.817709
0.800156
0.833791
0.842399
0.826302
0.81585
0.826803
0.81535
0.801892
0.810535
0.789049
0.839673
0.813316
0.828611
0.829047
0.83228
0.838963
0.804962
0.804499
0.839293
0.819116
0.839228
0.814941
0.826831
0.841578
0.832946
0.794488
0.808093
0.780225
0.784771
0.810482
0.821113
0.833314
0.829114
0.812676
0.831205
0.864024
0.791395
0.795533
0.821454
0.827244
0.788258
0.773282
0.846213
0.797526
0.839927
0.82528
0.775649
0.855729
0.83325
0.815598
0.803618
0.869914
0.810203
0.859218
0.816267
0.848566
0.837237
0.824724
0.799715
0.806368
0.806012
0.852816
0.832673
0.819485
0.827042
0.826222
0.790491
0.801544
0.832475
0.850991
0.827465
0.826495
0.779541
0.805896
0.805966
0.847303
0.821209
0.829559
0.828351
0.81049
0.799136
0.804698
0.820337
0.809872
0.816693
0.830304
0.839194
0.829096
0.824642
0.815838
0.803993
0.811986
0.835734
0.788589
0.809491
0.815987
0.793411
0.806708
0.851312
0.877648
0.797513
0.860938
0.828771
0.819635
0.794837
0.837818
0.84346
0.820927
0.820423
0.826499
0.857566
0.77479
0.8264
0.834883
0.802669
0.839753
0.825377
0.836767
0.824071
0.833376
0.834996
0.831677
0.867624
0.83439
0.821444
0.828785
0.837452
0.85042
0.823762
0.845552
0.828474
0.787539
0.804392
0.827797
0.825426
0.795094
0.848814
0.823797
0.80075
0.848954
0.797294
0.773352
0.821175
0.79374
0.786789
0.818751
0.819843
0.797739
0.818
0.819537
0.824113
0.806429
0.788688
0.800721
0.826818
0.833045
0.832056
0.802622
0.824183
0.798656
0.829795
0.796864
0.792845
0.810118
0.820601
0.829196
0.800559
0.824001
0.814895
0.837084
0.82725
0.789685
0.81834
0.82837
0.836979
0.841637
0.805117
0.806871
0.813803
0.846058
0.847694
0.830053
0.817462
0.846347
0.836034
0.8118
0.882084
0.8314
0.834106
0.832214
0.805352
0.820078
0.813365
0.824989
0.81973
0.81094
0.80287
0.821884
0.814183
0.814677
0.833269
0.808678
0.833809
0.804023
0.832222
0.820164
0.807151
0.833226
0.813327
0.802002
0.821774
0.796891
0.805757
0.837161
0.842206
0.809435
0.825741
0.811961
0.826474
0.842468
0.832001
0.823625
0.842595
0.845058
0.835879
0.816451
0.832466
0.829206
0.823685
0.840764
0.815452
0.84185
0.829319
0.830621
0.833815
0.783721
0.844636
0.822492
0.828461
0.842149
0.817904
0.829388
0.826409
0.835158
0.837358
0.826584
0.790696
0.83043
0.842162
0.81637
0.827448
0.801904
0.826525
0.800092
0.777212
0.837872
0.854693
0.830817
0.804336
0.832897
0.792985
0.810475
0.842045
0.847169
0.83303
0.82008
0.780522
0.809848
0.842822
0.825164
0.794834
0.807788
0.876586
0.822882
0.779235
0.819896
0.830671
0.835806
0.840085
0.813665
0.799534
0.815745
0.825463
0.817655
0.868537
0.848086
0.790745
0.805813
0.836634
0.797839
0.805492
0.833094
0.830411
0.826222
0.825293
0.804996
0.807565
0.805479
0.802438
0.797684
0.811561
